<?xml version="1.0" encoding="UTF-8"?>
<!-- Generated by org.testng.reporters.JUnitReportReporter -->
<testsuite hostname="LAPTOP-JEI8AS0O" failures="0" tests="4" name="testcases.LoginTest" time="64.774" errors="0" timestamp="2022-11-20T16:30:45 GMT-05:00" skipped="0">
  <testcase classname="testcases.LoginTest" name="loginSuccess_001" time="8.132"/>
  <system-out>
    <![CDATA[<img src="data:image/png;base64,iVBORw0KGgoAAAANSUhEUgAABVAAAAJcCAYAAAAfG4+9AAAAAXNSR0IArs4c6QAAIABJREFUeJzs3X94nfV9H/z3kWTZYGPAkhyZnwkEgzEQfpQWQoCQJl5dkjaDrqTQkqWMbE2vjq4lXDwNy7W1PC0DuobtSXY1lKbJRta0xSNNmDOHBgwxoSMBAtgmciANGOxYlgnGYEuWznn+OJIsyzr6LR3p6PW6Ll/o3D8/PmDu+3778/3ehdKnji8FAAAAAGAO2vsHL+bNt/am47Xd6ezqTpLMb2xI09GLs/Dww1JX5foAAAAAAKpmz5t7s3X7zuzt7EqxVEyxVMzezq5s3b4ze97cK0AFAAAAAOaujp/uHnadABUAAAAAmLO69u8fdl3DNNYCMCqlkqmZAWC2KBQK1S4BAGBCisXKOUSxWBKgAtNLOAoAtWU013YhKwAwmwlQgSkjLAUAkqHvCYSqAMBsIUAFJo3AFAAYrcH3DQJVAGCmEqAC4yYwBQAmi0AVAJipBKjAmAlOAYCp1ne/IUgFAKpNgAqMSrVCU1EtAMw80xlpDrwHEaYCANUgQAWGNZXBqXAUAGan0VzDpyLq1JUKAFSDABUY0mQGp4JSAJh7Kl3/JyP6FKQCANNJgAocZDKCU4EpAFDJ4PuEiUSgglQAYDoIUIF+EwlPpys09f4qAJh+U5lPDry0j/c0pVJJiAoATBkBKlD14FQoCgAz21iu1RPJMftOM55D6EYFAKaKABXmuPGEpxXnNFvxgeSMDyZLl6ewcEly+JJk3oKJFQgA1J79e5M3d6X01q5kx5bk2a+n9Pw3+1dPpCtVNyoAMNkEqDCHjTU8HXLrw45M4dLfSeHnfj1pXDgpdQEANW7eYclRx6Zw1LHJMWcmZ1+Rwr43Unriyymt/6/J3tf7Nx1PV6oQFQCYTAJUmKPGEp4OuWX9vBQu/FgK7/23yWFHTlpdAMActeCIFC7+1yn8zEdSeuiulB7/q6Rnf//qsQapQlQAYLIIUGEOmnB4On9RCtf8RQonXzRpNQEAJCmPbvnFTyfvuCClv70h6dxz0OpShKgAwPSqq3YBwPQplUqjDk9LqRCeNp+cuk98XXgKAEypwopVqfutryUt7zxkXcX7lCGM5f4HAGAoAlTgEBUfMQ5fkrprv5A0nzyd5QAAc1XLO1P36/ckC5uGXC0WBQCmgwAV5oixdJ4Oqb4hhd/4y6TpHZNWEwDAiJpPSuGau5P6oWcfG0snKgDAeAhQYQ4YzQPDiEPhLvp4CiecN1klAQCMWuHE85OLPl5x/WiH9AtRAYDxEKBCjRtteDrs+sObUvfe35mcggAAxqHuvb+T0sLmYbcRogIAU0GACjVsouFpqVT+VfeBG5P5iyavMACAsZq/KHXv//3++5NKhKgAwGQToMIcNlJ4miRZcEQK5101HeUAAAyrcO6vJguOSDLxEBUAYLQEqFCjJtJZMXDXwknvTurnTUJFAAAT1NBYvjfpNZFGUl2oAMBoCVChBk1k6P7gXQvL3zvxggAAJsnge5NKtz2G8gMAk0WACnPQaMPTJMmylVNZCgDA2AxxbzKREBUAYCQCVKgxI3VSjCU8LSUpHNEy4ZoAACZL4YiWIe9nxhui6kIFAEYiQAUqhqdJkkUCVABgBum9NxlLiAoAMBECVKgh4+0+HXa7hvnjLQcAYPINuDcZ173NUOslrwDAMASoMEeMad5TAIBZynyoAMBkE6BCjRhP58SwQ/cBAGaByRrKrwsVAKhEgApzwHiHt3mOAABmosH3KJM1lB8AYCgCVJijRnrwEJ4CADOZexkAYLoIUKEGDDfkbDzD2jxwAACzwXjuaYbbxTB+AGAoAlTAcDYAoCa4pwEApoIAFWa5sXZKjGW4m4cQAGAmGniPMtlD+XWhAgCDCVChho319t/zAgAwG405JJ2aMgCAGiVAhTlkLG+s9WABAMxkY7mP8ZfEAMBECFChRk2k+9QzBgAwGww3lH8s+wIADEeACrOYOboAACafeywAYCABKswRww3fr9R96tkBAJiJRnPvYhg/ADBZBKgAAAAAABUIUKEGjdRgofsUAJjtxtOFesgxJrMgAKBmCVBhlhrL3FzCUACAsd0TmQcVAOgjQAUO4XkBAJgN3LMAANNBgAo1ZizPEWMZ4gYAMJONdyoi90AAwEgEqDDHjClgnbIqAADGz/0MADCdBKjAQQyFAwBmE/cuAMBUE6BCjfNQAQBwgHsjAGCsBKgwR400/6lnCwBgJhvp/kVQCgBMFgEqzEKlcT4ReI4AAOai8d4DjfeeCwCoLQJUqCETvcX3jAAAzEYTvYdxCwQADEeACgAAAABQgQAV5jgdFwBALXFvAwBMNgEqcAgPHgDAbOCeBQCYDgJUqGHmNAUAOJR7JABgLASoMAeN9qHBm2cBgJlotPcobmUAgMkgQAUAAAAAqECACgAAAABQgQAVSGKIGwAwu7mXAQCmigAVAAAAAKACASoAAAAAQAUCVGB43Z3VrgAA4AD3JgDANBOgAkmSQmHo5aU32qe3EACAYVS6N6l0LwMAMFECVGBYpTd2VLsEAIB+7k0AgOkmQAWGVXx1Y7VLAADo594EAJhuAlSYg0Y7xK1QKKTY9vDUFgMAMAY9G/9PCqO8mTGsHwCYDAJUqGGT8dBQfOGxpLtr4gcCAJionv0pvrBhwocRrAIAYyFABQ4x8JmitO+NdH/3K1WrBQCgT/cTf5307O//LAcFAKaDABXmuNE8eHQ/+J+T7s4prwUAoKLuznR/809H3EyoCgBMNgEqMKLSG+3pfvy/V7sMAGAO6/72X6S0Z2e1ywAA5iABKtSQiXZcDDUfWN9LGrq/+acpbts8wTMAAIxd8aUns//BP0uSIV8gNdE5TXWtAgDDEaDCLDTaN88est8Ezlna90Y6v3BtSq9vm8BRAADGptjxT+n8q3+Z7N837mOM9x5ovPdcAEBtEaDCHDXS88CQq1/fVg5R970xFSUBAByk9OaudN3z68mbuw5ZN1K0KfsEACaLABVq3GgeHkZ+ADmwRXHb5uz7T+9O8cffnVhhAADD6NnyaPbdeWmKHf/Uv2ykjtDRZKaCVQBgrASowEFG81BReuu17PtvV6Tr7z6Z0p72qS8KAJgzSnt2puu+m9J5zzUpvfXaiNsLRAGAqdZQ7QKA6VVIUprAtv3LSsV0P/E/0/39r6Xhff8289790RTmL5zESgGAuaS0743s/85/T/e3/kvStad/+VD56FgyU/kqADBRhdKnjh9tlgLMIKVS5T+6g9cM3rRUYV1pmGUDz1lp//rTP5D6sz6UuredksLCJeVf8w6rWCcAMEft35fSm7tSenNXen7Slp5nvp6eTev6Vw/sKi30LyscsmzgtkMtG7x88Lqh1h+8rfgVAOaCpz+yftj1OlCBQxQKB4LRYbtQB23bs+mb6d70zf7thsp4Rwp3K/E3PQBQfaONE0cTUlYKOYcLP4fbFgBgqghQYZYqFArDdqEevO3og8rRnrNSiFppef8xcnAYOvDBZ7gaR3o+ErACwMRNJI+sFGZORng6WZ2gYzmM7lMAoI8AFeagsYafBy8fObgdfJzk4HC073HkkM7WIbYdLY84AFAd4w1OK21z6D7DD90f7fIhjz2K8wMACFChBo3lRVGTdZ7B3aZDdZoO1Y2aVA5SB5qMDloAYGJG05RZaZORwtOxBJ8AANNJgApzxHAB50S6UMcaoiaVg9SkcvA70VF0AlgAmLo5Q4d/EdPI249m6P5Eu0+NyAcAxkuACrPYWOZBHf85Jh6iJqMLUgduP3ififLQBACTa8Th8aMITgdvN9bwdKqY/xQAGEiACjVqrMP4KwWlw+9TOURNhu9GrbTdQetHOL+mUgCYOuONEEc7J+pwQ/pHG2BOJFgVkQIAoyVAhTlkpCH2B22bkYfyl9cNHaJWOl+GOOfgB57RNtV68AGA6hspuBzry6QGh6fjeUGU4fsAwGQSoEINm0gX6nDrxhqiJkMHqalQn5dIAcDMNNogcrQvkhq87WjD0/HWNdRxAQBGIkCFWW6s86CO5kVPlYPS0YeoGWLfZHwvkBq4PwAwM038RVKjD09Hu67SuYdj/lMAYLC6ahcAVN94h8CN5cFn4P7DzY028BcAMHON5rpd6bo/WeHpSMcFAJgMOlChBgzXhVrp5U3DNa1OrEu1/OgyXDdq3zH6jPclUgMZ4Q8AEzcZAeSwQ+0P2fbQjSezu3Q04e1I9QAACFBhjhpLSDrS+qGH7B8c6g43VH+8L5E66Bhj3wUAmATjeYlUeb/hR66MNTz14igAYKoIUGEOGO3LpCYSog69/uBu1IHb9RntS6QG8kIpAJg+4wkix9rlOdnh6XjqAgCoRIAKNWKsL5Mq7zNyGDmeEDWHbHPgcWW4MHXwfsPVBADMHCNdmisNja80X/pw24wmPB1X6OsGAwCoQIAKc0SlLtSRAtLRHKvveWOkILW8beUwdeB+g2k6BYDqG0vEOFwgOdrQczyR5nAvqwQAGA8BKtSQkbpQJzKUPxk5aB2qo7VSkNpXb5+Rumc99ADAzDaaDs7K86GOvO1EAtbxdsgCACQCVCCVg8+RAtKhh+v3LqsQpA7e/sB+lR9cxjo1AQAwdcYaNg4/H+rotp/IdgAAEyVAhRoz3i7U8Yaow22XDD3H6ljnPdUVAgCzx2iu2mMZZj/R8FT3KQAwUQJUmIOmKkRNhW37VMp1h3ps0XMKADPf2OZEHftxpjo8BQAYDQEq1KCRulCTsYeoydiG6lc6dp+RRuVP1gOPIBYADjUdweJoGjsnGpwOd57RdcKKWAGAkQlQoUaNJkStvG/lofejHao/8pynhy6biqlOPRYBwPQYbRY51jlRh9tnIvmn8BQAGC0BKsxhlbpQk+FD1Ayx32jnPB0uIx3tc4x3SgHA9JmMnHHkeUjHvt94pgQAABgPASrUsIkM5S/vX/7naLtRR9qnb7+BxpOFahgBgJlttJfqyZoXdazn1n0KAIyFABVq3ERD1PIxxtaN2rdPn+FOP9zji0ZTAJi5xhtBTiQAFZ4CANUgQIU5YLQhajL+btQ+o5nvdLRD8D3eAMDsN5GXSY32GKPveHV3AQCMnQAV5ojRvlRqvN2oA/fPKI4xmHlNAWD2G2s+ObqO0Ykfo3wc4SkAMD4CVOAQowlRk9EPzR9NNjqaZxohKwBUz2Tlj5MxP+pYjwUAMBECVJhD+jovRtuJmoy+k3Ss85x6eRQA1L6xXrpHe60fy3F1ngIAEyVAhTlotMP5k5G7UQ8cs/zPic5vqskUAGafiUaUY8k4hacAwHQToMIcNdYQNRn7UPzxDLmfrMccQSwAjKya8eJUzJd68PGFpwDA5BCgwhw2lhA1GVuQWj7+wZ+ncw5Tj0wAMLOMN88cz27CUwBgMglQYY4ba4iajP0FUQfONfRyL4cCgNoxGdnlRA4hPAUAJpsAFRjTy6UO2bf3nxPJQMfynCNsBYDpN12ZpOAUAJiJBKhAv/F0o/bvO+Dnqcw4PRsBQG2ZjEu78BQAmEoCVOAgE+lG7T/GoM+aRgGAPpMZdQpOAYDpIEAFhjQZQWr/sSosF6wCQO2aymhTcAoATCcBKjCsyQxSDzn2KLYRssJkask3Oq/J/xruD1bhmfzH+d9K67TVVNlbPatz2/5T85PsziXz/jrX1L9V7ZKAXtWKLwWnAEA1CFCBURn4wDIVYWrF807bmWAuaM/q+Z/J6tJxWdP1K/nGwD/Khafyx43r0zxj/tAdnUe6T81PkiSL80j3+fmF+vVprnJVwPQTmgIA1VZX7QKA2adQKHiYgdmssDUX1u8+aFFr/aYZFJ4CuN8AAGYOASowbn0PNh5wgMn3Wi5t+EHvVAK78gvzHtd9CjXOfQUAMFMZwg9MmsEPO9M51B+oPYfXr80f1q+tdhnAFBGSAgCzhQAVmDJDPRgJVaGGlFryRPeqrOlpSUeSpDPH1T2Tq+ZtyKlD5SKl5Vm7/4J8o7gkeysds/BM/uP8Z/P04Jdd9b7callasnbIdd/N7u7Vubt7WXYnWVz3TD4x71s5ST4DM4KwFACYzQSowLQazQOUkBVmgdLp+VznqjydpLX+7/LZeVvzVs+v5NP7z8+fdp6af974l1k9YKKgt3o+lD/af3I5aC08k3/f+K20lt6XP+k6K1uTJFvzW/P/Luf0/i9i2fy/zOFdv5l7i4NP3J7Vh6ybn6e7rsn/Ks7v32p38azctv+1fLbxqcybki8A6CMcBQBqnQAVmHE8iMHUG+pP2ej/7B2eDV3l8DTZlffPeyWNhUIaGzbk0u6r8o3S4vyvrg/l5MO+nlOTJCflb/rC0yRnNzyUE+oKSR7K6rqzcncxSY7L33Qfl3MbX+nd6o0cOUR9haHWlU7NNwob8icLvpvd+/9V/qRnYXl5cXmeyNO5yP9SAACACfASKQBgbIoX5Wv93Z9vZXF/QLk9x/f/fHLWdjeWf+w5PU/17/xmWgfcfRxf92b/zx2lxeMsaFuuavxumgvJSfWvDVi+MLs1tAMAABMkQAUAxmRnz3H93aQp7ErrgHUDh8tv7Dl1iL17cvigz/0KPRmXQru5TgEAgCkjQAUAxuTl4ig7RUvN2ZYk9ZtyTv/CxXlxwLymB47VmXfXt01WiQAAAJNGgAoAjKz4gXxm/9Hj3PnFXNX4Qpp6Pz3dfVleKiX7i5flG71h6vEN9+dj9ZNRKAAAwOTyEikAYEQvdZ+YefXfTJK01r2ZFBeOvFNhZ5b1/nh4/ddz24IT82DX6nyleFb+aN9ZSbrTVPhB/mXjhlxU98aU1Q4AADARAlQAYATL8w89DWnqvWtYVv/jNHWfXp4HtdSQvf3bHXHQS5veUf9PBz6Ujs2DXavzWN39uXv+9mmpGgAAYDIYwg8ADOPwPNX5vjyWzhzZt6juu1nd/9Kmo7OtPzRdPODnf8ov1fd1lTbmqa4P5yvF+Tms8Oa0VA0AADBZdKACwFxTOjaP9Rz8Iqjtxbfn9ew8EJIm2V88Mev3r85XivOTtKe1/69dX8ul89fluX2r8nSW5R+6j83Pznslb3VfkMeSJLvz8/PX5oz+kPXkPFYs33K07f/NXL9/cEHdWVxoz/kN38xHGl7rXXZEdh9U8/zsLiXLCsOve700f8CKw/NyqT5Jz2i/GQAAgEMUSp86vjTyZgDA7NectfuuyZpxXflfyI2HfT2nDlxUOjEPdl2StcUlvYFmd1rr2nLVvG/mjIPGuByR9Z2/mf9RHPksK+fdnd9tOLxCnVvzicPWZ3uFdVc0LM6a7sWDV+Tsxrvy215QBQAAVPD0R9YPu16ACgBMvVJr1nd9OP+jOH/47QpP5M4Fjx3UCQsAADCVRgpQDeEHAKZYa9Z2XpU1pd35hfl/mSvrug5au7/UnBf3fyh39ixO0pBDRvgDAABUkZdIAQBTq+fnykPuC/+Udw8KT5NkXmFnTm3YmsVJmupeSPO0FwgAAFCZABUAmFp1m3N+kpTOyt1dK/JSacCEpKXDs7P4M/l81+l5q/BUbmh8pVpVAgAADMkcqADA1Cs156nui7K2Z1m2l+Znb/+KzrQWtuXd8zbk/fU7M6+KJQIAAHOTOVABgOor7Mw5876acySkAADALGMIPwAAAABABQJUAAAAAIAKBKgAAAAAABUIUAEAAAAAKhCgAgAAAABUIEAFAAAAAKhAgAoAAAAAUIEAFQAAAACgAgEqAAAAAEAFAlQAAAAAgAoEqAAAAAAAFQhQAQAAAAAqEKACAAAAAFQgQAUAAAAAqECACgAAAABQgQAVAAAAAKCChmoXADCTlA47OnuX/0I6T7o0xcObU5y/OKX5i1NqPLzapQEwxxW63kqhc3fq9u1O3d6dmf/i+hzW9o0U9r5W7dIAAGpaofSp40vVLgKgmkoLFqfzHe/N3lNXp+v4n0vq/N0SALNEsTuNLz+ew57/35n/4sMpdO2pdkUAALPO0x9ZP+x6KQEwp3Udd37euOST6W45rdqlAMDY1TWk68T3pOvE92Tetu9n0WP/JY1bn6h2VQAANUWACsxJ3S2n5Y1LPpmu486vdikAMCn2L3tXXrvynjRufSJHPHJHGtqfr3ZJAAA1wUukgDlnf+uZee2DnxGeAlCTuo47P6998DPZ33pmtUsBAKgJAlRgTnnr7Kuz61f+KsXFx1S7FACYMsXFx2TXVfdm34oPVrsUAIBZT4AKzBn7jzknb7znxqR+XrVLAYBp8frP/2H2H3NOtcsAAJjVBKjAnFA8Ylleu/zPknpTPwMwh9Q35LXL/yzFI5ZVuxIAgFlLgArMCa///KdTOnxJtcsAgGlXOnxJXv/5T1e7DACAWUuACtS8rhMvSteJF1W7DACoGtdCAIDxE6ACta2uPrsvvrHaVQBA1b3xnt9L6uqrXQYAwKwjQAVq2t6VV6an6eRqlwEAVdfdfEr2rryy2mUAAMw6AlSgpu1d8UvVLgEAZgzXRQCAsROgAjWruLAl+1vPrHYZADBj7G89M8VFS6tdBgDArCJABWpW50mXJYVCtcsAgJmjUEjn8RdWuwoAgFlFgArUrO6j317tEgBgxuluObXaJQAAzCoCVKBm9Sw+ttolAMCM4/oIADA2AlSgZvUceUy1SwCAGcf1EQBgbASoQM3qOWJZtUsAgBmneFhTtUsAAJhVBKhATSrNPyKl+YurXQYAzDjFw45K6hqqXQYAwKwhQAVqUqHzjWqXAAAzU11DUuyudhUAALOGABUAAAAAoAIBKgAAAABABQJUAAAAAIAKBKgAAAAAABUIUAEAAAAAKhCgAgAAAABUIEAFAAAAAKigodoFAMxm7d/5Su5av+fAgiWn5YaPX5SWJElb7r3t0WzuW3fKxbn1yuXTXuOM17Ehn7l7a869/qpc0jQF2w+l7YHcsia5+ubLc/o4DwEAAMDcIEAFmICWC6/Krcs35DN3P5+WK67LNQflo8tzzc3L0/6dr2Rd01WD1tFn08PPZ2eSdQ+35ZKRAuaO8ne9M4smdtLll+fWmyd2CAAAAOYGQ/gBJqqppbfjtJJFOX68nZI1ry1PbWnNilOSbNmSTSNt3nRRfvf609I8DZUBAABAIkAFoIrav/NU2i+9INec2Zpke55qq3ZFAAAAcDBD+AGm2ab77smXtyTNl344q159PLmybx7Ojjzy+fuzbld5u+ZLP5zfvbDculqea3VRVl26J+vW7ynPp3rmltyyZk9WXf/+5L7e/YabgzWtA+b8LK9rv/TDuSYP9s7juiirrr8ql3Q8kFvWbE+SrDhoWoLK9R2id6h9htsmHdn8bHLulU1J0wVZteT+rHu2LVl+6DD+A3PNLsqqK44bYt2iXH3zKXmq7/d7ysW59cqmA/Ue9L307vPscf3LKh/DvAsAAABzXf1/uOTI/1DtIgCmwpsX/NY0nakjz377pWTFuTlriKzwra1bsrNpeU48PEnbA7lrxzm59eMfyMlbv5a/eLIxZ75neVrSkUc+/2By5W/kY6vOzfvesygv3Lsuzy49N8va+sLDPXn97b+YP/i1i/K+hsd7Q86uvPDk1pz867+Rj523N89seD7bl5br2HTf/Xmo6eLc+vEP5H3vWZRt396UZ+tPzAXHb+0PVt/68fN54e2/mD/4tdPSsOmZrNvwVL7VXa7vzPot+fr/fT1nnndCFg5T31C/5xx+Qi54z7m54PjDK39tbQ/l7jdW5mPnNSU5PId3bck/Prk9DSvOKH9X/ds9kD/5RmOuvvmqXPWeZfnxw09n265k2Xln5PDvH/hunv12V1bdfFWuWrot39qwKd/6du/3smpRtn3zybzQW2t/GHtYcy4474S89Z1Kx3jp0FoAasSif/xv1S4BAGDG2H7Gx4ZdrwMVYLpteSqPdCzPJRdelVsv7F3W9njW7dqT3H1P1g3c9tm2XHPlVbkhvR2ofd2cyy/PrVc80NuB2vc2+pa05Pn+XU+/8rrcmgx48VJ65w5dnmtuTn8Hal+HaHNTkqZBXZe7fpr2JC3D1DdUx+hobHp2e1aceXn/55blx6V5/fN5sq0jl/R3rXbkkYe3Z8UV1/V2zjblkjMXZd2WPeV9Ljzw3fR31zYdlebsybn930tZe0dHkqYD+zybEY8BAAAAAlSA6bS8d6h6bxB50DD4QcPMJ653CP+S03LDzR/O5s/fnycncrjJrK9jQ9ZtSXZuuSe3DF737PNpv7D3PB3P58ldOficwk0AAACmkQAVYMKacvySVJi/szzPZ/OFB7a95OPX5ZL0zoW6/v58Jh/O7zblQLfnpNTUkUc+X+4wvfXCpnIdEz3kJNbX3rY16a9tgLYHcsuardnckbQ0JWkqd9X2dY8CAADAdKurdgEAs19TVpy5KNnyaO496C3y5ZcuPXnmBb3Dz5O0PZDPfKcjSXmI/dWn9C5ffkFWLdmeL39+Q9r792/LI73bjtfOV3v37+3kHLfJrK9jQ+4dOB3BIefZk3X39Z1nec45Jdm5/sE80nuqTQ8/n53Zk3V3f6V/2bj0BsIAAAAwnELpU8eXql0EwFT4yQ3PTO8J2w68vb7PIW+qb3sgn3l4T3bu6h2CftCw+Lb+lzuVtebqmy9PS/9Ljg4sO/2gcy3KquvPyct3H9i3+dIP55o8eGC/Ja1Zke3ZvCvJKcuzYkvbQduuevX+fHlL+mu6+syt+fLgc1aorz8cHqh33tUM8fs/uO6B85QOPn7f+nIQva43AF5x6WlpX781515/VVa0Dfpurj8q63rne02SFVdcnKwZ5ntJay6/dE8eGPYY1+Wa8U3zCjBjve2us6pdAgDAjPH0R9YPu16ACtSsaQ9QAWCWEKACABwwUoBqCD8AAAAAQAUCVAAAAACACgSoAAAAAAAVCFABAAAAACoQoAIAAAAAVCBABQAAAACooKHaBQDMZu3f+UruWr9niDWtufrmy3P6tFc0dTbdd0++nItz65XLp/5kHRvymbu35tzrr8olTeM8RtsDuWVNxvitbgifAAAgAElEQVTvoSOPfP7+rMtpueHjF6Xl4APm3tsezebeTyuuuC7XLB/LegAAAGYjHagAE9By4VW59eaLsyLlwOzWm6/r/bw9X77tgWyqdoGTZNN99+TLW6bpZB0b8pm7n8/OiR5n+eW5dUzhaVvuve3+rNs1ZFF55PNbcs7N5X/HN1y6KJvX3JN72wbuO3h97fz7BwAAmMsEqACTbnmuuaI1yfas+05HtYuZFKdfeV2uPmWaTtZ0UX73+tPSPE2nO2B5rukNPw/R9nxy5YEwtuXC92fVkmTzs70JakdTVt08cP05WZE92Vkb//oBAADmNAEqwFRoOirNSXa+KkGrCcsvGjSVQFOaB35uajp4uH9He9pPOWf80w8AAAAwY5gDFWAqdPw0O5M0H9OboA0elr5kwByb/etac/X1R+WpttNyzYVNOTCn5qKsuv6cvPxwcs2VGTDPZmuuvvmC7Pz8gWHn5Xk3e+fx3JU0X/rh/O6FTYfM1Tpwfs7yukVZdemerFu/Jzmlb57TAXN6nnJxrh7ht1we5l957tfBNfTVduj6RVl1xXFD7LsoV998Sp4aUNOtVzb1/14P+k779nn2uN5lvd9J08W59cwtuWXN9kO+h7HpyM6OZMV7h9i5Y0M+c19yzcdNgAoAAFALBKgAk64t967ZnmRRzl3elKQjj9z3fHLph3PrhU39gem6tovKYed9W3Pu9dflkqZyYNl+6WlJkk33PZpccV1u7Q1ENzddnPIw83Jo+OSZF+T0NCUfvy4resPCVcuTpCmXXHla0nFRLlk+IEi8uRwutn/nK7lrzT2594rrsqqjL7Tckyfz4dx6c1+g2ZFHPv9o2vtqbtuQzzycZJiOytOvvC63VlrZsSH3rk9WXX9dLmnqC0Qfz6YLe8PWtgd6A9Krcno68sh9D/bveiBY3ZMv35ZcffN1uabtgdyy5tHcctuirLr+utza+92Vv9MB+yzp+730hqy7Hs0tuTi33nx5OfB9eEPalw9+WdQodDyfJ3PaIeHrwJD4rtt+WnMvEgMAAJiLDOEHmCSb19yTW267J7f0d432vUG+KZd8/Lpyt2XbA7nlkBck7cm6h9vSNwfnwK7MzQ9vSHvv/uWu0PLxVpy5KDuffT7tAw+za2s2984Y0N6WNC9PkrasW78nK957ICQcOH9ny4VX9c752ZpVA86btsezLn2dsEmWn5ZzJ/LlNF2U3725/H1suu+egzpRk4488vD2rLiiL2xsyiVnLur/jgbW2B9INh2V5oO+497fd0fHoH16j/fxD2fVkgzork1ajhlirtNR2vTw1px75aHBa/mlYn3zqNbOHLgAAABzmQ5UgEky7HDwvmH6p1ycW28+Jffe9mjviqZc8t7WrFvzaG657dEMDAlPf+9pab77+dx12/PJoLCwZflxaV5fDkxbmtqy7tVzcvUpj+bLD7flkiubsjktuSQpz8WZDAr6eufv7GhPe4YueNOz25Mcdeg+E9DXnbniiuty65kP5JY1fd/N83ly16Aam45Kc/YMcZTqa//OV/LUmVflmmG+j5YL359Vz96fJ6evLAAAAKaIDlSAKdeWe+9+Pi1XDOwiHWD55bn15uty6/WnpTnb8+XbHsimpLdr87rcevPFWZE9WXf3V/JIX0Nj02k5d8mePNnWkbS15/j3Ls/pZ7YmW7ZkU8fzSVPveZpa0pIBb4sfqHfdUFqOWZTs+unBHa4T0T9Ef4iQubeOvu7RGa3tgdyb949i3tRy4NzS5C1SAAAAs50AFWCSjBQA9q9v29L7EqikPD/ngMD0+tPS3Ltm0319genyXHPzxVlx0NH6hvE/nns7WsqdqctPyYpsz7r7+obvl/dddemiZMujubcvQ+3YkHVbFmXVUC9A6tWy/LhymHtf24B9kmx5NLfcN0QYOyp7srP3Kyh3uB6o8ZxTkp3rH+wPiDc9/Hx2Dg6Nx2McIXD7qxU6X9seyC3PnjLoxVcPDF1fx4as6zitd05aAAAAZrNC6VPHl6pdBMBU+MkNz0z5OQa/WX7wm+D7lN9Q3/vhlNas2LI9m5M0X3pZzn31iTy5ZU//nJ99UwFsuu8rWdexJzt3lZcPfmt937QALQOmDth03z35ci4+pNP14DoPTAdw8PLWg1961PZA/9vqs+S0rGp6PuuGOPbBv8fWCi9OKr/kqS84XnFKazZv2T6glgEvekqy4tLT0r5+a869/qqsaBtU4/VHZd2AeWRXXHFxsubAsZsv/XCuyYMD9mnKu5Z05Pu7+r7/i3PDMU8N8fs+uMbK39MAff++B35XA5cP+U0BVN/b7jqr2iUAAMwYT39k/bDrBahAzZqOABUAZiMBKgDAASMFqIbwAwAAAABUIEAFAAAAAKhAgAoAAAAAUIEAFQAAAACgAgEqAAAAAEAFAlQAAAAAgAoEqAAAAAAAFQhQAQAAAAAqEKACAAAAAFQgQAVqVqFzd7VLAIAZx/URAGBsBKhAzap7q6PaJQDAjFP/xrZqlwAAMKsIUIGaVfemABUABqt7c2e1SwAAmFUEqEDNmtf+fLVLAIAZp2HXj6pdAgDArCJABWrW/B9vqHYJADDjuD4CAIyNABWoWY2vPJF0d1W7DACYObq7ytdHAABGTYAK1K7urszb/ky1qwCAGcNfLgIAjJ0AFahp83/87WqXAAAzhuH7AABjJ0AFatrCJ7+Y+tdfqXYZAFB19a+/msO//z+rXQYAwKwjQAVqW7Enix77L9WuAgCqbtFjdyXFnmqXAQAw6whQgZq3oG1tGna2VbsMAKiaea8+nQVta6tdBgDArCRABeaEI//PH6TQtafaZQDAtCt07cnih/6o2mUAAMxaAlRgTmjY2ZajHvj9pKe72qUAwPTp6c5RD/xeGnZuqXYlAACzlgAVmDMaX/pOFn/rD6tdBgBMmyP/4T+k8aXHq10GAMCsJkAF5pTDNt2fJX9zbQp7f1rtUgBgytS92Z4lf/MbWbD576tdCgDArCdABeacedueTtNXPpKG9uerXQoATLqGnT9I0//8SOZt+361SwEAqAkN1S4AoBrqX381TV+5OntPvTxvnveb6VnyjmqXBAATUv/aj7Lwu1/IYT/4ujm/AQAmkQAVmLt6unPYpq/msE1fTec7P5C9p30wXSf8bErzFla7MgAYlULnG2l8+fEc9oNvZP4Pv1ntcgAAapIAFSDJ/B9+s//Bc/+x56Xr+J9N95EnpOfI49Jz5HEpHt5U5QoBmOvq3upI/etbU//61jS8/lIaX/6/mffK96pdFgBAzROgAgwy75XveSAFAAAAkniJFAAAAABARQJUAAAAAIAKBKgAAAAAABUIUAEAAAAAKhCgAgAAAABUIEAFAAAAAKhAgAoAAAAAUIEAFQAAAACgAgEqAAAAAEAFAlQAAAAAgAoEqAAAAAAAFQhQAQAAAAAqEKACAAAAAFQgQAUAAAAAqECACgAAAABQgQAVAAAAAKACASoAAAAAQAUCVAAAAACACgSoAAAAAAAVCFABAAAAACpoqHYBAFNt2/6P5dPdiyuub224N380b+cQa1bks3tX5en+z1vzicPuS+uA453deFd+u36yKwYAAABmCgEqMAfszhXzv5DVQ/bcr8ja/ZX225zfPqw9a/ddkzV5Jn+44KEsS5J5X8jddZdlbeGhCscEAAAAaoVHfwAAAACACnSgAkzQU5035HPF8s99Q/oPTBvQ1/16YDqAsxvXJV2r8nTdunwiq/K5YtLa8Exau8/K0wO7ZXuuzPVdx/WepTx9wDn90wrszhUNu7Om+7ik8Ez+sDH5XOdZ2d6/XXLQFAR163L3/M3T/t0AAADAbKcDFWBCVuSx4u5cMf+u/GHD7vKi4mX5XHd6lyVrui7LtmzObzduTZI83XV63t378znznklrku3dS/Lu+c+kNYvzWE9zkuas3d8bjs5/Jq05Lmv2NyfZnCsadidZnDXFTbm7cWtSOiuf7ko+0bg1yXF5rKdcxlOd5ZD27sPW5eziqny2Z5q/GgAAAKgBAlSACdmcd9ctzprOj+Xp+i+Uu0973p7tWZw1nTeUu1BLS7J9wB5nN96Xc+rvO6gjtLVhfW/XaJ+dWb3grty9YHvWdJ510P5lu3PFvAP7nz2vd37WJNuLzSkHu0mKq3J9bxdqeTkAAAAwFobwAwxrZ1oLSYrlELQvpNxWTFrnlX8+Z/5dubt4Wf595w15rOHefCLJ8C+uGp3yNAC784n5z2R751njO4ih+wAAADAhOlABRtBatzsDh8aneFk+15O0JklW5LP7Lsu2uofyR41bs73YkmV1vUPs969I0py1nZdl25jP2pynexYnhV1pHdTBOjrtOamQpHhB1haT9FxpCD8AAACMgwAVYATL5n0hn6hLnu66IdfvvSHXdy7JFQsODJlP3p7P7b0h13cdl7MbNif19+UTdekdPv+hZN5DWZYV+WzvC6Ge3n8gUH1qf3l4/vbuS/PZ/p8/lLXF3s7X0ln5dHdydu82T2VF1nQvTjmgvaw8T2rvMdd2l38ub7czqxvLc6qu6bwh13dvym/XT9MXBgAAADWkUPrU8aVqFwEwlbbtvzJP199XYTj9iqzd357V83ZOd1kAAADADPD0R9YPu94cqMAcUO7CXFNhbWvDvVk9rfUAAAAAs4UAFah5y+Z9IXfPq3YVAAAAwGxkDlQAAAAAgAoEqAAAAAAAFRjCDwAAAHPJ4UtSmr8oaTwipfkLU2pclCw4IqXGheVl8xYk8xYkdfOThsaU6huS+sakvvdzQ2NS15jUzyv/XN/7q6ExpfoBn+ctKJ9v/76kpyvp6Uqhpyvp7jrwubsr6dmfFHt/7u5Kejp7t+0ufy52Jvv3pbB/X9L1Rgpdbyb73kiha08KnW+Wl3XuSd7aVd3vFahZAlQAAACoBfMWpHREa++vZSktXpbS4mNSXHzgcw47qip19YWppUGrBn+esL0/TWH3thTe2Ja63dtT2P1q/+fC7m0p7H61HNgCjIEAFZjzSqVJv20DgKoqFArVLgGYCgubUzzymJQWH5vSkctSOuLYckh65LEpLl6WLGyudoXVd9hRKR12VEpvW5FipW3e3Jm63dtSeP2V3nD1lRRe35bC7ldS9/qryZs7p7NiYBYQoAJzzuDAVHwKQM0ZdK0TqMIsMm9BSktOTrH5pJSWnJTikpPKPx/9jqTx8GpXVxsWNqe4sDlZdubQ67veSuG1H6Vu5wup2/WjFDpeSN3OF1PY9cPylALAnCNABeaMvuC01P950PrpLQcAJl1fTNp3TevPTXsveoJUmFlKRx6bYusZKbauTLH1jJRalqe0+Jhql0Xj4Sm9bWV63rYyPYNWFX66NYWdban7yabUbX8uddueK08LANQ0ASpQ84YKTgeHqJXCU6P7AZipKmWhhQHrS6Xez4JUqLrS0Sf0hqVnpPi2cmiaw4+udlmMUemo41I66rgU3/m+Awvfei112zem7ifPpW77s+VQ9acvV69IYNIJUIGaViqVDglOB/4zhUJ5/YCkVGYKwKww4IJV6P1YyIBwtFhKodC7LAeC1ELK10chKkyh+YtSPOasFJe9K8Vjzk7PsWcnC1uqXRVT5fCjUzzpPSme9J4Dy95sT/0rT6fu1adT9+r3U/fq00nXW9WrEZgQASpQs/rC08HB6fb5J2b7grdn5xGnZteC4zK/sSHbOxdUuVoAmJjW+XvT2VXMkq5X0/TTTVm278Us7Xw5hUIhhVLpoCC1UE5RhagwWRoXpufEC1J8x8XpOf78lN62otoVUW0LW9Kz/APpWf6B/kWFn2xO/ctPpO7FR1L/4+8k+/dWsUBgLAqlTx2v2QqoOYPD02IpSQr5Tuu/SOfxF+SwpSdkaWtrmpuOStPRR1a3WACYJB2vvZ72jp+m/Sc78ta2H2ZB+6ac/09/lbrCgeB04M8HdawCo1eoK89betIl6XnHJSked05Spz+JMejZn7qXn0j9i4+m/sVHU2jfbP4wqKKnP7J+2PUCVKDm9M15WhwQnr5Rf1S+/vbfyxnvelfOO//c6hYIANPke99/Phu/992sfuFPsqhnd+oKhRRS6g9R63qzUyEqjE5p6anpXvnL6Tn9QykdeWy1y6GGFF5/JfWbvpaGjV9NYccPql0OzDkCVGDO6es+LZZ6w9P5S/Pw8t/P+y//UI488ohqlwcA0+qnr7+RB7/+9Vy6+Y+zqPunqSsUUpfSoG5UASpUUlp8THpW/lK6V/5SSktPq3Y5zAGFHc+n4bmvpn7T11LY/Wq1y4E5QYAKzCkDh+73Bah//c4/yod/9Vdy5OJF1S4PAKritZ++ka/93d/lyi2fTl0hqUs5PK0rGMoPlRTfcXH2n//RFE++rHfiYJhmpVLqXngo8574y9T96LFqVwM1baQA1SQtQE0q9f56/G1X5ox3nSk8BWBOO/qoI7LizDPyxO4rcv5P1qRQOHCtFAvBAPMWpPvMK9J93kdTajml2tUw1xUKKb7zfel85/tSaN+Shu9+IQ3P3Z/s31ftymDOqat2AQCT5aAXR5WSn8w/IZ1vvzjnnX9etUsDgKo7/+fOT+fbL8mOxuNSHoJW6L9mlq+fBqYxhxUK6TnrX2Tvbz2S/b9wq/CUGafUckr2r/7j7P2tR9Jz1q/oioZpJkAFak5fR822RSty2LJ3VrscAJgxDlt2cnYsPr13mptS/zUT5rLisWen89r70vXB/5Qsaq52OTC8Rc3p+uDt6bz2vpSWnl7tamDOEKACNalUSjqOOCVLm4+qdikAMGMsbT46HYveOaDrtNoVQRUtbE7Xh/40ndfel+KxZ1e7GhiT4rFnZ991f5/9v/D/JgsF/zDVBKhATekbilgoFNIxrzXNTQJUAOjT0nRUOhqX9YenhcKBYfwwlxRbz8i+a/82PWf+c0Ohmb0Kdek+99ey79q/TbH1jGpXAzVNgArUhL75T/sUk8yfV5+mo4+sVkkAMOM0LTkyCxrrU+p9ddTAa6d5UJkT6urTfcHH0/nRNSkdfWK1q4FJUTr6xHR+dE26f+56fyEAU6Sh2gUATLZSkpRK2d45v9qlAMCMs71zQZIDgWnJszZzRaGQrsv/U3rOvKLalcDkq2/I/p//f1JsPjmN//sPklKx2hVBTdGBCgAAQG2ra0jXB+8QnlLzet71q+n6xT9OCuIemEz+RAE1xcBDABidgaP1XT+pdd0/8xvCU+aMnnf9arrP/2i1y4CaIkAFAIA5xlSnzCkLm7L/4n9X7SpgWu2/+N8lC5uqXQbUDAEqUJM8FwLAyFwvmQu6V/5SMn9RtcuA6TV/UbpP/WfVrgJqhgAVqDlj6aq5/vf/dOoKAYBZQDcqta54zNnVLgGqonis//ZhsghQAQAAqFnFY8+pdglQFcUTLqh2CVAzGqpdAEC13XTTTeUfVl6b2z96RpIdeeiOO7O2PUnL6tz4ycuytJoFAgAwbqX6+dUuAarCf/sweQSowJx34+qW3PnS6t7wNEmW5rJP3p6Whx7K0suEpwAAs1ndjs0pLmqpdhkw7ep2bK52CVAzDOEHAACgZjVs/Hq1S4Cq8N8+TB4dqAAjei5fvOlL2bjy2lyb7yUf/WjOSPLcF2/KlzYmycpce/vqtN9xZ9a2r8zKlRuzceM7c07LD/NU+8pce23ypS9tHDAdwIApAtKS1Td+Mis33pE717ZnZXnjbDzomMnKa29PX4Pswect1wIAwNDqN96fwrv/TUpNJ1W7FJg2hV3/lPqN91e7DKgZOlABRvLc95Jrb8/t532vN7hMdjx0R9aecGNuv/323Lh6R770xR257JPXZmU2Jufdnttv/3h+rffzl753Xm6//casznezcUeS59Zm7dJre/dNvrtxR5Ze9slcuzLZ+KXv5bzbb8+1KzfmSzd9Mfno7blxdUs2fu+5Cud9rnrfCwDAbFDsTsMTf1ntKmBazdvwuaTYXe0yoGboQAXmvKUtS5OXBi/dkfaXUp7/dOkJ2XHnTblj9Y25/fbyjKjPvdSe9o135qa1vZu3tGdHWpKszHkHtYSuzLW9L6bqd8ZHc/sZBzpJW1YP2PrackfpjhNa0nLCR3PZ0iQ7DtS3Y8jzxjytAADDaHjqr1M84YL0nP7BapcCU65+09dT/9yaapcBNUWAClDJCS29Aepl+eTtl2XHQ3fkppuW5trbP5rk4GH1ZaPsBt3xUO64c22WXnt7bjzhjnxxjGUdel4AAIZVKqbx738vnfMXpnjyZdWuBqZM/aavp/Hvfy8pFatdCtQUQ/gBzjgvKzd+KQNHwz/3xTvzUkv/pKO546HyMPsbV+/I955Llp7Qko1rH+rtK92Rh7740MAe07Id7YcuS7Jj43eT1TcOCkF3pH2ojQcZ1XkBADhUsTvz/+5fp+Hb/zUp9lS7GphcxZ40bPhsGr/2e4buwxTQgQqQM/LRG1fnjjtvyk29S1pW35hP9gecJ2TpS1/MTTe1974IKlmaT+bal27Knb1j6Vdee2Nyx53ZmGTjHQ/lxk+uzMYvrk17ki/d8VBWL11bfmnUnV9My7VL0/6lAcPwc2c+v70lPyxvnC+uTDZubE9yZ76Y1dmxdmOSjbnjoRvzycsGn/f26KEAABilnu7Me+TPUv/i+nT98/8vpSNaq10RTFjhtZfS+LXfS93WJ6tdCtSsQulTx5eqXQTARJVKpZSSFEtJTzEpJvmLd/7n/M6/+hfD7nf97/9p7v7T35+WGgFgJvivf/G3ufYHv5/6Qin1deUhafV1SV0hKSQpFArVLhGmx4LF6fpnf5SelR+qdiUwbvUbv5bGtX+QdL1Z7VJgVnv6I+uHXW8IPwAAAHPPvt1p/OoNWfAXq1Pf9s1qVwNjUt/2YBb8+fvT+NUbhKcwDQzhBwAAYM4q7PhBGv/uX6d4/HnZ//5Pp7jszGqXBBXVbXs28x78w9S9/L1qlwJzigAVmNMM3wcAIEnqXv5e5n/hl9Nzys+n+4J/k+Lx51W7JOhXt/XJNDz+57qloUoEqEDNKRSSmN0ZAEbFlKdwsPot/5D6Lf+Q4rHnpPuCj6dn+QeSgtnvqIJSMfVt30zD459P3StPVbsamNMEqEBN8iwIACNzvYTK6l55Ko33/VZKi49Jz+kfSvcZv5zS0tOqXRZzQGHH82nY+Pep3/j3Kex+tdrlABGgAgDAnKPrFEavsPvVNDz+52l4/M9TWnpqulf+cnpO/1BKRx5b7dKoIYXXX0n9pq+lYeNXU9jxg2qXAwwiQAVqSt/zYCnJsvn7qlkKAMxIrfP3pZSDQ1R5KoxOYccPMm/H7Zn38B0ptp6R4kmXpOcdF6d43LlJncdrxqBnf+pefiL1P/p26l98NIUdm5KSechgpvJ/eKAmFZLs7exKx2uvp+noI6tdDgDMCB27Xs++fV0CU5ioUil1255N3bZn07Dhs0njwvS8/cIU33FJek66OKWjT6x2hcxAhY4XUv/io6n/0bdT9+PvJPv3VrskYJQEqEDNKSQpFApp2vtS2jt+KkAFgF47Ol7Lkr0/Ll8rU75eFrx5ESau683Utz2Y+rYHMy9JFrak58SfTfGEC9Nzws+l1HxytSukCgo7X0j9S/+YupceT/2P/zF5s73aJQHjJEAFakKhUEhKpf5HwEKSpj0vpH3bqzntnToAACBJ2rdty5I9LyS9V8yBnah9gSowCd5sT/2mB1K/6YEDgeo73p2eE34uxRMuSGnJ26tdIVNAYAq1S4AK1JRCofwAWCyW0rrvxTy/9QdJLqx2WQAwI7y59Qc57a0Xe8PSpFQqpa7OS6Vgyr3Znvrnvpr65756YNmCI1JsPiWlplNSbD4lxZZ3ptT8zpQWH1O9OhlRYferKez8Yeraf5i6jh+msLMtdTu3JPveqHZpwBQSoAI1qVBI3tb5cn70yhP57oZT8jMXXVTtkgCgqv7vhg05bOvjae56pf8vHAWn8P+3d69Bdpd3fuC/5/RNNzcXqdstEIzANjNCgCXbsQU7O1ipGRKt7apE2IU3JFDYoxcLlZJTg6mt8kBc4NRWyZ4ta1OQFxoPiyc46/VItY7tKMGzI6hNBOMYJGNdPBhLjC3U7W5xa9Clb+fsi3P63qd1a+mouz+fKkGf/+15/kfd/Dnf/j3PU0en3k3xyEvJkZfSMHZ704KUr7g+pWXXp7z0AyldeV1Kyz6Q8hXXJc2L6tXb+aX/RApvHU7x2KEU3zyUwpuHUjx2KIU3fpkM9te7d0AdCFCBOWd4XrdioZBPHPuP+b8PfDQfuOmWXHHZ++rdNQCoizff6s0vDhzMPzn2n1JIOcVC5TlZSNmCUnCpGTiVQveBNHQfmLxv8bKULrsq5darU75secrvuzrl1uUpX3Z1Sq3Lk8XLLn5/Z6Pjx1Ls7UzhnddT6O1M4d3XU3inM4Xe11N852hy/Fi9ewhcYgSowJwxPA9qqlU15XLlQ+H/dPjP8jc735d/+I//ca64XIgKwPzy5tu92fWf/3Pu+NX/PhKeVkLTcqUStWD+U5g1jh9L8fix5OjLU+9vWpDygsuSRctSXnRFyouXpbz4ypSrr7NoWcoLr0h58dKUFy1NWpZc3P5fKH3vpXDijRSOv5HCybeSE8dSOPFWCsP/fu9YCifeTE68kcK7XfXuLTALCVCBOakw5s/7Sr35g5f/dX7w7rtZddON+Qe3rqtz7wDg4vjvew7mF3t/mj965X/LoqF3UyxmJEAd/gPMIQOnUhg4lbz72zP++S63Lk8WLU150ZXVYPWKlJvflzQtSIotSWNzyo1NSbE5aWiuvm5Oik1JY0vKDU2V7cP7hr9uaK5co9qvDA0kQ30pDPVXhsEP9SelgRQG+5PBvjFf9ydDfclQfwqDA5XzSn2Ve+t/txKIHn+jGoi+mULv0Qv2dgIMK5S/ck359IcBzB7lcjnlJKVypSC1nEKGyuWUysl/b/snObXy97Po6mbErFIAACAASURBVN9N+7Ir0rb08iy98rJ6dxkAZsQbb76T7jfeSs+xt3Oi5zdZ+JsXsua1v0wh5TRUw9OG4aH7hTFhqupTAGAe2/v556bdrwIVmJNGqmqqKww3FApJyvkHPf9Put/5aboPr8qh1t/NT5s60txYzG/7F9S3wwBwnjpaTqZvsJAry29l6YnDuea3L2RZ3+spFEbD0uHnYaGgAhUA4EwJUIE5p1AoVOY/rXxGTLEaohZTmeetY+BI2o8dSbnnxyknk5bPKKvLB2CWKRSScsaGouVqZenEIftjwtPC8LliVACA6QhQgTlp7IJSw58oi9Uvk8rQxXJhOCytDPkfCU59jgRgFhoJRMe8LiQpDledjtlm4SgAgDMnQAXmrOEQdbgqZ+RPuVytSk2lLKe6bWxwqggVgNliYgQ6EoqWh6tNy5OC03HHAQAwLQEqMKeNDOdPksJoQWq5+rpcLTst1/gMaTg/AJeqWvlnYXi8RXH49VTVqcJTAIAzJUAF5ryxlTiVDaMfIMfmo1NmpT5fAjBLTK5EnbxPcAoAcPYEqMC8MSlIzeiiG4msFIC5o+awfgAAzpoAFZh3Jn2INE4fgDlGYAoAMHMEqMC850MmAAAAUEux3h0AAAAAALhUCVABAAAAAGoQoAIAAAAA1CBABQAAAACoQYAKAAAAAFCDABUAAAAAoAYBKgAAAABADQJUAAAAAIAaBKgAAAAAADUIUAEAAAAAahCgAgAAAADUIEAFAAAAAKhBgAoAAAAAUENjvTsAcKF1DtyXRwZba+7vaHw6jzUdm2LPqjx+8o7snbi58HIeXbAry2eykzNp6M5s6l+RpDcbW57MBr8qAwAAgHMmQAXmgemCxFXZOVDrvIN5YGFPdp66OztSDU2H7sym/lvySF9XtrUcvHBdPh8N2/No4315ZLDeHQEAAIDZT10SwNkovJmOJCl3pLPefQEAAAAuOBWoAGejfGW6kqTQleVZVqlOLVd2jUwFUFqfh/tuqR43tnJ1ReXA4jN5tLhuZFqBNY0vp2uwenzxmdyfO/JE6UjuX7g9HWOmHxi+/siUBIWXc3/DyjwxmGqF7fCUA71Z49djAAAAMCN8xAY4E+Vb8sjJzZUQtPhMZfj+0O3ZUU7WNG/N/cWka/D27EnSObQyXcVnsm3hM1lTPX3P4Ip0ND6dbS0vpyPJ8qYnc38xSXpzfcOu3N/YmyRZ03gwaxtfzsaW7VlbWp8nBluzpnlrtjUfSdfg3Xl8KFne9INsLFT6tCMvVL5OsqfvjuwtvJxHF/4g15drz/kKAAAAnDkVqABnYqqFoxq2Z9vC6iJVpdHNyxteS8fgHdnU90y2LdhV2dZ4JE/0352H83Qea6ksWLW26eV09N2SQ+Wko9ibNWnN3sFV6Wzsyppi0jmwMl3pzW2FJHkzHVmRrtKypGG0T/c3HczypoNJVuXxUpJiV5bnWNLQmx3mQAUAAIDzpgIV4JytyuMnN+eJ/KBaTVpV3JXHFm7N/bkjm07emT1JNWx9OrcN3Z1Np9ZX5k8tdqUjyd7BO5M8l+sLSco3Zm96xge1AAAAQN0IUAHO1dCN2Zuko5h0lUc3dw7cl8eHkrUtT2djoTVdpWRP333ZWTqWDQueyZrheVRzMLcVk5Ra01U4ljUNvUl5RQ6lUqG6vNibpDWHyhmZe7WjeKxGZ3oqAWzpxuxJ0lUyhB8AAABmggAVoKZVefxkdZGo8i15ZLiadFjhzUoFaf9ncqjQm2RFdgwsS9KbroHN2XTy7uzIayMLOu3u35xNJ+/I3uKBrK1eoqPYmxQqxyxveC0dOZLbhofoN2zPo4292dtfmXu1o/HpPNCQdA58ZqRPO4aGO3MsG5pfTkdW5ImTm7OjXAlfd/RXq10BAACAc1Iof+Wa8ukPA5i9OgfuzN6G7dkw5a+MVmXnQE82NNWq7AQAAADmsr2ff27a/RaRAuaB1uzo25wdNfZ2ND6dDRe1PwAAAMBsIUAF5rzlTU9mW1O9ewEAAADMRuZABQAAAACoQYAKAAAAAFCDABUAAAAAoAYBKgAAAABADQJUAAAAAIAaBKgAAAAAADUIUAEAAAAAahCgAgAAAADUIEAFAAAAAKhBgArMe+V6dwAAZoDnGQDAhdFY7w4AXGz97785A1etzeCKj2WgfVWKKWVgyfJ6dwsAzkvTu50pFYtp6vm7NP76J2k++lKafruv3t0CAJj1BKjAvPLu+q+kdP3vp3jF1WlesCiLGxvS2NhQ724BwPlruzyDg0MZ6Lgugx+6PSff/HX6jryUJc88XO+eAQDMagJUYF4YWtKetz7/H7Lw8ivzvsuX1rs7AHBBNA7/YnBBc3L5zTne8aEcu+4PcuXTn0vxve56dw8AYFYyByow5w1ddk3e+Z+/k8tXXJfFwlMA5pHFixbkiqt+J2//s/+QoSXvr3d3AABmJQEqMOe99bn/M60rPpDGRkX3AMw/DQ3FtF51fd6669/XuysAALOSABWY09795P+ahZddkcYG85wCMH81NjZk4WVL8+4fPFTvrgAAzDoCVGDO6n//zSl96B9m8RXL6t0VAKi7xVcuS+l3/ygD7TfWuysAALOKABWYswZ+59YUl/5OvbsBAJeM4tJr0/87t9a7GwAAs4oAFZizBq/+SGUlYgAgSWUo/+BVa+vdDQCAWUWACsxZA0s/lCYBKgCMaGpsyMCy3613NwAAZhUBKjAnlZMUy0MqUAFgjMbGhjQUyinXuyMAALOIABWYkwpJBpZ01LsbAHDJ6V/ckUK9OwEAMIsIUAEAAAAAahCgAgAAAADUIEAFAAAAAKhBgAoAAAAAUIMAFQAAAACghsZ6dwCgnrp3fT3f2NkzfuPqe7Ll3pvq06Hp7HsqD317f9o2PJgvr2+vd28AAABgXlCBCsxr7eu/nAc3tFVC0y1bsmXLPVm9/9v5+q7uendtspvurfQVAAAAuGgEqADj3JQNG9rS89P9uQQjVAAAAOAiM4QfYJx92bmzJ1ndlvZ0Z9fXv5HKCP+2bHjwy1nfnux76qF8e//q3HNP8mLuzb037ctTD307+1ffk3vyYnLvR/PiQ9/O/rRlw4P3Jk9VrlEZet89cuyWDT35+jd2pnL5DXnwy+uT6pQCq1evzv79+7P6ni2j18/qbNhQ33cHAAAA5hsVqABJsv/beeihh/LQQ9/O/rYNefDem5J9O7OzvTK0/8ENyU/3dyfZlxdzT7Zs+Whe/Pb+yrn7Xkzu2ZItH30xlU035d4HN6St7WNZ3d6e9V/ekntWJ+1t7UluykfvuSdb7m3Prqd+nQ1btmTLli25p31nvvHUvrSv/3LuWZ3sz0ezZcuW3HtTd3Z9fWeufXBLtmz5aH49cb5WAAAA4IJSgQqQTL1w1E33ZstNwxWnSduGJGnPtd3fyENf35AHt2xJe5J0X5vubzyUr294MFu2VBd3al+dj+Wp7O9en/b2fenpbsv+F/clNyU9Pe1J9/78NNfm3uGmNmxI2zdezL5U+rD6o9W+dO/PT/Ox3NueDE8v8NSFfi8AAACAESpQAWrp3pWvP/RQXvzoljGLN1UqSrfcmzz10EN5al+S9vX58pYtuTdP5aGHnsq+6nGrP1atWt2XtN37sbTtfzH7upO21e2T22pvS3vbtZliDwAAAFBHAlSAGrr3/zTZ8GDGF6buy1Nf35Xu9vX58oMb0v3ivmTfU/n6ru60r/9yHtzQnRcrCWra29rT89P92ZXkpvbV+Vhbd17c2ZO0p1qhujNP7aouVbXvxXR/bPXkALW9Le09O7NzX5J0Z/9PDeEHAACAi6nhq39w2Vfr3QmAC+H4uv8lSxYvmPaY7uqiTen5WX58dHn+aM1ohLn4+Kv5/vbv58c//nF2v3oiJ17dnaPLP5xre3+Rnd/5Tr6/+53cfu8/zXXH38qrv9iZ73zn+9n9zu25959el8VJ0t6Yo9/fnnc+fHfWtC/O4v7d+f47H87da9qTLM51H2rM7m9/O9//8Y/z46Mfy/1335Tju76ef7f7RHp+tjeNH/4fct3i9qxZfjTf+fZ38uMf/zIt1y3Oa7t/Vt13Qd8+AOao4ydOZcnf/rt6dwMA4JLRddN90+4vlL9yTfki9QXgovrt5pfz/rbL690NALik/Lbn7bx/6y317gYAwCVj7+efm3a/IfwAAAAAADUIUAEAAAAAahCgAgAAAADUIEAFAAAAAKhBgAoAAAAAUIMAFQAAAACgBgEqAAAAAEANAlRgTionaXqvs97dAIBLTtN7nSnXuxMAALOIABWYkwpJSuVkcHCo3l0BgEvG4OBQSuVyCvXuCADALCJABeaspt/uz4AAFQBGDAwOpalrX727AQAwqwhQgTmr8ejeDJ58t97dAIBLxuCJd9N4dE+9uwEAMKsIUIE5q/n1FzPUfaje3QCAS0bp2OE0vf5ivbsBADCrCFCBOaupe38aDv+3HO95vd5dAYC6e+9YZxpefTbNPb+od1cAAGYVASowp73vv/7vOfneexaTAmBeGxwcyqnet7Jk9/9R764AAMw6AlRgzrvi//pn6e38eyEqAPPS4FAp73a+liv+wz+rd1cAAGYlASow5zUc78llf/nZvP2bX+b4sa56dwcALprjJ07l7SOHc9lffjYNJ9+sd3cAAGalxnp3AOBiaDhxLMu+dUfe/R//JG/f8IdpaLs+jY0NaWpsSGNjQ727BwAzYnBwKAODQxkcHEqptysNv3w2y378r+vdLQCAWU2ACswr7/v//iz9v9iZgd9Zl/5r/kGOL/1QiuWhDCxZXu+uAcB5aXqvM6ViU5re+XUaO1/Owr/7z2nsPlDvbgEAzHoCVGDeae45kOaeA8lP/yJJUk5SqG+XAOC8eZ4BAFwY5kAF5j0fNgGYCzzPAAAuDAEqAAAAAEANAlQAAAAAgBoEqAAAAAAANQhQAQAAAABqEKACAAAAANQgQAUAAAAAqEGACgAAAABQgwAVAAAAAKAGASoAAAAAQA0CVAAAAACAGgSoAAAAAAA1CFABAAAAAGoQoAIAAAAA1CBABQAAAACoQYAKAAAAAFCDABUAAAAAoAYBKgAAAABADQJUAAAAAIAaBKgAAAAAADUIUAEAAAAAahCgAgAAAADUIEAFAAAAAKhBgAoAAAAAUIMAFQAAAACgBgEqAAAAAEANAlQAAAAAgBoEqAAAAAAANQhQAQAAAABqEKACAAAAANQgQAUAAAAAqEGACnBa5aRcHvOyXPtQAJgpk549nj8AAPXQWO8OAFx6ypXPqIVU/1Gofl1VKEx5FgDMqLHPmymfPSMPKwAALiABKsCI4eC04PMoALNAoVKZOvILPwAALgRD+AGGg9MUVJcCMLsUqiMlkhjiDwBwYQhQASYO0QeAWakQISoAwMwToALzlA+YAMxFBQtOAQDMMAEqMA+Vk7KSUwDmqEKh+pwTogIAzAQBKjDPVD9Myk8BmMtGFpYSogIAnC8BKjC/lMcutgEAc5z8FADgvAlQgfmjXJadAjC/FIbnRAUA4FwJUIH5oyA9BWAeKhjKDwBwPgSowDzhgyMA85jHIADAOROgAnNfuRxj9wGY11ShAgCcMwEqMA8ITwEAAIBzI0AF5jgLRwFAhQWlAADOhQAVAADmC79UBAA4awJUYI7zSREARpQ9FwEAzlZjvTsAcOFYPApmxBd/nlx32fhth7+afOsvZub6t343+dStM3tNYGqFxPMRAODsqEAF5i7TvMHM+NbNyY+er754J/nRtYJOmM08HwEAzooKVACgvp6/K3n+9IcBAADUgwAVmLuMToSLb/Ovk7bq1z3fS7b+SfXFnyVf+9zk41/6XvKRz40e/5MVleH8SXL4+eS6W6e4FgAAwMVjCD8wdxmiCBfXF3+etFWH+P/o+aTtc8kXv5DkC8lXPpeR4f+H36kc/9K1yY4/SV56dfQaz981uv+6tuRPv5qcTNJ2R3LrRb4fmKv8ghEA4KwIUAGAGfCFpOOyJD2V4fjPH6ls7vhHSVYnCzO6762eyr5r/mz6Sx7+9xeqszC/+QUjAMBZEaACAOfni3+T3Dockk6wsC3J/koVadoqVaRXVMf4v7f/onURAADgXAlQgbnLEEW4CL6QdCR5fjgkneBkT5K/SP7NV5OTlyWf+nVy3WXJ4a8m3/qLi9xXIInnIwDAWbKIFDB3leNDIlxoX/xXycJqSNr1ryrzlt6aJCsq+7v+S+XfG/950iU0hUuC5yMAwFkplL9yjVmQgDnKJ0SYEV/8eaVqtJaTzyf/5q7K15t/nVRH6Kfne8nWP0llEamvTh7i3/O9ZGuSr31udNtvnk+uGV4t6p2kJ0nbZZPbAc6D5yMAwFh7P//ctPsFqMAc5gMiXDI2/k3ykQ9O2PhO8qObKwtLAReR5yMAwFinC1AN4QfmLp8P4RLxZ8lH2pIfXTsmLP1C8pV/Vc9Owfzl+QgAcFYEqMDcVSgk5XLl30Ad/Uly+OeVBaQ+NbxN9SnUh+ciAMDZEqACABfet26udw+ARPUpAMA5KNa7AwAAAAAAlyoBKjC3FQqplNsAwDxXjuH7AADnQIAKzH3yUwCIByIAwLkRoAJzn2obAPA8BAA4RwJUYJ5QdQPAfOY5CABwrgSowDxRSMo+PAIwD5XLSVSfAgCcKwEqMH8UhKgAzDMWjgIAOG8CVGB+KUSICsD8UfDMAwA4XwJUYJ4pqEQFYO4becypPgUAOF8CVGB+8nkSgLlM5SkAwIwRoALzVDVBVYkKwJwy/Fzzm0IAgJkiQAXmt0IhY8Y5AsDsVB7+h+AUAGCmCVABxn3YFKYCMJtUn1uFkX8AADDDBKgA46hIBWAWUHEKAHDRCFABJpn4YbQ8fq5U86YCcDFMevaMea3iFADgommsdwcALn2F8Z9RCz6wAnARjH3eePYAANSNClQAAAAAgBoEqAAAAAAANQhQAQAAAABqEKACAAAAANQgQAUAAAAAqEGACgAAAABQgwAVAAAAAKAGASoAAAAAQA0CVAAAAACAGgSoAAAAAAA1CFABAAAAAGoQoAIAAAAA1CBABQAAAACoQYAKAAAAAFCDABUAAAAAoAYBKgAAAABADQJUAAAAAIAaBKgAAAAAADUIUAEAAAAAahCgAgAAAADUIEAFAAAAAKhBgAoAAAAAUIMAFQAAAACgBgEqAAAAAEANAlQAAAAAgBoEqAAAAAAANQhQAQAAAABqEKACAAAAANQgQAUAAAAAqEGACgAAAABQgwAVAAAAAKAGASoAAAAAQA0CVAAAAACAGgSoAAAAAAA1CFABAAAAAGoQoAIAAAAA1CBABQAAAACoQYAKAAAAAFCDABUAAAAAoAYBKgAAAABADQJUAAAAAIAaBKgAAAAAADUIUAEAAAAAahCgAgAAAADUIEAFAAAAAKhBgAoAAAAAUIMAFQAAAACgBgEqAAAAAEANAlQAAAAAgBoEqAAAAAAANQhQAQAAAABqEKACAAAAANQgQAUAAAAAqEGACgAAAABQgwAVAAAAAKAGASoAAAAAQA0CVAAAAACAGgSoAAAAAAA1CFABAAAAAGporHcHAIBpDN2ZTf0rRl8Xn8m2loN16syqPH7yjuyd0Jc9fZvzRGl442+zrvD+vFCeeO6R3L9we9Ym4+5pTfPWPNAwuaXRa445b6zTvi9j+lp8Jtsab8zj2T5lWymtz8N9t6QrSQov59EFu7J8uvZqHQMAAMxJAlQAuER1DtyXRwZ7c//CrSMB4p6+zdl0qqNOAd7BPLCwJztP3Z1DTaPB59qWrXl04L48UnphJMT8SN/m7Cg+nceajiVZlp2n7s4Tp9ZX+t2wPdtaKqHl3oH16WyYcC+l9dlRSs2w+Ezelz19d6Sr8elsazo2En6uaZ7qnpZl50By/8Kt07yfq/L44IFsW7g9w8HsI31ddQyyAQCAi8kQfgC4FJXW54nB1qxpHl99ubblmawp35InBpbVrWtn71jWNPQm5SsrVZ5VHY0vZ015ZfaWxh/dOXRlOoq9U1/qjN6XZekqJx3FY5WdDduzrfnI1Ncbuj07SrfkkZN3Zk/N/h/MAyNh6cE80HwkKXekc5o7BgAA5g4VqABwKSpfma4cycZJQ84P5rbiHXli6OZ0Nu1KV9/m7MiRpLQiXdWh6qND20eHv++pVoRuLN2dJ0pJR+NwdeiEYfnJaOXnmGHro8efi1XZMdiaFF+YMBT/57mteEueGFiVDSMB5arsKB3IxuK6ScHq2bwvaxp6s6N/cx4e7nfD9jwwxeU6C89l28JjlarWk5trTikwUUfDzw3hBwCAeUKACgCXoM5Sa5KpqzA7ir3JUNIzcF9lntDCm3l04faRoeuVELAybH73UNJRqh5Xuju7m7dmW+7MpoHhAHZ0qHvnwH15ZOi1PNpysDIv6MDwdVfl8ZOfyc6GJ7OhOnZlb//mbJrYsQnjWroG786mwSTpzcaWrXlginEva5teTkffuuwsHaxce+jGpHF7Ulp3zu9LkixvejLbindmU3+lD7UC4OXVKtWR46eaUmCCPYPJxpZzDZMBAIDZxhB+ALgELa81hD1JV6k1SdLW9GTuL46vhlzbsjUPNKzK4yfvzo7qQk7Lh49rfLpSXVl4Mx3V4zuKvekqtU1qs3NoZbrKt+SRk5uz6eQd2ZvWHBqzMNSa5q3ZtnD0z6ONk/vb0fh0ti18JmsmnDtOcVc2FluzY2BVkmXZOfjmFNWlZ/e+jGjYPtK3rsG78/Dppj1oOJA1E6YZmGTozuxunGJRKwAAYM4SoALApajwZjqyIruHJu6ozu9ZYwj5nr7N2XTyxty28OlsLJy+meVNP8jG8h3ZdHJzNvW3ZmPzmOrL4jPjQtIzGdo+WWXO0L39tecYXdt4JCndmD2lm3OoeJqh8Wf4vuwZWD8yR+nypiezrflIuoZuPv28pWPC5UlK6/Pw4IFzfB8AAIDZSoAKAJei4q7c39ibvf33ZeeYuUD39N2dHXk59085H+mq7C71ZmPLGVRIVistOwc+k0NNwyHp6BD95Q2vpaO0brTt0vrsnBRanqGG7Xm0sTVPnFo/dYDZ8Fw2Flbkib4rc9vp5lk90/elNH6hrc5Sa1Lomjac7RxYlzTVGr6/Ko/3J/cPz9U6tH5c+wAAwNxVKH/lmlqD6gCAehuzkFOS0QWeksqcpYOVYevDix/t6dtcme80vekotKar3Js/akh+PFQ9rvHldA3eUhmmXng5/7JhZf7t4Pih78PXGnv9FF7Oowu6smPsglPVvoy2mSS/zbrC+/PC8P9dFF7Oowt2ZXkqc7JWphV4L8mS8fczdGc2DR6Y4nqjC2Gd6fuSVCpQk5V5Ylz/J4ejY9saP09qZXGtNG/NA4X1ebjvlvFD+2tcDwAAmH32fv65afcLUAFgHuscWJ+upl1jAspl2TnQlg1NB6c5CwAAYO44XYBqCD8AzFel9Xli8Mrx24Zuz6Gi8BQAAGBYY707AADUSXFX7m+8L4+c3Dxm2zPZ1lK/LgEAAFxqBKgAMI8tb3oy25rq3QsAAIBLlyH8AAAAAAA1XLQK1P5CS15f8IG8vuADOdHQmrea2pIkVwz0ZNFQb64+9atcfepXaS73aXcWtgsAAAAAc1Gh/JVryheygf5CS15ZvDavLFmbgcL0k6o1lftyw3t7csPxPecd8Gn34rQLMLVVefzkHdk78vpI7l+4fcxK72Mty85Td2dH9Wm0pnlrHmgY3bunb3OeKCUpvJxHF+zK8uEdpfV5uO+WdE13zhT7zsTY8zsan85jTcdG9nUO3JdHBlsn3VPNc4buzKb+FZWvJ97DRL035NZfXDX6um1vnr/u7bPr/EyZ0Je7fu/ZfKn18nzzJ2vy3eGNba/mrp4Pjr4etviV/HD10SxN8kb3R/Lp11qT9OZPP/xSPjXpEbUgP9q/Ll87Pv68M+vPed3hlPb0bc4TeSbbWiYspFVan4f7rszG6t/5nr7N2VEc/71RS+fAfXmk9MLka46zKo+fXJfrW57Mhjk+Pqhz4L48kR+c0XsHAAAXw97PPzft/gsaoPYXWvLs0s+OVEGeqSsGevLJN/7qnMM97V6cdgGmNHRnNvVnQmBaCVQzRZjZOXBn9jZsz4bicDiZbKyGSGODp/Eh1NiwaULwNHRnHs/2sw5Nx/Z/5Pxq+DkSwg7dmU0Db1ZC0AlfT33Oqjzelzww0uc7src4RTiX4aDxvWz7+Cu5qbpt3+FPZtOJaULFC63vqnzpZ0vyx2P6NBx4/vKa4QBz4utqyDo2/B0OP6cKhKv7PrHyhXyz/dQ59GcmDQf/EwP/8ds7qiH6xHD93A3/EqF35Ht/nNL6PD708zwwFwLH6s/HzL13AABw/k4XoF6wGof+Qkt++P4vnHWolyRvNbXlh+//QvpPU0mp3fq1CzC1VXl88EC2Ldye9G3OppPDfyrh6W2Dd2bPhDOWN20fCYyWN/0gGwutOVROkmXZO5RsbDpY3fdC1pRurJw/dGP2Fl+onncwGxuT3UPLkizLzoEV2du/OQ8PLDu3W2gYE742bM/9xaSrVLnWnsEVWdNUrSBteC4bszJ7S9Odc7Aanlb6+UDzkaTckc6JbfZdlcdea81dvzc+GLzpur256/gNeax7wbndS128nT9sS3JiUd4Ys/Wula/kEz3t2Tfh6H1vJHed/SPswhjqyPUtT2djYUV2D43dcTAPtLycjuqr5U1P5v4Z/T+oY9mw4JmsqbF3z0Cl0npOaNieRxt7690LAAA4KxdkDtThisjhoeQrTxzI4qHevLL4IxkoNp/RNQaq1zibCsmJ7dbS3n8kbX1H0t5/JAPFlrzV2Jb971t3wdudzmxqF6CmoY5c37RrZHjztpZKhVnnwH3ZkWRt05vZOZRk2urQI7mtIUnp5uwu92bjSFDVk+sLrekqVYLMjuLobwiXF3vTNdiWpCdrmrdWq1Lvzqah0wyZPyO9Q8oKlAAAEH5JREFUua3hWJJV2V3qzfWF4e3H0lFoze4px3EMnzNZR8PPJ/enb0n+Nkfzx5OGpFfCyE09V+aN9qPpPPzJ/HmOJj1X5W/b9ub5pe1jhrUfrVavXp5v/uT6fOjDh/LLn63Jd8cNnZ8wBD8ZrQodM0T+jKpBa+m7Kn/ek3xi5Zvjq2YXvJk/WnxD/rz716PX7rsqf7341/nD41flz8+hqTe6P5JPHz+UHy6+vjJNwJgK19GpA878fvaUkjVNx5KG3uwYWJ/OhnP43qkO9e8orsjeUqWitGNg7HD/idNbJCk+k20jj/Lh/aPnPlFKUhr+fu7KjuFq2OY301XYNaFitVKRnWKyt9Q6Wgk93ObINBJjqmrHXmfMlBMjVaLj7um9rC4syf7y6LVSrcit3dbY6x7Jxos2Az8AAMyMC/K/sK8sXjtSEbnyxIF84p1nkiRXDPbkv17xmTO+zltNbXll8drc9N4LZ91uLR9/+5lcd/LAuG1X51cjAeqFavdMzJZ2AWrpLCUdTZWg8bYxw3OXNz2ZB5IkXcnAsqRGuJjSzTnU8Fw21GyhUp3aMdWuckc6czDLq1WpDyzsqQyLHtp17sP5syq780IemKbasKs08X5qn7NnMNnYMvne3zi1JMl7U15/+eLe5ETyVvdHsqknyeL38sOPP5ulSfYdXlOdC7QyjP6ve3+dv/9NNSD9WXu2ffzZ/OHhT+bP31mQT7Wfyr7Da/LayhfyfPupSsDY05UfXvd2ZWj8b4ave3m++ZMb86PLXsqnkiRXZdNPrprUr7smvP7uLz5ZDWaPZtvHn51iiP2pfOqao/naL67NvvZKpe0b7yzJhy47mhyf8tan13tDNSBdk8cWv5DnP3xlvvSz9uy77u3c1HtDPn38UJ7/+HAwPNpmTaX12Z2fV75PG15Lx2Clunj5WVWarsrj1Xl5Oxq3ZlvD8DQUSUf1Onv67khX49PZ1nSssm/otTxaneIhac2Ovhtz/8Ktua1vc3YMLctjLVtz/9j5VofuTJq3ZlvD8NQVY9tflp2nKuFlx8gvMJZl56l1ub5lax4oVud4Hfh5HiveOPk6pfV5eODNPLpwezVg/Ux2NryQQxPuqXIf96VruBq76Qd5tOFYlhdrtNVwcx7uT+5fuDVrsyo7T607zS9RAADg0jLjAWp/oSWvLBmdNWyg2DJu39l6ZcnaM1rsaGK7U2nvPzIpPL0Y7Y51+eCxXH3y1STJ4YU35kRja5pK/SOVuefT7g3H96S9/0iaStOfO1BsSXfziryyePT8M20XYDrLi8ne0sHcVrwjO4aWZUNxQlhY6kiKtRbSWZadA1MHjKPGVoBOUOiaUC14LGsaerN7UsB55vb03ZjbWrZPe0zHhHusec7QndnduL0aJI+3dMHU4WmSdB5vTdKVK9pfyrbjn8yfLx6t7LzpumerFaeV0PSunMqnVu/NL39yfT704WpIuXh0uPTyxb352+MLkpwa1+Yb73Tkb4+35tM/uWFk2119SVqS0crWYdU5Tyf0867fezZfarkqX/pZR/6+L7lpqkd+66/zp4vXVatQF+Qvj3fnS+2ZNKz/jLS+kh+uXJJPHz9UrS49kZVZkiTZ98ZVuWvpKyPHPf/x01+uc2hl9g7ekk2Do9t2T/U9PK2DeaClIw/3XVmpok51uH9pc3ZUj+go9qar1JbkWJYXe5NxUwX0ZmNLZe7VzmKNYe6FN9PVtzmbis9k28InJ+ysTAVw6OS6XD/8PV+6ObvLrenqG+1D0pY0TL5O58DKdJVb88jJW0YvWZ58T0mytrE3Dw+/P6W2dOVYltdoqzMr01V8oTqn7MF0FO44kzcTAAAuGTMeoL6+4APjhpS/vuAD+Zuln82Swd4cXnTjWV9voNCS1xd84LTB58R2p9LWd2Tc631L1qW7ZcWMt3vVqUNZcerV/OTy8R8QLh88ln/U8+9HXt9wfE/ebqpMH9DdvOK82r3h+J6s7Z1+wtuxrj71qyQZCVHPtF2AaTV05VDfqmxoeTpdp+4eF0atad6a2wavTEeN/1Tv6ftM0vTkaAha/HluK3wmXaVUZ+xuy6Fyb24rJmsbj+SJwUoIlSSdpdZ0FHumvO7EgLPSVnVYdFIdPj051O0cuC+7G58cE3hWguHRIfvL0lUeH+hOPqeqtD4PDx7IY7UeUy3v5RO5IX/d+0puGjeMf0H+/kTyibZKaDpx7tR9hz+ZTT1Hs+3jL+RDU4SaEy1tP5A/3b8ut/4kSXrzpx9+JUuTylylUy3wdLa/U2s5modXduTTr16VdVMufHUq69p687WeK/PGgiXJcMh5Abx2akHSeqbTECzL3tJreXTh6JD9SnXozelsOt8pIMZb3vSDbDx1d2Ve4GpgelbXL+7KYwt3VYbEn7xjdIGzaU1cFCtJDk66zsZk6p+HUiZrOJCO/tuzp2l7MtSRjqaD1eMmt9U5sG7cqR21wmEAALhEzfgiUkcWfHDc60WDvWnvO5JFQ71p768EmCtPHMjqd1/I6ndfSFOpf9Lr013zTNqdynD7SUbmPe1pXpGe5qlD1HNtd8nQO7nu5IGsf+Ovsmhw9EPCDe+9NO645nJfLh/omRTAnku7w4Ho2Zh4zpm0CzC9g3mg8cZsOnl7OhZszbaFw3+eSfo3Z3fjxBCnYjh4rMzluCw7B1alUkGa7BhYVT1mXfYWD1TObziQNaV12VlKklXZMZgp5hxdlR1Dr2XjFOHS2pYxfZsiPM3QnXkiPxgJpvYMrE9nKsHt3urXGbo9O/Ja1hSnPydZlcf7k/uH2xlaX+33GC1H8/DK3nz3Fx/Jj8aElvsOr8vX8koennL+zsvz1z2VEPR0K9JXqk6TN7pvzC+veTbPf/zZPP/x4XlRk6WXdeUTPdePtt13VX50jhnX0vaXsm3RDfn04ctr7D+Uu47fkE//5r38i0lzvp6vJfn7vmql7WvXjlS2vtF9w7j3dZKh23OocXxQurzhtXSUq4uEzaDOgc/kUNPw99+TE+YvHa9SqTqxr3dWFkhr2J5tzUeyd3DV9A0Wf57bCiuyY2RRterP1xTXWd7wWjpGfq6SlNZX5iye0sHcVlyR3UOrkmL1vavR1vJibzJy3WXZO9SarsG783jNawMAwKWlUP7KNVMuf3Gu/kvbP8/bjaMrH7f3H8n6N/4qSaXic//71mX9G381EmZ2N68YF2weL7bmv7T983GLTV0x0JM7jj19Vu1OZWK7u5Z+dtrjz7XdxUO9uaPn6ZHh8N3NK9LdvCLXnTiQxaXxn0iH35PzbXfsvY299kCxJavffWHKofkT34MzaRfgzExcKGeqCriKcdWgVaNVdcsq85iOWbBmJOQas9jNyPGl9Xm4b3jF8tptTqezuiDOWCOL6Yzr7+j1a57TcPOY/lRNvI+xxizklKTmokiVeU+HK1CTpDefWNyavz3+bj6z6H35wYkkOZo/XbkkXxuzkNLDuXHkGsOGrzX2+ln8Sn54zZJ8ekxfKsdNWISq7dXc1fPBMa+H+zvmuCXHk/cWj/Thm9X5Vx/LgXyzPfnR/nX52vAcqItfyV+2deRfvJYxC19N/d7cde3RfPfXw4tevZKVr90wZg7WV5KR92a0XyNzji6YUGk62JpUF20aCfGHv++SdDQ+n47BW0cWRvqXDSvzb6t/3+MrQCcvoJQx3xtrmrdmY2ny98qa5qdz/cBwe0eysbE1O6rHdDQ+nfvzmco5hZfzaFOyY3Bl9pYm9nliv8d8/4/7uaieU16fx6e4zrjv5cLYRatS42cw43/OpmqrOP59XlNM9uaFbGs5OOXfCQAAXGx7Pz/9qO4ZD1C/u/xL416fLkDtL7Tk7aa2XD7QMxLyTRUq3tX5zbNqdypnG6Cea7tXnTqUj7zz7KSwdCpT3eu5tFsrQN3/vnVpKvdl7TvPTRqeP9V7cLp2AZi93ui+Kp3tR8fPZ9q9IJ9qf3uas+qg76r8qO9oPjXjFar11zmwPl1Nu8YE+8uyc6AtG5pqzQ0MAABcaKcLUGd8DtSztWvZ5/J247K09R/JP6wGre39R7J/hq6/+t0Xplxdvr3/yEhYeKZh6pnqabk6TWe4GNPrCy/CsPlyrRVXAKi3dwYa84/3/P4Fb+f5D7+Sx15bkj9uH7Ox99r8ckFlHtJbf/LJC96HM/H87x3Nrb95Lz9cPbN9+uOrDueLK/5+xq53Tkrr88TgldnYNGbb0O05VJx+oTIAAKC+ZjxAvXzw2GmH0o81fGyteUiHr3k6iwZ7c6Lx3EpVumu0fSbtTnW/A4WW/LcrP5OPv/XMtFWox4utU75X59ruVG44vqfmEP5zaReAmXVZ02Ce//izF6Wth1d+JJ8eG0q27c3z11W+vFh9OBPPr67++xLq04wo7sr9jfflkZObx2x7JtumXwMTAACosxkPUBcN9p5VgHqm1zydywePnXOAerxh6vPOpN1a93u8ofW0VagvXTZ1Zc35tDvWVJW3p7smAHPX0vaX8nz76Y/jwlne9GS2NZ3+OAAA4NIxzdqv52bFqVdn+pJndM1ax7y26Mb8zdLP5m+WfjZvNY6uZvtWY9vI9tcXfmDG2z3e0Jpn2u6uWd36d4vW5uiC62es3dcXTH0P05l4zoX4uwMAAACA2WzGK1CvPvWrNJX6M1BsnpHrNZX6c/WpX51zu8cbWkcqTAeKo2PkBoot004bcD7tLhrszXUnD2TxUO+khZ36Cy3Z23p7Di+6cUbbfWVxZTmK9r7fpKncP+25A4XmdLdcM3LO2bQLAAAAAPPJjAeozeW+3HD8pSlXlj8XNxx/6Yzm77yU2j3R2JoTDa1ZPNQ7rgL19QUfyOFFN2agUHuys/Np95XFa8eFomfjTNsFAAAAgPlkxgPUpLJw0esLP5i3G5flrabKUPkkOVGtBN3bensapwjrho8brAaMlw8eyw3H95xxuze998JIu+fj8sFjZzV/6Nj7HXZ40Y01q0yna/ds7neqds/F2bYLAAAAAPPFjM+BmlSqI9cf+15liHmhMlS+p3nFyFD6t5raRraNNbztraa2NJX6s/7Y9866KvL33/iP57Wa/OWDx7L+2PfO6pyx93uuzuV+69UuAAAAAMwXFyRATSrh3qe7v3VOYeblg8fy6e5vnVOot7jUm/XHvnfO7Z5rmFiv+61XuwAAAAAwHzR89Q8u++oFu3iGcu3Jv0tDeShvN7WnVGiY9vimUn9Wvfff87F3/t/zCvUaMpQPnng5Sca1O7ywU1JZXOq16hD74XZve/s/pSFD59Vuve63Hu0CAAAAwGzXddN90+4vlL9yTflidKS/0JLXF3wgRxZ8MCcaW0fm7bx88FgWDfZmxalXc/WpX814oNdfaMnhhTemu+Wa3PTu87lisCdJ8lZjW/a979a09/0m1508cEHardf91qNdAAAAAJiN9n7+uWn3X7QAFQAAAADgUnO6APWCzYEKAAAAADDbCVABAAAAgHmrWCxMu0+ACgAAAADMW81NTdPuE6ACAAAAAPPW0stbp90nQAUAAAAA5q0lixdmRceyLGxpTrFQTLFQzMKW5qzoWJYlixemsd4dBAAAAACop8WLFmbxooVT7lOBCgAAAABQgwAVAAAAAKAGASoAAAAAQA0CVAAAAACAGv5/pNFI05MKkmsAAAAASUVORK5CYII=" height="600" width="800" />
Username:Admin
<img src="data:image/png;base64,iVBORw0KGgoAAAANSUhEUgAABVAAAAJcCAYAAAAfG4+9AAAAAXNSR0IArs4c6QAAIABJREFUeJzsnXm8XEWZ9391uvtuWe7NQhKSkAVCCLIFIqBAQCBu6KCIg4LMqDM6ioq44TozuM3gO4wj4AyoM+DoC/oOyiKMEUV0WDIQtrAkxGxA9j25+729nFPvH6e77+k+Vaer6pzTfbrv8/2IT7q7urru7zm/fupW1e1mnHMOgiDqR7YfGNgFPrATfGAn0L+rGLfD2fE0WK4fnAOMoSJaVuVtBoADYGDg4EoRABhj4JzXjlXP976iL4oGLItB/VRTq7k3aqAzXL/eCpGb6xwYBc8301k3f2Y6G728ts66+TPTOdE+0dRbNY/hdG5Bn9TMo5nOuvlrSp8kyS9N6ZP6+CWczrr509NZN3/aOhvlMdz70njyia/bWP3SRHVFxydJ8otR/prEJwnwS9P6pGF1xUxnghCR+uEODA2P4ODhfmRzBQBAe1sa06ZMxoSuTjBaQCWIBOHkwbc9Dr5pJZxNK4G+7ZAVDQY3mhQ7i1kGk5X4J1dKaNZaccfx/zIS5aQweJIS0+TKk8coJ4XiPNZjciXwi+FkMFKfeHRWvuyMddbNX8J9opXH+H8Zid8npVhnnyTJLwb5M9dZNX/h9U5OXYnfJ8qXqwkqPonQLy3hE6or9Zl/UV0x11k5j+Hfl5qirsTlkyauK7H4hBi3jPzLJuzce0D42JyZ02kBlSASzYH1cDathL3uF2D71wmLi8XMJh+WZWkVxXoUcx8xFcV6THpb9gSEltAGL6+ts27+ovylNiE+0dRbNY/1mPQ2lU9q5tFMZ938NaVPkuSXpvRJffwSTmfd/OnprJs/bZ2N8hjHYmlr+sTXbax+aaK6ouOTJPnFKH9N4pME+KVpfdKwumKmM0GI2PH3z2I0mxM+1tHeRguoBNEccPD198F+9FvAwU0VRaNyUVS/2AGqRTT+yZWiFJoDEXUS/y8jiTwBYSJfxJNCcR7rMbny+yURJ4U8OitfdsY66+Yv4T7RymP8v4zE75NSrLNPkuQXg/yZ66yav/B6J6euxO8T5cvVBBWfROiXlvAJ1ZX6zL+orpjrrJzH8O9LTVFX4vJJE9eVWHxCjFte+cqTcBzxBWNZDFadx0MQhBEM7PhLkP7oU7Auuhl84iwAGCtexeg4HOA1imJVBADHccRFsaodhyRyQWSSKGovq2pcEIOKoixWdysbh+G4RXr49A6afFRHnfxFNN4gPUx1DmxfMReMcNw19DDVWTV/YXSuqQOvMfsL6xdfdwn3iSyPsrxo6qx73Znq7BHcH4W/O9XZJxo6x+6XJNQVX3fR+jtIh7jrShiddfMXqU9KUcUnEV53Yet3InwiqyuKOge2E3Ybrb+bZv6l4G+RHi1bV3R8Isuj7P3LQOemqitx+URR5yTWldA+IQgPssXT0mO0gEoQzYSVhrX0w8hc9QKs878JdE5xixVjFRGcwREVNyaIxSLpW0StagcADJLIBJFLoqh9sR8fTBBlkxJZe1G3snEYjlukh0xnXxTlRTYpEeUlovEG6WGqc2B7T7+RjruGHqY6q+YvjM41dWAyodV0rplHX3cJ94ksj7K8aOqse92Z6uwR3B8F/dbdJxo6x+6XJNQVX3fR+jtIh7jrShiddfMXqU9KUcUnEV53Yet3InwiqyuKOge2E3Ybrb+bZv6l4G+RHi1bV3R8Isuj7P3LQOemqitx+URR5yTWldA+IQgN6E/4CaKZGdyDwt0fgLPzKViyIgYGsOLtoJ14TwTg6ydwNsA5wBRjzVmFh1rNq3caFdEZbjnqDKf0y5WK3gF5E+7oVj3fTGfd/JnpbPTy2jrr5s9MZ9X8NcQnmnqr5jGczi3ok5p5NNNZN39N6ZMk+aUpfVIfv4TTWTd/ejrr5k9bZ6M8hntfGk8+8XUbq1+aqK7o+CRJfjHKX5P4JAF+SYpPHCsNTJ0PZ8I0sAnT4GTagXQ7eGcPmJUCsgOwnALg5MFGBsAKw7AG9gN2rs51xUzncQV3AKcA7tiAbQN2AbAL4Nkh999Emc1feiLwcVpAJYhmx87BfuBjsF/+JVixmMgmJ8IvnJIUTaC6uMY/uVJCs9aKO47/l5EoJ4XBk82YJleePEY5KRTnsR6TKzdG+cuTOJrrrHzZGeusm7+E+0Qrj/H/MhK/T0qxzj5Jkl8M8meus2r+wuudnLoSv0+UL1cTVHwSoV9awidUV+oz/6K6Yq6zch7Dvy81RV2JyyfF6GS6wI84GrxnDpypC4BUWjtf6cF9wNBBWAP7wAojxjo31CfjiUIWPDsMnh0GcqONHk3DoQVUghgnOKtvRuEPfw/GHXBw8YlUXlocVZtEuv9zn1+PYu4jpqJYj0lvy56A0BLa4OW1ddbNX5S/1Pqf3xCfaOqtmsdwOregT2rm0Uxn3fw1pU+S5Jem9El9/BJOZ9386emsmz9tnY3yGMdiaWv6xNdtrH5porqi45Mk+cUof03ikwT4pRE+QftE2POWgR95Arhl6fkjII9W306kD2wCK4zG6BcznQkBdh584BD46GCjR9IwaAGVIMYRfOsjyN/zl2Ajh8tFDJLipvpn/UCpyMY/uVL7IVUHgICO4/9lJJEnIEzki3hSKM5jmEmsXv4Sd1LIo7PyZWess27+Eu4TrTzG/8tI/D4pxTr7JEl+Mcifuc6q+Quvd3LqSvw+Ub5cTVDxSYR+aQmfUF2pz/yL6oq5zsp5DP++1BR1JWKfOKk0+FHLYM9dCpbK6OdFsa5YB19F+uAWwM43h0/GO4Wsu5CaHW70SOoOLaASxHijbxvyv3w/sHdtRRGzJJMPy6o9iQQD6lHMfcRUFOsx6W3ZExBaQhu8vLbOuvmL8pda//Mb4hNNvVXzGE7nFvRJzTya6aybv6b0SZL80pQ+qY9fwumsmz89nXXzp62zUR7jWCxtTZ/4uo3VL01UV3R8kiS/GOWvSXySAL/UyyeFI46Fs/AsoHOiNC/W6ADYwF6kcv3u4qddALL9YGBw2ieCpdrcRdi2ybAnzQA6uuU+KeSQPrgFqUOvRuwXM52J2vDRAfC+/cVcjQ9oAZUgxiF8+xPI3/kOMKfgK4YQTFaki6gVEcXPUI1vcqX2w6kOAAEdx//LSCJPQJjIF/GkUJzHMJNYvfwl7qSQR2fly85YZ938JdwnWnmM/5eR+H1SinX2SZL8YpA/c51V8xde7+TUlfh9ony5mqDikwj90hI+obpSn/kX1RVznZXzGP59qSnqSkQ+yS84E3zuUuFnnFrZAVi9O2AN7gPLD2v5xUl3gE+ahUL3bHcxVaBzqm8H0rtfSrZPiDI8nwXv3TNuvmyKFlAJYpzirLkd+ZXXVH5xVLHoQTL5AGrv7DJmIa5i7iOmoliPSW/LnoDQEtrg5bV11s1flL/Uyn0S56Q3rN6qeQyncwv6pGYezXTWzV9T+iRJfmlKn9THL+F01s2fns66+dPW2SiPcSyWtqZPfN3G6pcmqis6PkmSX4zy1yQ+SYBf4vQJUhkUjr0AfMYigLEKHZEbRubAerD+vWY+qcqjPXk2CtOPBc90+gZsjRxCevtzYE5B80KNwSdETbhjA717wXMjjR5K7NACKkGMY+wHP4vCs/9RuYjqiaI/6wcCdnbh1iSlk6gGRV8JzbmpuOP4fxlJ5AkIE/kinhSK8xhmEquXv8SdFPLorHzZGeusm7+E+0Qrj/H9MlI/n5RinX2SJL8Y5M9cZ9X8hdc7OXUlfp8oX64mqPgkQr+0hE+ortRn/kV1xVxn5TyGf19qiroSwie8sweFxecDPXOK9xb1dQpIHdiE9OGtsdQVZ8oCFKYvAlKZiuFZ2X6kdzwHqzCSPJ8QAjj4wEHwob5GDyRWai2gWnUaB0EQDSD1ln+CddRZcDgHuKfYFaMjKIaAv11pn4UXq4/DnYrb5ce9kUmiqL2sqnFBDCqKsljdrWwchuP2RYF+gZOP6hg0eazOS0TjDdLDVOfA9hVzwQjHXUMPU51V8xdG55o68Bqzv7B+8XWXcJ/I8ijLi6bOutedqc4ewf1R+LtTnX2ioXPsfklCXfF1F62/g3SIu66E0Vk3f5H6pBRVfBLhdRe2fifCJ7K6oqhzYDtht9H6u2nmXwr+FunRsnVFxyeyPMrevwx0bqq6YugTnsogL1g8tbIDyGx9Ur54GpQXxbpiHXoVmW2rgZG+inE77ZOQn3MaHJYOzl8NPUL7hFCEgU2aDkyc0uiBNBRaQCWIVsbKIPPeO8EmH1UsPsXixsaidBG1qh3gFlthZILIJVHUvtiPDyaIskmJrL2oW9k4DMct0qNaP+kkvrqdbDIiahfheIP0MNU5sL2n30jHXUMPU51V8xdG55o6MJnQajrXzKOvu4T7RJZHWV40dda97kx19gjuj4J+6+4TDZ1j90sS6oqvu2j9HaRD3HUljM66+YvUJ6Wo4pMIr7uw9TsRPpHVFUWdA9sJu43W300z/1Lwt0iPlq0rOj6R5VH2/mWgc1PVFUOfOIvOBXrmlG+XFk/T21bDyg0q62xaV9joANq2Pw020l/5PtoxGc6ck4PzV0OP0D4htGATpwAdExo9jIZBC6gE0ep0TUfmXT9CeSeQMziOZ4eQSRZRq06sAlU7mZyP3U7qjq6s24h3opvmBETAeIP0MNU5sL2n30jHXUMP4xMQivkLo3NNHbhMaDWda+bR113CfSLLoywvmjrX/QSEYv7q7hMNnWP3SxLqiq+7aP0dpEPcdSWMzrr5i9Qnpajikwivu7D1OxE+kdUVRZ0D2wm7jdbfTTP/UvC3SI+WrSs6PpHlUfb+ZaBzU9UVg/Hm55wCZ9aSiv5T/buQefVxWE5BS+cwdQV2Dm1bV8Hq3VEx7sKEGShMX2R83YX2CaEFA4PVPQNItzV6KA2BFlAJYhzA5p0DNv8cwLMjWL1o6ltELVahoBMQpYKU2B1dWbcR70Q3zQmIgPEG6WGqc2B7T7+RjruGHsYnIBTzF0bnmjowmdBqOtfMo6+7hPtElkdZXjR1rvsJCMX81d0nGjrH7pck1BVfd9H6O0iHuOtKGJ118xepT0pRxScRXndh63cifCKrK4o6B7YTdhutv5tm/qXgb5EeLVtXdHwiy6Ps/ctA56aqK5rjdaYcBRx9VvGWe7+VHUB69wtGOkdRVzJ7Xho7iVp83J5+LPjkmeL81dAjtE8IfZgFa8oswBp/y4nj7ycmiHFK+tyvFnfsxnYGHce/iAo29jjnHKWTqIB4R5BzntwdXVm3Ee9EN80JiIDxBulhqnNge0+/kY67hh7GJyAU8xdG55o6cJnQajrXzKOvu4T7RJZHWV40da77CQjF/NXdJxo6x+6XJNQVX3fR+jtIh7jrShiddfMXqU9KUcUnEV53Yet3InwiqyuKOge2E3Ybrb+bZv6l4G+RHi1bV3R8Isuj7P3LQOemqisa43VSaRSOvQC8uMjFwQEnj/TW1cY6R1VXMtufAuxcxXjzRxwvzl8NPUL7hDAjlQGbPL3Ro6g7tIBKEOMENu8cpBa92S1Cnp3B6kVUtxhV7iCWtu5kO4Ll10jajq6s24h3opvmBETAeIP0MNU5sL2n30jHXUMP4xMQivkLo3NNHZhMaDWda+bR113CfSLLoywvmjrX/QSEYv7q7hMNnWP3SxLqiq+7aP0dpEPcdSWMzrr5i9Qnpajikwivu7D1OxE+kdUVRZ0D2wm7jdbfTTP/UvC3SI+WrSs6PpHlUfb+ZaBzU9UVjfE6s04EOidW6NG2bTUsXjDWOaq6wuw82rY9VTFetHWhMH2R9nUX2ieEOR0TwcbZn/LTAipBjCPS538DYzuCY8VRuIhaerwYOdffEWz4jq6s24h3opvmBIRO/jx6mOoc2N7Tb6TjrqGH8QkIxfyF0bmmDlwmtJrONfPo6y7hPpHlUZYXTZ3rfgJCMX9194mGzrH7JQl1xdddtP4O0iHuuhJGZ938ReqTUlTxSYTXXdj6nQifyOqKos6B7YTdRuvvppl/KfhbpEfL1hUdn8jyKHv/MtC5qeqK4nh5KgN77illfQHAOrAJLDsQSuco6wpG+5E6sKminT1lARwrrZ7HKHxCGMPAgElTGz2MukILqAQxjmAzTwJb/I7yziA8RdK3iAr/DiK4fEew9LzSbbd7tR3S2HZ0Zd1GvBPdNCcgAsYbpIepzoHtPf1GOu4aehifgFDMXxida+rAZEKr6Vwzj77uEu4TWR5ledHUue4nIBTzV3efaOgcu1+SUFd83UXr7yAd4q4rYXTWzV+kPilFFZ9EeN2Frd+J8ImsrijqHNhO2G20/m6a+ZeCv0V6tGxd0fGJLI+y9y8DnZuqriiO1z7yJFgdk8b6c/JIH94qzoeGzlHXldShrWBOYaxdKgNn6gL1PEbhEyIUrH0C0NbZ6GHUDVpAJYhxRuqE97qLpSjuDHqKZMUiKopfLFVqB8FOYCkWH3ccZ+w2U9sh9fbjQ7SDKJuUyNqLuo14J7ppTkDUyJ/Szq6GzoHtPf1GOu4aehifgFDMXxida+rAZUKr6Vwzj77uEu4TWR5ledHUWfe6M9XZI7g/Cvqtu080dI7dL0moK77uovV3kA5x15UwOuvmL1KflKKKTyK87sLW70T4RFZXFHUObCfsNlp/N838S8HfIj1atq7o+ESWR9n7l4HOTVVXFMbrWGk4R51aoUPq0FbAGfvMUVOdo64rzMnDOvRaxfgLU+ar5zEKnxChYZOnNXoIdYMWUAlinJE6ZgWYZbmLoyxgERXF2/DsIILBrVVqO4IN39GVdRvxTnTTnIAIGG+QHqY6B7b39BvpuGvoYXwCQjF/YXSuqQOTCa2mc808+rpLuE9keZTlRVNn3evOVGeP4P4o6LfuPtHQOXa/JKGu+LqL1t9BOsRdV8LorJu/SH1Siio+ifC6C1u/E+ETWV1R1DmwnbDbaP3dNPMvBX+L9GjZuqLjE1keZe9fBjo3VV1RGC965oC1dY714xSQOvxasE8UdY6jrqQPbwVz8mPtU21wJs1Qvu5C+4QIDUu3A6lMo4dRF2gBlSDGG+3dwOxlYKg8cQpPsfSeUGVwT6ICYzuA1be9O4Gl/8Bq75DGvqMr6zbineimOQERMN4gPUx1Dmzv6TfScdfQw/gEhGL+wuhcUwcuE1pN55p59HWXcJ/I8ijLi6bOutedqc4ewf1R0G/dfaKhc+x+SUJd8XUXrb+DdIi7roTRWTd/kfqkFFV8EuF1F7Z+J8InsrqiqHNgO2G30fq7aeZfCv4W6dGydUXHJ7I8yt6/DHRuqrqiMF572sKKfqy+HWBOPtgnijrHUVdg52D17azQ2Zk4S/m6C+0TIhrauxo9grpAC6gEMQ5JH/dn5ZOl0kXUUvFEKXp2AKuj6CQDr71DGvuOrqzbiHeim+YEhGL+And2NXQObO/pN9Jx19DD+ASEYv7C6FxTByYTWk3nmnn0dZdwn8jyKMuLps66152pzh7B/VHQb919oqFz7H5JQl3xdRetv4N0iLuuhNFZN3+R+qQUVXwS4XUXtn4nwieyuqKoc2A7YbfR+rtp5l8K/hbp0bJ1RccnsjzK3r8MdG6quqIwXvTMregnPbjP16+pznHVldTA3gqdna4pytddaJ8QkcA6JjR6CHWBFlAJYhySOu4dbnEqLZaKFlFReRIV8OwAgoPz8Dukse/oyrqNeCe6aU5ABIw3SA9TnQPbe/qNdNw19DA+AaGYvzA619SBy4RW07lmHn3dJdwnsjzK8qKps+51Z6qzR3B/FPRbd59o6By7X5JQV3zdRevvIB3irithdNbNX6Q+KUUVn0R43YWt34nwiayuKOoc2E7YbbT+bpr5l4K/RXq0bF3R8Yksj7L3LwOdm6qu1BrvhKlwOieP9ePkgeGDvn5NdY6rrrDhQ4CdK4+TZ7rgtE9U0iO0T4hoaOsArFSjRxE7tIBKEOMQNm0xMO1Yd/GUSxZR4d9BLG3hlXdguXxHkBf7A5fvkMa+oyvrNuKd6KY5AREw3iA9THUObO/pN9Jx19DD+ASEYv7C6FxTByYTWk3nmnn0dZdwn8jyKMuLps66152pzh7B/VHQb919oqFz7H4xuO5MdY7EJ7JxB7UP0CHuuhJGZ938ReqTUlTxSYTXXdj6nQifyOqKos6B7YTdRuvvppl/KfhbpEfL1hUdn8jyKHv/MtC5qepKjfEWpi+CxaxyP9bgPjWfKOocZ11JjRyuGCfvmq6kR2ifEJHAwIC2zkYPI3ZoAZUgximpOWeUF02Fi6goRu7ZQYS7Bxj5CQhItgZFO4gVRfIqWJ/vQ+qrfUh9bSxan34M1hsvlO446u1E3wLra6/BOkM27ltg/W3xcY8edT8BceZ/w/q7p2Ap6BzqBIQsL6r5E+RR9fpo6AkIxfyF0bmmDlwmtJrONfPo6y5af4v0COUTWR5ledHUWfe6M9XZI7g/Cvqtu080dI7dL3WpK4jOJ7JxB7UP0CHuuhJGZ938ReqTUlTxSYTXXdj6nQifyOqKos6B7YTdRuvvyOuKRv5MdA41/2qluqLjE1keZe9fBjo3VV2ppXN7V8V4rdF+NZ8o6hxnXcFg5UlZJ5VW0iO0T4jIYG0djR5C7KQbPQCCIBrExBnlRVPLchdRLc9tXrxdKoIAisWxKnK47VDa0SxGTxEr3ZbGYn8+VHZ0AfAXu+E8ULw9+Ryws74OdsHPYE2/As4DD/u7ZW4Hwsir49gAfI9XDZBhrB/lExCyyYpoUiLsd0x3V4zaOvuiKH+CPNaMKvkT5FGse7XOgqiUv8porrNqNNdZNUpR8YtG/sLorJq/UD6R5VF4UkJfZ608hvGJZv7q7hMtnWP2i0H+GuqTKPzi6Sf+uhK/T5T9ouMTQR7rUVfC1+8E+ERWVxR1brm6opW/CPwiyp8njy1bV3R0Vs6juc5NVVdq6dw1pSJ/VrZfzScJqCup3AAKnryha2pZj6D8tV27CukZlRryfb9H/rbrUDgk11nOZWj/5jVga8/G6F3+R62Lv4u2158Kq7Pdfa2R3XCeuRW5+x+Wv8w530fnu6bBvvYK5Lz/vuxn6Dp9KuxfvQ3Zx3XGqE/qg/ej/cRpAS0OonDHxci9EOJF6E/4CYJoVayJM33FsOIkKoq34T4OAOUdQVTebuiObvXjfY+D/2YFnKc2Aid/D2yeoFvZOCTjhuznrBpAQ09AlFDQOdQJCFleRAS19/Sren009ASEYv7C6FxTB+FvuTX0Dpqs18hf4k8KyfIoy4umzrrXnanOHsH9UdBv3X2ioXPsfqlXXYnKJ7JxB7UP0CHuuhJGZ938ReqTUlTxSYTXXdj6nQifyOqKos6B7YTdRuvvyOuKRv5MdA41/2qluqLjE1keZe9fBjo3VV2pNV5mmflEUeck1hUA4FtuwvC1Z2P4i2dj+Hu3wpm0AplL3h6oswns7T9E+/ITgLU3YOTaszF87aXI/m4d2OwTzDq86woMXxv/4ikAOFu2BkvRvxXOtpAvMg4WUOkEKkGMVybMBIJ2FjG2qGoVd/jKJ02L1WpsJ7Z4W7DTCB7zjq7s8Yd+Bpz8HbCTAb4NwNHXw3rzFcD0Hrf56EbwP7wXzpqtYGw+2Lt/CeuExe5jhT7wDdfBue8/i0WXAXPuRurLK8DSAArbwP/wDjhPbR974erHn/0MnIf+4OrYcynYJdfDmjuz/NrOw5cCa7a7ei+7Hda5F4JN7AEA8MGnwe9fAWxh4Gc8gNRb54M/2wvrlJPBeu+Efesngbc8gNSy5eXXc/5UrHgKOtftBIQoP4I8hjlp4otB/YQ5ARH0S1j1CQhDnVWjFBW/aOQvjM6q+Qt18kGWR+HJCn2dtfIYxiea+au7T7R0jtkvBvlrqE+i8IunnySdFAqbv0h9IshjPeqKuc4J8omsrijq3HJ1RSt/EfhFlD9PHlu2rujorJxHc52bqq7U0rltYkX+eG4ElopPElBXkB8t//wcAM90VdyW+sSbBw5g9x2wd12J1NTTgHnT0Pa+K5GaMclNz8gm5O/8EPIb3JOrqYGbMPID95jp2G1RkgHgVGSWnghs/b8Yves3xfv2wHn8OowWF0DZG76B9otWwOoEgAE4f7od2dvuktu0+jTqiTnYh2YhNWeS+/wnrsPoPasBnInMp76GzPxpALJw/rQOWHIs+K/ehuz+T6P9Pe9Gamo7gCz4zpXI3vjPcKpeij9+NUbxfXS867TypVpm5Dnk/vVqFA7LBqrIOFhApROoBDFOKZ1ARbEIAqzyNvcUx2J1coqRw90L9O4Ico5yO+/OIgevuF1+3BtlZYULomjSIYy/Bh8F0HOVe9/EbmDvd+D8azcK3z4Jzt5usLOuc5vPuw7shG7we06C/Q/dKNx/J9CxuDxuoBtsfjucH3fD/vY5sPdMBjvre54X9D5+EuwNo8CZN4LNK05WLrkF1vRNcH7UDfvby2FvAdhbfwY2uahvdzuw4asofKsb9reWg4+eDnbuZ8uTEWAe2DHb4fzXObBv/ST40XfAOvN04E8fRuFbPSjcdhvYgnPcoSroHOoEhFRvxfwJ8hj1TnTQDnfiTgrJxh3QXoqKX4Ly6OvOXOeKGKBHqJNCsjzK8qKps/YJCEOdPYL7o6DfuvtEQ+fY/WJw3ZnqHIlPZOMOah+gQyi/KLzfhdFZN3+R+qQUVXwS4XVnqnOifCKrK4o6B7YTdhutvyOvKxr5M9E51PyrleqKjk9keZS9fxno3FR1pcZ4efuEivFahRE1nyjqHGddYfnhynFmOpX0qMgDA9jCjyM1exL4oeeAbevgPHETRq89G8PXfhD5gWORPv8ysfA1uQjWVIDvk62wXoa2i1aA7boVI9eejZE7VgNLPo72i2epv0TnPLBtN2Dk2kuR25KDtfRKpAFYH7gWmfk5FO64FMPX/g0KmWPLC3np8y9CKr3a/Rm/dwPs/Tlp9/zxq5F9uuokan4rCndGsHgKAFbrLy+2/k+oAAdHX34I24f24+XaoF3RAAAgAElEQVTerXj+0GY8f2gz1va+hsO5gUYPjyBigU2cAd+iqfd2sQpxuLeB0o6oIDJB5JIoal9R/byDFMTqyYisXTUvfgLOfbcCfQBj28E3bATvcE+Eus3bwWbNd8e5/qtwfv6V8riBUfAX3gnsYwBeAl5eCz5xXsW4+ZZPAHsZgG3Avd8BH5wHduZycPwjrLkAf/YdwD4Gzl8E7v0xUDgJ7Lz57mTjj1fCXnlncUf1RfCdG8E6ji1PRoC94A9fAbyy1p0MnXk6WO/v4dx7rzvefTfB3ryxOJDaOivlz5NHI72D2lXlUfX6iOK6q9gZl03+dHbkq9qF0bmmDkwmtJrONfPo6y5af4v0MNU5MI+yvGjqrHvdmersEdwfBf3W3ScaOsful3rVlah8Iht3UPsAHUL5ReH9LozOuvmL1CelqOKTCK87U50T5RNZXVHUObCdsNto/R15XdHIn4nOoeZfrVRXdHwiy6Ps/ctA56aqK3H5RFHnJNYVAGDHXIOuG1ah659WofOqy2AN/B75e38DTJkP643XoOMfV6Hrhp8gMwNgk44VCx+WNyyH1XkQzhN3gAPgL1wHZ1872Lx3q/cxsg6Fex4Gxx4UDg0CndNgAUjPPhLY+ShyL+wBsBmF5zeVfnTYu/aATz4VbR+/HpnjDiF/582+06denLs+h/yW0hrXAOyVn0Nug8kPPD4Z13/Cv3P4AB7ftxaP7X0JG/q3ozc3iIH8CHJOHgDQbrXhjuVfxrJpkxo8UoKIHlb1GailL4wqf4EUKu8vV3/OAObedkrF0rsIK4iO44BZVrkfX6yYVXiQTT68EbL4DrAOAFtvde8r/Ql/T4/7Z+8AMPqYW+C2/hWcp+6GddovkToL4IMbwR/9AJzntsGt0aPAUGnHdmwndOwFe4G928aGxe8GG70daD8RDD3F53snJbeAD14P1n0RGH4AfuptSJ23AujoHhvbgWfKkxGgD3jZ8/x0O1Dor9R57z5wzAAYaursizXyp6a3AJX8FcfLmEff6ghJ9D6vViz3x9R2zoN+6Qo8AWGus3AzQxClKOqtmr9wOqvmz0znwDwKnm+is24eTXXWzV/dfaKhc6L8EqauNMInsjxWPD+EXxTe78LoHHldkRHWJ5H6xUznRPlEVlfC+qRZ64pG/iKpKzo+aaW6EpdPDHVuqbqSHQLvmFTOl5PuBCuMROuTmOqKk+4o//wAAypOpAb4BADfUvxTfK/OAHDZZUjPGEThvz6F3DObkfnMKmQyItVPVVgZWwnn0EVIzf40GG6uab96we//EEbXXob08uVInXM9MuevQ+7vr0ZB+ow9KPzgOrC//itY+29H9vE90Q3GCVq6bQ3G7QnUVwZ348//55u45ql/wy+3PoqXDr+K7UP7Ma19MrjDMVzIYunUY7B06qJGD5Ug4qG9u6J4VXyBFCsujrKx+wFAtCPIgfLjpUlFXXd0Ze3efAXQsRH8xeJdb/4EWPph8J+fBPsfemD/7rHiNKI4jocuhfPdWbC/vQJ8CwO76E5YpckrZOMtxR5g5tiJVMY+AHQAyK4FRy+ADmCCd1LyCbCJAPpWguNDSF14KdB7O5wf97h/xr9uG+CZjLgUnw8OVsgCHTPK42OMATNnuK+uoHOoExAyvUUEtff0G/VOdNB1l7iTQrJxB7SXouKXoDz6ujPXuSIG6BHqpJAsj7K8aOqsfQLCUGeP4P4o6LfuPtHQOXa/1KuuROUT2biD2gfoEMovCu93YXTWzV+kPilFFZ9EeN2Z6pwon8jqiqLOge2E3Ubr78jrikb+THQONf9qpbqi4xNZHmXvXwY6N1VdqTFelh2oGC9r61TziaLOsdaVtq6KcVr5ESU9KvJQrfNo8c/ZBzYDx30NqRljzXkeYFNOhQWAnXIZrKnifIyxBvnn1wJzLkL7ZW8vvswsWOd8Ax0f/zTYk4/BGZkG641XggFgp3wD1ows+Lb7anVck8Ku3cCcc9F2yiwAi5B+/bHlH9N6+xeQnvoc8j+5GqN3rQbvnI/UKbV6XI38bR9D9v7VocdWgS1ftm0VxuUC6oa+7fjYEzfilcHdANwvxlk+8yR8fPE7wcAw4uQwtX0SvnLS5UixcSkRMU7w7uAxVrWIiuJtlBZZAadYpbyfhVrupzqyysjBxe08/fgHKIjVk5Hqx7vPAXvb72GdsRh44cvuF0gBKG/D9W0Dn3wJ2Gmng5XGf9JtsN57FTCZA+wlOAdHAXQAxfGj+uf0vTDAjrkFmMkBzAMu+QzYxI3gqx8Dw1fh7ADYsl8DMzgYmw9c8mEg/RL4I1vB0A9eAIA+8D0cbOZnYc2fB3gmI8VXKO/4OqseB594Dtgll7j6zrgGqUWLS81q6uyLsvalnz9I70oZKglq7+m34noJO+7q/qr6Vd45r46yX8Kq2oXRuaYOXCa0ms418+jrzlznihigh6nOgXmU5UVTZ93rzlRnj+D+KOi37j7R0Dl2vxhcd6Y6R+IT2biD2gfoEMovCu93YXTWzV+kPilFFZ9EeN2Z6pwon8jqiqLOge2E3Ubr78jrikb+THQONf9qpbqi4xNZHmXvXwY6N1VdqTVe7pj5RFHnJNaVijxU63z/rcjvnIj0R1ah64MngO8b+3jG/G9Wwpl0LjpuWIXOS48E+sX5qMjNbz6G7GPrgBOvRecNq9B1w91of8sJ4LvWAbgLuZW/B599FTpvWIXOK88E/vQDZO8Pf8LTufMG9+e48m503fAjpEe2un+mXwDYpNOQfs9P3I8w+MiZ4FtWIv9C6Jc0g9sNeuH6wbi0crYuX3nuNvx484MAgGXTFuNvFr8DD+9eg3u3PYa84yb908dfgq+cdDmkO00E0QL0f2MygMo/3wcv7RgWY/l21YYpG6tRFiprVrEbsKrofjyA/35vratJxWTkKlif+477p/reJoMvAk99Hc6TD491fPT1sN7+V2A9HQD2gm/YC8zvB//uO8CP/g6sN18OTO9xf7ZCH/gLH4bz4B8A/m+w/vadwO/mwXm6OOAzfg3rLTPAv30GOIqPr3saOG6F+yf4hW1wHr0C/H/dzyxl3ZeCXXI92Fz3M1cxuhHOw5eCr9nuTjKW3Q7rgkvdn6OwEfy1DrCex9wvjDrjAaTeOhP8W6eDeycnZ/0SqfM8r/enbWAnzgD/5hngEv1lc7nAqPMEHSqeLxsw0xxAjX5Ek0LZ5E80GQw6yVKO5jrXkqEsh7HOuvkz11k1f+Y66+ZRX+fk+aQU6+yTJPnFIH/mOqvmL7zedfFLQnyifLmaoOKTCP3SEj6huhIif/o6U10x0Fk5j+Hfl5qirtQYaOHY88Bnn1TOX3rfy0gd3urrJ/z7UvR1xZm6APkZx5dHmT78GlJ71zfGJ0ljyruRXrob9h9Xg2MWUh/4V7SfMIj8Vz+EfKPH5oEP9YIPHGz0MEKx+UtPBD4+7hZQhwtZvO/Rb+Glw6/iioUX4LIF5+GXWx/D/33lIWRt9/KbP2EmfnLOF7Gke16DR0sQ8dL39UkoLZZaxVheNAUDWDGW7i9WoVI5ZGysmDNPFWQQV0cGILi6VRFTUazHpDeeybr/+fWY9EY7Sa/x8to66+Yvyl9q/c8Pp7Nq/sLprZrHcDq3oE9q5tFMZ938NaVPkuSXpvRJffwSTmfd/OnprJs/bZ2N8hjHYmlr+sTXbax+aaK6ouOTJPnFKH9N4pME+CWMzva818NZ+Iby7VT/TqR3v1gfn4SsK4W5p8KeOKt8O723avE3Lp80A8d9Gu3vuQjWVPfzbZHfDfvJG6L/E/yQOL17gNGhRg8jFLUWUMfdl0gdzg1gduc0fPTYi7B06iJ84Zkf4n/3rUOheNx4ZscU3HzGJ3Fc91ENHilB1IFicSt9cVSp2FnC6H7cxdgkyBMZK3bHijXLLWZjO8JsrEbCf3+pH//4BFFzbirquOKEbXXkGrH4Ar7IipMIbwwxKSxHYb8CPWWxOm+e/EljmEmhKH+CPIbRWTd/5jqrRnOdVaOUsH7xdZdwn8jyKOrXQGetPEbxy5Ni/uruEy2dY/aLQf4a6pMo/OLpJ/66Er9PlP2i4xNBHutRV8LX7wT4RFZXFHVuubqilb8I/CLKnyePLVtXdHRWzqO5zk1VV2ronDqwBc7CN5T7sSfMQEbFJwmoK3bntPK4OYDU8KGK27H5pBnYcDOy19/c6FEEwsGB7EijhxE74+4DPjtT7fj8CX+Oi486CzevvxeP7n2xvHjalW7HV0++AmcecXzxDYYgWptSEXQcDhSLITD22afez0IFim+Mnli+n7v3cM9tMEmsbufpzz9AQQwqirIo+Lml0WDcvliaVHhj0OSjOoomI6J2EY43SA9TnQPbe/qNdNw19DDVWTV/YXSuqYPwt9waeuv4xdddwn0iy6MsL5o66153pjp7BPdHQb9194mGzrH7JQl1xdddtP4O0iHuuhJGZ938ReqTUlTxSYTXXdj6nQifyOqKos6B7YTdRuvvppl/KfhbpEfL1hUdn8jyKHv/MtC5qepKLZ2HDwMjfeV+WCoDp2uKr19TneOqK7xrKpBKj407Pwxk+5X0CO0TIhpyowB3Gj2K2Bl3J1Cntk/ClPaJ+OOeF/D84Vdw0dw34OhJs3H2Ecfj1KmL0NM2sdFDJIg64i6OWlXFsuJEKnhxZxMAZ8XdVVZ8djEKdgTBxTuM5fbe+8HEtS3sjq5sZ1e0o1v+OTUiqnZ0MdZPIk9AFHWu2wkIUf4EeQyjs27+zHVWjeY6q0YpYf3i6y7hPpHlUdSvgc5aeQzjE8381d0nWjrH7BeD/DXUJ1H4xdNPkk4Khc1fpD4R5LEedSV8/U6AT2R1RVHnlqsrWvmLwC+i/Hny2LJ1RUdn5Tya69xUdUXBH1bfTvDO7nI/zsRZsIYPBfukwXWlMGlmhc7W8GHl97vQPiEigTf5n+6r0vonUHND4MOH4V0NZ9zBm6x2PMh68MOt63DtCw/g7Gd+jolr/h94/64GDpYg6ou3CAJjRdFxxm6Dlx4HdHaieek2q4qi9rKqxgUxqCjKouDnlsbq8SqMu2lOQGjkz6uHqc6B7T39RjruGnoYn4BQzF8YnWvqwGvM/sL6xdddwn0iy6MsL5o66153pjp7BPdHQb9194mGzrH7xeC6M9U5Ep/Ixh3UPkCHuOtKGJ118xepT0pRxScRXndh63cifCKrK4o6B7YTdhutv5tm/qXgb5EeLVtXdHwiy6Ps/ctA56aqKwrjZfu3VPRTmDwb3MoE+0RR5zjqisPSsCfPqdDZGtyjfN2F9gkRDdnhRo+gLrToCVQOZ8dzsDf/D5ztzwKFUbDuObAWng1rzqmwph8DdE4BO/IEcMaAPWvhbPw97HX/DfvllUi97h1Ive6dYJNmNvoHIYhYKS2Wlk6cWpbnRCoEn4EKd2u1tBNooXh/cScQjJX75RxgVjFW7DSWXs9zf7E//wAFMWhSorqzK9rRLUWuEYsv0DQnIIo61+0EhCh/gjyG0Vk3f+Y6q0ZznVWjlLB+8XWXcJ/I8ijq10BnrTyG8Ylm/uruEy2dY/aLQf4a6pMo/OLpJyknhcL4RNkvOj4R5LEedSV8/U6AT2R1RVHnlqsrWvmLwC+i/Hny2LJ1RUdn5Tya69xUdUXBH1b/bjj5UbBMp/u8VBvsKQuQPrhZ7pMG1hVn6gIglUFx+GBOAdbAPuX3u9A+IULDCzmg+IXsrQ7jpSX8VsEpoLD6NhRW3QqeHQDSHWCd3QAAPtIL1jEZqaWXIX3q+8Emz3afU8jC2b8JziuPovDMT8GHDsI68iRkzr8W1oI3lrvmnOPQoUNwbBtTp02D4zh4ZcsW5HI5nHTyyeV2/X192LFzJwYHBtHV1YkZM2biiBlHFN/8xujr7UU+n0fXhAno7OzEnj17sHvXLti2g1lHzsLcuXN9zwGAfD6PXTt34nBvLwr5AjJtGbS1tSGdSoFzjqlTp2L6EUeMSeI42LlzJw4fOoTR0Sw6Oztw1Lx56OnpGfvZwPHKwB4AHLO7pqEz1V7xmlk7j10jB1FwbCyYOBO7Rg5itJBDaUfI5g7arAxmd03DhHQHAGD/aB9eGdyNpVOOQXsqI03ZmkObcURHN+Z2HSFtQ8TDoesmwSoW5fJiqVUsvsXiZ4EBrGraXn3bnX1VFG+wyvvLEQzuZS2qblXEVBS5YFg1o85wypOCEJMPURQ8XzpgnRHXFMBMZ6OX19ZZN39mOqvmL5zOqvkLp7dqHsPp3II+qZlHM51189eUPkmSX5rSJ/XxSziddfOnp7Nu/rR1NspjuPel8eQTX7ex+qWJ6oqOT5LkF6P8NYlPEuCXKHxizz0NzjFnjb2snUfbK4/AcvLx+cSgrnCrDbljzgVSbeWfIHVgE9IHNmvk0UxnIjqcQ7uAXGt8gdTmLz0R+HiLnUDlsNf/BvlHb3ZPnXb2IH36h8BmnQAwBr5vA+ytT6Lw1I/BD76CtktuAlgKSLfDOvJEWEeeCNYzF7mVX4Oz6wXkfv0VtF/xU7Ap8wAAhUIBP7z1B9i+bSu+ff31WPPcc/in7/wfdHR04Ff//QAYY9i2bRtu+9G/46UXX8TAwABGRkdxyimn4PPXfgFHH3NMxWh/8YtfYM2zz+EvPviXsCwLP/rBD/H8mjUo2AUcf/zr8NG/+Rucd/6bkEqlys/J5/O45+67cd+992H27CPR2dmFjRs2oLevD0uWLMHw8DDe/va34z3vvRSlxdeHfvc7/PQ/fwLLsjBz5kwcOHAAM2bOwF9/5CM4bskS92dzHFz91PfBOccNr/8YTuxZUDHWHcMH8MVnf4TDuQH8/Nyv4Ya1d+GFw1uwePJczJ8wEy8efgV9+SGcP2spPrnkXejOTMCqfWvx3Zd/gX9/4+ewpHueMGMD+RF8/IkbcdWSi/GhY94S2ZVAqOEtkt7PQrVKt62x4ll8RvH/K5ZO4d0JHOsXkhOogljsxz9AQdScm4o6Fu7oliLXiMUXaJoTENV5E+TPF8NMCkX5E+QxjM66+UvcSSFo5K+UDxlh/eLrLuE+keVR1K+BzronvkL/8qSYv7r7REvnmP1ikL+G+iQKv3j6ScJJobA+UfaLjk8EeaxHXQlfvxPgE1ldUdS55eqKVv4i8Isof548tmxd0dFZOY/mOjdVXVH0SWr3S+BHLQXautz+Uhk4UxbAOrgppM7R1pXC1Plg6bbybdh5pA9tLetQl/kXEQqeHWqZxVMVWmoB1dm6GrmVX3MXT6fMR9tF34a14KyxBovOR/qsj8HZ+hTyj92MwnM/R3rZlRV9pE64GO0zliD3Xx8F792O3K8+h/YP/QIAg2VZWP/yy3j2mWfwi/+6C394+Pc47bTTMJodBWMMO3fswE3/8j287/LLcd03vwHLsrDq8cdx/bf/AZ+95jO44bv/jMXHHVd+rZ07duD3Dz2Ejo4OpNIpXH3NNZg+fRo2/GkDvvylL+Gaq6/Gjd+/GReuWAEA4Jzjb7/6Naxa9Ti+/2//hlNPPRUA0N/fj09+/Cr09vbiBz/6Ibq6ugAAI8Mj+Nmdd+K7N9yA79/ybzj3vPOQyWTAOce3vvENvP/PL8MN//JdrHjzm5GxUtjYtwMOHBScgl9b7mBj/3bsH+1Du5VBX34Im/p34hPHXYzLF16AvGPj3zf9Gt964Q683LsVdyz/CvaOHsa2oX34yZaH8A+n/lXxpGMlP9hwP7YO7cX2oX1h008YUP3n+xWLqfAUR+4phnAfZ4zBKd12eHGxlAPF4g3mv58Xq5wvlqtbFbpFURaru+W8OEyNCEGEJOpOPqqjaDIC8fMhiwE6+2JQP4wZ66yav3A66+bPTGfV/IXRuWb+yrPEcHor+ySUznXwiSyPYX1imEdTnXXzV3efaOicKL/EVVd83UXkE1keK54fb10Jo3PkdUVGWJ9E6pdw9TsRPpHVlbA+ada6opG/SOqKjk9aqa7E5RNDnVuyrth5YPsa8GPctRAGoDB9EVKDe4DRgXjmX5p1xWmbCHv6sYBH59Sh1wAnp5XH0D4hjOHg4AOHGj2MutI6XyLFbRSevQPIud/+lVnx1crF0zIM1vwz0f6+fwc/vFXYlXXEYqTP+DAABmfnGjg71pQfS6fdNeeNGzbg+7fcgu/c8E+48eabAQBdEybg89d+AWeceQYsy5X27HPOwfuuuBybNm7Eb369suJ1JkyYCADYv38//umf/xmnLD0Fc+bOxQUrLsRHPvoR5HI5/P53D5Xbr1+/Hvfdey9OO+00LF26tHz/5MmT8da3vw2rn3yy4jWeeOIJ3HzjjXjT+efjwhUrkMm4f0bPGMPHrroK2WwW/3n77chmswCAFLPK//k08dyfsdLoKv6Jf9pKF+9LYfmMkzAp04nVB9bD5g52Dh9Azi7gt7uexiN7X/D1OVQYxW2bH3Q1GO0T5oKIF2+RdJyxYlRaLC0VLe/OKyCITBC5JFa9vrcf/wAFUTYpkbWX/Nwm4/bFAD2Ud3Sr28kmI6J2EY43SA9TnQPbe/qNdNw19DDVWTV/YXSuqQOTCa2mc808+rpLuE9keZTlRVNn3evOVGeP4P4o6LfuPtHQOXa/GFx3pjpH4hPZuIPaB+gQd10Jo7Nu/iL1SSmq+CTC6y5s/U6ET2R1RVHnwHbCbqP1d9PMvxT8LdKjZeuKjk9keZS9fxno3FR1RWO86d3rwIZ6K/TIHnUmkGoz1jmqusJZBrl5b6gcd34E6QObta+70D4hzBkdBAq5Ro+irrTMAirv3Qln5/MAANY9B6ljzg1+QqYL6XM+JX3YWngWWNcUAIC98fdj96cs2LaN919xOWbOrPySqSlTpmD2nDm+vhYuWAjOOQ4ePFhxf1tbGwBgxZtX+J5z9vLlAIBdu3bBtm0AwI7tOwAAM2fO9E14Zs+ZA8YYNm3aBMDdeXrot7/F6OgoLhT0P2PGDBy7eDFee20rdu/a5f5szCr/V03aspBiKTAwWIyhM+0uoLZZY4eY94/2YtTO4w1HvA4pZmH3yCGkrRT2j/biRxt/DYePbf9k7Tx+uuUhFBz3Zzsw2gubO77XJeKlvHgq2lkHq9rZLe4yFSO8kQsik0RRe0i3YP1RNimRtZf83FGOW6SHb6dWNomvbiebjIjaRTjeID1MdQ5s7+k30nHX0MNUZ9X8hdG5pg5cJrSazjXz6Osu4T6R5VGWF02dda87U509gvujoN+6+0RD59j9koS64usuWn8H6RB3XQmjs27+IvVJKar4JMLrLmz9ToRPZHVFUefAdsJuo/V308y/FPwt0qNl64qOT2R5lL1/GejcVHVFY7ywc0hteQy8+NelHBwslUHuqNONdY6qruTnnwGk0hXjTe9bL85fDT1C+4Qww86D9x+s3a7FaJk/4ecDu8EH9wMArNknFz+IOBjW0S1/rGsq0DUVGD4EZ5d7epIxVl5cXHTssUrjKhQKWL/+ZXDOy6dSS6QzrvxHzp7te94R090vVHKKC4wAMGHCBADu56BW09/XB855eVF2eHgYGzZsKP/72WeeQVtbGyzLQj5fwOjoCFKWhaHBQQwNuad2U8xC3i5gQ/+O8udhltg1fBB5p4DSXaWF09Kp1OcPbcb31t+NhZNm4RtLPwgA2Da0D6dMORqHcwN4ZO8LWNf7Kk6acjQA4KXeV/HDjQ/g/QvPx39sWolDuUFk7Ty60pVfXkXEDGPSP+PnGPsiqfKOIVixNo3tCHKg+NmpxYjiziKv2mmsivC2K/bjH58gBk1KgopoxY/tPiCMXCMWX8AXVXZ0a03qRZMSYb9ifYXRk7+KyAJiCJ2F+RPkMYzOuvkz11k1muusGqWE9Yuvu4T7RJZHUb8GOmvlMYxPNPNXd59o6RyzXwzy11CfROEXTz/x15X4faLsFx2fCPJYj7oSvn4nwCeyuqKoc8vVFa38ReAXUf48eWzZuqKjs3IezXVuqrqi6RN2eBusV54EX3QWGCz3BTu6kZt1Itr2rG1IXSkceTJ4+2QUhwnGGKz9m5Aa3Cd+n6vxfhfaJ4Q+3IFzeA/gWasaL7TOAmpuGCjurgQtjCrDrLI5ef+usbuZ+86Y9nyxk5e+3l788Y9/xMvrXkY+n4NjO+jv7wdjrPwn9CVKi7HV97uv48ZUaixFp552KubMnYOXXlqL/v5+TJ48GQBg2zYefeRRMMbwpvPfBAAYGRnB6Kj7Yb4vrHke27ZuQyplwXE4nOKJ1lNOXYplp5+OKVOnll8jzwtYtW8tXhnYjRSzYHMbNndwODuAUXvseHaKuT//P774M3zv5bsxVBjBny94E/7i6BWY0dEDANg9fBBvnr0MR3ZOwz+vuwu3bngAt7zhGtjcwU+3PIQUS+Gjiy/Cf2xaiaHCCIbtUVpArTOcV31xlHcxVVIcUYqcAax4261+5eg90eqpju5tVBZfePr1DxB6RVEWBT+3OyyNCEGEJOpOPqqjaDIC8fMhixBESGJQP4wZ66yav3A66+bPTGfV/IXRuWb+yrPEcHor+ySUznXwiSyPYX1imEdTnXXzV3efaOicKL/EVVd83UXkE1keK54fb10Jo3PkdUVGWJ9E6pdw9TsRPpHVlbA+ada6opG/SOqKjk9aqa7E5RNDnVu2rhT7Se1cA2fiVBRmLXG/4wIc6D4K2fbJaNv+NLidi2b+VaOuOCyN/IIzwdsnla87gMEa2IP0gc3y97kaeQztE0ILDg707Rt3f7pfomUWUL14FzyNyQ25i7IAYPu/VEnE/ff9Ct/7l3/Bste/Hldf82nMmzcPjDE89uij+O2DD5ZPh5Zwin+y7r55VFK6q3RqFAC6urrw0zvuwHV/9/e4+pOfwhUfuAITJkzAI488go0bN+KWH/4Apy1bBgBIpVKwLHeR8+rPXIP58+cr/QydqXb89aK343U9le23D+3Hw3vWYLDgLsrmnQIYGK4+/t34j02/wfah/eDcwfR2d/G6L/CCKXIAACAASURBVDeEA9k+zO6ajvcveBNWH1iP+7avwlXHXYxhO4sn9q/DF098H2Z1TEV7KoPB/AgG8iPl5xP1gTFWPm1cipxXnjwt3QYH3EVTQGVHELx4m6P4RVKe24yVX5/zsX78AxREnUmKt4hW/dwo/ny+yDVi8QWa5gREdd4C8leOIXQW5k+QxzA66+bPXGfVaK6zapQS1i++7hLuE1keRf0a6Fz3ExCK+au7T7R0jtkvBvlrqE+i8Iunn0acFIraJ8p+0fGJII/1qCvh63cCfCKrK4o6t1xd0cpfBH4R5c+Tx5atKzo6K+fRXOemqiuGPrE2PwqrowfoOXJM745u5OadjrbdL4Fn+2OtK07bJBRm+0+eYqQf6d1r3Z/b8P0utE8ILfjgYWB0qNHDaBgt8xmorH0ikHJPcjo71gD5kVD98cF94EPuZzqwjklj9xdnGd7P8wTcU6D/5zvfAQB85rOfxfz584tvdkA+7y7AWlWnVksnQUUTl0Jx0batra3cDwD09PRg8eLFWHzcYhw8eBBbNm/B8uXL8ct77sYFF1xQbjdx4kRMmeKeBN22VfxlWdXY3AGXvLtw8IpxOsW2Hak2fP+MT6E9lcG/b1yJ1Qfczy7ZMbwfDuc4or0bc7qm42OL3wmHc9y0/h7c9PLdOHXqsXjPvOVoT2Uwvb0bQ4VRDIbMGaGP48iLIrinOBaTX7o+HFTeLj/ujUwSi4+X/vP244MLYlBRlMXqbkXjVRx3RazWwaOHb6c2aPJRHUWTEVG7CMcbpIepzoHtPf1GOu4aepjqrJq/MDrX1EFULGrpreMXX3cJ94ksj7K8aOqse92Z6uwR3B8F/dbdJxo6x+4Xg+vOVOdIfCIbd1D7AB3irithdNbNX6Q+KUUVn0R43YWt34nwiayuKOoc2E7YbbT+bpr5l4K/RXq0bF3R8Yksj7L3LwOdm6quGPqE2Xmk1j8I9O4E505Zd7R3Izv3DDhTFqr7RLOuFHrmIzfvTDjek6cMwEgfMjufA4p/5Wp63YX2CaEIBx88CAwebvRAGkrrLKBOmgU2cQYAgGcHUHj+F0Aha9gbh73lEaAw6vY9zf3cTs55+dRoNUNDQzh44AAmdHWha0JX1WODxTeiyueUPss0n/cffy49ZqUqU/TzO3+GNc89h89+7nO44gMfwAc//CGce9556OjoqGiXyWRw/gUXIpPJ4P5f/Uo6Qerr7S0/5sCBwx3hlzkVuA2b23A4h8M5hm1X27xj43U98/GFEy4DYwz/+NLPsHP4ALYO7QMA9LS5n9t63syTcXz3PPx219N4+uAGXL7wfGSKJ2SP7JyKETuL3tygcIxEfIgmlY7DAeEOcGlHVBDLF7fnNpdECCKqzIGK7iqjbFIiay/5uaXRYNwiPZR3zn06B0xKBO2jGm+QHqY6B7b39BvpuGvoYaqzav7C6FxTh+oioqK3jl983SXcJ7I8yvKiqbPudWeqs0dwfxT0W3efaOgcu1+SUFd83UXr7yAd4q4rYXTWzV+kPilFFZ9EeN2Frd+J8ImsrijqHNhO2G20/m6a+ZeCv0V6tGxd0fGJLI+y9y8DnZuqroTwiZUbRnrtf8PavwUcY4uoLN2G/IwlyB3zJtgTZ9T2iWIenZ65yB19HuxZrwNSmYrxWkMH0bb9abD8SOjrLrRPiJpwxwY/vAd8sLfRQ2k4rbOAOnk2rJnHl28XHr0R9ub/MeqL9++B/fLK8m1r7uvL/7YLpVOjlQuSEyZMwOTubuzevRvbt20v379j+w7cd8894Jz7vvxpeNg9cZnL+RdQR0fEpzF3796NLVu24D9v/zEef+wxPLV6NdY89xy2bdsG2678EN93v+cSXPyud2Hlf/8aD/3ud77HX3rxRdx+221jP5vjoOA4KHD/hwHbnvsLjo2h4uJy6b6PHnsRrlh4AZ45sBGfefoWbB3cizYrgylt7undjJXGBxe9FXnHxvHd83Hm9LFczejoQd6xsXtk/H2LW6MpfVape6K68rNLvTuIjiPeCSydxC5F744gZ/o7pD5EO4iySYmsvajbiHeim+YERMB4g/Qw1TmwvaffSMddQw/jExCK+Qujc00dJBthgXrr+MXXXcJ9IsujLC+aOtf9BIRi/uruEw2dY/dLEuqKr7to/R2kQ9x1JYzOuvmL1CelqOKTCK+7sPU7ET6R1RVFnQPbCbuN1t9NM/9S8LdIj5atKzo+keVR9v5loHNT1ZWQPmF2HqmXH4S17Xk4xY/kK+uf6URhzjJk558FZ+pCOKmO4LwI8sjTXSj0zEd+wTnIzzoJvK3LN16rdwcy25/ynzw1vO5C+4QIhNt58IM7wbPDjR5KImidz0C1UkiddIm7aOoUwEf7kH/oW2ATp8Oau0y5Gz50ELn7Pw9+6NWxfo97s/sY5ygU3EXQ6kXPVCqFT139Kfzglltx7ec/jz+7+GJks1kcPHAA73nve/HKllfwm1+vxHFLluDdl1wCABgadE9cDg/7L8aREXeBMjuaLRcLALjyL/4CL774Im668caK9owxTJs2De9576X4zGc/i1QqhalTp+Lvvn4dAOALn/0cTj7lZJz5hjeivb0Na9aswUB/Pz79mc+CMYa8YyNlWehgbcJTtja3kbHSmJTpxLCdRdbOY1KmEyPFU74ZK42PHfdO/M/eF/D8oc3YOXQAPW0T0On5UqhL5y3H99ffi/cvPL/iy6LmTZiBSZlO9OXJlPWGAZVfHFUVGRgcFD8DFSgWTVTcBsQ7gpyPRXh2HLkogolrm2gHMWhSElREvd0y9wFh5Bqx+AK+qHMCQjYpFE0uhf0G6CrR2RdZQAyhszB/gjyG0Vk3f+Y6q0ZznVWjlLB+8XWXcJ/I8ig8KaGvs1Yew/hEM39194mWzjH7xSB/DfVJFH7x9BN/XYnfJ8p+0fGJII/1qCvh63cCfCKrK4o6t1xd0cpfBH4R5c+Tx5atKzo6K+fRXOemqisR+ST16iqwoYOwF5wO1tldmYeObuQ7JoPNOB4Y7UNqcB8w2g/LKYDbOVg5969r0T4ZtpUGUhk47ZPBJ82E0zGpKq8e/ZwC0nvXI9W/M1nzL0ICBx/qcz/zVPJX2OMRxktL+K1AIYvcg9fBfuEXY/e1T0TquLcgc97nwCYfKX9ubgj2a08g/9uvg/fvLt+dXnYlMm/7BgCAc47du3ejUCjgyCOPRCaT8XWzf98+PPG/T2B4ZBjHLVmCpUuXgjGGw4cP48CBA5g7Zy46uzoBAPv27kM+n0PXhAmYMmVKRT8jIyM4cOAA2traMHPmzPL99//qV/jjH/6Ic887Fyefcgo6OzowOprFs88+g1tvuQU7d+zE17/5Tbzv/e8rf/kU4J6E/dOf1uPQwUPo6OjAyaecjAULF1bKx22kmPuc0sJYCYfz8hshY+4p1LSVgsN5+TmA+yf9KWaVv5SIscq+ePnNewy7+Dks1W2J+Nn3d5OKi6HcH4vFz/IU7XIZY2PlzFesLTeCMbBirLjfU80YAyqrWxUxFUXPsNSjznDKk4AQk3VRFDxfOmCdEdcUwExno5fX1lk3f2Y6q+YvnM6q+Qunt2oew+ncgj6pmUcznXXz15Q+SZJfmtIn9fFLOJ1186ens27+tHU2ymO496Xx5BNft7H6pYnqio5PkuQXo/w1iU8S4Jd6+gTpNtizT4Yzf5n7Z/Y6vtCoK6nerUjt2wTGCzH4xUxnQg7PDoH3HwTsfO3GLcbmLz0R+HhrLaAC4P27kLvrb+DsXT92p5WCdeRJSC15G6wZS9yF1LYuwLHBRwfAD26B/acH4excAz6wt/w0NnUh2i/7UfkzUBvNs888gy9d+0V8+atfwQUXXlixQGrbNv7w8MP49Keuxvsvvxxf/PKX0NnZ2cDREs3A/r9zP2LBKi5ulmJpp7NyUXVsymAVa5VVvLN0P/Pc5rzYrljbAH/Nc0+6atY6zVor7jiiSVZAP1FOCoMnKTFNrkox4kmhOI9hJrF6+YvylyfpCQhDnZUvO2OddfOXcJ9o5TH+X0bi90kp1tknSfKLQf7MdVbNX3i9k1NX4veJ8uVqgopPIvRLS/iE6kp95l9UV8x1Vs5j+PelpqgrMfnEaesCn/d62Ee+DsxK6+dHEq2+nUjt31T8rNMm8sk4hds5oP8AeHb8frl3rQXU1vkT/iJs8my0vef7yN39STgHNgOODTg2nJ3Pw9n5PGClwTq7gYy7gIrsAHhuCJXHkhmso5ah7aJ/SMziKQDcc/c9aG9vx6mnnVaxeAq4HyFw4YoVmDBhAromdCGVSjVolEQzMVZ83MlHxZ/zs8oIMIBV7vTW2pn3RmaN9VOKjuOAMavcn3yAChEBsbpbzotFWiNCECGJupP16qgxeazWGcyvczlCEoP6YcxYZ/U5dxiddfNnprNq/sLoXDN/5VliOL2VfRJK5zr4RJbHsD4xzKOpzrr5q7tPNHROlF/iqiu+7iLyiSyPFc+Pt66E0TnyuiIjrE8i9Uu4+p0In8jqSlifNGtd0chfJHVFxyetVFfi8omhzi1bVzR8YuWGwTc9Amvbs7CnLYA19SjYU+aDpTLyfEmiNbAH1uA+sKGDYIVRIOa6Eton451CFjw77H7GaW600aNJPC23gAoAbOpCZC76RxQevQn2K4+hwjVOAXzoIAD5Fxax6ccgc+GXwaYvin2sOgwNDRXfWMTkcjkUCgWceOKJaGtrq+PIiGbGrTXF4sk8EVWRu+1Qal9+HortUG5Xbu+JqLpdvt/Tnw8miDqTFG8R9XbL3AeEkWvE4gv4YlG3iqg7KRRNSoT9inUVRm/evJEFxBA6C/MnyGMYnXXzZ66zajTXWTVKCesXX3cJ94ksj6J+DXTWymMYn2jmr+4+0dI5Zr8Y5K+hPonCL55+4q8r8ftE2S86PhHksR51JXz9ToBPZHVFUeeWqyta+YvAL6L8efLYsnVFR2flPJrr3FR1JS6flGJ2EOnd68B3rYWVboMz5Shg4hHgXVPA2jrAU+1gXVPAmQUrOwg4OaQcG3ykH1ZhBGxgr/tZqeW8xl9XQvtkPMAddx3MsQHbBuwCYBfAs0PuvwllWnIBFQCsOUvRdtmPYK97AIUXfgFn21M1nsHAJh6B9NmfQPq0ywEredKc96bz8IeHH8YzTz+Dt77trRWPjYyM4Fvf/CaOf93r8Ja3vlXSA0FUUrFoWv1FUmwsOlWTHYePFVvAbQdWO5aqnHen0duPf4DQK4qyKPi53eFoRAgiJFF3sl4dRZNKiJ8v1RuCCEmsmTcznVXzF05n3fyZ6ayavzA618xfeZYYTm9ln4TSuQ4+keUxrE8M82iqs27+6u4TDZ0T5Ze46oqvu4h8IstjxfPjrSthdI68rsgI65NI/RKufifCJ7K6EtYnzVpXNPIXSV3R8Ukr1ZW4fGKoc8vWlbA+KeSQ2v8K+P4twXnD2HdnAAx28flO+ToOiMrCBfUj0ZkgYqDlPgNVhrN/I5yND8E5sAX80GtAfgRIt4F1zwGbvgipRefDmnUCkEr2yc377r0Xd95xB45dvBjLlr0enZ0d2L17N5584kksOX4JrvrEJ9DV1dXoYRJNwr7SZ6Ayt9qIIuelz0Z1P9MUKE4dmPsZqByVn4lavs0rPwOVc8Cy/DUPYHq1TrPWijs2Kc56RT/0pDBgklLZr/pwdWVzJ1lhdFbNYz0mV2OTYjOdVfNnrrPyZWess27+Eu4TrTzq65w8n5RinX2SJL8Y5M9cZ9X8hdc7OXUlfp8oX64mqPgkQr+0hE+ortRn/kV1xVxn5TyGf19qiroSl0+auK7E4hNi3DLuvkQqEMcGzw4AI72AUwCsFNA+CaxjcuIXTkvYto2NGzdi1eOrsGP7NgDAxEmTsHz5cpx8yin0xVGEFnv/dmL5C6J8XyQFBjB3R7H02aesGAG3eJbKIoNb9Vix+pVuo1hk4b2/qpoxZnluVxFTUazHpDeeybr/+fWY9EY7Sa/x8to66+Yvyl9q/c+vx6Q3rN6qeazHpLepfFIzj2Y66+avKX2SJL80pU/q45dwOuvmT09n3fxp62yUxzgWS1vTJ75uY/VLE9UVHZ8kyS9G+WsSnyTAL03rk4bVFTOdCUIELaASBCFl799OAmNurWHMLaYMY4uelYuqlSdNwcamELITqKxYxEo1jk6gxjGpj2lyVYoRTwrFeazH5MqNiTsp5NFZ+bIz1lk3fwn3iVYe4/9lJH6flGKdfZIkvxjkz1xn1fyF1zs5dSV+nyhfriao+CRCv7SET6iu1Gf+RXXFXGflPIZ/X2qKuhKXT5q4rsTiE2LcUmsB1Qp8lCCIloYXq4n7/8WdQniKoicCcD/LpuJ5xcgFkUmiqL2sqnFBDCqKsljdrWwchuMW6VGtX+DkozoGTWqq8xLReIP0MNU5sH3FXDDCcdfQw1Rn1fyF0bmmDrzG7C+sX3zdJdwnsjzK8qKps+51Z6qzR3B/FP7uVGefaOgcu1+SUFd83UXr7yAd4q4rYXTWzV+kPilFFZ9EeN2Frd+J8ImsrijqHNhO2G20/m6a+ZeCv0V6tGxd0fGJLI+y9y8DnZuqrsTlE0Wdk1hXQvuEIDSgBVSCGMeMFTn4iyYqY6m9MDJB5JIoal/sRzBAf5RNSmTtRd3KxmE4bpEe1fpJJ/HV7WSTEVG7CMcbpIepzoHtPf1GOu4aepjqrJq/MDrX1IHJhFbTuWYefd0l3CeyPMryoqmz7nVnqrNHcH8U9Ft3n2joHLtfklBXfN1F6+8gHeKuK2F01s1fpD4pRRWfRHjdha3fifCJrK4o6hzYTthttP5umvmXgr9FerRsXdHxiSyPsvcvA52bqq7E5RNFnZNYV0L7hCA0oD/hJ4hxzP79+8EYU/4PgPR26d/eGPTvoPsIgiAIgiAIgiAIgiDqxfNrXw18nE6gEgQRGbQfQxAEQRAEQRAEQRBEq0ELqARBKBG0OEoLpwRBEARBEARBEARBtCq0gEoQRE1EC6RRLajS4itBEARBEARBEARBEEmGFlAJgpBCi5sEQRAEQRAEQRAEQYx3aAGVIMY5tEhKEARBEARBEARBEAQhhxZQCWIco7J4SgusBEEQBEEQBEEQBEGMZ2gBlSAIAGMLpdVR9XkEQRAEQRAEQRAEQRCtCC2gEgShvWga9nUIgiAIgiAIgiAIgiCaBVpAJQhCG1oIJQiCIAiCIAiCIAhivEALqARB+IhygZQWWwmCIAiCIAiCIAiCaGZoAZUgCIIgCIIgCIIgCIIgCEICLaASBEEQBEEQBEEQBEEQBEFIoAVUgiAIgiAIgiAIgiAIgiAICbSAShAEQRAEQRAEQRAEQRAEIYEWUAmCIAiCIAiCIAiCIAiCICTQAipBEFpwzhs9BIIgCIIgCIIgCIIgiLpBC6gEQRAEQRAEQRAEQRAEQRASaAGVIAiCIAiCIAiCIAiCIAhCAi2gEgRBEARBEARBEARBEARBSKAFVIIgCIIgCIIgCIIgCIIgCAm0gEoQBEEQBEEQBEEQBEEQBCGBFlAJgiAIgiAIgiAIgiAIgiAk0AIqQRAEQRAEQRAEQRAEQRCEBFpAJQiCIAiCIAiCIAiCIAiCkEALqARBEARBEARBEARBEARBEBJoAZUgCIIgCIIgCIIgCIIgCEICLaASBEEQBEEQBEEQBEEQBEFIoAVUgiAIgiAIgiAIgiAIgiAICbSAShAEQRAEQRAEQRAEQRAEIYEWUAmCIAiCIAiCIAiCIAiCICTQAipBEARBEARBEARBEARBEIQEWkAlCIIgCIIgCIIgCIIgCIKQQAuoBEEQBEEQBEEQBEEQBEEQEmgBlSAIgiAIgiAIgiAIgiAIQgItoBIEQRAEQRAEQRAEQRAEQUigBVSCIAiCIAiCIAiCIAiCIAgJtIBKEARBEARBEARBEARBEAQhgRZQCYIgCIIgCIIgCIIgCIIgJNACKkEQBEEQBEEQBEEQBEEQhARaQCUIgiAIgiAIgiAIgiAIgpBAC6gEQRAEQRAEQRAEQRAEQRASaAGVIAiCIAiCIAiCIAiCIAhCAi2gEgRBEARBEARBEARBEARBSEg3egAEQdSB0T7g1dXAy78FercDrz4JAJgBID93GZzJc5BbdD7sea8Hb5/c2LESBEEQBEEQBEEQBEEkCMY5540eBACsenodnl+7GRs2b8fIaBYAMG3KZBy36Cj82VvOwvSptKhDEEb8738Af7gRGO2v2ZS3T8LoWVchu+xKMMaE/wGQ3i792xuD/h10H0EQBEEQBEEQBEEQRD14fu2rgY83fAH1wKF+/Of/exAbtmwHAHR2tOGo2TMAABtf2VFut+Lc0/C+d53fkDESRFNyeDtw50eBPS9rP9U+4jgMX3ITeM9cWkAlCIIgCIIgCIIgCKKlSfQC6vad+3DDLXdhZDSLxUfPxcVvPQvHLTqqos2qp9fh/t/+Lw4d7sdRs4/A33/+Lxs0WoJoInavw/9n7+7joi7z/Y+/h9sZVAgEUmS0hJwKLLzBs+JmWaa25c0vO2F3Fm43u9rZbdfa39mzm9u255ytzP3VnnT31BZlbYmnOmo3SlIUrtiKKBVT4YKpI6jcBibDyM38/kBGUAZBmBmQ1/Px4MF8b+b6fmaqy6u31/f66sXUbs06dcsYquOLXlLLhZcRoAIAAAAAgPNWvw1Q6+0OPb5qrapq6pQ6/xrNnD7JdSwrJ1/2hhMyx0QpKTFe9XaHVq7J0KGyCl131UQtWsBMVMCtGpu0+obehadtjKE6fs+bHWaiSgSoAAAAAADg/HG2ANXPS3WcISsnX1U1dZo6OaFDeCpJmzJztSkzV6vTN+rxVWslSY8sTVVEeKg+3LZbttJyX5QMDAx/vbdvwlNJaqiT6e2f9E1bAAAAAAAAA5D/Y4899pgvLrw6fYMCA/z10P23KDAwoMOx5AmXyRJvVm3dcX1z8IisX3+jmdMnKcRkVEFhsU40NmvC+PjeFWA/oG2vp+vF9f+rzZlblb2tUIcCohU3JkLBvWu5Bwr1yi9eUc2V03TxEK9dFOez3L9Ie97q0yYNxysl4zC1jEpiBioAAAAAADjvHCn/tsvjAV0e9RBbabnsDSeUlBCnENOZcWVkRKgiI0I1ITFeK1dnaO++QyoqtmlacoJeXrdFe08+cOrclSv7z/+tAsuDevTuGAVKUmO5Cta/qL9k/1A/mxHdy/YBH2iolT56xiNNB/1tjWrGzpIzOFQSASoAAAAAABg8fBKg1tsdkiTzqLMHlcuWLFBWTr7r3HFjY7V336HeFVBu1a7DFt3ws5PhqSQFRivpjl8qqXctA76z79Oe37p/80fS0NektS91fV5DnULKvtCJ+OskEaACAAAAAIDBwycBak+EmII1b3ZK3zZqMsqkch0slxLdZriNKtv2il7ZvFc1TQEaOu563X3HDI0xSTpWouyMt5W9r0INTVJA1Pd094M3y2KSVJ6tlU8fVMKtkvVtq5q+/7B++YNwle14XX99x6qKJikgfJyuv/0OzRjTeqWag5v03DN/08HT2wJ64qvMnp1/80dS1CfSf58lPD0paN9HrgAVAAAAAABgsPBpgNo2E7UnKmvqZDIG9e7Cw6bq1hs+1TNP/5t2jU7QVd/7niwJoxVjcs1HVWPBK3puV4we/O29igmUjhW8oufWF+rhuxMVqCaFz/iRHr13mALVqJK3f6/1W7+nX86LOfluqz4tuFUP/vZuRQdKjQV/0TObA3X7L59S0jCpsXqX/nawSRojSRUqsF6vR/7zKQ2TXQWv/F4ZWydpxbwxvfuMGHxqerC0hSs8/W233+JfV3oORQEAAAAAAAxsfr64aNvt+AWFxT16n620XNU1dbLEmXtdQ/SMn+m3v31Qd1w5TAc/Xa/nfvMr/dvKt1Vkl6Rj2vW3vbLM+IFiTmaqw5K+r7Eln2mfJA2zKClu2Mnb/wMVN26Mamqq27WeoJvvnazowFNtjZt3u5KGtR4NjJisGW0bCtf3bkhS65ZJSVfG6buaY73+fBiE9v+9e+edQ3gqSQGVe8+hKAAAAAAAgIHNJzNQQ0zBmjo5QTt2WZWVk6+Z0yd1632bMnMlSUnjL+mTOgJNMYq7ap7irponNVZr1yvP6MW3E/TUHeFqsEvW13+hX7ze/h0JSpAk+wFtW/+2sksq9F1D08lDHT/DqS/Wrga7FGgMVOcCZOq4CfRPPV1fFQAAAAAA4Dzgs7hu9Kgo7dglbcrcIUucuVsPlGo7Z1pyQt8XFBihyZPjtP5v1TqmGBlNUsLip3R34pmnFr29WtkBi/WzRxM1LFBSwSv6xWfuGjbJaJIaGxoluQtRAS96+9rWWagP/KZns1CDh539HAAAAAAAgPOMT27hX7chWxkbP5Yk2RscWrlmvbJydnd6bvt1UufNTtGyJQt6X0D5+3ruz9kqqW48te9YiTZlF2n0pEQN0zAlfW+cira+r7K2UxrLVbCrRI2SAgKMkskkY6CkxjJlZxd1cbHWtvZmv6OSk3fmNx4r0LYCbtNHH7von7p/7tvXShVXt4ao3dQUZTmHogAAAAAAAAY2r85Arbc7tCZ9o4pKbIoID9W82SnK2JAte4NDGRuzlZWTrwnj4xViMkqSDpaWq6jYptGjovXw0lv7rpDo63X7997R6y/+TmUVDWqSFGAcKcsND+qBqSdXI518tx60v6JXfvML1TS1Hr/y5ruVIClu3h1KfO5F/eoXTQoYOk5zJ1ukCveXM02+Q8uO/VWv//5kW+HjdP3thFHoY+Hm7q+DKp2aibp4ibT2pbOe3hw6qhfFAQAAAAAADEwGp9Pp9MaFbKXlWp2+UVU1dRo3NlZpt92gx1etlb3BodT51+hgaYV27LKe8T6TMUjzZqd0e51UYND6MlN6/T6PNX/spmd1Iv46SZLBYHD9tN9ue93+d1evu9oHAAAAAADgDUX7bF0e98oMVFtpuVauWS97g0PXGpwkbgAAIABJREFUXTVRixbM0MrVGa7ttnB00YIZspWWd3ivJd7sjRKBgW/s91rXKXV4YHmI4GFqNE/u+3YBAAAAAAD6OY8HqO3D03sWzdG05ASt25CtvfsOKTYmSosWzHCdG2IKJjAFzpUxTLruZ9L7j/d508e/92O1BIWKeaIAAAAAAGCw8fhDpJ5L39ghPN2eZ9WH23bLZAzSI0tTPX15YHBJuVcacVmfNtkcZVH9lXf2aZsAAAAAAAADhccD1OqaOpljolzh6cvrtrjC0xBTsKcvDww+d/yl9Vb+vhA8TN/+4P/1TVsAAAAAAAADkMcfIrVydYb27jskc0yUbGUVrvDUPCrak5cFBrfDVukvt/ZuPdTgYar+P39RU9Slbh8axUOkAAAAAADAQHe2h0h5PEC1lZbrpXVbdKisQhHhoXowbT7hKeANNTbpr/dKR77q8VubIsep5oY/qCUstkNYOhgDVINB8g/wk5+fQQaDTv7033oB9H9Op1NOp+R0Si0tTjU3tcizozHvoc8E4An0mwDQfedzn+lJPg9QAfhY7l+kD/9ft2ajOoOG6tiUB3T8ijvOCE4HU4BqMEj+/n7y8zfI379/1Qbg/NTc7FRLs1PNzQNvgEufCcAX6DcBoPsGcp/pLQSoAKSGWmnfp9JXma0zUw9/KTmOyRk0VCeGX6Lm0FGyj7lajebJagkKdRueDoYA1d/foIDA1lkAAOBtLS1ONTW2qLl5YAzP6DMB+Br9JgB030DrM72JABWAWwf2l3UZlg6mANXPz6DAwNaZAADgay3NTjU2tqilpX8O0+gzAfQ39JsA0H39vc/0hbMFqH5eqgMA+i0/P4OCghnQAug//PxP9kv9cIYSfSaA/oh+EwC6rz/3mf0VASqAQS0g0E/BRv9+MQsWANozGAwKNvorIKD/DNfoMwH0Z/SbANB9/bHP7M/4lgAMWn7+rbdSAUB/FhjUP2Yt0WcCGCjoNwGg+/pLn9nf0ZsDGJQMBoOCgvx9XQYAdEtQkG9nL9FnAhho6DcBoPt83WcOBASoAAaloCA/8ecDgIHCYGjtt3yFPhPAQEO/CQDd5+s+cyDg2wEw6Pj5G7hFAcCA46u+iz4TwEBFvwkA3Uff1TUCVACDDmtRARiofNF/0WcCGMjoNwGg++i/3OObATCoBAT4yc+Pv1UDMDD5+Rm8+qRU+kwAAx39JgB0n7f7zIGEbwXAoOIfwIAWwMDmzX6MPhPA+YB+EwC6j36scwG+LgAAvMVg0LnPCKizaftH2/RhQblsx5olSQHDwmVJStTN107R6NA+LBQAuuDnZ5DBYJDT6fTodXrVZwJAPzJQ+83G0q36/boALV0+Q5F91ioAdM1bfeZA0+sAtaampi/qANBOeHi4r0s4L/n7n9uk+8q8DP1+3SHVnba/6ViNrNu2ybptp5IW3a5lyRG9LxIAusHPX2pu8uw1zrXPlJpUb5dCTPw9PYD+o3/3m504ulW//8Pnqr3qVsJTAF7njT5zoOn1yJagB8BAYTiHMW39Fxl6fN0h2dvtGz46XPUHa9rtc6hg3etabUzTsvFDel8oAJyFn59BzfLwTKpz6DMrS79RVUGWnq++Sk8sClVRYYXquzg/Mu5KjWUGPwAv6K/9ZqeOZuvxP3wum/yVkmjuo0YBoPu80WcONEwNADBoGAw9vKXKnq/nX+4YnkqhunrRFO17KlMFHfY7VPDyRm3/99s1zdTbSgGgaz3uz7x0jcavs5VePUUr7rpUgfZvdKSkWPvs7s4eoqQxV2psr6oEgO7pr/3mGeo+0+o/7patSZLxIqXE975JAOgpb/SZAw0BKoBBw6+HfwgczNwpa4/ecVjvZNo0bQEzBQB4Vk/7M29dY+R1S/RE24bpYs285eI+rQkAzlV/7Tc7sBdq9ZNZKmg4uR0fL0uvqwKAnvNGnznQ9OEiLQDQv/XstqpyWYu6uvG0c1VFX+twj98FAD3jjTHtOd+KWveZ0l/NV22fVgMAvdOv+01Jshfq+SczT4WnkszDHNq55zPt3POZiqpZjBCA95CfnokZqADQqXLtKz+Xt1XriKSRfV0OALTXLwe1x7U9fa3ePhCglPvSFHZgix5NL+5yDdSxN6ZpWTJrRwPwgn7Zb57UaNNbazKVd6zjbtuOj/XCjtbX5h+M1Irror1fG4DBqT/3mT5CgAoAPTZEw4dJOnbWEwFgEBmiaQtv0simkRobESBpjn73mK9rAoD+rlyb/7heW8rcn2G+9lb9kvAUAHyKABUAOhWtsdFSwRmzUOv0yfs2pf38Xk3Ie0/Pf3BYde3vqIqO0AgvVgkA/UqoWWPVpHp7k0JMDDMB4OwilDx/poYfk6QmFX30sXLahamhSbP18I1mBfqqPACAJAJUAHAjWgmWEL1dfubNp1WFeXq68HON+8EcrXjsuNJ/neV62NRwy6Xcvg9g0Kot/UZHCrL0fPVVemJRqIoKK7q8hT8y7kqNDfVaeQDQDwUoMv5KRUqSCpX32qkjpsTZ+t1diQrxUWUAgFMIUAHAjdGzpyhh28eucLQjh/a+v1EPv99+30jNnW32Sm0A0B/Vf52t9OopWnHXpQq0f6MjJcXaZ3d39hAljblSY71ZIAD0Z8XFKjr50pQ4U79LIzwFgP6CABUA3DFN0v33FOtfXz4kt///7xKspHvma5rJC3UBQD818roleqJtw3SxZt5ysS/LAYABpShvv+ySAmIm6pdpVyrM1wUBAFz8fF0AAPRnIeNTtWJRrLq+wzRYSYtu17LxPEkaAAAA58KmPUXNUswVWrF8BktCAUA/wwxUADiLyORUrbLYtP2jbfqwoFy2Y82SpIBh4bIkJerma6doNGv4AQAA4FxVF2vvsCv06E+uJzwFgH7I4HQ6nb4uAoBvHNhfJoPB0KMfSW632163/93V6672eYIphL8zAnD+sNc3ebR9+kwA5xv6TQDoPk/3mf1N0T5bl8e91sMXFduUtW23CgqLu3W+OSZKM6dPUkpygocrAwAAAAAAAIDOeSVA3Z5n1cvrtkiSIsJDFRne9b2u9Q0O2coqlL5ui4pKbEpbNMcbZQIAAAAAAABABx4PUIuKbXp53RbFxkRpyaI5Mo+K7tb7KqvrtDp9g3LzrBoeHqp5s1M8XCkAAAAAAAAAdOTn6Qtk5eRLUo/CU0mKjAjVI0tTZTIGKStnt6fKAwAAAAAAAAC3PB6gFlhLFBsT5QpPbaXlytiYrXq7Q1Lr7f3vfLBDklRvdyh93RbtOblOaogpWEmJl8je4JCttNzTpQIAAAAAAABABx4PUCUpxBjser0pM1dZObuVm1coSXp53RZtysxVvb01JM3Nsyrrk3zX+RPGx8tkDJLJZPRGqQAAAAAAAADg4pWHSLWXuuBaWeLNSklOlCQtTZsvqXW2qSXerNT518gSZ3adPyExXhP+4188Vs+JE036rxffliT9yw9vVlBQ119J/ud7tX7jx/rXn9yu8LChPbpW/ud79edX3tGP7p6rSVeMO+eaAQAAAAAAAHiH1wPUyIhQzZw+ybU9ITG+w/H2x6TWh1ANjwhTZESoR+o5cOiIDp5cHuDAoSO6ZGysR64jSeMvG6unVjygISHMpgUAAAAAAAAGAq8HqFk5+dqUuUPL0ubLEm/WytUZsjc4tGL54g7nbc+zKmNDtuwNrWulmmOitDRtQZ8GqU6nlLvrS01OskhqfR1/cawMhj67RAdBgQEK6uGsVQC+c7TiW1+XAGAQuTDqAl+X0Cv0mQC8jX4TALpvoPeZvub1APVgaYXsDQ7VnwxGK2vqZLc3qN7uUIipda3UomKbXl63RSZjkObOmqrK6jrt2GXVmvQNZwStvXHocIWKvynV/XfeKEl68fXNqqj6VtGRp/6l2m87or/89X0drajRyAuHd7j1vqb2Oz3xx9eVPOFSFRQWq7yyRkkJ8Zo7O0WvvblV3xw8rFEjo7T0nvmKGh6mfQcO689r39GPFs9V+AXD9MQfX1dKcqL2fPEPlR2tVHRkuO694we6yDyizz4jgHPHHzAA0H30mQDQM/SbADBweD1AXXLbHF0/faLMo6IlSb85GYi2hadS6yxVSVqx/G7XjNPIiFC988EOFRXbZIk3qy/s3POVRl44XDEjIiVJ0VHhKigs1qxrJkuSao8d14uvb1bsyCj99L6Fqq37Ti++/v4Z7Xz9j4P60d3zVPPtMb3w2rsq2V+mOxbOVOTwML34+vva8tFO3fXP13daw6f5Vv3w9h9o2NAQvfTGZr3/4U49cNdN8vf3yvO9AAAAAAAAAHTB6yldvd0he8OJDtv1dscZ55iMwR1u1297sJStrLxP6qitO67Prfs0LTlB/v5+8vf307TkBG3fWajauuOSpG8OHJa9waH/84PvK2p4mOIvHqUbr596RlvXTEtS7MhIxV88SjEjInW5ZYwmXnGJRo+KVvxFo1R6pLLDZ27vxuunKv7iUbowKlyJl16sumPHdaKxqU8+IwAAAAAAAIDe8foM1HUbsrVjl1X3LJqjackJenzVK7I3nNCz//6gaxbq8Igw7d13qMNs07ZZqW1Bam9Zi/brcHmVnntpQ4f9BkPrsZTkBB2trJG/n5+CggJdx03GoDPaOn1fdGS46/UFYUNVeqTSbR2dtQcAAAAAAACgf/B6gGqJN8tWVu4KQlOSE1VVXdvhFv55s1NUUPgPPf2n9bLEmVVZXauqmjolJcS5bv3vjRMnmrRjl1XzZk/TtCmJHY5t31moHbusmnylRRdGhquxqUnH6xsUfvLhT+5mkgIAAAAAAAA4/3g9QJ2WnKBpyQmu7UULZpxxTmREqB5ZmqpNmbkqsJYoIjxU1101UfNmp/RJDQcOHVF5Va1SF8S7gtE2SYnx2vb3L3Tg0BFdPGakhoSY9O4HO7TwpumqrftO723d0Sc1AAAAAAAAAOj/vB6g2krLVWAt0XVXTVSIKVh7CotVVV2nmdMndjjPPCpay5Ys6PPrO51S7q4vFTsyUiOjI844PjI6QrEjI5W760st/udZ+uHtN+jF1zfrV7//i6IjwzXpSovy9nzd53UBAAAAAAAA6H8MTqfT6ckL3Ld8lcaNjdUjy1IlSStXZ2jvvkOuNVDvW75KkvTCquUd3ldUbHOtg2oyBcsSZ1ZSYnyHB0sB6J0D+8tkMBh69CPJ7Xbb6/a/u3rd1T5PMIV4/e+MAMBj7PWefegkfSaA8w39JgB0n6f7zP6maJ+ty+Ne6eHtDQ7X60ULZmhPYbEmJMZLkpamzVdVdW2H8196Y4t27LJ22FdQWKxNmblKXTCjwxIAAAAAAAAAAOApHg9QkxLiVGAtka20XOZR0a6fNm1BaptNmbnascuq2JgozZudogmJ8aqsrlNRiU0ZGz7Sy+u2aHRMVJ88TAoAAAAAAAAAuuLn6QvMnD5JkrQ6faNspeVdnltvdygrZ7ciwlsfItUWrkZGhGpacoKWpbWuibopM9ezRQMAAAAAAACAvDAD1RJv1j2L5ujldVv0+B9e1fDwUEVGhHU4JykxTjOnT5KttFz2BodmTm99wFRnbUWEh6rAWuLpsgEAAAAAAADAO2ugTktOUGR4qLJy8lVgLVFVTV2H406nUzOnT9LwiDBFhIfKEmfusq09hcWeLhkAAAAAAAAAZHA6nU5fFwHANw7sL5PBYOjRjyS3222v2//u6nVX+zyBJ6MCOJ/wNGkA6Bn6TQDoPk/3mf1N0T5bl8c9vgYqAAAAAAAAAAxUBKgAAAAAAAAA4AYBKgAAAAAAAAC4QYAKAAAAAAAAAG4QoAIAAAAAAACAGwSoAAAAAAAAAOAGASoAAAAAAAAAuEGACgAAAAAAAABuEKACAAAAAAAAgBsEqAAAAAAAAADgBgEqAAAAAAAAALhBgAoAAAAAAAAAbhCgAgAAAAAAAIAbBKgAAAAAAAAA4AYBKgAAAAAAAAC4QYAKAAAAAAAAAG70mwC1srpOldV1vi4DAAAAAAAAAFwCfF1AUbFN6eu2qKqmNTwdHh6qtEVzZIk3+7gyAAAAAAAAAIOdTwNUW2m5VqdvVFJivK6fPlGStDVnt1anb9SK5YsVGRHqy/IAAAAAAAAADHI+vYV/a85umWOitOS2OTKPipZ5VHTr65gobcrM9WVpAAAAAAAAAOC9Gaj1doc+3LZbldW1ssSZlZKcoKrq2k5v1bfEm1VUbJMkbc+zam+JTZERYbruqokKMQV7q2QAAAAAAAAAg5xXAtR6u0OPr1orp6TRMVFKX7dFB0vLNTwirNMHR9lOHlu3IVu5eYWyxJn1t2Kbtu8s1Irli3sdotobTujZF95Syf4y1z6DwaCLR4/Q3amzFXPhcNXUfqcn/vi6bp1/jSZdMU75n+/VW+/m6Oc/uvWMpQWcTunNdz9Ryf4y/fS+hTIZg3pVHwAAAAAAAID+wSu38OfmFcop6TfLF2vZkgW6Z9Ecfbhtt6YlJ2jHLquycna7zs3KyVeBtUTTkhP04bbdSrvtBi1bskC/Wb5YzpNt9ZVZ10zWUyse0FMrHtB//PKHCg8bpj+9vEm1x453en5FVa127LKesf9oRbX+vvurPqsLAAAAAAAAQP/gtRmoQ0zBrpmjkeGtMzjNo6J1z6I5ytjwkTI2ZkuSTMYg3bNojoZHhEmSQoyt7wk5+f56u6PP6jIGByk8bKhr+6ZZU/XM82/q4KFyxcZEdfqeHbusmjo5wTUL1emUtv39C9XWHVfkyZoBAAAAAAAAnB+8EqBOSIzXOx/s0Dsf7JAlzqyMjdmKjYlSiClYo2OidOcts1RR9a0kKWr4BRoZHa7IiFDFxkQpY2O2Fi24VkUlNh0qq9CytAUeqzMwwF+S1Nzc3OnxmBHDJbWGqHNnTZUkVVR9q8+sJbpkbKxaWlo8VhsAAAAAAAAA7/NKgGoeFa2lafO1bkO2NmXmKikhTqkLrtXTa9arqMTW6XsscWYtue0Grfvfj7RyTYYiwkO1NG3+GeuP9pWm5mZ9mv+l/Pz8FDMistNzTMZgXZOSpPeyPnXNQt329881MjpCMSMjXQ++AgAAAAAAAHB+8Not/IfKKvT9KYmufWvSN8gpacXP75J5VHSH822l5Xpp3Ralv7FZE8ZfoksvGS1JOlRWIUucudcPkWqzKTNXmzJzXdshJqPSFs1WdOQFqqn9rtP3XDZutD7N/1I7dln1TxMv054vinX3rbP0NeEpAAAAAAAAcN7xeIBqKy3XyjXrZTIFu9Y+rW9oDVQf/vGtZ4SnUuuM1XmzU7QmfaNMxlNhaWVNnbZ+kq9Hlnb+vp6adc1kzZw+SZIU4O+voUNMMhi6fk9QYKCuu2qi1m/6WGVHKhUzIlJjx8QQoAIAAAAAAADnIY8HqJsyc2WJi9WyJafWLi0qtunpP63v8n1tD4+aNztFlniza//qlzZoU2Zuh/bO1ekPkequy8aN1oiocFmL9uuh+2+Rv79fr2sBAAAAAAAA0P94PPkrsJYopd2t+72VMiVRBdaSPmvvXAT4++vW+TP0o7vnaUzshT6tBQAAAAAAAIDneGUN1BBj36xZ2tdt9UbU8DBFDQ/zdRkAAAAAAAAAPMgrAWp/YzIG6V//5bYuzwkPG6onH73ftT3pinGadMU4t+fPnTVVc2dN7bMaAQAAAAAAAPgei3cCAAAAAAAAgBsen4FqMgYpd5dVhnaPt7eVVbh+G9w89t7dObm7rDIZgzxYMQAAAAAAAAC0MjidTqcnL7A9z6qMDR/J3nCiT9ozGYOUuuBaTUtO6JP2gMHswP4yGQyGHv1Icrvd9rr9765ed7XPE0whg3LVEgDnKXt9k0fbp88EcL6h3wSA7vN0n9nfFO2zdXnc4z38tOQEwk4AAAAAAAAAAxJroAIAAAAAAACAGwSoAAAAAAAAAOAGASoAAAAAAAAAuEGACgAAAAAAAABuEKACAAAAAAAAgBsEqAAAAAAAAADgBgEqAAAAAAAAALhBgAoAAAAAAAAAbhCgAgAAAAAAAIAbBKgAAAAAAAAA4AYBKgAAAAAAAAC4QYAKAAAAAAAAAG4E+LoAAAAAYHAo1+ZVG6U779MNF7btK9TqJw/r5v97vUae7e1Ht+rRP1hVb2obwococeFCpY0PO+eK9qRnSGmpmlC8Vf9ZdLH+7cb4c26rTW3OS3r46yu15v5JCuzqvK+3qGDYHF09SqrMe0tva4buT47o9fVd6gr1VmGYFqaYu3FyuTY/+ao224NdNYdZrtFPb0tU977d49rzxlq9ViQl3flj3dX7rxEAAPQjBKgAAACAtzQ5tPnlDI34SaommM7h/ZfO1Kq0xJMb3+jVJ7NVNH6BLL2tK/56/VufhH42bS6M0Z0xxfqkbpJmhro/s77UpsJo6epRUmTyQt3fF5dvz35YBUXqZoAqSbFKeyxVE05u7XvzBb1dnKi07nwv1Tv1TkOKVj125TkWCwAA+jMCVAAAAMBronTnPRHKerNQlrsSFdL+kP0brXv+PeXVSDJFaN49t+vqC900I0mNDtkbW1/Wf/2unl63X7Xyl3nWfD2UEqDNT2bpiKVBRQX1agwYqTuXL9QEU5k+eX6jNpU1KzD6CiWbpLGS9EWGHi2fod9dV67VT1oVGl4na5lDjeEJevinMzRS1dqenqG3DzQrMDxeFpNNI+a3n0l70tf5qps6R4viduqZ977WzNsuPXmg3XVNUboqyaGPPqpTfcBzWl40Uw+Hb9Pb0fdp2XipMi9Dz75XoXpJYYkz9fAtl6r2wxeUUW5WfUmxqpr8lbhwsdLGD9Hh3LV69oM6NQYEy3ztfD2UEt16ueocrfyTVUfsVi1/bL/SHrtJIzppN0TuNKne3tT68miOnnn5c9nsHet5rXykGkv2yzz7Ch157zPZ7NLyx2xKeyxFtSe/KylESYtSddelx7X5yS06YmlSUUG07lx4XK/tCtCI0nLZmgKUcqNFto+sstkly8LFun/8kO78ywQAALyEABUAAADwosALr9edMS/p6Q8jtOK6U/sPZmapanqaVk0YItXl6PH0HCX9dHrHW8iLt+k/n90pqVl1DUN09V3zZWnM1zOZQ7T0sQcVqePa/vwW7Um5SlK1AiY8qCcWSPV5a/XMnlolmj7WJ6Pma9X9MZK+VvqvDp9ZYLlDY39yn+4ytc7C3FI8Q3ce26IPo+drVVqMpG/06mO2Tj5ZtbJ2GDUzzShpumbqLe1svFRTAqWDGzZqz4TFWnX/EElNalSAJga84ApND3+4rbWJxny9lhOhpY+laqSkwjf+pIziSzVHki3QolW/niPZd2rl8/mqHX+pCvJClfbYYlkk1dsbTpUSMV2P/NihR98fqd+lJUqN+Xqmk3Y7zi49rIxnX9JmSU3HHAqdOkf3x9u0blWFZv78QSUGSvs2vK5Pjl6qJElHAhO06tc3tb519KlrNe55Xb93fVdfK/3ft6ro1ymS6lz/PPRFhqrsZq349UKFHN2qf32hXkt//WONbszXM2vyVTt+ejeXDgAAAN5AgAoAAAB42cjrUjU3/S29dfTULd9VNdLYqSdnHoZerISGnbJJHYO0+Kv0b65b+E86Wq2q8mI9/+w3kqSmBqOurpakKCWOaT0lxBgse51DlfbjGj46pq0xJYz57Mziokdq7MnlBUzhUr1dqqxu/76LlThGOnL6+0p36pMDNu189qXW7aZ6Be6o1pTpEaqqCZCl7bMpwP3aqNXVqooY6VoP1nJpmN4uq5YkjbVcfLKoEIU01Kpe0bp6QYTeSs9QVkCYkm+coynulkVw1258+zVXRyr1p6du4W9VqKryw3p7zUvaJElNDplPTqp11XOajt9VvBKic2U77Z+HJI2wXOSaARs4KlajJSkwWIEN1a2zZN19RwAAwOt8GqDW2x1654Ncbd9plb3BIUkyGYM1bUqC5s5KUYgp2JflAQAAAB4yRBPSZqho1UYVnVzBdHi4lFt2XLpwiFT3jazGKM3sTlMRERoenaC0DrNVy7W5k1MjI4ao6mCZND5GUrGsB6Skblyi4/u+UeEBKfK0cwpzjmvur+7TFFc6Wq2s53NUNH2Bhoc36ZODx3XDhadmoAZKamxokGTs+FmqD+uwEjVSUtHXtTInR0gHOq8rMGa67kqTpM+0elW2xi6fcaquwAAFNjrUKCnQXbtnFabh0bG6+qcL1D62Plza3e+qWNbyCKVESPu6cTUAANA/+TRAXbchWzt2WRUbE6UQY2tYWt/gUFbObh2vd2jJbXN8WR4AAADgQWYtutOiva+1bo2ePVPDn0/X8o1yrYHarVmIgZN05/S3tPrf/6SqJikkJkH3pV3a+akTrtHVeRu1/LGTa6B288FRgRPm6LqCjNb3hcfLEnPaCXU52txwkR7qMLU0QldPqNfqvON6aPYcjXg+XcvfkwJNUbrhnlRdnTJVIU/+WcvzJuqHbU/BCpykO6dn6NnHnju1Vmm8VNtpgFqu3PS3tKmsWZK/zLMWdgx1I6Zormmtlj9m1cKfLO603bMza94tX+v5J/+kdLsUGD5Sd6Yt0PBufldta6BadJwAFQCAAczgdDqdvrr4fctXKTYmSr9ZvrjD/t+uWqtDZRV6YdVyH1UGDA4H9pfJYDD06EeS2+221+1/d/W6q32eYAph1RIA5w97fZNH26fPREdNamwMUGCgJFUr69mtGn7G7e5A/0a/CQDd5+k+s78p2tfZ+u6n+LSHT0qIU8qUxDP2z5udotydhT6oCAAAAMAZ6or11mvbVFDuUKP8ZZ41Xw/5uiYAAAAv8ekMVAC+xQxUABi4mEkFAD1DvwkA3ccM1I682sPbSstVYC05p/cmJcTJPCq6jysCAAAAAAAAAPe8EqDW2x1ak75RRSVdp7ld2ZSZK0ucWUvT5ivEFNyreuwNJ/TsC28pwXKR5s6a2qu2AAAAAAAAAJy/PB6g1tsdenpNhmxlFUpKiFPS+EsUGR7aozZuu58fAAAgAElEQVQqa+pU8MU/VGAt0dNrMvTw0tReh6gAAAAAAAAAcDYeD1CzcvJlK6vQ3FlTNW92yjm1YZE0LTlBL72xRTt2WZWVk3/ObQEAAAAAAABAd3k8QN2eZ5XJGNQngeeiBTO0Y5dVuXlWjwaoTc3N+iB7lz74ZJfq7Q5deflY3XHLTF0QOlRHK2r0P+98oq/2HlBjU5MuHj1SD9x1k0JDh2hN+kYFBATogbtukr+/nyTprfdytP/gEf3LD29W8f5SvfG/H+loRbWiI8N1+83X6fJxYzz2OQAAAAAAAAD0jp+nL1BdUydzzKmHP1VW16myuu6M81auztDTa9Z32VaIKVjjxsaqqubM9/elj7d/pq05+Vr8z7P0xK/uVXBwkF5/+yM1N7foeH2DLjJfqMceuUe/+79L5O/np7fe2yZ/P39NvtKifQfKVFldK0mq+65eBYUlmjo5QUcra/Ti6+/risvH6olf3ac5M5L16v9sVXnltx79LAAAAAAAAADOnccD1NOlv7FZT6/JOGO/raxcB0uPdvqeouJTD58yj4pWbEyUx+pzOBq1+4t/aOrkyzXxiksUER6qOddOUWXVt6qt+05jx4zUTddPVdTwMF0YFa7Lxo1RVU2dGhwnlGC5SMbgIH1mLZEkfXPgsPwMBiVYLtIXX+1TWOhQ/eC6f1JEeKimTLxM0ZEXaL/tiMc+CwAAAAAAAIDe8fgt/KcLMQVr777WWaiREaceJrVi+d2dnl9UbNPTf1qvexbN0bTkBC1aMMOj9TWcOKFva7/T1n2HtPWTfNd+kzFI39YdV8OJRmVsyNbB0nJ9d9wuSYq7KEaSFBY6RBPGx2v3F//QtCmJ2p5n1diLYhQ6bIiOVtTIVlquhx5d3eF68ReP8ujnAQAAAAAAAHDuvB6gJo2/RAXWEr28bouWps1XiClYkjqEqZXVdQoxBauqulZZ23ZLknbkWTU6JkrDI8JUb3d0OL8vGYOCdEHYUF1x+VjNnpHs2u9nMMhoDNLzr76rY8fteuj+hQodNkRZOfkq2V/mOm9K0qXauftr/X33Vzpw6Kjuvf0GGQzShVHhGj0qWvfe8QMZjcGnrhcc5JHPAQAAAAAAAKD3vB6gTktOUFGxTTt2WfX4qrWaMD5eISajTMZgpSQnKMQUrMdXvSLJIEmyNzgkSUUlNj3+h1dlOhk+/vE/Hux1LQ2OE6qp/c617WcwaMgQoyaOv0Rbc/J12SWjNTr2QtUdO66iYptmfH+CjMFBCgzwlzE4SFXVtdr9+V6FhQ51tREzIlJjzCO0YfN2jYmN1pjYEZKk8ZeN1ce5nymvoEjfn5Ko5han9hT+QxMSL5HJSIgKAAAAAAAA9EdeD1AlacltcxQZEaqsnHxl5ex27TfHRMkSb1bqgmv18rotkqSHf3yrLPFm2UrLtXJNhuwNDt2zaE6f1PHBx7v0wce7XNsmY5Aeuv8WXTPtSp040aj0dVt0vL5BF4QO1fVXT5LBIC288Sr996vv6tEnX9KY2BGyxI/WkfJqVxv+/n6alpygL77cp6mTExQUFOD6bPekztYb//uR3t26Q4EBAZp4xThNmXBpn3wWAAAAAAAAAH3P4HQ6nZ68wH3LV2nc2Fg9siy10+O20nLV2x0KMQXLPCq6w/uSEuK0bMkC176X3tiiHbusWvHzuzqcC+DcHNhfJoPB0KMfSW632163/93V6672eYIpxCd/ZwQAHmGvb/Jo+/SZAM439JsA0H2e7jP7m6J9ti6Pe6WHb7sNvzNdBaFVNXUdt6trJUkmk7FvCgMAAAAAAACALvh5+gJJCXGylVXIVlre7fesXJ0hSbKVVShjY7b2lhzSOx/s0N59hyTJdXs/AAAAAAAAAHiSxwPUmdMnSZJWp2/sUYg6dXKCYmOilJWzWyvXZGhTZq5iY6I0dXKCPLzqAAAAAAAAAABI8sIaqJK0Pc/qmjU6PDxUkRFhnZ43d9ZUWeLNHfZl5eQrY+PHmjo5QUtu65uHRwFoxRqoADBwsZYfAPQM/SYAdB9roHbklR5+WnKCIsNDlZWTrwJryRlrm7aJLYw6I0C1xJkVER6qackJ3igVAAAAAAAAAFy8MgMVQP/EDFQAGLiYSQUAPUO/CQDdxwzUjjy+BioAAAAAAAAADFQEqAAAAAAAAADgBgEqAAAAAAAAALhBgAoAAAAAAAAAbhCgAgAAAAAAAIAbBKgAAAAAAAAA4AYBKgAAAAAAAAC4QYAKAAAAAAAAAG4QoAIAAAAAAACAGwSoAAAAAAAAAOAGASoAAAAAAAAAuEGACgAAAAAAAABuEKACAAAAAAAAgBsEqAAAAAAAAADgBgEqAAAAAAAAALgR4MuL19sdys2zKjevULayCkmSOSZKKcmJSklOUIgp2JflAQAAAAAAABjkfBag2krLtXLNeklOpSQnau7sFElSUbFNmzK3a1Nmrh5ZeqvMo6J9VSIAAAAAAACAQc4nt/C3hadJifF64tf3a9GCGaq3O1Rvd2jRghl64tf3KykxXivXrJettNwXJQIAAAAAAACAbwLUdRuyZY6J0pLb5rhu08/dWajcnYWSpBBTsJbcNkfmmChlbPzYFyUCAAAAAAAAgPcD1MrqOu3dd0jzTt6y35V5s1NUVGJTZXWdFyoDAAAAAAAAgI68vgZqQeE/ZDIGyRJvPuOYvcGhvSWHXNuWeLNMxiAVFP5DM6dP8maZAAAAAAAAAOD9ALXe7pA5pvMHQ9nKKrRyTYZr+4VVy2WOiVa93dFn17c3nNCzL7ylkv1lnR6PuGCYHnrgn/VKxhZJ0k/vWyiTMajPrg8AAAAAAABg4PB6gBpiCpatrOKM/W0PkjqdraxcKVMS++z6xuAgLUtboKbmZknSX9/KUm3dcf3w9hsUHBwkPz+DhoaEaFnaAtf5AAAAAAAAAAYnrweoSYmXKGPjxyoqtnW4jd886sxZqUXFNtkbTsgSd+bt/ufKYJCGDTW5toMCA+Tv76ew0KEdZpq2PwcAAAAAAADA4OT1ADUyIlTjxsYqY2O2Vixf3OW56zZma9zYWEVGhHqpulOef/VdSdL9d92kdz7Yoc+sJYqNidLf879SUFCg7kmdpaqaOm3ckqumpmbNm52iOddOkcEgNThO6M13c7Qjz6qWFqemTUnULXOnM5sVAAAAAAAAGGD8fHHRtNtuUGV1rVanb+z0tv16u0Or0zeqqrpWabfd4IMKz3SorEKjRkTqP365RJePG60/r31HxfvLtGL5Ys2bnaKtObtUeqRSTqf05js5sn79jX72wC167JG7VXakUu9lferrjwAAAAAAAACgh7w+A1VqnYX6yNJUPZe+Uf/67y9o2pQE14OlbGXl2r7TKpMpWI8sTfXJ7NPOxIyMVEpygoaEGDU5yaIv9x7QDddOUdTwMI2/fKw++GSXjlZUa9gQk6xF3+jG66cq/uJRkqQbrvsnbf7w77I3OGQyBvv4kwAAAAAAAADoLp8EqFLrmqe/Wb5YuXmF2vNFsbJydkuSxo2N1bzZU5WSnKgQU/8JG4MCA+Tnd2rCrjE4SKHDhkiShoQYFRTY+lXWHjsue8MJvZKRqVcyMl3nR1wwTA2ORgJUAAAAAAAAYADxWYAqSSGmYM2cPkkzp0/yZRl9KmzYEJmMQZo/Z5qSEuNd+/38DBo2JMSHlQEAAAAAAADoKa8FqFk5+SoqOSR7J2uedofJFCxLnFkzp0/s48r6VuiwIUqwXKxPcj/TmNgLFX7BMB0tr1ZFVa2+/0/jfV0eAAAAAAAAgB7w+EOk6u0OPb5qrTZl5spkDJbT6VRFda3GxcVqXFysTMYgFZXYXNtFJTaZjEGu7YrqWjmdTpmMwdqUuV2Pr1rb6YOn+guDQbpl7nTFjx2lVX9ar//7u//Wq29uVXBwoK9LAwAAAAAAANBDBqfT6fTkBdZtyNaewmL9ZvlihZiCtSkzV0XFNj2yLFWSZCst1+N/eFXL0uZLklanb9SKn98l86jWh0qtXJ0hS7xZ82anqN7u0G9XrdWExHgtWjDDk2UDg8KB/WUyGAw9+pHkdrvtdfvfXb3uap8nmEJ8umoJAPQpe32TR9unzwRwvqHfBIDu83Sf2d8U7bN1edzjM1D3FBbr+ukT3T4Qqi0oXZ2+UavTN3bYd7oQU7Cunz5RBYXFnikWAAAAAAAAANrxeIBaXVMnc0zngagkVVbXSZJS51+j1PnXdNjXGXNMtKpq3B8HAAAAAAAAgL7i8QD1bKqqayVJM6dP0szpkzrsAwAAAAAAAABf8soiLbayCtcah1U1dbI3OLS35JAkKXeXVSZjsGvbZAxW7i6r63x7g0NVNXWu47ayCm+UDAAAAAAAAACef4jUfctXeaTdF1Yt90i7wGDCQ6QAYODiYSgA0DP0mwDQfTxEqiOP9/AEnQAAAAAAAAAGKp+vgQoAAAAAAAAA/RUBKgAAAAAAAAC4QYAKAAAAAAAAAG4QoAIAAAAAAACAGwSoAAAAAAAAAOAGASoAAAAAAAAAuEGACgAAAAAAAABuEKACAAAAAAAAgBsEqAAAAAAAAADgBgEqAAAAAAAAALhBgAoAAAAAAAAAbhCgAgAAAAAAAIAbAb4uAACAgc7pdLo9ZjAYvFgJAAAAzjeMNQHfI0AFAKAHuhrAdvd8BroAAADoDGNNoH8iQAUA4Cw6G5iebV9nA9e2fWc7DwAAAIMHY02g//N5gFpvdyg3z6qCwmIdLC2XvcEhSbLEmWWJN2vq5ARFRoT6uEoAwGBz+qC1/XZXx07f137Q6nQ6O2wbDAYGuAAAAIMQY01gYPFpgLopM1dZObtlMgXLEmdWUmKczDHRqqypk620XH/bWahNmblKSU5Q6vwZCjEF+7JcAMAg4G7A2tlvP7/WZzG2/TYYDK6B6unnt7S0uI6dPng9fbYAg1sAAIDzE2NNYGAyOHu6wEYfqLc7lL5ui4qKD2rm9EmaNztF9XaHDpVV6GBpuUaPilZEeKgiI0K1Pc+qTZm5GmIK1sNLUwlRgT50YH+Z6w/h7v5Icrvd9rr9765ed7XPE0whPp90j36us7/5bz9AlU79+942kO2JlpYWt+21vW6/H+iKvb7Jo+3TZwI439BvwtcYa2Ig8XSf2d8U7bN1edwnAepLb2xRQeE/9MjSVA2PCFPGxmzl5lklSSZjkOwNJyS13safOv8aDY8I08o1GTJIhKhAHyJABVp1NZht2/bz85O/v3+fXbO5uVktLS2SOv9vqg2DW7hDEAAAPUO/CV9hrImBiAC1I68HqNvzrHp53Rat+PldkqSVa9ZreESo5s1O0YTEeNd5ttJyrduQrb37DumeRXM0ITFev121VpY4s5bcNsebJQPnLQJU4MwB7em3RPX1YPb0a7e0tLhuuZLO/O+rbR9wOoIAAOgZ+k34AmNNDFQEqB15vYfflJmrubOmanhEmB5ftVaWuFil3XaDJCljY7ZspRUymYKVOn+GHlmWqk2ZucrYkK3RMVGaNztFL6/bonmzU3iwFACg1zpba6r9oDYgIMCjA0qDwSB/f38ZDAY1Nze7PaeztawAAADQv3U11nQ6nQoICDinW/W7q/1Ys6mpye1kFsaawNl5NUDdU1is6po6zZw+SVk5+XJKSrvtBoWYgrVydYYqa+o0LTlBRcU2Pb0mQyuWL9a82SkqKrYpY+PHenjprdqUmavcvELNm51yznXYG07o2RfeUsn+Mtc+g0GKGn6BUufP0BWXj+2DT9t9+Z/v1Z9feUc/unuuJl0xzqvXBoDBqrN1p9rWjTIYDOccnp7LANTPz881sG1paTljIM3AFgAAYGDpaqwpSYGBgT0e253reNDPz0+BgYFqbGzs8HCqNow1gbPz3F91dKKo2KZxY2MVYgrW9jyrrp8+USGmYNXbHdq775CWLJqjebNTtGzJAlXV1KmopHX67KIFM1RUYlNldZ0mJMarqLjrabXdNeuayXpqxQN6asUDeuJX9ykpMV6vrM+UrayiT9rvrvGXjdVTKx7Q+Mtag9v8z/fqJ7/6L+07cNirdUit4fIT//WGnn/1Xa9fGwC8pbNZAG0D2rYBZncGkG3tNDU3q97eoBONTXKcaFRzc4uaT6451d2VcgwGgwIDA+Xn5+e61aqz27wAAADQv3U11mwb851trNmX40xJHa7LWBPoOa/OQLWVlss8Klr1doeqa+pkjonucLy+wdFhO8TY+rAo86jW86qqa2UeFe164FRvGYODFB421LU9e0ayPv9yn/aW2GSOieqTa3RHUGCAgtrVAQDwHHe3ULW/bb87bTQ2Nctud+iA7bBqjx3XobJyBQT6K+bCKI2LGyM/P4MC/FtnlgYHtw5WgwLP3nZAQIBOnDjR6QCW2QEAAAD9W1djTafTedbw1JPjzLa7rE6cOOH2OGNNoHNeXwM1xBQsW2m5JGl4RJhrX1JCnNLf2KK9UxK054tixcZEyRJvdr3PZAySraxc5pho2U8LWj2lqblZH2Tv0gef7FK93aErLx+rO26ZqQtCh6qlxamPcwv03tZPVfddvS4IHaqbb7xK35t0uV547V0dr2+QyRSswq++0R0LZ2rD5r/p1vnXuG7Rf/7Vd1X97TH99L6FOny0Sn9e+45+tHiusnLylVdQJEn6/R9fV9xFMbo7dY6e+e//UfKES1VQWKzyyholJcRr7uwUvfbmVn1z8LBGjYzS0nvmK2p463f65d4DeuN/P9LRimpFR4br9puv0+XjxmjfgcP689p39P0pidqeZ1XNt3W6ePRIPXDXTfq27rieef5N2RtOqERSXkERywoAOK+cbUAbFBR01jYaHCdUb29Q3p6vdOy7eh0+WimDQTLIoBanU0OHmHSisVEB/v5qamo++Z5G+fv7KSgwQEZjkGvA605gYCADWwAAgAGmO2PNrsZw3hhnGgwGBQUFyeFwdLr+KmNNoHNeD1Arq+s0c/qpGaVtD4NatmSBsnLyteeLYiUlxp+xxqm94YTMMdGylZXLZDz7/+D2VEuLU/mf7ZW9waFxY2MlSR9v/0xbc/K1+P+zd+/xUZZ3/v/f95wnCTmRBAwJCgRQA8hBVEBRFAEPIFYreGg9dFur3ba72/qtPX2/3X632/bXdr/bdrXdtS221grWqqBSEBRFCVUQUYgWCAgEoiQkISHJ5DAz9++PYSZzzInMJITX8/GYxxzu+77ua64Zh4+ffO7r+vQCnVc8Qs+ufVN/evZV3f+ZG7V1e7meeWGzbrnxCk2fMkGHjxxT9fETCv7GfLjvkGZOPV/f+Mflcjh73t+7bp2v88eP1p/XvK7P33WDxow+R95TC4v8fd9hffHuJao/cVKP/fFF7T9YpTtvma+84Vn67Z/Wat2rb+szn75WlVU1+u2f1uqyGRfqmstv0Qd7D+mJP2/QP99/qySptbVN5XsO6sufu1ler1f//YcXtKlsp25aNEff/qe79Jsn1yorM1133jJf6Wmu/h1oABhEwi+p6i6glaT6Eye178BhVXx0VLX1DWHtSKY6A02/zy+FraZqmqa8Xl/oZrdblZ7mSni+4CVW7e3tocCWIBYAAODM0ptYM1VxptSZRCXWBHoupQnUiSXF2rm7Qmlup4oK8/Xu7oqIKtP5c2do/twZMcdtOXXJfvGoAm3ZVq6J44pj9umLNevLtGZ9Weh5Zkaa7rxlvooKC9TW1qEdu/Zp1sUXavqU8ZKkRVdfot/9aa1qjp9Q2fYPdOmMC3T15dNlGIqYCkCSJo4r1t23LZTDYVN9Q1OP+5Tmdp36sZMy0t0aluEOHX/VnKkqOidPw3MyVTgyT/nDs0J9KzlvlI5+clye1nbt+vCAsjIzdP01lyo9zaVLpl+gbTv36GDlJ8rLzZLdbtPN11+honPyJEljRp+j2rpG2axWZQ5LD/31Kvo9AcCZLLoiIDjvk9/v79EKqHX1jXrzrfdUU3dCLS2tCc/h9fpltSZuq73DK6/Pr44Ov7Iy02SxxA9WLRaLbDabvF5vaF7U8ACXygAAAIDB43RizVTHmRKxJtBbKU2gTptUohde3nqqCnWGHl+5ToYhvburQrX1jTH7u11OTZscWDRq1sWlSnM7tXP3vpjq1L5acNXFmj93hrxen/7y4mY1e1p1/vjRMgyptb1dJxqatOHAEW14/Z2wPjlUU9egEw1NuuDUvvEMy0iTw9G/wxtdeVuQlxN6nJ2VoaOfHJckHaupV+XRav3Tdx+J2L9kzCjl5WbJarX2aH4UABgqEl1OFQxsu5v3tP7ESb24YYs8pybwj2YYhqxWq1xOh1wuhywWi6wWi0wFVluN5vf71WGaqq0/qdzsjISBsM1mC62WGv4+gucksAUAABh4XcWafr9f1rCK0WgDFWdKktVqVXt7eyieJNYEEktpFq14VIGKCvO1Zn2Z7rt9kTZufkcbN+/Q4gWz4laVVlZVa836rZJMLV86L1QtOnvmpH7pT/giUrcuvlL/8eun9cobgf64HA5lZ2VoyoVjtXDezNAxFsOQzWZVdlaG6k6clGkqYRI1EdMMTBmQLCPyczR6VIH+4c7r5Tq1EJcUeL8fH6tN2nkB4EwQHdh2mzxtOKnn1r6m5jjVAGlul7w+nyZfME6Zw9JVkJejtDSXHHa7DEkdXp98Pr/aO7zy+fwRQWnw/CcaW5SV6ZYtQWBttVrl8/lksVhCxxPIAgAADE69WTRqoOPM4KJSxJpA97q+XjEJ5s+doa3by7VlW7keenCZigrztXHzDu0sr5BhGCoeFZgftbKqRhs375Db7dRDDy5TbV2DNm7eoflzZyjN7ezmLL2Xl5upq2ZP1etb39Mn1XVyOu2aPnm83t1docNHjkmSGk82660dH4a2vfPeXr3x1vuqb2jSe+X79eqb78Zt2+mwa1hGmj7ce1ht7R3as79Sf684nLAvI/Jz5XDYVfXJ8T4lWidfMFYnmz3atnOPTL9fXq9P23b+XU3Nnm6PdbscGjUyT7X1jWo42dzrcwPAYNOTlVATaW7x6NXN29Xa1hGzbXhuli6aNF43LbpCl0y/UJPOH6v84TnKSHPLYbfJbrcpze1URrpLwzLcykh3xa0A8Pt8ampqlc8XW0EgBRaUStT38PcHAACA1Osu1kz0x/rBEGdKgVgzeFUWsSaQWEorUCuPVmvV85uUm5Opx1euk5Yv0v/52me1ZVt5qBo1KDcnU3Nmlmr+3BmqrWvQTx59Ou7iUv3p0hkX6I23dmnj5h2685b5umrORWpv79CKlevU3NKq7MwMXXtlYI7W4LZnX3pDT/x5g/Jys3Tz9Zcr3m9LmtupG6+9TE/8eYM2/+09jRl9jqZOKtEn1XVx+zFqZJ4WzZupVatf0wsvb9UX77mpV++juDBf9yxbqKeee1Uvbtgqu82m6VMm6JJp5/fo+BvmX6r/fuJFPfSvv9biBbO1eMGsXp0fAAar8EAwOB9VIh0dXm179wM1nGyW79RifkH5w7N11ZzpGpaRHrHYXrw/1huGIYfdJpvVIrvdpsaTLaFVUyXJb5rq8PrU2tYut9spS1Qjwcu2fD6fDMPgcioAAIBBKl6sGS9mGyxxZrCNYBUqsSaQmGGm6M8JlUer9ZNHn1aa26kffefz+sa/Paa6+kZNnVSiZTfNU15upiRpT0WlikcVKM3tVIunTa+8sUNr1pdp1sWlWr50XlKqT4Gz1aGDVaF/JHt6k5TwefBx+H1Xj7t6LRncacz9ezaKNw9V8OZyueLOSeX3m/q4+rjK3n4/5o9dw3OydNN1c+V2ObucmD8Rv9/UicZmdUTNcWWzWpWdlR63esDr9aqtrS0w55XVKsMwZLFYYv5bxNnF0xI7T1p/4jcTwFDD7yaSobex5oDEmTarsjPjx5kSsSbiS/Zv5mCz50Bll9tT8gsfTJ5OHFekPfsr9fC/PSaPp1X3LA/Mg/rNHzym4sJ8FY8qUF5ulnaWV2hPRaUqq2qUm5Ope5Yv0pyZpanoKgBgCImeCyp4H7x1NaH//o+OxgS1wzLSdM3ciyOqAXrLYjE0LMOtxsZmecMup/L6fGpuadWwDHdMkGqz2dTa2hrqd3RlAFUCAAAAqddVrBm+qn20lMeZ3sRxphSYc9/v90fEmMSaQKSkJ1CDydOpk0p03+2L9Mjvntee/ZV66MFlKh5VoDkzS1V5tFrv7g4kTY/XNkiSJowr1uKFszVtUkmyuwgAGMLizeHUXfL042PHdejIJxGv2e02TZ00QZkZ6afdJ6vFIqfLIV9LW0Tg7fX55TdNWRRbmR0MbKOTqIqzLwAAAFIjUayZ6PL9wRhnBi/jJ9YEEkt6AvW/VqwOJU9/99S6iORpUPGogsDzhcnuDQDgbBE9Q014NYBpmgkrAvx+U23tHWppiVx4LydrmPKHZ8vdD1PJWCyB+apa1BbxekeHV+3tXrldjjjHWOTz+WKqAwAAAJB6fYk1B2ucGTiOWBPoSvz/e+xHHk+rDENasXKddu7eF5M8BQAg2aJXFO3qkiqvz6tDRz5We9TcUeeMyNM5I4b3W5/sNqvS3M6YwDQYdEczDCPuCqlBrJAKAAAwMHoaaw7WOFMi1gS6k/QE6rKlV+vdXfv094rYylMAAJIpXuAXfllSPIZhqK2tI+K19DS38nKz+vWv8IZhyBonsG5t61C88NRisRDMAgAADCK9jTUHa5wpEWsC3Un6JfxzZpayABQAYEDFCwQTVaC2trarobEpZt6n4f0c2EqS3W6VxWLI5+vsm2EYineWYFAb/h7iTfIPAACA1OpprDlY40yJWBPoTtITqAAADBbhf1VPOAeqaaqp2SOb1SqrzSqv1yuvz5uUv75bLIYUFcYGLvsyZbUaUfvGrwoAAADA4NBdBepgjTMlhRKlxJpAfCRQAQBDTrzLjqIDwnhzU5mmKafDrkuml6qltVUWwyJDktvtVF5udr/30+c35fP5Il7z+83oWDfU3+j3AwDfGmgAACAASURBVAAAgNTrSawZnUQdzHFm9PsIvwcQQAIVADDkxVslNV4C1TAMOR12jRqZrw6vLxT4Wi0WJSWGNE1ZLRb5TiVHpUC1QLy4NnzS/+hAPRicc3kVAABA6vUk1hzMcaZErAl0J+mLSAEAMJiEV6DG4zfN0OT6wQDRb5ryer1x9z8dXp9fZtRU/jarNe70AsEKAqoBAAAABq+uYs1EcWbHAMeZErEm0B0SqACAISteNUDwPlEC1WIYcjpiL9DwJdj/dPrm9foCl1KFMQzFvCbFrwoIbwsAAACp1dtYM1GcmSguPZ1+9SbODPaBWBNIjAQqAOCsEB34tbe3x93PMIy4c6O2eNrV0dF/1QEdHV61t3fEnNvptJ+a9D96/46Y1wAAADA49CTWHKxxZuAYYk2gKyRQAQBnhej5mhIlUE3TlNNpl90eWR1gGIbaO7z9Uonq8/vl9fnli6oAsFiMhPNKJeovAAAABl68WDNeJedgjDNN0yTWBLpBAhUAMGRFB4nB54ZhyO/3x/1Lu2EYspya0D+c3+9Xa1uH/D7/aV/G5Pf51dzSFtOO02GXwx57WVdHR4f8fn9E/+O9LwAAAKROd7Fm9Bz6gzHOlCSv10usCXSDBCoA4KwSHgC2trYm3Cc9zSmbzRrxutfrU2OTp88rpQbmwzLV2OSJmevKbrfK5XLEDZo9Hk/c/gMAAGBw6S7WHGxxpkSsCfQECVQAwJAX76/ohmGopaUl4aT9Vqvl1DxRkf9Uer0+1Tc0BS6z8vX8Miuf3x861uv1RWyzWCyy2ayyWa0xffX7/fJ4PKE+d/W+AAAAkHq9jTUHS5wpEWsCPUUCFQAw5IQHe+GXIoUHhoZhyDRNNTU1JWzD7XTIZosNNr1enxoam9XW3hEzQX88HR1etba2q7HJExPUGoYhu92qjDS34sWoJ0+elGmaXb6PeO8bAAAAyXG6seZgiTMlYk2gp+JPgAEAwBAUHhAGb83NzUpPT5fVao3Z32q1KDPDrRONTfJ6Iy958vtNNTW3ymox5HB4Q3/Zl0xZLBb5/aY6Ts0n1eJpD82FFdsnaVi6O+6KqD6fT83NzbKeqhiIDmgBAAAweMSLNZuamuLGmn2NM61Wq3w+/2nHmVIg1mxqapLNZiPWBLpBAhUAMORFB4LhwaFpmjp58qSys7PjHmu1WpSdmaG6E00yTTNi7ijTNOX1mfJ62gIrm8qQz++X1WqRTMl/at/o44J9sFgM5WRlBPaPo7GxMWEwm6gyAAAAAKnVVawpKWGsOZBxphSINS0WC7Em0ANcwg8AGLK6CmaDN4vFoqampoQLSkmB4HZ4zjA5HLaYuaqC/H5TvlN/+ff5/PL5/XEDWikwF5XdblV2VnrCoLa1tVXNzc1x+8ylVAAAAAOvP2LNgYgzJWJNoLdIoAIAhqSugtngX9rD72tra+X1ehO2Z7EYyhqWJqfTLrs99nL/nrJZLXK57MrMSDt1KVYsr9er2trauP0kuAUAABh4vY01jx8/njDWTGWcKQVizePHjxNrAr0woJfwVx6t1s7y/ZKk4sJ8TZ1UMpDdAQAMYeEBrWmaMfder1c1NTUaOXJkwgDRMAwNS3fJ6/OptbVDbe0d8vvj//U/mt1uC811FWwrHtM0VVNTI9MMzHFlsVhCt+jAFgAAAINDd7Gm3+/vMtZMRZwpdcaakiLiTGJNoGsDkkBt8bTp0RWrtWd/ZcTrw3My9aV7b1LxqIKB6BYAYAgKBn/B1UXjVQj4/X5ZLBZ5vV7V1dVp+PDhXbZnt9lkz7DJ2WGXaZpqa+uQaUo+v18+n0/WU5dfmZKcpy7HcjrtsvQgGK2rq5PX6w0tHBWvEiB8PiqCWwAAgIHTn7FmsuNMiVgT6KsBSaD+5NFVqq1r0LKbrtLsmZOU5nZqy7ZyrXr+Vf3k0af1o+98Xmlu50B0DQAwhAQXiQp/HF0dEF4ZYJqmmpub1dHRofz8/JjVUqM57IF/Ru02myyWwOqnftOUocDE/X7TDAWzwXMn4vP5VFNTo/b29pjK0/CqgHiT+RPYAgAApF5fY8329nYVFBR0GWt2F2eGn6u7OFMKxJrV1dXq6Ogg1gT6IOVzoG7ZVq4jVTW69/brNH/ujFCidM7MUj304DJ5Wtu0Zn1ZqrsFABjCupqXymKxxASRbW1tqqqqUnt7e4/at1iMU/cW2axWWa2B9q2nzhPsQyLt7e2qqqpSW1tbRJ/C+9XdvFQAAAAYGL2NNYOxX09izURxpqWHcaakiPMRawJ9k/IE6s5d+5Sbk6lpceY7LR5VoKml47Rzd0WquwUAOAt0F9iG3/x+v6qqqlRXVyefz5eU/vj9ftXV1amqqkp+vz/i/F3NR0UwCwAAMPgQawJDV8ov4W/xtCkvJzPh9uJRBaGFpQAAOF3RlzVFX1oVfC38FuTz+dTQ0KCGhgZlZ2crOzu7XwJKv9+vEydOqKGhQZLiVgEkuqQq3txUAAAAGBjEmsDZIeUJ1DS3U5VVNQm3Vx6tVlFhflL74Glt188f+4tKJ56nxQtmxWz/pLpOP/3V07r95qs1Y8qEfms3noOVn+g3T67VsZp6ffHuxb06HwCg98KDwfDVUbva3+/3q76+Xg0NDUpPT1daWprS09N7fe7m5ma1tLSoubk5tJhA9KVd0ZUBrIYKAABw5iDWBIamlCdQp04er53l+7Vx8zuaP3dGxLY9FZXaWb6/x8nH07V1e7lmXVyqvNzOiljTlN54a5caGpuTfv4WT5v++MxGnVc8Uv9y/63KyEhL+jkB4GwUb3L98BVRg8IrAqJXHw0GtydPnlRjY6MMw5Db7ZbT6ZTdbpfNZgvde71edXR0hO7b2trk8XgiKhKiKwDCg9p4FQHxLqsiyAUAABh4xJrAmS+wWJuZcFvKE6hzZpaq7O3dWrX6NXla2zVxXLEkac/+Sm14/R0VFebHJFaTpaa2QVu3l0ckbI/V1OmtHR+m6PwnVFN7Qtddc4lyu5jWAABw+uIFtuGXVsXbP3gffgu//Mrj8ailpSUiGI7XTvRcWOHzYcVbXCDevFQEtAAAAIMXsSZwZnPY7Wpti7+wm8NuT30CVZKmTS7R3gNHtGZ9WcTrE8YW6Uv3LZUklW0rV219oyRpeE6mJowrjqgU7Z9+jNfb7/49ogp1y7bdys7MkHkq6/xe+X797qm/6h/vW6rxY4skSdXHT+inv3pay5ZcpRkXJb7k/sChj/XrP7ygyy+ZpC3bylV/olFjRp+j+z9zo7ZsKw+9/1///gXlZg/Tw1+5Q26XQ8+8uFlbt5Wrw+vTmNEjdfeyhSocMbxf3zsAoDMwjA5swwNIn88XCkL9fr/8fn/ceaziBbaJAuPov/b3ZD4qAAAAnFmINYEzx/DsTB09djzhtpQmUCuPVuuRFatVW9+o3JxMTZtUorzcTBUXFijN7VTxqAJt2VauVc9vkmSGXn/z7d3yeNp07ZUz+vXy/mmTSuTxtIaqUKuPn9C7uyp0/TWXavW6LZKk8WOLlD88W+9/eCCUQK346KicDrtKxozq9hytrW0q33NQX/7czfJ6vfrvP7ygTWU7df01l+ncohF67I8v6dNLrtRFpeOUkZamp557ReV7PtI/33+rsjIz9JcXN+tXj6/R1x+8TVnDej8HCgCgU7zKgKCuAttgMBs+l1UwuJUUEdzGayP4uKuqgOiVWpnMHwAA4MxCrAmcuTLS3Soamafa+ka1tXslSU6HTcNzMpWe5k5dAnXLtnI9vnKdcnMy9fUHbtPEkuKE+yy76SrNnztDlUertWf/EX3pvqV6d3eFVjz1VzW3tGr50nn90ieHw6YFV83U02te06yLS/XGW++rcGSeJozr7Fua26lLpp2vv+34UIvmtcput+mtHR9q6qRxysrsPqFpt9t08/VXqOicPEnSmNHnqLauUW6XQxnpbhmGlJ7mUtawdDU0Nqt8z0e64dpZoeTszddfrp88ukofHfpYUyeV9Mv7BoCzWXeBbXggG/2X/PCqgGBw2x9VAfEeE9ACAACceYg1gTNXeppb6WnuuNtSkkCtPFqtx1euU1Fhvh56cJnS3M6YfY7XNUYkTyVpzfoy7Szfr/lzpweqVR9cpu//xxOaNqkkbgK2LyaOK9bwnEytXrdFHx3+WHfftkBWa+Rfhi6ceJ5efn27Kj46qtzsYTpe16Bbb5zbo/atVqsc9p4Nc8PJZnla2+V2OUKvORx2WS0WHTte3/M3BQDoUqI5qvx+v6TO4DY8sA3uHx7MRl9alehc8W7RE/ZHVwxEB8TBxwAAABjciDWBoSclCdT/WrFauTmZCZOnkrRx8zvKzcmMWEDq3tuvU4unLfS8eFSBZl1cqo2b3+m3BKrDYdOieTP1y989p+mTx2vsuYVqbGqJ2OecglyNPbdQO8v3Kzd7mPJyszSiILdfzh8ua1i63C6HPK2dk9a2t3fI5/drRF5Ov58PAM5m8QLb6IA1PLANVgJEz0slKW5lQHQgGi+gTfQ8XiBLQAsAAHDmINYEhpakJ1C3bCtXXX2jvv7AbQmTp1KgSnVa2CXqwUWW8nOz9PUHbwu9Pm1yiVY8ta5f+1gydpQeuHuJCkfmxVSfSpLVatGcmaV6fNV6Wa0Wfer6K3pcVdobmcPSVTpxjF7asFUj83OUlZmh59a+KbfLqTHnntPv5wOAs11Xl1iFbwsGsH6/PxTYSoob2Ea3EbwPPg7Of9XViqfhz8PbAQAAwJmDWBMYOpKeQC17e7eKCvN7VDEanmCdM7NUtXUN2rj5nch9XE55WtuiDz0tNqtVk84f0+U+Y849RxnpbpmmqdKJ5/Xr+YMMQ7p18VzJkP7ffz+jDq9PY0aP1AP3LGEBKQBIkmDQGnwc/Vr48+gguLdVAcH77gJZAloAAIChgVgTGBoMs6vJNPrB57/2M11zxfRuF376ySOrJEkPfWlZl6+tWV+mLdvK9ePvfD4JvU2svd2rX/72WZ03eqRuuaFn858Cg92hg1UJ58xJdJPi/wPc1SUg3f0Dnap/tN1pKVs3D2eo8H8S46162t2lVIkkCmzjPY4+BkjE0+JNavv8ZgIYavjdxEAj1sSZJNm/mWeapP/Cu10O7d1fqRde3trFPk5Nm1yiVatfU4unLeZS//DX3t1doYnj+mf+0944dOQTVX1SqyULZ6f83ACA1IhXIRD+evj2eAFwojajH3c35xQBLQAAwNBDrAmcuZKeQL339uu04qm/as36soT7uF0O/eg7X9Ca9WV6dMXq0Jynsy+ZpLK3d2vP/kpNm1SiNevLdKSqRl+6d2myux3BNKWy7R+ocORwnVs0MqXnBgCkVvQlU/ECzui5rHoa1EY/J5gFAAA4uxBrAmempF/C3xvv7q7QoytWq7gwX0sWztaEccVKczu1p6JSG9/YoZ27K3TP8kWaM7N0oLsKDAlcwg/0TLx/Krt7raffdQJZ9BWXogJA7/C7icGKWBODEZfwRxpUCVRJ2lNRqd+tXKe6+saI190uh+69/TpNm1QyQD0Dhh4SqEDv9cc/mwSy6A8kAgCgd/jdxJmAWBODBQnUSIMugRpUebRae/ZXqsXTponjijWxJPXzngJDHQlUoH/05rIqoL+QCACA3uF3E2cqYk0MBBKokQbtL3zxqAIVjyoY6G4AANAtAlcAAAAkC7EmMPAsA90BAAAAAAAAABisSKACAAAAAAAAQAIkUAEAAAAAAAAgARKoAAAAAAAAAJAACVQAAAAAAAAASIAEKgAAAAAAAAAkQAIVAAAAAAAAABIggQoAAAAAAAAACZBABQAAAAAAAIAESKACAAAAAAAAQAIkUAEAAAAAAAAgARKoAAAAAAAAAJAACVQAAAAAAAAASIAEKgAAAAAAAAAkQAIVAAAAAAAAABKwDeTJWzxteuHlMu2pqFRlVY0kqbgwXxNLirV4wWyluZ0D2T0AAAAAAAAAZ7kBS6Bu2VauVc9vktvt1JyZpVq8cLYkaU9FpXbsqtCWt8u1bOk8zZlZOlBdBAAAAAAAAHCWG5AE6pZt5Xp85TotXjBLSxbOVounTXv3V0qSliycreVL52nN+jI9vnKdJJFEBQAAAAAAADAgUp5APV7XqMdXrtOym67S/LkzVHm0Wj959Gl5WtskSW6XUw89eJuWnKpIXfX8Jk0cV6y83MxUdxUAAAAAAADAWS7li0itWV+m3JxMzZ87Q5L0XytWa+qkEj32s6/psZ99TVMnleiRFaslBapR3W6nNm5+J9XdBAAAAAAAAIDUJ1D37K/UtXOnS5Iqj1arrr4xVG0qBZKmtfWNqjxaLUm6du507dxdkepuAgAAAAAAAEDqL+Gvq29UcWGBJGl4bpYkqbKqOnSJfmVVdcS24sIC1dY39msfPK3t+vljf9H+g1Wh1wzD0JjRI3X3soUqHDG8z20frPxEv3lyrY7V1OuLdy/WjCkT+qPLAAAAAAAAAAbAgCwiFZTmdmpq6Titen6TPJ7AHKhr1pdp1sWlSnM7k37+BVddHJpKwOv16S8vbtavHl+jrz94m7KGpfe6vRZPm/74zEadVzxS/3L/rcrISOvvLgMAAAAAAABIoZRfwu92OXQ8rKJ0eG6WausbtWLlOq1YuU619Y1KT+tMnh6vb5Tb5UhKX1xOh3KyMpSTlaH84Vm6ccEseVrbdPhIdZ/aq6k9oZraE5o2uUS5OZly2Ac0Pw0AAAAAAADgNKU8wzd10nht3VauOTNLtfL5TSrbtlvLbrpKUyeNlySVbdutjZvfkWlKy5fOU9nbu0Pbks1us0qSfD6fJOmDvYf01HOv6lhNnQrycnTHp67RhRPO1YFDH+vXf3hBl04/X3/b/qEKRw7XmHPP0Usb/iZJ+vXvX1Bu9jA9/JU75Glt0+9XrddHhz+R3WbVrJmluvXGuXI5HQnb2f3hRyoqzNdb73woh8Oue5YtUG19o1avK5PX69OShbO16OpLZBjSgUMf6+k1r+lQ5TH5/H5Nnzxen71tgdLcTr3w8la9V75f48eO0uat78vvN3XVnKm65cYrZLNa5febeq1sp17a8Dc1NrUoOzNDn7rhCl0240J9XF0b6vewdLduXXylLptxoQwjJR8FAAAAAAAAMChYv/e9730vlSfMy83Us2vfCCX47rr1Wl01+yKluZ1Kczs1saRYmZkZeu7UPpv/9r7uW75IWZm9v6Q+Ea/Xp7d2fKiCvGxNHFcceM3n06Y339WRj49r4byZqjtxUr96fLVmXDRBX7jrBmVlpuuZFzdryoVj1d7h1Ztv7dKxmhO6+brLtXDeTE0cV6ySMaP0/gcHdPunrtanl1wp05R++ZvnVJCXo3/83M2aNrlE6zdt0/HaRk2+YKxONDTFtFN5tFrvvLdXl06/QHfdOl81tSf0woatcjodeuDuJRqWkaYNm7dr0vljlDksTQcrP1Febpbu+NTVunTGBXr1zXfV4fVq4rhi7d1/RNt2/l0lY0bpc3dcpxH5OXr5tW2aMLZIw3MyteXt3Vq1+jXdtGi2PnvbQp1bNEL1DU3KG56lXzz2bKjfE8YVaeXqTRpTPELDczL77XPAwGs4cVKGYfTqJinh8+Dj8PuuHnf1WjLY7SkvugeApPF2+JPaPr+ZAIYafjcBoOeS/Zt5pkl5BWrxqAJdc8V0rVr9mtwuh+bMLI3ZZ87MUq16/lWtWv2arrliuopHFSSlL2vWl2nN+rLQ8zS3S/cuX6iCvGytfeUtZWVm6PprLlV6mkuXTL9A23buCSUsrVar7vzUNbqodFzo+Ix0twxDSk9zKWtYunburpCntU03X3+58odnKX94lm64dpZe2rBVjSebJSluO4Xn5Gn2zFKlp7l08dSJ+mDvIV139SXKH56lyReO1cuvb9exmjoVnZOnaZM7q3NzczJ1XvEIfXysNvRaUWFB6D1MvnCsXtoYqDZta+tQ2fYPdOmMC3T15dNlGFJOVoYkxe335PPH6IO9hzR+bFFSPgsAAAAAAABgMBqQSTqXL52nFk+btm4v108ffVrz505XUWEgSXqkqlobN++Qp7Vdsy4u1fKl85LWj/BFpGxWaygBKknHaupVebRa//TdRyKOKRkzSnm5WbLbbRrWzSJRx47Xy2qxyOGwh15zuxzytLar4VQCNV47DrtNFkvnXy9dTocyTy1qlZ7miphbdU9FpZ5d+4Y+PlYnT2tgIa6ZUycmbCuotb1dJxqadMH40TGX5R87Xq+GxmZ950e/i3g9vF0AAAAAAADgbDBgqxzdd/sizZlZqjXry/TIitUR2yaMLdLXH7hNE0uKk9qH4CJS8YzIz9HoUQX6hzuvl8vljDgmvMKzKyPycuTz+9Xe3hF6zdPaLrfLoaxh6aoNW0yrL5pbWrVqzWvKycrQN79yu1wup578y8YeHetyOJSdlaG6EydlmopIoo7Iy1F2ZoYevPcmZYeNj9PBolgAAAAAAAA4u6Q0I7anolJpbmfokvyJJcV6qGSZWjxtemfnHknSjKkTleZ2Rhx3vK5RtXUNSU+ohpt8wVi9Vvaetu3co8svmSSf39S7u/dpWi8WtBpz7jlyu5x6bu2buuXGuWpobNJLG7aqdOIYZfZDAtVischht8lht8npsOujQx+r4qOjunDCud0e63TaNX3yeK1ZX6Yxo0dq8gVjdfjIMdXWN2rGRROU5nbq9a3v6Yb5l8lqMfTB3kMqHJmnseeec1p9BgAAAAAAAM4kKUugtnja9MiK1Ro9qkBff/C2iG1pbqdefOUtGZKumDUl5tgVT/1VlVU1+tF3Ph+TXE2W4sJ83bNsoZ567lW9uGGr7Dabpk+ZoEumnd/jNrKGpeuBe5bo96vW69s//K3sNqtmzSzVrTfO7ZfV7N0uh5YvnaffPLlWD//gMU0tLdG5RSN6fPxVcy5Se3uHnn3pDT3x5w3Ky83SzddfrsyMdN1/9+JQv60WiyaMK9KypYWn32kAAAAAAADgDGKYpmkm8wQtnjYdqarRu7v3acvbu+Vpbde9yxcpLzdLE8YVaU9FpfYeOKI168vkdjl07ZUXa+K4YhUV5qvyaLVq6xu1YuW6wIJTl0zStEnjVVSYn7JEKjCUHTpYJcMwenWTlPB58HH4fVePu3otGdxpTEMBYOjwtHiT2j6/mQCGGn43AaDnkv2beaZJ+i/8w//2P6F5P5csnK0WT5tWrFwXs9/iBbOU5nZq1erXYrZdc8V0FY8q0KrnX9XGzTuUm5OpH3/n88nuOgAAAAAAAICzXOzy7P1s2dKrJUnTJo/X/LkztGThbBUV5svtcuie5Yvkdjk0e2apliycrflzZ2jWxaUR24oL87V86TzNmVmqqafmH12ycHayuw0AAAAAAAAAya9AnTOzVLV1DdqyrVyVR6slSUeqavTgvTdp2qQSpbmdenTFai1eEEiKbt1ermU3XaU5M0tD24LH7dlfqcULZmnOzNJkdxsAAAAAAAAAUrOIVIunTXX1jfr+fzwR8ZqkUHL0mz94TJLkdjlD24L34ccdrzu9lesBAAAAAAAAoKdSkkCtrWvQhLFFWrJwto7XN2rN+jJ5PK2SpDS3U7k5mVq+dJ7SXE6tXL0plCT1eFqVm5OpJQtnKy8nM+I4AAAAAAAAAEg2wzRNc6A7AWBgHDpYJcMwenWTlPB58HH4fVePu3otGVgZFcBQwmrSANA7/G4CQM8l+zfzTJP0RaQAAAAAAAAA4ExFAhUAAAAAAAAAEiCBCgAAAAAAAAAJkEAFAAAAAAAAgARIoAIAAAAAAABAAiRQAQAAAAAAACABEqgAAAAAAAAAkIBNv8yQJJmmZEgyderelAwZMmUG7k0z9FwyAjvI6GzJjGw4sr3I44PPI86YoL2I/hhh/TJNGUZYO+E7yAg7MKw/Rli/TIWOD/Un4vjgc0V0JPL4+OPUk/fV93GK+gTjjVOC9gbFOHX3ufXhffV9nHry/Y7f3mmPUzx2p4z0LBnpOTIy82SdMk/2WTfLGD6qi4MAAAAAAACQTIb5i/RTKZ3YpFG8JFXgeWfSKELE88724iWpAs9jk7ax7UUlI6OSVIGkVWyyLnS8EdZOVFIrPJkX6k9UUiw8uRhoLzYp1rf31bdxij0+wTh187kN6Dh197n1+n31bZx68v1O3F4/jFMPWSdeKtusT8l2yY0yhg3v3cHdOHSwSoZh9OomKeHz4OPw+64ed/VaMrjTbCk5DwCkgqfFm9T2+c0EMNTwuwkAPZfs38wzTegSfvNU9so8ld1JnFwyI/YPianQ62wvccWgum0vYruhOEm42O2h4yMqKyO3xya7YrfHJgVjt/f1ffV1nBJXVprdtjcoxqm7z60P76uv49ST73ei9k57nHrBt+cttT3+DXn+/Rb5dm7ofQMAAAAAAADos1ACNVQ1ps7qsVBySWbE8/D9Q6KfhrUXfXzwefT54rUXsd0M65fRmYyL3h463gxrJ2p7+PGh/kRtDz8+2F688/XlffV1nKKPjztOCdobFOPU3efWh/fV13Hqyfc7UXunPU594D/yd3l+9hm1fH+xfHvf7ntDAAAAAAAA6DEqUKlApQK1i+/3YKhAjebft02tv/wH+T548/QbAwAAAAAAQJeoQKUClQrULr7fg6kCNZx5olqeH92mjrWP9k+DAAAAAAAAiIsKVCpQqUDt4vs9GCtQOzvhV9vK/yvfe6/0Y6MAAAAAAAAIRwUqFahUoHbx/R6sFaghpinPI1+U/+OKfm4YAAAAAAAA0mCpQM0cLc1+WMach6WCyRHtUYFKBWqyxumMr0AN8pxU22/+JQkNAwAAAAAAYOArUAumyHLPmzLmfEvGnG/Jcs8WqfhyKlBPo7IyUXuDYpyoQE0K39635X3nr8lpHAAAAAAA4Cw2sBWoBZNlLH9JcmbLfPUbMl99ONCpT/1Jyp8c059eVTJSgZr4c6MCdWhVoJ7S/syPJb8veScAAAAAAAA4Cw1c2uGsmQAAIABJREFUBWrBFFmCydO/PiC98yuZ2x+VufYByZktyx0vBRKsVKBGtEcFKhWoifiP/F0dm/6YvBMAAAAAAACchQamAjV/Smfl6V+/KHP3k537734yIolqFkzqbI8KVCpQqUDtUscbq5J7AgAAAAAAgLNM6itQI5KnD0i7/xTTXngS1RqsRKUCNe7xVKBSgRrOv3+HzPpPknsSAAAAAACAs0hqK1DjVZ4maM/cFVWJmj+p3ypQjfPmyvrVD2T7boOs3zkRuP/2cdm+slPG7K9G7N+XClTLRctk+/ZhWW/6Rdxxsl7zTdm/e1jWa745YBWoti88K+d3d8ky7goqUIdQBaokeXesT/5JAAAAAAAAzhKpq0AtiEyeqvxPMeeLbi88iWq98yUpf3K/VaBKkln5N/lX3y/f81+Q/7UfSB0eWa76lizX/+y0K1Cjx6HH45SqCtTw46lAHTIVqJLkP7Q7+ScBAAAAAAA4S6SmAjV/ioxlkcnTns4V6g+vRL0zUInaH3OgSpK8rfK/v1La9bT8b/6HvM/cI9UdkOWCxdK4+X2uQI03Dj0apxRWoJrhx1OBOqQqUM2G6uSfBAAAAAAA4CxhCz4IVMgFK/CikkExz4MVd2EtRSWHQu2FJU9V+WYgeRpqT922Z8iQuetJGZPvlIovl/XOl+R78gYZ1bvDklaKuY+orDTD+hOnQjTUTs0emRUbZcz8vCxjr5SvYqMs874ty7S7pIwCSRapdp98674lVbwiY+qdsl35kJQ9WjL9Mo/vkf+Nn3e2nTNa9m/skdILpNYG+bb+Wv5NP+7cPvoSOb7zkeTKkk5+Iu+mn0pvr5BpmrLd8O+yTFsuubMlX5vMj8rkffHbMqv3yDLr87LO/oKM3HMlwxo4dv0P5d/+R9kWflPWy78os2q3jMLJUkud2v9wr+yXflaW6Z+W7G7pxFGZLbWRn1u8cQpPCkbc93K8e9NOnM8/+H1Uwu9j7PcpJlkZp72efL8TtXfa45RE/uOVyT0BAAAAAADAWSTpFajGsrWB5Glot/gVg91VIIbaP7WwVL9UoIa/z+D25prAQa4syZCMjAKZR7fLt+ar8r/+QymjQJbZ/yjTNGWd9YBktcn/14fle/m7UnuzlHlOqG2jcJr8O56Ub+3DkrdV1im3SLnjAhutDhn5E+R7/f/Jt/57kiTbvK9JYy6X9cp/luWSu2XW7JH32S/L/+7TMs6bJeui/xNIAqbnSScq5V39DXnXPCyZflnnPiA5MwLv1+aUUThJ/g/Xq2Pt92W94FpZpn9aZtUueZ/+inx7N8kYMbFH40QF6plXgeqvIYEKAAAAAADQX5JegaryJ+WvfEOWm56SnJkJKwa7q0DUqcJR/7N3yBh9+elVRCqynxHtODICVZ0KHOd78athyUXJUvopGcNGdrbjbZP/WLl0cIu8Wx+VIUPGlGWBvu7bKP/G/xs47vzrZeSPl5FdeKoxv/x/Xyf/m78M9CsjX5ZL75O15EoZo6ZJbc3yvf5zmX9fL+/2P8leMFGWwskyxlwm34Yfyhf2HszSU20XTQu8X79P/h3PqOO5rwX68w9/ltqb5d30c5kfrJe57U+yjJgoI6eICtQhWIEKAAAAAACA/hNKoAaSR8EKv+4q9IIVf2HJyDgVeoYk/6ZvKLQQT8GUyIrBzHNl3L871Ep4atO/Yo5UvSvUn1ASc++L0t7oCtRgxV9Yv+JUVhpGZ78i+xl2vN0tw++V2XRMMiTL/O/LMuU2yZUj2ZyBg2r+LtM05dvyc1mv/F+y3b06cJn94bfle+XfOhtvb048Tn6v1Hy8c9w7WiSLLTBVQEaB5O+Q2ls6j+9olRwZMjILZbniQVlnfV4aVhC4JF+SGqo62/d7ZTYf7/zcMgokX1h7hiGzw9M5rl2MU/zKythxj1eBasS0F12BGudzixqnyO9jdxWond/PripQe/P9TtTeaY9TEhlZBck/CQAAAAAAwFki+XOghpJUwd3C2ssaHXix8bDUcDjwOGu0lDk6cAm9YitQ+6UiMrzb4e0MnyhLyXypvUmqfEvG+EWyXHS71HZS/i2/kNlcK+tV/6vzuPeelvf9P8u0p8s658uyzHpA1llflH/vxqj2o8ZJCiRL0/M6+2VPCyRVm6oDt2EjJEda5/F2l9TeJNMwZL3sPsmRJt9r/ymz7pCsl94jI2d0ZPtS5zg3VcvIHiWl5XaOUzDxSgXqkKtAtWSTQAUAAAAAAOgvSa9ADR7fuVvknJWSZO5+Uuab/y7JkDHnmzLmfDNqf8k89IZ0+I2eVzL2oALVsLmkSbfJIkPKPlfWi+6Qho2Qf+uj8u/bIGPMlYFKUH+HzNZGWc6bLWWOkuoPyswdK9vSR2TWVsj86M3AiUxJ9rSYcYg7ToZFlvMXyaw7JEmyTLlFaqmTr+J1WdqaZT3vMlmv/Kp86cNlHX2JjMIp8le8LvOD9dK8f5EcaTI9J2QUTJQx8kKprSnmcwiOk1nxpnTeZbJdcb98jnQZ510io2iK1FxHBSoVqAAAAAAAAOjCwFagKnJ/M05yKdgfc8uP+q8iMqj4MlmLLws89nulxiPyv/5j+bf8Z6CdjzbLv+P3slz6gKw3/VI6XiE1HQv0y9sqNRyVpXSpNO0uye+T+cn78m/9VSDJmuh9BU/va5d5vELWqx+S7OnSyU/kfeVH0kdvynfgjcCcqNOWy/apXwamB/ioTL51/yp1NMn3xqOyLfiWbIt/JDVVy6w7JCN9eGT76qxA9W76Txm558oy7RbZbvuFdPITmdX7AsdQgTrkKlCtJTOSewIAAAAAAICziGH+It2UdCpZFJYDCyWP4lfodWaDTomp0Atvz5DxtUZJkv+nwzor9IqvkGX5WpllP4ypQPU/db10+M3I/hhh/YqqZIzYIW4FavjxCktqRVYMKqa9sPcXc3z8cYoYyV6OU6LKys72oj5Bs/PO6Ka9QTFO3X1ufXhffR+nnny/E1WgnuY4JVH6L9+X0cPL+A8drJJhGL26SUr4PPg4/L6rx129lgzuNFv3OwHAGcLT4k1q+/xmAhhq+N0EgJ5L9m/mmcYSfBBKeqgz+RFKLoUqRs2I7RGin4a1Z4ZljcLbi7d/tOD5LFd8S8bVP+zsR1ilX+h4M6yd8GxwnO0RlYKhCkfFtBd6X+GVlVHtRY9T9Dj2Zpy6ay/6+M6XjW7bGxTj1N3n1of31ddx6sn3O1F7pz1OSWIZN73HyVMAAAAAAAB0L5RADc5JGkx2dj1HZOf+ITEVep3tGTKktoaI59HHx7QXajbwujHnYRlT7oqo8OusZDx1vBHWTkxlZeT2+HNWKqa92MrK2PPFVkKqz+PUXXuJKyvNbtsbFOPU3efWh/fV13Hqyfc7UXunPU5JYpuxKLknAAAAAAAAOMukbg7Uihel0jtlWfQr+Xc/GSjEK5gcsX94e0bB5ND5jMl3SJLMvS/2fq7J8IrIYOVjzPH90E7EOKnv49RNezFJuGC/wj63xO0NgnHqrp0+vS/mQJUkI69Yjhu+lJzGAQAAAAAAzlKhBGrkKufdVeiFzzkZbCCy4cj2DPm3/LssxVdIk+6SZdJdMR2Jbs+45sfhrUsNh2W+8nCCSsbOOSc759ZUTGWlYYT1K27FYGx78SorjZj2oish+z5O3bXXVWWl0U17g2Kcuvvc+vC++j5O3X+/E7V32uOUBM7bviVZrMk7AQAAAAAAwFkodRWoJyvl//1sGZPukpxZkQWL+14MtWfuezGqi4bUekLmrj9JrQ1UoFKBSgVqHJai82WbdXP/NwwAAAAAAHCWS1kFqmmaMtoaZb7ziAwZ8ieq1KzeJbN6V1jF4KmcU7CAjwrUqAaCd1SgnrUVqK4MuR54NAkNAwAAAAAAILSIlGEEkle9XaU8JPppWHs9WTU9UXvxVo/v0Wru4RWRcbZHVAqGKhwV017ofYVXVsbrTy/fV1/HKfr4uOOUoL1BMU7dfW59eF99HaeefL8TtXfa49RfDEPur/5WltEX9nPDAAAAAAAAkMISqOap66d7u0p5SJwKvWB7PVk1PVF78VaP79Fq7nEqK8O3x68YVEx78Sor4/anl++rr+PUVWVld+0NinHq7nPrw/vq6zj15PudqL3THqd+4rzjX2WddGX/NgoAAAAAAIAQKlCpQKUCtYvv96CtQHVlyP3NZ2Rf9IV+ahAAAAAAAADxUIFKBSoVqF18vwdjBaoxcpzSvr9O1gsvP/3GAAAAAAAA0KXQIlKBCrlgBV5UMijmebDiLqylqORQeHs9WTU9UXvh/VF4kiriXjH3EZWVpiKOT0o7vXxffR2nmCRconHq5nMbsHHqrp0+va++jVNPvt+J2jvtceoDI+ccOW54UParPyPZXX1rBAAAAAAAAL0SSqAGkkfBCr/uKvSCFX9h1yPHqdDrbC9RxWD37UX0J2ElY7DiL6ydOJWVnccnqhiMbS9eZWXc/vTyffV1nLqqrDS6aW9QjFN3n1sf3lffx6n773ei9k57nHrBOulK2WctlW3u7b0/GAAAAAAAAKeFClQqUKlAHSwVqGmZshScK0vBebKMHCvr+bNkPf8yqk0BAAAAAAAGkE1fbkq40ejhfXd62k5P2wMAAAAAAACAVLB0vwsAAAAAAAAAnJ1IoAIAAAAAAABAAiRQAQAAAAAAACABEqgAAAAAAAAAkAAJVAAAAAAAAABIgAQqAAAAAAAAACRAAhUAAAAAAAAAErCl8mSVR6u1avVr2rO/stfHul1OLVs6T3NmlvZ/xwAAAAAAAAAgjpQlUI/XNeonjz4tT2ubigrzleZy9ur4yqpqPb5ynSaOK1ZebmaSegkAAAAAAAAAnVKWQN24+R15Wtu07KarNH/ujF4fv2Z9mV54eatq6xpIoAIAAAAAAABIiZTNgVp5tFqSNHvmpFSdEgAAAAAAAABOS0oSqFu2lauyqkaStGLlOrV42uLuF0yyAgAAAAAAAMBgkJJL+Hfu2idPayBpunN3hWrrGpQ2qiC0fcu2cq16fpM8rW0sFgUAAAAAAABg0EhJAvVL9y3VTx5Zpb0Hjuixn30tYtvxukY9vnKd3C6HJowt0t4DR/T4ynWaNqlEae7eLTTVU57Wdv38sb9o/8Gq0GsOu00lY0bp04uvVFFhfsR+kvTVz98it8uRlP4AAAAAAAAAGJxStohUIjt375MkzZ87Q0sWztbK5zfplTd2qPJotSaWFCf13Auuuji0oFVTU4vWbdqm/++RVfqHO6/XlAvHyuV06Ev3LpUkuZz9mzz9nydeVN2JkyRmAQAAAAAAgEEsJXOgrllfFpoD9aePPq3jdY2hbcWFgUv5d+6u0N79R7R3f6UkJa36NJzL6VBOVoZysjJUPKpA996+SJMvGKM168vU4mmTYUjDMtwaluGWYSS9OwAAAAAAAAAGmZRUoLZ42kJzoB4+eixi2/DcLLldTlVW1egnj66SJLldTrndrlR0LYLNatUVl03Rr3+/RoePVuv8kmL9zxMvSpK+8Jkb9cLLW/Ve+X4VjyrQ2zs+1KduuEJzLpmkZ17crK3byuX3m5pzySTduniuXE6H/H5Tr5Xt1Esb/qbGphZlZ2Zo4byZ2vD6dtWdOClJ+sq3f6klC2dr8YJZ+mDvIT313Ks6VlOnNLdLC668WAvmXSyb1Rpz7psWzdGuDw/I7Xbp/s/cKKs1kAv/y0ubte/AUSpbAQAAAAAAgH6QkgTq8qXzVHm0WnsPHNEvfvDl0OstnjZ9/2d/kKe1TUWF+Zo2qUTv7q7Qkaoa/fTRVfrfX/tsSipRw2Wku2UYhppbPHG3HzpyTOlpLn31C7eo6JwCPfPCZpXv+Uj/fP+tGpaRpt+vWq+XNv5Nt9wwV2XbduuZFzbrlhuv0PQpE3T4yDEdqzmhb/3TnXrizxvU0Nisz91xnbIyM1RZVaPf/mmtLptxoa65/BYdrDymJ57ZIIfDrvlzp8ecu7iwQBnpbj2/botq6xtVkJetFk+bPtx7WJdMO5/kKQAAAAAAANAPBnQO1DXry+RpbdM1V0zX8qXzJElLFs7W755ap63by7Vx8ztasnB2SvvU3t4hn8+XcPuI/Bzdd/t1yspMV0Njs8r3fKQbrp2lkjGjJEnXXXOp/vrKWzrR0KSy7R/o0hkX6OrLp8swpJysjFA7DrtNVqtFWZkZcrsc2vXhAWVlZuj6ay5VeppLuTmZqjh4VDt27dMVl06OObcklU48T2tfeUt7DxxRQV629h+sUnOLR1MnlSRxhAAAAAAAAICzR0oSqCuf36S9B45Ikr7y7f/S//7aZ5WXm6nKo9WSpL37K/XTR58O7d/iaZUk7amolBamooed2ju8sttsys7MiLs9I90th8MuSWo42SxPa7t+v2q9fr9qfWif3Oxhamxq0YmGJl0wfnSP5k89VlMvh90mi6VzWlq3y6kTDU1qbW+PObckZWWma+K4Yr31zgeaedFE7di1T+ePP1f5w7P78tYBAAAAAAAARElJAjXN7ZTb5ZCntV3Fhfkx24MLTMU7LpW8Pp/e+Nv7yskepnNGDO92/6xh6XK7HLpp0ZyIqk+LxZDDZld2VobqTpyUaarbJOqI/BxVVtXI7/eHXvO0tik7K0MuR+LL8S+bcYF+8+Ra/b3isPZUVOr2m69mwSsAAAAAAACgn6Qkgbpk4WztqajU3gNH9NCXloVeD3/cnWAytT+Tqq1t7apvaJIkNZ5s1nNr39ShI8f0j/ct7dF5Moelq3TiGL1e9p7OLRqhnOxhOlZdp5raBl1+6WRNnzxea9aXaczokZp8wVgdPnJMtfWNuvryaRp3XqE+2vyOausbVXROniZfMFavvLFDa195S9dcPk0HK49p6/YPdMP8y+R02hP24dyikSrIy9bTa15TeppL484r7LfxAQAAAAAAAM52AzoHqiQdr2vUCy+XqbauMeL1iSXFWrxgVuj5/LkzNHvmpH5NoL782na9/Np2SYE5SUvGjNLXvvhpFcWpko3HMKRbF8/VMy9u1s9+9bQ6vF7lD8/WTYvmSJKumnOR2ts79OxLb+iJP29QXm6Wbr7+cpmmNOviUu07cFTf/9kfdPFFE/SFz9yoz91xvZ567lVteH270twuLbjyYl0156Iu++Bw2DR1UolWPr9Jn158ZcqrdgEAAAAAAIChzDBN00z2SR753fPaWb4/9Px//8tnVDyqQFJgntOf/urpmGPcLod+8YMvJ7trQ8J75fu18vlX9c/3f1oFecx/ip47dLBKhmH06iYp4fPg4/D7rh539VoyuNMG/G9GANBvPC3epLbPbyaAoYbfTQDouWT/Zp5pUvILP3XyeO3ZXylPa7umlo7T8Nys0LaJJcX6+gO3xRwTvo8ktXjadKSqRhPGFSW9v2cSn8+vLdvKVTxqhIbnZA50dwAAAAAAAIAhxdL9LqdvzsxSFRcGKk6XLb065jLziSXFMbe83MhkYNm23frJo6u0p6IyFV0+Y1R9clz7Dx7VnJmlslpT8nECAAAAAAAAZ42UZdyCl+zv3L2vT8e3eNr6sztDRvGoAv3sew/ootJxA90VAAAAAAAAYMhJ2SQt8+fOUNm23Vq1+jWVbStXmtvVq+MPH62WFHtpPwAAAAAAAAAkS8oSqHm5mXrowWVa+fwm7T1wpNfHu10O3bN8Ucyl/QAAAAAAAACQLIZpmuZAdwLAwDh0sEqGYfTqJinh8+Dj8PuuHnf1WjKwMiqAoYTVpAGgd/jdBICeS/Zv5pmGVYcAAAAAAAAAIAESqAAAAAAAAACQAAlUAAAAAAAAAEiABCoAAAAAAAAAJEACFQAAAAAAAAASIIEKAAAAAAAAAAmQQAUAAAAAAACABEigAjhrmOZA9wAA+ofpT8E5+M0EMITwuwkAPZeK38wzDQlUAGcNk6gWwBCRit8zfjMBDCX8bgJAz/F7FosEKv7/9u49OsryXvv4NZmQZBKYmJAEyQEFUsAmdoMaLFh5pSKmHoBWK9FWK7Zoi+7WXeu727fWtrZdrVV8a1uxW1tA7FZiTxyqBouKUMKWoCCSlkRCkUkCZEiGDCQzkzntP5KMBHKYkMwp8/2slUXmmedwJy5/M7nmd98PEDd8Pl4EAIwMvjC8qaVmAhhJqJsAELxw1MxYQ4AKIG54vbwIABgZwlHPqJkARhLqJgAEj3p2NgJUAHHDx4sAgBEiHPWMmglgJKFuAkDwqGdnI0AFEFeYWgUg1oXzDS01E8BIQN0EgOARnvaOABVAXGEqAoBYF846Rs0EMBJQNwEgeNSx3hGgAogrHrePOwoCiFl+v18ejy9s16NmAoh11E0ACF64a2YsSYz0ACwNTVq1tkKWRqskqSA3W0vKSlWQlxPhkQEYqdwdPiUlGyM9DAAYNHdH+N/QUjMBxDLqJgAELxI1M1ZEvAN1ZVd4mp+brfzcbFkarVq1tiLSwwIwgnm9ftanAhBzfD5/RKZUUTMBxCrqJgAEL1I1M1aEtQPV0tCkDa/tkMPh0thMsxYvnKv6rvD0+w/cIUn64fI1sjRa1e5wqXz9m2pusctkStaC+bPoSgUwbLo7AwyGSI8EAAbm90e2I4CaCSDWUDcBIHiRrpmxIGwBqqWhSY+teEkOp6tzQ51Uc8AiScrKMAf2y8owq77RqkeWr1GzzR7YXnPAogeX3UKICmBY+Hx+uTu8TK8CEBPcHd6IdjNRMwHEGuomAAQv0jUzFoRtCv+GTZVyOF26s6xUT/74Pk0vmqxmm12ZGWYtuHZ2YL8F185WZoZZzTa7phdN1pM/vk93lpXK4XRpw6bKcA0XQBzwev18ygYg6rk7fFExnYqaCSBWUDcBIHjRUjOjXdg6UNsdnZ2nM4oLlWpK1r13LerxvKWhSSZTigrycvToQ0t7PDejuFCrTzsHAAwXj6fzTqmjkphiBSC6dE6l8kbVG1pqJoBoRt0EgOBFY82MZmELUMdmpksH67VqbYXuXbIwsP3Mqf2mlGTNuLhQixfOVaopWZK06sVXPzrHMHA4O/Tks39S0dQLdeP8WWc9f7SpRY8//ZJu/eyndeknpvR7rnf21uo3z23UV79044D7AohOXq9ffpdXSckJMvDOFkAU8Pv96nD5onIqFTUTQDSibgJA8KK5ZkarsE3hL1s0V5kZZu3Zd6DHdpMpRVLnfzBTSpIkvyqrqvX4ivJAx+me6jplZphVtmjusI5px65qHW+x99jm90vb3n5frfa2oM5x8UWT9POH79HFF00acF+Hs0M/+9WLeub5v57TeAGEjs/nl9PhlcfNNCsAkeVx++R0RPc6VNRMANGEugkAwYuFmhmNQh6gWhqa9MjyNfrGQ79WS9eap93bj7fYlZVp1oPLFsuUkiSHs0MLrp2tWZcVydJo1YpV6yVJmRlmtdjs+sZDv9Yjy9fI0tA0LGOzNrdqx67qHtuOWVv09rv/DPocSaMSlZE+WkmjwtbMCyCE3G6fHO0edXT45PX6uj/fAYCQ8fslr8enjo7O+uOOoT+uqZkAIoG6CQDBi+WaGU1CnvqtXfemLI1W5edmK+u0G0Y9tqJcDmeH7iwr1RUlRXpw2WI98sTz2l5Vre8/cIdq6iyqqbNIku5bslAbNlXquM0uS6NVq9ZW6OEH7hjy2GZc/DHt3L1fsy4rUlZmZ7C7vWqfzjOPlv+0JP6Y1aY/bHxL/6z9UG6PRxMnjNc9t9+gzAyzDn54RL9Zs1FfveNGZZw3Rj/75QuaXVKs3e9/oMZjx5WTlaGvfOE6+Xx+/eKZP8rh7FCdpKo9NYFp//+o/VAv/uUNHbO2KCcrQ7d97mp9fMoFgXN/amaxtldVy3bC3uPaTleHKt6o0ra398p+sl3m0am6/fPXaHpxoWytp/ocy4UF50uSDlmO6vk//E2WxiaNSkzUrJIi3XzDHEnSH/+6VTuqquXz+XXFzGLdfOMcpSQnDfl3DsQKr8cnr0eSfEowGmRMMEgGKSHBIIPBwBpWAM6J3985Zcrn80t+yevzyzcC1p2iZgIIFeomAARvpNbMaBDyALX2YL3yc7P1/dMCz3aHSw5nhyRp9dqKHvtndXWoZnV1nR5vsasgLydw06kfLl8jS6N1WMY2o7hQDodTO3ZV68b5s9R0/IR2v39A1119udZXbA/s19bu1IUF47R44Vz5fD49V75Jf3p5m77yhet7Pe//vFOtL992ncaMTtXKF1/VK6/v1Jdv+4y+e/8X9dv/fkXp5jR94aZ5SktNkaXRqt+98Io+eenHdfWnbtI/aj/U83/4m/7jnpslSU6nS9U1h/TvX/6sPB6P/mvNRr1ZuUc3XT9HPp9fHq9XX//K52Qek6a3Kt9T+fo3NSF/XGBtnd7Gcs/tN8jafEK/XrlOhRfm6atfWiBXh1tvv/sPeTw+rXv176qu+Zf+456bNWZ0qp4r36SXN/+Pbrp+zrD83oFY4/PyogMAwaJmAsDgUDcBIPqFZd75mR+edd8cqnva/ukh6tTCArU7XLI0WmVKSQp0hoZCUlKi5l9Vopc2bNGsy4q07e29yj0/S1MmF/TYb9IF4zXpgvGBxxdNuUDVNYfkdHX0et7rr5mlwol5kqTiaRNVXXNIPp9f5jFpMhoTAtP+Jen9fx5Uunm0rrv6cqWlpmjmJRepak+NDlmOKiszXaNGJeqz112p/PFZkqSJE8aruWvd1lRTcqBjVJI+8fFJqtxVrROtp5Rx3pg+x9Lh9ujd9z9QSnKSbv3sp5VuTpMk5V8/R632NlXX/KvHcZ+5+nK9+vrbcjhdMqUkD+2XDgAAAAAAAMSQkAeo+bnZsjRa9cjyNRqbma4F82epIC+n64ZRBi1eeJV2v39AYzPTNSEvW7NLitXc0hoI6ywNTSrIy5EkPfZUueq7lgMYLlMnF2hshlnrK7brX4eP6Eu3zJfR2HNp2MZjzSpf96YONzTpVJtDkjT5wtw+z9n5swXnmNUmS0MClmN6AAAXwUlEQVST7v/eUz22F07MU1ZmuoxGY5/rqzpdHVpfsV3v7v1AttZT8vv9Z127r7Ecs9o0Os2kpKRRPba3nmyTw9mh58o36bnyTYHtmeeNkdPlJkAFAAAAAABAXAl5gHpXWalWrq2QpdHa+dXQpJ89tFTz5lyqja/tkKXRqgfvXSypc2p/c0urCvJydGdZqVavrdBjK17Sg8tuUUFejo7b7MrPzdZdZaXDNr6kpESVzi3Rr1b+RZdc/DFNuiBX9lPtgee9Xp/+9NetOtnm0P133yTzmDRt3vqO6g41Dsv1x2VnaEJejr7yheuUclo4mZKcpCPHmvs9dtd7tdq+c5/KFn1aF025QJaGJv3+j38L+rp1hxrV0eHuEbKmj0mTKSVJC0uv0PTiwsD2hASDxqSlDvKnAwAAAAAAAGJbyAPUgrwcff+BO9TucOmR5WvUbOucfj5vzqXave+AKquqVXPAoqzMdB1uaJLD6QrcWEpSjxD10YeWhmSMhZPy9LUvLVDu+VlndZ8mJCQoJTlJoxKNSklOUnNLq97dW6t08+hBX8eUkqS887NUf8Sq1pNtSh+TposvmqQtle+pak+NPjWzWF6fX7v3faAZxR8b+HzJSTIYDBozOlUej1eVVdV9LitwposvmqTXt72rv7z6d10/75NydbhVtXu/5l9VoqKpE/VW5Xu6IH+cMs4bo2NNLbI2t+pTl1886J8ZAAAAAAAAiGUJA+8yPNaue1PNNrumF02W1Ll+54PLFmvWZUVqttlVU2eR1DkFffXaCm2vqtYVJUW6s6xUDqdLj614SZaGppCMLdFoVPG0icrsWjf0dAaDdNP1V0qSvvfoSpWv36KphRPO+VrXz7tckvTgD3+jja/tUEFutu5cfK2q9tTo2z95Vj94bLUsDVaNGmUc8Fz/VjxZs0uKtWLVev34//9e2VnpPbpY+1OQm60v33ad6g416rs//a0e/dWL6nC7ZTQadPONc1Q4KU/Ln35J//mj/9Lzf/ybkpNHDXxSAAAAAAAAYIQx+P3+sNzu77GnylV7sF5P/vi+wE2kemNpaNJjK8rlcHYEOlG3V1Vr9doKmVKSA9P5AQzdh4caZTAYBvUlqc/H3d+f/m9/3/e3DQAAAAAAIBqErQO1OzTdve+AJOmpleu09IHl+vaPn+3RWVqQl6MHly2OSCcqAAAAAAAAAJzO+IMf/OAH4bjQ+JxM7dy9X7v21Gjjazt01GpTZoZZLTa7Wu1tmjljWmDfdHOaiqdNDOw/NjNdV5QUaWxmunbtqdG+/Yc0b86l4Rg2MKK1njhJByoAAAAAAEA/wtaB2t1ZOr1osqZMytesy4r0/QfukKTAjaUkaeWLFXpk+ZqzOlE3b31XV5QUKT83u8f+AAAAAAAAABAqYVsDtS8/XL5G9Y1WFeRmS5IsjVZlZpj16ENLOx+ftibq2Ayzmm125edmB8JXAOeONVABAAAAAAD6F7YO1L7cVVaq/NxsWRqtsjRalZ+brfuWLAw8392JOmVSvpptdk2ZlK+7ykojOGIAAAAAAAAA8SLiHagAIocOVAAAAAAAgP5FvAMVAAAAAAAAAKIVASoAAAAAAAAA9IEAFQAAAAAAAAD6kBjpAQBANDMYJGNighISDDIY1PXFmq0Azp3f75ffL/n9ks/nl9fj00hZkZ6aCSAUqJsAELyRXDMjiQAVAM5gMEhGY4ISjAYZjbyBBTC8Om+81/m90WjQqFEJ8nr98nn98npj7w0uNRNAqFE3ASB4I61mRgsCVAA4jdFoUOKozi4AAAgXY9cf0UafQR63T15vbLyzpWYCiBTqJgAEL1ZrZjQhQAUASQkJnZ/MJdAFACCCEhIMSko2yuf1y+32yeeLzje31EwA0YK6CQDBi5WaGY24iRSAuNf5IsIbWgDRI8HYVZeisEOJmgkgGlE3ASB40VwzoxUBKoC4ljgqQckpRhbrBxB1DAaDklOMSkyMnrdr1EwA0Yy6CQDBi8aaGc34LQGIWwldC2oDQDQblRQdXUvUTACxgroJAMGLlpoZ7ajmAOKSwWBQUpIx0sMAgKAkJUW2e4maCSDWUDcBIHiRrpmxgAAVQFxKSkoQrw8AYoXB0Fm3IoWaCSDWUDcBIHiRrpmxgN8OgLiTYDQwRQFAzIlU7aJmAohV1E0ACB61q38EqADiDmtRAYhVkahf1EwAsYy6CQDBo371jd8MgLiSmJighAQ+VQMQmxISDGG9Uyo1E0Cso24CQPDCXTNjSWKkBwAA4WRM5A0tgHBr0uYnX1D5YWniwtv0/+bkDOlsxkSDPJ5hGloQ1wKAWEfdBIDghbNmxpKIBKjtDpc2vlap7Tur5XC6gj5ubIZZ8+ZcqnlzLgnh6ACMVAaD6AgAEH4fvqvNh72SpH9tfVcH55Rq0hBOl5BgkMFgkN/vH57x9WFoNdOpI7u3qPyNA6rRVD38RenZJ2qkyYUqXXiVZo5LGdaxAkB/YqFuuu0H9Nb6Sr2136rzyx7Q7F3LtaopW8WzZmvxrEKljxrmwQJAH8JVM2NNRALUp1auU+3BeplSkjRlUn7Qx9UerFf5+jdlMiXripKiEI4QwEhkNA5+KsKGTZXa+NqOwOPeatZxm133LVmogryhdZUBGBmObF2pR9bb5BmToemT09S8v17N3U/aqvWL5a0qzmxTzT6b7IkZWvzNuzRv3OCukWCUvCHuDDiXmilJsu/Xql++rEpb1+Ou0uj2uHS0plrP/rxaf77sen3n1mlKH5aRAsDAorduenR46wt6fL1Vjq4t53f962iyqmr9elVtytbiZbdpXh4TSAGERzhqZqwJewW2NDSp9mC98nOz9eCyxUo1JQ/q2EeeeF4bN1USoAIYNMMwLOViabRqamGB7l2yMLBtw6ZKtTtcqjlgUe3Bel195SWDqm0ARpI21e6zySNJJ23as8d21h6OxnpVNXY98Ni0u65N88alDeoqCQkGeRXiTqpzqZmOfXrq0U3a4+x/t+ZdL+t7To9+tqRYqec0OgAYnGitm0deX6UfvWLvfyenVeVPrJL7/y7VZwb5gRsAnItw1MxYE/aVYU2mFE2ZlK8F184edMBQkJejKZPy1Wwb4AUGAHphMAx9+r7D6dKefQd6fW7Dpkpt2FSpzVvfGfJ1AMSqNM2eNX4Q+4/X/ykZXHgqDU89G/5rtGn78wOHp90c+zbpmaq2QY8LAM5FVNbNDyv05EDhaYBdf362QgcHPSoAGLxw1MxYE/YO1KxMsx68d3G4LwsASgjRi8DUyQVyOF2acXGhUk3Jml1SHJLrAIgNo0ypMkmBqZimyZ/QvWVXamqmdPzANq1atVe13SFjSqpSz2Fdu1DVsyFdo2GbNtYM7pDqTdt0uKRUEwZ3GAAMWvTVTad2bqr+aImXYNiqtWH3Vbp/ButIAwitcNTMWBP2APV4i1179h3ocfOo6UWTw7p2oMPZoSef/ZPqDjUGthkM0rjsTN362U/r41MuCNtYAITPcEzh79bucGnV2ooe3aimlGQtXjRXWZnm4bsQgBjSqsNV27R6XV0gPFXOJ/SdZdeouyc1q/AaPfh16Xs/36ujkuSs0zPL/6rFZVfqirzgVwQNx3vawdbMI/stgwsCJMlmUXWLNCFzsAcCwOBEX908oKpBfugkSdX7Dkkzpg3+QAAYBPLTs4UtQG13uLTxtUpt3vruWc9t2FSpgtxsLV44V1MLC8I1JM2/6jLNm3OpJMnv8+n1v+/Wyhdf1Tfv+bxyzx8btnEAiD2PryhXfm6OfvrdpdqwqVI7dlXL4excB5U1moH4dHjdC/rRtvYe2yZeOVNnTegfN1PzJuzV7w93PnQ01mj1ExZZvvk1leUFebEofFN79HA/01BN4zV9ur3XgDXV0ctGABhu0VY3jx3p/CCtD2OnXqiS3v5az/SoVeImfABCK9pqZhQIS4Da7nDp8RXlsjRalZlh1jVzLlFBbmfH6XGbXZU796n2YL0ef/ol3VlW2m/4kGpKliklaVjGlZKcpIz00YHHV15+sd5+559qOm4jQAXQL1NKsu66tVTtDpd27KoObA/nh0AAEP3Murrs3+TYs3Pw3akAEIdMU6/S4rz3tPnlSI8EAHC6sASoT61cJ0ujVbMuK1LZork9bh41VdIVJUXaXlWt1WsrtHpthSbkZvc5pf/euxaFZIw+n1/v/aNOJlOyJnRd+5nn/ypJuvv2GyRJ7+yt1XPlm3T/3TdLkn7xzB/lcHYEzmFKSdL9d98sW+tJ/ea5jT3On3neGH3767f1CGwBxJ5vfe0WPf70S4FatLvHFP4kla97Qxs3VWpJWSlhKhBnJiy6Td/L26bV62pk6Vrj9F/bdurI7Gt6dqEe26nNhz96aMqd2jWFP5yjHX4FE8zSvtO7UM26+usLNXP3ev10W1/dqWYVzA/H6AAgyowrUIH29uhCNU29Sg/fLP1++WZV93VDvuKpujsc4wMA9BDyAHV7VbVqD9ZryqR83XVraZ/7dXedrl5bofL1W/StZbeEemiBO2Z3M49J1bI7FyozY+D1Cyfk5+hH/3mXfH6/OjrcWvniqzIajTo/J1P5udn6+cP3SJLsJ9v09OoNmjI5X2NGm0L2swAIr+4Pgip37lN+brbqG62aN+dSNds6Q4Ly9W9q2ZJFrIcKxJV0TSi5QQ+P8ejrz3atg9q0Vz9dobNuIhX4gzllsu5+4AaNhFvPZU0r0NhXum+IEkx4KimjQEXjwjRAAIgqF2r6VAXWQf0oPN3Sd3gqqWh6YXiGBwDoIeQB6p73P5AkLbh2tqTOm0itXlvRY59ZJUW6outr89Z3VFNn0fEWe6/Bg6WhSe0O17B0dvW2BuqK1et1/903qyA3u99jE41GpZvT5PdLL2/eobZ2p76x9KZAqJKUPloer1d/eWWbMjPMKlv0aSUajUMeM4DI2lP9Ucdpu8Ol2oP1+tbXbtHmre+otq5emRnmwJT+yqp9gdoHIH60n2zX6ct6Our26vGf7O19Z2e72t2SRoVjZCGWd6VunFqt1TVBhqeSiq69UhPCNDwAiC4pmnltkf5cU632IMNTZRRpwYyUsI0QAPCR0Aeo1XXKzDAHAk+Hw6maOkuPffJzs6WuDtQZxYWqb7TK0tjUa4C6dt2bqj1Yr2eXPzDksZ25Bup1V1+uf35wWLV1lgED1G5Ve/Zry/b39LU7Fyh77EdLefv9UsUbO3XwwyM9glUAse30G+HV1FlkSknS1MICjc1M13d+8qxunD8rgqMDEHltqqo6Moj9j+itqjbNnJ0WshGFT5quuP1zSm1KU3oQ4amp+FrdXTISfm4AOEcXlOobSy/UqJy2gcNTmfW5paWaFK6xAQB6CMsaqFmnTYkvyMvpN/zsXvvU0tCkGcU9pydYGppUe7A+qCn2Q9HucPW63ev19Xhcd6hRL/7lDV0/75OafGFuj+eq9uzXa1t2aekXb+gRrAIYOTZuqtT04o9JkiyNTZKk2SXFmjq58wOjsZn8vw/EnzRNKc5QYp1NnjEZmj45Tc376wNrokqSKTdfxZltqtlnkz0xQzMmj6AQ0TRRMzL2a9W+/sPTsZddr+/cOk2pYRoWAESr8dMKdXjrCzrYX3iakq3Fy27TPJY8AYCICUuA6nB+FEj2N4Vf6gxJpY+Ch81b35HJlKIdVdWBztXhmhLrdHXI1npKUucU/r/v3KcWm13TCrvDD7P2/uOgrM0nlJQ0Slu27wkca21u1e9eeFUTJ5yv6cWTA+dJS02RpaFJL/z5dX3y0o8rf3yWbK2nlGAwKC0thWn8wAhRc8Ci4y2tWrak62ZS7x/Q9KLJyso0s+4pEOfGz7lLT885bcOHFfr2L7vWBs0o0v0PjPAOIvM0LXnoQpXu3qLyNw6optEljyQlJqtgcqFKF16lmeOYggoAnRI1Yc4dWj79gN5aX6m39lt1tCtMNeVkq3jWbC2eVaj0kbDUCwDEsJAHqPm52bI0WgNrmvY2hT8zw3xWgDqhawp9+fotPfYrWzT3rM7Uc/Xall16bcuuwOPzzKN1x+fnq3BiviRp7uzpqq2r13d/+juNSUvV7JlFOt51g5jDDcdkbT4ha/MJfecnvw2c46tfulGNR5vV1u7Um9v36M2u0NWUkqT7775Zky7ocR9eAFGuIC8ncJOoM82bc2kgLK2ps7DeKYDeXXCJ5k3Yr/LD0sQ5l4zs8DQgReNnlOr+GZEeBwDEhlHmQs27vVDzIj0QAECvDH6/3x/KC2ze+o7K12/R1VdeorJFc/vd19LQpEeeeF6ZGWY9+tBSSZ1dXivXVqjFZteN82cRUADD6MNDjTIYDIP6ktTn4+7vT/+3v+/72xYKptRz/8zoeItdNXUW7Xn/A9XUWfSzh+7usbZxu8PFWscAwsrR7gnp+YdSMwEgGlE3ASB4oa6ZsSbkAWq7w6UfLl+jFptdd5aVBjpNz3S8xa7HV5Sr2WbXsiULe3SZtjtcqqzap9klxQQUwDAiQAWA2EUQAACDQ90EgOARoPaUEOoLpJqSA52nr299R7V19YFp+lJnOLp567t6ZPkaNdvsmnVZ0VlT9FNNyZo351LCUwAAAAAAAABhFZaPyLrvam9ptOqxFeV97scUfQAAAAAAAADRJCwBalaGWZkZZmVlmDW1sECWhqZAqCpJUwsLNLukmDtXAwAAAAAAAIgqIV8DFUD0Yg1UAIhdrOUHAIND3QSA4LEGak8hXwMVAAAAAAAAAGIVASoAAAAAAAAA9IE5BgAAABiyY9YTkR4CgDgzLvu8SA9hSKibAMIp1mtmpBGgAgAAYMh4Uw4Ag0PdBIDYQYAKAH2gKwBAOPGHNAAAABCdCFABoA+EGQAAAAAAgJtIAQAAAAAAAEAfCFCBOOX3+yM9BAAAAAAAgKhHgArEKa/XF+khAAAAAAAARD0CVCBOeb3eSA8BAAAAAAAg6hGgAnHqXDtQDQbDMI8EAAAAAAAgehGgAnHK66EDFQAAAAAAYCAEqECcYgo/AAAAAADAwAhQgTjFTaQAAAAAAAAGRoAKxCmXqyPSQwAAAAAAAIh6BKhAHPJ4vOrocEd6GAAAAAAAAFGPABWIQ21t7f0+bzAYhu1aw3kuAAAAAACAcCNABeJQe7tzSMcTigIAAAAAgHhBgArEGb/fL6fT1WNbdyAa6mCU4BUAAAAAAMQaAlQgzvTVfXpmiBps2EkoCgAAAAAARjICVCDOtLc5BrU/ASkAAAAAAIhnBKhAHHE6XTrV1i6DDDIYPvoCAAAAAABA7whQgThywmYf1P6EqwAAAAAAIN4RoAJxwuFwqt3R+/qnA+ktSO0vXB1M8EpICwAAAAAAohkBKhAnjlttQzp+uAJTAAAAAACAWEKACsSBU6fa5Xa7Q34dglQAAAAAADDSEKACcaD5+NC6TwEAAAAAAOIVASowwh0/bpPH44n0MAAAAAAAAGISASowgrWeOKkTttZen+uebt/Xv/0dAwAAAAAAEC8IUIERqu1Uu6zWZhkMhs7gs+tfgwwDhqfBhqgEqgAAAAAAYKQjQAVGIKfDpSNHmoZ0jkDwOsRzAAAAAAAAxDICVGCEcbs9qm84Ir/fPyznIwQFAAAAAADxLDHSAwAwfNrbHWpoOCq/zz+sweeZ5zqXcxPEAgAAAACAWESACowQJ07YdeyoNTD1/vQvnTEdfzBrng5kOM8FAAAAAAAQbQhQgRjn9/t19KhVrSfsA4aXA91Aqr91T0MRjBK2AgAAAACAaEeACsQwr9cry+FGOZ2uYZ+y39v5eutiBQAAAAAAGMkIUIEY5Pf7dcJml/V4s7web69dpP11kwIAAAAAACA4BKhADPH7/Tpxwi5rU7M8Hk9wQWn3Puo9XO3v2N7OzQ2kAAAAAABAPCFABWKEvfWkjh61yu12D3uwea7rn/YXwhKaAgAAAACAkYAAFYhiLleH7PaTOnHCLlcv65yeGXqe1WF6DtP4g1n/tL9jAQAAAAAARhICVCCK+P1+tbW1y956Unb7Kbndbkk6a8r9YLtPe5u+P9DU/3N9LliErQAAAAAAIBYQoAJh5vP51NHhltvtltvtUUdHh9xuj9xut9rbHfJ5fZJ6nx7fW7fpmY8He/Oo/o4ZjmUCAAAAAAAAYtn/AmnHrtwW8Tc4AAAAAElFTkSuQmCC" height="600" width="800" />]]>
  </system-out>
  <testcase classname="testcases.LoginTest" name="loginSuccess_001" time="10.452"/>
  <system-out>
    <![CDATA[<img src="data:image/png;base64,iVBORw0KGgoAAAANSUhEUgAABVAAAAJcCAYAAAAfG4+9AAAAAXNSR0IArs4c6QAAEYpJREFUeJzt2LERgCAAwEBk/3WxsZABuNRa/E+QOte9nncAAAAAAHCYXwcAAAAAAPyVgQoAAAAAEAxUAAAAAIBgoAIAAAAABAMVAAAAACAYqAAAAAAAwUAFAAAAAAgGKgAAAABAMFABAAAAAIKBCgAAAAAQDFQAAAAAgGCgAgAAAAAEAxUAAAAAIBioAAAAAADBQAUAAAAACAYqAAAAAEAwUAEAAAAAgoEKAAAAABAMVAAAAACAYKACAAAAAAQDFQAAAAAgGKgAAAAAAMFABQAAAAAIBioAAAAAQDBQAQAAAACCgQoAAAAAEAxUAAAAAIBgoAIAAAAABAMVAAAAACAYqAAAAAAAwUAFAAAAAAgGKgAAAABAMFABAAAAAIKBCgAAAAAQDFQAAAAAgGCgAgAAAAAEAxUAAAAAIBioAAAAAADBQAUAAAAACAYqAAAAAEAwUAEAAAAAgoEKAAAAABAMVAAAAACAYKACAAAAAAQDFQAAAAAgGKgAAAAAAMFABQAAAAAIBioAAAAAQDBQAQAAAACCgQoAAAAAEAxUAAAAAIBgoAIAAAAABAMVAAAAACAYqAAAAAAAwUAFAAAAAAgGKgAAAABAMFABAAAAAIKBCgAAAAAQDFQAAAAAgGCgAgAAAAAEAxUAAAAAIBioAAAAAADBQAUAAAAACAYqAAAAAEAwUAEAAAAAgoEKAAAAABAMVAAAAACAYKACAAAAAAQDFQAAAAAgGKgAAAAAAMFABQAAAAAIBioAAAAAQDBQAQAAAACCgQoAAAAAEAxUAAAAAIBgoAIAAAAABAMVAAAAACAYqAAAAAAAwUAFAAAAAAgGKgAAAABAMFABAAAAAIKBCgAAAAAQDFQAAAAAgGCgAgAAAAAEAxUAAAAAIBioAAAAAADBQAUAAAAACAYqAAAAAEAwUAEAAAAAgoEKAAAAABAMVAAAAACAYKACAAAAAAQDFQAAAAAgGKgAAAAAAMFABQAAAAAIBioAAAAAQDBQAQAAAACCgQoAAAAAEAxUAAAAAIBgoAIAAAAABAMVAAAAACAYqAAAAAAAwUAFAAAAAAgGKgAAAABAMFABAAAAAIKBCgAAAAAQDFQAAAAAgGCgAgAAAAAEAxUAAAAAIBioAAAAAADBQAUAAAAACAYqAAAAAEAwUAEAAAAAgoEKAAAAABAMVAAAAACAYKACAAAAAAQDFQAAAAAgGKgAAAAAAMFABQAAAAAIBioAAAAAQDBQAQAAAACCgQoAAAAAEAxUAAAAAIBgoAIAAAAABAMVAAAAACAYqAAAAAAAwUAFAAAAAAgGKgAAAABAMFABAAAAAIKBCgAAAAAQDFQAAAAAgGCgAgAAAAAEAxUAAAAAIBioAAAAAADBQAUAAAAACAYqAAAAAEAwUAEAAAAAgoEKAAAAABAMVAAAAACAYKACAAAAAAQDFQAAAAAgGKgAAAAAAMFABQAAAAAIBioAAAAAQDBQAQAAAACCgQoAAAAAEAxUAAAAAIBgoAIAAAAABAMVAAAAACAYqAAAAAAAwUAFAAAAAAgGKgAAAABAMFABAAAAAIKBCgAAAAAQDFQAAAAAgGCgAgAAAAAEAxUAAAAAIBioAAAAAADBQAUAAAAACAYqAAAAAEAwUAEAAAAAgoEKAAAAABAMVAAAAACAYKACAAAAAAQDFQAAAAAgGKgAAAAAAMFABQAAAAAIBioAAAAAQDBQAQAAAACCgQoAAAAAEAxUAAAAAIBgoAIAAAAABAMVAAAAACAYqAAAAAAAwUAFAAAAAAgGKgAAAABAMFABAAAAAIKBCgAAAAAQDFQAAAAAgGCgAgAAAAAEAxUAAAAAIBioAAAAAADBQAUAAAAACAYqAAAAAEAwUAEAAAAAgoEKAAAAABAMVAAAAACAYKACAAAAAAQDFQAAAAAgGKgAAAAAAMFABQAAAAAIBioAAAAAQDBQAQAAAACCgQoAAAAAEAxUAAAAAIBgoAIAAAAABAMVAAAAACAYqAAAAAAAwUAFAAAAAAgGKgAAAABAMFABAAAAAIKBCgAAAAAQDFQAAAAAgGCgAgAAAAAEAxUAAAAAIBioAAAAAADBQAUAAAAACAYqAAAAAEAwUAEAAAAAgoEKAAAAABAMVAAAAACAYKACAAAAAAQDFQAAAAAgGKgAAAAAAMFABQAAAAAIBioAAAAAQDBQAQAAAACCgQoAAAAAEAxUAAAAAIBgoAIAAAAABAMVAAAAACAYqAAAAAAAwUAFAAAAAAgGKgAAAABAMFABAAAAAIKBCgAAAAAQDFQAAAAAgGCgAgAAAAAEAxUAAAAAIBioAAAAAADBQAUAAAAACAYqAAAAAEAwUAEAAAAAgoEKAAAAABAMVAAAAACAYKACAAAAAAQDFQAAAAAgGKgAAAAAAMFABQAAAAAIBioAAAAAQDBQAQAAAACCgQoAAAAAEAxUAAAAAIBgoAIAAAAABAMVAAAAACAYqAAAAAAAwUAFAAAAAAgGKgAAAABAMFABAAAAAIKBCgAAAAAQDFQAAAAAgGCgAgAAAAAEAxUAAAAAIBioAAAAAADBQAUAAAAACAYqAAAAAEAwUAEAAAAAgoEKAAAAABAMVAAAAACAYKACAAAAAAQDFQAAAAAgGKgAAAAAAMFABQAAAAAIBioAAAAAQDBQAQAAAACCgQoAAAAAEAxUAAAAAIBgoAIAAAAABAMVAAAAACAYqAAAAAAAwUAFAAAAAAgGKgAAAABAMFABAAAAAIKBCgAAAAAQDFQAAAAAgGCgAgAAAAAEAxUAAAAAIBioAAAAAADBQAUAAAAACAYqAAAAAEAwUAEAAAAAgoEKAAAAABAMVAAAAACAYKACAAAAAAQDFQAAAAAgGKgAAAAAAMFABQAAAAAIBioAAAAAQDBQAQAAAACCgQoAAAAAEAxUAAAAAIBgoAIAAAAABAMVAAAAACAYqAAAAAAAwUAFAAAAAAgGKgAAAABAMFABAAAAAIKBCgAAAAAQDFQAAAAAgGCgAgAAAAAEAxUAAAAAIBioAAAAAADBQAUAAAAACAYqAAAAAEAwUAEAAAAAgoEKAAAAABAMVAAAAACAYKACAAAAAAQDFQAAAAAgGKgAAAAAAMFABQAAAAAIBioAAAAAQDBQAQAAAACCgQoAAAAAEAxUAAAAAIBgoAIAAAAABAMVAAAAACAYqAAAAAAAwUAFAAAAAAgGKgAAAABAMFABAAAAAIKBCgAAAAAQDFQAAAAAgGCgAgAAAAAEAxUAAAAAIBioAAAAAADBQAUAAAAACAYqAAAAAEAwUAEAAAAAgoEKAAAAABAMVAAAAACAYKACAAAAAAQDFQAAAAAgGKgAAAAAAMFABQAAAAAIBioAAAAAQDBQAQAAAACCgQoAAAAAEAxUAAAAAIBgoAIAAAAABAMVAAAAACAYqAAAAAAAwUAFAAAAAAgGKgAAAABAMFABAAAAAIKBCgAAAAAQDFQAAAAAgGCgAgAAAAAEAxUAAAAAIBioAAAAAADBQAUAAAAACAYqAAAAAEAwUAEAAAAAgoEKAAAAABAMVAAAAACAYKACAAAAAAQDFQAAAAAgGKgAAAAAAMFABQAAAAAIBioAAAAAQDBQAQAAAACCgQoAAAAAEAxUAAAAAIBgoAIAAAAABAMVAAAAACAYqAAAAAAAwUAFAAAAAAgGKgAAAABAMFABAAAAAIKBCgAAAAAQDFQAAAAAgGCgAgAAAAAEAxUAAAAAIBioAAAAAADBQAUAAAAACAYqAAAAAEAwUAEAAAAAgoEKAAAAABAMVAAAAACAYKACAAAAAAQDFQAAAAAgGKgAAAAAAMFABQAAAAAIBioAAAAAQDBQAQAAAACCgQoAAAAAEAxUAAAAAIBgoAIAAAAABAMVAAAAACAYqAAAAAAAwUAFAAAAAAgGKgAAAABAMFABAAAAAIKBCgAAAAAQDFQAAAAAgGCgAgAAAAAEAxUAAAAAIBioAAAAAADBQAUAAAAACAYqAAAAAEAwUAEAAAAAgoEKAAAAABAMVAAAAACAYKACAAAAAAQDFQAAAAAgGKgAAAAAAMFABQAAAAAIBioAAAAAQDBQAQAAAACCgQoAAAAAEAxUAAAAAIBgoAIAAAAABAMVAAAAACAYqAAAAAAAwUAFAAAAAAgGKgAAAABAMFABAAAAAIKBCgAAAAAQDFQAAAAAgGCgAgAAAAAEAxUAAAAAIBioAAAAAADBQAUAAAAACAYqAAAAAEAwUAEAAAAAgoEKAAAAABAMVAAAAACAYKACAAAAAAQDFQAAAAAgGKgAAAAAAMFABQAAAAAIBioAAAAAQDBQAQAAAACCgQoAAAAAEAxUAAAAAIBgoAIAAAAABAMVAAAAACAYqAAAAAAAwUAFAAAAAAgGKgAAAABAMFABAAAAAIKBCgAAAAAQDFQAAAAAgGCgAgAAAAAEAxUAAAAAIBioAAAAAADBQAUAAAAACAYqAAAAAEAwUAEAAAAAgoEKAAAAABAMVAAAAACAYKACAAAAAAQDFQAAAAAgGKgAAAAAAMFABQAAAAAIBioAAAAAQDBQAQAAAACCgQoAAAAAEAxUAAAAAIBgoAIAAAAABAMVAAAAACAYqAAAAAAAwUAFAAAAAAgGKgAAAABAMFABAAAAAIKBCgAAAAAQDFQAAAAAgGCgAgAAAAAEAxUAAAAAIBioAAAAAADBQAUAAAAACAYqAAAAAEAwUAEAAAAAgoEKAAAAABAMVAAAAACAYKACAAAAAAQDFQAAAAAgGKgAAAAAAMFABQAAAAAIBioAAAAAQDBQAQAAAACCgQoAAAAAEAxUAAAAAIBgoAIAAAAABAMVAAAAACAYqAAAAAAAwUAFAAAAAAgGKgAAAABAMFABAAAAAIKBCgAAAAAQDFQAAAAAgGCgAgAAAAAEAxUAAAAAIBioAAAAAADBQAUAAAAACAYqAAAAAEAwUAEAAAAAgoEKAAAAABAMVAAAAACAYKACAAAAAAQDFQAAAAAgGKgAAAAAAMFABQAAAAAIBioAAAAAQDBQAQAAAACCgQoAAAAAEAxUAAAAAIBgoAIAAAAABAMVAAAAACAYqAAAAAAAwUAFAAAAAAgGKgAAAABAMFABAAAAAIKBCgAAAAAQDFQAAAAAgGCgAgAAAAAEAxUAAAAAIBioAAAAAADBQAUAAAAACAYqAAAAAEAwUAEAAAAAgoEKAAAAABAMVAAAAACAYKACAAAAAAQDFQAAAAAgGKgAAAAAAMFABQAAAAAIBioAAAAAQDBQAQAAAACCgQoAAAAAEAxUAAAAAIBgoAIAAAAABAMVAAAAACAYqAAAAAAAwUAFAAAAAAgGKgAAAABAMFABAAAAAIKBCgAAAAAQDFQAAAAAgGCgAgAAAAAEAxUAAAAAIBioAAAAAADBQAUAAAAACAYqAAAAAEAwUAEAAAAAgoEKAAAAABAMVAAAAACAYKACAAAAAAQDFQAAAAAgGKgAAAAAAMFABQAAAAAIBioAAAAAQDBQAQAAAACCgQoAAAAAEAxUAAAAAIBgoAIAAAAABAMVAAAAACAYqAAAAAAAwUAFAAAAAAgGKgAAAABAMFABAAAAAIKBCgAAAAAQDFQAAAAAgGCgAgAAAAAEAxUAAAAAIBioAAAAAADBQAUAAAAACAYqAAAAAEAwUAEAAAAAgoEKAAAAABAMVAAAAACAYKACAAAAAAQDFQAAAAAgGKgAAAAAAMFABQAAAAAIBioAAAAAQDBQAQAAAACCgQoAAAAAEAxUAAAAAIBgoAIAAAAABAMVAAAAACAYqAAAAAAAwUAFAAAAAAgGKgAAAABAMFABAAAAAIKBCgAAAAAQDFQAAAAAgGCgAgAAAAAEAxUAAAAAIBioAAAAAADBQAUAAAAACAYqAAAAAEAwUAEAAAAAgoEKAAAAABAMVAAAAACAYKACAAAAAAQDFQAAAAAgGKgAAAAAAMFABQAAAAAIBioAAAAAQDBQAQAAAACCgQoAAAAAEAxUAAAAAICwASQLCJ0nnu6IAAAAAElFTkSuQmCC" height="600" width="800" />
Username:Admin
<img src="data:image/png;base64,iVBORw0KGgoAAAANSUhEUgAABVAAAAJcCAYAAAAfG4+9AAAAAXNSR0IArs4c6QAAIABJREFUeJzsvXmcI1d19v+9VVpa6r17unv2xWOPl/E2NjYE24DBJMHwkgCJAcP7BhIIq2NI4iyQxCHAD94YApiELTEkxJBPDAZiXkyCMQQv8YLtsT0ztmfGY3uWnunp7ume3rVV3d8fJalLUpVUm9SSps7H7TOSrk6dep56dI7uvZKElFISWmihNc7SszB3FDk3ipwbhdmjeX8Y/cgvEZlZpAQhKPGKUnpbABIQCCTSkQcQQiClrO3Lnm8+YoW3StjOV4tTbrWGm70Lc5NuJd4OvPSOc1Vv8XxvOLvlzxvOng7vGme3/HnDual14hJvpzz6w7kNdVKTR284u+WvJXXSTHppSZ00Ri/+cHbLnzuc3fLnGmdPPPp7XTqVdFIRtq56aaG64kYnzaQXT/y1iE6aQC8tq5MVqyvecA4tNCtTv3qEhcUlTkzPks7kAIjHIgz299CZTCDCCdTQQmsi07PIQ/ch99+Jvv9OmDmMXdEQGN5LsVOE4qFZqX9z5chc1lrrwPV/MxJkU1i9SalTc2XiMcim0JrHRjRXFnrx2AwGqhMTzo4vO884u+WvyXXiisf6vxmpv04KvsE6aSa9eODPO85O+fOPd/PUlfrrxPHl6sWc6CRAvbSFTsK60pj+K6wr3nF2zKP/16WWqCv10kkL15W66CS0U9aW/m4/o8cnLR9bN7IqnEANLbSmtsmn0fffibbnO4iJPZbFRRHemg9FUVwVxUYU8wqrU1FsRNPbtjsgXAHt4fCucXbLX5BvaptEJy7xdspjI5reltJJTR694eyWv5bUSTPppSV10hi9+MPZLX/ucHbLn2ucPfFYj8nS9tRJRdi66qWF6oobnTSTXjzx1yI6aQK9tKxOVqyueMM5tNCs7MhfPUoqnbF8rCMeCydQQwutNUwin/4B2j0fhxP7S4pG6aSo+2IHToto/Zsrh1C4TMQqSP3fjDTlDggv8AXcFFrz2IjmqlIvTbFTyISz48vOM85u+Wtynbjisf5vRuqvk4JvsE6aSS8e+POOs1P+/OPdPHWl/jpxfLl6MSc6CVAvbaGTsK40pv8K64p3nB3z6P91qSXqSr100sJ1pS46Ce2Utef+/EF03fqCURSB0uB8QgstNE8mEGe/gci7H0a5+mZk12qA5eKV97ouQdYoimUeQNd166JYNk5i46WFFzbearxdVZMWvlpRtPPlYe3y8Ji3FR4VeFdrPsq9G/4CyrcaHl5xrjq+pBcMMO8aeHjF2Sl/fnCuiYOs0f351UtFuCbXiR2Pdry4xNntdecVZxPgld7yvVODdeIC57rrpRnqSkW4YPVdDYd61xU/OLvlL1CdFLwTnQR43fmt302hE7u64hDnquMswwar75bpvxzo2wqPtq0rbnRix6Pd65cHnFuqrtRLJw5xbsa64lsnoYVmMrvJ08Jj4QRqaKG1kikRlAvfSfR9T6Bc+TeQ6DeKlRAlHinQrYqbsPD5IlkxiVo2DkBg44WFlzbeanw+ToUJC2/XlNiNtwprl4fHvK3wsMO5wlvxYteUWPESUL7V8PCKc9XxpriB5l0DD684O+XPD841cRB2QDvDuSaPFeGaXCd2PNrx4hJnt9edV5xNgFd6i7gN14kLnOuul2aoKxXhgtV3NRzqXVf84OyWv0B1UvBOdBLgdee3fjeFTuzqikOcq46zDBusvlum/3Kgbys82rauuNGJHY92r18ecG6pulIvnTjEuRnrim+dhBaaCws/wh9aaK1s82Pkbn8b+ujDKHZFDAEif7vaSrzJAxVxqnYDUoJw6Gt2FSarNbx8pdGhuUm36N2kU3hz5QTvKrxZruiWPd8bzm7584azp8O7xtktf95wdsrfiujEJd5OefSHcxvqpCaP3nB2y19L6qSZ9NKSOmmMXvzh7JY/dzi75c81zp549Pe6dCrppCJsXfXSQnXFjU6aSS+e+GsRnTSBXppFJ7oSgYFN6J2DiM5B9GgcInFkog+hqJCeQ9FzoGcRS3OI3CLK3ARomQbXFW84n1ImddBzSF0DTQMtB1oOmV4w/h1a0Z790weqPh5OoIYWWqublkH74XvQnvouIl9M7JoTyx+csimaUF5c699cOTKXtdY6cP3fjATZFFZvNuvUXJl4DLIptOaxEc2V4YN882TtvePs+LLzjLNb/ppcJ654rP+bkfrrpOAbrJNm0osH/rzj7JQ//3g3T12pv04cX65ezIlOAtRLW+gkrCuN6b/CuuIdZ8c8+n9daom6Ui+d5L0eTSKHTkP2rUMf2AxqxDVfkflxWDiBMjeOyC15xnlFdXIqWS6NTC8i04uQSa10Nitu4QRqaKGdIqY/dDO5n/0VQupIpPWOVFmYHHXWRBr/Gc9vRDGvsDoVxUY0vW27A8IV0B4O7xpnt/wF+aa28vkrohOXeDvl0R/ObaiTmjx6w9ktfy2pk2bSS0vqpDF68YezW/7c4eyWP9c4e+KxHpOl7amTirB11UsL1RU3OmkmvXjir0V00gR6WQmdEO9C23gxcs12pKK400cVHpWZUSKT+xG5VB314g3n0CxMyyLnppCp+ZXOZMUsnEANLbRTyOTBX5D93v9BLE0Xixg2xc3px/qhUGTr31w5O0mnCVAlcP3fjDTlDggv8AXcFFrz6KeJdcdf0+0UMuHs+LLzjLNb/ppcJ654rP+bkfrrpOAbrJNm0osH/rzj7JQ//3g3T12pv04cX65ezIlOAtRLW+gkrCuN6b/CuuIdZ8c8+n9daom6ErBOdDWC3HAx2voLEWrUPS8O64py4nkiJw6Alm0NnZzqlksbE6npxZXOpOEWTqCGFtqpZjOHyH73LXB8d0kRU2yaD0Wp3UQioBHFvMLqVBQb0fS27Q4IV0B7OLxrnN3yF+Sb2srnr4hOXOLtlEd/OLehTmry6A1nt/y1pE6aSS8tqZPG6MUfzm75c4ezW/5c4+yJx3pMlranTirC1lUvLVRX3OikmfTiib8W0UkT6KVROskNnYG+5aWQ6LLlZSad5VguwozaQVZEyIgo0/FBBAp96WmiMktUZunTllgdydAfj9nrJJchcuIA6tTzAevFG86h1TaZmkPOTOS5OjUsnEANLbRT0OThB8h+67UIPVdRDLFoVmwnUUs8+e9QrV9z5ezknCZAlcD1fzPSlDsgvMAXcFNozaOfJtYdf023U8iEs+PLzjPObvlrcp244rH+b0bqr5OCb7BOmkkvHvjzjrNT/vzj3Tx1pf46cXy5ejEnOglQL22hk7CuNKb/CuuKd5wd8+j/dakl6kpAOslufjFy/YWW33E6k8lxKNvBaGwVC9EuhDBCFk9NghBKPp7pfl3QmZ1jXWacDZEl+uJRS5zVmSNEju1qbp2EVjSZTSNPjp0yPzYVTqCGFtopavrOr5O98/rSH47KNxnYNB9Qe2XXKJj1KeYVVqei2Iimt213QLgC2sPhXePslr8g39Ta66SeTa9fvJ3y6A/nNtRJTR694eyWv5bUSTPppSV10hi9+MPZLX/ucHbLn2ucPfFYj8nS9tRJRdi66qWF6oobnTSTXjzx1yI6aQK91FMnqFFyZ7wSOXw6CFGC40Imyy69h9HE+pJ8hChNXEgoTqCKfGQJIJB5fKSUbFp4jrMiiySjakXCytIUkcOPIfSccwDrpZPQaprUNTh5HJlZWulU6m7hBGpooZ3Cpv3nh8k9+k+lk6gmb/WxfqiysotRkxztRPVQ9B2Zy97UOnD934w05Q4IL/AF3BRa8+iniXXHX9PtFDLh7Piy84yzW/6aXCeueKzfm5HG6aTgG6yTZtKLB/684+yUP/94N09dqb9OHF+uXsyJTgLUS1voJKwrjem/wrriHWfHPPp/XWqJuuJDJzLRR27bldC3Ln+vgW9W19mbirG/a2vVEzLwkug5DRAoikIkEgFp3A8CKUSR78I00xkLz3JmPE1MVUvSU9KzRI48hpJbaj6dhGZhEjl3Arkws9KJ1NXCCdTQQjuVTc+SvfV16If/B5GvHuVNh2LRhGDRvJRXoZKdqAE1vRVWp6LYiKa3bXdAuALaw+Fd4+yWvyDf1NbWSVBNb1WduMTbKY/+cG5DndTk0RvObvlrSZ00k15aUieN0Ys/nN3y5w5nt/y5xtkTj/WYLG1PnVSErateWqiuuNFJM+nFE38topMm0Es9dIIaJXvu6xBlk6ezmRw7xRpm4oPoovT4xg0FKSW5XJbp6WnGxyeYn5tDFdDX20t/fx9dnd0kEgmEqiCFUoTcbH3pE+zQRuntiJYkLlJzRA895Gwnar10Epor0+enYH56pdOom4UTqKGFdqrb4iSZW16GnD2MQICobFZsJ1FL7i9rHYSoXqw9FH1H5rI3tQ5c/zcjTbkDwgt8ATeF1jz6aWLd8dd0O4VMODu+7Dzj7Ja/JteJKx6DfzPSeJ0UfIN10kx68cCfd5yd8ucf7+apK/XXiePL1Ys50UmAemkLnYR1pTH9V1hXvOPsmEf/r0stUVc86kQ785Voq89G5OMXJk/vj51BVo0jReG4hQwESEgtpTl27BhjY2McPHSIY2NjLC0ukEx0sGXTRjricbo6k2zctIGRNWuJdSTy8UXxOEZoSTSX4bL0PvrikZI0IwvHUQ8/1lw6Cc3WJBJ58jikFlY6lbpYOIEaWmihIQ/dR/Zfry5pNsp/OKpiEhWBebLVqhqJQrENqOmtTLzGcI9FsRFNb9vugHAFtIfDu8bZLX9BvqmtfH49mt6aOnGJt1Me/eHchjqpyaM3nN3y15I6aSa9tKROGqMXfzi75c8dzm75c42zJx7rMVnanjqpCFtXvbRQXXGjk2bSiyf+WkQnTaCXoHWSXXchnH5ZHi3j/sMpyWNdZwF5zSBAKsbtfBJTJ07w6EOP8MLzLzA3v0BOy6FJHalAX0833ckO9FyGeERhZGSI/qFhBoaGWbNmHdF4AokRD6Fj/h7Vi2afYn1CLcFZnXyWyOR+jzx6wzk0HyZ19BOjkMusdCaBWziBGlpooQGQvfVq9IP3ganZKJ80rb4T1aaFEDY7UT0UfUfmsje1Dlz/NyNNuQPCC3wBN4XWPPppYt3x13Q7hUw4O77sPOPslr8m14krHoN9M7IyOin4BuukmfTigT/vODvlzz/ezVNX6q8Tx5erF3OikwD10hY6CetKY/qvsK54x9kxj/5fl1qirrjUid6/Hu3c/wWKUowzk9X4eeJchCg/pjB+IEpKxsaOcc8v7uHIoSNouRyZbA4pIKdpKNEosWgMPZOmt7uTNasGiagwn06jRKMMDg1x0YsupX9glRFXSEAvOcOXz++u2IkaO/ooYna8OXQSWm3TsugnjoCu1x7bQlZrAlVpUB6hhRbaClvkZR9B5qtMoXnR9dLmQzc3OflxyLwHJJVeSrn8uNkLG18+zhSvwqSFr1YU7Xx5WLs8POZd4U341Wz6ysfVah7LfFD5VsPDK85Vx5f0ggHmXQMPrzg75c8PzjVxqPUu169eKsI1uU7seLTjxSXObq87rzibAK/0lu+dGqwTFzjXXS/NUFcqwgWr72o41Luu+MHZLX+B6qTgnegkwOvOb/1uCp3Y1RWHOFcdZxk2WH23TP/lQN9WeLRtXXGjEzse7V6/PODcUnXFRb66GiF3xiuRilKMm9F17o+fiRCK6U9FCAVFCBQBY8eOcs9//5zx8TE6OmJoWo6ORIzBwX46u5J0xGMsLqWZW0yzuJQlJxUyWZ2F+UUmJybY9cST3H/vfUyMj0OeIyFUBCqCCEJEeCB5FhlNK8k3O3S2NX818PCtk9C8mRpF9Kxa6SwabuEEamihnSImNl6OevqrjSIk8s2KqJxENYrR8uOyWI1A2PjiMfJLmUIIjMNY+PJxFnGWA1p4u6bEbrxVWLs8POZd4cvwq7piXj7Orqm0GhdgvtXw8Ipz1fGmuIHmXQMPrzg75c8PzjVxEHZAO8O5Jo8V4ZpcJ3Y82vHiEme3151XnE2AV3qLuA3XiQuc666XZqgrFeGC1Xc1HOpdV/zg7Ja/QHVS8E50EuB157d+N4VO7OqKQ5yrjrMMG6y+W6b/cqBvKzzatq640Ykdj3avXx5wbqm64iJfffW5kOgqweN/5GqyagcCBfJ/xuNGkunUIrt3PcnB519gy6YNzM3OEY3F6e3to6MjgaIoxo7UTIacpjO/sMjY8eOkc1mi0SjRSJSuri7SqRS7n3iSExOTKEJByU/SCiEQCHJqggfEmpJ8iSXJrTrd9XXnWyehebeOLkQkttJZNNTCCdTQQjuFLHLlx1heqV1uQiwnUQuP572U7lcEV3xF1y5swCvRLbMDwg1/Jjy84lx1vCluoHnXwKPpdgrZ5V1lvK351UtFuCbXiR2Pdry4xLnhOyAc8tdwnbjAue56aYa6UhEuWH1Xw6HedcUPzm75C1QnBe9EJwFed37rd1PoxK6uOMS56jjLsMHqu2X6Lwf6tsKjbeuKG53Y8Wj3+uUB55aqKw7zlWoUbf0FRXwBnkkJZjqGECgIETF8fhJVQZBOpXjuuWc5Pn6M/t4e5mZOIoClpQxHj47z/POHmJqcYWFhyeAsAprMopFDComqGHtMZU5j8vg4Ox/byb333MP48XGM1IyJ2sLO19nEMPvSSkneWv9mdCXinMcgdBKaZxMI6B5Y6TQaauEEamihnUImRs5DbHttccUWUzNSMYlK5cpu/icasVzxl2UrwNL5CmndVnTtwga8Et0yOyCq5FsND684Vx1vihto3jXwaLqdQnZ5Vxlva371UhGuyXVix6MdLy5xbvgOCIf8NVwnLnCuu16aoa5UhAtW39VwqHdd8YOzW/4C1UnBO9FJgNed3/rdFDqxqysOca46zjJssPpumf7Lgb6t8GjbuuJGJ3Y82r1+ecC5peqKw3y1NeehdHQX42V0neeSm1EECAVUoaEKDSEEulDQcykef+Qhnt+7j8WTU/R0J9E1QSaTY35hnpn5BWaWMqRyOqm0zmIug4xKOruTZHWdo+NTHD42ydHRSSaOHuf4sWNMTE7xy51Psmv3HjKptJGfIkAI499C4fmurWR1uZy/GkUf2OycxyB0EpovE/FOiCVWOo2GWTiBGlpop5ip23/LmCylsIJuM4mK8Z2obnZA6PkvkW6aFV27sAGvRLfMDoga/Dla2XWBc9XxpriB5l0Dj6bbKWSXd5XxtuZXLxXhmlwndjza8eISZ7fXnVecTYBXeou4DdeJC5zrrpdmqCsV4YLVdzUc6l1X/ODslr9AdVLwTnQS4HXnt343hU7s6opDnKuOswwbrL5bpv9yoG8rPNq2rrjRiR2Pdq9fHnBuqbriIF9diaBv2FGCw/OZCLlIEiEixgyqMH5XSiqgKoKZqUmOHnwOcimGers5MT5GJptlPpVjISfIKCo5YCmTJZVJoeQUoimd3NwMajpFXM/RHVVY1RVhpCvGxoEu1vZ2EsnpjI0eZ2kpZbznFAKh5D/KLwTZSIIXcrGS/HP9m5zzGIROQvNtomdwpVNomEVWOoHQQgutsaZuvQqhKOhSR7FoKnVdoiim21Lmx5FvUjBuk78N+RXg0hVBKV34fJwKc7OiW6tZMYcVxgOWXrrw+QNUeDc7IOyaQqvm0jKue5wrvKjifeBsyZ8Fj35wdsufd5ydeu84O/W25lcvFeGaXCd2PFrF9YCzKx796MQlfw3XiSuc66yXZqgrbnQShF5McepfV+qvE8d6caMTCx4bUVf81+8m0IldXXGIc9vVFVf8BaAXK/5MPLZtXXGDs2MevePcUnXFgT7oW4eIJYoHyOo6B5KnIUQ+OUUYR5EghAJSpyMiWNXXRU7TiUT6WDg8zskT88yldYOhTIaY0OiIKCSFoCceZ/VgD1s2DzM80k+yM0EsGae/q5uokCQ7u3nkyWf44U/v58T4YWZmp+kZ7IM89uZr7/nurWxeepqYqhg4qzH07mHUuXFHr3e+dRKabxOROFKNgpZd6VTqbuEEamihnWoW74W1FyNGH6mYLC2ZRDU1Obqp2aFwWyzfNlYA875gouz+4uMWvljdysxtUbTz5WGlxOgxXHgsPDbebbNe7q2aSqyf7wXnCl8tjhCecXbKnz+c3fLnDWen/PnBuSZ/xS7RH96OdeIL5wboxI5HvzrxyKNXnN3y13CduMC5qfRSr7pSES4gndjxWPL8+tYVPzgHXlfszK9OAtWLv/rdFDqxqyt+ddKqdcUFf4HUFTc6aae6Ui+deMS53eqKNrilJM7hNOQ6OlBF/l6hGo8ICdL4FlQVnagCM7OLpLKCqelZNJGiO67QE1PoiQpGemJsXjPEhg3r2bhpLWvWrqe3fxXxjgSJziSRRAwlKlC0LOl0jt6hIY6fmOLuh5/ixIlp1m/ejBDGJKmCMK5xIBdJMJqLsFnRijjrXatR5o474tG3TkILxuJJWJxZ6SzqbuEEamihnYIWOfN/kRn9JYqo3HFa8Losv98odkZtMgqe3YogAJLi81ZsRddcRM1hhfGA15VdJyvzTbkDwsRfiRdVvA+cLfmz4NEPzm75846zU+8dZ6fe1vzqpSJck+vEjkeruB5wdrvjy7NOXPLXcJ24wrnOemmGuuJGJ0HoxRQn3IFqw58Fj42oK/7rdxPoxK6uOMS57eqKK/4C0IsVfyYe27auuMHZMY/ecW6puuJAH/StL4kzFunPx1Dy9ysIIZGoKAgEGlLm6OvtRlFjHBydIKIqdMYjnL99G1tH+hiMpFnbE2Wot5vBNUMkh/pQO3uIdXQjop0IJYqOQk7XUQGhwMjIKi65+FwefuoFFhbm0TWNaCSCEBi7XxXjB6SklIzFBtkiJoo468l+x693vnUSWiAmOjqRp8AEavgdqKGFdgqaeuZrjeKUL7bm7z7F1NyUfFcqIFn2UppuSwsvbLzVeLuqJi18taJo58vD2uXhMe8KL5dxq7miXj7Orqm0GhdgvtXw8Ipz1fGmuIHmXQMPrzg75c8PzjVxsHyXWwNvN3qpCNfkOrHj0Y4Xlzi7ve684mwCvNJbxG24TlzgXHe9NENdqQgXrL6r4VDvuuIHZ7f8BaqTgneikwCvO7/1uyl0YldXHOJcdZxl2GD13TL9lwN9W+HRtnXFjU7seLR7/fKAc0vVlVr5dg6gJ3qKcTK6xmRyNUIsf++oEAJFKMZEpgCpaWQWU8QiEbo6kwgk52w7jQvP3MKlF2zjkvNO5/S1g4z0JehKKEQUDbKg6FEUJYIUEk1m0WUORQOhCVQpSaoaa/q7GOrvYXFxEU3X88cWJbkIIZjqXEdG04p5y2gSPd7lCA/fOgktGIt1gKKudBZ1t3ACNbTQTkETg9tg8Axj8lTaTKJSuvKbf2b+//nbMn9bVHqpF1ZCKfVW4wvxKhK18HZNid14q7B2eVjl6yDvCu9m5bx8nF1TaTUuwHyr4eEV56rjTXEDzbsGHl5xdsqfH5xr4iDsgHaGc00eK8I1uU7seLTjxSXObq87rzibAK/0FnEbrhMXONddLx6uO684B6ITu7yrja+CQ73rih+c3fIXqE4K3olOArzu/NbvptCJXV1xiHPVcZZhg9V3y/RfDvRthUfb1hU3OrHj0e71ywPOLVVXauSbW3U6ilCKccYyIISSv6WiKCpCCIQiEUJFoIIOWk5DUQSJriTDa0ZYt3aEwa4E+uI8CqDE4uiRBEsyzlxKJZ2CXEpHZiWqngWySC2LktNQdBBIFJklGZEM9CSJCINng2sQwsjX/DetleIsk6sc4eFbJ6EFYgIBscRKp1F3Cz/CH1pop6ip6y4lO7EPRVn+oaiSj/NTulKMyWO6vbwS79Bj4UuqncmqreAKQL4P5Y8+jegoe9r8k/DwX6M/cLfluRvNl1P/JZSPvhZ+sgntYWkcVuY9EsGXUP7C4vFqTbufHRBlzy/i+uIfofzaMPLjl6LXwLnC1+CtBHeqeNf8Gb4Ebyw8Nt4Nj8V43nB2yp8fnGvqRNroxCXeTvnzh7NT/nzoxI7HajpxgbNbHr3i7Ja/huvEBc5NpRfPdcUdf4HpxI7HkufXt674wTnwumJnfnUSqF781e+m0IldXfGrk1atKy74C6SuuNFJO9WVeunEI85tVVfiyfxvVxhxZkUcMO8+VVCE8YPACIFEoKGQzmZIZ7NIqSAUGDtylM2r+olGYhDvZvT4BBNHR8nmJPGODtYM97J+9Txr1izS2R0DNcZCFhYWM+SkQiwOHSJNRtcQQhKLqKj5yVuZP/HyBZwTIskwqSLOuhpByZ9HXfuv0AIzEetApuZXOo26WjiBGlpop6p1DSPE8qSp1SSq+YekAIqrhmYvjSIsIV8U895UxAq3bX0+XoUJC19eJAH5ZC/6D/O3ey5HvPSvEa/8Nsqqa9F/WDmJahRsae1luV9OoOLxsgQFy3Ec74CwawqtmkvLuMu4G2DUxrnCW/FnwaOjprAWfxY8WuNejrOFd8RfqfeOs1PvHWen3tac6MUFf35wdsqfL53Y8WgV1wPOrnj0oxOX/DVcJ65wrrNePPC3ojoJQi+mOPWvK/XXiWO9uNGJBY+NqCv+63cT6MSurjjEue3qiiv+AtCLFX8mHtu2rrjB2TGP3nFuqbpSC+dkfwl/M2qn8ZF5BEIRKAh0kT8XIdEVQVbATGqBo8fH0VE4emwcmc3S1b2e1evWcmIhxb07n2ZmaoZMRmdufomuZITT1w1y6bkbOGfrWtCiPHd4kieeP8TkQop1a1ezbcNqpJAsptIMdXSg5vNAgPkrBaSU6LrOXLQXZGoZ5+RAEY9q/MVuuJ/IcCmGcvynZG+5kdyUPc72dg3xv7kesfsyUrdVPqq8/rPEXrQDJRE3jrV0DP2RL5O54277w1z+RRK/MYh2w7VkzP++5tskLxlA+49fJ32fmxzdm/o7dxA/d7DKiBPkbn09mSd8HCT8CH9ooYXWrqZ0jVQ0HyUf5yd/G+NxgMKKoU7p7eLjZi+lUnNFAAAgAElEQVRsvNV4u3IjLbxV02H2M/chf3wV+sP74PzPITZahLXLwyZv7M6zLAEzHhU7G6o16+Xeqqm0GleGK+AI5wpfA4+qeJt9BdBVvCmu0+vDUd41rjuvODvlzw/ONXGwfJdbA+9qzXoN/oLWtxUevnRix6MdLy5xdnvdecXZBHilt4jbcJ24wLnuemlUXQlKJ3Z5VxtfBYd61xU/OLvlL1CdFLwTnQR43fmt302hE7u64hDnquMswwar78Drigv+vODsq/9qp7riRid2PNq9fnnAuaXqSq18hVKSr6Io+T8VgTFhaUzQGibym2YWFpc4cXKW2dkFEtEIF11wPhdcdCF9A308+fhjHB87Ts/gKtZvPR3iMV6YmOeRPYd5+PF9zKV0Ts4s8MyufRzc/zyahJHuVQx1D5LNaOgSunt6iEQiRa6FyE/cQ3EiNX/T9XUHIA98gcUbLmPxTy5j8XNfRu++iugbXlMVZy8mXvNV4ldsh903sXTDZSze8CbSP9mDWLvdW8DbrmXxhvpPngLoBw5Wh2L2IPohnwc5BSZQwx2ooYV2qlrnCFRbyWV5UlXJr/AVd5rmq9XySuxyAZQFLwsr2nVe0bV7/K5vw/mfRpwP8hBw2qdQXn0trOozhqf2IX/2W+g7DyLEJsRvfhdl+zbjsdwMcu+N6D/453zRFbDudtQ/uwoRAXKHkD97LfrDh5cPXP74ox9Cv+tnBo59b0K84VMo60eKx9bvfhPsPGzgffHXUV72KkRXHwBy/pfIO66CAwJ56Q9Rf20T8tGTKBecjzj5LbQvfwB+9YeoF19RPJ7+TL7iOcC5YTsgrPix4NHPTpMKXy2Or50mTr13nJ16W3OiFxf8+cHZKX/hDlT3/DVcJ65wrrNePPC3ojoJQi+mOOEOVBv+LHhsRF3xjnMT6cSurjjEue3qiiv+AtCLFX8mHtu2rrjB2TGP3nFuqbpSC+dYVwl/S5FOECBEnmexPFkpgAgKcUWlK55E6iAVGBwcYMeF53Palo08/D8P8PQTu5iZWWR2MUv/qlWcc+5ZPPH4bhanTzK9kCPeO0T3UAcjL0yxd+okc5rO0lIKchrd3Z2MrB6hf6AfNRJBKgKEnj8nSjhcinZD+ngRZxlNFvGoqhMzDxI4diva0bejDlwEGweJvfntqMPdBj1L+8l+6x1k9xo7V9W5L7D0FWOb6fJtK5IBdhC98Fw4+K+kbvtx/r4x9PtuJJWfABUv+Rjxq69CSQDMoT/zddK33GYv0/LdqOdm0KZWo67rNp7/wI2kvvcQ8GKiH/wo0U2DQBr9mT1w1hnI//h10hN/QPyNv4k6EAfSyNE7SX/+M+hlh5L3XUeKL9LxGxcVL9WiLT1G5u+vIzdtl6hDOwUmUMMdqKGFdopaYQcq+cIFovS2NDU5+eqk573EWAs0rwhKSXGceUVUIktuFx83e7uyIi28VdNh6X+ETAF97zPu6+qF459G//tecp84D/14L+KlNxrDN96I2N6L/N55aJ/sJXfHt6BjWzFv6EVsiqN/oxftE5ejjfUgXvo50wHNj5+HtjcFL/48YmO+2XzDl1BW7Uf/Wi/aJ65AOwDi176N6Mnj2xuHvR8h9/FetI9fgUxdgnjZh4tNJWxEbD2M/u+Xo335A8jTbkV58SXwzDvJfbyP3C23IDZfbqTqAOdwB2qV5h1ROa7Wm60ynYQ7UJ3z52unkB2Pdry4xDncgeoe57rrxcN15xXnQHRil3e18VVw8KUXB693fnAOd6A2UV1xw59dXXGIc9VxlmGD1Xe4A9UaZxPglb4Z6oobndjxaPf65QHnlqorNfKV8c6SfBdjfcbBhUQoFP8QIv/Rfp2Y1OkkSlyJsTS/RDQaZXj1EKlMmonj46weGmHV0DBDIyOctnUzv/XG1/Hbr7mCC7ZtREtlmJ9fpHfNID3rR4gNrmJsaoqOoT6ePXIIYnGG16wlkehEYLyrUSQoFCZyBYpiTEmlOvpKzz+acIRHCQ8CxJb3oq7tRk49Bof2oD/wBVI3XMbiDb9Ddu4MIldeYw18TbsaZQDkuN0M6zXErr4KcfTLLN1wGUu3PgRnvZf461c7P0RiI+LQTSzd8CYyBzIoF76dCKC87QaimzLkbn0Tizf8PrnoGcWJvMiVV6NGHjLO8XM3oU1kbMPL+64j/cuynajZg+S+FcDkKYDS/tOL4Q5UDFHOZheZzSwyl10ko2cBiCgR1iUH6Y91r3CGoYUWvImuYbBrSspXiIUAWVgRNa0EFnytFV2ljiu61R4325PvR38yP0wcRu7dh3zZiKnuxhGrNyGfOoR4+iPoTy2fN6SQT7wOxgWwC57ajfzVjSV5ywPvh+MCOATf/zRy09cRL74C/dDVqOtB3v9aGBdI+STi+9+AP/4U4uWb0O84iPj529GKuD8Jo/tQ1p1RxB+OI+++Fp4zbisvvgRx8qdo3/++wcv4F9CefRuRC43zdrzzoRp/Jh5tm8AaK+iW/Fjw5GenSYWvFsfXThOn3jvOTr2tOdGLC/6afqeQHY9WcT3g7IpHPzpxyV/DdeIK5zrrxQN/K6qTIPRiihPuQLXhz4LHRtQV7zg3kU7s6opDnNuurrjiLwC9WPFn4rFt64obnB3z6B3nlqortfSBiU+EEU2IZSwBtXBOQhJBY3riKId2P8n29evYd+gwiwuLSDVCRyLKOWds5JyNq5mYPEFWk6xZt5qOmSO85PS1ZMePsf/AHONHj7Ft2zYu/ZVLWbftdFJZnaH+PjpjMHbiBJHRWdRoBBkRIIzvYRUFoARFDs3nL4s41H69AxBbryd50/X5CGnjO1C//2Po/02UX3kv0av/AhEtHOEMKxb920uuQEmcQH/gVoPWJ25E/9X7UTf+Jkw5jLG0h9z3jO9SzU3NE9s6iAIoa9fA6L+TeWIMgNzj+4luNc5DOzqG3LqD2Hs/hbb3B2S/dXPVlwX9tj8kO/DPxLYau1y1O/+QzF7PZ33K2Sk9gTq6OMl947u59/gu9s4e5mRmnrnsUnECNa7EuPWKP+PiwXACNbT2M1H2HaiFH4wq/oAUpfcXq7wUIIzbeqHpMboLW6/rOkJRinEqfLGLKDOnTYelfy2iAzj4ZeO+wkf4+/qMj70DpO5FAvLg76I/fDvKRd9FfSnI+X3Ie96G/tghjHqegoV8gQdkxQFPwvFDy2nJ2xGpr0P8XAR9+eebm7wvIec/hei9GsFXkDtuQX35VdDRu5zb5CPFphJm4CnT8yNxyM2W4nx8HMlwsRGphnOFr8GfM7wtzGHzaJyXCd9yj403P6+WL8ar0bxj5snhmy2T94Nzibfir6hDf3g75c8fzk7584ZzVR4tnu8FZ7c8esXZLX8N14kLnJtKL37qykroxI7Hkuf70IuD1zs/OAdeV+zMr04C1Ys3nJtKJ3Z1xa9OWrWuuOAvkLriRiftVFfqpROPOLdVXUkvIDu6i3wlMrNkkwMYk6gYO1CLp6CAzNIRjXDahg10D/Yyl1pkcnGe0cOH6du2ldXDg+izJzl94zlEI1E0PYfMaUyMnyCztIhEJ5teQs9mSPYk2bpuNYupHLFEnFhMMDkzS0csTjwWR1FUdCRSASnziMoCEJKO1HTx/EFAdrHktq1OAHkg/1F8M84A11xDZHie3L9/kMwjzxL90P1Eo1jYDgczY3eiT12NuvYPEFSfpGykyTveQWr3NUSuuAL18k8RvXIPmb+6jpztM8bIfeVGxO/9LsrE10nfNxZcMnr5Fwe0n7X/Hlsbe27+GL/933/D9Q//A989eA+7pp/n8MIEg/EepC5ZzKW5cGArFw6cvtKphhZafSzeW9IklPyAlMhPjorl+wHMK4EFL6H4eKGpEPmmz9Jj4a2akeVwpb68GbEb9+proWMfsrDr9NXvR0TuRv7beWif7EP7yb359iSfx11vQv/sarRPXIU8IBBXfwul0Lxil2/B98HIxmVcxNugA0jvRnIS6IBOc/P3fkQXMHMnknegvupNcPLr6N/oMz7Gv+cQmJpKw/LPRyJyaegYLuYnhICRYePoDnCu8HbjrZp3O7ytrNp4U1yn14ejvGtcdyU7Guya+PJx1Zr4snF+cK6Jg7AD2hnONXmsCOcd5xJfBQ+vOFfl0Y4Xlzi7ve684mwCvNJbxG24TlzgXHe9NKquBKUTu7yrja+Cgy+9OHi984OzW/4C1UnBO9FJgNedV5ybSid2dcUhzlXHWYYNVt+B1xUX/HnB2Vf/1U51xY1O7Hi0e/3ygHNL1ZUa+Yr0XEm+ndqicX/xD6QAXQGBAiJCJNFFR1cfu5/YzZ6dj3POlq0M9/ai5pOen59naXaWGDniKgiMjTazMzOMrF7D5tM2o4gcei5DLBqlb6CfZDIBmo7QddatXk1PZxcKIBSBLgR6fhZKCElhAjWRmy85fyW75AiPEh7KcU7lP84+9yyc+VHU4eXhMguif4eR1wXXoAxY87FsO8k+vhvWXU38mtfkD7Ma5fKP0fHeP0A8eC/60iDKr7wdAYgLPoYynEYe+kGtwDUtd/QYrHsZsQtWA6cTedEZxdNUXvPHRAYeI/sv15G67SFkYhPqBbUiPkT2lveQvuMh37mVmGY/bdsudkpOoO6dOcx7Hvg8z80fA4wfxrli5Dzeu+11CARLeoaBeDd/ft5bUcUpCVFop4iZV/CEKJtEJX+bwiQr6PkqZf4u1GKcci9KvURajzPFqUzQwpc3I+WP916O+PWfoly6DZ74M+MHpIDiMtzMIWTPGxAXXYIo5H/eLSi/9T7okSB2oZ9IAR2F5dHiASrzXc5bbP0SjEhgI7zhQ4iufciH7kXwEfQjIC7+EQxLhNgEb3gnRHYhf3EQwSwyBzCDHJOIkQ+jbNoIpqYyf4TiSrt+/33IrssRb3iDge/w9ainbysMq4lzhbcbXzj/aniXwlBq1cab4pZcL37zLo9XFtfxDohyb/cmrGycH5xr4iDtgHaGc00eK8J5x7nEV8HDK85VebTjxSXObq87rzibAK/0FnEbrhMXONddLx6uO684B6ITu7yrja+Cgy+9OHi984OzW/4C1UnBO9FJgNedV5ybSid2dcUhzlXHWYYNVt+B1xUX/HnB2Vf/1U51xY1O7Hi0e/3ygHNL1ZVa+Uq9JF9FWZ6lVUT+w/PCmP8QivH9o/GuHjr6+5mfmyG9MM+q7m7WrxpGS6WYmZllfGqaqekp5udm0XM5YvEoItnDxHyG/rVbmE9LZk4usLiwSC6bQ8gcUsuSzaZJdsQYGR6iIx4zjln4k9KYPM3/CUWiKN6uuxIeynG+48tkR7uIvOt+kr+zHTk+Vxye/fGd6N0vo+Om+0m8aQ3MWvNRws2P30P63j1w7g0kbrqf5E23E//V7cije4DbyNz5U+Ta95G46X4Sb38xPPMV0nf43+Gpf+sm4zzefjvJm75GZOmg8SNRORDdFxF547+QvOl+ku96MfLAnWSf8H1Ibya1FTpw4+yU/Aj/Px/4CbumnwPg4sFt/P6213L3sZ3c8uyPyeoG6W8/7SrO69+ykmmGFloDzGg6lPykaeHj+xUrvpSuvJq9hPz4vJfkP/a/fLvo7b4LFWHdQzhZ0QXEBTMlK21y/kn42bXoD969fN/Pv4R8ze+ifHAGhePGd6B25c9jYRwG/wzluk8bIXMzyEffiSyubJpXOksnNQ2bQR5Mo7xzxvgIfu4Q+s+uRR7K4/j996O/4VMovz9jPCO1D/2/rkXOCiS3wz2vRbzyr4n85V9Dbh/yhUPQt9xU5s9gmZdDv4d293dRX/4NIn/5DeN4z9wH5w6DFb5lOFd4UcVXawKtmsJa/FnwWMTVzucHVnhh4avFsWq+rZp4NztYKrx3nJ16W3OiFxf8+cHZKX/eca7Co+UOFvc4u+LRj05c8tdwnbjCuc568cDfiuokCL2Y4vjSi6PXu/rrxLFe3OjEgsdG1BXvODeRTuzqikOc266uuOIvAL1Y8WfisW3rihucHfPoHeeWqiu19LF0EtG/ochfT3aOwm8DCWEcU0WgSoFEQRMgEh30jAzRNzjAhlyW5/fuY9vpp5HsTbKYyTI1t0QUSW9Xkniik45EF/fvfphnxmd57ucP8fiuBJduP53tZ21j27lJREQFAbqWIxJRiKkJ5qUCipLf1ZrPBYlAIoQOSHqys8Xzl4CSni+5bcdf5jOXVcH3IbJf+HWyVsTt/SSpj3zSilHSf3Wb5f0A+h1/ROoOmwcfvJHUgzdW3n/fdSzdV+Pft13Lovmw5tv9a5BP3MjS5x9Cshr1bX9PPDtG9kHQHryWJft0G2ta+0+gCmm79NietphL8+Z7Ps6u6ee5dssruWbzy/nuwXv51+fuIq0Z3326qXOEf7n8Tzird+MKZxtaaPW1mb/uLhZlpbw4I0BUNkslbUn+u1DNxRuRf9x0e/l+qN5FlFkQzaOFSev0qns36RSbLR/NupW3eL5twm4yrgmAN5w9Hd41zm7584azU/784eyUP394O+XRH85tqJOaPHrD2S1/LamTZtJLS+qkMXrxh7Nb/tzh7JY/1zh74tHf69KppJOKsHXVSwvVFTc6aSa9eOKvRXTSBHrxg7O28UXoW15SvH00K9g9sANVVYmoEYQQCCGIiOUJVF3miCzMc+jxXxLVNI4ceoGzt5/FOTvOYf/+Z3lm1x56opKNawZYt24t3QND/M3nbuGXzxwm3tHJ2VvWcPnF53HB2WewcfMmIh0xdJkllV5kLqUxrQ6yJONIEQEkAh2EjsSYOJW6RNd1zj/+SwbVZcAix59CnT7ogEdvOLeUnfkHxN94NcqA8f22ZI+hPXhT8B/B92n6yTFILax0Gr7s2T99oOrjp9wO1OnMHGsTg7z7jKu5cOB0/viRr/I/43vI5bcbj3T0c/OlH+DM3g0rnGlooTXA8k1Iyc5TafpBqRKf31lKoQkyeSHy4Qors0Yxq9jhIFgeZ36cOq3o2hRRyxXdgpcufP4ALbMDopw3E3+23k9TaMWfBY9+cHbLX9PtFLLSQw1va371UhGuyXVix6NVXA84u93x5fvNk0P+Gq4TVzjXWS8e+FtRnQShF1OccAeqDX8WPDairoQ7UN3z2PR1xRV/AejFij8Tj21bV9zg7JhH7zi3VF2pgbM6eQB9y0uKcYYUDYFifJS/+JF5gU4EY6NM/uP8ySRrt2+HuVmOToyx//lnOWvH2SQSHUSjMWYXZhifmCKRiNIRj3L2hhG64knWrN/AjvO3c9qGNXR2RJGahpbNoGmLZNMpMnoCTY2AUE3fHVn8AlSQksIEeI8osGbgrC5OFc+jrjppBdt7M+lP3bzSWVQ1iYT00kqnUXc75b7gM6HG+aPtv83rN7yUm5/+Pvccf7I4eZqMxPnI+dfy4qGz8y9coYXW3lZoOnTdKKYyX4UK331q/i5UyL8wmnzxfmncI023ETa+fJwpXmWCFr5aUbTzFudt6z3kXeELzaHZV2vWy71VU2k1LsB8q+HhFeeq401xA827Bh5ecXbKnx+ca+Jg+S63Bt5u9FIRrsl1YsejHS8ucXZ73XnF2QR4pbeI23CduMC57npphrpSES5YfVfDod51xQ/ObvkLVCcF70QnAV53fut3U+jErq44xLnqOMuwweq7ZfovB/q2wqNt64obndjxaPf65QHnlqortXBenIalmWKcmKowsHDUdECJyE+iIgynCAWpqsT6BokPDtM9vJa+VSMoSgQ1ohJPxklrkonpOUZHjzM3O8PGtUOcvWUtw11RUlPjHNq/l+f37WNycpKcrqFrOTRdkBURdKEa378qjElPY0LYmCgF4/bA/CjR/Pe1SiQiuwjpWUd4+NZJaMFYJgVSX+ks6m6n3A7UgXg3/fEufj72BI9PP8fV61/Cad1ruWzobHYMnE5frGulUwwttAaaMTmqlDUlVt+FatRckV9dFfln573FiiByeWXQ7IvjzfdTpxVdmxVHyxXd4nm68PkDtMwOiDzODdsBYcWfBY9+cHbLn3ecnXrvODv1tuZXLxXhmlwndjxaxfWAsyse/ejEJX8N14krnOusFw/8rahOgtCLKU7960r9deJYL250YsFjI+qK//rdBDqxqysOcW67uuKKvwD0YsWfice2rStucHbMo3ecW6quONCHMjOKTPQW4wxnJpll/XJ8kZ+8FMvH1FHJKQI10cPApq1oJyeIxTuIxlRiyRgyFmV2Pk1kaoGR6Xk6YhGEtkhfsoveZIzOziSxZBI1HkMKSQ5JhggZ4oCaPweTSYPbgq1aGl/+rQwEyuK049c73zoJLRCTLf7RfafW/hOomQVkLoNI9IIwNtwKqfMKJc4Vog95cA+69iii73GUoTOQZ1+N6Fm7wkmHFlpjrGKyVJp+UKpWk2P2RndR4bG4v3AcMPlidStPEHdF0c5bnLeRnguPhcfGu23Wy30VnMufb4V7Bb5lOFf4anGE8IyzU/784eyWP284O+XPD841+St2if7wdqwTXzg3QCd2PPrViUceveLslr+G68QFzk2ll3rVlYpwAenEjseS59e3rvjBOfC6Ymd+dRKoXvzV76bQiV1d8auTVq0rLvgLpK640Uk71ZV66cQjzu1WV8TEAeTqc4pxVispXsil0GMJjIlMAUJSmNSUgJASiYqmROgZXs2CzKJGI6iKTiweQVcizGUkyY4IC2mNwaFBQGfN6hGUSJxoopOhtRsQHXHSuQU0TSejR9EiHUjUPGqieL1RyAOJmksxLNNISRFnZX7MMY++dRJaMJZeXOkMGmJtOoEq0Y88hvbsf6MffhRyKUTvOpQtl6Gs24Gyaisk+hFrthu/sj22G33fT9H2/D+0p+5EPee1qOe8DtE9stInElpodTUh8pOl+UlURTHtSMXiO1CL5U8gMW5LufzdqOQLcXGltrCSKMy+cDzT/fl4lQlaeDdNirmIlp03SGsvXfj8AVpmB0Qe54btgLDiz4JHPzi75c87zk69d5ydelvzq5eKcE2uEzsereJ6wNntji/POnHJX8N14grnOuvFA38rqpMg9GKKU/+6Un+dONaLG51Y8NiIuuK/fjeBTuzqikOc266uuOIvAL1Y8WfisW3rihucHfPoHeeWqisO9KHMHkPPphDRBCCJKSobZ/bzwtD5+YOaEwAhASmIALqAWCKB0t+DLjWiqiAWjYCisKRJJuYW6JmaIp6IM7RuNd29vaiJLkS8G5GIoyHJ5nQWM1myIkFOjSOFgoq0vVg3Tu8lqgjy6SP0HMrcuOPXO986Cc23yVwG8j/I3u7WfhOoeo7cQ7eQu//LyPQcRDoQiV7k3Bja/rsRHT2oF15DZMdbULe/HnX76yGXRp/Yj/7cPeQe+SbZuz+N9tSPiF55A8rmXymGllIyNTWFrmkMDA6i6zrPHThAJpPhvPPPL46bnZnhyOgo83PzJJMJhodHGBoeyr/4LdvMyZNks1mSnZ0kEgnGxsY4dvQomqazes1q1q9fX/EcgGw2y9HRUaZPniSXzRGNRYnFYkRUFSklAwMDrBoaWoZE1xkdHWV6aopUKk0i0cGGjRvp6+tbPjckz82NAZK1yUESarzkmGkty9GlE+R0jc1dIxxdOkEql0HmX400qRNToqxNDtIZ6QBgIjXDc/PHuLB/K3E1akvZzqlnGeroZX1yyHZMaPUx88f3iztPFdNtKfOTpEb1kUiMj/GbbhceL2tmsPNYeFMRLzG3RdHOl4eVMl+kXXgsPDbebbNe7q2aSqyf7wXnwHcK2TUlDvnzh7Nb/rzh7JQ/PzjX5K/YJfrD27FOfOHcAJ3Y8ehXJx559IqzW/4arhMXODeVXupVVyrCBaQTOx5Lnl/fuuIH58Drip351UmgevFXv5tCJ3Z1xa9OWrWuuOAvkLriRiftVFfqpROPOLdbXSGXQRx6DH3rS4u8rZULHMml0WNJ0zmIohNIFClBKOhCJdHTixZTyWk5OhSVRDyGFArHpmZIZTUSkSirhraS6OokkuxEjcdRlAy5dIb5VJaZdAzR3YciIugCQC89JsYlrubSrMnNgaIUcVamXiji0JD+KzTfJmcnVzqFhlmbTaBKtKd/TPaem41dp4k+Ipe8A7F6uyGy8b1oBx8k9/A3kCeeI/aGL4BQIRJHWXMuyppzEX3rydz5UfSjT5D50Z8Tv/abiP6NAORyOb765a9w+NBBPvGpT7Hzscf420//Xzo6OviP//dDhBAcOnSIW772j+x68knm5uZYSqW44IIL+KMb/pjTtm4tyfY73/kOOx99jP/9O/8HRVH42le+yuM7d5LTcpx99jm8+/d/n5df+QpUVS0+J5vN8r3bb+cH3/8Ba9euIZFIsm/vXk7OzHDWWWexuLjIa17zGt74W2+iMPl6109+wjf/+V9QFIWRkREmJycZHhnm9971Ls486yzj3HSd6x7+IlJKbnrRezi3b3NJrkcWJ/mTR7/GdGaOf3vZR7lp9208MX2AbT3r2dQ5wpPTzzGTXeDK1RfygbN+g95oJ/eP7+azT32Hf/yVP+Ss3o2WjM1ll3jvA5/nfWe9nnds/dXAroTQnJm5GamYTJWmj/eXFdpqK4LLcbHZgWrh83EqE7TwbpoUcxEtO2+Q1l668PkDtMwOiHLeLPir8D5wtuTPgkc/OLvlzzvOTr13nJ16W/Orl4pwTa4TOx6t4nrA2e2OL886cclfw3XiCuc668UDfyuqkyD0YooT7kC14c+Cx0bUFf/1uwl0YldXHOLcdnXFFX8B6MWKPxOPbVtX3ODsmEfvOLdUXXGoE/XYLuSGCyGWRCCIKQobTu7n4NBFIJX8wUUxthG/cHRBRI0hs1kmJ6d5/oUjpNICJZIgq6Q5Pp9j1/6jaGqU05agf1WKZFcniqqwkNYZX1To6FuPpnYiECjoICRI07GMC4/1U88QVZUizmhZIlMHizg0pP8KzZfJ9AJkllY6jYZZW02g6qYXzB8AACAASURBVAcfInPnR43J0/5NxK7+BMrmly4POP1KIi99D/rBh8neezO5x/6NyMVvL4mhbn898eGzyPz7u5EnD5P5jz8k/o7vAAJFUXj6qad49JFH+M6/38bP7v4pF110Eal0CiEEo0eO8IW/+xxvfutbufFvPoaiKNx/33186hOf5MPXf4ibPvsZtp15ZvFYo0eO8NO77qKjowM1onLd9dezatUge5/Zy5/96Z9y/XXX8fkv3syrrroKACklf/GRj3L//ffxxX/4B3bs2AHA7OwsH3jv+zh58iRf+dpXSSaTACwtLvHtb32Lz950E1/80j/wspe/nGg0ipSSj3/sY7zlt6/hpr/7LFe9+tVEFZV9M0fQ0cnpuUpspc6+2cNMpGaIK1Fmsgvsnx3l/We+nrdueSVZXeMf9/+Ijz9xK0+dPMitV/w5x1PTHFoY518O3MUnd/wuihAVcb+y9w4OLhzn8MK4X/pD82DlH98vmUzF1ORIUxOD8bgQAr1wW5f5yVKjGOarYMX9DV/RtSmWrlZ0Cx4Lj41326yXe6umEuvnY+er4BzuQHWPs1P+/OBck79il+gPb8c68YVzA3Rix6NfnXjk0SvObvlruE5c4NxUeqlXXakIF5BO7HgseX5964ofnMMdqG1WV/zqpFXrigv+AqkrbnTSTnWlXjrxiHNb1hUtC4d3IrcacyEC2MgCJxbHWexaTeESo/ioyKdj/D8iJKQyLM2l2LP/IKMTs4h4N6gxdC3H3vkMx2b2cuDwBGvXDdE/0Eeyu4tk/xDJka3kZNxgVddAWT5RA0vDkvNjbNDmS3hSp14APeOKR986Cc2zSSRybmql02ioKSudQGAmNXKP3goZ49e/old9pHTytGgCZdOLib/5H5HTBy1DKUPbiFz6TkCgj+5EP7Kz+FgkYsw579u7ly9+6Ut8+qa/5fM33wxAsrOTP7rhj7n0xZeiKAa0l11+OW++9q3s37ePH//ozpLjdHZ2ATAxMcHffuYzXHDhBaxbv55XXvUq3vXud5HJZPjpT+4qjn/66af5wfe/z0UXXcSFF15YvL+np4dfe82v89CDD5Yc44EHHuDmz3+eV1x5Ja+66iqiUeNj9EII3vO+95FOp/nnr3+ddDoNgCqU4l8FJqb7o0qEZP4j/hElkr9P5Yrh8+iOJnho8mk0qTO6OElGy/FfR3/JL44/URFzIZfilmf/08AgNWPJRWj1NXMzouvLxagwWVooWuaVV7DwwsJLG192fHOcygQtvF1TYjfe5ry95F3hq+DheOW8fJxdU2k1LsB8q+HhFeeq401xA827Bh5ecXbKnx+ca+Ig7IB2hnNNHivCNblO7Hi048Ulzm6vO684mwCv9BZxG64TFzjXXS8erjuvOAeiE7u8q42vgkO964ofnN3yF6hOCt6JTgK87vzW76bQiV1dcYhz1XGWYYPVd8v0Xw70bYVH29YVNzqx49Hu9csDzi1VV1zkGzm2B7FwsgSP8+aeQc2lqJxVNN7r6UIBqRCLxcimMxyfmGHi5CLT8ynGJqcZm5xmblFjSUkyr8U5OHaSZ/Ye5IVDRxHxHjoHN5ATMbRIDKmAEhEIRUGUzS+ouRTnTu8tzTu7RGTyWdfXnW+dhObdUvOQy6x0Fg21tplAlSdH0UcfB0D0rkPd+rLqT4gmiVz+QduHlS0vRST7AdD2/XT5flVB0zTecu1bGRkp/ZGp/v5+1q5bVxFry+YtSCk5ceJEyf2xWAyAq159VcVzLrviCgCOHj2KpmkAHDl8BICRkZGKhmftunUIIdi/fz9grO7c9V//RSqV4lUW8YeHhzlj2zZeeOEgx44eNc5NKMW/cosoCqpQEQgUIUhEjAnUmLK8iXkidZKUluUlQ+egCoVjS1NEFJWJ1Em+tu9H6KYVp7SW5ZsH7iKnG+c2mTqJJnVCa6wVJ0+tVtYRZSu7+VWmvMfspYUXNt5qfEURLyRo4e2aErvxNucdZN5WeFTsbLBr4svH2TWVVuMCzLcaHl5xrjreFDfQvGvg4RVnp/z5wbkmDtIOaGc41+SxIlyT68SORzteXOLs9rrzirMJ8EpvEbfhOnGBc9310gx1pSJcsPquhkO964ofnN3yF6hOCt6JTgK87vzW76bQiV1dcYhz1XGWYYPVd8v0Xw70bYVH29YVNzqx49Hu9csDzi1VV1zki5ZBPXAvMv/pUokkqgjOG3/I8hSkEGQ1yYmZeeLJAU4u6UzNp0mnJZqmoOsCLaexuLTE3NwMM7PTRKIqZ569jcsuv4wtW04jEo0CAokAITC/uxdCFP/OHX+YSH7KoZBvZPzp0vN3eN351klo3kzLImdP1B7XZtY+E6hzx5DzEwAoa88HNVbzOaKj1/6x5AAkBwDQjxq7J4UQxcnF0884w1FeuVyOp59+CillcVdqwSJRY/Jxzdq1Fc8bWmX8oJKen2AE6OzsBIzvQS232ZkZpJTFSdnFxUX27t1b/PejjzzCriefZM/u3Ty+83EeevBBVEVhYX6ehQVj164qFDRdZ+/sEXZNP8+eky8U//bNHCGr5yjM2xYmTgu7Uh+fepbPPX07W7pX87ELfweAQwvjXNB/Ghs7h/nF8SfYc/L5Yr67Tj7PV/f9kLdsuRKAqcw86VPkl9uaykT+Y/ZWk6csr+wWiLdaEZSQf573FdK6rejahQ14JbpldkBUybcaHl5xrjreFDfQvGvg0XQ7hezyrjLe1vzqpSJck+vEjkc7Xlzi3PAdEA75a7hOXOBcd700Q12pCBesvqvhUO+64gdnt/wFqpOCd6KTAK87v/W7KXRiV1cc4lx1nGXYYPXdMv2XA31b4dG2dcWNTux4tHv98oBzS9UVl/kq04dQnnsQ8jgDdKmCM8YeqDwFIZhfWGT/cwdROnpY1DuYzwjSmkSX+feIeg5VzxKTGdYMdnHFZZfwsitewuqRVUQjAlUYsYTUKUx9mucvhYAzjv4PnaI0X3VyP+r8eOn5O7zufOskNPcmdfTpMTDNVZ0q1jbfgSozi5BfXak2MerYhJJ/UQY5e3T57rxgI6YfdjLbzMmT/PznP+epPU+RzWbQNZ3Z2VmEEMWP0BesMBlbfr9xHMOr6jJFOy7awbr169i1azezs7P09PQAoGka9/ziHoQQvOLKVwCwtLREKmV8me8TOx/n0MFDqKqCrkv0/I7WC3ZcyMWXXEL/wEDxGFmZ4/7x3Tw3d8yYUJUamtSZTs+R0pa3Z6vCOP//78lv87mnbmcht8Rvb34F//u0qxju6APg2OIJXr32YtYkBvnMntv48t4f8qWXXI8mdb554C5UofLubVfzT/vvZCG3xKKWIpnf2RpaY0zKsh+OMn8naqFJKWtuKHgpQORvG7OnRW/e0YoQYH4c68lay+pmVxSdrjTarDgax3fpsfDY+Go7Hso9Ft6uubR4PnYeC4+NrxanvDlxgbNT/vzh7JY/bzg75c8PzjX5kzY6cYm3Y534wrkBOrHj0a9OPPLoFWe3/DVcJy5wbiq91KuuVIQLSCd2PJY8v751xQ/OgdcVO/Ork0D14q9+N4VO7OqKX520al1xwV8gdcWNTtqprtRLJx5xbtu6ko+jju5E7xogt/os4zcukIyILJ2j/82e1b+CFomDkKQyOSanZpieXWTXsy8w3D9EdGAV2ViczFIGdB1V6kSEZKQ7wTlbN7B+9SCqkEg9iy4VdFSkEAh0hAQdECiAjppLsX3sAZKiFGdlbozI5LP2r3M1ePStk9BcmUTCzPgp99H9grXNBKrZzBOeni2zYEzKAmiVP6pkZXf84D/43N/9HRe/6EVcd/0fsHHjRoQQ3HvPPfzXf/5ncXdowfT8R9aNF49SK9wVi8WKO1eTySTfvPVWbvzLv+K6D3yQa992LZ2dnfziF79g3759fOmrX+Giiy8GQFVVFMWY5LzuQ9ezadMmR+eQUOP83umv4Zy+0vGHFya4e2wn8zljUjar5xAIrjv7N/mn/T/m8MIEUuqsihuT1zOZBSbTM6xNruItm1/BQ5NP84PD9/O+M1/PopbmgYk9/Mm5b2Z1xwBxNcp8dom57FLx+aE1xoTI/2CUycuCZ7lJUQrFSQoQ5JsdkxeVHpm/Lcn/kJTpthDF40u5HKcyQQvvpkkxF9Gy8yZ/fhVeuvD5A1R4M364aAbNTaFVc2kZF+e+nLcq/BW9D5wt+bPg0Q/ObvnzjrNT7x1np97W/OqlIlyT68SOR6u4HnB2xaMfnbjkr+E6cYVznfXigb8V1UkQejHFqX9dqb9OHOvFjU4seGxEXfFfv5tAJ3Z1xSHObVdXXPEXgF6s+DPx2LZ1xQ3Ojnn0jnNL1RWPOlGevQelow/61hTx7lIE248/wLO9ZzMTH+To2AnGxk+gqDHu/PFPufKKFxHt7kdNdiMXs8hMGlXodHd1cv5Zp3HGprWIXJpMapFEpAtN19EQZHRBTJUINDQUBAqd8+NsPfkUSVGKK0uzRI7tNs7b4+udb52E5srk/DSkFlY6jRWztvkIv4h3gWrs5NSP7ITskq94cn4cuWB8p4Po6F6+P99lmL/PE4xdoP/3058G4EMf/jCbNm3Kv9hBNmtMwCplu1YLO0GtGpdcftI2FosV4wD09fWxbds2tp25jRMnTnDg2QNcccUVfPd7t/PKV76yOK6rq4v+fmMn6KGD1j+WVW6a1JE2ry4SWZKnnh/bocb44qUfJK5G+cd9d/LQpPHdJUcWJ9ClZCjey7rkKt6z7XXoUvKFp7/HF566nR0DZ/DGjVcQV6OsiveykEsx75Oz0Nyb1cf3Cx5panLy5BeuD53S28XHzV7Y+PzjhT9znAqTFr5aUbTz5WGt8nWYd4kvx8GER8XOhmrNerm3aiqtxgWYbzU8vOJcdbwpbqB518DDK85O+fODc00cLN/l1sDbjV4qwjW5Tux4tOPFJc5urzuvOJsAr/QWcRuuExc4110vHq47rzgHohO7vKuNr4JDveuKH5zd8heoTgreiU4CvO781u+m0IldXXGIc9VxlmGD1XfL9F8O9G2FR9vWFTc6sePR7vXLA84tVVc86kRoWdSn/xNOjiKlXsS9S8D26T30H3qUZ587wsGDo0xOTjI2dpzbb7+D0aOTZHWBEksQ6+phZMNmLrjoEi6++CLWrxmmrztBNKIi1Biz8xpqtIex8WkKu06F0Fg7vpOzp3eTFHppHViaITr6GOQ/5er1uvOtk9AcmkTOn/j/2bv3+CjLO///73tyDhBMCIGEBBWi0SZAEHAV6gEREbYipV1BrQq2tF20+92W1ra7X63V325bld12t7D9lipYWwt2SwVaEBBpoQQrQSIkWpQgEiBhOESC5EAyc//+mENmkplhzpkkr2cf9M7M3HPNlevKdfAz133d0ieNPZ2RHtV3AqiDhssYmCdJMtvOq6Pqt1JHW5ipmbLV/lnqaHWkPWSU41nTdK8a7erChQs6c/q0BmRmKnNAZpfXPnF2+N7vce1l2t7effmz6zVLkncV/ebXL2vf22/r69/4hu67/349tHCBbr7lFqWnp3udl5KSoqm3TVNKSorWr1vnd4J07uOP3a/ZZZfdtPu8mVOHaZPNtMlumrKbppptjrJtt9v0qcsu1zdL75FhGPr3Ay/rePNpfXTBsYfJZamOfVtvGTZW1w4eqc0n9mjPmYO698qpSnGukM3PyFGLrU0fX/zEZx4RO74mlXa7Kfn8Btj1jaiPo/uP2+Ox6ecoH0d1aRzySs776G9S4u98P7+332MY+fZVHkF/c96tnANMLn2cH638BiqPcMs54Pke6UY135coj3DLOdj6i6ScL1kOXQeRYMo7lPbSLbkEbyf+6tFfvYRYzqH+3YVbzh4F3v3oI924t5MQyjnm7SURxpVuyUW3fQcqh1iPK5GUc6j1F9V24joG006i+HcX6fidEO3E37gSZDkHPM9nstFt371m/hVE+/ZVHn12XAmlnfirR3/9Vxjl3KvGlQjaieVis5Kr/yDLqVqZ6gyipiRZNCajWY8WWFViWHX2zGkZhl0ffPCB9h94V+02Q5mDBqvoytG6Zdp0zbh7jvJHXam0gYOUnjFIKakZslvSZFoyZCZlqua9wzp7rlm5Zw5pQt1OXdFxVskWwyu/lgtnlFq3R0Z7S8R/dxG3E1ySabfJbGyQ+cnHPZ2VHtd3AqhZBbIMu9b9uGPHj2U79Kew0jKbGmR7d6P7saVwovtnW4dr1ah3QHLAgAHKGjxY9fX1qjta537+WN0xvbp2rUzT7Hbzp+Zmx4rLixe7B1BbW3yvxqyvr1dtba1WvbBSf9m5U2/99a/a9/bbOnr0qGw2701858z9rGbffbc2/uGP2rplS7fXD+zfrxeef77zd7Pb1WG3q8PsvhmwzeP5DrtNF5zBZddzi66apfuuvE2Vp9/XP+9Zro8+OalUS4qyUx2rd1MsyXqoeIba7TZdO/hy/V1uZ13lpV+mdrtN9S397y5uPc21V6ljRbX33qWe3+za7b6/CXStxHYdPb8RNI3QvyHtxtc3iP4mJf7O95VslL+J7jUrIALkN1B5hFvOAc/3SDeq+b5EeSTcSiF/+Q5wvl+RtpduySV4O/FXj/7qJcRyjvsKiCDrL+7tJIRyjnl7SYRxpVty0W3fgcoh1uNKJOUcav1FtZ24jsG0kyj+3UU6fidEO/E3rgRZzgHP85lsdNt3r5l/BdG+fZVHnx1XQmkn/urRX/8VRjn3qnElwnZi2NqV9O5rshytkt25JZ+r/IcMzNDXJxfqh3+XotlFHSrOzVCH3VTW4Fxddc2ndOPNt6pswiQNLbpCA4quUerQkbKlD5Q9ZaCaOywaMGS4kjpaVJ7UoDF1WzWqtUFplu7txfLxMaXUvdV95WmYf3cRtxMEZNraZZ45LrOtuaezkhD6zh6oliQljfmsI2hq75DZek7tW5+WMTBXlsIJQSdjXjiji+uXyDz7YWe6JdMdr5mmOjocQdCuQc+kpCQ9+rVH9bPl/6NvLVmiu2bPVltbm86cPq25n/+8Dtce1qY/blTJNddozmc/K0m68IljxWVzc/c/xpYWR4CyrbXNPVhI0hceeED79+/XT378Y6/zDcPQkCFDNPfzn9M/f/3rSkpKUk5Ojh5/8nuSpG9+/RsaO26s/u6GG5WWlqp9+/bpfFOT/umfvy7DMNRutynJYlG6kepzla3NtCnFkqxBKRlqtrWpzdauQSkZanGu8k2xJOsrJZ/Rn06+o6qzh3T8wmldljpAGR43hfrcyJv03+/9XvOvnOp1s6iRA/I0KCVD59pplPFmSN43jupyNGTILuceqJJzkiKvx5LvbwRNs/MozxUbvo4yfI9tvr5BDDQpCTSIeiZrOF7weTRDODo/oNsxlBUQ/iaFviaXPtMNUK5+yrnb0QhwjKCcfdafj3qMpJxDrb/wyznYY/jlHOzRr0jbS7fkEryd+KtHX+mGUc4h1WMk7STE+ot7OwmpnGPcXsKovx5tJ9FoLx7pxH5ciX07Cbq9hNJOfNRjPMaVyMfvBGgn/saVIMu5z40rIdVfFNqLr/rzqMc+O66EUs5B12P45dyrxpUotZOkD3fJuHBGtismycgY7FUPV+Rm66Hcy7RgUrE+OtWo2gtJMnMvV+rAFF1madX5i9LgrFwNSmmQxWiX+fFxXWZvV+apA0o121V21UCP9DzKz96h5JPvKanpeGLNv+CHKfPCOceep36uwu6PDNMVwu8LOtp08bXvyfbObzufSxuopJI7lHLLN2Rk5ft/78ULsh3ZrfbNT8psqnc/nTzhC0q58/uSJNM0VV9fr46ODuXn5yslJaVbMqesVu2u2K3mlmaVXHONysvLZRiGGhsbdfr0aRWOKFRGZoYkyXrSqvb2i8ocMEDZ2dle6bS0tOj06dNKTU3VsGHD3M+vX7dO29/YrptvuVljx41TRnq6WlvbtHdvpf5n+XIdP3ZcTz71lObNn+e++ZTkWAn7t7+9p7Nnzio9PV1jx43VFVde6V18pk1JhuM9hnsEcLCbprsjNAzHKtRkS5Lspul+j+S4pD/JsLhvSmQY3mmZ7s67k825D0vXcxF71scHOYOhZvejcxC1eAza7mHM6BzOug3WFsdRhiHDefR63mM0MwzJe3TrIkaDoke2gj+Gkh33JCCCybqvo4/3+81wKDm+ZAGEV85hfXzI5Rxq/YVXzsHWX2TlHGz9RVbewdZjZOXcB9vJJesxvHIOtf56ZTtJpPbSK9tJfNpLZOUcav2FVs6h1l/I5RxWPUbWL/WndtIt2Zi2l140roTSThKpvYRVf72knSRAe4lnO1FyqmwFY2W/fIKUlBJauwhhXEn6+CMlWT+QYXbEoL2EV87wz2y7ILPpjGRrv/TJfcyhb+8O+HrfCqBKMptO6OIrX5b95HudT1qSZMkfo6Rr7pQl7xpHIDU1U7LbZLael3mmVra/vSb78X0yz590v83IuVJp9/zcvQdqT9tbWalvf+sxfedfvqvbpk3zCpDabDa9sW2b/unRr2n+vffqse98WxkZGT2YW/QGpx53bLFgcQY3XUfXN53eQdXOKYPFOVZZnE+6njc8Hpum8zzn2CZ1H/McK11DHOtCHGt9JxylSVaAdKI5KQw8SYnR5Mp1jPKk0Hc9RjKJDa3+ovkfT35XQIRZzkH/2YVdzqHWX4K3k5DqMfb/MRL7duI6xrmdJFJ7CaP+wi/nYOsv8vJOnHEl9u0k6D/XcATTTqLYXvpEO2Fcic/8i3El/HIOuh4j75d6xbgSo3ZiT82UOXKibPmfkmFJDr1+/Bwt544r6dQHzr1Oe1E76adM20Wp6bTMtv57c+9LBVD7ziX8TkZWgVLn/rcu/u4R2U8fkuw2yW6T/XiV7MerJEuyjIzBUoojgKq28zIvXpD3smRDlqIJSp31bwkTPJWktb9bq7S0NI2/7jqv4Knk2EJg2u23a8CAAcockKmkpKQeyiV6k87BxzH58Lqc3/A+SoZkeH/Te6lv5j2PhqUzHdfRbrfLMCzu9PxnMIijAhy7JmuazkE6hKN8HOXnGOpkvesxhMlj13KW0b2c3Uf5OQZKxzDCLufg59yRlHOo9RdeOQdbf5GU8yXrzz1LjKy8g24nEZVzHNqJv3qMtJ2EWY/hlnOo9Rf3dhJCOSdUe4nVuNItuSi1E3/16PX+2I4rkZRz1McVfyJtJ1FtL5GN3wnRTvyNK5G2k946roRQf1EZV0JpJ31pXIlVOwmznPvsuBJCO7FcbJb5wZ9lObpXtiFXyJJTJFv25TKSUvzXl5+j5XyDLJ9YZVw4I6OjVYrxuBJxO+nvOtpktjU79ji92NrTuUl4fS6AKklGzpVKmfXv6tjxE9kO75RXq7F3yLxwRpL/GxYZuaOVMu07MnKLY57XUFy4cMHZsfh28eJFdXR0qKysTKmpqXHMGXozx1jjHDwNj6O6HE3HeXKd736fnOfJfZ77fI+jujx2P++RXjeGj2MokxTPQdQzWcPxgs+jGcLR+QHdjs5y8zqGOin0NSnxma7vcvV59Kw3z6MR4BhBOfusPx/1GEk5h1p/4ZdzsMfwyznYo1+RtpduySV4O/FXj77SDaOcQ6rHSNpJiPUX93YSUjnHuL2EUX892k6i0V480on9uBL7dhJ0ewmlnfiox3iMK5GP3wnQTvyNK0GWc58bV0Kqvyi0F1/151GPfXZcCaWcg67H8Mu5V40rsWonrmPbJ0qur5F5olqW5FTZs4ukgUNlZmbLSE2XmZQmIzNbpmGRpe0TyX5RSXabzJYmWTpaZJw/KYu9w6NeYz+uRNxO+gPT7oiD2W2SzSbZOiRbh8y2C46fEbQ+GUCVJMuIcqXe83PZajao453fyn70rUu8w5AxcKiSpyxW8nX3SpbEK5pbbr1Fb2zbpso9lZpx5wyv11paWvT0U0/p2k99SnfMmOEnBcCbV9C0642kjM6jvctkx252DraS4zwZlz66RjnPbxo90+meQYU2KPo7+vi9HdkJ4SgfR/k5hjpZ73r0NamU7/f7LW/5OMrP8ZL1Fl45B1t/kZVzqPUXXjkHW3+RlPMl6889S4ysvINuJxGVcxzaib96jLSdhFmP4ZZzqPUX93YSQjknVHuJ1bjSLbkotRN/9ej1/tiOK5GUc9THFX8ibSdRbS+Rjd8J0U78jSuRtpPeOq6EUH9RGVdCaSd9aVyJVTsJs5z77LgSaTvpuKikU4dlnqoNXG/qvHeGZMjmfL/d/Xcc4Bh0wQVKx085AzHQ5/ZA9cd+6n3Z398q++lamWePSO0tUnKqjMEjZOQWK6l4qizDS6WkxF65+ervf69f/+pXuurqqzVhwkRlZKSrvr5eb+5+U9dce43+cfFiZWZm9nQ20UtYXXugGo7RxtfRNF17ozr2NJWcUwfDsQeqKe89Ud2PTe89UE1Tsli6j3mSEdpYF+JY6zvhcAbn0Ab9iCeFASYp3ukGn91Qi80xyYqknIOtx3hMrjonxeGVc7D1F345B/1nF3Y5h1p/Cd5OQqrH0Ms58dqJ6xjndpJI7SWM+gu/nIOtv8jLO3HGldi3k6D/XMMRTDuJYnvpE+2EcSU+8y/GlfDLOeh6jLxf6hXjSqzaSS8eV2LSTtBv9bubSAVkt8lsOy+1fCzZOyRLkpQ2SEZ6VsIHTl1sNpvef/997frLLh2rOypJGjhokG666SaNHTeOG0chJCf/70D3DaK63UhKhmQ4vlF07X1qOI+SY/B0DYuGHKOe4Rz9XI/lHGTl+XyX0cwwLB6Pu4jRoBiPSW9sJuvd3x+PSW90J+mX+PiQyznU+ovmf9R2f388Jr2Rlnew9RiPSW+vaieXrMfwyjnU+uuV7SSR2kuvbCfxaS+RlXOo9RdaOYdafyGXc1j1GItgad9sJ92SjWl76UXjSijtJJHaS1j110vaSQK0l17bTnpsXAmvnAFfCKAC8Ovk/x0keidRrgAAIABJREFUw3CMNYbhGEwNdQY9vYOq3itNZXROIfytQDWcg5hrjGMFaiwm9TGaXLmOUZ4U+q7HeEyuHMeEWynkUc5B/9mFXc6h1l+Ct5OQ6jH2/zES+3biOsa5nSRSewmj/sIv52DrL/LyTpxxJfbtJOg/13AE006i2F76RDthXInP/ItxJfxyDroeI++XesW4Eqt20ovHlZi0E/RblwqgWgK+CqBPM52jieP/nd8UymNQ9DhKcuxl4/U+59H0cTT8HH2d729UM30cAw2K/o5dk/WXjzDz7as8upZfwMlH12OgSU3XeolSfgOVR7jlHPB8r7lgFPN9ifIIt5yDrb9IyvmS5WBeYvYXaXvpllyCtxN/9eivXkIs51D/7sItZ48C7370+d9OcW4nIZRzzNtLIowr3ZKLbvsOVA6xHlciKedQ6y+q7cR1DKadRPHvLtLxOyHaib9xJchyDniez2Sj2757zfwriPbtqzz67LgSSjvxV4/++q8wyrlXjSuxaidBlnMijisRtxMgBARQgX6sc5BT90FT3kfX+T6Pho+j6efo63xnOj4y2P3ob1Li73xfyfrLR5j59lUeXcvP7yS+63n+JiO+zotifgOVR7jlHPB8j3Sjmu9LlEe45Rxs/UVSzpcsB8NfQQdXzpesx27JJXg78VeP/uolxHIO9e8u3HL2KPDuRx/pxr2dhFDOMW8viTCudEsuuu07UDnEelyJpJxDrb+othPXMZh2EsW/u0jH74RoJ/7GlSDLOeB5PpONbvvuNfOvINq3r/Los+NKKO3EXz3667/CKOdeNa7Eqp0EWc6JOK5E3E6AEHAJP9CPnTp1SoZhBP1Pkt/Hrp89j4F+DvQcAAAAAABAvFRVfxjwdVagAogavo8BAAAAAAB9DQFUAEEJFBwlcAoAAAAAAPoqAqgALslXgDRaAVWCrwAAAAAAIJERQAXgF8FNAAAAAADQ3xFABfo5gqQAAAAAAAD+EUAF+rFggqcEWAEAAAAAQH9GABWApM5AaddjsO8DAAAAAADoiwigAgg5aBrp5wAAAAAAAPQWBFABhIxAKAAAAAAA6C8IoALoJpoBUoKtAAAAAACgNyOACgAAAAAAAAB+EEAFAAAAAAAAAD8IoAIAAAAAAACAHwRQAQAAAAAAAMAPAqgAAAAAAAAA4AcBVAAhMU2zp7MAAAAAAAAQNwRQAQAAAAAAAMAPAqgAAAAAAAAA4AcBVAAAAAAAAADwgwAqAAAAAAAAAPhBABUAAAAAAAAA/CCACgAAAAAAAAB+EEAFAAAAAAAAAD8IoAIAAAAAAACAHwRQAQAAAAAAAMAPAqgAAAAAAAAA4AcBVAAAAAAAAADwgwAqAAAAAAAAAPhBABUAAAAAAAAA/CCACgAAAAAAAAB+EEAFAAAAAAAAAD8IoAIAAAAAAACAHwRQAQAAAAAAAMAPAqgAAAAAAAAA4AcBVAAAAAAAAADwgwAqAAAAAAAAAPhBABUAAAAAAAAA/CCACgAAAAAAAAB+EEAFAAAAAAAAAD8IoAIAAAAAAACAHwRQAQAAAAAAAMAPAqgAAAAAAAAA4AcBVAAAAAAAAADwI7mnMwAgDlrPSR/+VXp3s/RxnfThm5KkPEnthRNkzxqhi8VTZRs5UWZaVs/mFQAAAAAAIIEYpmmaPZ0JSdq1p0ZV1Yd08FCdWlrbJElDsrNUUlyku+6YrNwcgjpAWCp+Ib3xY6m16ZKnmmmD1Dr5H9U24QsyDMPnP0l+H7t+9jwG+jnQcwAAAAAAAPFQVf1hwNd7PIB6+myTVq1+TQdr6yRJGempKirIkyS9f/iY+7zbb75O8+6e2iN5BHqlxjrp14ukhndDfqttaImaP/sTmZcVEkAFAAAAAAB9WkIHUOuOW/Xs8lfU0tqmq0cVavaMySopLvI6Z9eeGq3fXKGzjU0qKhiqJ5Y82EO5BXqR+hrp+XlBrTr1Kz1LF+a/IPuwawmgAgAAAACAPithA6jNLW16aukvdaaxSfPuvlW33zzB/drrO/aqpfWiigqGqrysWM0tbXp2+RodO3FK0266TvPnsBIV8KuxTlo2M7LgqUt6li4s+F+vlagSAVQAAAAAANB3XCqAaolTPrp5fcdenWls0o0TS72Cp5K0fnOF1m+u0LKV6/TU0l9Kkr61eJ5ysrO0befbqjtu7YksA73Dr78UneCpJLU2KWPtP0UnLQAAAAAAgF4o6cknn3yyJz542cpXlZKcpH/+8ueVkpLs9dqk8deqpLhI55ou6MOjDar524e6/eYJysxIV1X1IV1st2n8mOLIMtDykXa+vFLPv/J7bdq8Vdt3VutYcp5GX56jtMhSDkG1XnzsRTWOm6IrB8TtQ9GXVfxC2ve7qCZpXDgtpQ+SfUQ5K1ABAAAAAECf02D9OODryQFfjZG641a1tF5UeeloZWZ0D1fm5mQpNydL48uK9eyyNXr/8DEdPFSnKZNKtWr1a3rfecOp8Fm1/Wf/T1Ulj+rxhwqUIkntVlW98rx+sf2L+vrUvAjTB3pA6znpjR/HJOnUvyxX46g7ZKZlSSKACgAAAAAA+o8eCaA2t7RJkopGXDpQ+cjDc/T6jr3uc68eVaj3Dx+LLAPWGlXWl2jm153BU0lKyVP5/d9VeWQpAz3n8JuhX7o/9w1p4K+kX74Q+LzWJmWeOKCLxdMkEUAFAAAAAAD9R48EUEORmZGm2TMmRzfRjHRlyKqjVqnMbwy3XSd2vqgXN72vxo5kDbx6uh66f6ouz5B0vlbb16zV9sOn1NohJQ+9QQ89OlclGZKs2/Xsc0dVeo9Us7ZGHZ/+pr47K1sndr+sX2+o0akOKTn7ak2/735NvdzxSY1H1+unP/6LjnZNCwjFe5tDO3/uG9LQP0v/7xLBU6fUw2+4A6gAAAAAAAD9RY8GUF0rUUNxurFJGempkX3woBt1z8w39ePn/kWVI0t10w03qKR0pAoy3OtR1V71on5aWaBHv/8lFaRI56te1E9fqdY3HypTijqUPfWrevxLg5SidtWu/YFe2XqDvju7wPnuGr1ZdY8e/f5DykuR2qt+oR9vStF9331G5YOk9rOV+svRDulySTqlqprp+ta/P6NBalHViz/Qmq0T9MTsyyP7HdH/NIawtYU7ePr9oN+S1HQ8jEwBAAAAAAD0bpae+FDX5fhV1YdCel/dcavONjapZHRRxHnIm/p1ff/7j+r+cYN09M1X9NPv/av+5dm1OtgiSedV+Zf3VTJ1lgqcMdVB5Z/WqNp3dFiSBpWofPQg5+X/KRp99eVqbDzrkXqp5n5povJSOtO6evZ9Kh/keDUlZ6Kmuh4oWzfMLJfjUYbKx43WJ43nI/790A8d+Wtw54URPJWk5NPvh5EpAAAAAACA3q1HVqBmZqTpxoml2l1Zo9d37NXtN08I6n3rN1dIksrHXBWVfKRkFGj0TbM1+qbZUvtZVb74Yz2/tlTP3J+t1hap5uXH9NjLnu8oVakktXykna+s1fbaU/qktcP5kvfv0FmwLWptkVLSU+RbsjK8HwKJKdT9VQEAAAAAAPqAHgvXjRwxVLsrpfWbd6tkdFFQN5RynTNlUmn0M5SSo4kTR+uVv5zVeRUoPUMqffAZPVTW/dSDa5dpe/KD+vrjZRqUIqnqRT32jr+EM5SeIbW3tkvyF0QF4mjtbY5VqF/5XmirUNMGXfocAAAAAACAPqZHLuFf/ep2rVn3J0lSS2ubnl3+il7f8bbPcz33SZ09Y7IeeXhO5BmwbtRPf7ZdtWfbO587X6v12w9q5IQyDdIgld9wtQ5u3agTrlParaqqrFW7pOTkdCkjQ+kpktpPaPv2gwE+zJHW+9s3qNZ5ZX77+SrtrOIyfUTZFX8X/Llrb5NO3eIIogapY2hJGJkCAAAAAADo3eK6ArW5pU3LV67Twdo65WRnafaMyVrz6na1tLZpzbrten3HXo0fU6zMjHRJ0tHjVh08VKeRI/L0zcX3RC8jedN13w0b9PLzT+vEqVZ1SEpOz1fJzEf1lRudu5FOfEiPtryoF7/3mBo7HK+Pm/uQSiWNnn2/yn76vP71sQ4lD7xad00skU75/7iMiffrkfO/1ss/cKaVfbWm30cwClGWXRT8PqhS50rUBx+WfvnCJU+3ZY2IIHMAAAAAAAC9k2GaphmPD6o7btWylet0prFJV48q1MJ7Z+qppb9US2ub5t19q44eP6XdlTXd3peRnqrZMyYHvU8q0G+9u1l6eVHMkj//mZ/oYvE0SZJhGO5/no9dP3seA/0c6DkAAAAAAIB4OHi4LuDrcVmBWnfcqmeXv6KW1jZNu+k6zZ8zVc8uW+N+7AqOzp8zVXXHrV7vLSkuikcWgd5v1A2OfUrbYrA9RNogtRdNjH66AAAAAAAACS7mAVTP4OmC+XdqyqRSrX51u94/fEyFBUM1f85U97mZGWkETIFwpQ+Wpn1d2vhU1JO+cMM/yp6aJdaJAgAAAACA/ibmN5H66cp1XsHTXXtqtG3n28pIT9W3Fs+L9ccD/cvkL0nDr41qkrahJWoe94WopgkAAAAAANBbxDyAeraxSUUFQ93B01WrX3MHTzMz0mL98UD/c/8vHJfyR0PaIH086z+jkxYAAAAAAEAvFPObSD27bI3eP3xMRQVDVXfilDt4WjQiL5YfC/Rv9TXSL+6JbD/UtEE6+9lfqGPoNX5vGsVNpAAAAAAAQG93qZtIxTyAWnfcqhdWv6ZjJ04pJztLjy68m+ApEA+NddKvvyQ1vBfyWztyr1bjzP+QfXChV7C0PwZQDUNKSrbIYjFkGHL+S9z8Akh8pmnKNCXTlOx2U7YOu2I7G4sf+kwAsUC/CQDB68t9Ziz1eAAVQA+r+IW07T+DWo1qpg7U+eu/ogtj7+8WOO1PAVTDkJKSLLIkGUpKSqy8AeibbDZTdpspm633TXDpMwH0BPpNAAheb+4z44UAKgCp9Zx0+E3pvc2Olan170pt52WmDtTFIVfJljVCLZffovaiibKnZvkNnvaHAGpSkqHkFMcqAACIN7vdVEe7XTZb75ie0WcC6Gn0mwAQvN7WZ8YTAVQAfn105ETAYGl/CqBaLIZSUhwrAQCgp9ltptrb7bLbE3OaRp8JINHQbwJA8BK9z+wJlwqgWuKUDwBIWBaLodQ0JrQAEoclydkvJeAKJfpMAImIfhMAgpfIfWaiIoAKoF9LTrEoLT0pIVbBAoAnwzCUlp6k5OTEma7RZwJIZPSbABC8ROwzExmlBKDfsiQ5LqUCgESWkpoYq5boMwH0FvSbABC8ROkzEx29OYB+yTAMpaYm9XQ2ACAoqak9u3qJPhNAb0O/CQDB6+k+szcggAqgX0pNtYjxAUBvYRiOfqun0GcC6G3oNwEgeD3dZ/YGlA6AfseSZHCJAoBep6f6LvpMAL0V/SYABI++KzACqAD6HfaiAtBb9UT/RZ8JoDej3wSA4NF/+UfJAOhXkpMtslj4Vg1A72SxGHG9Uyp9JoDejn4TAIIX7z6zN6FUAPQrSclMaAH0bvHsx+gzAfQF9JsAEDz6Md+SezoDABAvhqHwVwQ01WnXGzu1rcqquvM2SVLyoGyVlJdp7m3Xa2RWFDMKAAFYLIYMw5BpmjH9nIj6TABIIL2132w/vlU/WJ2sxUumKjdqqQJAYPHqM3ubiAOojY2N0cgHAA/Z2dk9nYU+KSkpvEX3p/es0Q9WH1NTl+c7zjeqZudO1ex8S+Xz79Mjk3KCSq9+2wo9sbFrah7yxuqpb09Xw8qlWl5dqMVL52l8WDmPna6/w/BZD2ju0Ze0vNrjJOfvkX9yqx5/Zr8alKW5jy3SzGGhfJJVm370ktZaPdKL0u8A9GaWJMnWEdvPCLfPlDrU3CJlZkTne3rv/sZPP3JgjRatOuZ+WL5giR4ZE8aHndyqx585oskh91W+8xN2PgBEXWL3mz6c3Kof/Md+nbvpngiCp9VatmSzqjyeGT7rAT09LS/4JILpz9xzvWDS754nKRHmu8w5AU/x6DN7m4hntgR6APQWRhhz2uYDa/TU6mNq8XhuyMhsNR9t9HiuTVWrX9ay9IV6ZMyAoNJ1TULdgQH3RM2qTSvfCT2jsXJyqzZZp2tmlwlz/rRFWnx0qSNgWjbDOVFeohXuIEahFrsmnsOm6+kF0qa86WEEJPI0c8FYVTgn5QAcLBZDNsV4JVUYfebp4x/qTNXr+vnZm/TD+Vk6WH1KzQHOzx09TqMusYI/f9oirShz/cd5k9ZurNbMhWVe5+yrdAVPI/uP8H0bHX1NRbVVM4eFEGBQtTZty9PMUIISAOIqUftNn05u11P/sV91StLksqLw0vCck7n6xQNrtGjVS1pUGeUA4bDpWjzrSOAFAm5lemRpmfat7JxHrujSp/cM5pyAp3j0mb0Ne6AC6DcMI8RLqlr26uervIOnUpZumX+9Srqd3KaqVeu0q6XbC93kT1sUYEVSnmYudExoxy9cohU9+m18tZY9s1+H/bw6ftZYDZek6t3adNL55JipmpsnScdUcaDz3H1WqTyS1VwAvITcn8XpM9r/tl0rz16vJx64RikdbWqoPaSqan//6nU6hJUNk919To32eb1SLakw5Lx2V60K5yr6hsp3VB/0+6za9KPNqvB8asw8rVjK6lMgkSRqv9lN0zta9l9vq65DUvoVmlwcTiLVWuZclV++wGMuOWaeFpdJsu7XEyur/b3ZG/0Z0C/Fo8/sbdgDFUC/YQlxEDi6+S3VhPSOem3YXKcpc8JcKeCZkvuSVcflqsM3Or+lV6EWL5CWrzrW/bWulxsFczmVxznyPM/z+VVLtcjXpUzDxmly3n6ttTb5XK1VVVktjSmTVK0GjXNP3t0rDiSPVQddLptaIC1/Zr8aymZoxSzPVD3OC2tLAKBvCLU/i9dn5E97WD90Pci4Urd//sroZSjP1ec4vqAZ7/yP+fpt9dJEOeKocj3nedl/oRYvnaoGZ9/h9zLUA/UatWCsGlbtV4P1iKpOSvld+hevdPPG6qlv52ut61LUjS9p0cZCLX4sR2u79b2efZfH8x5bD5TPGquGjUG+D0DIErXf9NJSrWU/el1Vrc7HxcU+vrQPwoEa5yXyhZrcpb8bP7FQqj7m+DLqZL1Xf7VY67zmnzPley7pey7nwXMeGcHl8P62cOn8/EItXlqqClc/XDZDKxbmec0p5+bt11r3uR7BZK85sOv37dTQ7SoxoH+JR5/Z27ACFUC/EdplVVbVHAx04alvZw7+LYRVS/7lT7vbuZLTYfzCGSqXJB3T8spSrVhQKKlJa59ZqoqJS9yrCda6Vn26JoVlM7TisbHSxpe07EDXT7Fq06r9alChFi99QHPzpIaN65yrScdpsnMuXL5giVb4nDjmqXyi49pb92qtk1YN77pK7EC9VOb4Zeq3rdDy6izNfWyJVjw2VsOrN+vxbVa5LpsaLkk6q7Ub5f78rp8589szVJ43Vk8tJXiK/isec9qwL0VtekcrX9qrc1HNjeTZ51Rt3Orsa61qyBvXbaV+/rRFjn5R0vBZUzXe2XfMnfWA31VU+6xS+ZjpmlsmyblVgJcDa/TExiaVL1iip2ZlSdYjqno3T5NnZTk/5wHHVQPDpmvxLO99CfatfElrrYVavHSJViwoVIOrT3atBpNUVSktXuro6xs2bnf2n9u1VmP1lPN9AMKX0P2mJLVU6+c/2twZPJVUNKhNb+17R2/te0cHzwa/ZL/e6vqiJ8c5t/Lgfq5JDfLur7rOP+WjP/Ocyy0uk4+rAuTcvqnQ0S+GG3w8uVXLNzY5gqKPjdVwNWntKkff3zkvlqQyPeLVP3rMKa37dXiis8/WMa3d5vw2ynmVVYNH2hXV1s4krPu1Vnc7+/r9Wr7N4zWgnyB+2h0rUAHAJ6sOhzNXsp5VgxTDb6kLtXhhmXTAuTa2bIYeGSPtq/Q+q776iBoklU8sk4ZJw7XfY0WoS55mfnuJZso5Gfb8fYfldZ9w+5BfdoWGb+xcrSWrNHyM9yoxWaXyMZJkVVVlk6RCDR8mSfnOfL2j+mkek2trk0YtmKeZw6Y7VgKc9AxJW7XpRzWa/O15rARA/5aQk9oL2rXyl1r7UbImL1qowR+9psdXHgq4B+qov1+oRyYFt3e01L3PyZdVyiuTfPTX4xfOUPmSzarauF37ps3T8G31Gj7Nzz57J7eqQuP0iKR8z9VZKnMGZ63atNGxl+DkMVK+FmnFNMdb6y/5rZlzawBX0CIvR8N1rFufXD5ruvLl45Ja6349sTJfKxbO09OX+igA/iVkv+nUXqffLd+sPee9n67b/Set2O34uWhWvp4IcgV6w9Fg9iINR7XWOldllg+T8hcu0QrnK15d4cmteryyVE8vjGDF/LDpenrpdLm2SQlrX9K8sZo7RtI276frt+1WlVzz5DLn50g62fm+xdPyur0P6FcSuc/sIQRQASBkAzRkkKTzlzyxx7gmzlWrlmpRwDMdd0JtmDVDc/M2uy8TDZrXZfzVGp6Xp/HKU4PjylNVVW7VqJH57gCEz6B016Bz3hV+9ks9q7U/eklV1kItDjGbAOJhgKZ87jPK78jXqJxkSXfq6Sej/BHDpmtu2X4tr3asFirPk4aPkc8AqlSmyWWbVVV9TGu3VWuy8r0uz/RUX31EVRv3a9FGz2c9twpw9V9NajgpKZTV7yfrff+Hv7Ve9brEjVPGzNNTs1boiY2btWjJbrYtAfokqzb91yt67YT/M4puu0ffDWH7juEjs6TqJt9f7Dufk7IcX2gHuRWqpM7+LNCCgaPb9fjGY2ooC/er7motWyk9srDMuc1Jk+YuGKvhq6J3cyfXPLnB6rgKCgCCwSX8AOBTnkb5nE816c8b6zT+G1/SN2flK6vr11C+LpXqAcNHel5SusTxr9sdTh3f6FepUHPD3lPP4zL+jbvVkOdIZ/xE56VU1ft1OK/Mfa7PMg22zKxNGjWxUNIxLQ/2xgcA4iurSKNypOaWEO4OFSJX/9Kw8SUtt+YFXI3uutldw8bNHn1RV1ZV6cbOvnLpEo/L6l19jav/agr96oRh+b77uLz8oFbS509bpBVLZ6jc4/JVAH1JjibdfbsWfeF2LfrCrbq5wPvVrPIZ+ubfFyklhBTzp93o3vqpossWTvsqHfsuq6w09BuVuvsz55dJPjRYcxzbMFVv9rF9VBAO1KhhpHM//lXHpLIbNTPKMU7XPLnhKJfmAwgeAVQA8ClPpSWZPl85U71Hz33/Ja3X9XriydtV6vHakJJrEuLS8vyyK5xBA+c+eqrWsm5BR88VoYG2LLBq0zb/AUvXZ3mtHB1T6py4e968wBVsdU66nasYhk8cF1yZ5V2h8mnzHPsAuvdOBZBIzh3/UAf/uFKP/+8htbefULVz7z5//w6HcJXpYauzzbv7lyxNLrvEf1UPG6fJeeq8jNOH+m3rugVXx7v3cnYFAHzsv3pgTbfgwL5tvgKcZY5ggmvVl/NYPvESq0+dn+Ho67ru8Qeg70hWbvE4XT9+nK4fn6Ymj5WoGWUz9PQDZfI9Iw2ks8+oWrWmc4/SA2s6b77k/GI9P89jj9OT76gi4PTK2Z957BNdv22Nc/98h+ETx2nmQscXUVWrVni9dmnVWua8sV7nStkuP0vq+qW8OygcJPfctXq3M3++5skA4C3pySefjPbFVQB6iXMfn5dhGCH9k+T3setnz2OgnwM9FwspKaF9ZzT4cosOv3FEp3y+atOZDw5qyxuHPV7P17wvf1ojg1oiYNWmH/1My6vaHA8vnNT2LTVKKZ+gqwZK9dtedr7Wpvc+uKCBH1Todeflo3tO1KluyzHnf4jXqu5EnTZUOy9FqqpT0Ywy5Q8crWuTa7T9g1Pas2W3Nmxp09xv39YlUJmnlBO7tcfapD1b2jS8rEkNVsfnTfr0aF1VcEF7dp3UoaojuvazM3XVQD+/ysBBaqvar8aJd2j2qAHeaefdqC+P75zhDho1QUUn/qRf/n63Nuw6qU/KZug/517pKI9lW7XngqMs3ksu1m2jBvh8Pvu9v2iPVfrkg/3acCJLs8dz6RX6p452e0zTD7XPlKTGPb/Xz6yT9H8fKFPmxdPa/9cavXfirBqsvv61Kau4WCMyAqdZv22FvrHqqBrcbb7M0b+oRPfOGK1Ptq3QN37r6ombtGfLbtUVTNb1wyRpgK4aXKc9g2/w6J+8035iY5MaqnZrj6vf8bozs9RQ5UjvthsmqOjEbu358KS2b9mtDR036ukZeRo0Kk11W2p16IP9ap/yBd2mrXpm1VF9IumTD44opXyCbvp0sVKq/uLo+6qaNHzWA/r2DQMcN6ba0tl/153Ypyp3X5+l2QU2vffeX7XiV3/Shqomlf/DF3Qbl/ADYUvEftPLoQr9qrJRHZIyym7X0wvHalC4aQ0r0+zyC9qz6wNHn7XF0f8ob6yeemq2rnKfl6eUqv3aU7VfGz5IUfGAJjVccM4Hrzqs5T77s/1678NabdiyW+9ddbe+nFfRpd9L0/7f16pBbXpvl2efLDm2j3pJG1yBWqsjHce/WjVIKp4yXdePkeq21KrBWqsNHVkqtzapwT1HzNNVg+u0oeqY9mzZrfa8QjVYmxzz4oJinfmtx9zxRJ327Drl9TtcNWy0biuo04aqU3pvl2ueXKaqZZd4n7+5MNBHxbrPTDRnGgN/s2+YpmnGKS8AEsxHR070qwBqRmbo2z43H1ij76w6ppZLnpmm8gUL9ciY4G+GAgCRaGmO3WXyUnh9ZkI6sFWb8qazdyiAhO83D/7mx3qu0qbkguv0xJKpUbuqad/KpY6Vp2UzfGzpBAC+xbrPTDQHD9cFfJ1L+AEggMwx8/TE/EJlBTwrTeXz7yN4CgCJ4uRWPb5kqR7fVq1N1nyCpwB6gTrtO2iTCsZGNXgqeW9LwhZIABAeVqAC/RgrUEPQVKddb+zUtiqr6s7bJEnJg7JVUl6o7JXcAAAgAElEQVSmubddr5GBI6wAEHWJvpKqZ1Vr2ZLNqlIWd64H4JbQ/ebZ7XpqZYcW/NP0ILeDCpWrX3RiNSqAS2AFqjcCqEA/RgAVAHqvhA4EAEACot8EgOARQPUWtx7+4KE6vb7zbVVVHwrq/KKCobr95gmaPKn00icDAAAAAAAAQAzEJYC6a0+NVq1+TZKUk52l3OzA17o2t7ap7sQprVz9mg7W1mnh/DvjkU0AAAAAAAAA8BLzAOrBQ3Vatfo1FRYM1cPz71TRiLyg3nf6bJOWrXxVFXtqNCQ7S7NnTI5xTgEAAAAAAADAmyXWH/D6jr2SFFLwVJJyc7L0rcXzlJGeqtd3vB2r7AEAAAAAAACAXzEPoFbV1KqwYKg7eFp33Ko167aruaVNkuPy/g1bdkuSmlvatHL1a9rn3Cc1MyNN5WVXqaW1TXXHrbHOKgAAAAAAAAB4iXkAVZIy09PcP6/fXKHXd7ytij3VkqRVq1/T+s0Vam5xBEkr9tTo9T/vdZ8/fkyxMtJTlZGRHo+sAgAAAAAAAIBbXG4i5WnenNtUUlykyZPKJEmLF94tybHatKS4SPPuvlUlo4vc548vK9b4f/tazPJz8WKH/vv5tZKkr31xrlJTAxfJ3v3v65V1f9J3/uk+ZQ8eGNJn7d3/vn724gZ99aG7NGHs1WHnGQAAAAAAAEB8xD2AmpuTpdtvnuB+PL6s2Ot1z9ckx02ohuQMVm5OVkzy89GxBh11bg/w0bEGXTWqMCafI0ljrh2lZ574igZkspoWAAAAAAAA6A3iHkB9fcderd+8W48svFslxUV6dtkatbS26YklD3qdt2tPjda8ul0trY69UosKhmrxwjlRDaSaplRR+a4mlpdIcvxcfGWhDCNqH+ElNSVZqSGuWgXQc06e+rinswCgHxk29LKezkJE6DMBxBv9JgAEr7f3mT0t7gHUo8dPqaW1Tc3OwOjpxia1tLSquaVNmRmOvVIPHqrTqtWvKSM9VXfdcaNOn23S7soaLV/5ardAaySO1Z/SoQ+P68tf+HtJ0vMvb9KpMx8rL7fzj+pIXYN+8euNOnmqUfnDhnhdet947hP98L9e1qTx16iq+pCspxtVXlqsu2ZM1q/+d6s+PFqvEflDtXjB3Ro6ZLAOf1Svn/1yg7764F3KvmyQfvhfL2vypDLtO/CBTpw8rbzcbH3p/lm6omh41H5HAOFjgAGA4NFnAkBo6DcBoPeIewD14Xvv1PSbr1PRiDxJ0vecAVFX8FRyrFKVpCeWPORecZqbk6UNW3br4KE6lRQXKRre2vee8ocNUcHwXElS3tBsVVUf0h23TpQknTt/Qc+/vEmF+UP1fxZ9TueaPtHzL2/sls7fPjiqrz40W40fn9eKX/1BtUdO6P7P3a7cIYP1/Msb9dobb+mBf5juMw9v7q3RF++bpUEDM/XCbzZp47a39JUHPqOkpLjc3wsAAAAAAABAAHGP0jW3tKml9aLX4+aWtm7nZKSneV2u77qxVN0Ja1Tyca7pgvbXHNaUSaVKSrIoKcmiKZNKteutap1ruiBJ+vCjerW0tumzsz6toUMGq/jKEfr76Td2S+vWKeUqzM9V8ZUjVDA8V58quVzXjb1KI0fkqfiKETrecNrrd/b099NvVPGVIzRsaLbKrrlSTecv6GJ7R1R+RwAAAAAAAACRifsK1NWvbtfuyhotmH+npkwq1VNLX1RL60X95P971L0KdUjOYL1/+JjXalPXqlRXIDVSNQePqN56Rj994VWv5w3D8drkSaU6ebpRSRaLUlNT3K9npKd2S6vrc3m52e6fLxs8UMcbTvvNh6/0AAAAAAAAACSGuAdQS4qLVHfC6g6ETp5UpjNnz3ldwj97xmRVVX+g5/7nFZWMLtLps+d0prFJ5aWj3Zf+R+LixQ7trqzR7BlTNOX6Mq/Xdr1Vrd2VNZo4rkTDcrPV3tGhC82tynbe/MnfSlIAAAAAAAAAfU/cA6hTJpVqyqRS9+P5c6Z2Oyc3J0vfWjxP6zdXqKqmVjnZWZp203WaPWNyVPLw0bEGWc+c07w5xe7AqEt5WbF2/vWAPjrWoCsvz9eAzAz9Yctufe4zN+tc0yf649bdUckDAAAAAAAAgMQX9wBq3XGrqmpqNe2m65SZkaZ91Yd05myTbr/5Oq/zikbk6ZGH50T9801Tqqh8V4X5ucrPy+n2en5ejgrzc1VR+a4e/Ic79MX7Zur5lzfpX3/wC+XlZmvCuBLt2fe3qOcLAAAAAAAAQOIxTNM0Y/kBi5Ys1dWjCvWtR+ZJkp5dtkbvHz7m3gN10ZKlkqQVS5d4ve/goTr3PqgZGWkqGV2k8rJirxtLAYjMR0dOyDCMkP5J8vvY9bPnMdDPgZ6LhYzMuH9nBAAx09Ic25tO0mcC6GvoNwEgeLHuMxPNwcN1AV+PSw/f0trm/nn+nKnaV31I48uKJUmLF96tM2fPeZ3/wm9e0+7KGq/nqqoPaf3mCs2bM9VrCwAAAAAAAAAAiJWYB1DLS0erqqZWdcetKhqR5/7n4gqkuqzfXKHdlTUqLBiq2TMma3xZsU6fbdLB2jqtefUNrVr9mkYWDI3KzaQAAAAAAAAAIBBLrD/g9psnSJKWrVynuuPWgOc2t7Tp9R1vKyfbcRMpV3A1NydLUyaV6pGFjj1R12+uiG2mAQAAAAAAAEBxWIFaUlykBfPv1KrVr+mp/3hJQ7KzlJsz2Ouc8rLRuv3mCao7blVLa5tuv9lxgylfaeVkZ6mqpjbW2QYAAAAAAACA+OyBOmVSqXKzs/T6jr2qqqnVmcYmr9dN09TtN0/QkJzBysnOUsnoooBp7as+FOssAwAAAAAAAIAM0zTNns4EgJ7x0ZETMgwjpH+S/D52/ex5DPRzoOdigTujAuhLuJs0AISGfhMAghfrPjPRHDxcF/D1mO+BCgAAAAAAAAC9FQFUAAAAAAAAAPCDACoAAAAAAAAA+EEAFQAAAAAAAAD8IIAKAAAAAAAAAH4QQAUAAAAAAAAAPwigAgAAAAAAAIAfBFABAAAAAAAAwA8CqAAAAAAAAADgBwFUAAAAAAAAAPCDACoAAAAAAAAA+EEAFQAAAAAAAAD8IIAKAAAAAAAAAH4QQAUAAAAAAAAAPwigAgAAAAAAAIAfBFABAAAAAAAAwI+ECaCePtuk02ebejobAAAAAAAAAOCW3NMZOHioTitXv6YzjY7g6ZDsLC2cf6dKiot6OGcAAAAAAAAA+rseDaDWHbdq2cp1Ki8r1vSbr5Mkbd3xtpatXKcnljyo3JysnsweAAAAAAAAgH6uRy/h37rjbRUVDNXD996pohF5KhqR5/i5YKjWb67oyawBAAAAAAAAQPxWoDa3tGnbzrd1+uw5lYwu0uRJpTpz9pzPS/VLiot08FCdJGnXnhq9X1un3JzBmnbTdcrMSItXlgEAAAAAAAD0c3EJoDa3tOmppb+UKWlkwVCtXP2ajh63akjOYJ83jqpzvrb61e2q2FOtktFF+suhOu16q1pPLHkw4iBqS+tF/WTF71R75IT7OcMwdOXI4Xpo3gwVDBuixnOf6If/9bLuuftWTRh7tfbuf1+/+8MOfeOr93TbWsA0pf/9w59Ve+SE/s+izykjPTWi/AEAAAAAAABIDHG5hL9iT7VMSd9b8qAeeXiOFsy/U9t2vq0pk0q1u7JGr+94233u6zv2qqqmVlMmlWrbzre18N6ZeuThOfrekgdlOtOKljtunahnnviKnnniK/q3735R2YMH6X9Wrde58xd8nn/qzDntrqzp9vzJU2f117ffi1q+AAAAAAAAACSGuK1AHZCR5l45mpvtWMFZNCJPC+bfqTWvvqE167ZLkjLSU7Vg/p0akjNYkpSZ7nhPpvP9zS1tUctXelqqsgcPdD/+zB036sc//18dPWZVYcFQn+/ZXVmjGyeWulehmqa0868HdK7pgnKdeQYAAAAAAADQN8QlgDq+rFgbtuzWhi27VTK6SGvWbVdhwVBlZqRpZMFQfeHzd+jUmY8lSUOHXKb8vGzl5mSpsGCo1qzbrvlzbtPB2jodO3FKjyycE7N8piQnSZJsNpvP1wuGD5HkCKLedceNkqRTZz7WOzW1umpUoex2e8zyBgAAAAAAACD+4hJALRqRp8UL79bqV7dr/eYKlZeO1rw5t+m55a/oYG2dz/eUjC7Sw/fO1Orfv6Fnl69RTnaWFi+8u9v+o9HSYbPpzb3vymKxqGB4rs9zMtLTdOvkcv3x9Tfdq1B3/nW/8vNyVJCf677xFQAAAAAAAIC+IW6X8B87cUqfvr7M/dzyla/KlPTENx5Q0Yg8r/Prjlv1wurXtPI3mzR+zFW65qqRkqRjJ06pZHRRxDeRclm/uULrN1e4H2dmpGvh/BnKy71Mjec+8fmea68eqTf3vqvdlTX6u+uu1b4Dh/TQPXfobwRPAQAAAAAAgD4n5gHUuuNWPbv8FWVkpLn3Pm1udQRUv/mP93QLnkqOFauzZ0zW8pXrlJHeGSw93dikrX/eq28t9v2+UN1x60TdfvMESVJyUpIGDsiQYQR+T2pKiqbddJ1eWf8nnWg4rYLhuRp1eQEBVAAAAAAAAKAPinkAdf3mCpWMLtQjD3fuXXrwUJ2e+59XAr7PdfOo2TMmq6S4yP38shde1frNFV7phavrTaSCde3VIzV8aLZqDh7RP3/580pKskScFwAAAAAAAACJJ+aRv6qaWk32uHQ/UpOvL1NVTW3U0gtHclKS7rl7qr760GxdXjisR/MCAAAAAAAAIHbisgdqZnp09iyNdlqRGDpksIYOGdzT2QAAAAAAAAAQQ3EJoCaajPRUfedr9wY8J3vwQP3o8S+7H08Ye7UmjL3a7/l33XGj7rrjxqjlEQAAAAAAAEDPY/NOAAAAAAAAAPAj5itQM9JTVVFZI8Pj9vZ1J065j4af2977O6eiskYZ6akxzDEAAAAAAAAAOBimaZqx/IBde2q05tU31NJ6MSrpZaSnat6c2zRlUmlU0gP6s4+OnJBhGCH9k+T3setnz2OgnwM9FwsZmf1y1xIAfVRLc0dM06fPBNDX0G8CQPBi3WcmmoOH6wK+HvMefsqkUoKdAAAAAAAAAHol9kAFAAAAAAAAAD8IoAIAAAAAAACAHwRQAQAAAAAAAMAPAqgAAAAAAAAA4AcBVAAAAAAAAADwgwAqAAAAAAAAAPhBABUAAAAAAAAA/CCACgAAAAAAAAB+EEAFAAAAAAAAAD8IoAIAAAAAAACAHwRQAQAAAAAAAMCP5J7OAAAAAACYptljn20YRo99NgAASHwEUAEAAAD0GNM0ZZqm7M5jvBkyZLEYMgyDQCoAAPCJACoAAACAHmGapjpsNtlsdkk9tRLUVIfNlMViKDkpiUAqAADohj1QAQAAAMSdaZrq6HAGT50By3ivQDU9Vr3aTanDZvd6DgAAQCKACgAAACDOTNOU3W7KZrfH7zM9/ueLIfXYNgIAACCxEUAFAAAAEHd20+6+XN6QeuTS+a6facixChUAAMBTj+6B2tzSpg1bKrTrrRq1tLZJkjLS0zTl+lLddcdkZWak9WT2AAAAAMRKPBd6uj7LT3zWM4jK+lMAANBVjwZQV7+6Xbsra1RYMFSZ6Y5gaXNrm17f8bYuNLfp4Xvv7MnsAQAAAOiF3EFQ03TGTA0Z/qKnXXD7KAAA0FWPBlBdwdPvLXnQ6/nvL/2ldlfWEEAFAAAA+ipDktl546ioXr5vSqbh/ghdKmnPPBgeN7SK95YCAAAgMfVoALW8dLQmX1/W7fnZMyar4q3qHsgRAAAAgFgzDEMWwyK7bJe6uj5MZlArTrveMMo0TSUncZsIAADgzTC5zSTQb3105ETnzRuC/CfJ72PXz57HQD8Hei4WMjJ79DsjAIiqluaOmKZPn4lYM01THTa7bDabpOjNB0xJdtOUDEOG8xJ+f2l3/U8hi8Wi5CSLz/kMej/6TQAIXqz7zERz8HBdwNfj2sPXHbeqqqY2rPeWl45W0Yi8KOcIAAAAQE8wDEPJSRZZDMed701FvgrVlHTRlE602dXSYdfQtGTlJBuyyPRI2/uLXdel+l2DpwAAAC5xCaA2t7Rp+cp1OlgbOJobyPrNFSoZXaTFC+9WZkZaRPlpab2on6z4nUpLrtBdd9wYUVoAAAAAwmexWJRqscg0TcfK0Qh0SHr3dItOfNKuQamGDje2asqILOUmOTdE9RGiNZx5kFhxCgAAfIt5ALW5pU3PLV+juhOnVF46WuVjrlJudlZIaZxubFLVgQ9UVVOr55av0TcXz4s4iAoAAACgZ3Xd5ifS3Uc7TFMfNjZrQuFlKshM0fa6JrV02JWUluJxI6nOz4zJDawAAECfE/MA6us79qruxCnddceNmj1jclhplEiaMqlUL/zmNe2urNHrO/aGnRYAAACAvsYRCE2SVJSVriPnWnWu3dTFDpsGpHBTKAAAEJmYB1B37alRRnpqVAKe8+dM1e7KGlXsqYlpALXDZtOW7ZXa8udKNbe0adynRun+z9+uy7IG6uSpRv12w5/13vsfqb2jQ1eOzNdXHviMsrIGaPnKdUpOTtZXHviMkpx37/zdH3foyNEGfe2Lc3XoyHH95vdv6OSps8rLzdZ9c6fpU1dfHrPfAwAAAOjrTGfw1JCUbBi6Pn+QDpxt1bkLbZqYP0jZqUlyLD813e9wrUJl5SkAAAhGzL+OPdvYpKKCzps/nT7bpNNnm7qd9+yyNXpu+SsB08rMSNPVowp1prH7+6PpT7ve0dYde/XgP9yhH/7rl5SWlqqX174hm82uC82tuqJomJ781gI9/e2HlWSx6Hd/3KkkS5ImjivR4Y9O6PTZc5Kkpk+aVVVdqxsnlurk6UY9//JGjf3UKP3wXxfpzqmT9NJvt8p6+uOY/i4AAABA/2DIkJRqSONz0nXLiEEqykhWsmFEfHMqAADQv8X9epaVv9mk55av6fZ83Qmrjh4/6fM9Bw913nyqaESeCguG/v/s3Xt0XOV5L/7vu/eeuy6WLAlbsowvso2RTHzBTm0TBycGGxIMKTSGpkmANqGFnnPSEtbpWU3TX7Pa9UtL0t/paaFJOQ1JSAOmSYMNTWxwAnFqkeArwYLIyNzGFraulixpbnvv9/fHzB7NZY80I81FI30/a8may5693xnJW88887zPW7DxhUIRnHjtTWy+9mqsv2YFamuqsOsjm9DXfwlDwyNYduVCfPyGzaifX40r6muweuWV6B8cRjAURuuqJXC7nHi14ywA4O1334ciBFpXLcFrb7yF6qoK3PzRD6K2pgqb1q9GQ908vOO/ULDnQkREREQ02wmkLw0lAKgCUKy1o+LVp3ZbExEREU2s4FP4U3k9Lpx5K1qFWlc7vpjUlx/8rO32nV1+fO2fn8bdd+7C1o2tuPO27QUdXzAcxqWhEbzw1jm88PPj8ds9bicuDY8iGI5g7zMv4r3zPRgZDQAAli9pBABUV/mwbk0LTrz2JrZuasORox1YtqQRVZU+XOwdhP98D77wF48kHa9laVNBnw8RERER0VQlph2JiIiI5qqiJ1DXrlmBUx1n8e2nDuD+e26F1+MCgKRkat/AMLweF/oHhnDoFycAAC8f7cDixnrMr63GWCCUtH0+uZ1OzKuuwDVXL8PO7RvjtytCwO124l+eeA6XRwP4wudvR1WlD4cOH8fZd7rj221aexVeOfEb/OrEG3j33EX8we/eBCGAK+prsLipAX/wqZvhdrvGj+dyFuR5EBERERFNhbUyPSABoQBSxhOpmJHT4dPrT9Nbm868URMREVH5KHoCdevGVnR2+fHysQ585evfxbo1LfB63PC4XdiysRVejwtf+fp3YAU5gWAIANB51o+v/P0T8MSSj//nb/542mMJhsIYHBqJX1eEgM/nxvo1K/DC4eNYvWIxFi+6AsOXR9HZ5cf269bB7XLCoalwu5zoHxjCiV+fQXVVRXwfjQvqcGXzAjzzkyO4clEDrly0AACwZvUyvNT+Ko6e6sR1m9pgmBInT7+JdW0r4HEziUpEREREM4MJYDAYgVQE5jsVjBoSl8MG5rs1OJmHJCIiojmo6AlUALj3rl2oq63CocPHcejwifjtzY31WNXSjD23fQTffuoAAOCLf/RJrGpphv98Dx5+dC8CwRDuvnNXXsbx/EvH8PxLx+LXPW4nvvD5O3D91g8gHI7g8acOYHQsiHlVFbjhwxsgBHD7xz6Ebz7xHP7ib7+FKxctwKqWxbjQMxDfh6oq2LqxFa+9/hY2X9sKp1OLP7e79+zEkz/6GZ574WU4NA3rr1mJTeuuystzISIiIiLKD4mhsIHOoRCuqq9A96UQVAWY51JjC9gzi0pERERzi5Djc3QK4nMPfh0rly3CQw/ssb3ff74HY4EQvB4Xmpsakh63tnU5Hrj3tvht33ryAF4+1oEv/+mnk7Yloql5951uCCFy+gKQ8bp1OfH7RJcnuq0QPN6SfGZERFQQgTG9oPvnObM8JYb2QghIKZFruC8BhE2J14cj+FVvCAucAh9u8qFaE8VfgXaWSIyVpJRFi30oGc+bRETZK/Q5c6bpfMs/4f1FOcNb0/DtTJQI7R8cTr4+MAQA8Hjc+RkYEREREdEsZZomIroRT6Bmm7QzAQQk0DMWhkMVCBoGLoUNeAAoAGZiF9RyoKoKVIUpaCIionJU8L/ga1uXw9/dC//5nqwf8/AjewEA/u5e7N33Is6cPYdnn38ZZ946BwDx6f1ERERERJTONGVS8jQXEkD35Qg0U2L3Eh9W17jgHw4iYAhwMaap03UDumEAwJR+LkRERFQ6Ba9A3bFtA051nMUjj+/DA/fcmvXU+83XtsLf3YNDh0/E+6QuaqxHc2NDvBKViIiIiIiSSSlhGMaUp4oLAAs8KhorNHhNE94KDWNuFa4Cl15MVCmbaxXtTCSEgGGYEBBQVVaiEhERlZOC90AFgCNHO+JVo/NrqlBXW2273S03bsaqluak2w4dPo69+17C5mtbce9d+Vk8ioii2AOViKh8sZcf2YkmT03ohjHlv68y4ZKAgIyuHAVg8vrT1B6siXTdwLvdvRgNBJJu97icWNa8EEKJNgeYrQlUYLz/qdOhlf1zKUc8bxIRZY89UJMV5Qy/dWMr6mqqcOjwcZzqOJvW29Sy6HR9WgJ11fJm1NZUYevG1mIMlYiIiIiorE23OkKkXMqm56mV4BxPtSYnUyWAo6+dQd/gJSxsqEt67IXeQfQODOG31q4GRPrjBACI2dF5dXwhKYD5UyIiovJRlApUIpqZWIFKRFS+WElFdqSU0A0jOlW8yBk6wzBxsX8QgWAYAsmJ3EhEx1v+C/jolrWoqvAmPS4UiuAnh4/iyqYr4HI60vbrdbvQMH8eFEWUbdVmYjsFKSWcDg0KF5QqOp43iYiyxwrUZDzDExERERHNIqWo1ZRSouvd8/Bf6EdDbXU02Zl4P4CVS5vgcTnTHqtpKlYsaUIgGEYgGEp6nCGBt/0XMTw6hpVLmgoybqC4rQGsQ021Ry0REREVHxOoRERERESzSGKlY2KCzpQSSoESdhHDwHvdvdh4zUrMr6mKjiPhfhkbl93xFUXgquXN0XntKSSAvsFhHPv1GSxrXgCHVt5vXyQAVShMnBIREZWZ8o5AiIiIiIgoiaJEV3k3DDOeRJVSwtBNDI6OTr9Jqo2wriMUicDncUNT1aT7Uqs8UxO7QgioEyQUfW4XwhEd/YOX4dDUjNtNhRSA2+mA1+1KaklUCDLW+FRRmUAlIiIqN0ygEhERERHNMqqiABIwZTSJeml4FMc7uhAIBKAWoIrTNCUuj4zZ3pePZOHQ5VEcO/0mFCW/iUdpSkQiOlqWNGL18maoan4TtIkURUBV1IJVARMREVHhMIFKRERERDRLJCYrNU2FKRVEIjrOvHMOtdUVWL3haqj5TkJKIBQOo/34GzmPMVs11ZXYeu3VcDkceV293jQlhkcDOPpqJ+pqq9HUMD9/O08kACVlEU4iIiIqH0ygEhERERHNGBJIWsN+esk2q9oxEtGxrHkB3E4HnI78vAWwpqRLKWEYZnyohVocyaGq8Hpcea3glBIQioKFDfPRPziMxQvr87bvVEycEhERlS8mUImIiIiIZpnEZF20BamAEApURclbFaTV21RCQNVUmKbE4PAIvB6X3XpQUz0KBoZHACmhqtHp74qi5GvnAGKLWykKTNOMXyciIiJKxAQqEREREdGMYS20FLuWt1xe/leOGk80Sjg1FddctRRHjnWgdl4lhKJMs3Y2yjBNDA5dxqYPXAUttoBUvitcBaZb50tERESzHROoREREREQlJu1KNvNaCZm86n2+WOPWNBUL62ux47r1uHR5NC8JSRk9AOZVrYDX7YJDU+PVs4VqE0BERERkhwlUIiIiIqIZQpdAUAKqAFyQUMskSagqCtyuaH/VeZW+vCU3rUSpEJxaT0RERKXDBCoRERERUakJAVNK/GYogJPvX0aFpuL6pfMwz6Ehvx0/8ysxqRlNdMq026fLrtqUyVQiIiIqppkcjxERERERzQkSEpfCBl7vD2LLkho0zveh3X8ZuikL0L20cPK1QFXqPomIiIhKiQlUIiIiIqIZIGJKOBWBWqeGKpeGsGHE+4ASERERUelwCj8RERERUckJ1LhUVLs1/PTdIZhS4Jr6SjhYfElERERUckygEhERERHlyFp93loR3rqc7WMSrwOAAOAUAlsX+BAwARWARxHx1ezlNKpQy6sJQOlN57XOJ7YuICIimjlKmkAdC4TQfrQD7UdPw9/dCwBobqzHlo1t2LKxFV6Pq5TDIyIiIiLKyDQlABNmLOGmCAFAQFGSF1ZKf5wJKSVMGb0MxBZKij4Anth2hgkYeRinrhszJik4U0lEf57hiF7ScQgR/f0REFAUJlGJiIhmipIlUP3ne/Dwo08DkNiysQ237NwCAGeRSiwAACAASURBVOjs8mP/wSPYf7AdD93/STQ3NZRqiEREREREaaSUMEwTumEm9Sc1AAgBqFKBqqq2jzVNCcM0YsnX5ARZYr/T6O3WvqeXRJNSsgo1g8TE8kx4hUzThGlGf/4aFCiKwiQqERHRDFCSRaSs5OnathZ89Uufx523bcdYIISxQAh33rYdX/3S57G2rQUPP/o0/Od7SjFEIiIiIqIkUsp48tQwopWj1qrz49PyAcOU8ftT6YYRz7kmJsbG92F95RuTcOUg8XcpYhgwY79zREREVFolSaA+9cyLaG6sx7137YpP029/5TTaXzkNAPB6XLj3rl1obqzH3n0vlWKIRERERERJrMRWvHrU5n5rG8NMT6BGdCNpW/tjRL8QPwITn4U0k6s7BUS8xQMRERGVVtETqH0Dwzjz1jnsjk3Zn8junVvQedaPvoHhIoyMiIiIiCgzKSVMM7uKwOi2ZvJ1VhNSDuK/M6UeCBERERW/B+qp02/C43ZiVUtz2n2BYAhnzp6LX1/V0gyP24lTp9/Ejm0bijlMIiIiIqIpkbGklyklVOs6s2CUIyFEtDGrlIllyURERFQCRU+gjgVCaG60XxjK392Lhx/dG7/+2NcfRHNjA8YCobwdPxAM4x8e+yHOvtNte3/tvEp84b7fwXf2HgAA/I/P3Q6P25m34xMRERFRGcshj6Uk9TiNPpR5VMqWlDL2O8TkKRERUakVPYHq9bjg7+5Nu91aSCqVv7sHWza15e34bpcTD9xzG3Qj2oPq3354CEPDo/j9370JLpcTiiJQ4fXigXtui29PRERERCSEgIhlQKWUE/QxFRBSQlGU+HUAEIoA2NKSciFYfEpERDQTFD2BurZtBfbuewmdXf6kafzNTelVqZ1dfgSCYaxanj7df6qEACorPPHrTocGVVVQXVWRVGmauA0RERERUTRpCqiKAt0wMiZRpZRQVSXtPk1RETH1Yg2XypwQAmosCT9Rwp6IiIgKr+gJ1LraKqxctgh7972ILz/4mQm3fWrfi1i5bBHqaquKNLpx//LEcwCAz3/643j2+ZfxasdZLGqsx6+OvwGn04G799yI/sFh7DvQDl03sHvnFuz6yCYIAQRDYfzgucN4+WgHTFNi66Y23HHLNlazEhEREZUxIUR0WrWqQJUSRsoK6dYCUYqiQFNVm8cDmqpAN8x4Qsx6TKGSY1y0qvxYvxuaqkBR0hPxREREVHxKKQ56z103oW9gCI88vs922v5YIIRHHt+H/oEh3HPXTSUYYbpz3b1oWlCHv/lf9+LqlYvxje8+i653uvHlBz+D3Tu34IXDx3D+Qh+kBH7w7GF0/OZt/Ml9d+D/eeiz6L7Qh/889MtSPwUiIiIimiYhBBQhoGkqHJoa73MqEe156tBU2+SpRVEU221kIb7ylDyNLoJVPl/5krRfFOhnlPIFAWhq7HeLyVMiIqIZo+gVqEC0CvWh+/fgnx7fhz/768ewdVNrfGEpf3cPjrzSAY/HhYfu31OS6lM7jQvrsGVjK3xeN65duwqvn3kXN31kE+rnV2PN1cvw/M+P4WLvACp9HnR0vo2P3bAZLUubAAA3ffSD+MlPf4VAMASP21XiZ0JERERE0yWEgKqqmCBXavsY67uiABpyeHCOEhOJpmlOaxkiKSWC4Qh03bBN6Pk80fg2GA7DMEpT8Sohoakq3E5H3pKOqqpCU5P72BZSoauRiYiIaOpKkkAFoj1P//LBz6D96GmcfK0Lhw6fAACsXLYIu3duxpaNbfB6Zk6y0enQ4gsBANHFpaoqfQAAn9cNpyP6Ug5dHkUgGMZ39h7Ed/YejG9fO68SwVCECVQiIiKiWSTXpFdiYrMYiTIhBISYXiWjVc1qSpmUiI1WZwLWKvGmiXhbg0I/t9TXXUoJqUQrRae1X0SfjVUBWkxWSwf2OyUiIpp5SpZABQCvx4Ud2zZgx7YNpRxGXlVX+uBxO3Hrrq1Y29YSv11RBCp93hKOjIiIiIhKLTHhV4zj5GVfEx5j/HkoiihoVW0iKWV0hXpYLRQkFKFMq9LWoqoqE5hERESUpGgJ1EOHj6Pz7DkEbHqeZsPjcWHV8mbs2LY+zyPLr6pKH1pXLcXP21/FlYuuQM28SlzsGUBv/xCu++CaUg+PiIiIiPJoqom28krQTT5Wa4EsUxRnCr+mKhApFaIC039dFRH9KtXPp7x+L4iIiOaOgidQxwIhfO3RvegbGMLathUYGwuib3AYWze2AgD853twquMsbrlxMwDg2edfxtrW5WhuivZEPXK0A3U1VfC4Xdh/8Ajaj57GF+/fM6Om9ycSArjjlm34wXOH8fV/fhoRXUf9/Hm4ddfWUg+NiIiIiKggpJQIR4z4FP5CH8vrdsFZgCn20ZYHTGISERFRsoInUPcfbMdoIISvfunz8Hpc2H+wHejyY/fOLQDGE6iLYwlTANi9c0s8gdrZ5ceqlmbs3rkFY4Ht+Kuvfxf7D7bjztu252V8n//0xye9/ZYbN8cTvACw4ZqV2HDNyvj1muoK/O1ffD5+3e1y4vdu34Hfu31HXsZIRERERDSzCRQ87yiTe5zOnF6hVi/YKKuXKYRA/I7Y5fHxWt1WiYiIqBwUPIF68nQXbti2PmPFqJUofeTxfWm3pfJ6XLhh23ocOnwibwlUIiIiIiKamEC0MjNzP9TooquOAr67SOwbq6qFWeApH61pTcRSowkJX6ZKiYiIylvBE6gDg8NobrRPiAJA38AwAGDPrdcDAPbuewl9A8Ooq62y3b65sQH9g8P5HygREREREaURAnC5HHBK+7cOItYz1KEVb33aQlWfmlLCNE0oipLD/gWEiCZLQ4ZE0DBR6YgmeEd1E5oi4FGZQiUiIipnhfnoNgf9A0MAgB3bNmDHtg1JtxERERERUempigJNVW2/rCnr1lehFfIYAoBuTL2Pa38ggme6+uEP6OgJG/jpe0PoHgmnTN+3jkRERETloigfE/u7e+MBQ//gMALBEM6cPQcAaD/WAY/bFb/ucbvQfqwjvn0gGEL/4HD8fn93bzGGTERERERUUvlKFEZrI6e+r2wqMYvZi7TQx5JSQjcMKIoCJcdjXeFzYktzNX7iH4HXqeDqajeaK11JP8uZ0beViIiIclGUBOrefS+m3fbwo3szXm8/2oH2ox3x6/7u3qTrRERERERzgQRgGmYs/Tm1JKhhGHnp7TlXCCFgGCZMU44nULPMeeoQkFLAq6lwCEBVBCKGCUVEfwCKUCCU8d0xmUpERFQeCp5AfezrDxb6EEREREREs46UEhHdiK/oPpVUmwRgmsyeToWUEkYs8zxZolPGFozqC+o4fXEU6xqq4FIFzvZdRrUCLPJqkJAwYUKYChyaWoRnQERERPlSvE7vRERERESUFSt5Cky9SjFx2jhTqLmxXvNs2ijIhCRrlduJbUtc8EkDQgDzG6uhINpGQSDaK9aUJmREwungWzEiIqJywb/aREREREQziNWDc7ryNT1cSolQOBIbU/I+TWmiwuMBBBAMhUtW7SoBaIoCl1ODouRvndxc+7+6hYQbJhC7rVJYC1KJ8W1ji20ZhglVVTiNn4iIqAwwgUpERERENINIYEb1LJUSMEwThjGeGBy/T8Y3Mk0Jw5z6CvbTIaWEIqzXLnXF+2ITGS4nM6UJFflL9hIREVHhMIFKRERERDSTxCoUoxez68FZDBLp6cDExZAcmgrFjPVqLdR4M2SWJQBVUcYXfZrBhIhO5YecCcleIiIiygYTqERERERERZKYMMucPIsmISVmRuJ0IlY6U8poMlXN4/R52+PFXg+HqkBRynf6+/i4y3P8REREcw0TqERERERERSABhE0JTYmmzUwAhmHCqSrJabQZMxU9FxJhXYduFH4Kv5SA4nFBVcvltclAFK5Ql4iIiPKLCVQiIiIioiLpvBSE16GgscKJrkthSNPAmjpfWtdMVVWiPUfLhoAiFKhFaOkppYxW6JZVgjmdpqplPX4iIqK5hAlUIiIiIqKikKhwanhtIIg3hk0EQmF8qLHCdktFCEhF5LyqfWF6pkYTlYqSuoCUdZzo/S6XY3xOf4EJpTwSj3Y/DyklNI3JUyIionLCBCoRERERUZE0VThwLgSc7AniY8srcYUrfR12IUQsYanAMIycpsVbCxSZsSrNfCTpFEWB1+2adDuVCcE01s8jsVrW6XCkJaOJiIhoZmMClYiIiIioKATOXgrg0mgEGxuc+OU7g8DCCiytdEMR48sJyYSV5lVVhTLJwkyGacI0ZVK1Y7HTc4WpfJ1ZEn8uiqJAVcSkPxsiIiKaHZhAJSIiIiIqEmmaWF/nRr3XgSvcCkYCYaBy4sekTv9OTVJqqgqpRKtODcOAzPM0+nLvNZoP4wniaFJbTUicZvvayHz/YIiIiKhomEAlIiIiIiqSFTVeKAJQAFzpc8DwOmyn8GeS6T4hRHQ/qgpdN4qS9EyqeJ0jCVZViSZPp/J858prRERENBsxgUpERDRNE1UV8Q0zESVyJGRLVQBq7BSRjzOFlURVFQW6YeRhj+Wl0G0EFJuFtIiIioGxJlHpMYFKRESUg1ynYNptz0CXaG4SCf9GFWZKtxDjixfl63xjmmZaawAJCUhAVaNZYVPKQj2l7IhokrNw+587lbZEVDqMNYlmJiZQiYiIJmEXmE52m13gat022XZENFfk//9/IabTSwkEQhH7qlYpUenzAgCCwTB008zrsbMmJRyaBrfLUZDz6lxqU0BExcdYk2jmK3kCdSwQQvvRDpw63YX3zvcgEAwBAFYtb8aqlmZsvrYVdbVVJR4lERHNNalBa+L1ie5LvW2ixV+sCrHE60RE+ZLfc4pMO4elnQtttsmniaboS+v4BTly4lHGx8JzNhFNB2NNovJS0gTq/oPtOHT4BDweF1Ytb8batuVobmxA3+Aw/Od78F+vnMb+g+3YsrEVe27dDq/HVcrhEhHRHJApYLX7rsRWYba+WxVKUsq07U3TzDilNrVagMEtEU2VlDI6lb4Ikt6YC8ChadDU4lSgShltVZB4XVWUAtT0WvuXkCaijWuJiKaBsSZReSpJAnUsEMLjTx1AZ9d72LFtA3bv3IKxQAjnunvx3vkeLG5qwKrlzbjztu04crQD+w+242uP7sUX79/DJCoRERWM3Sf/iQEqMB64WoGsHbupnqqqxnoIJge8qVUCdrcTEWVLAjBKNY0eSOuTmtd9I5o0lRJwOrRowtSuGrUA51AhRPS1NUyoqv1xc8VzPdHcw1iTqHyVJIH61DMvorPrPTx0/x7Mr63G408dQPvRDgCAx+1EIBgGEJ3Gv+fW6/GXD34GDz+6l0lUIiIqiImCWeu6oihQ1emVHiUGwoZhxIPc1CA4saqLwS3R7FHo6e1SArphQJoleGMsJSK6Dt0oTvJWU1Voqv1zLORzN0wTEMiYvC0W/o0gKi+MNYnKX9ETqEeOduDlYx348p9+GgDwZ3/9GObXVuH+e27FuraW+Hb+8z146pkX8ZW/fwJ337kLD92/B3/19e/iqWdexL137Sr2sImIaJZKDWhTP7XPRzBrR1VVKIoC0zRhxqrFEpMrrBAgmp1yXV05m/1JGZ26KSFhmsWZvm9JeDs+/gY9dX59vkkJgdKdH3XdgKlIKIqAOkGF2ESyWZTK+ntkmCYgASkAVShQlMz9Dolo5mGsSTQ7FD2Buv9gO265cTPm11bjK1//LlYtX4R77roJALB334vwn++Fx+PCnlu346EH9mD/wXbsfeZFLG6sx+6dW/Dtpw5g984tXFiKiIimza7XVGJQq2laQQNKIQRUVYUQAobd6tYYrxBgYEtU/oQQ0A0DhmHmdbGjxLND0c8V8TfigMflLOihpAQgos+31OdEKSV0Q06p4tYauUNTJ5yiqxtGUkJcSsCEAcUANE0t+WtARJObKNaUUkLTtAnPA9OVGGvqum573mCsSZSdoiZQT57uwsDgMHZs24BDh49DArjnrpvg9bjw8CN70Tc4jK0bW9HZ5cfXHt2LLz/4GezeuQWdXX7s3fcSvnj/J7H/YDvaj57G7p1bpjyOQDCMf3jshzj7Tnf8NiGA+vnzsOfW7bjm6mV5eLbZO/7rM/jGd57FH372Fmy4ZmVRj01ENFfZ9Z1KnOY01eSp9fhcAlElNhVU13WYppkWSDOwJSp/0YRbNHkKlD4BmAshAK974hZa2VRUTlcxppta6UqRckus5jWWvI0PKL5VrmOSUiIS0WPJk+TXzvpdSa0mtrYwpYSuG9AmScASUWlNFGsCgMPhmNK5YypxoaIocDgciEQiSYtTWRhrEk2uqH9xO7v8WLlsEbweF44c7cAN29bD63FhLBDCmbfO4d47d2H3zi144N7b0D84jM6zfgDAnbdtR+dZP/oGhrGurQWdXf68jOfG66/F3335Pvzdl+/DV//8c1jb1oLvPH0Q/u7evOw/W2tWL8Pfffk+rFkdTdwe//UZ/Pc//0e89e77RR0HEE0uf/Ufn8S/PPFc0Y9NRFQsdlUAVkBrBZi5BJARXYdhmOjrv4RgMIwLPf0IR3SEw5H4vicjhIDD4UiaamU3zYuIyk/0PCBhGGZREo35Zo15oq9ijqPYJJBWMSyjA4IQU+tWYC1KpRtGWkWa9bsy0WNNKaEnJGKIaGaZKNa0Yr5sz2f5iDMBJB2XsSZR7opageo/34PmpgaMBUIYGBxGc2ND0v1jwVDSdeuT7uam6Hb9A0NobmqILzg1XW6XEzXVFfHrO7dvxK9ffwtnzvrR3Fifl2Nkw+nQ4EwYBxERFU6mKVSJ0/azdWloBOfev4jRsSDeercbToeGkdEAXC4nBASqq3xwu5y4du1q+LxuAJNXKWmahnA4bBvAsjqAqPwk9bGkGU9AxhOmAsnn2sTq1Fg3gWmTUsKUEmrCeT3bZIhpmkAB+iYS0fRMFGtKKbNOnhYizrRmWYXD4Yz3M9Ykslf0Hqhejwv+8z0AgPm11fHb1rYux+NPHsCZTa04+VoXFjXWY1VLc/xxHrcT/u4eNDc2IJCSaC0U3TDw/IvH8PzPj2EsEMIHrl6GT92xA/OqKmCaEi+1n8J/vvBLDI+MYV5VBX77Yx/Cb224Go997zmMjgXh8bhw+o238anbd+CZn/wXPnnr9fEp+v/yxHMYuHQZ/+Nzt+P9i/34xnefxR9+5hYcOnwcR091AgD+3//zfSxf0ojP7tmF//3Nf8fGdVfh1Oku9PQNYm1rC27ZuQXf+8ELePu999G0sB73330r6udHX9PXz7yLJ3/0M1zsHUBDXQ1+97c/iqtXXom33n0f3/jus7huUxuOHO3A4KVhLF28EPd9+uO4NDyK//0vP0AgGMZZAEdPdbKtABHNKpMFtE5ndv37AoEQjv/6N+i+0IvRsSBGRgPJG1wehRBAT98AmhbWo7f/EsKRSjg0NfqhmXPi9gAOh4OBLdEsI6XJ/7cznoz/a/2kDAiMSIHBoIlKp0CVCmixqfx5Pmz8/J5NBRgXfyGambKJNSf7P1voOFMIAafTiVAoZNsGhLEmkb2iJ1D7BoaxY9t4Ram1GNQD996GQ4eP4+RrXVjb1pLW4zQQDKO5sQH+7h543PlvUG+aEsdfPYNAMISVyxYBAF468ipeOHwcn/mdG7Gk+Qr8x4//C9//j5/hvk9/HC8f68APnj2M2z/+Iay/ZiXeO3cRPX2X4lN43njzXWxcexX+5x/fCWcODfV/744duGrFYvz7/p/jc7/3MSxdvBB6bGGR37z5Hv7ws7sxeOkyHvveczj7Tjc+dfsO1M2vxr9+/8c48LNX8OnfuQH+7l786/d/jN/acDU+et3teP3Mu3ji31/An9x3BwAgGAyho/Md/Lff/wR0Xcc3v/ssXmw/hVt3bcWff+H38H//7ceorvLhU7fviH+SRUQ0GyVOqcomoDUME692vImjJ9+AaZrx87P9vqMBaIXPC6/Hg0hERySiIxzW4TYccDodcGj2lUPWFKtwOBwPbBnEEpUn641oOUsdf6bzUTF6lE5mem/6BQAR73EmJdAfMdH+/iikokKREqtrXVju0xA/e+fhuVqvbvx1FkjvGWD3uDL/vSKaC3KJNacSZ/q8npzjTGA8icpYkyh7RU2grmppxqnTXfB6XFjUWI+Tp7uSqkx3bNuAHds2pD3uSGzKfnNTA44c7cCq5c1p20zF/oPt2H+wPX69qsKLT92+A4saGxAKRXDitTex+dqrsf6aFQCAXR/ZhG99/8fo7buE9mOv44MbVuMj162HEEhqBQAAq5Y347Of3AmnU8Pg0EjWY/J63PB53RACqPB5UFnhiT/++q1rsWhhHebXVKFxQR3q51fHx9aypAnnL/QhEAzjtTfeQnVVBW7+6Afh87qxaf1qHD3ViXf8F1BXWw2HQ8Mnbv4QFi2sAwAsXbwQ/QPD0FQVVZU+qKoCp0NLe05EROUstSLA6vtkmmZWK6Be6OnH0ZOv4/z7fYjoetbHrK6qSHpDrxsGRsdMhMI6qio8UFXFNmBVFAWapkHX9Xhf1MQAl5UBRFRMhmHClGbatHYIQItNI9cNI6vEX6EIIdIWZJoKqw7VVBT4h4JorHFhTbUbZy9H0BPQsdijQlWmf/4dP5cnX1eEAikmnsYf3a78+ukSzWbTiTWnGmfOq66cUpwJMNYkylVRE6jr2lrw7PMvx6pQN+DbTx2AEMDJ17rQPzictr3H7cK6NdFFozZf2wqvx4VTp99Mq06dqhuvvxY7tm2Arhv44XOHMRoI4qoViyEEEAyHcWloBC+8dQ4v/Px4wpic6B0YwqWhEayObWunssILpzO/L29q5W1DXU388rzqCpy/0AcAuNg7CP/5HnzhLx5J2r5laRPqaquhqtHSfiKiuSLTdCorsJ2o76lhmnjv3AWcfO0MevsGMwa1lRVehMIRVPq8MGP7VlUVlRXetODTWn358kgAXq8TrgytAzRNi6+Wmvg8AAa2ROVECAFFKDDM8pzGL6VEKBKBrqdUQ8WeSqXXCwAIh/UJK6YKTdNUuHOY+ZWJjE3RF1LC59Tw9qiOHpeB3rEIfLFkRHQbMe1mqHYLYymKwARrSMXGCChqUdcDJqIJTBRrWjGhnVLGmQCgqirC4XBSWxALY02iZEXNojU3NWBRYz32H2zHvXftwqHDx3Ho8AnccuNm26pSf3cP9h98GYDEnbdtj1eLbtnYlpfxJC4idcctH8bff+Np/PQX0fG4nU7Mq67ANVcvw87tG+OPUYSApqmYV12BgUuXY6XzuR1XymjLgEK5or4Gi5sa8Aefuhnu2EJcQPT5vn+xv2DHJSIqB6mB7WSLRvUPDOHU6Tdx/v1e2/urqyqwclkzqqp8qPB5UeH1IBzRoaoKhi+PYn7NvOhqybqRNt0yHNEhAtEpoy6nw3b/qqrCMAwoijIjpscS0dSoajSBWqw3o2nni2lO97ZbiT71BhlbgKkUpJz2U4xL/OksqXIhYEqcfH8YDV4nVlY74RDjB7LynFNNZSqKgJLy+yCEgKYqiCQkrBN/Z6SUcGgqVCVzZRkRlU4ui0aVOs60FpVirEk0uaKXIVqVp6tamvHQ/Xvw8KN7cejwCQSCIaxrW4FFjfXwn++Bv7sXhw6fgMfjwh/fcyv6B4Zw6PAJ7Ni2AV6Pa/ID5aiutgrXb1mL539+DBvXrsKChlqsX7MCLxw+jtUrFmPxoiswfHkUnV1+fORD67B+zQrsP9iOpYsXYM3qZXjv3EX0Dw7jI9etS9u3y+lAZYUXb5x5D21XLcXb713Ab7rew4KGWtuxXFFfC6fTge4LfVjSvCDn57Jm9TK81P4qjp7qxHWb2mCYEidPv4l1bSsmfazH7UTTgjqce78XQ5dHUV3py/n4REQzSTYroWZysXcAL7WfQE/vYNp9iiLwwfWt+EDbCui6AY87/W9TXWyxRMMwEQxFEAyFYZrJC4SEIzpMU8LpsG/473A4oOt60sIiicEtKwOIZj7r/6jL6UA4oiN/a7jnNIjpPDg+WrtKJ2v3ToeGST6Tyhu7Z6OItAYDOUioukLs3AoJpwDaatxYXeOBCgnVqjyF9VOU8UfldDQpoSoKNFVNek2ty2rs9ohuJGeHY8UcTJ4SzRyTxZqZPqyfCXEmEI01I5FIUs9uxppE6YqaQPWf78HeZ15EbU0Vvv3UAeDOXfjLBz+DI0c74tWoltqaKmzd2Iod2zagf2AIDz/6tO3iUvn0wQ2r8YtfvYZDh0/gU7fvwPVbP4BwOILHnzqA0bEg5lVV4IYPR3u0Wvf9x3/+Ak/8+wuoq63GJ26+zvaTb6/HhY/f8Ft44t9fwOFfvoqlixdibVsLLvQM2I6jaUEddm3fiL37XsKzz7+MP7z71pyeR3NjPe7esxNP/uhneO6Fl+HQNKy/ZiU2rbsqq8d/bMcH8c0nnsNDf/UN3HLjFtxy4+acjk9ENFMlBoVWP6pMDMPEe+cvYvDS5bT7rmxegA+ub8UV9dEPwhwZ9mMFm5qmwqeq0DQVwWAYoXAkaUy6YWBkNIjKCo/tPqwqVGuqJwNZovJj/Z91OjSYpoQpJ5mjPf0jxi8pilLwdK01w8owC/28olwOx4S9/aYjMSmsCgFNICmBmWxqx1cVddKxCyHgdGhpU2rtx8q/CUQzgV2saff/c6bEmdZ+rCpUxppEmQlZpOUb/ed78PCjT8PrceGrX/oc/udfP4aBwWGsbWvBnlu3o662CgDQ2eVHc1MDvB4XxgIh/PQXJ7D/YDs2X9uKO2/bXpDqU6K56t13uuN/JLP9ApDxunU58ftElye6rRA8Xvb+nYvs+lBZX26327YnlZQS752/iF/88lRSYKsoCq5ctADXtLZgYcN8OKbQTzoc0TEWCCEUiqTdN7+2Mr4YSyJd1xEKhaAoSrwqSYlVH9n1z6O5ITCW3SITU8VzZuEUe/X0YCiM9hNv4KrlzWiILSiarej5GtyZHQAAIABJREFUEwiEQvEp5anTyat80R6oY8EQ9Ngb8EKSUsLrccGZp3LXkbEgOt58D4DE2tXL4gs0qaoywaIv06sinvZCV7HkBhOoueF5kwoh11hzpsWZAGNNslfoc+ZM0/mWf8L7i3KGt5Knq5YvQudZP/7srx9DIBDE3XdG+6D+r795DM2N9WhuakBdbTVOdXShs8sPf3cvamuqcPedu7B1Y2sxhkpERLNIYpLCbnpVpob+EV3H2+92p1UF+LxurF65BIubrpjymByaBp9XpAW2QgiMjYZQVeVNe4ymaQgGg/Fxp1YGsEqAqLwU//9rMY4noSoCUhZhYSMRfUaFOvcJRSRNrU9PVCYmwEt77uW5n6i0Joo1E1e1TzTT4kwg2jbEjC10yFiTyF7BE6hW8nRtWwvuvWsXHvnWM+g868dD9+9Bc1MDtm5shf98D06ejiZN+/qHAAArlzfjlp1bsK6tpdBDJCKiWcyud+hEydMogb7+S0m3OJ0OXL1yKZobG6Y1HiEAh6aiwufGyGgwaZwRw4CuG9C09LFZgW1qEjW6Twa0RFQY1orzqqIAWnq60JTR5aWEEHC7Mq/0XE40VU1LeiSfZwVk/JWwLhX3PMzzPtHMkSnWzDR9fybGmdY0fsaaRJkVPIH6T4/viydPv/XkgaTkqaW5qSF6fWehR0NERHNF6hTZxGoAKWXGaZmmacJ//iKCoTCA8cqj2nlVWLakEc4Mq5jmyutxIRAMwzDG+wVKUyIS0W0DW0VRYBhGWnUAEVGhCSDjCs7xbYpcpVTINgg8sxJRNqYSa87UOBNgrEk0mYInUAOBIIQAHn/qAE6dfjMteUpERFRoqauhZppSBUSDx/k11Vi7ZiUujwRwaWgYo4EgKn1eVFVW5G9MANxuJ0YTqgMM04SZ8Kl/IiFEUkArU7ZjkEtEhTLZuaXYPV0BVkMR0cySbayZGGcOXx7D0PDlaJxZUdo4E2CsSTSZgidQ99z2Eex95mfweNxMnhIRUVElTqlKvD5RACilhFAU1M+vRV2thBBNGBkdQ+OC+XBOoZl/JooQUJRog34zYdXqYChiu2CioihJ408aL4NZIiqhyRaLLBdCAKqaXQ9XYXOJiOaeXGPN5DizBkKIGRFnAow1iSZT8ATq1o2tXACKiIhKyi4QzLyyMuLTnaxgsbqqAo48rfacSFUUSGkm3aYoAoZhpk2vsoJaS6YFpYiIKCrXpZ6EEFBjq04TEeUil1hzJsaZ0fsYaxJNpAjLZBIREc0MiZ+qZwpqdd1Ie6MdXUQl/1RFSVvMyjBMKDYVUJmqAohobuP5oPT4MyAiy2QVqLpupN1W0DhTyS7OjI+DsSZRRgWvQCUiIiq21E/Pre+JAWGm3lSqpsIwkz+th5QoxIfupk2AqioKTMOEklIZYE2/Sl3llYio0EzThK4bMKRM+oBJAoCUcDmdEAIIR/SSnpuEEHBoavzcPj5Wa0ysniKi/Mgm1rRLoqqamjSlPrZh4eJMZBdnRochbb8TURQTqERENOvZrZKaKYFqGmZsFdLx4NaUEqYhAftFS6dMydAby64Hn7Wiq7WN9Z3N/YnIMvE5YHpvhCOGgYhu2O7f5QSkBCK6Dt0wS3IeklJCU9WMq0sXEs+7RJRtrDlT40yAsSbRZJhAJSKiOSWxAtWOqio2n7iL9KrUPNANIymAto5vxzCiU75YDUBElugbdAnDNCY8N0T0CMxpnToyv1lOPK4QCoQoTCXVZASEbbLAujcbpikRCkcyJgeEEEnPTSC6QIsQkyVRWQFLNJdMFGvO1DgTYKxJNBkmUImIaNayqwawvmdKoAKAy+VI6lFlmmb8a6LFp3IdWyikp90efYOe/ibbriogcV+sBiCaW6SUMAwDRhaZ0WK8FxYCcKgKVEWgcInC8SeiKEp6wlSkHtk6Z1pjnGxcE79Q0Uqs5O1NaUJVVSgZ9m+XOpUAgoaEQxFQARgAIqaESxVcoIKozEwl1pyJcaY1DsaaRJkxgUpERHNCaiAYDofhdrvTtrMCS1VNnl4VCIbh9bjyNh7DMG2rDZwOzTZIjUQieTs2EZW3aPLUzCp5WixSRquddCP/VVR2PG5n2nT9TFVT+UxKpO9bAtKA4pjkbZVEPItqAnj1/Uvw+dxYVu3G2UtBhEIhrF84ryBjJKLiyCbWnKlxJsBYk2gyTKASEdGckBoohsPhjNs6NBVBoSD6NjfKMEyMBULwedOTrrmSEgiFI2krsTocGlwuh21QGw6H+ck/EQGIJVBjlUIz6bxgSgmzSFM/7Q6T6bWQpkQhSzutBQEz/ywSlrOKLcS1pK4CPz83gndGIgiEDGxtquAEf6IyZxdr2p0bCh9nypzjTCklY02iSTCBSkREs5YQIqU/n4h/NwwDkUgEDocj7XFOhwaHpsAwkh8/MhqEw6FBU1UoytQDzHA4gkAwnFap4Miw+EkkEoFpmtA0Lel5pD4vIpr9Uld5LtJRJ7k3mhRUVRVAcp/QQg1HiZ3fMyZNAViJS0OaUPO9OkuMdXwjQ5WrSLsQVePSsLjGg2O9YWxs8GK+S4X1SvKMTlQ+Jos1dV1PizULHWeGwnpOcSYA6LrOWJNoEkygEhHRnJIYAAaDQdsEKgD4vG4EgulVqqNjQfi8bjiV3P+EmlJC1w2MBUPRaZ8JVFWB06nZBqiBQMB2/EQ0N5Vi4r6mqhkXaRKInpvcTvvzaaFkez5UReE7i2adzxYCJoC3L42h97KOD9Q60HM5iLcVAyvnedkDlWgWyCbWLEicaUrohoFAjnEmwFiTKBtMoBIR0axn9ym6EAJjY2Pw+Xy2VUOqqsDrcaV9gh8O6wCCMN1OuJz206Ay0SMGRgPB2D6Sx+NxO+G06aFnmiYCgUBspWdWAxDReMKyaMcTwvb8lHj/TCayruSa+vPI9ZHSMLG23oN6j4aeMRXBCdrKENHMl2usWZA4U889zgQYaxJliwlUIiKadRKnU1mXrUA2cWqVlBIjIyOoqqqy3U+Fzw3DNBEO60nBbSRiwDCCMAwTLqcDqpoecFpM04wG0IEQRkaDtttEqwLsg+TLly8nTVO1ex6Jz5uIZj8hFAgxvsJzIf/vW+cfuymq1v0zUeIrkv0CUlN7LqaU0NTsWgQIRNuxrqj1QQEgBLDIp0H6HBBIWmuKiGawfMSaMyHOBBhrEmWLCVQiIpozEgNC62t0dBQ+ny/Wuy99e4/bFWusP/5pfnQFbInRsRBCYR2qosDtiga4EtE3xKYRXeTFNE0EguGklVYTOZ0aKn2etNWkAcAwDIyOjkJV1bRxE9HcJcT4+WymJjBngsRXJvG0mcviWxO9vtY+NFXJqV+hAiS1Q+C0faLZwy7WHBkZsY01c4kzXS4HtDzHmUA01hwZGYGmaYw1iSbBBCoREc16qYFgYnAopcTly5cxb94828e6nBqkdAJA2pQoKSUiER0RAMFQeLxCIL4StYhXiNmNyeFQ4fW4Mga1w8PDGYPZTJUBRDQ3aKoCA4BuGElVUPk22XlmLp9/pJRQFAWqzbTXXMzl15Botpgo1gSQMdYsZZwJRGNNa+o+Y02iiTGBSkREs5YV7CUmF1K/FEXByMgI3G433G637X5cTic0VcWQOQbDMDNWJKV/+m+/naIIODQNFT53xqA2GAxidHTUtiKAU6mICEDszXR0CvlElZKKUOb2tPAsn7wQAqqipJarpu0n4QwMRWGlFtFclo9YsxRxJsBYkyhXTKASEdGslNqbKjWQNU0z6Xt/fz+uuOIKaFr6n0YhAE1TUVXpRTgcmXCq1GRjAiS8Hhd8XvtkLQDouo7+/v54RUDqdwa3RGT9n1cUJT4FPNObbl015+Q5QthcmnB7ISZMNhARJco11uzr68OCBQvSYs1ix5lANNbs6+tjrEmUg5ImUP3ne3Cq4ywAoLmxHmvbWko5HCIimsUSA1pr2mXid13X0dvbiwULFmQMEB2aCk1VoGkqQuEIDN1ERI9Ot5qoDWG0SizaJ9XjcSb1vkslpURvby+klFBVNZociX2lBrZENPek/t/P5s3t3DxfJC7HZJ2gkxe/4utFRPk0WaxpmuaEsWZqnKnrJvQ8x5nRfUVjTQBJcSZjTaKJlSSBOhYI4dHH96HzrD/p9vk1VXjgnlvR3NRQimEREdEslDi1KtO0KqsyQNd1DAwMYP78+RPuz+V0wOmI/gkNhSMIhyOQEDAMEwKAEdsfpITL5YRQBFwODao6+VIhAwMD0HU9vnCUXSVAYj8qBrdERLmQiLUQjP1diN7KMykRTVU+Y81Cx5kAY02iqSpJAvXhR/eif2AIe269Hls2tsHrceHI0Q7sfeZnePjRp/HVL30OXo+rFEMjIqJZJHVqVWJga1UDJFYGSCkxOjqKSCSC+vr6tNVSU/cNAC6nA26XM34cXTegaipMw4SmqZAyuZ1eJoZhoLe3F+FwOK3yNLEqwK6ZPwNbIqLsTFTFRUSUq6nGmuFwGA0NDRljzXzHmUA01uzp6UEkEmGsSTQF2X1EkUdHjnbgXHcv7rnrJuzYtiGeKN26sRUP3b8HgWAI+w+2F3tYREQ0i9lVAljfFUVJCyJDoRC6u7sRDoez2nfiMRwODUpCH71s4s1wOIzu7m6EQqGkMSWOa7K+VEQ0t0lkWk6EovWl6a0P0tohFHFERDS75BprWrHfZLFmPuJMAEnHY6xJNDVFT6Ceeu1N1NZUYZ1Nv9PmpgasbV2OU6e7ij0sIiKaAyYLbBO/TNNEd3c3BgYGYBhGQcZjmiYGBgbQ3d0N0zSTjj9RPyoGs0SUKjaBFDKeSp3r6dTM/U2Tz6E8nxJR/jDWJJq9ij6FfywQQl1NVcb7m5sa4gtLERERTVfidCoAaVOrrNsSvyyGYWBoaAhDQ0OYN28e5s2bl5eA0jRNXLp0CUNDQwBgWwWQaUqVXW8qIqKo6ArMRERUPIw1ieaGoidQvR4X/N29Ge/3n+/Bosb6go4hEAzjHx77IVpXLcEtN25Ou/9CzwC+9s9P465PfAQbrlmZt/3aecd/Af/3336Mi72D+MPP3pLT8YiIKHeJwWDi6qgTbW+aJgYHBzE0NASfzwev1wufz5fzsUdHRzE2NobR0dH4YgKpU7tSKwO4GioRZWO85lTE158XaVvELiX06yMiovxirEk0OxU9gbp2zQqc6jiLQ4ePY8e2DUn3dXb5carjbNbJx+l6+VgHNl/birra8YpYKYFf/Oo1DA2PFvz4Y4EQvveDQ1jSvAB/et8dqKjwFvyYRERzUWplAICkFVEtiRUBqT2nrOD28uXLGB4ehhACHo8HLpcLDocDmqbFv+u6jkgkEv8eCoUQCASSKhJSKwASg1q7igC7aVUMconIOmvpUuK9kTAuBCUW+zQs9GhQRWISlecLO5KrShFRHjDWJCp/iiJgmvZxgaKI4idQt25sRfsrp7F330sIBMNYtbwZANB51o8Xfn4cixrr0xKrhdLbP4SXj3UkJWwv9g7gVyfeKNLxL6G3/xJu+ugm1E7Q1oCIiKbPLrBNnFplt731PfErcfpVIBDA2NjYhG/A7XphJfbDsltcwK4vFQNaorlhKgk9HcCbQ0H8umcMDRVOHL0QwNqGCizxpYT6MnmCP5OHFgkprLpdVugS0dQw1iQqb06HA8GQ/cJuToej+AlUAFi3pgVn3jqH/Qfbk25fuWwRHrj3NgBA+9EO9A8OAwDm11Rh5fLmpErR/IxjBV45+ZukKtQjR09jXlUFZCzr/GrHWXzryZ/gj++9DSuWLQIA9PRdwtf++Wns2X09Nnwg85T7t959H9/47rO4blMbjhztwOClYSxdvBD3ffrjOHK0I/78v/GdZ1E7rxJ/9t9/Fx63Ez947jBePtqBiG5g6eIF+OyenWi8Yn5enzsREY0HhqmBbWIAaRhGPAg1TROmadr2sbILbDMFxqmf9mfTj4qIZpfUN9nWbVJKmDkmNiMS6L40htbGSlzpVvHrgRB6xiJodCvQAEhpApAIRyLQ9cIsVFKuoq85MDIaQH1NNQzTjN+nMJFARNPEWJOofMyfV4XzF/sy3lfUBKr/fA8eeXwf+geHUVtThXVtLairrUJzYwO8Hheamxpw5GgH9j7zIgAZv/2/XjmNQCCEGz68Ia/T+9e1tSAQCMarUHv6LuHka124+aMfxL4DRwAAK5YtQv38efj1G2/FE6hdb5+Hy+lAy9KmSY8RDIbQ0fkO/tvvfwK6ruOb330WL7afws0f/S1cuegKPPa9/8Tv7P4wPtC6HBVeL5780U/R0fk2/uS+O1BdVYEfPncY//zt/fji/Z9EdWXuPVCIiGicXWWAZaLA1gpmE3tZWcEtgKTg1m4f1uWJqgJSV2plM3+iuUVKCcMw4wm8XFKoJoAKlwO9w2HIiIbhoI4mnxbdl5SAEKitrsLrXe8hEAxBdagFeQ7lSJrA0OVRDF4awTWrlkI3oq+/AGAAUJXoNFgiomww1iQqXxU+DxYtqEP/4DBCYR0A4HJqmF9TBZ/XU7wE6pGjHfj2UwdQW1OFL/7RJ7GqpTnjNntuvR47tm2A/3wPOs+ewwP33oaTp7vw+JM/wehYEHfetj0vY3I6Ndx4/UY8vf8lbL62Fb/41a/RuKAOK5ePj83rcWHTuqvwyxNvYNf2IBwODb868QbWti1HddXkCU2HQ8Mnbv4QFi2sAwAsXbwQ/QPD8LidqPB5IATg87pRXenD0PAoOjrfxsdu2BxPzn7i5uvw8KN78fa772NtW0tenjcR0Vw2WWCbGMimfpKfWBVgBbf5qAqwu8yAlmh2S/y/LKWErhswY+cUIUTWHUsloosarKjx4M3LEXSPRNBY4cRinwo1dhwFwIoljXA4NLxz7iLA80ichITX7cKHNrWi0udJet2llIjmU02oqsLzLxFlhbEmUfnyeT3weT229xUlgeo/34NvP3UAixrr8dD9e+D1uNK26RsYTkqeAsD+g+041XEWO7atj1ar3r8HX/n7J7CurcU2ATsVq5Y3Y35NFfYdOIK333sfn/3kjVDV5E+Grl61BM///Bi63j6P2nmV6BsYwh0f35bV/lVVhdOR3cs8dHkUgWAYHrczfpvT6YCqKLjYN5j9kyIiognZBbZWIAuMB7eJga21fWIwmzq1KtOx7L5SG/anVgykBsTWZSKaXeLT9k0TErn/PxeIJlF9isQHqjXIageU6I6Tep5qmooVSxrRcuXCnKpb5wLrFbd77aWU0A0DisIprkSUPcaaRLNPURKo//T4PtTWVGVMngLAocPHUVtTlbSA1D133YSxQCh+vbmpAZuvbcWhw8fzlkB1OjXs2r4R//itH2H9mhVYdmUjhkfGkrZZ2FCLZVc24lTHWdTOq0RdbTWuaKjNy/ETVVf64HE7EQiON60NhyMwTBNX1NXk/XhERHOZXWCbGrAmBrZWJUBqXyoAtpUBqYGoXUCb6bpdIMuAlmj2Mk05peSpRVj/SgkhYtfF+IJIqfsV0zjWXMUFt4goV4w1iWaXgidQjxztwMDgML74R5/MmDwFolWq6xKmqFuLLNXXVuOL938yfvu6NS14/MkDeR1jy7Im/NFnd6NxQV1a9SkAqKqCrRtb8e29B6GqCn775g9lXVWai6pKH1pXLcV/vvAyFtTXoLqqAj/68X/B43Zh6ZUL8348IqK5bqIpVon3JVaIWYEtANvANnUf1nfrstX/aqIVTxOvJ+6HiGYnOZ2aUAnI8RLK+J4yVVXyfJK9xNfKlBLshEpEuWKsSTR7FDyB2v7KaSxqrM+qYjQxwbp1Yyv6B4Zw6PDx5G3cLgSCodSHToumqmi7aumE2yy9ciEqfB5IKdG6aklej28RArjjlm2AAP6/b/4AEd3A0sUL8Ed37+YCUkREBWIFrdbl1NsSr6cGwblWBVjfJwtkGdASUU4k4hlTkZaM5TmEiKiUGGsSzQ5CFng+yuce/Do++qH1ky789PAjewEADz2wZ8Lb9h9sx5GjHfjbL32uAKPNLBzW8Y//+h9YsngBbv9Ydv1PiWa6d9/pztgzJ9MXYP8HeKIpIJP9gS7WH22Pt2jr5lGZSvyTaLfq6WRTqTLJFNjaXU59DFEmgTG9oPvnObPwrPOHYZgwEqqNcv//n3ge4rkjn6yfkUNToaqsQS13PG9SqTHWpHJS6HNmuSn4Gd7jduLMWT+eff7lCbZxYd2aFuzd9xLGAqG0qf6Jt5083YVVy/PT/zQX7567gO4L/di9c0vRj01ERMVhVyGQeHvi/XYBcKZ9pl6erOcUA1qiuUVRBEwZXfdpanjOKCRFEfEpsURE08FYk6h8FTyBes9dN+HxJ3+C/QfbM27jcTvx1S99HvsPtuPRx/fFe55u2dSG9ldOo/OsH+vaWrD/YDvOdffigXtuK/Swk0gJtB97HY0L5uPKRQuKemwiIiqu1ClTdgFnaoVYtkFt6nUGs0RzW+L/eVVRoBtmCUdT/lL7v05rXwl/A1RV5fmZiPKGsSZReSr4FP5cnDzdhUcf34fmxnrs3rkFK5c3w+txobPLj0O/OIFTp7tw9527sHVja6mHSjQrcAo/UXbs/lROdlu2v+sMZGmqOBV19kisNjJME6Y5Y8LzspLPBCog48lTJSHOofLG8ybNVIw1aSbiFP5kMyqBCgCdXX5866kDGBgcTrrd43binrtuwrq2lhKNjGj2YQKVKHf5+LPJQJbygYmA2SdpumYJx1G2rNcvD+dYaw88X88uPG9SOWCsSTMFE6jJZlwC1eI/34POs36MBUJYtbwZq1qK3/eUaLZjApUoP3KZVkWUL0wEEKWb2iJcNFfwvEnlirEmlQITqMlm7Bm+uakBzU0NpR4GERHRpBi4EhGVjtU5ViBauStjl3lmJqLZgrEmUelxOUkiIiIiIipLEkBn7wjeDxgwAAyEDZy8eBnmzJxkR0RERGWKCVQiIiIiIiorMuFLuJx4+fww3hgO4xfnhgGnWuLRERER0WzDBCoR/f/s3Xl8VOXd9/Hvmck2SUhISAKEBAQiQROQRVBAQQQBRRbFCq4VW7Xaxd6lPrWtba1dvZX7qW3FPtpbXKoS6wK4gaAoSqiCgpKowYDAQJCEJCRCJtvMef6YZDKTZJJJyEwS+Lxfr3RmzjnX71xzzfRK/PE71wEAAOh9TFOGaerMuAgNjI/SuwePK65PlEb1tcnC5a4AAKALkUAFAAAA0Kt4p0e/qXOq0lGroXHhqq6uU0Wds0vuYg0AANCIBCoAAACAXsmUVHD0hAZEh2vagBid0SdCu74+LtKnAACgK4V1dwcAAAAAoKMa70p9TkqsrBZDYYahkQk2DYuPkiEu4QcAAF2HBCoAAACALtHRS+eNLlirNNLijmFIskqyWUieAgCArkUCFQAAAECnNSZNXS5TLtOUAkmiGu7kqcWwyDC6JpEKAAAQLCRQAQAAAHRYY+LUNE3VOV0yTTPwC+dN9//Uy6Uwi0VWq/vWDB1NpBruRh1qAwAA0FHcRAoAAABAhxmGIdOU6p0umS5XYJWn8r3M3zRN1TudcrpcLfYBAAD0FCRQAQAAAHSYaZpymS45XS4ZhtGpy/AbWzidLvfl/wAAAD0QCVQAAAAAneJ0ujp8v3vvRGtj4tU0TXcVKwAAQA9EAhUAAABAD8BapgAAoGcigQoAAADgpJzM2qWsewoAAHq6sO7uAAAAAIDeyTACvneUh9+EKQWoAACgh+rWBGqVo0avvJmrgkK77EUlkqT01GRlZqRr3qzJirZFdmf3AAAAAPhhGIbCrFbVuupPOpbFMGQxuDgOAAD0TN2WQN2yLV85qzfJZovUlAlZmjd7siSpoNCuj3cVasuH+Vq8cLqmTMjqri4CAAAAaENjErW+AzeAaryJlHclaliYVYbhe4MpAACAnqJbEqhbtuXriVXrNG/WJM2fPVlVjhrt3mOXJM2fPVlLFk7X2vW5emLVOkkiiQoAAAD0UBaLoTDDIqfT1bH1TA3JalgakqdNSVWSqAAAoKcJeQL1aFmlnli1TosXXKSZU8fLfqhYD6x4Xo7qGkmSLSpSd91xteY3VKTmrN6kzOHpSkqMC3VXAQAAALTBMAz3j2nK0pgE7Uhb+VadkjwFAAA9UcgXGlq7PleJCXGaOXW8JOnvK9doTHaGHlu+TI8tX6Yx2Rl6eOUaSe5qVJstUhs3fxTqbgIAAAAIkGEYslgsslgssgb4Y2lIvgIAAPR0IU+gFuyx65Kp4yRJ9kPFKiuv9FSbSu6kaWl5peyHiiVJl0wdp515haHuJgAAAAAAAACE/hL+svJKpaemSJL6JcZLkuxFxZ5L9O1FxT770lNTVFpe2aV9cFTX6qHHXtSefUWebYZhaOjgAfr24tlK7d+v07H32b/WP595XUdKyvW9b8/T+NEjuqLLAAAAAAAAALpBt9xEqlG0LVJjsoYrZ/UmORzuNVDXrs/VpHOzFG2LDPr5Z110rmcpgfp6p158dbMeeWKtfnrH1YrvE9PheFWOGv3rhY06I32AfnLbVYqNje7qLgMAAAAAAAAIoZBfwm+LitBRr4rSfonxKi2v1MpV67Ry1TqVllcqJropeXq0vFK2qIig9CUqMkIJ8bFKiI9Vcr94XT5rkhzVNTpwsLhT8UpKj6mk9JjGjspQYkKcIsK7NT8NAAAAAAAA4CSFPMM3JvtMbd2WrykTsrRq9SblbsvT4gUXaUz2mZKk3G152rj5I5mmtGThdOV+mOfZF2zhYVZJktPplCR9tnu/nnv5bR0pKVNKUoKuvXKGzh4xRHv3H9Y/nnpF540bqf9s/1ypA/pp6JCBem3DfyRJ/3jyFSX27aO7f3StHNU1ejJnvb468LXCw6yaNCFLV10+VVGREX7j5H3+ldJSk/XBR58rIiJcNy2epdLySq1Zl6v6eqfmz56sORdPlGFIe/cf1vNr39F++xE5XS6NG3Wmbrx6lqJtkXrlza36JH8l4oFRAAAgAElEQVSPzhw2SJu3fiqXy9RFU8Zo0eUXKsxqlctl6p3cnXptw39UebxKfeNideXcC3X++LN1uLjU0+8+MTZdNW+azh9/tljnHwAAAAAAAKcT67333ntvKE+YlBinl15/z5Pgu/6qS3TR5HMUbYtUtC1SmRnpiouL1csNx2z+z6e6eckcxcd1/JJ6f+rrnfrg48+VktRXmcPT3ducTm16f4cOHj6q2dMnqOzYN3rkiTUaf84I3Xr9XMXHxeiFVzdr9NnDVFtXr/c/2KUjJcd0xaUXaPb0Ccocnq6MoYP06Wd7dc2VF+tb86fJNKW//fNlpSQl6AffuUJjR2Vo/aZtOlpaqVFnDdOxiuMt4tgPFeujT3brvHFn6fqrZqqk9Jhe2bBVkZERuv3b89UnNlobNm9X9sihiusTrX32r5WUGK9rr7xY540/S2+/v0N19fXKHJ6u3XsOatvOL5QxdJC+c+2l6p+coDff2aYRw9LULyFOWz7MU86ad7RgzmTdePVsDUnrr/KK40rqF6+/PvaSp98jhqdp1ZpNGpreX/0S4rrsc0D3qzj2jYyGO+AG+iPJ7+vG596PbT1va1swhIeHvOgeAIKmvs4V1PjMmQBONcybABC4YM+ZvU3IK1DTB6VoxoXjlLPmHdmiIjRlQlaLY6ZMyFLO6reVs+YdzbhwnNIHpQSlL2vX52rt+lzP62hblJYuma2UpL56/a0PFB8Xq8tmnKeY6ChNHHeWtu0s8CQsrVarrrtyhs7JGu5pHxtjk2FIMdFRiu8To515hXJU1+iKyy5Qcr94JfeL19xLJum1DVtV+c0JSWo1TurAJE2ekKWY6CidOyZTn+3er0svnqjkfvEadfYwvfnudh0pKVPawCSNHdVUnZuYEKcz0vvr8JFSz7a01BTPexh19jC9ttFdbVpTU6fc7Z/pvPFn6eILxskwpIT4WElqtd+jRg7VZ7v368xhaUH5LAAAAAAAAICeqFsW6VyycLqqHDXauj1fD654XjOnjlNaqjtJerCoWBs3fyxHda0mnZulJQunB60f3jeRCrNaPQlQSTpSUi77oWL9+FcP+7TJGDpISYnxCg8PU592bhJ15Gi5rBaLIiLCPdtsURFyVNeqoiGB2lqciPAwWSxN/3oZFRmhuIabWsVER/msrVpQaNdLr7+nw0fK5Kh234hrwphMv7EaVdfW6ljFcZ115uAWl+UfOVquisoTuufPj/ts944LAAAAAAAAnA667S5HN18zR1MmZGnt+lw9vHKNz74Rw9L009uvVmZGelD70HgTqdb0T07Q4EEp+u51lykqKtKnjXeFZ1v6JyXI6XKptrbOs81RXStbVITi+8So1OtmWp1xoqpaOWvfUUJ8rH7+o2sUFRWpZ17cGFDbqIgI9Y2PVdmxb2Sa8kmi9k9KUN+4WN2xdIH6eo1PZAQ3xQIAAAAAAMDpJaQZsYJCu6JtkZ5L8jMz0nVXxmJVOWr00c4CSdL4MZmKtkX6tDtaVqnSsoqgJ1S9jTprmN7J/UTbdhbogonZcrpM7cj7UmM7cEOroUMGyhYVqZdff1+LLp+qisrjem3DVmVlDlVcFyRQLRaLIsLDFBEepsiIcH21/7AKvzqks0cMabdtZGS4xo06U2vX52ro4AEaddYwHTh4RKXllRp/zghF2yL17tZPNHfm+bJaDH22e79SByRp2JCBJ9VnAAAAAAAAoDcJWQK1ylGjh1eu0eBBKfrpHVf77Iu2RerVtz6QIenCSaNbtF353BuyF5Xoz/fc0iK5Gizpqcm6afFsPffy23p1w1aFh4Vp3OgRmjh2ZMAx4vvE6Pab5uvJnPX65Z/+V+FhVk2akKWrLp/aJXezt0VFaMnC6frnM6/r7j88pjFZGRqS1j/g9hdNOUe1tXV66bX39PS/NygpMV5XXHaB4mJjdNu353n6bbVYNGJ4mhYvTD35TgMAAJy2ivXG8jXS9bfoUs+fbHl6+P7DuvJnl6jdf6Y+skG/+p98Vdka/4SPVvaiRVo6Kr7TPdqxMkdaulhjCzfojwVD9Yu5GZ2O1ahi8+P66RfnaMWt4xXe1nFfrNPOPnM0bZB0dNuLeknTdeuExJM+v0dlnl7Mi9eiyYEUYRTrjfuf1huOSE+f4zMv0p3XZCuw0T2hHc89pX8VSGOuv103nPwwAgCAHsQwTdMM5gmqHDU6WFSiHXlfasuHeXJU12rpkjlKSozXiOFpKii0a/feg1q7Ple2qAhdMu1cZQ5PV1pqsuyHilVaXqmVq9a5bzg1MVtjs89UWmpyyBKpwKls/74iGYbRoR9Jfl83Pvd+bOt5W9uCwRbNMhQATh2OqvqgxmfODIZivXH/83pDyVr6o8Uaa5M6nEB9faB+tzS7YcNXevr+TzTxZwvV2ZXqPQnUTrZvya5VK/I1MLVCdRcv1sw4/0cefusxvZRyi74/qstO7qvFeLWlWG/cv0kDftY0FntfeEzvjrlFSwNJhpZt0n1rEvXrpeecRIcRbMybABC4YM+ZvU3QZ/i7f/+oZ93P+bMnq8pRo5Wr1rU4bt6sSYq2RSpnzTst9s24cJzSB6UoZ/Xb2rj5YyUmxOn+e24JdtcBAACALpas629K1MYX8pR5Q7Z8biXq+EqrHn1N28ol2RI1/6ZrNa2ti4vqauRoWGq/6otX9eCqfaqQVemzFujHk8P0xv0b9XVmtQp2VqkubKCuX7ZIY21FevfRNVpb5FR4ymhNsEnDJGlXjn5VPF2/m1Gsh+/PV1xCpfKLalSXkKWf3jldA1WmLStz9NJ+p8ITMpRps2vAAu9K2gZffKTKSXO0ZPiH+strX2jmNY1Xb3md15asC8fU6O23K1UV9nctK5ipnya850mmHt2Wo4deK1GVpPjsmfrpVSNV8dZjyilOV9WeQpXWW5W96EYtHRWjw7lP6aE3K1UXFqn0ixfox5PdS4WpbLMeeCRfXzvytezefVp67+Ua0Epc/7eErVeVo+E/HI9s1l+e+FR2h29//lU8UHV79il99mh9/donsjukZffatfTeyapoGCspWmOWLNYNI0/ojfvX6evMehXsTNH1i07oX9vDNOBQsez1YZo8N1P2t/Nld0iZi27UraNiAvkyAQCAEAl6AnXxwov1xKp1GjvqTM8d73fkFaq0rEKLF16snNVva+yoMzV/9mRJ0oFDJdqZ96VnX1JivJYsnC7JvYbq1u35nmMBAACA3ia8/yW6PvVxPfhWon49o2n7gfUbVTp1qZaPjZEqN+u+lZs15s6pvpeQF76nPz70oSSnKqtjNO2GBcqs+0h/WR+jO+79gZJ0QlseXacdky+UVKawsT/QnxdKVdue0l92VCjb9o7eHbRAy29NlfSFVv7ycMsOFtdo2I9u0Q02dxXmusLpuv6bdXorZYGWL02V9JWevtfeyjsr08atUZq5NErSVM3Ui/qwbqQmhksHVq/RjrE3avmtMZLqVacwjQtrqkA9/NZ77hB1H+lfmxN1x72LNVBS3nOPKKdwpOZIsodnavk9cyTHh3rg0Y9UMWqkdm6L09J7b1SmpCpHdVNXEqfqrttrmipQ6z7SX1qJ61tdelg5Dz2uNyTVf1OjuElzdGuGXauWl2jmT36g7HBp7+pn9e6RkRoj6evwLC2/53J308FN56rb8az+5BmrL7Ty9xtUcM9kSZWez0O7clTqSNev71mk6CMbdPdjVbrjnts1uO4j/WXFR6oYNTXApQMAAEAoBD2BOmVClkrLKrRlW77sh4olSQeLSnTH0gUam52haFukVqxco3mz3EnRrdvztXjBRZoyIcuzr7FdwR675s2apCkTsoLdbQAAACBoBs5YrHkrX9SLR5ou+S4tl4ZNaqg8jBuqrOoPZZd8E2kZF+oXzS9JP1Km0uJCPfrQV5Kk+uooTSuTpGRlN9xbNDoqUo7KGh11nFC/wY3r2mcoa8gnLTuXMlDDbO6ntgSpyiEdLfNuN1TZQ6Svm7c79KHe3W/Xhw897n5dX6XwrWWaODVRpeVhymx8bwrzvzZqWZlKEwd6ljPIHBmvl4rKJEnDMoc2dCpa0dUVqlKKpi1M1Isrc7QxLF4T5s7RRFsH42Z4r7k6UIvvbL6cQZ5Kiw/rpRWPa60k1dcovaGo1tOfZnzHKkNZKbmyN/s8JGlA5hmeCtjwQWkaLEnhkQqvLnNXyfobIwAAEHIhWaSlylGjsvJK3fc/T/tsk+RJjv78D49JkmxRkZ59jY/e7Y6Wndyd6wEAAIDuF6OxS6erYPkaFTSsYNovQcotOiH1j5Eqv1J+VLJmBhIqMVH9UrK01KdatVhvtHJoUmKMSg8USaNSJRUqf780JoBT+Lb7Snn7paRmx+RtPqF5v7xFEz3Z0TJtfHSzCqYuVL+Eer174IQu7d9UgRouqa66WlKU73spO6zDytZASQVfVCh9QqK0v/V+hadO1Q1LJekTPbx8k4Ytm97Ur/AwhdfVqE5SuL+47YpXv5Q0TbtzobzT1ocPBTpWhcovTtTkRGlvAGcDAAA9U0gSqKVlFRoxLE3zZ0/W0fJKrV2fK0fDJTbRtkglJsRpycLpio6K1Ko1mzxJUoejWokJcZo/e7KSEuJ82gEAAAC9W7qWXJ+p3f9yvxo8e6b6PbpSy9bIswZqQFWI4eN1/dQX9fDvH1FpvRSdmqVblo5s/dCxF2natjVadm/DGqgB3i0+fOwczdiZ426XkKHM1GYHVG7WG9Vn6Mc+paWJmja2Sg9vO6Efz56jAY+u1LLXpHBbsi69abGmTZ6k6Pv/oWXbxuk7jXfBCh+v66fm6KF7/960VmmGVNFqArVYuStf1NoipySr0mct8k3qJk7UPNtTWnZvvhb96MZW47YvXfOv+kKP3v+IVjqk8ISBun7pQvULcKwa10DN1AkSqAAA9GKGaZpmd3cCQPfYv69IhmF06EeS39eNz70f23re1rZg4M6oAE4l3E0aoVWvurowhYdLUpk2PrRB/Vpc7g70bMybABC4YM+ZvQ0zPAAAAIC2VRbqxX+9p53FNaqTVemzFujH3d0nAACAEKECFTiNUYEKAL0XlVQA0DHMmwAQOCpQfVm6uwMAAAAAAAAA0FORQAUAAAAAAAAAP0igAgAAAAAAAIAfJFABAAAAAAAAwA8SqAAAAAAAAADgR5j+FitJMk3JkGSq4dGUDBkyZbofTdPzWjLcB8jrztmmb2DfeL7tG1/7nNFPPJ/+GF79Mk0Zhlcc7wNkeDX06o/h1S9Tnvae/vi0b3wtn474tm99nAJ5X50fp2afYGvj5Cdejxin9j63Tryvzo9TIN/v1uOd9Di1JjxSRky8jJgEGXFJso6ervBJV8joN6iNRgAAAAAAAAgmw/xrTENKp2XSqLUklft1U9LIh8/rpnitJancr1smbVvGa5aMbJakcietWibrPO0NrzjNklreyTxPf5olxbyTi+54LZNinXtfnRunlu39jFM7n1u3jlN7n1uH31fnximQ77f/eF0wTgGyZp6nsElXKmzi5TL69OtY43bs31ckwzA69CPJ7+vG596PbT1va1sw2KLDQnIeAAgFR1V9UOMzZwI41TBvAkDggj1n9jaeS/jNhuyV2ZDd8Z9cMn2O92hRodcUz3/FoNqN57PfUCtJuJb7Pe19Kit997dMdrXc3zIp2HJ/Z99XZ8fJf2Wl2W68HjFO7X1unXhfnR2nQL7f/uKd9Dh1gLPgA9U88TM5/rhIzp0bOh4AAAAAAAAAneZJoHqqxtRUPeZJLsn0ee19vEfzl17xmrdvfN38fK3F89lvevXLaErGNd/vaW96xWm237u9pz/N9nu3b4zX2vk68746O07N27c6Tn7i9Yhxau9z68T76uw4BfL99hfvpMepE1wHv5Bj+Q2qum+enLs/7HwgAAAAAAAABIwKVCpQqUBt4/vdEypQm3N9uU3Vf/uunJ+9f/LBAAAAAAAA0CYqUKlApQK1je93T6pA9WYeK5bjz1er7vUVXRMQAAAAAAAAraIClQpUKlDb+H73xArUpk64VLPqd3J+8lYXBgUAAAAAAIA3KlCpQKUCtY3vd0+tQPUwTTke/p5chwu7ODAAAAAAAACknlKBGjdYmny3jCl3SymjfOJRgUoFarDGqddXoDZyfKOaf/4kCIEBAAAAAADQ/RWoKaNluel9GVN+IWPKL2S5aYuUfgEVqCdRWekvXo8YJypQg8K5+0PVf/RGcIIDAAAAAACcxrq3AjVllIwlr0mRfWW+/TOZb9/t7tSVz0rJo1r0p0OVjFSg+v/cqEA9tSpQG9S+cL/kcgbvBAAAAAAAAKeh7qtATRktS2Py9I3bpY8ekbl9hczXb5ci+8py7WvuBCsVqD7xqEClAtUf18EvVLfpX8E7AQAAAAAAwGmoeypQk0c3VZ6+8T2Zec80HZ/3jE8S1UzJbopHBSoVqFSgtqnuvZzgngAAAAAAAOA0E/oKVJ/k6e1S3rMt4nknUa2NlahUoLbangpUKlC9ufZ8LLP86+CeBAAAAAAA4DQS2grU1ipP/cQzdzWrRE3O7rIKVOOMqbLe+ZnCflUh6z3H3I+/PKqwH+2UMflOn+M7U4FqOWexwn55QNYFf211nKwzfq7wXx2QdcbPu60CNezWlxT5q12yDL+QCtRTqAJVkuo/Xh/8kwAAAAAAAJwmQleBmuKbPFX+sy3O1zyedxLVet1rUvKoLqtAlSTT/h+51twm5+pb5XrnD1KdQ5aLfiHLZctPugK1+TgEPE6hqkD1bk8F6ilTgSpJrv15wT8JAAAAAADAaSI0FajJo2Us9k2eBrpWqMu7EvU6dyVqV6yBKkmqr5br01XSruflev9/VP/CTVLZXlnOmicNn9npCtTWxiGgcQphBarp3Z4K1FOqAtWsKA7+SQAAAAAAAE4TYY1P3BVyjRV4zZJBLV43Vtx5RWqWHPLE80qeyv6+O3nqiad24xkyZO56Rsao66T0C2S97jU5n5krozjPK2mlFo8+lZWmV39aqRD1xCkpkFm4UcaEW2QZNk3Owo2yTP+lLGOvl2JTJFmk0i/lXPcLqfAtGWOuU9i0u6S+gyXTJfNogVzvPdQUO2Gwwn9WIMWkSNUVcm79h1yb7m/aP3iiIu75SoqKl775WvWbHpQ+XCnTNBU294+yjF0i2fpKzhqZX+Wq/tVfyiwukGXSLbJOvlVG4hDJsLrbrv+TXNv/pbDZP5f1gu/JLMqTkTpKqipT7VNLFX7ejbKM+5YUbpOOHZJZVer7ubU2Tt5JQZ/HDo53R+K08vk3fh/l9/vY8vvUIlnZSrxAvt/+4p30OAWR66g9uCcAAAAAAAA4jQS9AtVY/Lo7eeo5rPWKwfYqED3xG24s1SUVqN7vs3H/iRJ3o6h4yZCM2BSZh7bLufZOud79kxSbIsvkH8g0TVkn3S5Zw+R642453/yVVHtCihvoiW2kjpXr42fkfP1uqb5a1tGLpMTh7p3WCBnJI+R89//Kuf5eSVLY9GXS0AtknfZfskz8tsySAtW/9EO5djwv44xJss75jTsJGJMkHbOrfs3PVL/2bsl0yTr1diky1v1+wyJlpGbL9fl61b1+n6xnXSLLuG/JLNql+ud/JOfuTTL6ZwY0TlSg9r4KVFcJCVQAAAAAAICuEvQKVOU/I5f9PVkWPCdFxvmtGGyvAlENhaOul66VMfiCk6uIlG8/feJExLqrOuVu53z1Tq/komTJulJGnwFNcepr5DqSL+3bovqtK2TIkDF6sbuvX26Ua+Pv3O1GXiYj+UwZfVMbgrnk+mKdXO//zd2v2GRZzrtZ1oxpMgaNlWpOyPnuQzK/WK/67c8qPCVTltRRMoaeL+eGP8np9R7MrIbYaWPd79fllOvjF1T38jJ3f777b6n2hOo3PSTzs/Uytz0rS/9MGQlpVKCeghWoAAAAAAAA6DqeBKo7edRY4ddehV5jxZ9XMrKVCj1DkmvTz+S5EU/KaN+KwbghMm7L80TxTm26Vk6Rind5+uNJYu5+VdrdvAK1seLPq1+tVFYaRlO/fPvp1T7cJsNVL/P4EcmQLDPvk2X01VJUghQW6W5U8oVM05Rzy0OyTvs/Cvv2Gvdl9gc+lPOt3zcFrz3hf5xc9dKJo03jXlclWcLcSwXEpkiuOqm2qql9XbUUESsjLlWWC++QddItUp8U9yX5klRR1BTfVS/zxNGmzy02RXJ6xTMMmXWOpnFtY5xar6xsOe6tVaAaLeI1r0Bt5XNrNk6+38f2KlCbvp9tVaB25PvtL95Jj1MQGfEpwT8JAAAAAADAaSL4a6B6klSNh3nFix/s3lh5QKo44H4eP1iKG+y+hF4tK1C7pCLSu9vecfplypIxU6o9Ltk/kHHmHFnOuUaq+UauLX+VeaJU1ov+T1O7T55X/af/lhkeI+uUH8oy6XZZJ31Prt0bm8VvNk6SO1kak9TUr/Bod1L1eLH7p09/KSK6qX14lFR7XKZhyHr+zVJEtJzv/EVm2X5Zz7tJRsJg3/hS0zgfL5bRd5AUndg0To2JVypQT7kKVEtfEqgAAAAAAABdJegVqI3tmw7zXbNSksy8Z2S+/0dJhowpP5cx5efNjpfM/e9JB94LvJIxgApUIyxKyr5aFhlS3yGynnOt1Ke/XFtXyPXlBhlDp7krQV11MqsrZTljshQ3SCrfJzNxmMIWPiyztFDmV++7T2RKCo9uMQ6tjpNhkWXkHJll+yVJltGLpKoyOQvflaXmhKxnnC/rtDvljOkn6+CJMlJHy1X4rszP1kvTfyJFRMt0HJORkiljwNlSzfEWn0PjOJmF70tnnK+wC2+TMyJGxhkTZaSNlk6UUYFKBSoAAAAAAADa0L0VqPI93mwludTYH3PLn7uuIrJR+vmypp/vfu6qlyoPyvXu/XJt+Ys7zleb5fr4SVnOu13WBX+TjhZKx4+4+1VfLVUckiVroTT2esnllPn1p3JtfcSdZPX3vhpP76yVebRQ1ovvksJjpG++Vv1bf5a+el/Ove+510Qdu0RhV/7NvTzAV7lyrvutVHdczvdWKGzWLxQ278/S8WKZZftlxPTzja+mCtT6TX+RkThElrGLFHb1X6VvvpZZ/KW7DRWop1wFqjVjfHBPAAAAAAAAcBoxzL/GmJIakkVeOTBP8qj1Cr2mbFCDFhV63vEMGcsqJUmuB/s0VeilXyjLktdl5v6pRQWq67nLpAPv+/bH8OpXs0pGnwNarUD1bi+vpJZvxaBaxPN6fy3atz5OPiPZwXHyV1nZFK/ZJ2g2PRjtxOsR49Te59aJ99X5cQrk++2vAvUkxymIYv72qYwAL+Pfv69IhmF06EeS39eNz70f23re1rZgsEWHtX8QAPQSjqr6oMZnzgRwqmHeBIDABXvO7G0sjU88SQ81JT88ySVPxajps99H85de8UyvrJF3vNaOb67xfJYLfyHj4j819cOr0s/T3vSK450NbmW/T6Wgp8JRLeJ53pd3ZWWzeM3Hqfk4dmSc2ovXvH3TZqPdeD1inNr73Drxvjo7ToF8v/3FO+lxChLL8HEBJ08BAAAAAADQPk8CtXFN0sZkZ9trRDYd79GiQq8pniFDqqnwed28fYt4nrDu7caUu2WMvt6nwq+pkrGhveEVp0Vlpe/+1tesVIt4LSsrW56vZSWkOj1O7cXzX1lpthuvR4xTe59bJ95XZ8cpkO+3v3gnPU5BEjZ+TnBPAAAAAAAAcJoJ3Rqoha9KWdfJMucRufKecRfipYzyOd47npEyynM+Y9S1kiRz96sdX2vSuyKysfKxRfsuiOMzTur8OLUTr0USrrFfXp+b/3g9YJzai9Op98UaqJJkJKUrYu73gxMcAAAAAADgNOVJoPre5by9Cj3vNScbA/gG9o1nyLXlj7KkXyhlXy9L9vUtOtI8njHjfu/oUsUBmW/d7aeSsWnNyaa1NdWistIwvPrVasVgy3itVVYaLeI1r4Ts/Di1F6+tykqjnXg9Ypza+9w68b46P07tf7/9xTvpcQqCyKt/IVmswTsBAAAAAADAaSh0Fajf2OV6crKM7OulyHjfgsUvX/XEM798tVkXDan6mMxdz0rVFVSgUoFKBWorLGkjFTbpiq4PDAAAAAAAcJoLWQWqaZoyaiplfvSwDBly+avULN4ls3iXV8VgQ86psYCPCtRmARofqEA9bStQo2IVdfuKIAQGAAAAAACA5yZShuFOXnX0LuUezV96xQvkrun+4rV29/iA7ubuXRHZyn6fSkFPhaNaxPO8L+/Kytb608H31dlxat6+1XHyE69HjFN7n1sn3ldnxymQ77e/eCc9Tl3FMGS7839lGXx2FwcGAAAAAACA5JVANRuun+7oXco9WqnQa4wXyF3T/cVr7e7xAd3NvZXKSu/9rVcMqkW81iorW+1PB99XZ8eprcrK9uL1iHFq73PrxPvq7DgF8v32F++kx6mLRF77W1mzp3VtUAAAAAAAAHhQgUoFKhWobXy/e2wFalSsbD9/QeFzbu2igAAAAAAAAGgNFahUoFKB2sb3uydWoBoDhiv6vnWynn3ByQcDAAAAAABAmzw3kXJXyDVW4DVLBrV43Vhx5xWpWXLIO14gd033F8+7P/JOUvk8qsWjT2WlKZ/2QYnTwffV2XFqkYTzN07tfG7dNk7txenU++rcOAXy/fYX76THqROMhIGKmHuHwi++QQqP6lwQAAAAAAAAdIgngepOHjVW+LVXoddY8ed1PXIrFXpN8fxVDLYfz6c/fisZGyv+vOK0UlnZ1N5fxWDLeK1VVrbanw6+r86OU1uVlUY78XrEOLX3uXXifXV+nNr/fvuLd9Lj1AHW7GkKn7RQYVOv6XhjAAAAAAAAnBQqUKlApQK1p1SgRsfJkjJElpQzZBkwTNaRk2QdeT7VpgAAAAAAAN0oTD887nenEeBjewKNE2g8AAAAAAAAAAgFS/uHAAAAAAAAAMDpiQQqAAAAAAqM1KsAACAASURBVAAAAPhBAhUAAAAAAAAA/CCBCgAAAAAAAAB+kEAFAAAAAAAAAD9IoAIAAAAAAACAHyRQAQAAAAAAAMCPsFCezH6oWDlr3lHBHnuH29qiIrV44XRNmZDV9R0DAAAAAAAAgFaELIF6tKxSD6x4Xo7qGqWlJis6KrJD7e1FxXpi1TplDk9XUmJckHoJAAAAAAAAAE1ClkDduPkjOaprtHjBRZo5dXyH269dn6tX3tyq0rIKEqgAAAAAAAAAQiJka6DaDxVLkiZPyA7VKQEAAAAAAADgpIQkgbplW77sRSWSpJWr1qnKUdPqcY1JVgAAAAAAAADoCUJyCf/OXV/KUe1Omu7MK1RpWYWiB6V49m/Zlq+c1ZvkqK7hZlEAAAAAAAAAeoyQJFC/f/NCPfBwjnbvPajHli/z2Xe0rFJPrFonW1SERgxL0+69B/XEqnUam52haFvHbjQVKEd1rR567EXt2Vfk2RYRHqaMoYP0rXnTlJaa7HOcJN15yyLZoiKC0h8AAAAAAAAAPVPIbiLlz868LyVJM6eO1/zZk7Vq9Sa99d7Hsh8qVmZGelDPPeuicz03tDp+vErrNm3Tfz+co+9ed5lGnz1MUZER+v7ShZKkqMiuTZ4++vSrKjv2DYlZAAAAAAAAoAcLyRqoa9fnetZAfXDF8zpaVunZl57qvpR/Z16hdu85qN177JIUtOpTb1GREUqIj1VCfKzSB6Vo6TVzNOqsoVq7PldVjhoZhtQn1qY+sTYZRtC7AwAAAAAAAKCHCUkFapWjxrMG6oFDR3z29UuMly0qUvaiEj2wIkeSZIuKlM0WFYqu+QizWnXh+aP1jyfX6sChYo3MSNejT78qSbr1hsv1yptb9Un+HqUPStGHH3+uK+deqCkTs/XCq5u1dVu+XC5TUyZm66p5UxUVGSGXy9Q7uTv12ob/qPJ4lfrGxWr29Ana8O52lR37RpL0o1/+TfNnT9a8WZP02e79eu7lt3WkpEzRtijNmnauZk0/V2FWa4tzL5gzRbs+3yubLUq33XC5rFZ3LvzF1zbry72HqGwFAAAAAAAAukBIEqhLFk6X/VCxdu89qL/+4Yee7VWOGt23/Ck5qmuUlpqssdkZ2pFXqINFJXpwRY5+vezGkFSieouNsckwDJ2ocrS6f//BI4qJjtKdty5S2sAUvfDKZuUXfKX/uu0q9YmN1pM56/Xaxv9o0dypyt2Wpxde2axFl1+ocaNH6MDBIzpScky/+PF1evrfG1RReULfufZSxcfFyl5Uov999nWdP/5szbhgkfbZj+jpFzYoIiJcM6eOa3Hu9NQUxcbYtHrdFpWWVyolqa+qHDX6fPcBTRw7kuQpAAAAAAAA0AW6dQ3Utetz5aiu0YwLx2nJwumSpPmzJ+vx59Zp6/Z8bdz8kebPnhzSPtXW1snpdPrd3z85QTdfc6ni42JUUXlC+QVfae4lk5QxdJAk6dIZ5+mNtz7QsYrjyt3+mc4bf5YuvmCcDENKiI/1xIkID5PValF8XKxsURHa9flexcfF6rIZ5ykmOkqJCXEq3HdIH+/6UheeN6rFuSUpK/MMvf7WB9q996BSkvpqz74inahyaEx2RhBHCAAAAAAAADh9hCSBumr1Ju3ee1CS9KNf/l2/XnajkhLjZD9ULEnavceuB1c87zm+ylEtSSootEuzQ9HDJrV19QoPC1PfuNhW98fG2BQRES5JqvjmhBzVtXoyZ72ezFnvOSaxbx9VHq/SsYrjOuvMwQGtn3qkpFwR4WGyWJqWpbVFRepYxXFV19a2OLckxcfFKHN4uj746DNNOCdTH+/6UiPPHKLkfn0789YBAAAAAAAANBOSBGq0LVK2qAg5qmuVnprcYn/jDaZaaxdK9U6n3vvPp0ro20cD+/dr9/j4PjGyRUVowZwpPlWfFouhiLBw9Y2PVdmxb2SaajeJ2j85QfaiErlcLs82R3WN+sbHKirC/+X4548/S/985nV9UXhABYV2XXPFxdzwCgAAAAAAAOgiIUmgzp89WQWFdu3ee1B3fX+xZ7v38/Y0JlO7MqlaXVOr8orjkqTKb07o5dff1/6DR/SDmxcGdJ64PjHKyhyqd3M/0ZC0/kro20dHistUUlqhC84bpXGjztTa9bkaOniARp01TAcOHlFpeaUuvmCshp+Rqq82f6TS8kqlDUzSqLOG6a33Ptbrb32gGReM1T77EW3d/pnmzjxfkZHhfvswJG2AUpL66vm17ygmOkrDz0jtsvEBAAAAAAAATnfdugaqJB0tq9Qrb+aqtKzSZ3tmRrrmzZrkeT1z6nhNnpDdpQnUN9/Zrjff2S7JvSZpxtBBWva9bymtlSrZ1hiGdNW8qXrh1c1a/sjzqquvV3K/vlowZ4ok6aIp56i2tk4vvfaenv73BiUlxuuKyy6QaUqTzs3Sl3sP6b7lT+ncc0bo1hsu13euvUzPvfy2Nry7XdG2KM2adq4umnJOm32IiAjTmOwMrVq9Sd+aNy3kVbsAAAAAAADAqcwwTdMM9kkefny1dubv8bz+9U9uUPqgFEnudU4ffOT5Fm1sURH66x9+GOyunRI+yd+jVavf1n/d9i2lJLH+KQK3f1+RDMPo0I8kv68bn3s/tvW8rW3BYIvu9n8zAoAu46iqD2p85kwApxrmTQAIXLDnzN4mJDP8mFFnqmCPXY7qWo3JGq5+ifGefZkZ6frp7Ve3aON9jCRVOWp0sKhEI4anBb2/vYnT6dKWbflKH9Rf/RLiurs7AAAAAAAAwCnF0v4hJ2/KhCylp7orThcvvLjFZeaZGektfpISfZOBudvy9MCKHBUU2kPR5V6j6Ouj2rPvkKZMyJLVGpKPEwAAAAAAADhthCzj1njJ/s68LzvVvspR05XdOWWkD0rR8ntv1zlZw7u7KwAAAAAAAMApJ2SLtMycOl652/KUs+Yd5W7LV7QtqkPtDxwqltTy0n4AAAAAAAAACJaQJVCTEuN01x2LtWr1Ju3ee7DD7W1REbppyZwWl/YDAAAAAAAAQLAYpmma3d0JAN1j/74iGYbRoR9Jfl83Pvd+bOt5W9uCgTujAjiVcDdpAOgY5k0ACFyw58zehrsOAQAAAAAAAIAfJFABAAAAAAAAwA8SqAAAAAAAAADgBwlUAAAAAAAAAPCDBCoAAAAAAAAA+EECFQAAAAAAAAD8IIEKAAAAAAAAAH6QQAVw2jDN7u4BAHQN0xWCczBnAjiFMG8CQOBCMWf2NiRQAZw2TP6qBXCKCMV8xpwJ4FTCvAkAgWM+a4kEKoDThsvFLwEApwZXCP6oZc4EcCph3gSAwIVizuxtSKACOG04nfwSAHBqCMV8xpwJ4FTCvAkAgWM+a4kEKoDThotfAgBOEaGYz5gzAZxKmDcBIHDMZy2RQAVwWuHSKgC9XSj/oGXOBHAqYN4EgMCRPG0dCVQApxUuRQDQ24VyHmPOBHAqYN4EgMAxj7WOBCqA00p9nYs7CgLotUzTVH29K2TnY84E0NsxbwJA4EI9Z/YmYd3dAfuhYq1ctU72ohJJUnpqspYumaP0QSnd3DMAp6q6WpciIq3d3Q0A6LC62tD/QcucCaA3Y94EgMB1x5zZW3R7BerjDcnTtNRkpaUmy15UopWr1nV3twCcwpxOk/WpAPQ6LpfZLZdUMWcC6K2YNwEgcN01Z/YWIa1AtR8q1to3t8rhqFG/xDgtXjBdBxuSp79ZdqMk6bfLn5K9qERVjhrlrNmk0rJK2WyRmj9rElWpALpMY2WAYXR3TwCgfabZvRUBzJkAehvmTQAIXHfPmb1ByBKo9kPFemDF83JU17g37JEKCu2SpKSEOM9xSQlxOlhUovuWP6XS8krP9oJCu+6642qSqAC6hMtlqq7WyeVVAHqFulpnt1YzMWcC6G2YNwEgcN09Z/YGIbuEf+36XDmqa3TTkjl66Pc/0Jis4Sotr1RiQpzmz57sOW7+7MlKTIhTaXmlxmQN10O//4FuWjJHjuoarV2fG6ruAjgNOJ0m/8oGoMerq3X1iMupmDMB9BbMmwAQuJ4yZ/Z0IatArXK4K0/HZmco2hap79+80Ge//VCxbLYopQ9K0f333OKzb2x2hp7wigEAXaW+3n2n1PAILrEC0LO4L6Vy9qg/aJkzAfRkzJsAELieOGf2ZCFLoPZLjJf2HtTKVev0/aULPNubX9pvi4rU2FEZWrxguqJtkZKklc+90RSjCziqa/XQYy8qK/MMzZs1qcX+r4vL9OAjz+uaKy7W+NEj2oz10ae79Y8nX9H3vj2v3WMB9ExOpymzxqmISIsM/rIF0AOYpqnaGlePvJSKORNAT8S8CQCB68lzZk8Vskv4lyycrsSEOO3MK/TZbrNFSXJ/YLaoCEmmcrfl68EVOZ6K0535e5SYEKclC6d3aZ+2bs/X0bJKn22mKb33wS5VVJ4IKMaos4bpv399m0adNazdYx3Vtfrz357To0+/2qn+Aggel8tUtcOp+jouswLQverrXKp29Ox1qJgzAfQkzJsAELjeMGf2REFPoNoPFeu+5U/pznv+rrKGNU8btx8tq1RSYpzuumOxbFERclTXav7syZp0bpbsRSVasXKNJCkxIU5l5ZW6856/677lT8l+qLhL+lZSWqGt2/N9th0pKdMHH38ecIyI8DAlxMcqIjxkxbwAgqiuziVHVb1qa11yOl2N/74DAEFjmpKz3qXaWvf8U9eL/uOaORNAd2DeBIDA9eY5sycJetZv1epNsheVKC01WUleN4x6YEWOHNW1umnJHE2ZkKW77lis+/7naW3Zlq/fLLtRBXvsKthjlyT9YOkCrV2fq6PllbIXlWjlqnX69bIbT7pvY0edqQ93fKFJ52YpKdGd2N2yLU9942JlemXij5SU69+vvKvPd+9XXX29hg4eqNtuuFyJCXHau/+w/vHUK/rejfOU0LeP/vzXZzV5QrZ27PpSRUeOKiUpQd+97jK5XKb+8ugLclTXao+kbTsLPJf9f7Z7v557+W0dKSlTSlKCrr1yhs4eMcQT+4KJ2dqyLV/lxyp9zl1dU6t1b2/Tex98qspvqhQXG60bvnWJxmRnqLziuN++nJE+QJK0z/61nv73BtmLihUeFqZJE7J01eVTJUkvvLpZW7fly+UyNWVitq6aN1VRkREnPeZAb+Gsd8lZL0kuWayGrBZDMiSLxZBhGKxhBaBTTNN9yZTLZUqm5HSZcp0C604xZwIIFuZNAAjcqTpn9gRBT6Du3ntQaanJ+o1XwrPKUSNHda0k6YlV63yOT2qoUE1qqDo9Wlap9EEpnptO/Xb5U7IXlXRJ38ZmZ8jhqNbW7fmaN2uSio8e045dhbpsxnlas26L57gTVdU6I72/Fi+YLpfLpSdz1uvF197Td6+b22rc/3yUr+9ce5n6xEbr8efe0OtvfajvXHupfvnj6/XPZ15XfFyMrls0UzHRUbIXleh/n31d548/WzMuWKTPdu/X0//eoP+67SpJUnV1jfIL9umH37lC9fX1+n9PvaJNuTu1aO5UuVym6p1O/ei7VyquT4zezf1EOWs2aXBaf8/aOq315bYbLldJ6TH9/fHVyjhjkL737fmqqa3TBx9/pvp6l1a/8b7yC77Sf912lfrERuvJnPV6beN/tGju1C4Zd6C3cTn5pQMAgWLOBICOYd4EgJ4vJNedN//Hs8abQzVetu+dRM3MSFeVo0b2ohLZoiI8laHBEBERplkXTdDza9/RpHOz9N4Hnyp1QJJGDE/3OW7YkIEaNmSg5/VZI4Yov2CfqmtqW40795JJyhg6SJKUPXKo8gv2yeUyFdcnRlarxXPZvyTt+nyv4uNiddmM8xQTHaWJ487Stp0F2mf/WkmJ8QoPD9MVl12otIFJkqShgweqtGHd1mhbpKdiVJJGnz1MudvzdaziuBL69vHbl9q6en2860tFRUbomisuVnxcjCQpbe5UVVSeUH7BVz7tLp1xnt546wM5qmtki4o8uUEHAAAAAAAAepGgJ1DTUpNlLyrRfcufUr/EeM2fNUnpg1IabhhlaPGCi7RjV6H6JcZr8KBkTZ6QrdKyCk+yzn6oWOmDUiRJDzyco4MNywF0lczh6eqXEKc167boqwOH9e2rZ8lq9V0atuhIqXJWb9KBQ8U6fsIhSRp+RqrfmO73FpgjJeWyHyrWj3/1sM/2jKGDlJQYL6vV6nd91eqaWq1Zt0Uff/qlyiuOyzTNFuf215cjJeWKjbEpIiLcZ3vFNyfkqK7Vkznr9WTOes/2xL59VF1TRwIVAAAAAAAAp5WgJ1BvXjJHj69aJ3tRifvnULH+fM8tmjl1vF55c6vsRSW66/uLJbkv7S8tq1D6oBTdtGSOnli1Tg+seF533XG10gel6Gh5pdJSk3Xzkjld1r+IiDDNmT5Bf3v8ZY0bdaaGDUlV5fEqz36n06UXX92sb0449ONbFymuT4w2bv5Ie/YVdcn5+ycnaPCgFH33ussU5ZWcjIqM0OEjpW223f7Jbm35ME9LFl6ss0YMkf1Qsf71woaAz7tnX5Fqa+t8kqzxfWJki4rQgjlTNCY7w7PdYjHUJya6g+8OAAAAAAAA6N2CnkBNH5Si3yy7UVWOGt23/CmVlrsvP585dbx25BUqd1u+CgrtSkqM14FDxXJU13huLCXJJ4l6/z23BKWPGcMG6fZvz1fqgKQW1acWi0VRkREKD7MqKjJCpWUV+vjT3YqPi+3weWxRERo0IEkHD5eo4psTiu8To1FnDdM7uZ9o284CXTAxW06XqR15X2ps9pntx4uMkGEY6hMbrfp6p3K35ftdVqC5UWcN01vvfayX33hfc2eer5raOm3b8YVmXTRBWZlD9W7uJxqS1l8JffvoSHGZSkordMF5ozr8ngEAAAAAAIDezNL+IV1j1epNKi2v1Jis4ZLc63fedcdiTTo3S6XllSrYY5fkvgT9iVXrtGVbvqZMyNJNS+bIUV2jB1Y8L/uh4qD0LcxqVfbIoUpsWDfUm2FIi+ZeKEn61f2PK2fNO8rMGNzpc82deZ4k6a7f/kOvvLlV6anJumnxbG3bWaC7//CY7n3gCdkPlSg83NpurHOyh2vyhGytWLlGv/+//1JyUrxPFWtb0lOT9Z1rL9OefUX65Z/+qfv/9pxq6+pktRq6at5UZQwbpOWPPK+f/e7/6ekXNigyMrz9oAAAAAAAAMApxjBNMyS3+3vg4Rzt3ntQD/3+B56bSLXGfqhYD6zIkaO61lOJumVbvp5YtU62qEjP5fwATt7+fUUyDKNDP5L8vm587v3Y1vO2tgEAAAAAAPQEIatAbUya7sgrlCQ9/Phq3bJsue7+/WM+laXpg1J01x2Lu6USFQAAAAAAAAC8We+99957Q3GigSmJ+nDHF9q+s0CvvLlVX5eUKzEhTmXllaqoPKGJY0d6jo2Pi1H2yKGe4/slxmvKhCz1S4zX9p0Fyvtin2ZOHR+KbgOntIpj31CBCgAAAAAA0IaQVaA2VpaOyRquEcPSNOncLP1m2Y2S5LmxlCQ9/tw63bf8qRaVqBs3f6wpE7KUlprsczwAAAAAAAAABEvI1kD157fLn9LBohKlpyZLkuxFJUpMiNP999zifu21Jmq/hDiVllcqLTXZk3wF0HmsgQoAAAAAANC2kFWg+nPzkjlKS02WvahE9qISpaUm6wdLF3j2N1aijhiWptLySo0Ylqabl8zpxh4DAAAAAAAAOF10ewUqgO5DBSoAAAAAAEDbur0CFQAAAAAAAAB6KhKoAAAAAAAAAOAHCVQAAAAAAAAA8COsuzsAAD2ZYUjWMIssFkOGoYYf1mwF0Hmmaco0JdOUXC5TznqXTpUV6ZkzAQQD8yYABO5UnjO7EwlUAGjGMCSr1SKL1ZDVyh+wALqW+8Z77udWq6HwcIucTlMupymns/f9gcucCSDYmDcBIHCn2pzZU5BABQAvVquhsHB3FQAAhIq14T+irS5D9XUuOZ294y9b5kwA3YV5EwAC11vnzJ6EBCoASLJY3P8yZ6EKAEA3slgMRURa5XKaqqtzyeXqmX/cMmcC6CmYNwEgcL1lzuyJuIkUgNOe+5cIf9AC6Dks1oZ5qQdWKDFnAuiJmDcBIHA9ec7sqUigAjithYVbFBllZbF+AD2OYRiKjLIqLKzn/LnGnAmgJ2PeBIDA9cQ5sydjlACctiwNC2oDQE8WHtEzqpaYMwH0FsybABC4njJn9nTM5gBOS4ZhKCLC2t3dAICARER0b/UScyaA3oZ5EwAC191zZm9AAhXAaSkiwiJ+PwDoLQzDPW91F+ZMAL0N8yYABK6758zegNEBcNqxWA0uUQDQ63TX3MWcCaC3Yt4EgMAxd7WNBCqA0w5rUQHorbpj/mLOBNCbMW8CQOCYv/xjZACcVsLCLLJY+Fc1AL2TxWKE9E6pzJkAejvmTQAIXKjnzN4krLs7AAChZA3jD1oAoVasjQ89q5wD0tAF1+oXU1NOKpo1zFB9fRd1LYBzAUBvx7wJAIEL5ZzZm3RLArXKUaNX3szVlg/z5aiuCbhdv4Q4zZw6XjOnjgti7wCcqgxDVAQACL39H2vjAack6avNH2vv1DkadhLhLBZDhmHINM2u6Z8fJzdnVuvwjneU83ahCpSpX18vPfY/BdLwDM1ZcJEm9o/q0r4CQFt6w7xZV1mod9fk6t0vSjRgyTJN3r5cK4uTlT1pshZPylB8eBd3FgD8CNWc2dt0SwL14cdXa/feg7JFRWjEsLSA2+3ee1A5azbJZovUlAlZQewhgFOR1drxSxHWrs/VK29u9bxubc46Wl6pHyxdoPRBJ1dVBuDUcHjz47pvTbnq+yRozPAYlX5xUKWNO8vz9ZflFcpOPKGCvHJVhiVo8U9u1sz+HTuHxSo5g1wZ0Jk5U5JU+YVW/vU15ZY3vG6YGuvqa/R1Qb4e++98vXTuXP38mpGKDyTerhzd8sRBv7vH3LRM3x/Vua76c/itx/Tr1yslxenK/3OLLu3g59M1ivXG/U/rpeLW9qXpjuWLNdZry46Vy7Uir+X2TmsY9zE3LdP31fQZdNl4H9mgX/33p9JlN+h3M7ro92dDzK8lDeiKuN7fvZTRuu9nA7XzrRRd2l7cDvUjTw8vW6+dPtvcn+MAz/dQUvZsPbY0O6DzdumYnkJ67rxZrwObn9WDa0rkaNgyoOHRUVyibWvWaNv6ZC2+41rNHBTIf763NXeo4bt8iQZ2oqf+eX2PA/muBslh7//PNNNi7vKe47p6Tsv+pGvnIkmez1Vd+/m5f3dIrf1e6YjWxv7/t3f/QXGcZ57Avzi2BZKNApYGkECRkWK8YZAHG/kiXPJZizASG0cuNhe0qdUe+ApnA3U5X01sxxVLVSedK5bjce1mC5wKl8BGW47x3XHBzoIxIlLsNbqycBjDkJO0klYBBMOAQBqbXwKJ+6N/TPdM98z0MDMMzPdTRUkw091v90y/3f308z4dvnU3iH1hWESjz1xpoh5AHbzqwoXLQ8jctBHPV5djbdIaQ9MefeME3mvvYgCViAxLCEMpl8HhMeRsz0JN5QH5b++2d2F6Zg7nLw7iwuUhFO1+2FDf5jlx0RLGi2HNZUZm/rEgpk7kvCkurrUFH7RRfn8iEUgio6ZwwTGJBQD4fBJ2+6TPO2aGh3B2WPxlYRI9l6awN22doaXccUcCbiHCmVSh9JkzDtQeb4d91v/brnX/Mw7PLuDVSjPWBppnXjnqbdLFuXrfGOmsR3MIzQwko+gAyrr9BCCiwoT9L1phkfoyOeghbIs6qy3Efd6BtmCCgEp55ag2+ztWBaenswPpReEO3CikFaO69IpuAMWQ0Q4cVgZXRjtw2NoOlB7C/rC2w4wam9nTlyuDT0VVqDd3oNbxEGpCPnaF8HmvUrHab450NuBYoO/K7Bia3mjAfFDnBl59hyqg6UDt8RHjjQzIjJqKfr83u6IhQ9xnhHMsz/Gip8GGukYbqkIM7hruu8LUF410dsBZVBzR8/T8yhJYfG7iGKe37aMl4seXOBSNPnOliXpl2KSkRDyQnYlvlhQaCjAAQNZmEx7IzsS1yTCcFBFR3ElIWPrw/ZnZOdgdFzVfe7e9C++2d+Hkh58ammd+pRX1FWJmq2kHjtqsqLdZUW87hLIIXe/kV5bAEplZx4yMoirUv7BDzOJIRtkL1tgInkrMJcLn7NXGepsVR0uTg55NfqUV1cuT6EGa1qFwl5HT9wz8+53GgqdAePqz8C9jCh+fCBw8lcw42vHzs1OG26WUUVQVhzcNzKgRjxn2xib0iH/Nr7SiPuANMRfajrejK5jF5JWj3ha+mzIjnfWo61b8Ia0Yx2wx1i8ruSbgRDKypealFeOY3F9HV7YpyG3ks00NfN5xICb7zT+9j78POsjmRnP9+7hsuFVKZtSEPfs09snnvY521PaJfwyyj/Ppu/SEu0/ra8KR1gnFH4TAeH0cfn6BrLjjywoRjT5zpYl6BuqG1GQ8X1Me7cUSEeGOCB0EcrZlYWZ2Dvl527E2aQ0Kd4YrmmXC/hfZX65KacU4Vqn/ckZROU+OV7C7ktYiCZCHYiZt24Gag7uRkwqMX/wIDQ29uCAFGRPXYm0Ide0i1Z8taRlXP8J7541N0t/+EQZ27sMWY5MBfU2oRbniwlcxZNW0A9UFV1DX6oaQZb8HTuk1KftIMTTbYs6E3RHE8HRV5riUXaMefp1eegjHTKeEeXtljGoNbQ15NEBeLiwYgh1D6OoD0l3eJQfUQ3iF7HuXpx2tJ1DVmonqCqBOMTS/sNuGOkcyyv7TVnT9Qmf4abdn20mvqdcjF11e6+t5vRdHrL2wVJQAjd7bRKvNJvVnVboDztYgh8UOnMJh65Dwefm0A/KQ/GaNzGYPN5pfs+Gy9L1IK0ZNGuD9fTtaAdTpDdfVaEdo1MssM/WiWfXd8f6ewffzXqUjToIVe/3mLD5p7/eUeAnGZD/e7XkCuNhhUwAAG95JREFUz+UbrSPtQlvDZ7BUeoJvqv1W7guEfSG9VXxN7seU379Mof9xIUA5AO19Opj9UK9vDL28ihmF5nbYHYC92wGYRnyG2KtGLonr5QzUdxUIWbfppYVIb+3SLmGg1Qf0qcuiCH2vZ32V5TvqrDaklx5C2cAJn22i2pbSvFUlRHYgvbU36NIKXfL8xO0L9YgpS4UVZS6tzGZjNNst0vocMryn0dwGUTy+xIlo9JkrTdQzUMcn3Dj54R/w3gdn5J/Bq9EdHzUzexOv/sOvUWW1yT/P/sCGw8cb8McLf4pqW4goesIxhF8yPTOH2oYWVFlteP3Nd1Db0IJ328/AkvdVbEgNPntQT0+DJ6sIgHCAF/ur2j4HasX/H+50KV6rR9uoNL3UvzWhVvH/Hq2FaSxDfu9oBw4r+sraPuHEpspqQ1WDeBajeM/hTmV/7mmn/F640HbcMz/1+xVUy9VerzapHYrXQ6azDvK6qpajWC/vz+B4B0Z01904z/r6zkd+7XiHbykAr89NWifV/I53YERuZxi2IQG4gYGzv8XRE5fk4ClMO/BSdTFyUhMBJGLD9mI8/31FFtvsJfzc9lt8fPWGoSVF45zWaJ85cm7QWCAAACYH0T8R+G0eQkDLd5ioCfsrxO3q6kUzDoiZ3EOos7YAFWJGv+OM8F3PK5czt+3IlTP+7Y16+4IDta/1wilmjleb3Wh+rQk9MKNGzkrMRFmRCcgrx9HSHahWBk9NO3DUVgKLo121P9Y5hMzzavMQ6uT+IxgmOTPS6XIJJQeU13p9p4Q6eTbFCIdREwrF7Pb00kNCtqpiO6C7CV1bxHW5rxjVOpnwyu3lbG1B26j3qAZPhqzAhfQCcb7iKIuaPO/3AD0NJ9DsykS12GZn6wkhU0z5WXUD1TZhWc7WU36PaU5XKqptYoa+mHWWX+kZ2WEpLUaG+PmVVWgEYpTLbfQcAwWK7xsgDtfV3l5a7QiN+jt+ucAqf8ebO13w2e5an3eoi14lYq/fvIizBm86AUC/44qxCRztqLL6liTx7LdDqOvOFfsKoY/tKhC/s65eNPcB6u+fG9kVYt/i6sURnfMcvX060H6o1zdKgTVLhRVHSyH2wcFL3yLuo64RjPjssw40t0IcCSRtl0B9Vz9qu1PFddnm06dJNPsAZd8LjZFh5q3i78L2O1Zk8nnPSGe9vJ3qX9iBdOn4olg3Z+sECm1exz9dQ0CBNDLKjebGDoykFeOYYpRcWZ4w8qO6dAeOhhg81W03IGbdSp9xMuC6Avuo8Pc6h9iXVWQCGEJdgwPLdXyJF4yf+opaAHV6Zg5NLafw0iv1aGo5JQ91fbe9C0ffOIGjtl/h/MXBaDUHAPDkEwV47ch38dqR7+LVH1Vhx9ey8ctft2HYafj0n4jizOt1TUhKXIMf/6gKuwqEmswzs3NL78dcvThi1agzp7qQ60ehfIA/gSrlSW+rMKHypNhzMuTnAl2s9SZcZB1CmUl8b6ATJ+kut7kE9S/sAKQTEr2ggdZFvQ+9QIV6vbpwwGe9Q6K3DqMdQgab+Hf5ZBJm1Mgn156ASXWpV7aZRsDECH8nmMJrQiZAfQXQpVp9F9oae+FEJqp9ghwGggdk2MBv3sKxt89jUDGE/f7dj/pm5qQ9ir2KlMuZ4fNofOMtvH3VwMJi8KTWOeBnGGpSBiyWrdjp85OKtTP6k/kS9wnd/gNCBqoicyS99IDf77elwAzABEtBMgA3uhwa+2tfP+wA0rcI8xUuxIXsT8/FqhTIcsCOh4RglTRdwUPIEIOezu7PMAKHsN+atsKSJs5PulAMFymwkVcuZNKkmfwOP7cjFzVFxThm898fBLW9VEzICJjII22PVPFCWPjX3q3u24V+KzjCNgfyC8RyB90OKINA9lbheNjjACw6WceqEjsQAqlG+3PtdiyReDz2K8DnHZdird8cHfFTCx24L0erz9yKnakLMHTLzVwSoCxUJqqVwTBzif9h7WK/JWTCA3D0awSb/O3T/vZDvb7RBXu3MKqgMA/IMCn64LBR3Bh7sRgZgfouB1BYWYz9L/ofKh5KH5CRFqink7ZHMtLTAKRlIB3S8UWx7NI9Bm6cCNsWaQ+h0ATPMUm6BpGC6aMdcJpCLSPgr90utLUOye3IKKpCvXQ8EsstHCtyoVZ1A3V5ji9xI9b6zBgQlQDq9MwcXq9rwskP/4DUlGSUH3gCP/jet/GD730bFQf34YHsTAwOj+H1N9/Bx2f7/c5rbdIaJCXeHZZ2Ja65Gynr70HK+nuQmpKM3f8uD1gEXOO+D3wgIlJKSlyDZ/5qH9YmrcGZbk+/lbM9a2kzFu+e+qtpaalQZpF4nfT60DkZ8jLiuCIMWTGZAJiQHuSJkzSdpcAsnwTZux1+ggbwvaj35i9QoVivsjANrdFdB7F+Un2lSQxIKplRaAaUARMnhBNkv+seNP8nmNJr2SYAacUoU30FxBpZtnKkd7Z4ZZwYCx4QLV0yig4+hBn7FePZqf7klUe19umISzs47HQJO1iGeauwj7aeQk/fCGA2qaZztp5QZ4BJgRPxppnxB424cFkaiqhVHzOvXMjecbQHnWEuBEaXiV4gyTVisO8Mgnw87EVzn6Lv1iNeuEuBVGYmUaQl5TyB8s2foetSOOdqwv7KKAaIAu3Tevuhbt8o9XlDqLNqjUIITL7JZ8rQ2A7SaAJh/kHdKDHnLmNWt+cYoP7zhN+gfKjk4G9rB3ocQHoIx9+Rzia0jfprt/SaG06ta5XOelRZ+1Ho7waqlmgeX2jVi0oN1Npf/gaDw2PYVZCLg0/vUT08KgfAYztz8fHZfjS+/T4a334fWzZtRNZm7Qvjmmeejkgbb99exGd/vISkpDXYIi775yd+CwB49tA3AACf9l7APza147lnvwUA+Luf/y/MzN6U55GUeDeee/ZbmLzxOX72j++p5p/65Xvxw+9/Bynr74lI+4koOn7wvW/j9TffkfuiHsUDpZIS70bTb36H99q7UHlw35KCqfmV0a19qp055hZOZNLEEyfHkHDiVACkF6mnszfaUKWYUhU0aBX/aIJ4UV+PI63tqLKe0axfFShQES4jnU2wm8uRrrMOAMTaSG6UVexAulcQVdomzgEX0DcCmM2q9vusuyHBnGCKwVVNQhass7QEZaZ2dRA17SEUmnrR7OpFc18GsqVMOVqyLU9/B4c3f4TG33iyUP/to08wUuh10Tr6CU4OeH5N2pSD8oO78djmaLY2/LK2JAMO5f6bjKLvH8CjPS348Ud6AcJkZD25xAX3OdCTZ47o91jIdvJdBzl4mVaMMnMv6hxDqGtNxdEXvabzqRXnQDqkTPEQhlaLN2rkm2RabS6qQn2R0Bc0N3bA8mKx0aUERdgGS+yf0zLE7eFFDHSEIyAg3ZQDTNhfmonmxiHYG88g+wWfnh+A5xghH6Pk41e42uH9d+/9R+SaWOJDgyhmpWUhy+t7n5TzBI58C/gn20n06z2Qz5yDZ5e0YBd6+oD8SN6ECrBP6+6H8nTefaMLbSbA7gr16e4OebSO7s2itGIcsxULJQRaW9BmrsJ+o4sJgl4fYIxwg97u3fVKWZZhoTjPzNuDMtMJNLt6UTdQgnrD83LB3g2kF5kA3XZL6+S5/pCJQ/vTSw8gH6eMLToKxxeKHxHPQP34bD8uXB7CA9mZcraWlsd25qLi4D4AQFPL6Ug3C4DwxGypFtx3n38DH5zuRkV5CVJTAtcv3JJpwrEXn8FrR76L//7DZ5D9lQxkbjIh3ZSKvD/LlksDvPxf/xr3pSQjZ3sW7r0nKQprRUTRIPVlXZ84kLlpIwBg7+OPID/vq8jZnoWmllMYnzCaUaStpy8Mw/0CkOtCqSiePpy3Rxj65epF3UCGfEIrTScM/ReeIF9faRaDBvA8ad7meWqoMCSnBBZ5SLyaPK13G4N9CnFQxBO5NP11kMoawLwL+7UWrRi6VuuCMJxN2X6NdQ+ep76h+s+eE0y9O/TSU5ftulm6wkULANgbz8iZchQO67Fl5zdw5NA2yEd8Vy9+XNeB8xOzAGYxfrEDP/mp4kQ+cRuetX4Dj21evywtDqcND2bhPvm3YIKnAFKykLuk8hEO1LaOLOmCUbg548nsLtTaJ8T93TkgXPUJN4/UwUspQ0c1DFDuJ6Tacy60NQilQNRZ7FJ2TjAtdshDGNUjEhT6msQMKt9acJKeTiM1Vz3U20vaBuo+q6fbT3ZYX4fGeorbQ8qeEv9dSlas9FkJbfH6XKXPxbzLTyDGjebXlNm74jpLWWfiyADVa0bboSBlMavrFDpQ2wjdILkRoX7eFElbYcnx/OYJnp7WD54CyLVsX9JSRzpb0GX8zq6HtJ9KN3I0MzGD2Kc190O9vtFTNkQu29TXFHRN4Z4Gz0OFtEcvOFArlrnyqUcq0ey7AtPrA1Tn3vJNMQ2jHWjzWU/P9nCOQs6ylMoFhEaa12focsHrc5WWl4yyUuP98og8Ispfu6XXPKOkpM9YmVyhl2gBIGrHF4pfEQ+g2vv+FQDwzZJCAMJDpF6ve0f1Iw3bf2xnLjI3bcT5S4O6gYfBq66w1UpV1kA9/nIVvv7I11DX2ILB4bGA0975pS9hffI6fDn5Hpy1n8PU9CwqDwoB4rvvuhMp6+/BvfckofMjoWzBwaf/HHd+6UthaTcRLR97vyfjdHpmDhcuD+HggT2w5G7DhUtDWFwEus72Y3B4DF1nwxD47GtCs2spAS6vkyGpbpUXefipeGHs9Hmv9omTatgqAMCB2gaHftAgiIv6YAIVSzWiGNquuw7KYVCaQ6LMKBPrHqqGgOoGTIwI5gRTqj3o8KmB6sle1clkDSp4QKGa/nwayrKeM5d68fortaiy1uKlN3txQXlhPDuN6flotzBCNu/GUzlA0MFTALklu7HF7zsgPqRNetK9+BAp+SFp7bCbMoQnREtZ4q5e1DU0CTWMIdQArm2Q9nmNGzfdLfLweotYD9jTRyhqH4u1iKus0gNOvIKXeXtQZvLuq6S+Tmp3CyAGWKWLdGF4vw112OO1PwoP3ZOHsIpDWoVtITwMQwoE+LY3FekDwoMOqxqH5KBuRtEueZldpmJkiA/mAAB7o+KBLFINaHhqKAv1Zw+hsFsqR6DMEJNuzAjDX7sg9u/SA1OkUiOuXhzpzsD+NE8QWP2AJ8/w3PTSQ8L6ebWxVgqEyA8R8WWpsKIays/KO2NN6L/9X0Ano+yFA0Cj9F07IdTwljOJxWOAqxdHrC24bJIe2tIiX8AHboeCXHNc+R3vR6G8jf1/x9tGfbepz+ftZ21pOSTi0ZJc3Ifgg6dIycU38xMDzNer7xD7LennSCuQbVIEFTGEuoYm9fenQadvAACTG83SMHqTtE8Y2Kdl2vuhXt8oPyxPWp/uXJ9g6EhnParkp8Z79iW5bry0/2r0cdmmCaGt1nbYpfOjIPou8RfNv/vrA6T9095oQ1U3PA/0anBAeY5Z1yiUWurx6vsyiqrE5wTYhHU2lwilsbzWze/xT/5Md+DoC1vRpZhXvVeJsIyiXbDoXEf42/ZVUikGMTtWt93ya/Ac78TP2HOufgJ1A8nizablOb5QfEtYXFxcjOQCqqw2pKYk4/jLQlr+4FUXjr5xQvWeot0P4+DTewAIWaHvfXAG1ZUHkG/2vbv2k9omXLg8hHqbNeQ2zczexN/X/2/k5mzFU0/ukv8+NT0L28/+Jx7bmYui3Q/7HcKf/RXhFOSTnnN4p+U0vlfxTWzbukme1+Ii8M8nz+D/fvr/8F+q/hIb71v5mSW0+vzpyjASEhIM/QDQ/V36v/Jff//397dISFprvGqJ1Cd5q7dZ0eO4iIZft+Gnr/xnjE+48dIr9XjqyV3y+596cpd888gf4Wmj+q9bKqyoQZOi3lMmLOYh2KVpzJmwOIbkO9eWCitq8sQHGSEZ6Sa3EBBVDIdSLVM6SepTL8N3WKkDtcdHUOaVTSk9FdVnOtX8xJNGVwdqu6/ALg5TFNqqsdLSg52U06Z5t1trvfXapcEkPfRJbx2kbaheVnrpIU/t1tEOHH7tCgq9L4q11l3jhFOrjcr5a35OAISLI6meovL7ILQd8nSK1xTrKy272VQV1TqS8WEKv6/7Gf7JQO26B/7yb/F84TrDS5qZXjA8jRGh9JmY+Tf0uNZhfRDB0yRzCV6tNGNtiO1bKmn/0u2HDHOhrdOF/UXMalkJRjo74CwqZgmTOBOL/ebIuXO4yzQVOHjq53wiKqRzM6/ziaXgfriSONDWacL+MD2DgFaGSPeZK01UaqBuUAyJz9ps8hv8lGqfDl51+QRQB6+6cOHyUFBD7JdiemZO8++3bt1W/X7pyjB+/X9+h7/Y+3VV8BQAztrP4YPT3aj6628weEq0Sr3X3gWL+asAgMFhIc2vcKcZOduE2qf3pQa37+dXWoOoJVSOelsorUxG2YtVPiemmsvMC7yMbI2hQUKdPY03a80vrTi4QIVYh8pbcNsqQLuCfq8ZNbYAgZC0YhzT2mZBbMtg2qi/vsKDonRrcwW1nbaGNauXJOvwgDkFd16axMK9KbBsW4dr54bkmqgAkLQpE+bUKZx3TMJ9ZwrytxkPnsaspPuRn3IODVq1HBXuK/gLvPRXDy5b8DSchEBsJqorUgFzZOqMUpiIN7csFSXIxkMRqW9IZFTGg9sx8OFbuOwveJq4EeXV38He1TBqhPvhCiLesMcOVBcA6bxBSHEuKgHUmVlPQHJ8wo3Gt99Xvb5rZy4e25kLQAiSAp7Aw8kPP0VSUiLOnO3H+UvC0P1gMrqCMTt3E5M3vgAALN6+jX/5xIGJSTce3C4FP5LR+8fLGLt2HXfffRdOf+ypTDJ27QZ+8VYb7t+SDot5mzyfdWsTMXjVhbeaO/H1R76GzIwNmLzxBe5ISMC6dYkcxk+0Spy/OIjxiRuorhQfJtV3EZbcbdiQmowNqZG9yRNdPHFaVXjREhUZjz+DNx9X/OFP7+OHP+0XnkKfkovnrPuQvUxti4rkB1H58lbs6zmNpt9dxPnhOSwAwJ1rkLVtO/YdeAKPpgUaghphqmF7NtQuIQtVePjPEOq6c1FfGb4mUgSYUpGOIdgb+1EY6AYZUdTciS2P/w1slov4fUsXfn9uDE4xmJpk2gjzrkKU79qO9XctZxvVJSSOHEfoWajcD1cQE9JNABy9aMYhHFvu5hAts4gHUDM3bcTg8BjGJ9zYkJqMmZlZORAqSU1J9gmgbhEfyqJ8oJRQS3SP5tD+UHxwuhsfnO6Wf/9y8j34m//wJLbfL9Rt2lNowYVLQ/jRj3+Be9etReGjuRifFDIqBq6OYuzadYxdu46XXvkf8jz+9j8+hWHnNUxNz+LUx3acEoOuSYl3q4b+E9HKkLXZhMxNGzGkURt57+OPyMHS85cGw3ZzJxxUdZKsTaE95RkAT5xWGV60LI+vPIy9W86haQC4//GHV3fwVJaIjPx9eC5Wx2UGmSUeDCPZ7rTMdEY3EMWCu5K3Y++h7di73A3RFGDkixHcD1cUI6O/iFa7iNdAPfnhp2hqOa2qc6pHqo+qrJl6/uIgfvn2+5iYdAddT5CIgsMaqMEbn3Dj/KVB2Pv+FecvDeLVl5/F2qQ18uvTM3Oq34mIIi0Wa/kREcUy9ptERMFjDVS1iAdQp2fm8N9sv8LEpBsVB/fJmabexifceL2uCdcm3T4PkJqemUPXWQcKd5oZoCAKIwZQiYhWLgYCiIiMYb9JRBQ8BlDV7oj0AtYmrZEzTzs//BQXLg3Jw/QBITh68sM/4KjtV7g26cauglyfIfprk9Zg7+OPMHhKREREREREREREURWVW2TSU+0Hh8fwk7om3fdxiD4RERERERERERHFkqgEUDekJCM1JRkbUpKRsz0Lg1ddclAVAHK2Z6Fwp3mVPbmaiIiIiIiIiIiIVrqI10AlotjFGqhERCsXa/kRERnDfpOIKHisgaoW8RqoRERERERERERERCsVA6hEREREREREREREOjjGgIiIiIiWbHTs+nI3gYjiTNrGLy93E5aE/SYRRdNK7zOXGwOoRERERLRkPCknIjKG/SYR0crBACoRkQ5mBRBRNPFCmoiIiIgoNjGASkSkg8EMIiIiIiIiIuJDpIiIiIiIiIiIiIh0MIBKFKcWFxeXuwlERERERERERDGPAVSiOHXr1u3lbgIRERERERERUcxjAJUoTt26dWu5m0BEREREREREFPMYQCWKU6FmoCYkJIS5JUREREREREREsYsBVKI4dWuBGahERERERERERIEwgEoUpziEn4iIiIiIiIgoMAZQieIUHyJFRERERERERBQYA6hEcWpu7uZyN4GIiIiIiIiIKOYxgEoUhxYWbuHmzfnlbgYRERERERERUcxjAJUoDk1NTft9PSEhIWzLCue8iIiIiIiIiIiijQFUojg0PT27pOkZFCUiIiIiIiKieMEAKlGcWVxcxOzsnOpvUkA00oFRBl6JiIiIiIiIaKVhAJUozuhln3oHUYMNdjIoSkRERERERESrGQOoRHFmemrG0PsZICUiIiIiIiKieMYAKlEcmZ2dwxdT00hAAhISPD9ERERERERERKSNAVSiOHJ90m3o/QyuEhEREREREVG8YwCVKE7MzMxieka7/mkgWoFUf8FVI4FXBmmJiIiIiIiIKJYxgEoUJ8bHJpc0fbgCpkREREREREREKwkDqERx4IsvpjE/Px/x5TCQSkRERERERESrDQOoRHHg2vjSsk+JiIiIiIiIiOIVA6hEq9z4+CQWFhaWuxlERERERERERCsSA6hEq9iN65/j+uQNzdek4fZ6//qbhoiIiIiIiIgoXjCASrRKTX0xjbGxa0hISBACn+K/CUgIGDwNNojKgCoRERERERERrXYMoBKtQrMzcxgZcS1pHnLgdYnzICIiIiIiIiJayRhAJVpl5ucXMHR1BIuLi2GZH4OgRERERERERBTP7lzuBhBR+ExPz+DqVScWby+GNfDpPa9Q5s1ALBERERERERGtRAygEq0S16+7Meock4feK3/gNRzfSM3TQMI5LyIiIiIiIiKiWMMAKtEKt7i4CKdzDDeuuwMGLwM9QMpf3dNIBEYZbCUiIiIiIiKiWMcAKtEKduvWLQwODGN2di7sQ/a15qeVxUpEREREREREtJoxgEq0Ai0uLuL6pBtj49dwa+GWZhapv2xSIiIiIiIiIiIKDgOoRCvI4uIirl93Y8x1DQsLC8EFSqX3QDu46m9arXnzAVJEREREREREFE8YQCVaIdw3PofTOYb5+fmwBzZDrX/qLwjLoCkRERERERERrQYMoBLFsLm5m3C7P8f1627MadQ59Q56+mSYhjCMP5j6p/6mJSIiIiIiIiJaTRhAJYohi4uLmJqahvvG53C7v8D8/DwA+Ay5N5p9qjV8P9DQ/1BfCxaDrURERERERES0EjCAShRlt2/fxs2b85ifn8f8/AJu3ryJ+fkFzM/PY3p6Brdv3QagPTxeK9vU+3ejD4/yN004ygQQEREREREREa1k/x+UN57wXat71AAAAABJRU5ErkJggg==" height="600" width="800" />]]>
  </system-out>
  <testcase classname="testcases.LoginTest" name="LoginUnsuccessful_002" time="22.815"/>
  <system-out>
    <![CDATA[<img src="data:image/png;base64,iVBORw0KGgoAAAANSUhEUgAABVAAAAJcCAYAAAAfG4+9AAAAAXNSR0IArs4c6QAAEYpJREFUeJzt2LERgCAAwEBk/3WxsZABuNRa/E+QOte9nncAAAAAAHCYXwcAAAAAAPyVgQoAAAAAEAxUAAAAAIBgoAIAAAAABAMVAAAAACAYqAAAAAAAwUAFAAAAAAgGKgAAAABAMFABAAAAAIKBCgAAAAAQDFQAAAAAgGCgAgAAAAAEAxUAAAAAIBioAAAAAADBQAUAAAAACAYqAAAAAEAwUAEAAAAAgoEKAAAAABAMVAAAAACAYKACAAAAAAQDFQAAAAAgGKgAAAAAAMFABQAAAAAIBioAAAAAQDBQAQAAAACCgQoAAAAAEAxUAAAAAIBgoAIAAAAABAMVAAAAACAYqAAAAAAAwUAFAAAAAAgGKgAAAABAMFABAAAAAIKBCgAAAAAQDFQAAAAAgGCgAgAAAAAEAxUAAAAAIBioAAAAAADBQAUAAAAACAYqAAAAAEAwUAEAAAAAgoEKAAAAABAMVAAAAACAYKACAAAAAAQDFQAAAAAgGKgAAAAAAMFABQAAAAAIBioAAAAAQDBQAQAAAACCgQoAAAAAEAxUAAAAAIBgoAIAAAAABAMVAAAAACAYqAAAAAAAwUAFAAAAAAgGKgAAAABAMFABAAAAAIKBCgAAAAAQDFQAAAAAgGCgAgAAAAAEAxUAAAAAIBioAAAAAADBQAUAAAAACAYqAAAAAEAwUAEAAAAAgoEKAAAAABAMVAAAAACAYKACAAAAAAQDFQAAAAAgGKgAAAAAAMFABQAAAAAIBioAAAAAQDBQAQAAAACCgQoAAAAAEAxUAAAAAIBgoAIAAAAABAMVAAAAACAYqAAAAAAAwUAFAAAAAAgGKgAAAABAMFABAAAAAIKBCgAAAAAQDFQAAAAAgGCgAgAAAAAEAxUAAAAAIBioAAAAAADBQAUAAAAACAYqAAAAAEAwUAEAAAAAgoEKAAAAABAMVAAAAACAYKACAAAAAAQDFQAAAAAgGKgAAAAAAMFABQAAAAAIBioAAAAAQDBQAQAAAACCgQoAAAAAEAxUAAAAAIBgoAIAAAAABAMVAAAAACAYqAAAAAAAwUAFAAAAAAgGKgAAAABAMFABAAAAAIKBCgAAAAAQDFQAAAAAgGCgAgAAAAAEAxUAAAAAIBioAAAAAADBQAUAAAAACAYqAAAAAEAwUAEAAAAAgoEKAAAAABAMVAAAAACAYKACAAAAAAQDFQAAAAAgGKgAAAAAAMFABQAAAAAIBioAAAAAQDBQAQAAAACCgQoAAAAAEAxUAAAAAIBgoAIAAAAABAMVAAAAACAYqAAAAAAAwUAFAAAAAAgGKgAAAABAMFABAAAAAIKBCgAAAAAQDFQAAAAAgGCgAgAAAAAEAxUAAAAAIBioAAAAAADBQAUAAAAACAYqAAAAAEAwUAEAAAAAgoEKAAAAABAMVAAAAACAYKACAAAAAAQDFQAAAAAgGKgAAAAAAMFABQAAAAAIBioAAAAAQDBQAQAAAACCgQoAAAAAEAxUAAAAAIBgoAIAAAAABAMVAAAAACAYqAAAAAAAwUAFAAAAAAgGKgAAAABAMFABAAAAAIKBCgAAAAAQDFQAAAAAgGCgAgAAAAAEAxUAAAAAIBioAAAAAADBQAUAAAAACAYqAAAAAEAwUAEAAAAAgoEKAAAAABAMVAAAAACAYKACAAAAAAQDFQAAAAAgGKgAAAAAAMFABQAAAAAIBioAAAAAQDBQAQAAAACCgQoAAAAAEAxUAAAAAIBgoAIAAAAABAMVAAAAACAYqAAAAAAAwUAFAAAAAAgGKgAAAABAMFABAAAAAIKBCgAAAAAQDFQAAAAAgGCgAgAAAAAEAxUAAAAAIBioAAAAAADBQAUAAAAACAYqAAAAAEAwUAEAAAAAgoEKAAAAABAMVAAAAACAYKACAAAAAAQDFQAAAAAgGKgAAAAAAMFABQAAAAAIBioAAAAAQDBQAQAAAACCgQoAAAAAEAxUAAAAAIBgoAIAAAAABAMVAAAAACAYqAAAAAAAwUAFAAAAAAgGKgAAAABAMFABAAAAAIKBCgAAAAAQDFQAAAAAgGCgAgAAAAAEAxUAAAAAIBioAAAAAADBQAUAAAAACAYqAAAAAEAwUAEAAAAAgoEKAAAAABAMVAAAAACAYKACAAAAAAQDFQAAAAAgGKgAAAAAAMFABQAAAAAIBioAAAAAQDBQAQAAAACCgQoAAAAAEAxUAAAAAIBgoAIAAAAABAMVAAAAACAYqAAAAAAAwUAFAAAAAAgGKgAAAABAMFABAAAAAIKBCgAAAAAQDFQAAAAAgGCgAgAAAAAEAxUAAAAAIBioAAAAAADBQAUAAAAACAYqAAAAAEAwUAEAAAAAgoEKAAAAABAMVAAAAACAYKACAAAAAAQDFQAAAAAgGKgAAAAAAMFABQAAAAAIBioAAAAAQDBQAQAAAACCgQoAAAAAEAxUAAAAAIBgoAIAAAAABAMVAAAAACAYqAAAAAAAwUAFAAAAAAgGKgAAAABAMFABAAAAAIKBCgAAAAAQDFQAAAAAgGCgAgAAAAAEAxUAAAAAIBioAAAAAADBQAUAAAAACAYqAAAAAEAwUAEAAAAAgoEKAAAAABAMVAAAAACAYKACAAAAAAQDFQAAAAAgGKgAAAAAAMFABQAAAAAIBioAAAAAQDBQAQAAAACCgQoAAAAAEAxUAAAAAIBgoAIAAAAABAMVAAAAACAYqAAAAAAAwUAFAAAAAAgGKgAAAABAMFABAAAAAIKBCgAAAAAQDFQAAAAAgGCgAgAAAAAEAxUAAAAAIBioAAAAAADBQAUAAAAACAYqAAAAAEAwUAEAAAAAgoEKAAAAABAMVAAAAACAYKACAAAAAAQDFQAAAAAgGKgAAAAAAMFABQAAAAAIBioAAAAAQDBQAQAAAACCgQoAAAAAEAxUAAAAAIBgoAIAAAAABAMVAAAAACAYqAAAAAAAwUAFAAAAAAgGKgAAAABAMFABAAAAAIKBCgAAAAAQDFQAAAAAgGCgAgAAAAAEAxUAAAAAIBioAAAAAADBQAUAAAAACAYqAAAAAEAwUAEAAAAAgoEKAAAAABAMVAAAAACAYKACAAAAAAQDFQAAAAAgGKgAAAAAAMFABQAAAAAIBioAAAAAQDBQAQAAAACCgQoAAAAAEAxUAAAAAIBgoAIAAAAABAMVAAAAACAYqAAAAAAAwUAFAAAAAAgGKgAAAABAMFABAAAAAIKBCgAAAAAQDFQAAAAAgGCgAgAAAAAEAxUAAAAAIBioAAAAAADBQAUAAAAACAYqAAAAAEAwUAEAAAAAgoEKAAAAABAMVAAAAACAYKACAAAAAAQDFQAAAAAgGKgAAAAAAMFABQAAAAAIBioAAAAAQDBQAQAAAACCgQoAAAAAEAxUAAAAAIBgoAIAAAAABAMVAAAAACAYqAAAAAAAwUAFAAAAAAgGKgAAAABAMFABAAAAAIKBCgAAAAAQDFQAAAAAgGCgAgAAAAAEAxUAAAAAIBioAAAAAADBQAUAAAAACAYqAAAAAEAwUAEAAAAAgoEKAAAAABAMVAAAAACAYKACAAAAAAQDFQAAAAAgGKgAAAAAAMFABQAAAAAIBioAAAAAQDBQAQAAAACCgQoAAAAAEAxUAAAAAIBgoAIAAAAABAMVAAAAACAYqAAAAAAAwUAFAAAAAAgGKgAAAABAMFABAAAAAIKBCgAAAAAQDFQAAAAAgGCgAgAAAAAEAxUAAAAAIBioAAAAAADBQAUAAAAACAYqAAAAAEAwUAEAAAAAgoEKAAAAABAMVAAAAACAYKACAAAAAAQDFQAAAAAgGKgAAAAAAMFABQAAAAAIBioAAAAAQDBQAQAAAACCgQoAAAAAEAxUAAAAAIBgoAIAAAAABAMVAAAAACAYqAAAAAAAwUAFAAAAAAgGKgAAAABAMFABAAAAAIKBCgAAAAAQDFQAAAAAgGCgAgAAAAAEAxUAAAAAIBioAAAAAADBQAUAAAAACAYqAAAAAEAwUAEAAAAAgoEKAAAAABAMVAAAAACAYKACAAAAAAQDFQAAAAAgGKgAAAAAAMFABQAAAAAIBioAAAAAQDBQAQAAAACCgQoAAAAAEAxUAAAAAIBgoAIAAAAABAMVAAAAACAYqAAAAAAAwUAFAAAAAAgGKgAAAABAMFABAAAAAIKBCgAAAAAQDFQAAAAAgGCgAgAAAAAEAxUAAAAAIBioAAAAAADBQAUAAAAACAYqAAAAAEAwUAEAAAAAgoEKAAAAABAMVAAAAACAYKACAAAAAAQDFQAAAAAgGKgAAAAAAMFABQAAAAAIBioAAAAAQDBQAQAAAACCgQoAAAAAEAxUAAAAAIBgoAIAAAAABAMVAAAAACAYqAAAAAAAwUAFAAAAAAgGKgAAAABAMFABAAAAAIKBCgAAAAAQDFQAAAAAgGCgAgAAAAAEAxUAAAAAIBioAAAAAADBQAUAAAAACAYqAAAAAEAwUAEAAAAAgoEKAAAAABAMVAAAAACAYKACAAAAAAQDFQAAAAAgGKgAAAAAAMFABQAAAAAIBioAAAAAQDBQAQAAAACCgQoAAAAAEAxUAAAAAIBgoAIAAAAABAMVAAAAACAYqAAAAAAAwUAFAAAAAAgGKgAAAABAMFABAAAAAIKBCgAAAAAQDFQAAAAAgGCgAgAAAAAEAxUAAAAAIBioAAAAAADBQAUAAAAACAYqAAAAAEAwUAEAAAAAgoEKAAAAABAMVAAAAACAYKACAAAAAAQDFQAAAAAgGKgAAAAAAMFABQAAAAAIBioAAAAAQDBQAQAAAACCgQoAAAAAEAxUAAAAAIBgoAIAAAAABAMVAAAAACAYqAAAAAAAwUAFAAAAAAgGKgAAAABAMFABAAAAAIKBCgAAAAAQDFQAAAAAgGCgAgAAAAAEAxUAAAAAIBioAAAAAADBQAUAAAAACAYqAAAAAEAwUAEAAAAAgoEKAAAAABAMVAAAAACAYKACAAAAAAQDFQAAAAAgGKgAAAAAAMFABQAAAAAIBioAAAAAQDBQAQAAAACCgQoAAAAAEAxUAAAAAIBgoAIAAAAABAMVAAAAACAYqAAAAAAAwUAFAAAAAAgGKgAAAABAMFABAAAAAIKBCgAAAAAQDFQAAAAAgGCgAgAAAAAEAxUAAAAAIBioAAAAAADBQAUAAAAACAYqAAAAAEAwUAEAAAAAgoEKAAAAABAMVAAAAACAYKACAAAAAAQDFQAAAAAgGKgAAAAAAMFABQAAAAAIBioAAAAAQDBQAQAAAACCgQoAAAAAEAxUAAAAAIBgoAIAAAAABAMVAAAAACAYqAAAAAAAwUAFAAAAAAgGKgAAAABAMFABAAAAAIKBCgAAAAAQDFQAAAAAgGCgAgAAAAAEAxUAAAAAIBioAAAAAADBQAUAAAAACAYqAAAAAEAwUAEAAAAAgoEKAAAAABAMVAAAAACAYKACAAAAAAQDFQAAAAAgGKgAAAAAAMFABQAAAAAIBioAAAAAQDBQAQAAAACCgQoAAAAAEAxUAAAAAIBgoAIAAAAABAMVAAAAACAYqAAAAAAAwUAFAAAAAAgGKgAAAABAMFABAAAAAIKBCgAAAAAQDFQAAAAAgGCgAgAAAAAEAxUAAAAAIBioAAAAAADBQAUAAAAACAYqAAAAAEAwUAEAAAAAgoEKAAAAABAMVAAAAACAYKACAAAAAAQDFQAAAAAgGKgAAAAAAMFABQAAAAAIBioAAAAAQDBQAQAAAACCgQoAAAAAEAxUAAAAAIBgoAIAAAAABAMVAAAAACAYqAAAAAAAwUAFAAAAAAgGKgAAAABAMFABAAAAAIKBCgAAAAAQDFQAAAAAgGCgAgAAAAAEAxUAAAAAIBioAAAAAADBQAUAAAAACAYqAAAAAEAwUAEAAAAAgoEKAAAAABAMVAAAAACAYKACAAAAAAQDFQAAAAAgGKgAAAAAAMFABQAAAAAIBioAAAAAQDBQAQAAAACCgQoAAAAAEAxUAAAAAICwASQLCJ0nnu6IAAAAAElFTkSuQmCC" height="600" width="800" />
Username:Admin123
Password:admin1232
<img src="data:image/png;base64,iVBORw0KGgoAAAANSUhEUgAABVAAAAJcCAYAAAAfG4+9AAAAAXNSR0IArs4c6QAAIABJREFUeJzs3Xd8XXed5//X95xb1aslF7lIdtztVDtxegWSSSiBYShhh7JDm7KQmf0FCMNQpuwAu+wuZYAZAiwzMJOEhJAJJKSHdMcltuMiy1azrN7Lbed8f39cSZFsFfcry+/n45FYvvfcez/nSrLO963P9/s11lqLiIiIiIiIyIjH/gGe/W6mqxARETkjhj5/gIHBITq6eoknUgCEQwGKC/PIzoriZLg+ERERERERmWluuiv9n4iIyDmgf2CIxuZ2huIJfOvjW5+heILG5nb6B4YUoIqIiIiIiMgErvoU3Pq3YEymKxERETmtOrp7p7xPAaqIiIiIiIhMbOMd8O5vgRPIdCUiIiKnTSKZnPI+/RQUkRlHSzOLiIicPYy6E2e/9e+EUDbc++eQGMx0NSIiIqec70+eQ/i+VQeqiJxZ1tpp/xMREZGzh362nyNW3gQf/jeI5GW6EhERkTNOAaqInDYaQImIiAjommDWqLgQPnYvZJdkuhIREZEzSgGqiJwyGhiJiIjIsdJ1w1mqfCX8yf1QMD/TlYiIiJwxClBF5IRp4CMiIiKniq4rziLFS+Bj96X/FBEROQcoQBWR46aBjYiIiJxuut6Y4QrmpztRy1dmuhIREZHTLpDpAkTk7JCpAYwGTiIiIjOPMeaMvdbYa4Ez+bpyDLJL0mui/uRD0LAl09WIiIicNupAFZEpnc7uD+3aKyIicnbK1M9wXR/MQJE8+PC/wcqbMl2JiIjIaaMAVUQmdCoHKApHRUREzj2n8+e/riVmmFAWvO+fYP07M12JiIjIaaEAVUTGORUDEgWlIiIiMplTeZ2ga40ZxAnAu78FG+/IdCUiIiKnnNZAFZFRJzMAOVODFw2SREREzrzTufboqVjj1Fqr9VFnAmPg1r+FcC48+91MVyMiInLKKEAVkYwHpwpFRUREZrbj+Vl9MkHmyOucyHOczGPlFLvprvTaqI/9Q6YrEREROSUUoIqc404kvJzsMWMHLBq8iIiIyHTGXlNM9vHxXlOoG3WGuOpTEAjDI1/OdCUiIiInTQGqyDnseMPTqYJTDVRERETkeB35y9eJ1jQ9kc5ShagzxKaPQiquTlQRETnraRMpkXPU8YSnk23QYIzBcRwNUEREROSUmOra4ng3jNISQTPEVZ+C6z6T6SpEREROigJUkXPQqRh8qOtURERETpeprjMUop6FrvuMQlQRETmraQq/yDnkVA04HEe/exEREZHTayRE9X3/qPuOZ1q/NpeaIUYC1Cf/V2brEBEROQFKQUTkKApPRUREZKaY6tpDHaZnGXWiiojIWUpJiMg54lgHGFMdp84NERERyYSprkFOxTWOnEEKUUVE5CykAFXkHHAsA4Zj2ZhBAaqIiIhkwnTXIMe6wZRC1BlCIaqIiJxlFKCKzHKnYjBhrdXUfREREckox3GO6ZplOgpRZwiFqCIichZRIiIyi53sIGKkm0PhqYiIiMwEIyHqdNcv01GIOkMoRBURkbOEUhGRc9ixDj40dV9ERERmgrHXJCcbosoMoRBVRETOAgpQRWapkxk4KDwVERGRmepYQ9TpKGSdQRSiiojIDKcAVWQWOpmpa0fergBVREREZpIjr02O9ZrmRI+RM+S6z8BVn8p0FSIiIhNSgCpyDjqZgYaIiIjITKNrm1niprtg00czXYWIiMhRFKCKzDInujvtRLdba9WBKiIiIjOKMWbS65aJnOi1kWTIzV9SiCoiIjOOAlQROa5BiIiIiMhMoOuXWUwhqoiIzDAKUEVmkVPVYaHBh4iIiJwNTtW1ja59ZqCbvwTnvyvTVYiIiAAKUEXOGVobTERERM4FuuaZRd71DVh5Y6arEBERUYAqMlucyKBAU99ERETkbHeqrmd0DTQDOQF473eh8vJMVyIiIuc4Bagi54ATnd6mgYSIiIjMRCd6zaJrm7NQIAwf+CGULc90JSIicg5TgCpyjppu4KEBhoiIiMxkupY5h4Rz4L/8DIoWZboSERE5RylAFZkFphognMi0Ng04RERE5GxwItc0x3vdJDNEXhn88c/Sf4qIiJxhClBFRIMFERERmRV0TTPLFS1Kd6JmFWa6EhEROccoQBU5yx3vQOF4prtpECIiIiIz0VTXKyc7lV/XPzNc2XL40E/Sa6OKiIicIYFMFyAip48GDDIbWCy+9Un5Hv2Jfhp6D3FooImWwTZaBlvpjHURS8XwsQSdIFnBKKWREm6tfCtVhUswmEyfgoiInGbWWow59n/vj/d4mWEWnA/v/S78/OPgpzJdjYiInAMUoIqcQ46nI0NhqswEvYk+DvTUsrezmt2de6jtracn3oePDxaMIf2/0S/X9I3nFSwlGogoPBURmcWmCkGPvE+B6Sy08kZ41zfg/s+C9TNdjYiIzHIKUEVmqZPpPlV4KpnmWZ/dHXt5vP5pdrTvojPehbU+jnEwxuDiYrEYA1mBbOJeHM+mMMYh7IS5fO5GyrLnZPo0RETkNBsbjKoL9Rx0/rtgsAse+XKmKxERkVlOAarIWUxBp8xGFstjdU9xf/WDdAx1ggEDOMYFwMfiWY95WXPZUH4RB3pqqe7ej2fBt5aFeRVcuWATAUc/4kRE5MQoXD2LbPoo9LfBs9/NdCUiIjKLaXQpco441s2i1Ikqmba3cz8P1DxEZ6wLxzGMfBlawPM9ckI5vHvp21ldvJL/2PcAOzp24RoHgyHuxbmt8maKItqdV0RkNpus83SqjlSForPYTXdBYgBe+kmmKxERkVlKAaqIiMwYQ6khHq9/itaBNlzjYG26I9VgyA3lsK54De9YegvNAy38zy3f5vDgYQImgAVS1mN18SouKbsg06chIiIiZ9otX4ZYH2z7ZaYrERGRWUgBqsgsNF3nqLpPZSay1tLY18T29p1vdg/hkx/K5/zSdVy74Erm55TzSO3veLz+afoSfbgmMPxYn4JwPp9e/zGCbjCTpyEiImfIiXShTvUccpYzTnpTqd4WOPB8pqsREZFZRgGqyFnqeAJOhaFyNrBYDnTX0j7UgQFSNkVVfiW3Vb6NC+espyveww92/oTtbTtIekmMcUYfhzHctPBaFuYtyOxJiIjIjHY8ganC1bOQE4AP/BDueT80bst0NSIiMosoQBWRoyhwlUzwfI+9XdV41sMxDu+o/ANurXwrhZFCXm9/gx/u/DHNA83pg4cHtAbwrGVD2UXctOh6DBroioicSxRyylHCOfChH8P33wkdBzNdjYiIzBJOpgsQkVPrRDtTFZpKpnnW4/BgM7nBHD659qN8eM0HKc4qprr7AD/YcQ+H+5uHA9IxA2UDhZFC3rL4ekqzSjJWu4iIZN6JXtfoGmgWyipKh6jhnExXIiIis4QCVJFzjAYUMlMl/STRQJQ/Xf9xrl94DQDVXTX8846fcHigGWMMY4bG+NYn7Ia5vepWzi9dm6myRUQkA3Q9I9MqXgLv+z64mnQpIiInTwGqiIyjQYZkStAJ8r7l72Hj3IsIOC5tg+3cs/Nfqe6pwTEjP67SwalvLXOzy/ij827nLYuvx3XcjNYuIiKZo2sXmdTSK+Ht/5DpKkREZBbQr+NEZrljGVRo4CEzQdgNs7SwEgMkvATfeO3/srtzD8Y4pHwPYyArmM15BUu5cM461pSsYnFeBa5ReCoiImnHsiaq1k09x1z4h9B+AJ79bqYrERGRs5gCVJGz0IkGnsezNphCVTnTRgazFstvah9nb+9BKvKXsDhvEZV5C1mYM48FuXMpihQSdIJjulJFRORcNF0QOvb+Ew1NFbbOEjf+d+iohV2PZLoSERE5SxmrlETkrDPZt+1Et08Wmk708US3RSKRkytW5DhZa+mP9xEyEEomsPF+bCqW3joqEMYEoxDOTv/p6PeAIiLnolgsBjAu3Bz5eKLbpvp4qtumul3OMskYfP/t0Lw705WIiMgMtO2Pnpnyfo08RUTkjLDxfuxQFyRjmGg+hHMxgTAc0UlqrEdWfwupAy8Sr9+MbT+AjfViMZhQFiZ3DqZkCU7pMgLz1uCUVEFIu+yKiIjIFIIRuOPH8IN3QM/hTFcjIiJnGQWoIuc4NaHLaWUttr+V5P5n8A7twA60g5fEhLMhWoBbvAR34UU4JcswwZFuZ4MJRAkULcILRrGlS/HbD+C3VuP1tUJ/GzTvxglFSeXPxZm7lsCqtxKYtw7cYEZPV0REMk/T7mVS+XPTIeoPb4d4f6arERGRs4im8IuchU7lFP7pbtMUfjlRNhkjtee3JDb/Ar+7EXwPxn6NGgOOiwlGcOacR2jDHbgVF2PGhqDWBz+FTcawQ914rXtJ7niIVN2r4PsY44DjYMK5BFa9hfAVn8AEs878yYqIyBk1MoUfpp66ryn8MqH9z8FP7khfZ4iIiDD9FH4FqCJnoWMNUCf7+7GGqtZaotHoyRcs5x4vQfylHxF/8ceAxRhnTEeQBQtgwJAOVa0PGAIrbyB8xSdx8uenA9aJpBKkGrcQf+67+C37sOlnAi+FU76M6K1/j1O4aPLHi4jIWW9oaOiokHS6sPTIIHS6v093u5zlXvgXeOTLma5CRERmCAWoIrPMVN+yJxOgTnabAlQ5Xnaoi/jT/5vEzkfSHaLGYK2PE8nDKV2KU1iBySmFVBzb14Lf24Ltb8PvaQLfx5m3hsi1f4E7//ypXyfeR/L1B0lsvRfb25q+zfo4xYuJXv8ZnIoNGMc9E6csIiJn2EQB6tiPT2WAOt19chZ76PPwys8yXYWIiMwA2kRKRACtdSpnSHKI+Es/JrHjP9PhpTFY38MpXEDo4vcRqLwCJ7skvVap9bGpOHaoB7+zltT+Z/HqN+M37SD+5LeI3PpVnIKKSV/KhHMJXfR+nNw5xF/4EX5nHcZx8Tvrib/wI8I3zsEtqTqDJy8iIjOZ1kaVo9zyFeisS0/pFxERmYIz/SEiIiLHwHok3vgNyR0PjQ9PS6qIvu1vCK57J07e3Dc3ejIOJhjFySsnsPhSItf8GZGb/4bA2lvxWvcy9MiXscmhqV/TcQmcdx2hKz+Bk1c+usaq17STxNb7wEue5pMWERGRs5YbgPd9H4qXZLoSERGZ4RSgiojIKeH3NJN847eQiKXXH7UWJ5JN+LKP4M5bi3GmmfQQiOKWrSRy/Z0EN96Bd+BFUrUvT//CTpBA1VWELvsIpOIYY7DWktrxEF579Ymdi39sm0pYa/E877R0ePu+TyqVOjXPNVznsZ7XsfA8D8/zTtnznUkWSywVI+Wf+Pub8lPEUnEs6u4XETmrhXPgQz+GrKJMVyIiIjOYpvCLnMMmCn001V9OiO/hHXwev2kHDG/rZByHwKpbCFReduwbOhmDCeUQ2fRxjHFI7nyYYNWVMM1apsZxCay6GXfP70jVvoRxAthUnMTzPyTyjq+PC29TKY+XX34Zay3xRJyNGzaQnZ1Nd08PL7/8Cg/9+te0trXygfe/n9tuvRXXefN3jfF4nOaWFnbu3MnLL79CTU0N/QMDZGdlsXbtWq644nLWrllDfn7+lNNEDzc3s3PHTrKys4hEIqxcsYJoNEp7Rwc7Xt/Bc88/z+7duxkailE2p5QLL7yQTZddxvLl5xEOh6d8L6y1DAwMUFdfz7Zt23n5lVdo7+jA9zxCwRDGGEpKS8jPyye/IJ+8vDwGBwbo7unh2muu4dKNG3Gco2vv7Oyiurqa17Zu5dXNmxno68c4hvy8PFavXs3FF1/M8vPOo7CwANc9+vP1dMPv6Uv0Y4CkTXHDwmvIDeVMeS5DyRiP1j1B1A3TlxxgTrSUqyo20dh3iM0tW+lL9hN1I0TdCLFUnP7UIIPeEEEnQH4on4qceVQWLKEkWoRj3vw8dg1187VXvkFFzjw+uuYO8sJ5U9ZxpMHkEF956X+QG87hL87/BDnTnIeInF4TTc3XdH05LsVL4IP/Ave8D5KxTFcjIiIzkAJUkVlCwadkVCpOYt9TWN97c+Om7GIC512LOZFwyXEJb/qvpOo3wzF2+Bk3QPiqT+M1bAbfYpwAyZrnCXfVY4orR4+Lx2N845vfZM/evWRlZ/HEY7+jpaWV73zve/z6179maGiISCTC0NAQzpjwtKGxkf985BEeffQxgsEgc+eWM2/+PHzfp7a2jh//5Cfcd//9XHPNNXzqk5+gqrJyojIBqK2t5ZOf/jShUIirr76aL37h82x/fQf3/PjH7Nixg5ycXELBIF3dnezZ/QbPPPss//qv/8btt7+T//qxj5GdnT3pczc2NvKje+7h8SeeoKSkhE2XbeLtt95KVlYWLa0tvPjiSzz2u9+RTCa55JJLWLx4EYl4gmQqhe95jATgI1KpFK9u3szPf/4LXnzxRebPn88ll1zC6tWrCQQC1NXVsX37dn50zz1s2LCB9//RH3HFFZcTDAbH1bW5eStPN/0exxgW5MzjqvmbjuGTCvdX/4qeRC9guXnxW7iy4jLq+w7x7/seIO7F8azHpvINXFC2nmybTctgG9XdNezrqibpp6jMW8xtVTezad4Ggk66poHUIM0DzRzqb+LK+Zu4uPyC6WsZ5luf39U9yc6O3awoWkZ/ckABqsgsodD1HLfwInj3t+Dnn8h0JSIiMgMpQBWRCSmQlePh9x3Gb34DM9Ll5/s4hYtwy1ac+JMal8Cijcf1ELd0KU7hIrz2gxjHAc8jdfAFQmMCVMdxyMnJwfM8igoLycrK4sc//SkPP/wwJSUluIEAXZ2dBFx3NEYcHBriZ//6r7z6yqvcesstXH7F5cwpnYPjOFgshw8f5pe//CX33ncfDz/8MJ2dnXzvO98mEolMWGdebh6OMVjrk5OTw9591Xzjm99kwyWX8PZbb6W8vBzXdWlta+Wpp5/m0Ucfo6OjnX/6/g/Izc3jj//Lhybs8uzt7eVLX/4KL774IqtWreRzd93FBeefP+7Y66+/noqKCu75yY/p6+vjQ3fcQdmcOaQ8j2AgMC409n2fx594gv/5v75FQ0M9l122iU998hOsW7uWUCgEpKfyt7a18dOf/pQf/ege6uvr+XLWl7h04/jPXSQYIWDS72mWm4Vrpu4qBgg6AbJD2fQnB/CtT9SNYjBEAxGigQixVAzXcblgznpuWnRduh7r0dzfwi9rfs1zh16kpucAv9h7H/Oyy1hWuDT9PsV7ifsJUn6Kx+qe5MKy9eM6VKfS1N/ME43PEnQDxLwYA8nBY3qciJx6CjzllFt9M1z1KXj2u5muREREZhgFqCKzlAJQOZO8Q9uxicHRqfLWT+HOX4sJTd4peVo4AZz8uXjtB4f/7uLVb4YL/hDcdOBnjBnt4MzPy+fZZ5/hgQce4POf+xyXXXYpgUCA+voGCgsKRp82mUjgeR5/8Rd/zuWbNhEIjP/xWZCfzyc/+Ul6+/p56KGHeO655/jVQ7/mvX/4ngnLzMrKAmNwHJft27ezdetW/vLOO7n6qisJh8OjIaa1lg2XXILjuDz44IO4wAMPPsi111xDZeX4DS+stdxzz4957ve/Jy83l9tvv/2o8BQgNyeH97z7dvbt28ejjz3K579wNz/76U/ImiCQ3bFjJ9/+zndobGxk0aLF/NVf3sny884bF7K6rsvc8nI++pGPsL/mAM888zSf/8Ld/OevHyIajY4eNy+rDM+mcI1LTjBr3NIIkzEYsgJRLD7GQDSYXr7AGDP8H7jGGdswi2tc5uXO5W2LbqS6q4bGvkO0DbWzuXU7lQVLcI1LZ6wLz/dwcXi1dQu72/eyunTltPV4vsfj9U9zuP8wBoinEgpQRc5iCmBlQjf+d2jZC3ufyHQlIiIyg2gTKREROWl++4GjZto7xYszU0wkj5FijHHw+9rwE0PjDonFYwSDARoaG/jsX/4lf/Olv+Y9776dBfPnU15WxoZLLmbZsqWjx0ejUT7w/vdzxeWXHxWejigqLOTKK64gNzeXQCDA/b98gEQiOeGxKd8bneJeX1/HFZdfznXXXUs0Gh0XThpjKCgo4I4PfICSkhIAWlqa2bpt61G/JOns6uLBhx4iGAhQWbmEiy68cMIuVYDi4mLOX7+eUCjMK6+8zMuvvHrUMbFYjHvvu4+amgOkUkluuP56li9fPq6+sQoLC3nrW95CKBSmrq6Of/v5L8bVmLQpXBPA4JDEO6aFGRzjEHFCYMHBIean38+gEyBgXKyFlPUpCI5fw9RgKI0WkxvKBcDH0hvvIeWlN43qivWMBicWn5/u+QWJVGLaehr6DrG1dfvo5lNxL85ASgGqiMisYhx4z/+BgvmZrkRERGYQBagiInLS/N7DjG0DNNaHaGZ2szVuAEaCO2OwyRgMdo47JhAMYS10d/dw001v4eqrrpryOUOhEEsWL540kByxYMF8CgsLcIyhq7ODwaGJw7WcrHQHrLWWosIirrv2WkJHrBk6VmVVJUuXVuH7HrFYnEOHmvA8b9wxBw4cpL+/H2MMxcUlo4HrRFzXpaS0hEgkguu6/PbRR486prq6ms2vvTZ8fIB3vOPtOFN0armuS1VVJeXl5QSDQe697z4GBgZG7w86oeGPLGEnjGH6ri9jDL5JL7vg4VMcTncFh5zQ6BIAAeNMuEmZZ30sFgw4GHKCOQSGO6Q7Yp3DlVgcHPb3HODVli1T1pL0krxw+GUaB5pGO9bifoKeeA++9ac9FxEROYtEcuH9P4RgdPpjRUTknKAAVeQco6n9cjr4XpKxLajWGOxQ5+QPOI1srHd8oOYlsYk3gzxjDIHhkNUYwwc/8P5JuyqPV3ZWNuFwOB3cAqlkasLjotH02qjWWhZUVDB37twpnzcUDLJuzTo8z8f6PgODA0cFqO3t7aPf34GAO+U5GWMIBUMEAgGMcWhpaR73fNZa9lVX09TUBEBVVRUVFRXTnn9BfgGlJaU4jkNzczOHhh8PkBOIYtORJmE3OGUYO1bABNOPs5bsQBaQXucUk45gXeOSsEe/z039h+mO9wCQFcxmddFKXMfFYjnU34TrOITdCI5x8K3Po3VPjB4/kebBVp499AIhJ0g0EMUCnp+iL9GPpwBVZEbTtY+ckHlr4B3/I9NViIjIDKEAVUQ0sJCTZoJZR9ziYNuq3+wEPVOsxQ4cHdxaOz5sdF0H31ry8vJYvOjULTUwODRIPB4H0uGsG5i4YzUWi41+XF5eTl5+3oTHjVU2t2z0e9XzfHx/fGhXVFQ43BlpsZYpN0Wy1jIUi5FKJjEGIpHIuHUAU6kUNTUHSCQS+L7PunVrp+yQHZGVFSUnN2e4Ro+uzq7R+0JOEGvTEaprAnAMHagAQccdfVzISdfwZndp+jmcIzak6o718ETDM7QOtpHwk9yy+CZWl6Y3NEumktT3N5ITzOGq+ZvIDeViLNT01LKldfuE/x5aa3m45jc09R/m8nmXsrp4Jdb6eL7PQHJwdEq/iGSermnklFr/Dtj00UxXISIiM4A2kRIRkZPm5M4ZH4c5Ll7LXqwXxwQm3on+dLDJQfyuhnEdqMYNYiLjA0rHccFacnJyiURPvr7e3j5279nND374zxw61AQYXMchOMl6qYODg8N1DG8W5U8/4O/v7SUcCmFJT5c3RwSkC+YvIBKJMDg4QF9fH319feRPEsymUh7t7e3EYjFSqRQrV6wc17Hq+z6NjY3pDk/X5eWXXuazn/1LEqkk2dnZRCMRwpEIvucxFIsxODjI4OAABsMbb+wCLKlUinjizXVF0+uNWlxc3ujayw9fv4fsYDYpP0l/agjXCZLlhImTIuHFCZoAeaEcanvrMTiAP27a/0hIYrGk/BSe9Yh7CQ721PHzvfeyo20XoUCYP1nzYd62+AaCw+HrUCpGV7ybvFAu55euxbcej9Y/yZA3xMuHX+XC0vUURPLHvV/1vQ082vAkZdmlXD3/cl5u3jzcS2uJpWL4RwT0IiIyi7zlC9C0E2pfznQlIiKSQQpQRUTkpDkllVjzZk+hcRz8zgb81r2489ZxrN2GJ8s7vBN/oCu9DiqA9SEYwYkUjDvOmPSCA45zfHUNDQ3R2dlFfUMDdXV1HG4+TENDI/v3V2OMobCoiLy8PHp6etJTvL1JpnYP7yIPFt/z8PzpAzjf2tFp6+FQCNcdH6DOmzeXG264gZ/97P9x8OBBdr2xi3nz5k44lb+9vY2t27aRTKUoLEhv/jTutXyftvZ2jOOk3yfXpb6xnmgkyuDQIOFgEM+3uI4DBvzhjthkKkVV1dL08giOQ3HR+HVwDcPZtvVpi3XSk+zDMS4hJwReko7UEL71sPgMWcNAMj09fvitmlDKS3HPrv/HA9UP0RXvpjPeyZLcRXxgxXvZUH4xi/IWjOuu7Y73kPSShN0wOaEcbqu8macaf4/ne2xr28nuzr1cNm/D6PHxVJwf7foZ1lrWFa/lvMKlVHcfwA6fz0BygISXJHv6Bl0RETkbuQF43/fge7dC96FMVyMiIhmiAFVERE6aO3dNehp/Kj7a/Wn720hVP4NTshQTyj7tNVg/RWLb/UfcaDE5pZhIzhE3W8zwn8eyzIDneWzf/jqP/e4xXnzpJfr7Bzh//Tqqqqq47dZbqaxcQl5eHk1NTfx/d32Onp5uHNfBP4ZgFOwxxcuO44zuHO95qaOm8Btj+PSnPsm+fXt57bXX+OUDD7B8+XIWL1o07rhEIsGvfv1rXnjhBXJycrjzzjtZtGjhuGN83yeRiA8fH+fPPv1pbrrpRoxxcF1nuPt1JEJMn4O1Ft+mA2FrLcFgcMLw1rc+q4tW8vH1H0mvaTrByY+dgvvlF/+B7e07Jn1fjHFYlFdBbW8dPfEeDLCqeAW3Vb2NyATdzx2xTjzrEXUjZAezmJ87j1sW38QDBx4m7sX5z4OPceGc9YQDYSyWV1u2sKPjDfLD+dy48BrCgTBzosXp1wY6Y13Evfik9YmIyCyQXZLeVOr7t4GnZVtERM5FClBFzgFaD0xONydvLm5pFammXaPdftZPkdz7JO7ijQRldXFZAAAgAElEQVQWbphwp/RTye84SKrm9xjnzfUwre8TmLcGnPHtgf7IlPlj/N7Yvn07f/OVr1JdXc0FF1zAZ/7bf2P9unXk5+ePCwkPHqwllUqlA8RAkGAoNPETnsD3ZEFBIYlEnEg4QjAYmjCcLCku5u4vfIF/+v4PePWVV/ja1/6W97znPSytqsIYQ2dXF7/61a949LFHKZszhw/ecQfvfMfbx3VoQjqszc7OHg1s44kEkcgxLnUwzVqpIxPvDeao1x0x9vb0Wq5HHmdHn8l1XK5ecBXL+5t48MDDJL0kLxx+mWWFVVw1fxMBZ/ylTm1vAwDhQJjI8CZSb1t8Iy81b6ZlsJVdnbt5/tBLXLfoanpiPTzZ8AwJP8EVcy9laWEVAAWRwpFK6U70MpSKISJnh5F/10SO27w1cMtX4KHPZ7oSERHJAAWoIiJy0kwwSmDZNaQO7xp7K7bnMInnf4BTvgonnHvaXt8mh4i/dE+6K2RMgIoBd8mmo4+3/pudstNkmYODQ/zVXXfR2NBI5ZJK7v7851m5csWEA3DHMelOTN8SCLgEJwkTs7OzsX66Bt8OT8+fhuu6o0sChEMTB6gAK5Yv508//Wn+vq+Pbdu309DQkJ6Kby2O41CxoII7P3snl27cwLx58yasMRAIsGjhQl555VWMcaivr5+2vul4Y95z3/pMOif/CP6YHe5TjHT0jglfLQQdh9uqbuZgTx0vNb9KX6KP+/Y9yNysMlYWLx99vLWWur56HOOQHcgiKxAFoDS7lJsX3ciPdv8MYw0/3PVTLio7n61tO3ijcy8F4QLes+ztBIa/trIDWTik16wYSA0QU4AqInJu2PBBaH4DXvlZpisREZEzTAGqiIxSp6qcMOPgLjgfN68Mv7f1zTU+jSHV+Drx//wikVu+gglPv9v8cbM+yd2/wa975YjuUw+neAlO6dKjHjLSgWqtnfbr/oUXX6L2YC2hUIhNl29i8ZLFk3dOYkYTWTNuy6PxRro5052qAQLu9D+Oe/v6CAQCGMdgXGfSGg41NfHXX/pr8vMLePCBX1I2Zw6pVIpkMkk4HCYcDk/7Wq7rsnTZMhzHYIzD8y+8wJ//2Z8RDJ74ZUPcSwy/J4aU9Y4xPoWE9TAGjDXEh4PKkBPEsellBNLro1qyg1n8+QUfp/qpGrri3TQNHOZne/6Duy75LLnDS0ik/BStA604xiESiBBy0x3CrnFYP2ct8xvmcXigmYHUAL/Yez9tsQ76kgP86br/SmG0cLSm7FA2rhPAtz5DyRgDqaETfl9E5NRQZ6mcMbd8BRq3pTeWEhGRc8bE7SsiIiLHySmpwl1yORyxO7xxA6T2P0/st1/Fb98P/ilcO8xLktzzKMmXfoqN9b95+/BAOnzZRzDu+Gn0lnQH6pv7Ek0d5b3xxq7hXe8N0Wg0vXHSJOLxOCnPG+4W9UiM2YV+rMGhITAG6/sEg0GCoel3IBoY6B8NNJOJBJ539PqqqVSKv/27v2f//hreftutzB/uMI1Go+Tl5R1TeArpKfzr1q5j/rz5GOOwa9dOXt/x+jE9dsSRwXRfahBnuHM05iWO6Rc2FotvU2DBMYbuRPpz7FsfDx9rIemniLrpQDonlMPXNt1NabQEg2FHxy5++sbPRztEY6kYXfHu9OcyEBk3vX9uThkbyy7CdVyCJsCj9U+wuWUri3IWcOncS8bVFXbDuKTD+qSfZDA5cFzvjYiInMXcQHo91OySTFciIiJnkAJUERE5JUwoi8DKt+BkFx09L94NkKp5gdiT3yRV8yycginPNtZDYtu9xJ/7Pn7v4XFrrFrr485bQ2DJZRM80JJKpdLHW3tMy5GObDg1MDCQfuxE9VhLe2cHsaGhdCeU42AmCVsHBtKBm3EMQ7Eh4vHpNyGyFvwxoelEnVYdHZ0899xzBIPB9CZTJ9GNtbSqissvvxzXdXEch5///Bf09fUd02O7urrYv3//uNuCxsGz/mjX77F2vBsL/vCGVQk/HUjH/QTecGcqwOCYr6f5ufN473nvIiuYhWscHqt/gsfqniTlp+iK9zDkxzCY9P1jOpbDbpgN5RdSHC4cXWHVdVyuX3gNeUcsPxFyA2QFo4DFsz5dse5jOhcREZklCubD+76XDlNFROScoABVREROEYM7dw3BjR/CpibovPQ9vIatxB7/OrHH/xGvde+JdaOmYiRrniX267tJ/P77+L3N47tercWJ5hG48L2YyMRLBpjh41Ked9Ru9ke64IIL8KyPMYZXX3mV1ta2CY+rq6/n5z//Od09Pekyk8lJ1ym1IyEuhkQ8MS4YnUxPTw+OG8BaSyAw8Q73rpsOBPt6e7nvvvv53e8eZ/eevRxqaqKx8RANjYfo7Oyis7OTgcHBKUPM3Nwc7rjjg6xZvRrftzz99NPc8+Of0DN8fpOdV11dHZ+/+2721xwYd19XrAdjDMZAwk9gzfQBquf79CcHcXDwrY9jR9at9fGtP9o7HPPGB/KXzdvAFfMuwzUuDg7373+IF5pepjPWRTKVxGDS65geETBXFVSypmQVnvXAwrzsuVwwZx2ucccdF3RCFIwuR2E5PNAy7bmIiMgss3hjejq/iIicE/QrMxEROWWMGyC4/p347ftJbPklJjBmavpwx6c/0EVy5yMkq58hsHgDwfXvxC1bhQnnTPncdqgH7/DrJLb8B6mGbeAnMXaiTkxLYOlVBCuPXk5ghOs6+NaSSCQm7SgdseGSi1m/dh07d+3iwIEavvHNb/LVr36FosL0mpjJZIo3dr/B3V/8a6677jp6enrYv7+Gzq5Omg4doqqq6qjnHBwaGu3SHYrFiE8y1X/0jKwlmUwOh70WzMQLDxQVFXL5pk089dRTvLp5M69t2UIoFBwOLg2O444uR5Cfn8/qVat4x9vfzkUXX0Q4FDrq+SqXLOHv/+7v+MjHPkZDQwM//OcfUr1/P5/5b3/BwooKAoE3LyN6enp49rnn+PZ3vktvbw9f+fKXx5+zNzj8kSHmxaYNrtPn7ZPw44DFdRy6kunwNumn8Hwv3Z1qfJJ+ctzjsoNZvGPpLRzorWV/1wF6E308dOA3LM2vxLMejjGE3fBRq9SG3BC3LX4bj9Y9ieu4rCpazvycuUfVFXBciiLF1PbWY4D2WOe05yIiIrPQhg9Cw1bYem+mKxERkdNMAaqIiJxSxgkSufZO/P4OvIMvYn3/zZDTjIms4gOk9jxBas8TkFtKYP46nIIKTE4JxjhYDAaL39eC17Yfv3kX/kBXehsi46QD2bH5l7VgfQJVlxO+4hOY4Y2DjuRbS1/fAFnR6PDDpg7ywuEwX/3qV/jrL/0NNTU1PPHkE2zZupXLL7+crKwsqquraW1r5a/uvJObbryRaDjMPc0/ob9/gL/4zGe58cYbee8fvofysrLR54wNDREMhQiHw8Rj8Wmn8Pu+T29fH1lZWQRcl0Qiie95R63H6jgOX/3qV/jHf/w6Tz39NEND6c2NAoEAjuPg+ylisRipVIqOjg7279/Pgw8+yEUXXcTn7rqLNWtWj+tsNcawePEifvXAL/m/3/4Ojz32GM88/TRPPvkEq1etoWppFeFwmO7ubja/+ioYw9VXX8XH/+TjlJaMXxvO+lAcLcI1LmEnjD/N+w6Q8JMETJDSrFI8myLbHfmcWbKD2YTdEJjxU/hHzM0u573L3sX3dvwLrnHoTfSxvX0HRZFCwJAViE74mgvzK3jrwuvZ213NFfMuJexOvG7snKwSiiPFOI4hObymqzawERE5B932NWjZrU2lRERmOWO17bbIWWWyb9kjbx/79+k+PvLPsR9HoxOHDCLT8XsPE3vm23g1z2FTiSnDJWstZjhQswDGwWDHr6VqHKyZZGd7a7HWJ7DkUiI3/BVOQcWkr5VIJPjNb35LPBEnFotzy803U1xcNOW5WGtpaGjg8SeeYNeuXTS3tBAOhSkpKWHlypXcfPPbKJszB4B4IsGzzz5HTU0N4XCIlStWsn79unHfSwdra3nqqafJy8vFcVwu37SJsrI5k76+53n87vEn6O3rxfo+ixcv5qILLxzXATqitq6O++67j1c3b6aiYiELKyooKi4iOzsb3/Po7+unuaWZ6v01bN++ncHBQXzf5/zz1/O3X/salUuWTFhDMplk7959vPzKK9TU1NDR0UFfXx/RrCjFRcUsX34el268lKVLlxIOH93NWttTj8Hg4+Mal7k55QSdqX+Pm/ST1PceIugE8KxHdiCL0uwS+hMDdMW6SdkUrnHIC+ZSGC086vG+9dnffYCgE8Q1LiE3iGd9Un6KokghuaGJu577EwN0xDqZl11O0J14g6/WgTYGU0P4+ARMgIrc+QpQRc6gkV8Qjf2+G/n4yD+P9eOJ/j7d7SIAdB+C790KA+2ZrkRERE7Qtj96Zsr7FaCKnGUUoMrZw+J31pHYei/JbQ+A78EUO9if8KtYH5wAwRXXE7nik5i8o6dcjz8+/bVtjMG39qh1MKeSSqXo7eujo72dcCRCYUEh2dlZE65HOjJFfaL7xtYw9uOp+L6P4zhTHv/6jp18/etfx1rLhz/8x1x04UXk5GSPC1p93yeZTNLa1sYjj/yG737ve3ipFIFgkM/ddRfvefftk67dmn4PPGKxGH39ffT39xONRMnPzyMrK2t0DVYRkdNNAarMODsegn//00xXISIiJ2i6AFVT+EVE5DQxOIWLCF/5adz564k/9S38vjaM457U7vBjWevjRPIIXfrHBFffgokWTF/VmNc+nvAU0lPhiwoLR9c/ncpUIeRUg/fpnm+y4xsPHeKuz32O1tZW/umfvseF558/YQ2O4xAOh6lYsIAP//F/4VBjIz//93/H830OHjxAIpEgEolMWkcg4JKTk01OzsRLJIiIiJyT1t4G+57ReqgiIrPUqW8FEhERGWEMJpRFcMVNZH3gXwiuuRmCYRiZnm+PmKZ/hCPvsdYOd2Cm7wnMqSL6zq8Tuvj9xxSezlapVIof/vCfOXDgAOvXr+eC9eunDHBHhEIh3v3ud6f3pTLpDbE0MUVEROQE3fpVKFqY6SpEROQ0UAeqiIicEU7eXCI3fQ5v7a0kd/0G27Ibv7cVG+9P7zAEjNsVyoAZzvLscGBqnAAmtxS3pJLA8psILrsKglln9kRmoO6eHg4cPEAqlWL1ypXHNZV+zpxSwpEwvu9TUlIy4bqqY/m+j7UWx3HGdcP61o5+9sbePlEga4wZXZJg7PNOttyBP7wR2ZH3T1TLSMg+0XNPVstYnucBjHsPfd8e1TR95DmOfc2xfz9yaZSplnQY+7wj5zzuPZ7ktrGvO9E5TbZUxch7O/ZcrU1/t03VFz22RmDC93bkOUaWqZjua2Lk9mMJ/kVEZqxQFrzn/8A/vwe8ZKarERGRU0gBqoiInDEmECFQcTGBuWvx2mvwW/bitezB72nC9rViB7uwyaF0oGoMxg1iInmQU4KTMwenaCHu/PW4ZSshmg9GYQtAbGiI2NDwTvTHuSzB4NAQvu+Rl5tHVVXlpOGrtZa2tjZq6+qIxeLk5+VRWVlJbm4OXV1d7K2uxvrpoKy0pJglS5YwFIuxb98+YrH4aNhWXl5GxYIF7Ny1i7KyMubPm8fQ0BDV1fupqqokO/vNpQESiQS79+yhp6eXaDTCiuXLyc3Nxfd9Ojo6qDlwkEQiQV5eLlWVleTm5tLd3UPjoUaWVlURjUbp6uqiobGRlStW0HT4MM0tLfiej3EMBfn5LFmyhHAoRCqVor6+gabDh7FYlixazLx5c+nr62Pvvmo8zxs9hzlzSlm2dOlonQ0NDXR0dnL++vUYY2g8dIi+vj7OW7aMhoZGWlpbRoPO0pISKioqCIVCo+/roUNNNB0+zMKKBZSXl9PT08PB2lqCwSCrV61Kf45jMfbs3UteXt7oRl+xWIxt219naVUlJSUlJOIJduzayepVq4hGo1hrOXjwIJ1dXaxbu3b0NQFaW1s5WFtHPBEnLzeXqsoqcnNzaDp8mENNTSQTwwN/AyuWL8d1Xar3VTNnTikLFizAGMP2118nGAxSWVlJS3MzbW3tJL1UusEcy8UXXsjAwABNhw+Pfj46Ozvp6OykqKiIvfv2YTAEAi6plIfjOGzccMlxff2KiMw4FRfC9XfCY/+Q6UpEROQUUoAqIiJnXiCMW74Kt2wFwdRb8GN96U7UoR5soh9rXIyXgGAUE8nHieZBKBsTyoZJdkU/l2VnZxMd3sSppqZm0m7Oiby2ZQuJRJLlK1awbu26SR/X3t7OE08+RXZ2NnNKStizby+HW5q5YtMmOjo6ePXVzaxasYJkKsWOnTu5xrfk5uXy2patLJg/j7zcvNHOzHg8zmtbtpIVjfKud76D/oEBtmzbRmlJybgA9bnfP09nVyeLFi7k4MFa9u7bx/ve+17aOzp46umniUazmFNawv6aGlpaWrn6qivp7Opk67btzC0vJxqN0tHewbZt26mqrGRfdTVNTU0sXLiQRCLBvn3VxIZirF+/jv01Nbz22hYWLJjPUCzGY48/znXXXgPW8sJLL7J21Woi0Wi6q/KI9+bAwVr27N3L+nXrAKitraOxsZHKJUvYX7Of7u4e5paXMdA/wJ69+7jk4otYuWIFjuPg+z61dXVs3rKF7u7llJWVUVtXx/MvvEhBQcFogNrYeIgXXnyRaFYWC+bPJxQKERsa4oUXX+RQ0yFufutbScTjvPTKKyxZvJhoNEosFuO551+gu7uL4qIilgwHr93d3fzmt49SUlJCfn4+W7Zu4+DBWt721rdQW1vL7j17WLl8OcY46RU2rKWzo5PnX3yRqsollJaWkkgkee73z1NcXER5WRl79u2jsaGRFSuW4zguWIv106H7M88+h+M4rF61io7OTnbv3s0lF18M1tLT00NdfT2LFy8iP//cXYZDRGaZKz8Bux+Dhi2ZrkRERE4RBagiIpI5xoFgFk4wC3LLRtdDTU//HV6Yc8rJxAKQl5fH0qVLee2119j++us0NjaycOH0a7ANDA7yL//8L0QiEd71zndSVjZn0mOr9+8nJyeHa66+iqysLJaet4zf/vZRGg8dIhgIEHADXHbpRkLhML966Nfs2buXiy++iGAwyPr165lTWgqkp3v39/fj+z6tbW28vmMHS6uWpqfOHzE1vebAASqXLGbd2rUsX7aMw80tJJNJag/WkpOdw3XXXks4HKKjo4PfPfEEra2tBINBPH/Mc5n0tHxDeq3YhQsWcNUVV+B5Hs88+yyHDjWxatUqtm1/nfPOO48Lzk93ke7c9QbhUJhYLIb1LZdddinhcHj0HMaz424fmbYO6S/pqspK1q9fRzKZ5Lnnfk9HR+cR09gteTk5HKytI5FI0NfbN+45UqkUtfX1LFhQQX1DA01NTSxevBg7/D41NB6ipuYACxbMx/N8zPD3TNPhw/i+z8KKhezdV82iRYswxvD0M8+SX5DPDddfRzAYZNXKFRw61DS6tEJhQSGXXnrpaHWO49DR0YnjOPT09DIwMEBbW/vwqxgs4Hk+2bk5bLrssnGP83yfeCLOCy+9xMoVK8CmzycnJ4dLN26kra2N1vZ2Ljj/fEpKSqb9mhUROSsYJz2V/3u3wFBPpqsREZFTQAGqiIjMHGYkknnz/zI913X5k499jF07d/L6jh18+zvf5c///M+YW14+4ZT8ZCrF4abD/N9vf5uW1lbuuOOD/MEtNx+1duZYXV1dFBQUkJ2djeM4ZEWzyM7Jpre3l+KiIlJeiurq/aQ8j86uTjZcfDHGGBKJBE8++RSO6+I4DmvXrGZhRQXWWtatXUNdfQPFxcXY0XVw0xzH4ea3voXfPPoYdXUNzJ8/j3Vr1+B5Hm3tbRQVFREOh3Bdl/z8fHJz8+ju6UmHcMNdkzC83mZ6MU4CgQC1DQ04zz/P4NAQnR2dbLjkYpLJBN1dXZQUF42uAbt+3VoADh48iLWWB3/1EI6bDkgvvfRSFo8JqB3jEIvFuPe++zHG0NnVRX5+3vC9ln37q+no7CSZStLd1c3GjRvGhbDWWsrK5tDQ2EhzczNDsRhz55YzMDAAkJ723tHO1VdeSXY0yq7du6kYfg+NMaxdtYp91dXk5+eNftekUin27tvHqpUrWLZ0KQ8/8hs6OzvJz8+ntq6OyzZuJBQK0dbWxsDgIEVFhaRSKdxAgJbWVu67/5f41ic3N5drr74aYyASiRAKhejs6mL//v0sXLSIRDwO1uI6Dp0dndx7//1YC+FQkLffdhsGmD93HolEghdeeJGS0hLAjK5pa31/dK1UrX8qIrNK0UK47W/h3/8005WIiMgpoABVRERkFigvL+MbX/9HvvW//w8vv/IKX7j7i9x4ww2sWbOanJwcHOOQ8lJ0dHSwZctWNr+2mVgszhe/eDe3vO1t02485bouvu+NLg/g+97oupXwZpdkJBLh4gsvZPXq1bS1t+M4DsvPO4+CgnwwhqKiIiAdGi6tWkogUMuWrVuJxePjXs/zPILBIO+47Vba2tppaGzgl796iPfefjvhcJhkKjXu2FQqSSAQwHUcwOIMn4/v+8N5qsX6PpFQmFAoxIGDtSxaWMGixYuJDQ3huu7oBlKQDi3D4QgMd4KuW7eWyHAHanFh4bhafSyBQIDVq1ZhDOzZu49YbHhNWguRcIRgKMi+/fu5YN06Fi1ceMRGUJacnFwql1TyyubNZEWjFBUW0dc/gLWWw83N9Pb2sf/AARKJBC0trbS1txMOBvF9n7Vr17Bt++ts3rJlNDDu7u6mva09vXZp9X4GBgZobDxEfn4+kXCYeCKBtZam5mbqaus43NzMtVdfBRZycnK46KILsb4lFAoSCoWw1hIMBZlTNod9+/bR2t7GhosvZveevUC6czUrK4uLLrgQDLjDG3tZC3l5uaxevZqHfv0wCxbMH7+hlDFMvKWUiMgssPY22PcMbL0305WIiMhJUoAqIiIyS1RUVPDFu+/m5VdeYfv27Tz77HM89fTT+P6bQWcgEKS4qIhrr7mGjRs3smzp0mPq/CubU8buPXtoampizpw51Nc3MDg4SHFREZ7nEY6EuXzTZeTl5REMBkdDMtdxKCktYW55OdZaXNclNjQEpLsOl593HrV1dSTiiXHT2n3f54mnnmJZ1VLWrllDdlYWO3btwrc+c0rnsGPXTlpaWigsLKS2to6+vn6KCguJRqPEEwk6OzqIRiI0NbfgOs5oQFpSUszGDRuIRiLs2LWL1pYWysrKmFteTn1DA2VlZcTjcZ5+5hnWrFlDOBQGA3PLy8nJzsZy9BR+66d3j1+xYjnGGNraO2hoaBg9n4qKBaxft45wKMz+mhqWLFlCeXnZm0GiAddxqVyyhF89/DDr1qwmEg7j+x6JRIJDh5ooLCzEYMjLz6ejq4uG+gaWLq0CIBQMct6yZTz+5BN4vo8xhsPNzbhuulPY8zzmlpdz6NAhli1dytq1azlw8CDLl59H5ZIlBAOB9HR/a/F9n0gkzIJ58zFmeDkNY9IdvG6Asjlz2LevmmAgQEFBIamUh8XiW59gIMD8+fNG3x9rLRaL5/mUFBez4ZKLee75F6hcsnj0vRlZpMMqRRWR2erWr0Ldy9BZn+lKRETkJChAFRERmUUKCvK58YbruebqqxgaGmJgYIB4PAEGAq5LJBIhOzubSCQybdfpWMuXn0d7Rzu/e+JJIpEwg4NDnL9uPfPnz6exsZFIKEwkHBm307vrOGAMTz/zDMZxMDYd8q4f7uY0xlBaWsrKFSvYum0bjvNmZ2IgEOCC88/nud//nr3V1cRiMVavXElxcTHZ2dm0tLTwyG9/S1ZWFkNDQ5y/fj0lJSW4rsuypUt5+tnnCIfD9PX1ccN11xIIBAgEggSDgXRX7PLltLS1sfm1Ldz2B7dwySUX89Szz/Lgrx4ilohTWlJKxYIFtHd0EA6Fefg/H8E4Bs/zWbJkMddcddVorcFggEgk8v+zd+dxUtR3/sff1cd0zzAHCAyHDDeInIKigAioiCgRjCh4KxpcSXB1Vx8xiVl/G39rVvenuxoTNRI1GiVCxCBGV4kXaABFQTmVQ1RQZMYB5u6e7q76/dFz9Nw9M91TPd2v52N5MF1VXfUp2FhVbz7fb9Wet8spT1qaDMOQq+p4DodD48aOVWHh9/p8z+fq0aO73O7wC9HcLrcsy1Lv3r2UlZWp3r16KRgylZGertLSUpWWlWryGWeob9++sixLXo9H+QX5GjCgvzxej2QYysvrp2HDhmn79h2yTFNHjuTrpJNO0rix4ReDHTlyROvfe19Hjx3VGadPVFFRkV597X+VlpamktJSDRwwQP1OPFElJSU6dvy4Vq5aJcmSaUlTJ0+W1+uV2+3WCd26qUtmF/Xre6LS071yucNdvx6PV+Xl5Xrxr3+VZVkyTUvnnXO23O7wn7lhGDp1wgQdOvSNnFXTOUiSwzDkTnOrmdkjAKBzS8sIz4f6h8ukUMDuagAAbWRYFv/mD3QmTf1Ptv7yyM8t/dzcsvT09HZWDAAAEFsVEZ3skb+3tKy5nxv73NJyIGrrH5XW3md3FQCAJnxy+bpm1zNbPwAAAAAA8XTWzdLQaS1vBwBISASoQAqgawIAAIB7ItjIcEjz/1tKz7G7EgBAGxCgAgAAAAAQb1m50jyG8QNAZ0SACgAAAABARxg9Rzr9arurAAC0EgEqAAAAAAAdZfYvpRP6210FAKAVCFABMB8YAABICtzToFNIy5Au+43kdNtdCQAgSgSoQIrhwQIAAKQS7n2QkPImSGcutrsKAECUCFABAAAAAOho594udR9odxUAgCgQoAIAAAAA0NGcbumSByWH0+5KAAAtIEAFkhTD1QAAAJrGvRISwoCJ0tR/srsKAEALCFABNIqHCgAAkMi4V0HSYCg/ACQ8AlQgSfAQAQAA0HbcS8E2DOUHgIRHgAqgjvoPD5Zl2VQJAABAQ/XvTWNKLZQAACAASURBVBoLPglD0ekMmChNut7uKgAATSBABVJYNA8XBKgAACCRcG+CpDXzDobyA0CCIkAF0CzTNO0uAQAAoAb3JkhaaV0Yyg8ACYoAFUgRbR3KxkMKAABIJKFQqE3fY1g/OgWG8gNAQiJABTqZeN38N7VfAlQAAJBImro36eh7JCBuGMoPAAmHABVIQdE+CBiGIcuyFAwG41wRAABAy6rvSVpzLwN0OtVD+QEACYMAFUhibX1oqP89AlQAAJAI6t+TxOpeB0g4AyZKp19tdxUAgCoEqECKi+YBgi5UAABgt2AwKMuyWtyOcBRJY/ZdDOUHgARBgAqgWdUPIcFgkPlQAQCALUzTVCAQkERAihTCUH4ASBgEqEASae8DRXPftyxLfr8/qs4PAACAWDFNU36/v9lt4nkPBNiKofwAkBAIUIFOKBbzfbW0j8bWE6ICAICOZFmWKisrG13XmnsZ5kpFpzb7Lim7t91VAEBKI0AFklw0N/7RPoAYhiHTNOXz+RjODwAA4ioUCjW452jLPwC3ZRsgoaR1keb9p91VAEBKI0AFUEe0L5Xy+XyqrKykGxUAAMRUdddptKNeCESREk46Vxoz1+4qACBlEaACKaY1DxmNbRu5LBgMqqKigiAVAAC0W3VwWlFRoWAwWLO8pfuRlhCwImnM/oXkybS7CgBISQSoQJJp6wNFW4fEWZalQCCg8vJy+Xw+BQIBhUIhmaZJqAoAAJpkWZZM01QgEJDP51N5ebkCgUCT9w/xmvOUgBWdRk5f6dzb7a4CAFKSy+4CACQewzBqHl4if25pfSgUqtMx0tgDUP1l0YashLEAANgv2rCx/nYtdZFG83O064GkNul6adtq6dCndlcCACmFDlSgk7Kjs6K1DzrRDLkzDKPmV0vHbu4XAABov/Zcb5vaLhbhaTzuZWK5LdBhHE7pB/9hdxUAkHLoQAVSUFMdpK39Odr9S3U7SBtb1tzyaM8JAAB0vKauwdH+Q2pr9h/r4JX7B3RK/cZJ4y+Ttv7F7koAIGXQgQokoY56GGjuASXa7pPmltNhCgBAYonmGt3c8mg/c+0HWnDBXVLGCXZXAQApgwAVSBHRPqTEssujqeH6jdXWUlDa0pBChvgDANCyeF1PWxuoJsJ9CdCpZZwgzbzD7ioAIGUwhB/oxKIZTh/LY7RliH9rhvBHrmtqfXvOAwAAxE5bhscn0nyozeG+AZ3CaVdIW1bwQikA6AB0oAJJqrU3/m15MGnuwaY9Q/jrr6erFACAjtfebtTGlje3XSzvRVr7XaBTqn6hlMNpdyUAkPToQAVSSGPdoU11ebamwzSaddWfpaZfHlUt2s5THnwAALBfLDpRox16H21gyvB9pIx+46RJ10sbnrS7EgBIanSgAkkslp0YbXmwqf7c1LKmjke3KQAAiSnaa3RT61sapdKadU1tFw3uLZBUzr2dF0oBQJzRgQp0cq2dBzWaLtH2dpu2Zt7TaOc85UEHAIDE1tqAs6Uu0fb84220dUVbK5DQPJnSBXdJq263uxIASFp0oAJo8xC4tjywtKbzFAAAJK7WdKI2tjzaz60JRLl/QMoaf5k05Ey7qwCApEWACiSB9nZ8tLS+PUP2m3twivYlFNH8AgAA7ReLa29z20RznxDL7tLW3gdxT4FO7Qf/IbnS7K4CAJISQ/iBFNWaofwtfW5qyH5jQ/jrb1d/XWProz0fAADQ8doSYja2PN6fgaTXc4g05UfS+kftrgQAkg4dqEAKiPYBIh4PLm3pPqXbFACAxNGW63JrulCrl8Xyc3PnAiS16Uul3GF2VwEASYcOVCBJ1O/4jNV32tKZKjX+Aqn6y+uva2x9UzUBAIDEEasu1MaWtSU8bcu9AvcXSAqeTOmCu6VnrrG7EgBIKnSgAimircPnov1OvLtPAQCA/eLdhRqLYfitCWuBpDRsevgXACBm6EAFkkhLHaXRdqlG21XaWDdpUx2mjR23uc7U5rYFAACJpy3/CNvc8lh2mra1QxbotC64W9o/SzJDdlcCAEmBDlQAUT+Q2NF5ygMNAACJpbXX63h1osZq6D6QlHKHSaddYXcVAJA06EAFkkxbu1Bb01Eay87TprZpbnsAAJC44t2J2ppl0dTDfQaS1rm3S5+ulvyldlcCAJ0eHahACorXQ0tbOk/rb0PXKQAAnUc8O1Grl7d1WXPLgZTQpbs0fandVQBAUiBABZJQPDo/WjtUv6l9RxuQNjekvzW/AABAQx1xnY1m2/YO7a9e3tS+W8K9ApLelB9JXU+0uwoA6PQYwg8kqZaG8rflu60Zqh/5QBLNMP6mtmsvHowAAOgY0V5zW+pSjcXy9tYBJA1XmnT+z6UVdKICQHvQgQqksLY+wMSr85SuUgAAEk+su1GbWx/t8up1zR0PQJUxc6W8CXZXAQCdGh2oQBKLpgu1uW2a6i5t7nvNfSdyfbW2dJ3yUAQAQGKzoxu1NcfmXgIp58K7pWXzJTNkdyUA0CnRgQokuVg8RLS2WyRyXXu6TgEAQOLq6G7U6nUt7TuauoGUkzdBOu0Ku6sAgE6LDlQgBUTbiSq13Dna0nym0cx3Gm3XKQ84AAB0fvH8x9zWHKM12wFJ6dzbpU9XS/5SuysBgE6HDlQgRcTqwSLarpJotqHbFACA5NLWbtSWtmnP+tZuByStLt2lMxfbXQUAdEoEqAAaiHVIGu0xeXkUAACJK1bX6o4MVwHUM+VGyZttdxUA0OkwhB9IIS0N02/tti0N3W9su2i2b81+AABA4mrttTse3aTcPwARvNnhEPXt/7G7EgDoVOhABVJQPB46WtslSpcpAADJo73X9dZ2sLZmvwDqmXKjlJVrdxUA0KkQoAIpKp4PNe0JQ6MZHshwfwAAYsPO625bh/63Zv8AGuHNls5aYncVANCpMIQfSGGGYbRqKH1rpgCI3L5aW4bttxUPTQAAJJb2BK0ddSwgZUy8SnrvMakk3+5KAKBToAMVSHFtfShpS8cJ3aIAACS/WFzv23OfwL0FEAW3ly5UAGgFAlQAMRl+F4vjMzQfAIDE1FHXarvvSYCUMvEqqftAu6sAgE6BIfwAarR2SH/971aL51B9HowAAEgusbi2c38AtIHbK824RVp1u92VAEDCowMVQB3x6CgFAAColigdqwAkjfshXagAEAUCVACNiuUDCcPxAQBIPfG8/nMvAcSIwxXuQgUANIsAFUCz4vmAwpynAAB0TnZdw7k/AOJg3A+lPqPsrgIAEhpzoAKISkfNcdrccQGklq1P/7ce21n7+ZTr/1U/Hm1fPQDswb0AEGcOl3TOv0jP/8juSgAgYRGgAmi16geZjgxSAcTAjpW66Y+Haj+POl9PLKLjBEBiIjgFOtCI88JdqId3trwtAKQghvADaDOG2wMAgFjhvgKwkWGEu1ABAI0iQAUQMzz4AACAaHHfACSYEedJJ461uwoASEgM4QcQN409DDHsH0C0xi/6Vz1hdxEAYoKAFOgEDEOa8c/MhQoAjaADFUCHsuutvQAAID64tgNJZMR5Uo/BdlcBAAmHDlQACYcHLaCDGK3831ugSJ9vfFOrNh7UwfyQgpLkcqp33zxNOecszRyTK3cTXy3at17PvbxFO74Nf8+V1U2jzzlbi6aV6enb39An1RvmjtU9d56nPpIOv7VMd79WXLUiW5f8dLEu6BX+tPXpB/Xojuov9dOPH5yvvK2v64lX9+nAsZAkydWtp6ZfOk+Xj8iJ/hwBAEhlhiFN/4m06na7KwGAhEKACgAAWnZkvf7fbzZrj6/e8mBI3339pV7645f63yET9fMfT1Ofepscfusp3fPasXDgWv21kmP65OWX9LP9/ZTX7uL82vD04/pkh79uaccK9NayP6nw+kX6yZgu7T4KAAApYdwPpXW/k77/wu5KACBhMIQfAAA0r2KHftdYeFp/s/2b9Z9P71B55MJ9q/Wf9cLTurs+pD3tLrCgQXhay69PXn5PX7f7GAAApAiHS5rCPKgAEIkOVAAA0Kyv33hPn0SEp91PO18/v3S0ctxSoHiHnvvNG9pwLLyuYse7WrFvtBYNlaSjevPl/aqI2FfeWfN065yh4e8e/VC/e/A97WwhmI2Kt4+uv32BzjzBJRV/qt/d/2ZtzccOaucRqX+vGBwHAIBUMP5S6d2HpeIjdlcCAAmBDlQAANCMfXprc0RPadZJuumKcHgqSe7s0Vp0zUnKrtnAr62b94V/LN6hD7+N2FXfibr14qG13z3hdN12zRClt7tGp6Zcc2U4PJWk7HG6ZEpGxPpifZHf7oMAAJA63F5p6s12VwEACYMAFQAANK34Wx2O7BAdMFAN3s1bb1nFtwf1vSTlH9V3Ecu7jxiqBq9zGjFIJ7W7yD4aNaLeIi+DbAAAaJeJV0nZDN8AAIkAFQAANKfCX2cIfuNyNTg34mMwqEAj33U3Gmo621df9b5jshcAAFDD7ZUmLbK7CgBICASoAACgaemeKIbY59cdIu9yhQNNd93ANOBr7FVSofZUBwAA4mniVVJ6g/EjAJByCFABAEDTsgdpcFbE56++1Bf1t/nqUJ1l6X3z1EOS+vbUoIjlhZ/tU1H97352QJ/HrFgAABBT6TnS5BvsrgIAbEeACgAAmpGnKadEvJCp5HM98ecdKgqEPwaK9+mFF3equGYDj8ZPHBr+MXu0Tu8bsatvN+vh1ftqv3v0Qz30p/1RTBEAAABsM/mG8HB+AEhhvGEBAIBUteMNLb79jSZX977wGv3fc3PV//yzdMrmN/RJ1cukCj96Q3d81Pj30kfP0MKh1Z9O0PQ5A7Vm2Zc1IenB917WHe/F7AwAAEC8peeEh/JveNLuSgDANnSgAgCA5qWP1k9un6FTslrYbMhE/XzRaEX0q8o9Yr5+fmF2M7vup+GxqRIAAMTL1JvpQgWQ0ghQAQBAy044VT/59x/pjnkDNSjXWTuExeVU7/4DtXDJj/Tgj6epTyNf7XPuYj2wZKJO6Vv7PVdWN025+ho9uGhUncBVXk/dzwAAwH7ZvaTxl9pdBQDYxrAsy7K7CAAAkKKK1+ueX23WwaqP6afN02+uGNrsVwAAgA0K9km/OVciQgCQhD65fF2z6+lABQAAcfSZnv73x/TrF9fr82/KFIhYEyjepxeW1YanknTSaMJTAAASUs+h0tBpdlcBALbgJVIAACBuAlu3aENJubRxsx7YuLn5jftO0CVjOqYuAADQBlN+JO1tvksLAJIRHagAACBuDn9bFt2/1nYbolt/fHajc6gCAIAEMXRauBMVAFIMc6ACAID4Cnyrzzdu0/9u3qeD+X4VB6uWu5zKzs3VxGln6YKJecqxtUgAABCVD5+T1vzC7ioAIKZamgOVABUAAAAAAEQnUCH91xlSxXG7KwGAmOElUgAAAAAAIDbc6dLkRXZXAQAdigAVAAAAAABEb/KicJAKACmCABUAAAAAAEQvvas0fr7dVQBAhyFABQAAAAAArTP5Bskw7K4CADoEASoAAAAAAGidnkOlodPsrgIAOgQBKgAAAAAAaL0pP7K7AgDoEASoAAAAAACg9YZOC3eiAkCSI0AFAAAAAACtZxjhuVABIMkRoAIAAAAAgLY59XIp4wS7qwCAuCJABQAAAAAAbeN0Saf80O4qACCuCFABAAAAAEDbnbowPJwfAJIUASoAAAAAAGi7XiOkgWfYXQUAxA0BKgAAAAAAaJ8Jl9ldAQDEDQEqAAAAAABon1FzeJkUgKRFgAoAAAAAANonLYOXSQFIWgSoAAAAAACg/RjGDyBJEaACAAAAAID26z1SyhtvdxUAEHMEqAAAAAAAIDZOv9ruCgAg5ghQAQAAAABAbIyaE54PFQCSiMvuAgAgoViWrEBARjAoyzQly6r6ZXdhAICUZ0gyDMkwZDgcslwuGW53eBkAJIq0DOmUS6QPn7O7EgCIGTpQAaQ8y7KkQEAqL5dVUiJV+GQFglLIlEzCUwBAgrAUvi6FzPB1qsIXvm6Vl4evYwCQKBjGDyDJEKACSG2hkFRWJqu8IvwwSlgKAOhMLMkKBMPXsbKy8HUNAOzWe2T4FwAkCQJUAKnJNGWVlckqLQt3mgIA0NkFQ7JKy8JBqsm1DYDN6EIFkEQIUAGknlAo/HAZpEsHAJCEgiG6UQHY75RLpLQudlcBADFBgAogtVRWVnXmMFYfAJDETCs8yoK5UQHYJS1DOulcu6sAgJggQAWQOkIhWT4f85wCAFKGVVFBJyoA+4yda3cFABATBKgAUoNlySovJzwFAKQWS1XXPy6AAGww/Bwps4fdVQBAuxGgAkgNFRUM2wcApCbTCl8HAaCjOV3SyNl2VwEA7UaACiDpWcGgrEDQ7jIAALCNFQjKCnItBGCDMQzjB9D5EaACSH4+n90VAABgP66HAOww8Ayp+0C7qwCAdiFABZDUrMpKKWTaXQYAAPYLmeHrIgB0JMOQxv3Q7ioAoF0IUAEkt0DA7goAAEgcXBcB2GEsw/gBdG4EqACSl2VJoZDdVQAAkDhCofD1EQA6Uo8hUu+RdlcBAG1GgAogaVmBgMQzIgAAtSxJvEwKgB0mXGZ3BQDQZgSoAJKXydynAADUZzE6A4Adxs4Lz4cKAJ0QASqA5EWACgBAQ1wfAdghs4c08Ay7qwCANnHZXQAAxE1cHxCLVLZhnQKvr1Po403SlkNVy/tJkyfJcfF0uSZPV/qwHP5DCwBILASoAOwy4TLpwCa7qwCAVjMsi1nkASQnq7g4DnOgFqls9UPy3fuUdEjS0Ekyzp4lo1/EJjvXynxnk1QgacYNct1zmzKH5cgZ61IAAGgLhyEjK8vuKgCkIn+p9OuxUoi5mAEklk8uX9fsehqjACSvGIenoaKNKl50i8yNHmnxA/IsvUjpud5GgtEbJflU8fEr8j3wkILTXtHxpY+oy12T5Y1tSQAAtB79EwDs4smUhp8j7V5rdyUA0CrMgQoAUQgdXKOisy6X6Z8l1/q31P2ey5TZaHhazav0Uy9Ttz+/Je9js6TfXq6ym9eoogNrBgCgUeSnAOw07hK7KwCAViNABYCW+Lao+OZbZA29U55Vv1bOsNb0kXrV5eJfK+tvd0obblH5I1tUGbdCAQAAgAQ3bJrkdNtdBQC0CgEqADSrSMV33yTTv0Rpy3+szDaOwU879cfKenqJ9OubVPpOUWxLBAAAADoLT6Y0/Gy7qwCAViFABYBmBDY8psCfJMc9tymryfDUp9JHFqpw7EId+9jX5L7STr1N7sWSdetjKml6MwAAACC5jZ1rdwUA0CoEqADQpCJVrHhMmn23vFOaaz3dpcCvN0kFm2Ru2NXMdl5lL71bRsFjCsSoC7Vi9WIV9nlUpTHZWzPy1+hon8UqypekfBUtGqDCRU3P6Vr6SPPr4+rjR1VYU2ustXzukUofGaDCR7bEoxAAAIDOa/g5DOMH0KkQoAJAU/LXKbhSMq6drvRmN/TIGFX9o6f5feZOl+sayVq5rhO/UCpXGQ9tU+ZDs5Rmdynxlr9GR/sM0LGPqxek0LkDAADEiydTGjzF7ioAIGoEqADQBP/OTbJ0kZyjclrYsqeMvPBPRm7PFrbNUdrZF0mvb1KgE0+F6s7JkSfHK6fdhdgglc8dAAAgZk4+3+4KACBqBKgA0IRg/n6p50g5c1vaMlfOCeGfjLwWN5Y3b6Sk/bKK21thfVt0rM8AHXtnp47ffI4K+wxQ4VlLdXyHT5JPxXefpsK7NyoQ8Y3AhvtUOPY+lfikyoPv6vhPr1Xh2AEq7HOaCm9+TqVNzNVad2i6T2Wrf6XCiQNUOPYcHX1ii8wWzs338ZM6OufMqhqv1bHV+1RZvd9731Xps0tVOHaAjr5TJKlIpSt+Ed5/nzNVePcalUXUVbl3jY5dcWZVzU+qJL/uwUNFO1X002vDx5pYe6za86g9XuHYc3T02Z2qVNX0CONukSXJ/MGAmmkB6p57kUpXP1p7LhOv1bF3DirU6EnvU9HdVXWMPUdHf/oXlXbiEB0AAKBdTp4lGYbdVQBAVAhQAaAJVv4m6dR+UXUaGp6RkkbKaGEEvyQpt58MbZIZlzk6JfORF2UsfUGZn70v99n7FbrteZXJqy4LlkjLXlRFTWhXNcfr0ouU4ZWM/EOyptymjPe2KfOzF+Ty3yX/si2Nh4ERfO/cI9/d++V4+H1lvvdXpQ9bq8Bvm96+8uP7VPaDV2Tc8YIyP9umLk/dIBUXqOb2ecVdqiy6SJ5Vm5U5OUdlK26R/9lsuV8K1+X2PCXfg1VBcNG7Kp1/j6wpDyjjs7eUedcQBX/7WMTRDqr05gsVzLlBGZ9tU+ZLN0jLLlfZhogEdtljCmQvUZf3tinj4emy7rxD5TuktNkPKHP9AzIkOZZvU+ZnDyijQT5eLPNgtlwP/TV8Lg+PlHnlPSpt5O+27NlbFDw4S55PtynzvWeUdup+hQ628IcLAACQrLJypX6n2F0FAESFABUAYsCR209SPxktN6DGnXHtEuWMzpUnJ0/Z8y6Sdm5VMF9yjp4l14wXFXi9KrU7uFaBldPlumCUnJLcp16tbhdPUHpOjjw5Q5U2b5a05VBNt2bj8uVf8by0+DZlT8mTJydH6WffJvfiprYvkm/FY9LiO5V5dnh777AZ6nbtZNW8RuDUO5V+y/nKHJarNO9OBZatk7F0ibLzcsLntHiJjN+uVYVP8m14UZZuUNotk8N1581Q5l031B5ux1oF371U7qUzatanL50k8/WttZ24p14l78Wj5M3JUfrZF8mhXTIP5svpzZEnpyoRz86RJydHDV91kKfsW65W9rDc8LlMmSWH1spsJBi1/AWSPDKyw+eRufBnyhnd7B8uAABAcmMYP4BOwmV3AQCQqIzcSdLHh1rswJSk9Nl3KrBc8kYToOYfkqVJUUwN0DYNpxHwV/2eJ8+1lyr44FqVLrxRzg2vSNfcIE/V/K2Ve99Q2W+fkrllv7SvILxw9kUtH9AvGXmRnbpeOXpKarS70i+rQDLmDWkkjKwyoV/ES7v8snZK1g1jVVhno1myiiXL72/QJez29JR0qOrrfkkvKjDixbrfnz1LwUaPV3tO0SlSybP3K7B6l6yNW2uWNvavk5mLX1Do1/fLd9Yd8uXOkrFwiTKunSBvtIcCAABINiPPl9beZ3cVANAiAlQAaIIrd4hUsEuhfEkthZ3eoco+O7r9+g7ukjRERnY7C2wD79mXquLOexTcMUnBZQVyPjSjKsA7qIo7b5I5+gl5V02SyyMFX79Dvtej2KlHsg4eUki5VUGmT2ZBC9tv2a/AxblNh6iRG/eUjPs3q8uUuvMjOHKkkMfTIOQO+AvqfF26Su5P75Snztc9ckmqiOb4zQhseEiVdxbI+bdHlD40W9JWlY+4rvGNvUOVc88y6R4pULRTZbddqDLP+/IuzGuxCgAAgKTUY4jUe6T03S67KwGAZjGEHwCa4Bk1SYZeUWhnS2/6yVfx3QtVOHahjr3T0sSmRap85xVp9iS5c2JVaSt4J8u9VAotukmhnjfIUzOE3CPlhH93eCQVb1Xls2uj2GGuPAuvkn59j4rfOSh/UZEq3nlIgWUtbL/sfpVWbe8/uFHHnt1S5+VWtUYpbel4Wb99Sv7qd0MV75fvnf2yJHmnXCpD98t/77uqKCqS/+C7Kr33qdqvj54u54TnFVi2VWbVInPfWvn2Kaq5bZXbT45Rkvn6RvmkBt3IDk/P8A8ejyS/Aq+/WHOcunwqeeJXKvo4fM5mdYdrUczfJAYAANC5jJ1rdwUA0CICVABoSu50uRZI1rPrmu9UzN+k4LJNUsEmmc9uamHbdQr+STIWTG84bLyDZF5wg3TokIxrZ0XUkKvMe56RY+9dKh9xrkrvPSTnwllR7c979t3yPjZe5k+nqnTEhSrfMV3upc1t/2tlLJ8l6+4fqnTEWJXe/KLUM1tWE9t3uekZeRf7Fbzy3Krtn5fpqWrfzZmhzFWPyLHjLpWPGKvSn+6Sc+mSiG+PUtbyt+TyP6Xys8aG63u2oBXdv6OU8dC9MjbcobI+A1T8cd21zlNvkOd+j0JXTlTpzDsUyJ3VxIXVK/fofgrde134HGbeIjPvEXmvHRVtIQAAAMlpJPOgAkh8hmVZTT2zAkCnZsWguy+w4T4Vz39RjlXvq9uUpmarzFfxrZcr8I5k3P+CTrigqfH+PhXfPVWB1Zcq7cOfKYvJLwEANjFybJhHBgCa8tDZ0vf77a4CQAr75PJ1za6nAxUAmuGeskTuayTz7odU4mtqq1xlP/y2um97u5nwVKr8ODy03Xh4CeEpAAAAUI0uVAAJjgAVAJqVo+x7npDD85gqr3xUpU2GqM2r/PhRlSx6TPrFE8o8247JTwEAAIAEdTIBKoDERoAKAC3xTlD244/I2He//PN/oaK9rUlRfSpb/QuV/OB+acojyrhlgtLiVigAAADQCfU7RfIytQiAxEWACgBRcObNVc57L8jhWavgtHNVePdfVJrva/BW9lo+VXz8Fx27ZKp8S9ZKS19Ql8fn2vbiKAAAACBhGYY0bIbdVQBAk3iJFICkFYuXSDVUpLLVD8l371PSIUlDJ8k4e5aMfhGb7Fwr851NUoGkGTfIdc9tyhyWI2ccqgEAoC14iRSAhLP1L9Kq2+2uAkCKauklUgSoAJJWfALUakUq27BOgdfXKfTxJmnLoarl/aTJk+S4eLpck6crfViOXHGsAgCAtiBABZBwjn8jPThFIqIAYIOWAlSe6wEkL0NS3O6/ctRlylxpytx4HQAAgPgw7C4AABrR9USp18nSd7vsrgQAGmAOVADJy8F/4gAAaIDrI4BENZx5UAEkJu6eACQvgxYbAADqMwhQASQqXiQFIEFx9wQgeTl5bRMAAPVZBKgAElXeBMmVZncVANAAd08AkpeLaZ4BAGiA6yOAROVKkwZNtrsKAGiAABVA0jJcLl6UAQBAJKPqVLMm5QAAIABJREFU+ggAiYph/AASEAEqgOTGMH4AAGoQngJIeLxICkACIkAFkNx4UAQAoBbXRQCJrscQqWs/u6sAgDoIUAEkNcPjkRyM4wcAQA5DSuPlLAA6AbpQASQYAlQASc/weu0uAQAA23E9BNBpMA8qgARDgAog+bndkpshiwCAFOZ2ha+HANAZDJsuuTx2VwEANQhQAaQEIz2dofwAgNTkMMLXQQDoLFweKW+83VUAQA0CVACpwTBkdOkikaECAFKJoarrHxdAAJ1M3gS7KwCAGgSoAFKHwyEx/xsAIIWER2Bwyw+gEyJABZBAmBQQQEox0tIkp1NWeblkWnaXAwBAfDgMGRkZktNpdyUA0DYDJkqGQ7JMuysBADpQAaQgp1NGZqbk5D+BAIAk5HRUXecITwF0YhndpF4j7K4CACQRoAJIVYYhIzNTRkY6QSoAIDk4HTIy0sPhKXOeAkgGgyfbXQEASCJABZDq3O5wkNolQ3K7eMkUAKBzMSS5XTK6ZISDU7fb7ooAIHYGEaACSAzMgQoAkuRyyXBV/ScxFJKCQck0ZZmmZJrMlwoAsJ/DkBwOGQ5H+MVQLhfD9AEkN+ZBBZAgCFABoD6ns+aBlIZUAAAAwCbV86B+t8vuSgCkOIbwAwAAAACAxMQ8qAASAAEqAAAAAABITMyDCiABEKACAAAAAIDEVD0PKgDYiP8KAQAAAACAxFQ9DyoA2IgAFQAAAAAAJK7+E+yuAECKI0AFAAAAAACJK2+83RUASHEEqAAAAAAAIHHl0YEKwF4EqAAAAAAAIHF1HyR16WF3FQBSGAEqAAAAAABIXIZD6jvK7ioApDACVAAAAAAAkNgYxg/ARi67CwAAAAAAAInPsiTLsmSZVb9bkiVLVf8X/t2yaraNZBjVvxtS+P+qfjdkGOHlhqPqd6ORgxOgArARASoAAAAAAAizpJBp1QSlpmXJMq0GgWird2tV/15/R43v2DAkh8OoDVb7niJnl55SWUH7CgGANiBABQAAAAAghYVClsyQpVDIbHdQGiuWFa6rJmA1uki3fiDj+/1yfrVJjoOb5Pxqk1RWaGudAFKDYTX85x8AAAAAAJCkEjEwbRPLklGwJxyofr1JzkMfEagCaJNPLl/X7HoCVAAAAAAAklwoaCkYNGWaSRwBWKYcBzbItXO1nHvWSv5SuysC0Em0FKAyhB8AIliWpQpfpfyVAZkhs3bOJ7sLAwCkPEOS4TDkMBxyOA150txK96aFX8gCAI0IhSyFgmbVUPgUYDhkDp6qysFTpaBfzj1vyrlztZxfrJdCAburA9CJ0YEKIOVZliW/P6AKf6UqK4N2lwMAQKukpbmU7kmTx5PW+JurAaQU0wx3moaCPOrXqCiSa/drcu78qxwHP7K7GgAJiCH8ANCMykBQJaUVCgZDdpcCAEC7uF1OZWamK83NIDMgFYWClgKBUOee07QDGEe/lOujp+XatkqqLLe7HAAJggAVABoRDIZUUlqhygAdpwCA5JLmdikrM10ul9PuUgB0gGDAVCBg2l1G51N+TO6PnpHro6clX4nd1QCwGQEqANQTCIZ0vKg0uSfQBwCkNIfDUNecTLkJUYHkZEmBoKkgwWn7+Urk2vInuTf/USr73u5qANiEABUAIpRX+FVSWmF3GQAAdIic7Ax5PWl2lwEgRiwr3HEaDBKcxlzQL9enf5Fr42Myig/bXQ2ADtZSgOrooDoAwHaBQIjwFACQUoqKyxVguhogKQQCpnwVQcLTeHF5FDz1avlufkeBabdJ7nS7KwKQQAhQAaQE07R0rKjU7jIAAOhwx4rKmLYG6MRCISscnDJcv2O40hSc+s/y/dPfFRp6jt3VAEgQBKgAUkJRSZmYsQQAkIosy1JRSZndZQBoJcuS/L6QKv0hcRvb8azsvqpc8Af5F/xBVrcBdpcDwGYEqACSXmVlUJWVDF8EAKQuroVA51I9XJ/ucfuZQ8+Rb/Eb4WH9LuaUBlIVASqApFdcWm53CQAA2K6E6yGQ8Biun6Cqh/UvfoNh/UCKIkAFkNQqKioVCnEDCgBAMGSqoqLS7jIANMKyJL+f4fqJzuo2oHZYf3Zfu8sB0IEIUAEktQqf3+4SAABIGFwXgcRjmpb8vqDMEMlpZ2EOPUf+a1bI7DvO7lIAdBACVABJyzQtBYIhu8sAACBhBIIh5lQEEkgwaMrvo+u0M7JyTpT/mpUKnn693aUA6AAEqACSlt8fsLsEAAASjr+S6yOQCPz+kAKVTDXVqTndCsy8W5U//J2U3tXuagDEEQEqgKQVDNF9CgBAfUFGZwC2Ms3wi6IYsp88QidfIN8NrzCkH0hiBKgAkhYvjwIAoCGuj4B9GLKfvOoM6TcMu8sBEGMEqACSVsjkAREAgPq4PgL2qGTIfvKrHtI/9yHJ4bK7GgAxRIAKIGmFGMIPAEADJh2oQIfz+0MKMWQ/ZYRGXST/pY9LaRl2lwIgRghQASQly7IYGgUAQCNMLpBAh/L7Qsx3moLMoefIf+Xzkjfb7lIAxAABKoCkZDDvEAAAAGxkWQq/LMokPE1VZt9x8l39gtSlh92lAGgnAlQAAAAAAGLIsiS/L8iIKMjKHSHfNStlnTDQ7lIAtAMBKgAAAAAAMWKalnwVhKeoZZ0wMByi5o6wuxQAbUSACgAAAABADJimJb+PF5miEV16yHf1CzIHTra7EgBtQIAKAAAAAEA7hYftE56iGd5s+S/+raxuA+yuBEArEaACAAAAANAO1XOeAi3K6Cb/5X+UMrrZXQmAViBABQAAAACgHXhhFFrD6jZA/gVPSZ5Mu0sBECUCVAAAAAAA2sjvCxGeotXMvuPkn/+45HDZXQqAKBCgAgAAAADQBpX+kEyT9BRtYw6coso590sG0QyQ6PhfKQAAAAAArRSoNBUKEZ6ifUJjfqjAuXfZXQaAFhCgAkB77XlVv7zvVe1qYvWuVU/ql6v2dGhJyWbPq3/UL//n72rVn2ILfy9RKfyHHrrvST20sbA9ewEAAEkmFLQUDJp2l4EkETx9kUJjLrW7DADNYLINAEBiK92st7c75fV8rY27/Bo+0tNxx+5+mv5p6VjJm9VxxwQAAAnNsqTKypDdZSBCyAzJF/KrNFCqsmCZygPlKgtWKGgG5A9VqtKsVNAKybRMOQ2n3A6XXA6X0hxpcjtcynClK8PVRRmudGW5s5SZ1qXDz6Hy/H+X9+AHMo4f7PBjA2gZASoAIKEd3rRXhwaN151jvtD96z7Q4ZHT1KfDju5RemYHBrYAACDh+X1Bu0tIecWVxTpYekifF+3XVyVf67uyIzrqPy5/yK9AKKiQFVTQDMmSqZAZUsg0ZcmUJUuG5ZDDYchhOOQ0nDIMQ07DFQ5WnW5NzB2vfx57c8efVFqGKuc9LM9zC6VQoOOPD6BZBKgA0NGKdmvVqg+0PT+koCRv7omaO3+mxua4GlnvVNdBo3TV/Inq45KkQq1/YrW2DJ+hc8q2as2uInknXqQ7ZhzX8/e9J829UIO2v6O1BypqvnvdwonqKUkKquTrrXrt3b3a/W2FgpJcOT114YK5Or17+NAFG1fo4e39dO3UEr326jf6PiRlDhqhq+aNl7a+qeffL1BpzbIzleetPqnj2vbqm1qzq0i+UHi/sy65UFN6NX6ZKdi4Qg+vk2YtXqhp3Zv5swru0dvbKzV+3mhlDU7X+Dfe04Yvpmn+4PrbHdaGVfXOe0wjx2z1ue0J/7lecqOuGq7wtAAvSQsW5WrrSzu1tygkOdM1bOZMXTc+N6q/fgAA0HkFKk1ZTHvaYao7S8sD5fq69Gt9+v0OfVz4qQ4UfSl/KCCrhb8Mw5Jk1F1mSTLM2p8jpTndGpQ9MFblt5p54ikKnP0zud/8v7bVAKBxBKgA0KEO69XlG3Rw0Ezdeu0AZQYL9d3ezVq7uUBjZ/aRfHv0/FMfKTh1pm4d30+ZwXztfuNN/X5Vuu5cOFrpVXv5ftN7envMeF1302B19aRLOi5JOvDGJmXOmak7558gFe7UyuUfacXmYVo6saskl77/plB9Js3Uhf1PUJarUgfff0W/X7leeUsiujqPfqaXtp+mG/9ltrr6dmvlsg16ZtkX8vY9TTf+y4XqWrZXK5/aoBXvD9YdM/tIKteuVa9oTXCErrtprPK6hHR4z3o9/+xr8t4yVxO8Df4Q1HPyQv3H5Jb/tEq2btPunFG6c7AkDdGUMR/od+9v1qzBE1U7qP64Plz+ml4LDtONS87QoC4hHd79pp5/o0jSCXV32Opza0yB1ryVpksuWaAru0vfb39TT76xXhuGXaopmS2fEwAA6JxCIeY97SjFlcXaW/SF9h7bq93H92jPsb363n9MoZApGVWZqCUZRnhKheqQ1FDdUNQyGuSnzRqcNUATeo6N1Wm0SfD0RXLuf1uOA/+wtQ4AdfESKQDoUCU6XiT17D9A3VyS29tdeWNm68aqsO7w+x9pd9/xunJiv6r1uRo77zQNO/CZtpdG7GbQafqnOeOUl5OlLG/tv4VlTpqmecNzle5yKb3XOE0b7tR3Xx+u/drk2Zo2PDf8HVeG8sb0U4+iw9pbFFljb81dOE49XZI782TNGp8uX7C35s4/WT1dLrlzwsuOf/2VjknSkY/02t4czZ0/UXk5HsmVoT4jZ+vCwQX6cHdJO/6sDmv9R0UaNmlsTVjaZ8ZYDft2r9Yfidjsm216+9scXbhgmgZVH3/MXF04vLG5yVp5bo1K17Tzz9PIXhlyuzLUZ/w4newp0oGv23GqAAAgsVlSpZ95T+Ot0HdUf977ov7tg3t1/5b/0VO7n9c/Dn+g/IpChcyI8LQJ1eFpk9s01bBatfysvpPVJ6N3m2qPJf/c/5a69LS7DAAR6EAFgA41XLOmb9XDry7X43sH6PQxAzSofzgslfw6XFghHfhAv7rvg3rfy1SeX1JVh2OP/n1qulEj9exedzx85gnp0vajKpDUU1KgaLfWvr5T2/NL5SsLTyEgZUqRU3md0FV1btc8TqlLhrrVXxYMfz+Qf1zHVaCVDzyplfXq6dG3suU/kiYEdm3WRl9/3Rj50ijXaE0e85FWfrRfc+YMCW939LhKu+Qqr1735/BBPaXt9XbaynNrXKZ6dK/7uWcXaUtRoaTm5iMAAACdlZ/wNG4sWSquLNbqA69qxd6X5Av6azpJjZpt6n8nYmVEWlr9Pav+ttWb1QtgjYgfMlzpumDg+XIYCdBn1qWn/HP/W54XrpMsup6BRECACgDt5XJKauqmukSlZVLX/l1rlvScvFD/Z8whHdj9hbZu/ofWrKrUyfPma+FwpyTJO+Ys3Tq9/vBxp7ztHR4e3KHlj32ggpNP01XXDlZXp6SjW/X75Ydb/GqLPP117eJJDV7u5Grz2+uPa/OmAskvPXnfk42s36oN04cwZB4AAMRdIGDKNJn4NB6CZlB/P/i2XjrwNx0o+lKmZYVD0Kr0tP4Upi0Nx4/8W6oOUx2GITNirlQrYkOj6hhOh0O3nrJEXdNy2ntKMWMOOlPBSTfJtfFxu0sBIAJUAGi//v00TB9p9xfSyPovN/J9pd3fOjVoat0XDLkz+2n4xH4aPlGq2P5X3fvuVp0z/Ez16Z4u39dFUuZwtTV6bFJRkY4pU6dPHae86nvDfL987dytO7eruvrz9b2yNDxWgebXm/V2fk/NXXK2TnbWX1mp3a+u1vpNhzVlZp/w8cvydbBUdbpQ9xyo7rsFAABoG8uSggE6AOOhLFCux3c+qXXfvK/yYEWdkDOSFfGDVS9BjQxb68tIy9C4HqO199h+FVQU1oSxhqr2Y9Xue2z30Zred2r7TyrGAtNvl3Pv32V8v9/uUoCUlwC96QDQyblG68Lp6dq6aoVW7cpXiS8oBct17JtPteLpD7Q3d4SmVQervh1a8ew72nakRBVBKeDL1+5dpVJmpryS+kwdq2H52/T7l3frsM+vQLBcx77+h558dr0OtrfOnBx1U6m2bf1KJcGgKo58qmde/brdAap6naZzBhXptT+9rm1HyhUI+lVR9JXWL39Rr37Tlh36tW3j19KYUTo9J0tZmfV/ddfpE/vLt32LdgUl9RqraX2L9NrK9TpQVK5AsFyHt6/Ra3saJK8AAACtwryn8VEeqNDjO57Ua1/9XaWB8oYdovWG5auxZVbdbS1Lcjmc6urN0cVD5uiXE+7Q0YpjKvQdrbPvmiH9VcP505xuXTDwPLkd7pieY0w4nKo871d2VwFAdKACQEz0nDxft+e8pxXrXtP9a8I32i5PunqfPEW3zz65do5N7wCdfvJXenX5Sq30S5JTXfsO1rWXjAt3nHpH67olTr388lb9/qENCkpy5Zyg8dOnqd3T2btGa8E1RVr50pu6/yPJ1aWnLjx3hI6tOdTOHWdowsL5cr3+jtY++2etDElypqvfmPFa2KvxbxRsXKGH10mzFi/UtPrThpZu0/oD6Rq/aEjThxw8WuO9r+ntrcc1cmJXnX7lhdLL6/XMY39WUE51HTRK153v1MNr2nlqAAAgZYVCFkP348CyLC3ft1JrD74dTj2b6CBtsChiMlPLCgeg4f1JHpdHg7MH6ozeEzS620h9XrxX9299SMf9xc3u1zAMjesxWqd0H9P+E4sTc9AUhUZeJOeuV+wuBUhphmU10ScPAJ3ckYLjdpcAAEBC6tWza8sbASnOVxEUT8uxt+bL1/T4jiflD1bWfVFUxIf64WnkvKX1V57UbajmDZyjcT1G67vyI1q+5y/afnSXAqFAgzlRq3dT/bPL4dbPTr1N0/tOTYyXRzXBKP5W3mWzJX+p3aUASeuTy9c1u54OVAAAAAAAIgQCJuFpHHxdekjPfb5CvmClpLpzmBrVE5RK4eH5ES96qpm3tPo7krqnn6BFJ1+pWf1mymk49NKXf9OyHU8rEArUbGhYNburOwdq1WFGdz9JU/tMSejwVJKs7L4KTPmx3O/8l92lACmLABUAAAAAgCq8OCo+fCG/Xty3Wkd9taPEauYwjRjJHzlHaWTwKUkep1v9M/vrrBMna1beOcpN76mvSg7quT0r9O6h9xQyq/7eInYU2bAa2cna1Zuj28f/s9yOzhGLBCfeINf2VbxQCrBJ5/gvBQAAAAAAHYAXR8XH1yUHteG7D2Wp6dZeq4mfDcNQ/6x+mjPgfE3uNVF9uvSRIWndt//Qyn0vac/xfQpZZqNzqdbZWVWnq2EY+uHgOeqT0e63DHQcV5oqZ/6bPC9cb3clQEoiQAUAAAAAQLw4Kp7eO/y+jvmOS7LqdJpKajr4lOR0OHTpkHlaMOQS5Xiy5TAc8gX9WrF/lVbs+6v8Ab+siH02On+qUffziK7DdW6/GTKaO3ACMgdPU2j4eXLu+bvdpQAphwAVAAAAAABJgUq6T+MhEAro5S9eV2RsGvlSp8hl1XOidnGla0LuKbpi2KUa0W14eFvL0uHy7/T07uV695v3FDSDNd+16v1uRO4z4nOaM03n9p+u3l06UfdphMDZd8q5900xSS/QsQhQAQAAAAApLxSyyKTiZOORD1QWKG9+Iyv8oiiHw9DIbiM0d9AFOqPXRGWlZUqSTMvUh0c+0rN7XtCeY/tkRvGXVX8LS9LYHqM1s98MOTpZ92k1q/tghYbNpAsV6GAEqAAAAACAlBcI0H0aL09/9lyTc58aET+4nWm6avgCXTxoTk1wKkmWLL321Vot2/WMSitLG+7ECs9tKkU0Zkbko9U/el0e/cu4HyvbndWe07Fd8MyldKECHYwAFQAAAACQ0kIhS5ZpdxXJqTxYrmP+4jrL6vR+GobSXV6d3G24Fp18tU7udlKduUmP+4v1t69e03Ofr1RlKFC7JnJcvhHRbWrUrq7expLkcabpJ2MWq3dGr1ieni3MPmNkDjpLji/W210KkDIIUAEAAAAAKS0YID2Nl13HPlNlsDL8oV53qCWpV0YPXTbkYp174gzleLLrfPdw2Xd6ds8L+vvX78iMSLgthTtOG/RfNvEWKYfD0ITccZraZ3JMzikRBCYvkYcAFegwBKgAAAAAgJRlmpZMk6HQ8fJp4U4FzED4Q2R3qKRTeozRv57yE/XO6CWXo248URH06eHtj2rLkW0NwtPI3yNfPNVg2H7V56y0LF0x7DLlpNUNaDszc8AZMgecIcdXH9hdCpASCFABoL32vKpfvvRdg8UuT46GTZ2kSyb2U7oNZdmi8B96aNkhTVi8UNO6d9xhd616Ust1lv5j/vA276Ng4wo9vE6a1abaS3Rg45tasa5SUxr7frBQuzZv0tubvtN3fklyquugYVo470zleSP2cuRTvf3GTm39tkJBhf9/aMz5MzV/ZNc2nxcAAGheoJLu03gq8hfLipir05CUmZapCwecp2uGX6kMt7fBdwoqvte9H/8/7SjcLcuywt2mkclpRFBqSQ27TlUbqqY53bp+xBUa1W1E7E4qQQQmL5GHABXoEASoABATvXXlz+ZoZPXHYLmOfbtVL616Q78rulB3zOxjZ3GIQs+JF+nOMZI3s+VtI1V88w8tf+kzHVSaXEprZIt8rX/qFW3IHKa5V07ToO5ZcpV9pbdffke/X+7UrTdMUk9JgT2v68GXizRm9jTduqCnurlCOrxnvZ5f84pWeBdo4WBPLE4TAABESPXu09LSUqWnp8vpdMZl/yEzpECoss6yvKx+um7EFZrSe5I8zrr3TpYsfXH8Sz268w/a/v2uyBXhTlNJMiJ+rlL9OTJHtQzJaTh00cDZmjNgtgyjkZS1kzMHnSWzzxg5Dm+3uxQg6TnsLgAAkpIrQ936n6kFM3J0fO8XKrC7HrTMlaGszAy5W/m19JDkPW2mbr9ysBrPXnM18coF+tmV0zSyV5bSXZI7Z4DOP3ewMvO/0u6i8Fbu4Wfq9lsWav6Yfurm9UiuDPUZOVuzhlVq+/ZD7Ts3AADQqFSe+3Tt2te17A+Pa+++PXE7hi/kV3mwXFZV3Dmq+8n6t9N+qhl9z2oQnkrScd9x/WbH4/r0+x11AlJLEUP266WndUJTq+qXJMMwNLnP6bpy+GUNpgdIGoah4JlL7a4CSAlJ+l8RAEgMXleaFAzJJ0nBEh3Y+g+98dF3OlQUUngY9yhdt3CielZ/oWi3Vq36QNvzQwpK8uaeqLnzZ2psjktSuQ5ufFMr3i/Q8ZAkZ7qGTT1Tl0weoCzfp3ryoa3qeuX1mt+/9vh7Xv2jnv1mmG696czaYwR36JkHtqrHNddozon1jxkeWj5/zpkalFmzE/3yJemSa7pq+5q92lvUUwt+NkdjVaI9r7+hlduL5AtJ3tzBWnB+Yx2YtXatelLL99br1o0UzNe2dzdp/faC8FB3p1O9x5ylG2cPqZkGIXBks5a/tFN7i0LhP4OZMzW+zk4Ktf6J1doyfIbOKftIL20vVdCZrmFTp2nBeGnzy+v19oGK2mWTq6ZYqDrP6toKNq7Qw9v76caZlXr15S/0nT88pH78vAs1b3BG7eH6n6mr+ksqbDrkTM/MamKNU96aho8sZTUYweZXMChl5mTUXwEAAGIgFErd7lOX26WCgny9//56jTjp5LgcI2gGVWkG5DAMndZrvG4b+xP1yshtdNsif7F+9fF/aXvBrgZzpUa2l1pWOERttJ80YuGgnAG6fsRV6ubpFpuTSVChIWdLXXpIZd/bXQqQ1AhQASBOAqW7tfLNAnmHj1OeJLmO6uC3WZp2yZnhYdzBQ3p7+Rt65s1+VUP8D+vV5Rt0cNBM3XrtAGUGC/Xd3s1au7lAY2f2UWDXm/r9JmnutVdofC+ngke+0ttv7dbe8QM0wTtCEwd9pDXbv5L6D6iqYI82bw9JOqTdhfr/7N15fFzVff//17l3Nu2WLO/Guy2vYGPMFpYQzE6AmAQIZCMJlG9D27TZyjdNv2mWpvm2aX98m5Q2hCRkIcEBJyxmNZgl2AYb2+B9X7FlyZIsS9Y2c+/5/TEz0mgkeZU00uj95GFp5t47M5872DOatz7nHIYk5uWMbtrJtqKxXD0KqF/Jfz/0PrHzko9ZwbqnXuSRh+v4zF9dy5TWd4lynl7UwrxrrmfByHwiwK7Ff+JXW4tY8JlPMmuYS/3et/ntop3UdzqMPW76rV/ge8d70poq2BUby82fn8/wolyo3cTCn7/GwjGj+ez0MNSv5JFfxOv9yoeT9S7l6QPAmPZ3dXjFMtbccA3fvKGEpo0v8uDTS3lwlctZV87nm7cWUb91CT95+g1enXAnNwzrop5j23hy5Qxu//ynGJ7XyP4lL/LIU28x7W+v4vRnWwVoZuOKndSPnMG0LqcMaKZy3Ys8tyufyzQFhIiISLeLxQZu9ylASXEJAAcPHuixx2jxm4h6LVw39irumf45CkKd/1K5orGCn6x7mHWHN3RMRjvJuJN5avqw/aTpg6fyV2ffy4TCcWd2Av2BGyBWdjWB1Y9luhKRrKYAVUSkW5Tz2L88krbNpXTWxXzphmSgOZbLbh7btjswmnOn5fPmpj3UMIJi6jhSC0PGjKU4AAQGc9asa/nCrPjhR2obITKa8cPiw8yDw6Zww53JGC/MtFlDWPjiVnbdMJbxAFu3salkMhcVbeOdNQcTIVwda9ZUUjr7Q4wADq7Yxv6hZ/ON+WMpAAgM5dzbL2bXf7zGq+vqmDIn+UNuDvMWfCzesQoQW88b6zzm3HYT5ybCx+Ixl/HZC5/gh694p/805s/k5mtTrhdNY86YZTy2bT9Mn8i+FZs7qfc8dv3Ha6xJv6/JF/DZWfEOh+D0ecx7/RlWjvkwd02PbytObNu28wgM62KRpuYhXH/7vHgATpjxl0xg9Npt7KqCKWewSFbj1iUs2pbD1ffMo8PHiNRFydwc5i24pVcX5BIRERkovFj2dp+Wlx+kqGgQOTldL2UaScx92tzcTFNTE5FIx8WczpTn+3x03PWcP+w8cgKd339DrJEntj/F24fexfq2YyLpRzuvAAAgAElEQVTaSbdp+v+55HXHGOYOnc1fzrqHMfmju+EM+gdv2kcVoIr0MAWoIiLdYggL7r+CycmrgRAFkfRFf2LUbFzG0yv2cLC2hfrmxOaS+HB9mMLVl6/hwcWP8d/bxnL+rLGMHzM6HqYCQ+bMYdqKN/nJT6uYN2cy08eMZfSwtjk7g9OnMu3pZazeCeMnNPP+mnKGz/kQV+cdYfnr2zg4fwQj6jez+kAR5y8YDDRzsKqR/DGj00K8iUwe8xpr9lZAa4BaxPhRKYccquYgJVyd1vVZMGEEg145k/k669i18i1eXFPJkdoW6pNZ7GQPaKayqqXretPuqXRkaurokuNCfsmgDttiHCfwLRnUNvUBQH4RBTRyuAo4zVCzcesLPLiomvELbu08GJ1wBd+4P15T/YE1PLf4dzxy7Fa+MKeLkFdEREROmbVk7eJRb775BkteeZGLL7qEa665rsvjSgeXMnhwKRUVh9i0aQNz5szt9lqG5w1neN7wLvdba3ll/2v8cdez+L7fmpQmA9NOg9LEEP5WxhDAIS+Ux0dGX8pny+6kMFTYfSfRD/hjzseWjMNU7850KSJZSwGqiEi3cInkF3TsJkwR3fgcP3q6nlk3XMFfjC8iABxe8QyP7Gw7ZshFt/N/Zu1n16adrFn5Fk8/2cK0m2/l9im5EJnCXX87lsq9m9m0cScvrlhGed4MvpRYxR2mMG/WMhZu2gFjGlmzq4hzbxhEMH8q055exepDcNnePewfOpa7TnGl+d5ycMkzPLIuh4tuuIa7RsY7JrYtXsiiDNfVXRo/eINHFlVy1k23cNeULuY1DeRSkPj/UzDlMm6rreCHKzdQOedD7cNcEREROW3ZPHx/yNAh+L7PireXMXfueZSWdv4TRGFhEUWFRVRUHGL3nt09EqCeyPLyd3ho/SN4nt8+FKVtrlPodBQ/ALnBHCYWjufs0ulcOPx8pg0qwzEDcK1sY/DKriWw/L8zXYlI1hqArywiIplxpLYRSsbykVmjKc4voCC/gGhzS4fjgvmjmTLvMm6//Xa+cW0+615bQ2Xr3jBDxpzDZdfewH1/dQ1zjm3gpZSFU6dMGwVbd/L+pp1sGzmWWfkQD1ZbWLduE+vW1TJ53tmJoDfMiME51O/dT127CnawbS+MHtP5BP8ADCthBNXs2tt+c93Ogxw51ScmRU1tI4yZwQ1ThlKQX0BBvkfTsbZzP169fV7VWzzy6z3kXHMNd03vLGqPEe3sdvpVp4iISLfzsjhAHTtmPBPGT6C5uZkXXny+y+OCwSCBYPwHjcbGxt4qr9X+Yx/w042/oCkaH5aVGpJ2dRnAdRymlkzhU2W3870LvsX/nvsVPlt2FzOKpw3M8DQhNuPGTJcgktUG7quLiEgvG1SUA9X7eWdvHdFYAwfXPc2idSnDx5vW8/ivlvL+oToaYxBtqmDTxnrIjy/atG/JH/ntyj3UNDUDzdTs3cm+YyHy81IeZMJM5gQ+4OkllUyec3ZrR+yUaaOIrXubVyuGMGda29QCIy6czOiK93l0yR5qEo+5+sllrGEUH5l1nH7awEwum+Wy5qmnWX2ogWismZq9b/DoikbOZPas4qIc2LuZ1VXNRGNH2LVkCS9VtO1vV29TLF7v46vYdAaPeaaiTXXU1ddRd8wjhkfdscT1pljbQVUr+PHPN8Pl1/CFOZ0H0zUr/8T3f7qYN7ZWxG8ba6Bm71ssfK2W4bOmqvtURESkm1g/3t2YrXJyIkyaVIbruuzevYNdu3Z2epwxhhHDRwJQV1fL0aO1eJ5PLBbr9PjuFPVjPLnjGfbXH4iP108O3TcGxxhc4xB0A4TcEPmhPMYWjOTKsy7ngbl/xxPX/YofX/pv3D3tU8wuncWw3KEEHP3G2Q6djh06PdNliGQtvcqIiPSS4PT5/EXtEn77+EKWe5A//myuv7CRhckO0shYzp+2h8WPLWRhM4DLoJET+MyCcygAIvOmkv/UWzz4SiMxIBAuYvI187k+dW5SRnDutBDLV+W3C0qZMIVp7GXN+AlMS33lz5/Hff8rnyefXMqD/+YRw2XQ+Ml84Z4PMf4E7xDjb7iFz4SXsOhXv2ORB5GhE7htwQSe+3XXc6BufPIRHts2nDv//gY6+/FuxPzrua35RRY9/BsW4VI6+1Jumvxa2xD+/Hl84e4QC59ayo9WeeDmMHn+fG4KPMPC45fbY7YtXshj29quL39sIcsBJl/K926NL/K18bUNlHvA68/wD6+n3UHiuOJ5t/A3eW/y+GvP8Wq11/b/+JJruHOeVpESERHpLtk8fD9p9uxzee+91RwsP8jatWsYNWo0oVCow3HTpk/n1aVLOHz4MG+8+TrGGDzP48OXf4TCwp6bR3RzzVaWHXyb/GAeecE8cgO55ARyKAzmURQuYlCkiJE5IxiWO4TR+aMYHCkh6ARPfMcDXGzGjQQrNma6DJGsZKzN5t+9ichAdqjyTAaTi4iIZK9hQ7QwnQxcTY2xft2Baq2lvr6egoLjzb4P765eyZNP/oGCgkI+85nPMWpkx1Xpm5ub+afvfKvdtoKCQj7x8duZNGlyh+O7y766/eyp30uum0teMI9IIEzEjZAfzCXkRgiqo/S0mNr9RH5yWabLEOmX1t6R3unSnl6VREREREREZECwtv8P31+95l0WL36am29awDnnzO7yuNnnnMuLL75AXd1RVq16h1E3jaaq6jCbNm3kkkviIVs4HCYcDlNQUMiUKVOYMmUqY8eMIxwOd3m/3eGsgtGcVdAx0G3H+tBYBV4LNhiBUBHGuHRYbUpa2aLR2KLRmNquR4SJyOlRgCoiIiIiIiIDgu/17/R0z549vPLKyzQ1NbHoj39gx47tXHjRRYwcMarDsa7rctsn7uDRX/2cNWtW4zgOa9asxvd95s6dR05ODgDf+Po3iUTOZBb7M2AttvkI1JZja/ZC5Wb88i34lTuxdTXYaANYH+MEIBjGyR8EBSMwpWMxgyfC4Ak4BcOgcDgmUkDrZKoDmD/mQtx1T2S6DJGsowBVREREREREBgTP79/zn+bk5JCXl8eRIzUUFhayZu277Nu/h7nnns/cuee1hqJJI0eOYtKkKWzZsonly5cxdOgwzpt7Pqkz+WUiPLXRRuzB97C738Y/uAn/8G6oLYdoS0ptBohftl4LRFvwGuqhYh/seAccBxPKhcLhuEPGYUZOx4y7CGf4dHA7zvc6UHjjzleAKtIDFKCKiIiIiIjIgNDfO1CHDBnCxRd9iEV/fIKcnFymTp3O228v58WXnmPHjq3c8rFPUJSy+FNubi4zZszgg/37uPhDl3DhBRcTCoVxnJPo1PQ8bEMFRKPxeQ+CQcgpxgQjnEmnpz2yE3/JD/D2rMdvqMP4flpomqotRAWwWExym/WxzfVQsZ1Y5Q7Y9Bom+DOckVNxL/osZsKHMYGBF6T6I+dkugSRrKRFpEQka2kRKRERkc5pESkZiKyNLyDV33mex2O/+w3btm3h8suvYPiwETz3/LPU1FSTn5/PNddcx7SpM8jNzQUgGo0CEAweZxX7WDP2aDm2Zjd27yrs3nexVXvxjtWAF+/aNQEXE87F5JfCkMk4I2ZgRkyHgqGYguGYcD4Y5+ROwvrQdAT/8E7s4S3Y8u3Yqt1QX41tqMU2HYVYE9bvKlhNjzFMImu1rce6w8bhnncnZuIlmOIxJ19bf2d9ch6cBw01ma5EpF850SJSClBFJGspQBUREemcAlQZiLyYpaXFy3QZ3eLYsWP88tFHqK2t4aqrruPtFcupqDyE53m4rsuUKWV89MZbKCoqOu79WC+GPbAK/73F2P3v4R3eDbEYbQFl+w7QVsYkulLDuIWlMHg8zsjpOFPnY4ZOA+c0Brt6zdhjVVBXiT16EA5vx9v/HrZ8M/7RqngZreXYLkpLDVotxg1ihozDmXwJ7pxbMSUTGAjzpIae+AvcrS9nugyRfkUBqogMWApQRUREOqcAVQailhYPL5Y9H383b9nEY4/9GmstxhiuvPIqSopLeHLRH5gwYSILPvYJ8vPzu7y9rT+Ev+T/Etv4KjbWDH4yo+yku7PTEBWwiX3GYBwHAmGcs2YQuOwvMWMuPLMT9D2sF8VEj+EfWIVd+wyx7cuxTY1t9XRRWsdaHZySUQSv/jtM2bVnVlc/EHjnFwSXfDfTZYj0KwpQRWTAUoAqIiLSOQWoMhA1NcbIpk+/zc3NvPjSc7zzztuUlg7h7s99gaKiQdTX19Pc3MTgwaWd3s4218HuZURf/THeoe2YZDdpOycaMp9ynLHxKUmhbX5SY3DHn0fgos/CqHMxucVndrIQr7GxCn/76/gbl+CVb8EerQDfo32Smn6Z1hqNcXDPvobAh+7FDp6EcbNzWRhTsZHIz27MdBki/cqJAlT329/+9rd7qRYRkV51rKEp0yWIiIj0Sfl5vb/qtkgmWQuxqJ/pMrpVIBCguLiEzVs2U1t7hFAoxJizxhKJRFrnP01nj+zF+/NDxJY8iK07DCRDT+LD8hOX28elyVjUdBz8bkzb0PrWIxP3UXMAu/1NbOU2TG4BZtBZicc4TcZAMBczbDpmykdwx8zBKSyFhvi8qe2rNu0vt161+BW7sPvexUQiMKQMk41zo+YOJrj61xDV5yGRk1U+8+7j7leAKiJZSwGqiIhI5xSgykBjfYvnZVH7aUJeXj7Dhw3n3XdXEgwEmTJlKqFQ5yvP22OVxP70DfyNS7FeNKVHMxl6dt1lajpcil+LXzXxIfzp4agBG23GHt6Nv/U1aKjAGT0HAuHTPNuUu3aDmKKROGfNxSm7Ajfk4B/YmOhGjT94u/NrV5rF1lfh73objh3CGTMP3M6fs37LGNwdr2FqP8h0JSL9hgJUERmwFKCKiIh0TgGqDDSeb/GzMEAFKCkpIRAMct7ceZSWDul4gO9hyzcQ++3n8Q5sBevTvle0I5M4IvWYrntH04bMm+T8pKZtsaloM/aDDZjKjZgR0zC5g0/jTDvhuJhIEWb8JbhTL8XUfoCtrwI/llJ7eoCaEIvhf7AB6vbjjJ4Noa7ni+2PnANrcQ6uy3QZIv3GiQLU7JzwQ0SEtp/XREREpM2ZjKAV6a9sdo3e7+Dyyz7c+Q7r4+9bSWzxd/Crytu2n9TiSxbjuJi8QigYEf8ezAMnDH4DNDdA41Hs0Qr8htpE96dNu9+2K9a3RDf/Gbe2nMBVX8eM/xB04/B5M3Qm7oJ/x6x7Cm/ZL/Bryk9wCwvW4K1/GetbAtf9IyYne+aHtiUTM12CSFZRgCoiWctxHDwvy39aFhEROUWu62a6BJFe5w/Q36rbI3vxnv8efuXuti7MTp8K0/bNWnAc3HFzCcy+GYbPxEQKIRDCOgHAweCBF8PGWrAtDXBkL/bAWuzWpcTKd4KXPh+pJTlZqndwByz+Du61D+BMuqJbf6tjIkW4534SM/YCvCU/xNu2In4+reWkJMeJc7WxKN6Gl6CxisDH/xMTLuy2ejLJDhqd6RJEsoqxdoC+k4hI1qs+Uk80Gst0GSIiIn1KKBSguCi7hqqKnEhTY6zfjUxqamricFUlg0tKCYfDOM6pdWvaY5XEfvMFvIPbiM8JatuyStvJSvUkgtOhE3Cv+EucyVeDc4q/cLEWW/4+/ton8Da/gW2shWgLncUObslwgrc/BMOmntpjnGwpjUfwXv4B3roXsdHm+DZMyuyo0D5VNgTP/wTO/K9jQnk9UlNvMlU7iPzPVZkuQ6TfWHvH68fdrzlQRSRrxWIe0Zh34gNFREQGkHAoSDgUzHQZIr0qGu1/o5L279/HTx9+iPq6esaNG9/l4lCdaqjCe+E7eDtWkTITaGKOK1LmBE3OD2ox4Rzc2TcRuP6bOKPnnd7wemMwBcNxJn8EZ/pVmIISTKwJW1eZNo+CwTbWYz9YgzvpIoh0/9B5E4xgxswF24w9sBF8v20RLJMyu2vrQlhga/ZhCkpxRszo9np6XaSI4LL/0pxmIifpRHOgdt+EIyIifYw+HIqIiHSk90cZaPpjfhSNRqk8XInv+1QersDzTn5UlfU9vNV/ILbxdTqM1+/sybBgwnkErvxrAtf+A2bQ+DMrPsEUjcY5/27cTzxI8OM/JFA6Blr7P+NfvYNbaVn8XWy0sVses0MNOSUELv8yweu+jgmGsNjWwLj1j01+B9tQh/f6T6DuQI/U06scF1s8LtNViGQNBagikrVCIU3zLCIikk7vjzLQ+H7/S1APHjzA0qWvAHDgwH7eePM1jhw5QjQaPeFtbdV2vHd+jfVakltIaztNyVUtxjEELvwk7nmfxgQi3XgWJBahKsWZdj3u535NYM4NOOHc1COwe1fjv/9kzyXdgQjO7NsIXPp5nEAo8XSkdKCmTQ7rH6kk9qdv9Fio25v8wRMyXYJI1tAQfhHJai3RGL7f/4ZsiYiI9IRQKEBO5BSGAYtkAd+z/S5ErT9Wz7H6Y7REWzh27Bj79u3j/XXvcaT2CNa35OXlEwx27Ca30Qb8xf8H74OtpAampnXxpPi21kvGITD3FgLzvwZuz3anm1AezsRLcQpLsVU7sY1H45V4MUysCWfShzChHpqf2XExpROxVduxh3fTLkxuq5DWELXmAE7xUJzhM7p1kave5hxYi/PB2kyXIdIvnGgIvwJUEclqvu/TooWkREREAMjNCRMMqgNVBhbP738BamFBIRMnTmLy5DKGDh3G0aNHqK6u4sCBD9i+Yxt5ubmMHn1W2q0srP4tsRWPA+0jwvYRYLz70jEOgUkX4H70nzHBXHqFG8SMmIkZXoY9vBVbfzg+dL72EO748zElPTfk3ITycEafA9tewTbW0Tb/a0fWgGk8ijPhQkykqMdq6mnOoU24u9/KdBki/YLmQBWRAS0vN4J7iiuWioiIZCPXccjNCWe6DJHe17+y01bhcJjhw4dz0UUXc/+Xvsydn/wUI0aMxFrLrFnndDje1h2iZcVCrPVJnrRpWzYp9cj4tpx83Ev/FybcQ12fx+GMOZ/gLT/ELR0bX6zK92H1b3v8cc2gswgu+BcIRUjOe9q2s21Yv7EG/8B6/B1/pt/+BQIIF2a6ApGsoVRBRLJefn5OpksQERHJOL0fykBl++MqUmkcx2HmzLO5957/xac/dTeRSNpcpb6Ht34xHD2Y2JAYjt7l6HOLO+1KGHl2zxV9AmbwRAJ3/Cfu6JlgDLFtK7AtDT3+uHbIDAJnX4dx3GQl8T/WEv8PwGJjMfxNL0Av1NRTbKQg0yWIZA0FqCKS9SLhIAFXL3ciIjJwBQMukXDPzm8o0lf1x/j06NE6KisraG5ubrc9FAoxduxYXNdtt902VsG217DR5PG23bd0JhjGvejzmEBmu9JNySQC138TZ9gEbNSDmp09/5ihXJwZ12MKSkhfQCqdt3s1/qFNPV5Tj+nmRcFEBjJNgCQiA0JRYR7VR+p6bHFPERGRvsoYKCzspfkNRfqifvTzX3NzM79//DG2bImHdsYYpkyZylXzr2bkyFFd3s5W7sTbvTpxrW0xpNbrhsQq9/F9wbnXYkon9cxJnCIz4mwCF9+Nt+x/sA3VXTfNdiNn3EU4I2bi174Gia5TYwwmubyWBbAQ87BvP4wdfS7G9L+GDJvhgFwkm/S/VwARkdMQCLgMKuz9+Z1EREQybVBRPoG0bjUR6Xs8z+OZZ55i69bNFBYWUVhYhOM4bNmyiUd+/lNWrnq7i1ta/HV/xPo+6eFp66D01i4Ci8ktxLnyH3r4bE6NM+sWgvc+hzP+st55QOPiTv9I29XkBUv8uUrZENu0DOrKe6eu7qY5UEW6jQJUERkwQqEAhQXqwBERkYGjqCCXUFCDzmRg6y9zoDY0NFB+6CChUIgFCz7O7bd9klsX3Ma5c+YC8Pzzi6mvr+9wO9tUh7/hlcQiSF2fa7zL0sGdMR+CfayxwDjg9PIvesquwuTkpWywnV62MQ+768+9VlZ30hyoIt1HAaqIDCg5kRAlgwowpjcGB4mIiGSG4xhKiguIREKZLkUk4/pJfkowGMR1XVpaWvjzm28QDAWZPXsOH/vYx5kyZSpNTU1UVlZ2uJ3dswK/qYG20K/t51yDaV1c3mDACeBMvqpXzqevM+EinCETaXu+TNtla9quOhBb/wLWa8lInWfCqgNVpNvo19EiMuAEgy6DSwo4UnuMWMzLdDkiIiLdKhBwKS7Kx3H0y0KR/iQSifChiy9l8XPPsH3HNrb/1zYKCgrJy8ulurqavLw8RowY2f5Gvoe/9onEMH2Ix6TJuU4B0zanpzEGUzIKUzSsd0+sD3MnX4S39734Fdv6JeV6/IKpr4H6Ciga3bsFninNgSrSbRSgisiA5DoOg4sLaGxq4VhDE57nZ7okERGRM+K6Dnm5EXLUdSrSb82adTa5uXmsXbuaHTu3U1t7hPr6OoYMGcKVH7mKSKR9IGab6/AO7Gi9blK+xg9o/YIF3GFToHhMD59F/2HGzgPzP4n5DWwXMyAYbGMN9sh+jAJUkQFLAaqIDGg5kRA5kRDNzVEam1poiUb7zTAvERERYyAUCpITDhEOBzNdjoicIWMMkyZNYty4ccRiMZqaGvE8j/z8AkKhjr8cMccOg9ecsuUEP8jmlWBCecc/ZgCxuaUYx8V6KaPSDG3zPhgAi99wFGoPQmp3r4gMKApQRUSAcDjY+sEzGo3REo0Ri/l4nofn+fhKVUVEJMMcY3BdB9d1CARcQsEAQS0QJZKVAoEAgUCASCRy3ONszW7wWuLzm8a3dH4ciflQI31s8agMM8E8jJsIUJNPXWdrScWasLXl4Pu9v9jVmWg6mukKRLKGfuISEUkT1AdSERERkaxhTN9cSCoWi1FReYj8vHwKC4tO706O7MNGm+my87Q1VzXgGExh8ek9TpaybgicxNraJvHF2kQXauqBxIfx+zFMPwpQTbMCVJHu4mS6ABEREREREZEe00dHXB87Vs+vfvVLnn/hOZqbm1my5EWef/7ZU7oPv64GvFjbBtP6hdSNBjAmAOHSM6w6yxhD6/Nl4+Fpp1G0tdjGOvD71wK0pqku0yWIZA21WImIiIiIiEjWiq9L3/daUK21NDQcY+fOHWzevIlt27cRbYkybdquDse6rsuoUaNxnJQeKOtjY00YY7E2GQK2fulw3VofbLSnTqd/8qJgfUj8DWmNU9OeQgPQVN3vAlRizSc+RkROigJUERERERERyV59tAM1HI4wadJkNm/exOMLH2vd/tOHH+pwbF5eLl/9ygOEw2mrqls/JSTt2HkaH5EeTwON9aGxulvPod+LNWL9eAev6TBun8T2ONvUkAhb+xFPAapId1GAKiIiIiIiIlmrj+anRCIRrrv2BgoLi9i+fRtHj9ZirSU3N7fDsZ1ti0/MSdt8ncam5X+p1038at2Rbj6Lfq7lGDbWSVdpepZqAM/vm5PpHodpqs10CSJZQwGqiIiIiIiIZC1jOu8szDRjDEOGDOWWmxfQ3NzMU0//kebmJj79qc+d7D1gXBesac1PU0PUdkPSsfE/zQ3dfh79mSlf3RqKWmMxx5sKwXpYbJ8N5DujOVBFuo8CVBEREREREZEMCoVCXH/dja3D7U+GxWCdYEq3ZPuOU9MhNLbYhmpsyzFMKK9b6u7v/D3vJy6ZRJBq2xbiSn/6jNMXc/jjaz6a6QpEsoZz4kNERERERERE+ifTD1oGjTHk5+dTUFBwSrdx8gqxjttJV2Tnc3n6lduhdv+ZlJpVvINb2veUtuaoqf27if2ug3H6V4RimhSginSX/vWvX0REREREROQUGKcfJKinq2g0JhAmuYr88RokrQVbsx+OHOyl4vq4WBO2pjzRqWvji0ilNKDGr7R1pZpIfrwLtR8xVTsyXYJI1uhf//pFREREREREToGTxQGqKRwBTjB+meMsmJWc2jPagn9gTW+U1ufZD97FtrSfE7ZDAG2hdTh/pBjj9q9ZEJ2qnZkuQSRrKEAVERERERGRrNUfhvCfLjNoFDihzvbQPk5NJqgW/72nwfq9UF3f5m17s22ofspfko5dvPEtJlIAxu2t8s6c72Fqdme6CpGsoQBVREREREREslrWhqjhQpy8/JQNnQWnKQskAV7NIfx1C3uvxr7Ia8GWb227bsGalGfOpv2FcRycvGJw+k+AauoOgu9lugyRrKEAVURERERERLJaf58H1VrL/v37qK6uar/dDWOmXJq6JeVPitTTt5bYS/8BTUd6qNq+zx54H78qtTvTtg3Xh/jcp6lrSwWCkF/ar+ZANRq+L9Kt+s+/fhEREREREZHT4PTjFtS6ujpeXbqExxf+jjVrV7fbZ4zBnfnR9ivJJ7SLUNM6Kv36o3irftcD1fZ91vfwD6yHusPJLQCJxaQS3copGbQFTE5hfLqEfvT3yDmsBaREulP/mgFZRERERERE5BT1o8bBdqqrq3jk5w9TU1MNQHl5OdZaTGqQVzKBQCSM19xMIu5rW02+nZTuSsDf+ALOzGsxg8b38Fn0LbaxFn/Ds9hYNB6I2kRS2hqcmvbdp9ZCTjEUjcpEuafNVCtAFelOClBFREREREQkq/X1DlRrLVVVh1n73hr27d1LTm4uEydOYvHip4lGoxQXlzBxwiQuv/zD7cNTwAQjOOfeirfst4kNiRA10UKZ7K80yWsWMAavfAfm/cUELru/l86ybzAH1uAf2B6/YlP6dG3rl0THbsq+3GLIK+2lCruHU6UAVaQ7KUAVERERERGRrNbX50BtaGjgT08tYteundhEqLdx43pisRhlU6Yy/6qrGTZ0ODt37aC5pZmRI9p3Q5qy+Zh3Fsa7KluDwHgI2BqcYlJzVazv4S1/FHf0TMyED/fSmWaW31JH7KV/Ba8lbU9aYJrGnXIxJpjbo7V1N3Pkg0yXIJJV+ulABhEREREREZGTY0zfnr6ypqaanTt3EAgEuPGGm7nni/cxfPgIAAaXljnUDN4AACAASURBVLJp4wb+5Yff45e/fIQlS14mGo22u71TOgl37Jy0e7VYTPv5Ua2hbYi/wTYeI/q7L0Pt3p49wT7Cvv5j/Mo9WGziL0TyT1Lyevsw1Zl0ed/+C5TGVGzE1O7PdBkiWUUdqCIy4Bxe8yQP/n435THIGVnGvffcyMzCTFclIiIiIj3JcQ1erOsuw0wyjsEYw9mzZjNz5kyqqqooHTyE/fv3sWzZn1uPKyws6jzHyymGs+bCrnfB92kLANPPN/V6/I78aAvRZ/4PgZv+GVM4ohvPqm+xB94jtuGlxBVa54Jt1Zqb2nYb3JGTobh/zRPr7n470yWIZB0FqCIysGz/E995Isanvvk3nF8ItWue5Fs//BNf+v4tlGW6NhERERHpMa7j4OFluoxOFeQXMGhQMTt2bqfmD9VUVlRQf6wegFAoxJizxjJ58hRGjRpNaelQgsFg+ztwXNwpl+OvXoR/tCLt3tPnQ+24wJS/+11ir/47gRu+gwnmdPfpZZxtrsN76xFsbWXKxtQjkotJpW6MX3Yv+DTGDfVCld3H2bsi0yWIZB0FqCIyoGxZuZsJt9zH+YXxl7+iOTdz+8r/Ztl2KJuU4eJEREREpMc4bt8dgp2Tk8uUKWW8/fZyjhypAaC0tJTZs+dyztnnUFBQSCAQwHG6noXPjJiBM3oy/sZDbduAtvlQ29j4AP5EtmqwsSje+8/j+A24H/tPMNk1259d8TDe5lfBenQ+32nK9cRzAhanYBBmYj+bH9Za3L3qQBXpbgpQRUREREREJOsl50G1fXAUfzAYZMrkKVRUlDNy5ChmTD+b0aNHEwh0/ZG9sbGRnJyUblETwL3iq3jbV2Fbmjq9TSI2TUwDkPZk+B7R918F/g7nqgcwBUPp2Kvav9iWRvx1TxJ74+dYz09u7fxgY+ILeCVyZRwHd+aNmNziXqq2e5jKTdB0NNNliGSd7Pq1kojICZTNG8fOPy3ireoYEOPwykU8vmccF59k9+maX/yIb72SPixqPT/5ysM8f6jTm4iIiIhIH9GXu1AnTy7j05+6mxuuv4lx48Z1GZ7W19ezbNlbLF78DBUV7X8ANaWTCVzwSYwxnfZYthvI30WSHNu0FO+5f8JW7TqT08m8aBP+moXEXv0x1vNIJqOdnrVp3U0yW3byB+NMugSc/tV3pvlPRXpG/3olEBE5U5Nu4buffpZ/++GD/DIGgaFlfOkbN2r+UxEREZEBoC/PgxoIBI7bcQqwbds2Xl7yAuXlB/F9n+HDhzNkyFBMcmUp4+CcdydsfAmqPkjcyqR8Teo412frtWgLsc2v45dvJfCx7+KMuehMTitjvLd+Qmz577AtDR32dZgLtvUpSCSp1mKGTYFRc3q8zu6m+U9FeoYCVBEZcIqm3sh3f3hjD917Ne/87kl+seooMVwGl53L39x7GSOIsfeNhTy4+CBHY1BYNo+v3nsZI6jg+R/+mp0z5xFduZINY6/hL3mRRQXzmLJjNW9UePGQ969vZGYO1G5+lp88sZ1dNR4Ecplx8818+eKRcOhlvvV/q5l9/TGWPFdDLFDMgnsuo3bxs7yyN34fX/67GykLAkc38+uHXuCNCg8ChVx29518empeDz0fIiIiIn1HX+5A7UosFuPw4cO89dabrF6zCmsteXl5TJw4mbKyqW3haYIpHElgzseJvfYQNtZCp0tHpbVhxmdJTVlsyvp4NQfg8b/FveJLODNvxkQKe+oUu431PajZi/fq/yW28fWOXbY2MX2Bhba5UJPhM23HOy7uvE/2i3NuR/OfivQYBagiMmBEj27n9aeW8fqOasrrkp0HLoVDSyi76GJuv2gSRcHj3sWJbV7Kw1tG8MCP7mECTexdsz3+2Oue5N+Wl/DV793JmGCMvYt/wX+9MpXvXhm/2drNDXz1r+/jSyV5rP/Fi5Rvrub2v/4yny6s5vkf/YJFyy5m5pUlFI08n7u/cSMjgkD1Ur7z/TdZc/HtxH83fpDykrt56EdF7Hzix/zgoaUs+PqXeXjYPn7/vYU8ufJS/vfFzTz/0AscvfpuHp5TBEff4yc/fJY130/eh4iIiEj2Mia+PpL1T3xsX3DoUDlr167mvfff48iRGsLhMFOmTOXcc+cyaeJkrLXs2bObsWPHtd3IODizPoqzZSnevvdTttvE4kitGxLfbdr35DB2i3+sFvvSv+Pufw9nzsdxzjqvzw5pt7Em7IZn8d75Hd6BzV1Pdms7XEgRf04C51yLM+HSniizR2n+U5Ge0zdf+UREutnhlY/zgyeOMvOGK7jn46MZkxNJ7Gmi4YP9LHtjKX///Xf51F/fzodKzuCBRp7FlMZ3+P0Tb3DTvJmUzZlJEFi/dj+NFfv57t9vaDt2ZgUwFIAZl32YspJI667Bc85nZiFACcNLYN/eA0AJDTXv8fhDW9hS0UwMgELKW6e+GsG8OUUA5BSHYeg4Zg8DOIuyUbChsRmqN7CywmPfb37GPb9J3q6QCYeAYWdw3iIiIiL9RMB1iPp9O0E9duwYK95ezrvvruTo0Vr8RL2hUJjz5s5j8uQpVFdXseSVl9m5cwe3feIOJkyY2Hp7UziSwLXfwP/5p1MWT0qVuhJ9cmmpzvaBbWkm9v7zuDtXYmddg/OhezG5pd19yqfPWuyhDcRe/Q/8ve9jm4+lZaPtz9ViO5nOoC1MdkpGELjq7yEQ6vHSu1tgw7OZLkEkaylAFZHs98EL/Nuf4PZv3sP5HUbhRMgdNYn5n5zEvDWP863/eoER/3AtE45zdw11ze03HDpIOS4zc4DC8/na98rYueM93nnxSX6yp4QvffvW+HGzb+DhT09Nu7f4glTBSKTd1mCks5fnal5/4n2qZt7G/7vhLIJH3+Cf/2lL+9sdp+42hSz45j1cdyZBsYiIiEg/5QYcotG+G6D6vs/b7yxn6dIlWGsZMmQoc889j/Ub1rF//z42b9nE3r27efPPb9DS0kI4HGb16nfbBagYgxl1LsFrv0b0pQex0aZEhtix2zTemdq21aReSQaLvo93tALvrV9j3n+WwKX3YiZdjlM4EgLhnnw6uhZtxNYdwl+3CO/t32Mb6+MLZSXKbwtJkxtM61Xbbn/bYSacg/uhe6EvBcQny1rczc9lugqRrOVkugARkZ62c+V2Bt9yYyfhaXtFc27k9pLNvL6962Nmzh7B0ZVv8lZ1vP+TaC3vPLeF8jGTmF0IHNrOmuowE6Zexh33zufi4D5W7oGymSNg82peT9wuWv0Obx3ncTrnkhuIfw8CB1du4ZTXRi2ZxJTioyx7dTu1ANSyZeV6Dp7q/YiIiIj0U8aA4/TduVAdx2HypClMnlzGFVfM5647P82ll17OddfegLWWt99eziuvLsHzPMaPn8D119/I9dd3Pr+/mXUr7qxrMG76L+db15vv7FZpu9MWmaqrIfr8vxL7/V8Se/VH+NtegaaaDsf1mOY6/G2v4r36I2K/+SLR136G31CHtTZRQ/JPKtO6OX5q6eceP94p+zDutKt6+gx6hHPgPUzN3kyXIZK11IEqIlkvpyDM1t//N/f8/mSOLmRBQdd7g3Nu41uNT/LLHz3IL5sAXAaXzeCBey+jCIg27eP1Xz/Lf9V4gMvw8+bz1UkQ5GYeqH6Kn/7wQX4Tg0DxCObfUXaKZ1LE5XfM452Hfsc9r7qMv34Gs9l9ivdxFnf85Xx+8Ytn+fuveMQCLmfNvpR7ZnOy7asiIiIi/Z4bMPgtvRT4nYaRI0dx64JPkJeXh+/7rFv3PktfewWId6jm5uZy1fxrmTZ9OgX5BR0WkkoykQLcS+7Dlm/FO7ApZU9KD6ZtW0ypi8w07U4B6+NX7sav3IPz/rOYQaMwky7CnXUjpngiOO6ZnH5H1mKrtmE3vYC35TVsTTm26Sj4fqLl1LQe1/kzkTym095TMOAWluBecT/kDu7e2nuJu+mZTJcgktWMtV3NrCwiIiIiIiKShSw0NsYyXcUJ1dXV8aenFrF580asteTl5TFz5iyuveYGwuGTHzrvH1pH9Ff3QkNtolMzNUS0KTOEJr+mDvGnff4I8Tbe9jdqPcYZNpFA2SWYsedhiidhQ3nghuNdsI4Lxu0QsFrfw1gfrI+NtYAXxUYboGYP/u7l2C2v4Vfuis/nmvrYndafXnh76cca42DyBxH87KOY0kmdPn99nrXk/L8L4NjhTFci0m+tveP14+5XB6qIiIiIiIgMLIlh/L7ft/uJ9u3bw6ZNG8jLy2PSpCmcP+8Cxo4dh+Oc2mx8zrBZBO94kNjT38ZWdpwEynRyqf0BiTAyNSztLLa0Fr98Oy3lO8A8ipOTD0UjoGAYTuEQyCnChPMgWIRJnIO1PsSOQXM9NB7DHjuErS3HO3IQGo6Ab1P6Rk27jtPkpfb1pyyA1clZpZ+hKRxM4Oqv9d/wFHD2vqPwVKSHKUAVERERERGRAaevD+MHKCubxvz51zBq1CjGjhlHJG3h0VNhRp1H4OqvEHvu+/hHytO6SdO7UlOS0nZhafqdgvXb1mdKjyf9xnpo3AoHt+In9xkwjts+3LQ+1m8/d2lqRR1j3ZRbt8tMbSfHHIcbInDJ3Thl/XPe0yQN3xfpeQpQRUREREREZMAJuA5R/EyXcVyu6/KRK67slvsyjoOZfCXBa1toeuJ/Y6LNYGxbRkoyi2y71hajGkyyAzVlzlQsGAda78G2haRtd5wSfyYfz/Nab5P8P9ChMzTlcltF7ecSMKnFd5hrILX+5NyohmQ/q3EDhK65H2fe5zp59H7EixHY8lKmqxDJeqfW9y8iIiIiIiKSDQw4bj8Ozk6TKbuO8F0/wRk2kWQkEB8Gnxqjtg2RT5tuNP7FmPSx8+2l3LDtYscB9yddc+oCV8e9eWfznrbvSjXG4BQOJnjdV3HmffG06ulL3B1LNXxfpBeoA1VEBjytpSciItmmqxW5RaS9YNCh2fMyXUavc8ZdTOCj38Z7/vt4H2xKGS7f1qnZ1rdp08JV29aAam0i2ux8waaTDSeTr1nWpka36ffZbgLWtOup3afJ3Ta11NabOLmFBK76KmbqNalzD/RbgeUPZboEkQFBAaqIDDjpgakCVBERyXYKVEU65zimXywm1ROc0XMxd/0P/PoLeAe3xzcaEvOhpg6Bjw97N6l5ZnKkvjEpCWXng/BN6hyqyZ+7TaLn1YIxyTu17e7BGts6E0D77DQZ7iZqTH19sx0D17ZAFtz8YgJ3/Tdm+NnHe2r6DWfP2zgfrM10GSIDggJUERkwkkFp+vf0/SIiIv1VWxeXbXc9fb+ItAkEHVqaB14XKoDJHULgC0/gLH8Y790n8WvLae3mTAabyalPrWnrRLVpqWaHuU7bdnUq+RoFbfOmpnScWto9PNiUcNWmB6Om7TUvpQZrkyGwxQRCuGWX4V75d5iS8Sd6WvqNoLpPRXqNAlQRyXqdBacnClPTbysiItLXdBWGJrcbEw8VOjtOQapIG9cduF2oQDxcvOiLmDHn4r/+X8R2rkruSevo7GxuUdO++7STDtD0W5t2+21qbtp5fa27u3jdsraTPW1drU5uAc5lf0Fg5kchf2jXD9TPmPL1OLvezHQZIgOGAlQRyWrpYWn6n+T29NuIiIj0J6lhaWo4mryeuv14warIQDWQu1ABCIRxxl6E8+kLCLz7KC2vPITfWN9uRlTTYY7RxPfUhaVadyQ7SdvCzXbBqbHtw9bW+zKtmaxNdLa2X0DKJjpQO5tPgMQkqvFpBRzH4IwoI3DzDzBDp572U9NXBVc8nBZYi0hPUoAqIlmrs8DUWkt5RRXlFdUcrq6luuYo4UiI8kNVmS5XRETkjAwfVkJzU5SS4kIGFxcyYmgJQ4eUdAhR08NUEYl3oZr0hsuByDgw93MER87FW/kb7K638Y5UpuxPGVdv014/WvPV5MpNNiX6bN/J2joVKnR80m1y4SraDkpOGWA7u7/kpkSfquPA4LEEZlyFe96dkJc9XadJpnoX7ubnM12GyIBirFqtRCQLpYemvu8DsHzVepqbo+TkhBlaWkzp4EEMLi7KcLUiIiLdo6qmlsqqI1QePkJDYxORcJB5s6fiOE5rcJp6Ob1jVWQgi8V8oi1+psvoM2ysCfauxFv/LN66F/GjLW1zoKZ0jNrUPtXW7W2doCn32MmjnGiy1OPpOAWAUzAYd84tONOvwwybFg+Es1DwhX8gsPqxTJchklXW3vH6cfcrQBWRrJN8WfN9vzU8ratv4NmX3mLmtInMPSf7hvCIiIh05t33NrNh806uu/IC8vNyW8PT1O+gTlSRpKbGmLpQ03ktcHgr0aUP4m9bgfVipLaHWpvsNE1bWKrtkA6b2jveJKid7Gvd1HbHJhwmMOta3Evvx+YPx7hZPNi2voKchz4M0aZMVyKSVRSgisiAk9p1mgxPX1u2hvmXzaOoMD/T5YmIiPSqI7V1LHljJZdfdE5riJoepCpAFYlTF2rXrB+Dg+vw1y7C27sWjh7CNtdjk09X61D75GXTmnOa5LD+1n2dPULq65Btf6DpeJwJ52IKh+OMOxd33p2Y0rKUeVizl7pPRXqGAlQRGVDSh+37vs/v/7iEW66/XOGpiIgMWDVH6njmxTe59cbLWwPU1CBVIapIm+YmD9/Xx+QuWR9buwf7wXr8fauxe97Fq9wNsWgi20wJPjubszRtU1uumtrF2vH5t4BxXUzxKNxx8zBnnYsz5hwoGodx3G49xb7KObiO8KMLwB/AC56J9BAFqCIyoKSHp8tXrSc/L1fD9kVEZMBbuXYTx441MG/2VFzX7TREFRHwfUtzkwKqE7IW6zVDSz1U7cHf+Tr+1tfwD+3GJsNUmx6GdgxHUxtT49fjc6kam+haDQRwh03AGX8BTP4wbulkbCgfE4qQ1pqa3XyP8KMLcA6uy3QlIlnpRAFqFk8MIiIDTfrCUYcqq2luiXL5xQpPRURE5s2exouvrqDicA3Dhw4G2t47kxSiioDjGAIBh1hMQ/mPyxhMIAKBCOSW4p41F/eyL0NDJX75JuzBDdiK7dij5djGYxBrxsZiWHwcfKxvwXGAxC9w3CAmGMZE8nCKhsPgiTgjyzAjZkHusHbD8wfiK1Vg1a8UnopkkAJUEck6yQ+DBw9VkROJZLocERGRPiMnJ0JFZQ1DS4tb50C11io4FUkTDClAPS3GgbxhOBOHwcQPx7d5zdjmBky0DttUj4154DdjrI91gmACEHAx4XwIF2KCEXDDA2I+05PWUE3wzf/IdBUiA5oCVBHJStZaqmpqmTB2VKZLERER6TOGlhazc/f+diM2RKRzoZBLS4uG8p8xN4zJDQPFmKL23aOKSE9O6JV/geb6TJchMqA5mS5ARKQ7JT8MGmOoqj5K6eBBmS5JRESkzxgyeBBVR462e79UkCrSOTdgcBxFfJJZzu7luOueyHQZIgOeAlQRyQrpH/583yccDjG4uCiDVYmIiPQtg0uKiIRDre+Zqe+dClJFOgqFB8bq7tJHxVoIvfiPma5CRFCAKiJZKPnhr7yiKsOViIiI9D3lFdUAGsYvchKMgUBQH5slMwLLH8JU7ch0GSKCAlQRERERERGRLgWDjobyS69zdi8n+Of/zHQZIpKgAFVEsoq6aERERE5O+vB9EelaOOxqxSPpPfWHCT/1N2D9TFciIgkKUEVkQLvnKz/KdAkiIiK9ToGpyCkyiRBVpKdZn/DTfwPHDme6EhFJoQBVRLKSPhiKiIicmN4vRU6e4xjNhyo9LvDn/8TZvTzTZYhIGr36i0jW0YdBERGRk6f3TZGTp/lQpSc5B97XvKcifZQCVBEREREREZGTFNJQfukJTUcJ/el+zXsq0kcpQBWRAW/9o1/n0fUdtvLo1x+lw2YRERERGdCMUYgq3S/07NcwR/ZnugwR6YICVBEREREREZFT4LqaD1W6T+DNB3G3vpzpMkTkOAKZLkBEpO9rZMuiH/P4+kYAcsoWcN/tMykAKpb/jEdfPkAjEBx5FV/44kUMrVjKvz5aw4UTd/D8qhw++tXbaHrkUWounMiBP2+hurGRnNl3cf+CMnKAuvWP87NFW6gDoIRL77ufK4bGO2PfHXIdje+toKKxkZIr7mMBT/Poigrq6nK48Atf5qaJQeiqjow8VyIiIiIDQzDoYH2L52keYTl97ro/EnzzwUyXISInoABVROREDrzMooor+No/nhcPPA8ciG/f8Ti/PXgVX/7HsQSBxlU/49HlM7lvIlC5hQM33c8/LygAKlhKJTvqPsvXHlgA7OHpHyxkRcXXuGIoFJQt4P5/DBIEqHiOHzy9iku+eF78ISqLeeCBB8hhPY9+/f/judv+iQceyIE9i/jOM6u44v6LKOiqjosKMvBkiYiIiAwcobBLc5OH7ytElVPnbl1CaPE3Ml2GiJwEBagiIicypIwxFYtYuBQuKZvBmJEjCQI7Vm2gcsMWfpA6UerMAzARKD6HK8pSA8xiZpyX7Akdy4SRlbxbAQyFxgMrWLhoKXvqggSpoybnKmoSR048ZzY5AAxlzJAhMCZ+jZxichqbaAQquqqDsm5/KkRERESkvXBEIaqcOufAe4T+9FfgxzJdioicBAWoIjLgBQNAh59bYkAg3hUaLOOuB75M9YG9bFjxCL/dMYbPfu0mAEZe97fcn97pWXEAAjlp9xcgfUvcHl5+dAVDvvgAnx0ZhIql/Ouj7W52UjqtQ0RERER6RTji0tQYwypDlZNgavYQXvh5iDVnuhQROUma9VpEBrwJ58xgx9LnOBBNboly4Lml7JhxDhMAGqupaMqhZGwZly64jfNiW9hZARNnz6Diz29SkbxZ3Q72VHT2CCcSoKAgMZfpqlVUnuKtu68OERERETld4Yj6k+QkNNQQ/v3noKHmxMeKSJ+hV3gRGfCCM+/kvrrHePwH30ks5AQFY6/ivjtnEgSiNVt4/rcvsye+hhQ5M2/n/qHA0AXcd+GjPPKd7xAFCI7k0jvHMLbzVtMujOWq28fy4//4DkvJYeTMoQw51RMo66KOeP+siIiIiPQCY9qG84t0qrme8MLPY2r2ZLoSETlFxloNMhCR/s9ai7UW3/fxPA/f9/nZb5/lr774iePe7p6v/IiHf/SVXqpSREQk8/7zZ3/gM5+4Gtd1cV0Xx3FavxtjMMZkukSRfs33rUJU6ehYFZHH7sJUbs10JSLSibV3vH7c/RrCLyIiIiIiItJNHMcQyQmg30VIkqnZQ+RXH1d4KtKPKUAVERERERER6UbGoBBVADCVW+PhqYbti/RrClBFREREREREekAkJ4DjKEUdqJw9bxP59SfgWFWmSxGRM6QAVUQGNM1/KiIiIiI9KRxxcVyFqAONs+M1wo9/FprqTnywiPR5ClBFJOto8QsREZGTp/dNkZ4XDru4Af1bGyjc9xYS/sM9EGvJdCki0k0CmS5ARKQn6MOgiIjIien9UqT3hEIuMccn2uJnuhTpKV6M4Gv/QuDtn2e6EhHpZgpQRUREREQGGAWnIpkRCDg4jqGl2cPaTFcj3ckcPUDoiftwytdnuhQR6QEKUEUkqyQ/EFprGTFscIarERER6XuGDy3BWtsuRFWgKtJ7HMcQyQnQ0uzheUpRs4G75SVCz30DGmszXYqI9BAFqCKSlYwxNDY1U1VTy+DiokyXIyIi0idUVdfS1NyiwFSkDwiFXWIxDenv1zRkX2TAUIAqIlnHGIMxhsHFRVRWHVGAKiIiklBRVUNJUUHre2Xyj4hkhob091+mZg+hP/6VhuyLDBBOpgsQEekO6R8A4wFqIZWHj2SwKhERkb6l8nANJcUFrdfT3zsVpor0vuSQftfVv7/+wt3yEpFHblR4KjKAKEAVkayS/PBnrWX40BIaGhszXZKIiEifcayhkeFDStq9Xyo4FekbQmGXUNhF/xz7LlOzh9DCLxJ68j5oOZbpckSkFylAFZGsZIxh2JASwqEgq9ZuynQ5IiIiGffO6g3khEOUDh6k4fsifZTrxrtRA0F9VO9TYi0E3voxkYevwd3+aqarEZEM0KuyiGSd5AdCx3G44NzpbNiyi5raukyXJSIikjHVNUfZvH0P5549pfU90nEchagifVQw6BDJCeBoWH/GOdtfJfLwNQRf/3eItWS6nP+/vTuPkrI+1Dz+ra2hgQZFIYICiThpEzoRInqQKxqjxqvJkHtJJmTROE404ySemBmvWZyEM2Nyk5uJxuVgvBPlEiKaC1FGicEgBhQTQEEbY7csCsoiSLM00EA31PLOH9WNDTSb0v2r5fs5xwNVb3XxdJ1jvW899VskBWKBKqlkdLQhRiwW46pLRzH3+cU0brdElSSVn23bdzLvry/x6YtH7i9P258nHY0qFaZYDLo5rT+Ytun63aZfT6xxTeg4kgJLhg4gSZ2h/YfBql49uGjUOfxh9vN8pPpDnDf8I6HjSZLUJRbXLmP5629x+cXn0qOy+yEjTy1NpcKXSMRIVCZJp3Nk0rnQcUpfZh/JF35N6q8THXEqab9YFEVR6BCSdCJFUUQUReRyuf1/z2az5HI5Fi9dTsveffSorKT/qSfT75STOKVvn9CRJUk6IbZu20HD1kY2b9nOnuZmKrtVMLzmLGKxGIlEgng8TiKROGC5G4tUqXhEEWTSOTIZi9QTLrOX5Cu/J7nwfmI7N4ZOI6mLLf3Sc0c8boEqqeS0va21Fai5XP4Cs61EbdjSSMOW7Wxt3MG2xp1UVFSwafO2kJElSXrfTuvfl7170/Q9uTennFRF/1NPOmDDqLbyFNhfnMbj+RW9LFClIhNBOuOI1BOipYnky1NJLZ4Mu7eETiMpkKMVqE7hl1RyYrEYURTt/zAYj8eJomj/h8XT+p9C/1NP3j869eDvkfxeSZJUbNqf+w5e3/TgKfsdrRcuqcjE8htNpVJxMukcaYvU47enkdRLvyW5+N+gxb0SJB2ZBaqkktTRh8G2IrXtHBL5EQAAGVNJREFUePvytKMiVZKkYnJwIdq+QG1/242jpNKSTMVJpuJkWkekekl7ZLHGNSRffohk7b/Dvj2h40gqEhaokkpW+w+Q7Uebto1GbV+YOgpVklSsDi5B29925KlUPpLJOMlknFwuIpuJXCe1veYdJJfNIlH//4ivWxI6jaQiZIEqqaQdPJ2/o5Gn7f88mEWqJKlQHa4APdxI1I6OSSo98XiMeEWMVEWcbDYim8mRzZbhNW1mL4mVz5Cof5zE6vmQTYdOJKmIWaBKKnkdfUhsu+9Io1AlSSomRxuJ2tFjJJW2RCK2f/O4tlGpuVwJX/NGEfG1L5Ksf4LEsidh767QiSSVCAtUSWXjcEVq+3VRJUkqBUcqUyWVp0QyRiLZWqZmI3LZiGy2yNdMjSJim1eSWPsC8bUvkFj3IuzeGjqVpBJkgSqp7PghUpJU6jzXSTqS/MjUGCniEEE2VzyFamzLqtbCdBGJNQstTCV1CQtUSWXPD5mSJEkqW7GOC9UoF5GLIqIcwab9x+MxYnGIx2LE9jWRuPdTsHtzkCySypsFqiRJkiRJymstVEkcOMggithfquZy+WIVICKC6MDHHfHp2z9tDGK0rtEcb90AKxYjFo9xyBiHN16wPJUUjAWqJEmSJEk6olgMYokYcQLN3lr3cph/V5KAeOgAkiRJkiRJR2SBKikgC1RJkiRJklS4ohysXxo6haQyZoEqSZIkSZIK19Y3Id0SOoWkMmaBKkmSJEmSCpfT9yUFZoEqSZIkSZIK17ra0AkklTkLVEmSJEmSVLjWOgJVUlgWqJIkSZIkqTClW2DT8tApJJU5C1RJkiRJklSY1i+FKBc6haQyZ4EqSZIkSZIK05sLQyeQJAtUSZIkSZJUoCxQJRWAZOgAktS5tvHio08yY/FmtmYgWdWP0Z/7LNeM6Bs6mCRJkqQjyeyDdW4gJSk8C1RJJayBp+58iOf6X8Y3/9cwBlfCnrfrmTp5Mrdvu4YJl/YPHVCSJEnS4ax7OV+iSlJgFqiSSla69hlmVn2SO685hx6t9/U4/Ry+cUuGu3/4EDfMOswPdj+DG743nvN7H3qodvKd/Kqu/T0JTht5CTd/+RxOPbHxO1kd992ykDO/ewNXfiB0FkmSJKkDrz8bOoEkARaokkrYirqN1Jz3FXb8+QFungXj2srCynP5zp3nHvbn9rw6je//fBqpH45nROWhx0+76hp+3DZ6Nb2Ox345nV/NH8SEi1wWQJIkSTphVlqgSioMFqiSytaO2mn86NEsY69IMHM2jP8HmPZ4/vYxSw1i9Mje/GnVBrhgN89NncNjyxtpzkCyfzXf+vZnqamEPWvm8OvJf6O+CZLdT2b0NeO55uyebKl9jHv+/S3eyUDy5AF86YavcMrcu/k1f8+9Xz4bgLWP38+P1wzjjpsvog+QXvwI35x/BnfcchHpDn7+4g8Ar07jhlk9GT90I48thLHfvYHhqx7hjic2sjOT4ENjziLVKa+qJEmSdAK07IRNy0KnkCTAAlVSCauuGcB9i1/ium/cwAOXtjvQ/BJ3//BZ6rsPYNynYObsLFd+CqY9Dld+CmbOhqu/1/Ho00Ok17FgyU4GXTAQUj0YdtXnGX1dH1JkqHtoItMWNFBzaZLnHv0b6c/cyAPn9SS9s47ahgSwnBlTN/Lhb9/Cj4dA+u1XqANqRp9N6t5XqP3y2YxgHQvq9kDjGyzeeRGX9d7BggUbGXbROPpsmsOPpm5j+P+4mc+fnswXwvc+zmn//A9UAzS8Rd2nxnHn5wbSo+FPfP+x3Yxu/9jnoaYzXnhJkiTp/XpzEURR6BSSBFigSiphqRGXMXbuQ9z+UJKbv3QOA1KQ3vQKkx94lp1XXcMDrdPwr2wtVw/+83DemdVu/dRkgkHDL+ObF/UFtrF67uNMq2tkZ0vr8UwDUMOZQ7oxc+6TPMW5DKs5m/PPSgL9qR6aYebjTzLgimEMH3oOI1IAwzjv5OkseBVG9K5nceUnuHroKzy3dBuXDa/jr2sHcNk3u7Nl/lu8M7iay07Pv5X3GTGM6qnPUruGfIFadRZjzxtID2DL8nVsPeSxC0/AqyxJkiR1gje9VpVUOCxQJZWw/lx5y3Wc8uiT3PPDZ9iagWRVP0Z/7jomjHjv65UesAZqe8vn8UBdT/7z977G3/VOsuJ3d3NHa5Fa/YWbuHfTG7xY9wpTf/4EmTHXMOHS/lz8zZsYvmY5i2sXcs/kPzLouuv5xtmDuPiC3kxY+BK1Vcvpc97XuHjgDh57oo7VvMGbNedzfgq2HC1oZYJjGUQrSZIkFZzVFqiSCocFqqQS15fzv/A1zv9CF/xTyQSVZEilktBcxzN1WTgLoIXVy9dzytCz+LtLz2JE799y84Ll7LgU3nk1w5kfq+GyITWcmZnI3bXr4eyzGHBeNYNmLWRy9958/jN9ofe5jG56grtnZxh9TX7i/ak1H+S0WSt45u3RrdPy61nR/Qy+NQR49cBop549iFMOfixwZhe8LJIkSdJxcf1TSV0sHo+Ry3W8bEg8HrNAlaQT5qzL+caIR7jvh3cyueqDjB3Rm6VNAHvZUTufuyc/kd9cqmoA4647nz7pzSxY+CR3/2YPGSDZ/4N847+dlX+u3udzafVifsMFjO4NMIjRwxP8efEZjD679d/7wOXcfPVj3HPvPfypbROpb7euf3qw0/+emz//CHfcew9/yiQ47YIPMqjzXxFJkiTp+L3+rOufSupSFakULXv3HfZYLIp8V5IkSZIkSQXisVug9vehU0gqI5tvruftTR0vlHf6B04l3sV5JEmSJEmSDs8NpCR1sV49KznjtFOp7FZBPBYnHotT2a2CM047lV49K53CL0mSJEmSCsT29fn/JKmL9exRSc8eHW/F7AhUSZIkSZJUGBx9KqkAWaBKkiRJkqTC8Pr80Akk6RAWqJIkSZIkKbwogpVzQ6eQpENYoEqSJEmSpPDWL4WWptApJOkQFqiSJEmSJCm8ZbNDJ5CkDlmgSpIkSZKk8F6zQJVUmCxQJZW9KIpCR5Ak6X3zfCapqG1fD1tWhU4hSR1Khg4gSV1tXzpDOp0hk8mSzmSJx2KkM9nQsSRJel9SyQS5KCKVTJBMJqioSJJKerkvqUisfDZ0Akk6LK+oJJWVpl3N5HI54vE4FRUpevboTjKZCB1LkqQTou3LwUwmS3PzPvbG0/TqWRk6liQdneufSipgFqiSykI2m6Nx+y4qKyuo6tUzdBxJkjpFsnX0aZvde1rYsm0nfU+qIh6PBUwmSUfQ0gSrF4ROIUmHZYEqqeRlszl2NO3hpJN6kkw42lSSVD569uhO924VbN+5iz5VPUkk3AJBUgF6cyFk06FTSNJheQUlqeQ1bt9F76pKy1NJUllKJOL07tWDxh27QkeRpI697vqnkgqbBaqkkta0q5nKygrLU0lSWUsmE1R2r6BpV3PoKJJ0oCiC5XNCp5CkI7JAlVSy0uksuShHzx7dQ0eRJCm4nj26E0UR6XQ2dBRJetf6pbBzU+gUknREFqiSSlY6kyEe821OkqQ2sViMdCYTOoYkvcvp+5KKgM2CpJKVTmdJpZy6L0lSm1Qy4QhUSYXFAlVSEbBAlVSyMpkMyWQydAxJkgpGMpUk4whUSYVi56b8FH5JKnAWqJJKVjweJ5nwbU6SpDbJRJx43HOjpAKxfE5+EylJKnBePUkqWfvSjrCRJOlgnh8lFYxls0MnkKRjYoEqSZIkSZK61t5dsHpB6BSSdEwsUCVJkiRJUtd67SnIpkOnkKRjYoEqSZIkSZK61t9mhk4gScfMAlWSJEmSJHUdp+9LKjIWqJIkSZIkqeusnOv0fUlFxQJVkiRJkiR1ndeeDp1Ako6LBaokSZIkSeoae3flR6BKUhFJhg4gSaHVTfkuj6zqRfd274hVNeO5cVw1leFiHb+6Kfxi85Xcekn/0EkkSZKkjq2cmy9RJamIWKBKElD9xQlcW9N2q5mlU37Gw0t/xPXDUyFjSZIkSaXF6fuSipAFqiQdopKBg6tobGwEKqmb9iAzVjTlD/Udw403XUJ/oHnFDCZOq6MZoLKacTeOp6aqmRUzJjKtrjn/TNXjuHF8Nase/DErxtzO+GqANEsf/J/MGfpP+0eLNsz7BQ8nb+S/j+nOhuenMGXeBtJAauAlXHvtGAam8iNlX+r3j6SX/IHV1dfy07HdmTlpEku2JamsHMgnh6UoriGzkiRJKivZtNP3JRUlC1RJOlh6Gyvqmxh8eb7crB53ExNS+ZGoDbN+xswlF3L9yM3MmdHAJbdOYGQl0LSBDQAb5jCj4RJunTCS/N0bgBTDRw1l+qI6xlfXQLqeJZtPJtNYT8Ml/enPBhYtqmTUTVWwYhr/umI4t064niqgYd5d/OuMgUwYPxSA+tUZvv+Dn9I3BSumTaBh1K3cPrIK2MbzE/8Fhl3Z9a+XJEmSdCxWznP6vqSiZIEqScCK6bdz+4y2W1UMufxGvlIN0MyGRdOZMW8NTakUNDVSeXkj0I/qwQ3MmD4PLqxm2OCBDEwB3asZ3DCD/N3DGDxwICmAmlGcM30RddRQXb+Elgu/zpUrJrFowyWMZQn1/S7kn6pg1dJ6Bg8fR1Vrkv4jR9H3rnrWkC9Qh104hr4pgFUsrR/M8HFtj+zL8HMHs6ili14wSZIk6Xi9PD10Akl6TyxQJYmD10BtZ80cpizqx/U/uJaBqfxU+ykApKj+6g/4zrYNrK1fxKSHVzH42lsZO6Sar/7gO2zbsJb6RZN4eNVgrr11LEOoZuSwh/lLXTMtS5o4Z3x/hlX146klGxhJPf1GXskxrbbqu7YkSZKK0e6tTt+XVLTioQNIUsFLVlGVAmhgyZLNrXc2s62hhcq+Q6geM44vjsywYnUDNG+joaWSvkOqGTPui4zMrGB1Q/4nho4ayYZnJ7GoZRTDqyA1fBQD62cwo34go1o3qxo6fBhrl75C64qrNK2oZ1v1MIYcEmoow4etZdGiba23t7H0pbWd+CJIkiRJ70P9U5DNhE4hSe+JY5kk6UiGXM74IRO56/Z5UDmQmv798venG1nx1MPMWZPfLIrKGsbf1J9040KeengO7949npv6tz3XSIY1/YWGy/9r6xT9GkadOZ2HuZz9g1+rx3FjwxQm3j5r/yZS1187tMNo1WO/zoYpE5kwj9ZNpIZ1xisgSZIkvX+vzgydQJLes1gURVHoEJLUGTZt3s4H+p0UOoYkSQXF86OkLte4Dn55IVg/SCpQzbetPuJxp/BLkiRJkqTOU/uo5amkomaBKkmSJEmSOkcU5QtUSSpiFqiSJEmSJKlzrF+an8IvSUXMAlWSJEmSJHUON4+SVAIsUCVJkiRJ0omXzcArj4dOIUnvmwWqJEmSJEk68VbOhd1bQ6eQpPfNAlVSSYqiiFQyETqGJEkFJ5VMELkbtqSu8PL00Akk6YSwQJVUkmKxGLkoIpPJho4iSVLByGSy5KKIWCwWOoqkUrdvT34EqiSVAAtUSSUrlUyQtkCVJGm/dCbrDA1JXWPJ7/JroEpSCbBAlVSyksmEI1AlSWonk8mSTCZDx5BU6qIoX6BKUomwQJVUsipSSbK5XOgYkiQVjFwuRyrlCFRJneytF6BhZegUknTCWKBKKlmpVJJEPM7uPS2ho0iSFNyu3S0kEnEqUo5AldTJXv596ASSdEJZoEoqaVW9Kmlu2edUfklSWctksrTs3UevnpWho0gqdXsaoe7J0Ckk6YSyQJVU8k7u04udu/ZYokqSylImm6NpdzMnn9QrdBRJ5WDpDEg3h04hSSeUBaqkkpdIxOlT1ZPtO3c7nV+SVFZ272lh+45d9KnqSSLupb+kLuD0fUklyAWQJJWFRCLOqX1707Srme07d5OIx0kmE6SSCZJJN9OQJJWGTCZLOpMlk8mSy+VIJBKc2rd36FiSysW6WnjntdApJOmEs0CVVFaqelWyb1+GdCbLvn1pdu9pIR6LkXZ6vySpyKWSCXJR1PrlYJLK7hV+SSipa704NXQCSeoUFqiSyk5FRZKKiiTQDYAoiojFYmFDSZL0Pnk+kxSUm0dJKmEuhCSp7PlhU5JUCjyfSQrKzaMklTALVEmSJEmS9P64eZSkEmaBKkmSJEmS3js3j5JU4ixQJUmSJEnSe7dgUugEktSpLFAlSZIkSdJ7s2Mj1M8KnUKSOpUFqiRJkiRJem9emAK5TOgUktSpLFAlSZIkSdLxSzfD4kdCp5CkTmeBKkmSJEmSjl/tY9C8PXQKSep0FqiSJEmSJOn4vTg1dAJJ6hIWqJIkSZIk6fisq4V3XgudQpK6hAWqJEmSJEk6PgsmhU4gSV3GAlWSJEmSJB27HRuhflboFJLUZSxQJUmSJEnSsXthCuQyoVNIUpexQJUkSZIkSccm3QyLHwmdQpK6lAWqJEmSJEk6NrWPQfP20CkkqUtZoEqSJEmSpKOLIljwYOgUktTlLFAlSZIkSdLRvTEftqwOnUKSupwFqiRJkiRJOrr594VOIElBWKBKkiRJkqQjW1cLby4KnUKSgrBAlSRJkiRJR7ZgUugEkhSMBaokSZIkSTq8LauhflboFJIUjAWqJEmSJEk6vAUPQi4TOoUkBWOBKkmSJEmSOta8A2ofDZ1CkoKyQJUkSZIkSR1b+G+QbgmdQpKCskCVJEmSJEmHSrfkC1RJKnMWqJIkSZIk6VC1j+an8EtSmbNAlSRJkiRJB8pl8ptHSZIsUCVJkiRJ0kHqZ8GW1aFTSFJBsECVJEmSJEnviiKYf3/oFJJUMCxQJUmSJEnSu5bPgY31oVNIUsGwQJUkSZIkSXlRBHPvCp1CkgpKMnQASSpo62ph9V9g6xrY+Q7s2AA7NsK+3aGTSZJKXUVP6DMA+gyE3qfBKUNg6Bg4Y3joZJJKmaNPJekQsSiKotAhJKmg1D0Jy+bA68/CnsbQaSRJOlCvfvDhS+DDn4Saz4ZOI6mURBH86ioLVEllp/m2I2+aZ4EqSQBRDur+CM/cAVvfDJ1GkqRjc8qH4PJbYdhnIBYLnUZSsVv2NDx8fegUktTlLFAl6WiWPQ1zfgENK0InkSTpvTn94/Dp7+Wn+EvSe+HoU0ll7GgFqptISSpfuSzMvC3/LbvlqSSpmL39N5j8VXjyR/nzmyQdL9c+laTDskCVVJ72NsGUa+DFqaGTSJJ04iyaAr+9Flp2hk4iqZhEEcy9K3QKSSpYFqiSyk/jOrh/LKz6S+gkkiSdeG/Mh//7j7BtTegkkoqFo08l6YgsUCWVl71N8JuvwpZVoZNIktR5Nr8Ov7nakaiSjs7Rp5J0VBaokspHlINHboStb4VOIklS59u2BqbdlD//SdLhvDHf0aeSdBQWqJLKx9M/h1XPh04hSVLXef3Z/PlPkg5n3t2hE0hSwbNAlVQe1r0Mz98fOoUkSV3v+fthzYuhU0gqRK/OhLUvhU4hSQXPAlVSeZj1v0MnkCQpnDm/CJ1AUqHJZeHpfwmdQpKKggWqpNL32mxYVxs6hSRJ4bz1Qn46vyS1WfI7aFwfOoUkFQULVEmlLZeFOf8ndApJksL70z/nz4uSlNkLf/5l6BSSVDQsUCWVtiWPwObXQ6eQJCm8TStg6WOhU0gqBAsmwe4toVNIUtGwQJVU2t5cFDqBJEmFw/OipL274LmJoVNIUlGxQJVUuqIIVs4LnUKSpMLxxvP586Ok8vXcxHyJKkk6ZhaokkrX+lovDqUT5euvwk/mds5zXzANfrIWvv5fOuf5Jb2raVP+/CipPDWuz0/flyQdl2ToAJLUaV6bHTqBpGOx7C7YNRV2WepIXeK12TDoE6FTSAph7l35DaQkScfFAlVS6dpYHzqBpGOxfRFsDx1CKiOeH6XytGkFvDIjdApJKkoWqJJK167NoRNI5WPMA3DRFVAJ0AKbn4YpN71bjF41Dc67AFJAeh0sWw8f/yj88WOw8E74yX+ClwfDDODmtcBsyIyCAX3yP79xKtx3W4jfTCo9LTtDJ5AUwjO/gFw2dApJKkqugSqpdDVZoEpdYsRv4YorYNdMmPYtmP0cnDQWrr3z3eOjL4Bds/PH574GH7ngyM/Z72Jo+UP+8a+tgwFXw1Wd/6tIZcEvGKXys/YlWPZ06BSSVLQcgSqpdDnCRuoanxgBvNFuxOkfYNBf4aOj4KR2xyfdcNDx3od/zuZamNQ64vTVT8JPBsGArwIPd+7vIpUDv2CUys9Tt4dOIElFzRGokkpXslvoBFL5aN584DqmLXuB3vCRwxx/c/2Rn29XR8f9f1o6ITw/SuXl1Zmwzo0aJen9sECVVLqq+oVOIJWPyn750aZtuncDdsKywxz/0Bldl03SgTw/SuUjsw9m/yx0Ckkqek7hl1S6evWDLatDp5BKSDf42H888K6WVfByLXzokzD+p7BgYX790/8wCDb/Pj/qtO341x+Ap2e+e5wdIX4JSb0sUKWyseBB2P526BSSVPQsUCWVrqr+oRNIJWYQjL/vwLs2/x7u+Rr0egAuuhrGXw20wOaZMOWW/GNqvwYDpsF5V8D4KyC9DpYthI9/tMt/A0l4fpTKxe6t8NzE0CkkqSTEoiiKQoeQpE4x/z54+uehU0jqyFVPweh+MG0kvBo6jFRmPv09uOhboVNI6mwzb4MXp4ZOIUlFofm2I89e/f9PLTmNxNLE5AAAAABJRU5ErkJggg==" height="600" width="800" />]]>
  </system-out>
  <testcase classname="testcases.LoginTest" name="LoginUnsuccessful_002" time="23.375"/>
  <system-out>
    <![CDATA[<img src="data:image/png;base64,iVBORw0KGgoAAAANSUhEUgAABVAAAAJcCAYAAAAfG4+9AAAAAXNSR0IArs4c6QAAEYpJREFUeJzt2LERgCAAwEBk/3WxsZABuNRa/E+QOte9nncAAAAAAHCYXwcAAAAAAPyVgQoAAAAAEAxUAAAAAIBgoAIAAAAABAMVAAAAACAYqAAAAAAAwUAFAAAAAAgGKgAAAABAMFABAAAAAIKBCgAAAAAQDFQAAAAAgGCgAgAAAAAEAxUAAAAAIBioAAAAAADBQAUAAAAACAYqAAAAAEAwUAEAAAAAgoEKAAAAABAMVAAAAACAYKACAAAAAAQDFQAAAAAgGKgAAAAAAMFABQAAAAAIBioAAAAAQDBQAQAAAACCgQoAAAAAEAxUAAAAAIBgoAIAAAAABAMVAAAAACAYqAAAAAAAwUAFAAAAAAgGKgAAAABAMFABAAAAAIKBCgAAAAAQDFQAAAAAgGCgAgAAAAAEAxUAAAAAIBioAAAAAADBQAUAAAAACAYqAAAAAEAwUAEAAAAAgoEKAAAAABAMVAAAAACAYKACAAAAAAQDFQAAAAAgGKgAAAAAAMFABQAAAAAIBioAAAAAQDBQAQAAAACCgQoAAAAAEAxUAAAAAIBgoAIAAAAABAMVAAAAACAYqAAAAAAAwUAFAAAAAAgGKgAAAABAMFABAAAAAIKBCgAAAAAQDFQAAAAAgGCgAgAAAAAEAxUAAAAAIBioAAAAAADBQAUAAAAACAYqAAAAAEAwUAEAAAAAgoEKAAAAABAMVAAAAACAYKACAAAAAAQDFQAAAAAgGKgAAAAAAMFABQAAAAAIBioAAAAAQDBQAQAAAACCgQoAAAAAEAxUAAAAAIBgoAIAAAAABAMVAAAAACAYqAAAAAAAwUAFAAAAAAgGKgAAAABAMFABAAAAAIKBCgAAAAAQDFQAAAAAgGCgAgAAAAAEAxUAAAAAIBioAAAAAADBQAUAAAAACAYqAAAAAEAwUAEAAAAAgoEKAAAAABAMVAAAAACAYKACAAAAAAQDFQAAAAAgGKgAAAAAAMFABQAAAAAIBioAAAAAQDBQAQAAAACCgQoAAAAAEAxUAAAAAIBgoAIAAAAABAMVAAAAACAYqAAAAAAAwUAFAAAAAAgGKgAAAABAMFABAAAAAIKBCgAAAAAQDFQAAAAAgGCgAgAAAAAEAxUAAAAAIBioAAAAAADBQAUAAAAACAYqAAAAAEAwUAEAAAAAgoEKAAAAABAMVAAAAACAYKACAAAAAAQDFQAAAAAgGKgAAAAAAMFABQAAAAAIBioAAAAAQDBQAQAAAACCgQoAAAAAEAxUAAAAAIBgoAIAAAAABAMVAAAAACAYqAAAAAAAwUAFAAAAAAgGKgAAAABAMFABAAAAAIKBCgAAAAAQDFQAAAAAgGCgAgAAAAAEAxUAAAAAIBioAAAAAADBQAUAAAAACAYqAAAAAEAwUAEAAAAAgoEKAAAAABAMVAAAAACAYKACAAAAAAQDFQAAAAAgGKgAAAAAAMFABQAAAAAIBioAAAAAQDBQAQAAAACCgQoAAAAAEAxUAAAAAIBgoAIAAAAABAMVAAAAACAYqAAAAAAAwUAFAAAAAAgGKgAAAABAMFABAAAAAIKBCgAAAAAQDFQAAAAAgGCgAgAAAAAEAxUAAAAAIBioAAAAAADBQAUAAAAACAYqAAAAAEAwUAEAAAAAgoEKAAAAABAMVAAAAACAYKACAAAAAAQDFQAAAAAgGKgAAAAAAMFABQAAAAAIBioAAAAAQDBQAQAAAACCgQoAAAAAEAxUAAAAAIBgoAIAAAAABAMVAAAAACAYqAAAAAAAwUAFAAAAAAgGKgAAAABAMFABAAAAAIKBCgAAAAAQDFQAAAAAgGCgAgAAAAAEAxUAAAAAIBioAAAAAADBQAUAAAAACAYqAAAAAEAwUAEAAAAAgoEKAAAAABAMVAAAAACAYKACAAAAAAQDFQAAAAAgGKgAAAAAAMFABQAAAAAIBioAAAAAQDBQAQAAAACCgQoAAAAAEAxUAAAAAIBgoAIAAAAABAMVAAAAACAYqAAAAAAAwUAFAAAAAAgGKgAAAABAMFABAAAAAIKBCgAAAAAQDFQAAAAAgGCgAgAAAAAEAxUAAAAAIBioAAAAAADBQAUAAAAACAYqAAAAAEAwUAEAAAAAgoEKAAAAABAMVAAAAACAYKACAAAAAAQDFQAAAAAgGKgAAAAAAMFABQAAAAAIBioAAAAAQDBQAQAAAACCgQoAAAAAEAxUAAAAAIBgoAIAAAAABAMVAAAAACAYqAAAAAAAwUAFAAAAAAgGKgAAAABAMFABAAAAAIKBCgAAAAAQDFQAAAAAgGCgAgAAAAAEAxUAAAAAIBioAAAAAADBQAUAAAAACAYqAAAAAEAwUAEAAAAAgoEKAAAAABAMVAAAAACAYKACAAAAAAQDFQAAAAAgGKgAAAAAAMFABQAAAAAIBioAAAAAQDBQAQAAAACCgQoAAAAAEAxUAAAAAIBgoAIAAAAABAMVAAAAACAYqAAAAAAAwUAFAAAAAAgGKgAAAABAMFABAAAAAIKBCgAAAAAQDFQAAAAAgGCgAgAAAAAEAxUAAAAAIBioAAAAAADBQAUAAAAACAYqAAAAAEAwUAEAAAAAgoEKAAAAABAMVAAAAACAYKACAAAAAAQDFQAAAAAgGKgAAAAAAMFABQAAAAAIBioAAAAAQDBQAQAAAACCgQoAAAAAEAxUAAAAAIBgoAIAAAAABAMVAAAAACAYqAAAAAAAwUAFAAAAAAgGKgAAAABAMFABAAAAAIKBCgAAAAAQDFQAAAAAgGCgAgAAAAAEAxUAAAAAIBioAAAAAADBQAUAAAAACAYqAAAAAEAwUAEAAAAAgoEKAAAAABAMVAAAAACAYKACAAAAAAQDFQAAAAAgGKgAAAAAAMFABQAAAAAIBioAAAAAQDBQAQAAAACCgQoAAAAAEAxUAAAAAIBgoAIAAAAABAMVAAAAACAYqAAAAAAAwUAFAAAAAAgGKgAAAABAMFABAAAAAIKBCgAAAAAQDFQAAAAAgGCgAgAAAAAEAxUAAAAAIBioAAAAAADBQAUAAAAACAYqAAAAAEAwUAEAAAAAgoEKAAAAABAMVAAAAACAYKACAAAAAAQDFQAAAAAgGKgAAAAAAMFABQAAAAAIBioAAAAAQDBQAQAAAACCgQoAAAAAEAxUAAAAAIBgoAIAAAAABAMVAAAAACAYqAAAAAAAwUAFAAAAAAgGKgAAAABAMFABAAAAAIKBCgAAAAAQDFQAAAAAgGCgAgAAAAAEAxUAAAAAIBioAAAAAADBQAUAAAAACAYqAAAAAEAwUAEAAAAAgoEKAAAAABAMVAAAAACAYKACAAAAAAQDFQAAAAAgGKgAAAAAAMFABQAAAAAIBioAAAAAQDBQAQAAAACCgQoAAAAAEAxUAAAAAIBgoAIAAAAABAMVAAAAACAYqAAAAAAAwUAFAAAAAAgGKgAAAABAMFABAAAAAIKBCgAAAAAQDFQAAAAAgGCgAgAAAAAEAxUAAAAAIBioAAAAAADBQAUAAAAACAYqAAAAAEAwUAEAAAAAgoEKAAAAABAMVAAAAACAYKACAAAAAAQDFQAAAAAgGKgAAAAAAMFABQAAAAAIBioAAAAAQDBQAQAAAACCgQoAAAAAEAxUAAAAAIBgoAIAAAAABAMVAAAAACAYqAAAAAAAwUAFAAAAAAgGKgAAAABAMFABAAAAAIKBCgAAAAAQDFQAAAAAgGCgAgAAAAAEAxUAAAAAIBioAAAAAADBQAUAAAAACAYqAAAAAEAwUAEAAAAAgoEKAAAAABAMVAAAAACAYKACAAAAAAQDFQAAAAAgGKgAAAAAAMFABQAAAAAIBioAAAAAQDBQAQAAAACCgQoAAAAAEAxUAAAAAIBgoAIAAAAABAMVAAAAACAYqAAAAAAAwUAFAAAAAAgGKgAAAABAMFABAAAAAIKBCgAAAAAQDFQAAAAAgGCgAgAAAAAEAxUAAAAAIBioAAAAAADBQAUAAAAACAYqAAAAAEAwUAEAAAAAgoEKAAAAABAMVAAAAACAYKACAAAAAAQDFQAAAAAgGKgAAAAAAMFABQAAAAAIBioAAAAAQDBQAQAAAACCgQoAAAAAEAxUAAAAAIBgoAIAAAAABAMVAAAAACAYqAAAAAAAwUAFAAAAAAgGKgAAAABAMFABAAAAAIKBCgAAAAAQDFQAAAAAgGCgAgAAAAAEAxUAAAAAIBioAAAAAADBQAUAAAAACAYqAAAAAEAwUAEAAAAAgoEKAAAAABAMVAAAAACAYKACAAAAAAQDFQAAAAAgGKgAAAAAAMFABQAAAAAIBioAAAAAQDBQAQAAAACCgQoAAAAAEAxUAAAAAIBgoAIAAAAABAMVAAAAACAYqAAAAAAAwUAFAAAAAAgGKgAAAABAMFABAAAAAIKBCgAAAAAQDFQAAAAAgGCgAgAAAAAEAxUAAAAAIBioAAAAAADBQAUAAAAACAYqAAAAAEAwUAEAAAAAgoEKAAAAABAMVAAAAACAYKACAAAAAAQDFQAAAAAgGKgAAAAAAMFABQAAAAAIBioAAAAAQDBQAQAAAACCgQoAAAAAEAxUAAAAAIBgoAIAAAAABAMVAAAAACAYqAAAAAAAwUAFAAAAAAgGKgAAAABAMFABAAAAAIKBCgAAAAAQDFQAAAAAgGCgAgAAAAAEAxUAAAAAIBioAAAAAADBQAUAAAAACAYqAAAAAEAwUAEAAAAAgoEKAAAAABAMVAAAAACAYKACAAAAAAQDFQAAAAAgGKgAAAAAAMFABQAAAAAIBioAAAAAQDBQAQAAAACCgQoAAAAAEAxUAAAAAIBgoAIAAAAABAMVAAAAACAYqAAAAAAAwUAFAAAAAAgGKgAAAABAMFABAAAAAIKBCgAAAAAQDFQAAAAAgGCgAgAAAAAEAxUAAAAAIBioAAAAAADBQAUAAAAACAYqAAAAAEAwUAEAAAAAgoEKAAAAABAMVAAAAACAYKACAAAAAAQDFQAAAAAgGKgAAAAAAMFABQAAAAAIBioAAAAAQDBQAQAAAACCgQoAAAAAEAxUAAAAAIBgoAIAAAAABAMVAAAAACAYqAAAAAAAwUAFAAAAAAgGKgAAAABAMFABAAAAAIKBCgAAAAAQDFQAAAAAgGCgAgAAAAAEAxUAAAAAIBioAAAAAADBQAUAAAAACAYqAAAAAEAwUAEAAAAAgoEKAAAAABAMVAAAAACAYKACAAAAAAQDFQAAAAAgGKgAAAAAAMFABQAAAAAIBioAAAAAQDBQAQAAAACCgQoAAAAAEAxUAAAAAIBgoAIAAAAABAMVAAAAACAYqAAAAAAAwUAFAAAAAAgGKgAAAABAMFABAAAAAIKBCgAAAAAQDFQAAAAAgGCgAgAAAAAEAxUAAAAAIBioAAAAAADBQAUAAAAACAYqAAAAAEAwUAEAAAAAgoEKAAAAABAMVAAAAACAYKACAAAAAAQDFQAAAAAgGKgAAAAAAMFABQAAAAAIBioAAAAAQDBQAQAAAACCgQoAAAAAEAxUAAAAAIBgoAIAAAAABAMVAAAAACAYqAAAAAAAwUAFAAAAAAgGKgAAAABAMFABAAAAAIKBCgAAAAAQDFQAAAAAgGCgAgAAAAAEAxUAAAAAIBioAAAAAADBQAUAAAAACAYqAAAAAEAwUAEAAAAAgoEKAAAAABAMVAAAAACAYKACAAAAAAQDFQAAAAAgGKgAAAAAAMFABQAAAAAIBioAAAAAQDBQAQAAAACCgQoAAAAAEAxUAAAAAIBgoAIAAAAABAMVAAAAACAYqAAAAAAAwUAFAAAAAAgGKgAAAABAMFABAAAAAIKBCgAAAAAQDFQAAAAAgGCgAgAAAAAEAxUAAAAAIBioAAAAAADBQAUAAAAACAYqAAAAAEAwUAEAAAAAgoEKAAAAABAMVAAAAACAYKACAAAAAAQDFQAAAAAgGKgAAAAAAMFABQAAAAAIBioAAAAAQDBQAQAAAACCgQoAAAAAEAxUAAAAAICwASQLCJ0nnu6IAAAAAElFTkSuQmCC" height="600" width="800" />
Username:Admin123
Password:admin1232
<img src="data:image/png;base64,iVBORw0KGgoAAAANSUhEUgAABVAAAAJcCAYAAAAfG4+9AAAAAXNSR0IArs4c6QAAIABJREFUeJzs3Xd8XXed5//X95xb1aslF7lIdtztVDtxegWSSSiBYShhh7JDm7KQmf0FCMNQpuwAu+wuZYAZAiwzMJOEhJAJJKSHdMcltuMiy1azrN7Lbed8f39cSZFsFfcry+/n45FYvvfcez/nSrLO963P9/s11lqLiIiIiIiIyIjH/gGe/W6mqxARETkjhj5/gIHBITq6eoknUgCEQwGKC/PIzoriZLg+ERERERERmWluuiv9n4iIyDmgf2CIxuZ2huIJfOvjW5+heILG5nb6B4YUoIqIiIiIiMgErvoU3Pq3YEymKxERETmtOrp7p7xPAaqIiIiIiIhMbOMd8O5vgRPIdCUiIiKnTSKZnPI+/RQUkRlHSzOLiIicPYy6E2e/9e+EUDbc++eQGMx0NSIiIqec70+eQ/i+VQeqiJxZ1tpp/xMREZGzh362nyNW3gQf/jeI5GW6EhERkTNOAaqInDYaQImIiAjommDWqLgQPnYvZJdkuhIREZEzSgGqiJwyGhiJiIjIsdJ1w1mqfCX8yf1QMD/TlYiIiJwxClBF5IRp4CMiIiKniq4rziLFS+Bj96X/FBEROQcoQBWR46aBjYiIiJxuut6Y4QrmpztRy1dmuhIREZHTLpDpAkTk7JCpAYwGTiIiIjOPMeaMvdbYa4Ez+bpyDLJL0mui/uRD0LAl09WIiIicNupAFZEpnc7uD+3aKyIicnbK1M9wXR/MQJE8+PC/wcqbMl2JiIjIaaMAVUQmdCoHKApHRUREzj2n8+e/riVmmFAWvO+fYP07M12JiIjIaaEAVUTGORUDEgWlIiIiMplTeZ2ga40ZxAnAu78FG+/IdCUiIiKnnNZAFZFRJzMAOVODFw2SREREzrzTufboqVjj1Fqr9VFnAmPg1r+FcC48+91MVyMiInLKKEAVkYwHpwpFRUREZrbj+Vl9MkHmyOucyHOczGPlFLvprvTaqI/9Q6YrEREROSUUoIqc404kvJzsMWMHLBq8iIiIyHTGXlNM9vHxXlOoG3WGuOpTEAjDI1/OdCUiIiInTQGqyDnseMPTqYJTDVRERETkeB35y9eJ1jQ9kc5ShagzxKaPQiquTlQRETnraRMpkXPU8YSnk23QYIzBcRwNUEREROSUmOra4ng3jNISQTPEVZ+C6z6T6SpEREROigJUkXPQqRh8qOtURERETpeprjMUop6FrvuMQlQRETmraQq/yDnkVA04HEe/exEREZHTayRE9X3/qPuOZ1q/NpeaIUYC1Cf/V2brEBEROQFKQUTkKApPRUREZKaY6tpDHaZnGXWiiojIWUpJiMg54lgHGFMdp84NERERyYSprkFOxTWOnEEKUUVE5CykAFXkHHAsA4Zj2ZhBAaqIiIhkwnTXIMe6wZRC1BlCIaqIiJxlFKCKzHKnYjBhrdXUfREREckox3GO6ZplOgpRZwiFqCIichZRIiIyi53sIGKkm0PhqYiIiMwEIyHqdNcv01GIOkMoRBURkbOEUhGRc9ixDj40dV9ERERmgrHXJCcbosoMoRBVRETOAgpQRWapkxk4KDwVERGRmepYQ9TpKGSdQRSiiojIDKcAVWQWOpmpa0fergBVREREZpIjr02O9ZrmRI+RM+S6z8BVn8p0FSIiIhNSgCpyDjqZgYaIiIjITKNrm1niprtg00czXYWIiMhRFKCKzDInujvtRLdba9WBKiIiIjOKMWbS65aJnOi1kWTIzV9SiCoiIjOOAlQROa5BiIiIiMhMoOuXWUwhqoiIzDAKUEVmkVPVYaHBh4iIiJwNTtW1ja59ZqCbvwTnvyvTVYiIiAAKUEXOGVobTERERM4FuuaZRd71DVh5Y6arEBERUYAqMlucyKBAU99ERETkbHeqrmd0DTQDOQF473eh8vJMVyIiIuc4Bagi54ATnd6mgYSIiIjMRCd6zaJrm7NQIAwf+CGULc90JSIicg5TgCpyjppu4KEBhoiIiMxkupY5h4Rz4L/8DIoWZboSERE5RylAFZkFphognMi0Ng04RERE5GxwItc0x3vdJDNEXhn88c/Sf4qIiJxhClBFRIMFERERmRV0TTPLFS1Kd6JmFWa6EhEROccoQBU5yx3vQOF4prtpECIiIiIz0VTXKyc7lV/XPzNc2XL40E/Sa6OKiIicIYFMFyAip48GDDIbWCy+9Un5Hv2Jfhp6D3FooImWwTZaBlvpjHURS8XwsQSdIFnBKKWREm6tfCtVhUswmEyfgoiInGbWWow59n/vj/d4mWEWnA/v/S78/OPgpzJdjYiInAMUoIqcQ46nI0NhqswEvYk+DvTUsrezmt2de6jtracn3oePDxaMIf2/0S/X9I3nFSwlGogoPBURmcWmCkGPvE+B6Sy08kZ41zfg/s+C9TNdjYiIzHIKUEVmqZPpPlV4KpnmWZ/dHXt5vP5pdrTvojPehbU+jnEwxuDiYrEYA1mBbOJeHM+mMMYh7IS5fO5GyrLnZPo0RETkNBsbjKoL9Rx0/rtgsAse+XKmKxERkVlOAarIWUxBp8xGFstjdU9xf/WDdAx1ggEDOMYFwMfiWY95WXPZUH4RB3pqqe7ej2fBt5aFeRVcuWATAUc/4kRE5MQoXD2LbPoo9LfBs9/NdCUiIjKLaXQpco441s2i1Ikqmba3cz8P1DxEZ6wLxzGMfBlawPM9ckI5vHvp21ldvJL/2PcAOzp24RoHgyHuxbmt8maKItqdV0RkNpus83SqjlSForPYTXdBYgBe+kmmKxERkVlKAaqIiMwYQ6khHq9/itaBNlzjYG26I9VgyA3lsK54De9YegvNAy38zy3f5vDgYQImgAVS1mN18SouKbsg06chIiIiZ9otX4ZYH2z7ZaYrERGRWUgBqsgsNF3nqLpPZSay1tLY18T29p1vdg/hkx/K5/zSdVy74Erm55TzSO3veLz+afoSfbgmMPxYn4JwPp9e/zGCbjCTpyEiImfIiXShTvUccpYzTnpTqd4WOPB8pqsREZFZRgGqyFnqeAJOhaFyNrBYDnTX0j7UgQFSNkVVfiW3Vb6NC+espyveww92/oTtbTtIekmMcUYfhzHctPBaFuYtyOxJiIjIjHY8ganC1bOQE4AP/BDueT80bst0NSIiMosoQBWRoyhwlUzwfI+9XdV41sMxDu+o/ANurXwrhZFCXm9/gx/u/DHNA83pg4cHtAbwrGVD2UXctOh6DBroioicSxRyylHCOfChH8P33wkdBzNdjYiIzBJOpgsQkVPrRDtTFZpKpnnW4/BgM7nBHD659qN8eM0HKc4qprr7AD/YcQ+H+5uHA9IxA2UDhZFC3rL4ekqzSjJWu4iIZN6JXtfoGmgWyipKh6jhnExXIiIis4QCVJFzjAYUMlMl/STRQJQ/Xf9xrl94DQDVXTX8846fcHigGWMMY4bG+NYn7Ia5vepWzi9dm6myRUQkA3Q9I9MqXgLv+z64mnQpIiInTwGqiIyjQYZkStAJ8r7l72Hj3IsIOC5tg+3cs/Nfqe6pwTEjP67SwalvLXOzy/ij827nLYuvx3XcjNYuIiKZo2sXmdTSK+Ht/5DpKkREZBbQr+NEZrljGVRo4CEzQdgNs7SwEgMkvATfeO3/srtzD8Y4pHwPYyArmM15BUu5cM461pSsYnFeBa5ReCoiImnHsiaq1k09x1z4h9B+AJ79bqYrERGRs5gCVJGz0IkGnsezNphCVTnTRgazFstvah9nb+9BKvKXsDhvEZV5C1mYM48FuXMpihQSdIJjulJFRORcNF0QOvb+Ew1NFbbOEjf+d+iohV2PZLoSERE5SxmrlETkrDPZt+1Et08Wmk708US3RSKRkytW5DhZa+mP9xEyEEomsPF+bCqW3joqEMYEoxDOTv/p6PeAIiLnolgsBjAu3Bz5eKLbpvp4qtumul3OMskYfP/t0Lw705WIiMgMtO2Pnpnyfo08RUTkjLDxfuxQFyRjmGg+hHMxgTAc0UlqrEdWfwupAy8Sr9+MbT+AjfViMZhQFiZ3DqZkCU7pMgLz1uCUVEFIu+yKiIjIFIIRuOPH8IN3QM/hTFcjIiJnGQWoIuc4NaHLaWUttr+V5P5n8A7twA60g5fEhLMhWoBbvAR34UU4JcswwZFuZ4MJRAkULcILRrGlS/HbD+C3VuP1tUJ/GzTvxglFSeXPxZm7lsCqtxKYtw7cYEZPV0REMk/T7mVS+XPTIeoPb4d4f6arERGRs4im8IuchU7lFP7pbtMUfjlRNhkjtee3JDb/Ar+7EXwPxn6NGgOOiwlGcOacR2jDHbgVF2PGhqDWBz+FTcawQ914rXtJ7niIVN2r4PsY44DjYMK5BFa9hfAVn8AEs878yYqIyBk1MoUfpp66ryn8MqH9z8FP7khfZ4iIiDD9FH4FqCJnoWMNUCf7+7GGqtZaotHoyRcs5x4vQfylHxF/8ceAxRhnTEeQBQtgwJAOVa0PGAIrbyB8xSdx8uenA9aJpBKkGrcQf+67+C37sOlnAi+FU76M6K1/j1O4aPLHi4jIWW9oaOiokHS6sPTIIHS6v093u5zlXvgXeOTLma5CRERmCAWoIrPMVN+yJxOgTnabAlQ5Xnaoi/jT/5vEzkfSHaLGYK2PE8nDKV2KU1iBySmFVBzb14Lf24Ltb8PvaQLfx5m3hsi1f4E7//ypXyfeR/L1B0lsvRfb25q+zfo4xYuJXv8ZnIoNGMc9E6csIiJn2EQB6tiPT2WAOt19chZ76PPwys8yXYWIiMwA2kRKRACtdSpnSHKI+Es/JrHjP9PhpTFY38MpXEDo4vcRqLwCJ7skvVap9bGpOHaoB7+zltT+Z/HqN+M37SD+5LeI3PpVnIKKSV/KhHMJXfR+nNw5xF/4EX5nHcZx8Tvrib/wI8I3zsEtqTqDJy8iIjOZ1kaVo9zyFeisS0/pFxERmYIz/SEiIiLHwHok3vgNyR0PjQ9PS6qIvu1vCK57J07e3Dc3ejIOJhjFySsnsPhSItf8GZGb/4bA2lvxWvcy9MiXscmhqV/TcQmcdx2hKz+Bk1c+usaq17STxNb7wEue5pMWERGRs5YbgPd9H4qXZLoSERGZ4RSgiojIKeH3NJN847eQiKXXH7UWJ5JN+LKP4M5bi3GmmfQQiOKWrSRy/Z0EN96Bd+BFUrUvT//CTpBA1VWELvsIpOIYY7DWktrxEF579Ymdi39sm0pYa/E877R0ePu+TyqVOjXPNVznsZ7XsfA8D8/zTtnznUkWSywVI+Wf+Pub8lPEUnEs6u4XETmrhXPgQz+GrKJMVyIiIjOYpvCLnMMmCn001V9OiO/hHXwev2kHDG/rZByHwKpbCFReduwbOhmDCeUQ2fRxjHFI7nyYYNWVMM1apsZxCay6GXfP70jVvoRxAthUnMTzPyTyjq+PC29TKY+XX34Zay3xRJyNGzaQnZ1Nd08PL7/8Cg/9+te0trXygfe/n9tuvRXXefN3jfF4nOaWFnbu3MnLL79CTU0N/QMDZGdlsXbtWq644nLWrllDfn7+lNNEDzc3s3PHTrKys4hEIqxcsYJoNEp7Rwc7Xt/Bc88/z+7duxkailE2p5QLL7yQTZddxvLl5xEOh6d8L6y1DAwMUFdfz7Zt23n5lVdo7+jA9zxCwRDGGEpKS8jPyye/IJ+8vDwGBwbo7unh2muu4dKNG3Gco2vv7Oyiurqa17Zu5dXNmxno68c4hvy8PFavXs3FF1/M8vPOo7CwANc9+vP1dMPv6Uv0Y4CkTXHDwmvIDeVMeS5DyRiP1j1B1A3TlxxgTrSUqyo20dh3iM0tW+lL9hN1I0TdCLFUnP7UIIPeEEEnQH4on4qceVQWLKEkWoRj3vw8dg1187VXvkFFzjw+uuYO8sJ5U9ZxpMHkEF956X+QG87hL87/BDnTnIeInF4TTc3XdH05LsVL4IP/Ave8D5KxTFcjIiIzkAJUkVlCwadkVCpOYt9TWN97c+Om7GIC512LOZFwyXEJb/qvpOo3wzF2+Bk3QPiqT+M1bAbfYpwAyZrnCXfVY4orR4+Lx2N845vfZM/evWRlZ/HEY7+jpaWV73zve/z6179maGiISCTC0NAQzpjwtKGxkf985BEeffQxgsEgc+eWM2/+PHzfp7a2jh//5Cfcd//9XHPNNXzqk5+gqrJyojIBqK2t5ZOf/jShUIirr76aL37h82x/fQf3/PjH7Nixg5ycXELBIF3dnezZ/QbPPPss//qv/8btt7+T//qxj5GdnT3pczc2NvKje+7h8SeeoKSkhE2XbeLtt95KVlYWLa0tvPjiSzz2u9+RTCa55JJLWLx4EYl4gmQqhe95jATgI1KpFK9u3szPf/4LXnzxRebPn88ll1zC6tWrCQQC1NXVsX37dn50zz1s2LCB9//RH3HFFZcTDAbH1bW5eStPN/0exxgW5MzjqvmbjuGTCvdX/4qeRC9guXnxW7iy4jLq+w7x7/seIO7F8azHpvINXFC2nmybTctgG9XdNezrqibpp6jMW8xtVTezad4Ggk66poHUIM0DzRzqb+LK+Zu4uPyC6WsZ5luf39U9yc6O3awoWkZ/ckABqsgsodD1HLfwInj3t+Dnn8h0JSIiMgMpQBWRCSmQlePh9x3Gb34DM9Ll5/s4hYtwy1ac+JMal8Cijcf1ELd0KU7hIrz2gxjHAc8jdfAFQmMCVMdxyMnJwfM8igoLycrK4sc//SkPP/wwJSUluIEAXZ2dBFx3NEYcHBriZ//6r7z6yqvcesstXH7F5cwpnYPjOFgshw8f5pe//CX33ncfDz/8MJ2dnXzvO98mEolMWGdebh6OMVjrk5OTw9591Xzjm99kwyWX8PZbb6W8vBzXdWlta+Wpp5/m0Ucfo6OjnX/6/g/Izc3jj//Lhybs8uzt7eVLX/4KL774IqtWreRzd93FBeefP+7Y66+/noqKCu75yY/p6+vjQ3fcQdmcOaQ8j2AgMC409n2fx594gv/5v75FQ0M9l122iU998hOsW7uWUCgEpKfyt7a18dOf/pQf/ege6uvr+XLWl7h04/jPXSQYIWDS72mWm4Vrpu4qBgg6AbJD2fQnB/CtT9SNYjBEAxGigQixVAzXcblgznpuWnRduh7r0dzfwi9rfs1zh16kpucAv9h7H/Oyy1hWuDT9PsV7ifsJUn6Kx+qe5MKy9eM6VKfS1N/ME43PEnQDxLwYA8nBY3qciJx6CjzllFt9M1z1KXj2u5muREREZhgFqCKzlAJQOZO8Q9uxicHRqfLWT+HOX4sJTd4peVo4AZz8uXjtB4f/7uLVb4YL/hDcdOBnjBnt4MzPy+fZZ5/hgQce4POf+xyXXXYpgUCA+voGCgsKRp82mUjgeR5/8Rd/zuWbNhEIjP/xWZCfzyc/+Ul6+/p56KGHeO655/jVQ7/mvX/4ngnLzMrKAmNwHJft27ezdetW/vLOO7n6qisJh8OjIaa1lg2XXILjuDz44IO4wAMPPsi111xDZeX4DS+stdxzz4957ve/Jy83l9tvv/2o8BQgNyeH97z7dvbt28ejjz3K579wNz/76U/ImiCQ3bFjJ9/+zndobGxk0aLF/NVf3sny884bF7K6rsvc8nI++pGPsL/mAM888zSf/8Ld/OevHyIajY4eNy+rDM+mcI1LTjBr3NIIkzEYsgJRLD7GQDSYXr7AGDP8H7jGGdswi2tc5uXO5W2LbqS6q4bGvkO0DbWzuXU7lQVLcI1LZ6wLz/dwcXi1dQu72/eyunTltPV4vsfj9U9zuP8wBoinEgpQRc5iCmBlQjf+d2jZC3ufyHQlIiIyg2gTKREROWl++4GjZto7xYszU0wkj5FijHHw+9rwE0PjDonFYwSDARoaG/jsX/4lf/Olv+Y9776dBfPnU15WxoZLLmbZsqWjx0ejUT7w/vdzxeWXHxWejigqLOTKK64gNzeXQCDA/b98gEQiOeGxKd8bneJeX1/HFZdfznXXXUs0Gh0XThpjKCgo4I4PfICSkhIAWlqa2bpt61G/JOns6uLBhx4iGAhQWbmEiy68cMIuVYDi4mLOX7+eUCjMK6+8zMuvvHrUMbFYjHvvu4+amgOkUkluuP56li9fPq6+sQoLC3nrW95CKBSmrq6Of/v5L8bVmLQpXBPA4JDEO6aFGRzjEHFCYMHBIean38+gEyBgXKyFlPUpCI5fw9RgKI0WkxvKBcDH0hvvIeWlN43qivWMBicWn5/u+QWJVGLaehr6DrG1dfvo5lNxL85ASgGqiMisYhx4z/+BgvmZrkRERGYQBagiInLS/N7DjG0DNNaHaGZ2szVuAEaCO2OwyRgMdo47JhAMYS10d/dw001v4eqrrpryOUOhEEsWL540kByxYMF8CgsLcIyhq7ODwaGJw7WcrHQHrLWWosIirrv2WkJHrBk6VmVVJUuXVuH7HrFYnEOHmvA8b9wxBw4cpL+/H2MMxcUlo4HrRFzXpaS0hEgkguu6/PbRR486prq6ms2vvTZ8fIB3vOPtOFN0armuS1VVJeXl5QSDQe697z4GBgZG7w86oeGPLGEnjGH6ri9jDL5JL7vg4VMcTncFh5zQ6BIAAeNMuEmZZ30sFgw4GHKCOQSGO6Q7Yp3DlVgcHPb3HODVli1T1pL0krxw+GUaB5pGO9bifoKeeA++9ac9FxEROYtEcuH9P4RgdPpjRUTknKAAVeQco6n9cjr4XpKxLajWGOxQ5+QPOI1srHd8oOYlsYk3gzxjDIHhkNUYwwc/8P5JuyqPV3ZWNuFwOB3cAqlkasLjotH02qjWWhZUVDB37twpnzcUDLJuzTo8z8f6PgODA0cFqO3t7aPf34GAO+U5GWMIBUMEAgGMcWhpaR73fNZa9lVX09TUBEBVVRUVFRXTnn9BfgGlJaU4jkNzczOHhh8PkBOIYtORJmE3OGUYO1bABNOPs5bsQBaQXucUk45gXeOSsEe/z039h+mO9wCQFcxmddFKXMfFYjnU34TrOITdCI5x8K3Po3VPjB4/kebBVp499AIhJ0g0EMUCnp+iL9GPpwBVZEbTtY+ckHlr4B3/I9NViIjIDKEAVUQ0sJCTZoJZR9ziYNuq3+wEPVOsxQ4cHdxaOz5sdF0H31ry8vJYvOjULTUwODRIPB4H0uGsG5i4YzUWi41+XF5eTl5+3oTHjVU2t2z0e9XzfHx/fGhXVFQ43BlpsZYpN0Wy1jIUi5FKJjEGIpHIuHUAU6kUNTUHSCQS+L7PunVrp+yQHZGVFSUnN2e4Ro+uzq7R+0JOEGvTEaprAnAMHagAQccdfVzISdfwZndp+jmcIzak6o718ETDM7QOtpHwk9yy+CZWl6Y3NEumktT3N5ITzOGq+ZvIDeViLNT01LKldfuE/x5aa3m45jc09R/m8nmXsrp4Jdb6eL7PQHJwdEq/iGSermnklFr/Dtj00UxXISIiM4A2kRIRkZPm5M4ZH4c5Ll7LXqwXxwQm3on+dLDJQfyuhnEdqMYNYiLjA0rHccFacnJyiURPvr7e3j5279nND374zxw61AQYXMchOMl6qYODg8N1DG8W5U8/4O/v7SUcCmFJT5c3RwSkC+YvIBKJMDg4QF9fH319feRPEsymUh7t7e3EYjFSqRQrV6wc17Hq+z6NjY3pDk/X5eWXXuazn/1LEqkk2dnZRCMRwpEIvucxFIsxODjI4OAABsMbb+wCLKlUinjizXVF0+uNWlxc3ujayw9fv4fsYDYpP0l/agjXCZLlhImTIuHFCZoAeaEcanvrMTiAP27a/0hIYrGk/BSe9Yh7CQ721PHzvfeyo20XoUCYP1nzYd62+AaCw+HrUCpGV7ybvFAu55euxbcej9Y/yZA3xMuHX+XC0vUURPLHvV/1vQ082vAkZdmlXD3/cl5u3jzcS2uJpWL4RwT0IiIyi7zlC9C0E2pfznQlIiKSQQpQRUTkpDkllVjzZk+hcRz8zgb81r2489ZxrN2GJ8s7vBN/oCu9DiqA9SEYwYkUjDvOmPSCA45zfHUNDQ3R2dlFfUMDdXV1HG4+TENDI/v3V2OMobCoiLy8PHp6etJTvL1JpnYP7yIPFt/z8PzpAzjf2tFp6+FQCNcdH6DOmzeXG264gZ/97P9x8OBBdr2xi3nz5k44lb+9vY2t27aRTKUoLEhv/jTutXyftvZ2jOOk3yfXpb6xnmgkyuDQIOFgEM+3uI4DBvzhjthkKkVV1dL08giOQ3HR+HVwDcPZtvVpi3XSk+zDMS4hJwReko7UEL71sPgMWcNAMj09fvitmlDKS3HPrv/HA9UP0RXvpjPeyZLcRXxgxXvZUH4xi/IWjOuu7Y73kPSShN0wOaEcbqu8macaf4/ne2xr28nuzr1cNm/D6PHxVJwf7foZ1lrWFa/lvMKlVHcfwA6fz0BygISXJHv6Bl0RETkbuQF43/fge7dC96FMVyMiIhmiAFVERE6aO3dNehp/Kj7a/Wn720hVP4NTshQTyj7tNVg/RWLb/UfcaDE5pZhIzhE3W8zwn8eyzIDneWzf/jqP/e4xXnzpJfr7Bzh//Tqqqqq47dZbqaxcQl5eHk1NTfx/d32Onp5uHNfBP4ZgFOwxxcuO44zuHO95qaOm8Btj+PSnPsm+fXt57bXX+OUDD7B8+XIWL1o07rhEIsGvfv1rXnjhBXJycrjzzjtZtGjhuGN83yeRiA8fH+fPPv1pbrrpRoxxcF1nuPt1JEJMn4O1Ft+mA2FrLcFgcMLw1rc+q4tW8vH1H0mvaTrByY+dgvvlF/+B7e07Jn1fjHFYlFdBbW8dPfEeDLCqeAW3Vb2NyATdzx2xTjzrEXUjZAezmJ87j1sW38QDBx4m7sX5z4OPceGc9YQDYSyWV1u2sKPjDfLD+dy48BrCgTBzosXp1wY6Y13Evfik9YmIyCyQXZLeVOr7t4GnZVtERM5FClBFzgFaD0xONydvLm5pFammXaPdftZPkdz7JO7ijQRldXFZAAAgAElEQVQWbphwp/RTye84SKrm9xjnzfUwre8TmLcGnPHtgf7IlPlj/N7Yvn07f/OVr1JdXc0FF1zAZ/7bf2P9unXk5+ePCwkPHqwllUqlA8RAkGAoNPETnsD3ZEFBIYlEnEg4QjAYmjCcLCku5u4vfIF/+v4PePWVV/ja1/6W97znPSytqsIYQ2dXF7/61a949LFHKZszhw/ecQfvfMfbx3VoQjqszc7OHg1s44kEkcgxLnUwzVqpIxPvDeao1x0x9vb0Wq5HHmdHn8l1XK5ecBXL+5t48MDDJL0kLxx+mWWFVVw1fxMBZ/ylTm1vAwDhQJjI8CZSb1t8Iy81b6ZlsJVdnbt5/tBLXLfoanpiPTzZ8AwJP8EVcy9laWEVAAWRwpFK6U70MpSKISJnh5F/10SO27w1cMtX4KHPZ7oSERHJAAWoIiJy0kwwSmDZNaQO7xp7K7bnMInnf4BTvgonnHvaXt8mh4i/dE+6K2RMgIoBd8mmo4+3/pudstNkmYODQ/zVXXfR2NBI5ZJK7v7851m5csWEA3DHMelOTN8SCLgEJwkTs7OzsX66Bt8OT8+fhuu6o0sChEMTB6gAK5Yv508//Wn+vq+Pbdu309DQkJ6Kby2O41CxoII7P3snl27cwLx58yasMRAIsGjhQl555VWMcaivr5+2vul4Y95z3/pMOif/CP6YHe5TjHT0jglfLQQdh9uqbuZgTx0vNb9KX6KP+/Y9yNysMlYWLx99vLWWur56HOOQHcgiKxAFoDS7lJsX3ciPdv8MYw0/3PVTLio7n61tO3ijcy8F4QLes+ztBIa/trIDWTik16wYSA0QU4AqInJu2PBBaH4DXvlZpisREZEzTAGqiIxSp6qcMOPgLjgfN68Mv7f1zTU+jSHV+Drx//wikVu+gglPv9v8cbM+yd2/wa975YjuUw+neAlO6dKjHjLSgWqtnfbr/oUXX6L2YC2hUIhNl29i8ZLFk3dOYkYTWTNuy6PxRro5052qAQLu9D+Oe/v6CAQCGMdgXGfSGg41NfHXX/pr8vMLePCBX1I2Zw6pVIpkMkk4HCYcDk/7Wq7rsnTZMhzHYIzD8y+8wJ//2Z8RDJ74ZUPcSwy/J4aU9Y4xPoWE9TAGjDXEh4PKkBPEsellBNLro1qyg1n8+QUfp/qpGrri3TQNHOZne/6Duy75LLnDS0ik/BStA604xiESiBBy0x3CrnFYP2ct8xvmcXigmYHUAL/Yez9tsQ76kgP86br/SmG0cLSm7FA2rhPAtz5DyRgDqaETfl9E5NRQZ6mcMbd8BRq3pTeWEhGRc8bE7SsiIiLHySmpwl1yORyxO7xxA6T2P0/st1/Fb98P/ilcO8xLktzzKMmXfoqN9b95+/BAOnzZRzDu+Gn0lnQH6pv7Ek0d5b3xxq7hXe8N0Wg0vXHSJOLxOCnPG+4W9UiM2YV+rMGhITAG6/sEg0GCoel3IBoY6B8NNJOJBJ539PqqqVSKv/27v2f//hreftutzB/uMI1Go+Tl5R1TeArpKfzr1q5j/rz5GOOwa9dOXt/x+jE9dsSRwXRfahBnuHM05iWO6Rc2FotvU2DBMYbuRPpz7FsfDx9rIemniLrpQDonlMPXNt1NabQEg2FHxy5++sbPRztEY6kYXfHu9OcyEBk3vX9uThkbyy7CdVyCJsCj9U+wuWUri3IWcOncS8bVFXbDuKTD+qSfZDA5cFzvjYiInMXcQHo91OySTFciIiJnkAJUERE5JUwoi8DKt+BkFx09L94NkKp5gdiT3yRV8yycginPNtZDYtu9xJ/7Pn7v4XFrrFrr485bQ2DJZRM80JJKpdLHW3tMy5GObDg1MDCQfuxE9VhLe2cHsaGhdCeU42AmCVsHBtKBm3EMQ7Eh4vHpNyGyFvwxoelEnVYdHZ0899xzBIPB9CZTJ9GNtbSqissvvxzXdXEch5///Bf09fUd02O7urrYv3//uNuCxsGz/mjX77F2vBsL/vCGVQk/HUjH/QTecGcqwOCYr6f5ufN473nvIiuYhWscHqt/gsfqniTlp+iK9zDkxzCY9P1jOpbDbpgN5RdSHC4cXWHVdVyuX3gNeUcsPxFyA2QFo4DFsz5dse5jOhcREZklCubD+76XDlNFROScoABVREROEYM7dw3BjR/CpibovPQ9vIatxB7/OrHH/xGvde+JdaOmYiRrniX267tJ/P77+L3N47tercWJ5hG48L2YyMRLBpjh41Ked9Ru9ke64IIL8KyPMYZXX3mV1ta2CY+rq6/n5z//Od09Pekyk8lJ1ym1IyEuhkQ8MS4YnUxPTw+OG8BaSyAw8Q73rpsOBPt6e7nvvvv53e8eZ/eevRxqaqKx8RANjYfo7Oyis7OTgcHBKUPM3Nwc7rjjg6xZvRrftzz99NPc8+Of0DN8fpOdV11dHZ+/+2721xwYd19XrAdjDMZAwk9gzfQBquf79CcHcXDwrY9jR9at9fGtP9o7HPPGB/KXzdvAFfMuwzUuDg7373+IF5pepjPWRTKVxGDS65geETBXFVSypmQVnvXAwrzsuVwwZx2ucccdF3RCFIwuR2E5PNAy7bmIiMgss3hjejq/iIicE/QrMxEROWWMGyC4/p347ftJbPklJjBmavpwx6c/0EVy5yMkq58hsHgDwfXvxC1bhQnnTPncdqgH7/DrJLb8B6mGbeAnMXaiTkxLYOlVBCuPXk5ghOs6+NaSSCQm7SgdseGSi1m/dh07d+3iwIEavvHNb/LVr36FosL0mpjJZIo3dr/B3V/8a6677jp6enrYv7+Gzq5Omg4doqqq6qjnHBwaGu3SHYrFiE8y1X/0jKwlmUwOh70WzMQLDxQVFXL5pk089dRTvLp5M69t2UIoFBwOLg2O444uR5Cfn8/qVat4x9vfzkUXX0Q4FDrq+SqXLOHv/+7v+MjHPkZDQwM//OcfUr1/P5/5b3/BwooKAoE3LyN6enp49rnn+PZ3vktvbw9f+fKXx5+zNzj8kSHmxaYNrtPn7ZPw44DFdRy6kunwNumn8Hwv3Z1qfJJ+ctzjsoNZvGPpLRzorWV/1wF6E308dOA3LM2vxLMejjGE3fBRq9SG3BC3LX4bj9Y9ieu4rCpazvycuUfVFXBciiLF1PbWY4D2WOe05yIiIrPQhg9Cw1bYem+mKxERkdNMAaqIiJxSxgkSufZO/P4OvIMvYn3/zZDTjIms4gOk9jxBas8TkFtKYP46nIIKTE4JxjhYDAaL39eC17Yfv3kX/kBXehsi46QD2bH5l7VgfQJVlxO+4hOY4Y2DjuRbS1/fAFnR6PDDpg7ywuEwX/3qV/jrL/0NNTU1PPHkE2zZupXLL7+crKwsqquraW1r5a/uvJObbryRaDjMPc0/ob9/gL/4zGe58cYbee8fvofysrLR54wNDREMhQiHw8Rj8Wmn8Pu+T29fH1lZWQRcl0Qiie95R63H6jgOX/3qV/jHf/w6Tz39NEND6c2NAoEAjuPg+ylisRipVIqOjg7279/Pgw8+yEUXXcTn7rqLNWtWj+tsNcawePEifvXAL/m/3/4Ojz32GM88/TRPPvkEq1etoWppFeFwmO7ubja/+ioYw9VXX8XH/+TjlJaMXxvO+lAcLcI1LmEnjD/N+w6Q8JMETJDSrFI8myLbHfmcWbKD2YTdEJjxU/hHzM0u573L3sX3dvwLrnHoTfSxvX0HRZFCwJAViE74mgvzK3jrwuvZ213NFfMuJexOvG7snKwSiiPFOI4hObymqzawERE5B932NWjZrU2lRERmOWO17bbIWWWyb9kjbx/79+k+PvLPsR9HoxOHDCLT8XsPE3vm23g1z2FTiSnDJWstZjhQswDGwWDHr6VqHKyZZGd7a7HWJ7DkUiI3/BVOQcWkr5VIJPjNb35LPBEnFotzy803U1xcNOW5WGtpaGjg8SeeYNeuXTS3tBAOhSkpKWHlypXcfPPbKJszB4B4IsGzzz5HTU0N4XCIlStWsn79unHfSwdra3nqqafJy8vFcVwu37SJsrI5k76+53n87vEn6O3rxfo+ixcv5qILLxzXATqitq6O++67j1c3b6aiYiELKyooKi4iOzsb3/Po7+unuaWZ6v01bN++ncHBQXzf5/zz1/O3X/salUuWTFhDMplk7959vPzKK9TU1NDR0UFfXx/RrCjFRcUsX34el268lKVLlxIOH93NWttTj8Hg4+Mal7k55QSdqX+Pm/ST1PceIugE8KxHdiCL0uwS+hMDdMW6SdkUrnHIC+ZSGC086vG+9dnffYCgE8Q1LiE3iGd9Un6KokghuaGJu577EwN0xDqZl11O0J14g6/WgTYGU0P4+ARMgIrc+QpQRc6gkV8Qjf2+G/n4yD+P9eOJ/j7d7SIAdB+C790KA+2ZrkRERE7Qtj96Zsr7FaCKnGUUoMrZw+J31pHYei/JbQ+A78EUO9if8KtYH5wAwRXXE7nik5i8o6dcjz8+/bVtjMG39qh1MKeSSqXo7eujo72dcCRCYUEh2dlZE65HOjJFfaL7xtYw9uOp+L6P4zhTHv/6jp18/etfx1rLhz/8x1x04UXk5GSPC1p93yeZTNLa1sYjj/yG737ve3ipFIFgkM/ddRfvefftk67dmn4PPGKxGH39ffT39xONRMnPzyMrK2t0DVYRkdNNAarMODsegn//00xXISIiJ2i6AFVT+EVE5DQxOIWLCF/5adz564k/9S38vjaM457U7vBjWevjRPIIXfrHBFffgokWTF/VmNc+nvAU0lPhiwoLR9c/ncpUIeRUg/fpnm+y4xsPHeKuz32O1tZW/umfvseF558/YQ2O4xAOh6lYsIAP//F/4VBjIz//93/H830OHjxAIpEgEolMWkcg4JKTk01OzsRLJIiIiJyT1t4G+57ReqgiIrPUqW8FEhERGWEMJpRFcMVNZH3gXwiuuRmCYRiZnm+PmKZ/hCPvsdYOd2Cm7wnMqSL6zq8Tuvj9xxSezlapVIof/vCfOXDgAOvXr+eC9eunDHBHhEIh3v3ud6f3pTLpDbE0MUVEROQE3fpVKFqY6SpEROQ0UAeqiIicEU7eXCI3fQ5v7a0kd/0G27Ibv7cVG+9P7zAEjNsVyoAZzvLscGBqnAAmtxS3pJLA8psILrsKglln9kRmoO6eHg4cPEAqlWL1ypXHNZV+zpxSwpEwvu9TUlIy4bqqY/m+j7UWx3HGdcP61o5+9sbePlEga4wZXZJg7PNOttyBP7wR2ZH3T1TLSMg+0XNPVstYnucBjHsPfd8e1TR95DmOfc2xfz9yaZSplnQY+7wj5zzuPZ7ktrGvO9E5TbZUxch7O/ZcrU1/t03VFz22RmDC93bkOUaWqZjua2Lk9mMJ/kVEZqxQFrzn/8A/vwe8ZKarERGRU0gBqoiInDEmECFQcTGBuWvx2mvwW/bitezB72nC9rViB7uwyaF0oGoMxg1iInmQU4KTMwenaCHu/PW4ZSshmg9GYQtAbGiI2NDwTvTHuSzB4NAQvu+Rl5tHVVXlpOGrtZa2tjZq6+qIxeLk5+VRWVlJbm4OXV1d7K2uxvrpoKy0pJglS5YwFIuxb98+YrH4aNhWXl5GxYIF7Ny1i7KyMubPm8fQ0BDV1fupqqokO/vNpQESiQS79+yhp6eXaDTCiuXLyc3Nxfd9Ojo6qDlwkEQiQV5eLlWVleTm5tLd3UPjoUaWVlURjUbp6uqiobGRlStW0HT4MM0tLfiej3EMBfn5LFmyhHAoRCqVor6+gabDh7FYlixazLx5c+nr62Pvvmo8zxs9hzlzSlm2dOlonQ0NDXR0dnL++vUYY2g8dIi+vj7OW7aMhoZGWlpbRoPO0pISKioqCIVCo+/roUNNNB0+zMKKBZSXl9PT08PB2lqCwSCrV61Kf45jMfbs3UteXt7oRl+xWIxt219naVUlJSUlJOIJduzayepVq4hGo1hrOXjwIJ1dXaxbu3b0NQFaW1s5WFtHPBEnLzeXqsoqcnNzaDp8mENNTSQTwwN/AyuWL8d1Xar3VTNnTikLFizAGMP2118nGAxSWVlJS3MzbW3tJL1UusEcy8UXXsjAwABNhw+Pfj46Ozvp6OykqKiIvfv2YTAEAi6plIfjOGzccMlxff2KiMw4FRfC9XfCY/+Q6UpEROQUUoAqIiJnXiCMW74Kt2wFwdRb8GN96U7UoR5soh9rXIyXgGAUE8nHieZBKBsTyoZJdkU/l2VnZxMd3sSppqZm0m7Oiby2ZQuJRJLlK1awbu26SR/X3t7OE08+RXZ2NnNKStizby+HW5q5YtMmOjo6ePXVzaxasYJkKsWOnTu5xrfk5uXy2patLJg/j7zcvNHOzHg8zmtbtpIVjfKud76D/oEBtmzbRmlJybgA9bnfP09nVyeLFi7k4MFa9u7bx/ve+17aOzp46umniUazmFNawv6aGlpaWrn6qivp7Opk67btzC0vJxqN0tHewbZt26mqrGRfdTVNTU0sXLiQRCLBvn3VxIZirF+/jv01Nbz22hYWLJjPUCzGY48/znXXXgPW8sJLL7J21Woi0Wi6q/KI9+bAwVr27N3L+nXrAKitraOxsZHKJUvYX7Of7u4e5paXMdA/wJ69+7jk4otYuWIFjuPg+z61dXVs3rKF7u7llJWVUVtXx/MvvEhBQcFogNrYeIgXXnyRaFYWC+bPJxQKERsa4oUXX+RQ0yFufutbScTjvPTKKyxZvJhoNEosFuO551+gu7uL4qIilgwHr93d3fzmt49SUlJCfn4+W7Zu4+DBWt721rdQW1vL7j17WLl8OcY46RU2rKWzo5PnX3yRqsollJaWkkgkee73z1NcXER5WRl79u2jsaGRFSuW4zguWIv106H7M88+h+M4rF61io7OTnbv3s0lF18M1tLT00NdfT2LFy8iP//cXYZDRGaZKz8Bux+Dhi2ZrkRERE4RBagiIpI5xoFgFk4wC3LLRtdDTU//HV6Yc8rJxAKQl5fH0qVLee2119j++us0NjaycOH0a7ANDA7yL//8L0QiEd71zndSVjZn0mOr9+8nJyeHa66+iqysLJaet4zf/vZRGg8dIhgIEHADXHbpRkLhML966Nfs2buXiy++iGAwyPr165lTWgqkp3v39/fj+z6tbW28vmMHS6uWpqfOHzE1vebAASqXLGbd2rUsX7aMw80tJJNJag/WkpOdw3XXXks4HKKjo4PfPfEEra2tBINBPH/Mc5n0tHxDeq3YhQsWcNUVV+B5Hs88+yyHDjWxatUqtm1/nfPOO48Lzk93ke7c9QbhUJhYLIb1LZdddinhcHj0HMaz424fmbYO6S/pqspK1q9fRzKZ5Lnnfk9HR+cR09gteTk5HKytI5FI0NfbN+45UqkUtfX1LFhQQX1DA01NTSxevBg7/D41NB6ipuYACxbMx/N8zPD3TNPhw/i+z8KKhezdV82iRYswxvD0M8+SX5DPDddfRzAYZNXKFRw61DS6tEJhQSGXXnrpaHWO49DR0YnjOPT09DIwMEBbW/vwqxgs4Hk+2bk5bLrssnGP83yfeCLOCy+9xMoVK8CmzycnJ4dLN26kra2N1vZ2Ljj/fEpKSqb9mhUROSsYJz2V/3u3wFBPpqsREZFTQAGqiIjMHGYkknnz/zI913X5k499jF07d/L6jh18+zvf5c///M+YW14+4ZT8ZCrF4abD/N9vf5uW1lbuuOOD/MEtNx+1duZYXV1dFBQUkJ2djeM4ZEWzyM7Jpre3l+KiIlJeiurq/aQ8j86uTjZcfDHGGBKJBE8++RSO6+I4DmvXrGZhRQXWWtatXUNdfQPFxcXY0XVw0xzH4ea3voXfPPoYdXUNzJ8/j3Vr1+B5Hm3tbRQVFREOh3Bdl/z8fHJz8+ju6UmHcMNdkzC83mZ6MU4CgQC1DQ04zz/P4NAQnR2dbLjkYpLJBN1dXZQUF42uAbt+3VoADh48iLWWB3/1EI6bDkgvvfRSFo8JqB3jEIvFuPe++zHG0NnVRX5+3vC9ln37q+no7CSZStLd1c3GjRvGhbDWWsrK5tDQ2EhzczNDsRhz55YzMDAAkJ723tHO1VdeSXY0yq7du6kYfg+NMaxdtYp91dXk5+eNftekUin27tvHqpUrWLZ0KQ8/8hs6OzvJz8+ntq6OyzZuJBQK0dbWxsDgIEVFhaRSKdxAgJbWVu67/5f41ic3N5drr74aYyASiRAKhejs6mL//v0sXLSIRDwO1uI6Dp0dndx7//1YC+FQkLffdhsGmD93HolEghdeeJGS0hLAjK5pa31/dK1UrX8qIrNK0UK47W/h3/8005WIiMgpoABVRERkFigvL+MbX/9HvvW//w8vv/IKX7j7i9x4ww2sWbOanJwcHOOQ8lJ0dHSwZctWNr+2mVgszhe/eDe3vO1t02485bouvu+NLg/g+97oupXwZpdkJBLh4gsvZPXq1bS1t+M4DsvPO4+CgnwwhqKiIiAdGi6tWkogUMuWrVuJxePjXs/zPILBIO+47Vba2tppaGzgl796iPfefjvhcJhkKjXu2FQqSSAQwHUcwOIMn4/v+8N5qsX6PpFQmFAoxIGDtSxaWMGixYuJDQ3huu7oBlKQDi3D4QgMd4KuW7eWyHAHanFh4bhafSyBQIDVq1ZhDOzZu49YbHhNWguRcIRgKMi+/fu5YN06Fi1ceMRGUJacnFwql1TyyubNZEWjFBUW0dc/gLWWw83N9Pb2sf/AARKJBC0trbS1txMOBvF9n7Vr17Bt++ts3rJlNDDu7u6mva09vXZp9X4GBgZobDxEfn4+kXCYeCKBtZam5mbqaus43NzMtVdfBRZycnK46KILsb4lFAoSCoWw1hIMBZlTNod9+/bR2t7GhosvZveevUC6czUrK4uLLrgQDLjDG3tZC3l5uaxevZqHfv0wCxbMH7+hlDFMvKWUiMgssPY22PcMbL0305WIiMhJUoAqIiIyS1RUVPDFu+/m5VdeYfv27Tz77HM89fTT+P6bQWcgEKS4qIhrr7mGjRs3smzp0mPq/CubU8buPXtoampizpw51Nc3MDg4SHFREZ7nEY6EuXzTZeTl5REMBkdDMtdxKCktYW55OdZaXNclNjQEpLsOl593HrV1dSTiiXHT2n3f54mnnmJZ1VLWrllDdlYWO3btwrc+c0rnsGPXTlpaWigsLKS2to6+vn6KCguJRqPEEwk6OzqIRiI0NbfgOs5oQFpSUszGDRuIRiLs2LWL1pYWysrKmFteTn1DA2VlZcTjcZ5+5hnWrFlDOBQGA3PLy8nJzsZy9BR+66d3j1+xYjnGGNraO2hoaBg9n4qKBaxft45wKMz+mhqWLFlCeXnZm0GiAddxqVyyhF89/DDr1qwmEg7j+x6JRIJDh5ooLCzEYMjLz6ejq4uG+gaWLq0CIBQMct6yZTz+5BN4vo8xhsPNzbhuulPY8zzmlpdz6NAhli1dytq1azlw8CDLl59H5ZIlBAOB9HR/a/F9n0gkzIJ58zFmeDkNY9IdvG6Asjlz2LevmmAgQEFBIamUh8XiW59gIMD8+fNG3x9rLRaL5/mUFBez4ZKLee75F6hcsnj0vRlZpMMqRRWR2erWr0Ldy9BZn+lKRETkJChAFRERmUUKCvK58YbruebqqxgaGmJgYIB4PAEGAq5LJBIhOzubSCQybdfpWMuXn0d7Rzu/e+JJIpEwg4NDnL9uPfPnz6exsZFIKEwkHBm307vrOGAMTz/zDMZxMDYd8q4f7uY0xlBaWsrKFSvYum0bjvNmZ2IgEOCC88/nud//nr3V1cRiMVavXElxcTHZ2dm0tLTwyG9/S1ZWFkNDQ5y/fj0lJSW4rsuypUt5+tnnCIfD9PX1ccN11xIIBAgEggSDgXRX7PLltLS1sfm1Ldz2B7dwySUX89Szz/Lgrx4ilohTWlJKxYIFtHd0EA6Fefg/H8E4Bs/zWbJkMddcddVorcFggEgk8v+zd+dxUtR3/sff1cd0zzAHCAyHDDeInIKigAioiCgRjCh4KxpcSXB1Vx8xiVl/G39rVvenuxoTNRI1GiVCxCBGV4kXaABFQTmVQ1RQZMYB5u6e7q76/dFz9Nw9M91TPd2v52N5MF1VXfUp2FhVbz7fb9Wet8spT1qaDMOQq+p4DodD48aOVWHh9/p8z+fq0aO73O7wC9HcLrcsy1Lv3r2UlZWp3r16KRgylZGertLSUpWWlWryGWeob9++sixLXo9H+QX5GjCgvzxej2QYysvrp2HDhmn79h2yTFNHjuTrpJNO0rix4ReDHTlyROvfe19Hjx3VGadPVFFRkV597X+VlpamktJSDRwwQP1OPFElJSU6dvy4Vq5aJcmSaUlTJ0+W1+uV2+3WCd26qUtmF/Xre6LS071yucNdvx6PV+Xl5Xrxr3+VZVkyTUvnnXO23O7wn7lhGDp1wgQdOvSNnFXTOUiSwzDkTnOrmdkjAKBzS8sIz4f6h8ukUMDuagAAbWRYFv/mD3QmTf1Ptv7yyM8t/dzcsvT09HZWDAAAEFsVEZ3skb+3tKy5nxv73NJyIGrrH5XW3md3FQCAJnxy+bpm1zNbPwAAAAAA8XTWzdLQaS1vBwBISASoQAqgawIAAIB7ItjIcEjz/1tKz7G7EgBAGxCgAgAAAAAQb1m50jyG8QNAZ0SACgAAAABARxg9Rzr9arurAAC0EgEqAAAAAAAdZfYvpRP6210FAKAVCFABMB8YAABICtzToFNIy5Au+43kdNtdCQAgSgSoQIrhwQIAAKQS7n2QkPImSGcutrsKAECUCFABAAAAAOho594udR9odxUAgCgQoAIAAAAA0NGcbumSByWH0+5KAAAtIEAFkhTD1QAAAJrGvRISwoCJ0tR/srsKAEALCFABNIqHCgAAkMi4V0HSYCg/ACQ8AlQgSfAQAQAA0HbcS8E2DOUHgIRHgAqgjvoPD5Zl2VQJAABAQ/XvTWNKLZQAACAASURBVBoLPglD0ekMmChNut7uKgAATSBABVJYNA8XBKgAACCRcG+CpDXzDobyA0CCIkAF0CzTNO0uAQAAoAb3JkhaaV0Yyg8ACYoAFUgRbR3KxkMKAABIJKFQqE3fY1g/OgWG8gNAQiJABTqZeN38N7VfAlQAAJBImro36eh7JCBuGMoPAAmHABVIQdE+CBiGIcuyFAwG41wRAABAy6rvSVpzLwN0OtVD+QEACYMAFUhibX1oqP89AlQAAJAI6t+TxOpeB0g4AyZKp19tdxUAgCoEqECKi+YBgi5UAABgt2AwKMuyWtyOcBRJY/ZdDOUHgARBgAqgWdUPIcFgkPlQAQCALUzTVCAQkERAihTCUH4ASBgEqEASae8DRXPftyxLfr8/qs4PAACAWDFNU36/v9lt4nkPBNiKofwAkBAIUIFOKBbzfbW0j8bWE6ICAICOZFmWKisrG13XmnsZ5kpFpzb7Lim7t91VAEBKI0AFklw0N/7RPoAYhiHTNOXz+RjODwAA4ioUCjW452jLPwC3ZRsgoaR1keb9p91VAEBKI0AFUEe0L5Xy+XyqrKykGxUAAMRUdddptKNeCESREk46Vxoz1+4qACBlEaACKaY1DxmNbRu5LBgMqqKigiAVAAC0W3VwWlFRoWAwWLO8pfuRlhCwImnM/oXkybS7CgBISQSoQJJp6wNFW4fEWZalQCCg8vJy+Xw+BQIBhUIhmaZJqAoAAJpkWZZM01QgEJDP51N5ebkCgUCT9w/xmvOUgBWdRk5f6dzb7a4CAFKSy+4CACQewzBqHl4if25pfSgUqtMx0tgDUP1l0YashLEAANgv2rCx/nYtdZFG83O064GkNul6adtq6dCndlcCACmFDlSgk7Kjs6K1DzrRDLkzDKPmV0vHbu4XAABov/Zcb5vaLhbhaTzuZWK5LdBhHE7pB/9hdxUAkHLoQAVSUFMdpK39Odr9S3U7SBtb1tzyaM8JAAB0vKauwdH+Q2pr9h/r4JX7B3RK/cZJ4y+Ttv7F7koAIGXQgQokoY56GGjuASXa7pPmltNhCgBAYonmGt3c8mg/c+0HWnDBXVLGCXZXAQApgwAVSBHRPqTEssujqeH6jdXWUlDa0pBChvgDANCyeF1PWxuoJsJ9CdCpZZwgzbzD7ioAIGUwhB/oxKIZTh/LY7RliH9rhvBHrmtqfXvOAwAAxE5bhscn0nyozeG+AZ3CaVdIW1bwQikA6AB0oAJJqrU3/m15MGnuwaY9Q/jrr6erFACAjtfebtTGlje3XSzvRVr7XaBTqn6hlMNpdyUAkPToQAVSSGPdoU11ebamwzSaddWfpaZfHlUt2s5THnwAALBfLDpRox16H21gyvB9pIx+46RJ10sbnrS7EgBIanSgAkkslp0YbXmwqf7c1LKmjke3KQAAiSnaa3RT61sapdKadU1tFw3uLZBUzr2dF0oBQJzRgQp0cq2dBzWaLtH2dpu2Zt7TaOc85UEHAIDE1tqAs6Uu0fb84220dUVbK5DQPJnSBXdJq263uxIASFp0oAJo8xC4tjywtKbzFAAAJK7WdKI2tjzaz60JRLl/QMoaf5k05Ey7qwCApEWACiSB9nZ8tLS+PUP2m3twivYlFNH8AgAA7ReLa29z20RznxDL7tLW3gdxT4FO7Qf/IbnS7K4CAJISQ/iBFNWaofwtfW5qyH5jQ/jrb1d/XWProz0fAADQ8doSYja2PN6fgaTXc4g05UfS+kftrgQAkg4dqEAKiPYBIh4PLm3pPqXbFACAxNGW63JrulCrl8Xyc3PnAiS16Uul3GF2VwEASYcOVCBJ1O/4jNV32tKZKjX+Aqn6y+uva2x9UzUBAIDEEasu1MaWtSU8bcu9AvcXSAqeTOmCu6VnrrG7EgBIKnSgAimircPnov1OvLtPAQCA/eLdhRqLYfitCWuBpDRsevgXACBm6EAFkkhLHaXRdqlG21XaWDdpUx2mjR23uc7U5rYFAACJpy3/CNvc8lh2mra1QxbotC64W9o/SzJDdlcCAEmBDlQAUT+Q2NF5ygMNAACJpbXX63h1osZq6D6QlHKHSaddYXcVAJA06EAFkkxbu1Bb01Eay87TprZpbnsAAJC44t2J2ppl0dTDfQaS1rm3S5+ulvyldlcCAJ0eHahACorXQ0tbOk/rb0PXKQAAnUc8O1Grl7d1WXPLgZTQpbs0fandVQBAUiBABZJQPDo/WjtUv6l9RxuQNjekvzW/AABAQx1xnY1m2/YO7a9e3tS+W8K9ApLelB9JXU+0uwoA6PQYwg8kqZaG8rflu60Zqh/5QBLNMP6mtmsvHowAAOgY0V5zW+pSjcXy9tYBJA1XmnT+z6UVdKICQHvQgQqksLY+wMSr85SuUgAAEk+su1GbWx/t8up1zR0PQJUxc6W8CXZXAQCdGh2oQBKLpgu1uW2a6i5t7nvNfSdyfbW2dJ3yUAQAQGKzoxu1NcfmXgIp58K7pWXzJTNkdyUA0CnRgQokuVg8RLS2WyRyXXu6TgEAQOLq6G7U6nUt7TuauoGUkzdBOu0Ku6sAgE6LDlQgBUTbiSq13Dna0nym0cx3Gm3XKQ84AAB0fvH8x9zWHKM12wFJ6dzbpU9XS/5SuysBgE6HDlQgRcTqwSLarpJotqHbFACA5NLWbtSWtmnP+tZuByStLt2lMxfbXQUAdEoEqAAaiHVIGu0xeXkUAACJK1bX6o4MVwHUM+VGyZttdxUA0OkwhB9IIS0N02/tti0N3W9su2i2b81+AABA4mrttTse3aTcPwARvNnhEPXt/7G7EgDoVOhABVJQPB46WtslSpcpAADJo73X9dZ2sLZmvwDqmXKjlJVrdxUA0KkQoAIpKp4PNe0JQ6MZHshwfwAAYsPO625bh/63Zv8AGuHNls5aYncVANCpMIQfSGGGYbRqKH1rpgCI3L5aW4bttxUPTQAAJJb2BK0ddSwgZUy8SnrvMakk3+5KAKBToAMVSHFtfShpS8cJ3aIAACS/WFzv23OfwL0FEAW3ly5UAGgFAlQAMRl+F4vjMzQfAIDE1FHXarvvSYCUMvEqqftAu6sAgE6BIfwAarR2SH/971aL51B9HowAAEgusbi2c38AtIHbK824RVp1u92VAEDCowMVQB3x6CgFAAColigdqwAkjfshXagAEAUCVACNiuUDCcPxAQBIPfG8/nMvAcSIwxXuQgUANIsAFUCz4vmAwpynAAB0TnZdw7k/AOJg3A+lPqPsrgIAEhpzoAKISkfNcdrccQGklq1P/7ce21n7+ZTr/1U/Hm1fPQDswb0AEGcOl3TOv0jP/8juSgAgYRGgAmi16geZjgxSAcTAjpW66Y+Haj+POl9PLKLjBEBiIjgFOtCI88JdqId3trwtAKQghvADaDOG2wMAgFjhvgKwkWGEu1ABAI0iQAUQMzz4AACAaHHfACSYEedJJ461uwoASEgM4QcQN409DDHsH0C0xi/6Vz1hdxEAYoKAFOgEDEOa8c/MhQoAjaADFUCHsuutvQAAID64tgNJZMR5Uo/BdlcBAAmHDlQACYcHLaCDGK3831ugSJ9vfFOrNh7UwfyQgpLkcqp33zxNOecszRyTK3cTXy3at17PvbxFO74Nf8+V1U2jzzlbi6aV6enb39An1RvmjtU9d56nPpIOv7VMd79WXLUiW5f8dLEu6BX+tPXpB/Xojuov9dOPH5yvvK2v64lX9+nAsZAkydWtp6ZfOk+Xj8iJ/hwBAEhlhiFN/4m06na7KwGAhEKACgAAWnZkvf7fbzZrj6/e8mBI3339pV7645f63yET9fMfT1Ofepscfusp3fPasXDgWv21kmP65OWX9LP9/ZTX7uL82vD04/pkh79uaccK9NayP6nw+kX6yZgu7T4KAAApYdwPpXW/k77/wu5KACBhMIQfAAA0r2KHftdYeFp/s/2b9Z9P71B55MJ9q/Wf9cLTurs+pD3tLrCgQXhay69PXn5PX7f7GAAApAiHS5rCPKgAEIkOVAAA0Kyv33hPn0SEp91PO18/v3S0ctxSoHiHnvvNG9pwLLyuYse7WrFvtBYNlaSjevPl/aqI2FfeWfN065yh4e8e/VC/e/A97WwhmI2Kt4+uv32BzjzBJRV/qt/d/2ZtzccOaucRqX+vGBwHAIBUMP5S6d2HpeIjdlcCAAmBDlQAANCMfXprc0RPadZJuumKcHgqSe7s0Vp0zUnKrtnAr62b94V/LN6hD7+N2FXfibr14qG13z3hdN12zRClt7tGp6Zcc2U4PJWk7HG6ZEpGxPpifZHf7oMAAJA63F5p6s12VwEACYMAFQAANK34Wx2O7BAdMFAN3s1bb1nFtwf1vSTlH9V3Ecu7jxiqBq9zGjFIJ7W7yD4aNaLeIi+DbAAAaJeJV0nZDN8AAIkAFQAANKfCX2cIfuNyNTg34mMwqEAj33U3Gmo621df9b5jshcAAFDD7ZUmLbK7CgBICASoAACgaemeKIbY59cdIu9yhQNNd93ANOBr7FVSofZUBwAA4mniVVJ6g/EjAJByCFABAEDTsgdpcFbE56++1Bf1t/nqUJ1l6X3z1EOS+vbUoIjlhZ/tU1H97352QJ/HrFgAABBT6TnS5BvsrgIAbEeACgAAmpGnKadEvJCp5HM98ecdKgqEPwaK9+mFF3equGYDj8ZPHBr+MXu0Tu8bsatvN+vh1ftqv3v0Qz30p/1RTBEAAABsM/mG8HB+AEhhvGEBAIBUteMNLb79jSZX977wGv3fc3PV//yzdMrmN/RJ1cukCj96Q3d81Pj30kfP0MKh1Z9O0PQ5A7Vm2Zc1IenB917WHe/F7AwAAEC8peeEh/JveNLuSgDANnSgAgCA5qWP1k9un6FTslrYbMhE/XzRaEX0q8o9Yr5+fmF2M7vup+GxqRIAAMTL1JvpQgWQ0ghQAQBAy044VT/59x/pjnkDNSjXWTuExeVU7/4DtXDJj/Tgj6epTyNf7XPuYj2wZKJO6Vv7PVdWN025+ho9uGhUncBVXk/dzwAAwH7ZvaTxl9pdBQDYxrAsy7K7CAAAkKKK1+ueX23WwaqP6afN02+uGNrsVwAAgA0K9km/OVciQgCQhD65fF2z6+lABQAAcfSZnv73x/TrF9fr82/KFIhYEyjepxeW1YanknTSaMJTAAASUs+h0tBpdlcBALbgJVIAACBuAlu3aENJubRxsx7YuLn5jftO0CVjOqYuAADQBlN+JO1tvksLAJIRHagAACBuDn9bFt2/1nYbolt/fHajc6gCAIAEMXRauBMVAFIMc6ACAID4Cnyrzzdu0/9u3qeD+X4VB6uWu5zKzs3VxGln6YKJecqxtUgAABCVD5+T1vzC7ioAIKZamgOVABUAAAAAAEQnUCH91xlSxXG7KwGAmOElUgAAAAAAIDbc6dLkRXZXAQAdigAVAAAAAABEb/KicJAKACmCABUAAAAAAEQvvas0fr7dVQBAhyFABQAAAAAArTP5Bskw7K4CADoEASoAAAAAAGidnkOlodPsrgIAOgQBKgAAAAAAaL0pP7K7AgDoEASoAAAAAACg9YZOC3eiAkCSI0AFAAAAAACtZxjhuVABIMkRoAIAAAAAgLY59XIp4wS7qwCAuCJABQAAAAAAbeN0Saf80O4qACCuCFABAAAAAEDbnbowPJwfAJIUASoAAAAAAGi7XiOkgWfYXQUAxA0BKgAAAAAAaJ8Jl9ldAQDEDQEqAAAAAABon1FzeJkUgKRFgAoAAAAAANonLYOXSQFIWgSoAAAAAACg/RjGDyBJEaACAAAAAID26z1SyhtvdxUAEHMEqAAAAAAAIDZOv9ruCgAg5ghQAQAAAABAbIyaE54PFQCSiMvuAgAgoViWrEBARjAoyzQly6r6ZXdhAICUZ0gyDMkwZDgcslwuGW53eBkAJIq0DOmUS6QPn7O7EgCIGTpQAaQ8y7KkQEAqL5dVUiJV+GQFglLIlEzCUwBAgrAUvi6FzPB1qsIXvm6Vl4evYwCQKBjGDyDJEKACSG2hkFRWJqu8IvwwSlgKAOhMLMkKBMPXsbKy8HUNAOzWe2T4FwAkCQJUAKnJNGWVlckqLQt3mgIA0NkFQ7JKy8JBqsm1DYDN6EIFkEQIUAGknlAo/HAZpEsHAJCEgiG6UQHY75RLpLQudlcBADFBgAogtVRWVnXmMFYfAJDETCs8yoK5UQHYJS1DOulcu6sAgJggQAWQOkIhWT4f85wCAFKGVVFBJyoA+4yda3cFABATBKgAUoNlySovJzwFAKQWS1XXPy6AAGww/Bwps4fdVQBAuxGgAkgNFRUM2wcApCbTCl8HAaCjOV3SyNl2VwEA7UaACiDpWcGgrEDQ7jIAALCNFQjKCnItBGCDMQzjB9D5EaACSH4+n90VAABgP66HAOww8Ayp+0C7qwCAdiFABZDUrMpKKWTaXQYAAPYLmeHrIgB0JMOQxv3Q7ioAoF0IUAEkt0DA7goAAEgcXBcB2GEsw/gBdG4EqACSl2VJoZDdVQAAkDhCofD1EQA6Uo8hUu+RdlcBAG1GgAogaVmBgMQzIgAAtSxJvEwKgB0mXGZ3BQDQZgSoAJKXydynAADUZzE6A4Adxs4Lz4cKAJ0QASqA5EWACgBAQ1wfAdghs4c08Ay7qwCANnHZXQAAxE1cHxCLVLZhnQKvr1Po403SlkNVy/tJkyfJcfF0uSZPV/qwHP5DCwBILASoAOwy4TLpwCa7qwCAVjMsi1nkASQnq7g4DnOgFqls9UPy3fuUdEjS0Ekyzp4lo1/EJjvXynxnk1QgacYNct1zmzKH5cgZ61IAAGgLhyEjK8vuKgCkIn+p9OuxUoi5mAEklk8uX9fsehqjACSvGIenoaKNKl50i8yNHmnxA/IsvUjpud5GgtEbJflU8fEr8j3wkILTXtHxpY+oy12T5Y1tSQAAtB79EwDs4smUhp8j7V5rdyUA0CrMgQoAUQgdXKOisy6X6Z8l1/q31P2ey5TZaHhazav0Uy9Ttz+/Je9js6TfXq6ym9eoogNrBgCgUeSnAOw07hK7KwCAViNABYCW+Lao+OZbZA29U55Vv1bOsNb0kXrV5eJfK+tvd0obblH5I1tUGbdCAQAAgAQ3bJrkdNtdBQC0CgEqADSrSMV33yTTv0Rpy3+szDaOwU879cfKenqJ9OubVPpOUWxLBAAAADoLT6Y0/Gy7qwCAViFABYBmBDY8psCfJMc9tymryfDUp9JHFqpw7EId+9jX5L7STr1N7sWSdetjKml6MwAAACC5jZ1rdwUA0CoEqADQpCJVrHhMmn23vFOaaz3dpcCvN0kFm2Ru2NXMdl5lL71bRsFjCsSoC7Vi9WIV9nlUpTHZWzPy1+hon8UqypekfBUtGqDCRU3P6Vr6SPPr4+rjR1VYU2ustXzukUofGaDCR7bEoxAAAIDOa/g5DOMH0KkQoAJAU/LXKbhSMq6drvRmN/TIGFX9o6f5feZOl+sayVq5rhO/UCpXGQ9tU+ZDs5Rmdynxlr9GR/sM0LGPqxek0LkDAADEiydTGjzF7ioAIGoEqADQBP/OTbJ0kZyjclrYsqeMvPBPRm7PFrbNUdrZF0mvb1KgE0+F6s7JkSfHK6fdhdgglc8dAAAgZk4+3+4KACBqBKgA0IRg/n6p50g5c1vaMlfOCeGfjLwWN5Y3b6Sk/bKK21thfVt0rM8AHXtnp47ffI4K+wxQ4VlLdXyHT5JPxXefpsK7NyoQ8Y3AhvtUOPY+lfikyoPv6vhPr1Xh2AEq7HOaCm9+TqVNzNVad2i6T2Wrf6XCiQNUOPYcHX1ii8wWzs338ZM6OufMqhqv1bHV+1RZvd9731Xps0tVOHaAjr5TJKlIpSt+Ed5/nzNVePcalUXUVbl3jY5dcWZVzU+qJL/uwUNFO1X002vDx5pYe6za86g9XuHYc3T02Z2qVNX0CONukSXJ/MGAmmkB6p57kUpXP1p7LhOv1bF3DirU6EnvU9HdVXWMPUdHf/oXlXbiEB0AAKBdTp4lGYbdVQBAVAhQAaAJVv4m6dR+UXUaGp6RkkbKaGEEvyQpt58MbZIZlzk6JfORF2UsfUGZn70v99n7FbrteZXJqy4LlkjLXlRFTWhXNcfr0ouU4ZWM/EOyptymjPe2KfOzF+Ty3yX/si2Nh4ERfO/cI9/d++V4+H1lvvdXpQ9bq8Bvm96+8uP7VPaDV2Tc8YIyP9umLk/dIBUXqOb2ecVdqiy6SJ5Vm5U5OUdlK26R/9lsuV8K1+X2PCXfg1VBcNG7Kp1/j6wpDyjjs7eUedcQBX/7WMTRDqr05gsVzLlBGZ9tU+ZLN0jLLlfZhogEdtljCmQvUZf3tinj4emy7rxD5TuktNkPKHP9AzIkOZZvU+ZnDyijQT5eLPNgtlwP/TV8Lg+PlHnlPSpt5O+27NlbFDw4S55PtynzvWeUdup+hQ628IcLAACQrLJypX6n2F0FAESFABUAYsCR209SPxktN6DGnXHtEuWMzpUnJ0/Z8y6Sdm5VMF9yjp4l14wXFXi9KrU7uFaBldPlumCUnJLcp16tbhdPUHpOjjw5Q5U2b5a05VBNt2bj8uVf8by0+DZlT8mTJydH6WffJvfiprYvkm/FY9LiO5V5dnh777AZ6nbtZNW8RuDUO5V+y/nKHJarNO9OBZatk7F0ibLzcsLntHiJjN+uVYVP8m14UZZuUNotk8N1581Q5l031B5ux1oF371U7qUzatanL50k8/WttZ24p14l78Wj5M3JUfrZF8mhXTIP5svpzZEnpyoRz86RJydHDV91kKfsW65W9rDc8LlMmSWH1spsJBi1/AWSPDKyw+eRufBnyhnd7B8uAABAcmMYP4BOwmV3AQCQqIzcSdLHh1rswJSk9Nl3KrBc8kYToOYfkqVJUUwN0DYNpxHwV/2eJ8+1lyr44FqVLrxRzg2vSNfcIE/V/K2Ve99Q2W+fkrllv7SvILxw9kUtH9AvGXmRnbpeOXpKarS70i+rQDLmDWkkjKwyoV/ES7v8snZK1g1jVVhno1myiiXL72/QJez29JR0qOrrfkkvKjDixbrfnz1LwUaPV3tO0SlSybP3K7B6l6yNW2uWNvavk5mLX1Do1/fLd9Yd8uXOkrFwiTKunSBvtIcCAABINiPPl9beZ3cVANAiAlQAaIIrd4hUsEuhfEkthZ3eoco+O7r9+g7ukjRERnY7C2wD79mXquLOexTcMUnBZQVyPjSjKsA7qIo7b5I5+gl5V02SyyMFX79Dvtej2KlHsg4eUki5VUGmT2ZBC9tv2a/AxblNh6iRG/eUjPs3q8uUuvMjOHKkkMfTIOQO+AvqfF26Su5P75Snztc9ckmqiOb4zQhseEiVdxbI+bdHlD40W9JWlY+4rvGNvUOVc88y6R4pULRTZbddqDLP+/IuzGuxCgAAgKTUY4jUe6T03S67KwGAZjGEHwCa4Bk1SYZeUWhnS2/6yVfx3QtVOHahjr3T0sSmRap85xVp9iS5c2JVaSt4J8u9VAotukmhnjfIUzOE3CPlhH93eCQVb1Xls2uj2GGuPAuvkn59j4rfOSh/UZEq3nlIgWUtbL/sfpVWbe8/uFHHnt1S5+VWtUYpbel4Wb99Sv7qd0MV75fvnf2yJHmnXCpD98t/77uqKCqS/+C7Kr33qdqvj54u54TnFVi2VWbVInPfWvn2Kaq5bZXbT45Rkvn6RvmkBt3IDk/P8A8ejyS/Aq+/WHOcunwqeeJXKvo4fM5mdYdrUczfJAYAANC5jJ1rdwUA0CICVABoSu50uRZI1rPrmu9UzN+k4LJNUsEmmc9uamHbdQr+STIWTG84bLyDZF5wg3TokIxrZ0XUkKvMe56RY+9dKh9xrkrvPSTnwllR7c979t3yPjZe5k+nqnTEhSrfMV3upc1t/2tlLJ8l6+4fqnTEWJXe/KLUM1tWE9t3uekZeRf7Fbzy3Krtn5fpqWrfzZmhzFWPyLHjLpWPGKvSn+6Sc+mSiG+PUtbyt+TyP6Xys8aG63u2oBXdv6OU8dC9MjbcobI+A1T8cd21zlNvkOd+j0JXTlTpzDsUyJ3VxIXVK/fofgrde134HGbeIjPvEXmvHRVtIQAAAMlpJPOgAkh8hmVZTT2zAkCnZsWguy+w4T4Vz39RjlXvq9uUpmarzFfxrZcr8I5k3P+CTrigqfH+PhXfPVWB1Zcq7cOfKYvJLwEANjFybJhHBgCa8tDZ0vf77a4CQAr75PJ1za6nAxUAmuGeskTuayTz7odU4mtqq1xlP/y2um97u5nwVKr8ODy03Xh4CeEpAAAAUI0uVAAJjgAVAJqVo+x7npDD85gqr3xUpU2GqM2r/PhRlSx6TPrFE8o8247JTwEAAIAEdTIBKoDERoAKAC3xTlD244/I2He//PN/oaK9rUlRfSpb/QuV/OB+acojyrhlgtLiVigAAADQCfU7RfIytQiAxEWACgBRcObNVc57L8jhWavgtHNVePdfVJrva/BW9lo+VXz8Fx27ZKp8S9ZKS19Ql8fn2vbiKAAAACBhGYY0bIbdVQBAk3iJFICkFYuXSDVUpLLVD8l371PSIUlDJ8k4e5aMfhGb7Fwr851NUoGkGTfIdc9tyhyWI2ccqgEAoC14iRSAhLP1L9Kq2+2uAkCKauklUgSoAJJWfALUakUq27BOgdfXKfTxJmnLoarl/aTJk+S4eLpck6crfViOXHGsAgCAtiBABZBwjn8jPThFIqIAYIOWAlSe6wEkL0NS3O6/ctRlylxpytx4HQAAgPgw7C4AABrR9USp18nSd7vsrgQAGmAOVADJy8F/4gAAaIDrI4BENZx5UAEkJu6eACQvgxYbAADqMwhQASQqXiQFIEFx9wQgeTl5bRMAAPVZBKgAElXeBMmVZncVANAAd08AkpeLaZ4BAGiA6yOAROVKkwZNtrsKAGiAABVA0jJcLl6UAQBAJKPqVLMm5QAAIABJREFU+ggAiYph/AASEAEqgOTGMH4AAGoQngJIeLxICkACIkAFkNx4UAQAoBbXRQCJrscQqWs/u6sAgDoIUAEkNcPjkRyM4wcAQA5DSuPlLAA6AbpQASQYAlQASc/weu0uAQAA23E9BNBpMA8qgARDgAog+bndkpshiwCAFOZ2ha+HANAZDJsuuTx2VwEANQhQAaQEIz2dofwAgNTkMMLXQQDoLFweKW+83VUAQA0CVACpwTBkdOkikaECAFKJoarrHxdAAJ1M3gS7KwCAGgSoAFKHwyEx/xsAIIWER2Bwyw+gEyJABZBAmBQQQEox0tIkp1NWeblkWnaXAwBAfDgMGRkZktNpdyUA0DYDJkqGQ7JMuysBADpQAaQgp1NGZqbk5D+BAIAk5HRUXecITwF0YhndpF4j7K4CACQRoAJIVYYhIzNTRkY6QSoAIDk4HTIy0sPhKXOeAkgGgyfbXQEASCJABZDq3O5wkNolQ3K7eMkUAKBzMSS5XTK6ZISDU7fb7ooAIHYGEaACSAzMgQoAkuRyyXBV/ScxFJKCQck0ZZmmZJrMlwoAsJ/DkBwOGQ5H+MVQLhfD9AEkN+ZBBZAgCFABoD6ns+aBlIZUAAAAwCbV86B+t8vuSgCkOIbwAwAAAACAxMQ8qAASAAEqAAAAAABITMyDCiABEKACAAAAAIDEVD0PKgDYiP8KAQAAAACAxFQ9DyoA2IgAFQAAAAAAJK7+E+yuAECKI0AFAAAAAACJK2+83RUASHEEqAAAAAAAIHHl0YEKwF4EqAAAAAAAIHF1HyR16WF3FQBSGAEqAAAAAABIXIZD6jvK7ioApDACVAAAAAAAkNgYxg/ARi67CwAAAAAAAInPsiTLsmSZVb9bkiVLVf8X/t2yaraNZBjVvxtS+P+qfjdkGOHlhqPqd6ORgxOgArARASoAAAAAAAizpJBp1QSlpmXJMq0GgWird2tV/15/R43v2DAkh8OoDVb7niJnl55SWUH7CgGANiBABQAAAAAghYVClsyQpVDIbHdQGiuWFa6rJmA1uki3fiDj+/1yfrVJjoOb5Pxqk1RWaGudAFKDYTX85x8AAAAAAJCkEjEwbRPLklGwJxyofr1JzkMfEagCaJNPLl/X7HoCVAAAAAAAklwoaCkYNGWaSRwBWKYcBzbItXO1nHvWSv5SuysC0Em0FKAyhB8AIliWpQpfpfyVAZkhs3bOJ7sLAwCkPEOS4TDkMBxyOA150txK96aFX8gCAI0IhSyFgmbVUPgUYDhkDp6qysFTpaBfzj1vyrlztZxfrJdCAburA9CJ0YEKIOVZliW/P6AKf6UqK4N2lwMAQKukpbmU7kmTx5PW+JurAaQU0wx3moaCPOrXqCiSa/drcu78qxwHP7K7GgAJiCH8ANCMykBQJaUVCgZDdpcCAEC7uF1OZWamK83NIDMgFYWClgKBUOee07QDGEe/lOujp+XatkqqLLe7HAAJggAVABoRDIZUUlqhygAdpwCA5JLmdikrM10ul9PuUgB0gGDAVCBg2l1G51N+TO6PnpHro6clX4nd1QCwGQEqANQTCIZ0vKg0uSfQBwCkNIfDUNecTLkJUYHkZEmBoKkgwWn7+Urk2vInuTf/USr73u5qANiEABUAIpRX+FVSWmF3GQAAdIic7Ax5PWl2lwEgRiwr3HEaDBKcxlzQL9enf5Fr42Myig/bXQ2ADtZSgOrooDoAwHaBQIjwFACQUoqKyxVguhogKQQCpnwVQcLTeHF5FDz1avlufkeBabdJ7nS7KwKQQAhQAaQE07R0rKjU7jIAAOhwx4rKmLYG6MRCISscnDJcv2O40hSc+s/y/dPfFRp6jt3VAEgQBKgAUkJRSZmYsQQAkIosy1JRSZndZQBoJcuS/L6QKv0hcRvb8azsvqpc8Af5F/xBVrcBdpcDwGYEqACSXmVlUJWVDF8EAKQuroVA51I9XJ/ucfuZQ8+Rb/Eb4WH9LuaUBlIVASqApFdcWm53CQAA2K6E6yGQ8Biun6Cqh/UvfoNh/UCKIkAFkNQqKioVCnEDCgBAMGSqoqLS7jIANMKyJL+f4fqJzuo2oHZYf3Zfu8sB0IEIUAEktQqf3+4SAABIGFwXgcRjmpb8vqDMEMlpZ2EOPUf+a1bI7DvO7lIAdBACVABJyzQtBYIhu8sAACBhBIIh5lQEEkgwaMrvo+u0M7JyTpT/mpUKnn693aUA6AAEqACSlt8fsLsEAAASjr+S6yOQCPz+kAKVTDXVqTndCsy8W5U//J2U3tXuagDEEQEqgKQVDNF9CgBAfUFGZwC2Ms3wi6IYsp88QidfIN8NrzCkH0hiBKgAkhYvjwIAoCGuj4B9GLKfvOoM6TcMu8sBEGMEqACSVsjkAREAgPq4PgL2qGTIfvKrHtI/9yHJ4bK7GgAxRIAKIGmFGMIPAEADJh2oQIfz+0MKMWQ/ZYRGXST/pY9LaRl2lwIgRghQASQly7IYGgUAQCNMLpBAh/L7Qsx3moLMoefIf+Xzkjfb7lIAxAABKoCkZDDvEAAAAGxkWQq/LMokPE1VZt9x8l39gtSlh92lAGgnAlQAAAAAAGLIsiS/L8iIKMjKHSHfNStlnTDQ7lIAtAMBKgAAAAAAMWKalnwVhKeoZZ0wMByi5o6wuxQAbUSACgAAAABADJimJb+PF5miEV16yHf1CzIHTra7EgBtQIAKAAAAAEA7hYftE56iGd5s+S/+raxuA+yuBEArEaACAAAAANAO1XOeAi3K6Cb/5X+UMrrZXQmAViBABQAAAACgHXhhFFrD6jZA/gVPSZ5Mu0sBECUCVAAAAAAA2sjvCxGeotXMvuPkn/+45HDZXQqAKBCgAgAAAADQBpX+kEyT9BRtYw6coso590sG0QyQ6PhfKQAAAAAArRSoNBUKEZ6ifUJjfqjAuXfZXQaAFhCgAkB77XlVv7zvVe1qYvWuVU/ql6v2dGhJyWbPq3/UL//n72rVn2ILfy9RKfyHHrrvST20sbA9ewEAAEkmFLQUDJp2l4EkETx9kUJjLrW7DADNYLINAEBiK92st7c75fV8rY27/Bo+0tNxx+5+mv5p6VjJm9VxxwQAAAnNsqTKypDdZSBCyAzJF/KrNFCqsmCZygPlKgtWKGgG5A9VqtKsVNAKybRMOQ2n3A6XXA6X0hxpcjtcynClK8PVRRmudGW5s5SZ1qXDz6Hy/H+X9+AHMo4f7PBjA2gZASoAIKEd3rRXhwaN151jvtD96z7Q4ZHT1KfDju5RemYHBrYAACDh+X1Bu0tIecWVxTpYekifF+3XVyVf67uyIzrqPy5/yK9AKKiQFVTQDMmSqZAZUsg0ZcmUJUuG5ZDDYchhOOQ0nDIMQ07DFQ5WnW5NzB2vfx57c8efVFqGKuc9LM9zC6VQoOOPD6BZBKgA0NGKdmvVqg+0PT+koCRv7omaO3+mxua4GlnvVNdBo3TV/Inq45KkQq1/YrW2DJ+hc8q2as2uInknXqQ7ZhzX8/e9J829UIO2v6O1BypqvnvdwonqKUkKquTrrXrt3b3a/W2FgpJcOT114YK5Or17+NAFG1fo4e39dO3UEr326jf6PiRlDhqhq+aNl7a+qeffL1BpzbIzleetPqnj2vbqm1qzq0i+UHi/sy65UFN6NX6ZKdi4Qg+vk2YtXqhp3Zv5swru0dvbKzV+3mhlDU7X+Dfe04Yvpmn+4PrbHdaGVfXOe0wjx2z1ue0J/7lecqOuGq7wtAAvSQsW5WrrSzu1tygkOdM1bOZMXTc+N6q/fgAA0HkFKk1ZTHvaYao7S8sD5fq69Gt9+v0OfVz4qQ4UfSl/KCCrhb8Mw5Jk1F1mSTLM2p8jpTndGpQ9MFblt5p54ikKnP0zud/8v7bVAKBxBKgA0KEO69XlG3Rw0Ezdeu0AZQYL9d3ezVq7uUBjZ/aRfHv0/FMfKTh1pm4d30+ZwXztfuNN/X5Vuu5cOFrpVXv5ftN7envMeF1302B19aRLOi5JOvDGJmXOmak7558gFe7UyuUfacXmYVo6saskl77/plB9Js3Uhf1PUJarUgfff0W/X7leeUsiujqPfqaXtp+mG/9ltrr6dmvlsg16ZtkX8vY9TTf+y4XqWrZXK5/aoBXvD9YdM/tIKteuVa9oTXCErrtprPK6hHR4z3o9/+xr8t4yVxO8Df4Q1HPyQv3H5Jb/tEq2btPunFG6c7AkDdGUMR/od+9v1qzBE1U7qP64Plz+ml4LDtONS87QoC4hHd79pp5/o0jSCXV32Opza0yB1ryVpksuWaAru0vfb39TT76xXhuGXaopmS2fEwAA6JxCIeY97SjFlcXaW/SF9h7bq93H92jPsb363n9MoZApGVWZqCUZRnhKheqQ1FDdUNQyGuSnzRqcNUATeo6N1Wm0SfD0RXLuf1uOA/+wtQ4AdfESKQDoUCU6XiT17D9A3VyS29tdeWNm68aqsO7w+x9pd9/xunJiv6r1uRo77zQNO/CZtpdG7GbQafqnOeOUl5OlLG/tv4VlTpqmecNzle5yKb3XOE0b7tR3Xx+u/drk2Zo2PDf8HVeG8sb0U4+iw9pbFFljb81dOE49XZI782TNGp8uX7C35s4/WT1dLrlzwsuOf/2VjknSkY/02t4czZ0/UXk5HsmVoT4jZ+vCwQX6cHdJO/6sDmv9R0UaNmlsTVjaZ8ZYDft2r9Yfidjsm216+9scXbhgmgZVH3/MXF04vLG5yVp5bo1K17Tzz9PIXhlyuzLUZ/w4newp0oGv23GqAAAgsVlSpZ95T+Ot0HdUf977ov7tg3t1/5b/0VO7n9c/Dn+g/IpChcyI8LQJ1eFpk9s01bBatfysvpPVJ6N3m2qPJf/c/5a69LS7DAAR6EAFgA41XLOmb9XDry7X43sH6PQxAzSofzgslfw6XFghHfhAv7rvg3rfy1SeX1JVh2OP/n1qulEj9exedzx85gnp0vajKpDUU1KgaLfWvr5T2/NL5SsLTyEgZUqRU3md0FV1btc8TqlLhrrVXxYMfz+Qf1zHVaCVDzyplfXq6dG3suU/kiYEdm3WRl9/3Rj50ijXaE0e85FWfrRfc+YMCW939LhKu+Qqr1735/BBPaXt9XbaynNrXKZ6dK/7uWcXaUtRoaTm5iMAAACdlZ/wNG4sWSquLNbqA69qxd6X5Av6azpJjZpt6n8nYmVEWlr9Pav+ttWb1QtgjYgfMlzpumDg+XIYCdBn1qWn/HP/W54XrpMsup6BRECACgDt5XJKauqmukSlZVLX/l1rlvScvFD/Z8whHdj9hbZu/ofWrKrUyfPma+FwpyTJO+Ys3Tq9/vBxp7ztHR4e3KHlj32ggpNP01XXDlZXp6SjW/X75Ydb/GqLPP117eJJDV7u5Grz2+uPa/OmAskvPXnfk42s36oN04cwZB4AAMRdIGDKNJn4NB6CZlB/P/i2XjrwNx0o+lKmZYVD0Kr0tP4Upi0Nx4/8W6oOUx2GITNirlQrYkOj6hhOh0O3nrJEXdNy2ntKMWMOOlPBSTfJtfFxu0sBIAJUAGi//v00TB9p9xfSyPovN/J9pd3fOjVoat0XDLkz+2n4xH4aPlGq2P5X3fvuVp0z/Ez16Z4u39dFUuZwtTV6bFJRkY4pU6dPHae86nvDfL987dytO7eruvrz9b2yNDxWgebXm/V2fk/NXXK2TnbWX1mp3a+u1vpNhzVlZp/w8cvydbBUdbpQ9xyo7rsFAABoG8uSggE6AOOhLFCux3c+qXXfvK/yYEWdkDOSFfGDVS9BjQxb68tIy9C4HqO199h+FVQU1oSxhqr2Y9Xue2z30Zred2r7TyrGAtNvl3Pv32V8v9/uUoCUlwC96QDQyblG68Lp6dq6aoVW7cpXiS8oBct17JtPteLpD7Q3d4SmVQervh1a8ew72nakRBVBKeDL1+5dpVJmpryS+kwdq2H52/T7l3frsM+vQLBcx77+h558dr0OtrfOnBx1U6m2bf1KJcGgKo58qmde/brdAap6naZzBhXptT+9rm1HyhUI+lVR9JXWL39Rr37Tlh36tW3j19KYUTo9J0tZmfV/ddfpE/vLt32LdgUl9RqraX2L9NrK9TpQVK5AsFyHt6/Ra3saJK8AAACtwryn8VEeqNDjO57Ua1/9XaWB8oYdovWG5auxZVbdbS1Lcjmc6urN0cVD5uiXE+7Q0YpjKvQdrbPvmiH9VcP505xuXTDwPLkd7pieY0w4nKo871d2VwFAdKACQEz0nDxft+e8pxXrXtP9a8I32i5PunqfPEW3zz65do5N7wCdfvJXenX5Sq30S5JTXfsO1rWXjAt3nHpH67olTr388lb9/qENCkpy5Zyg8dOnqd3T2btGa8E1RVr50pu6/yPJ1aWnLjx3hI6tOdTOHWdowsL5cr3+jtY++2etDElypqvfmPFa2KvxbxRsXKGH10mzFi/UtPrThpZu0/oD6Rq/aEjThxw8WuO9r+ntrcc1cmJXnX7lhdLL6/XMY39WUE51HTRK153v1MNr2nlqAAAgZYVCFkP348CyLC3ft1JrD74dTj2b6CBtsChiMlPLCgeg4f1JHpdHg7MH6ozeEzS620h9XrxX9299SMf9xc3u1zAMjesxWqd0H9P+E4sTc9AUhUZeJOeuV+wuBUhphmU10ScPAJ3ckYLjdpcAAEBC6tWza8sbASnOVxEUT8uxt+bL1/T4jiflD1bWfVFUxIf64WnkvKX1V57UbajmDZyjcT1G67vyI1q+5y/afnSXAqFAgzlRq3dT/bPL4dbPTr1N0/tOTYyXRzXBKP5W3mWzJX+p3aUASeuTy9c1u54OVAAAAAAAIgQCJuFpHHxdekjPfb5CvmClpLpzmBrVE5RK4eH5ES96qpm3tPo7krqnn6BFJ1+pWf1mymk49NKXf9OyHU8rEArUbGhYNburOwdq1WFGdz9JU/tMSejwVJKs7L4KTPmx3O/8l92lACmLABUAAAAAgCq8OCo+fCG/Xty3Wkd9taPEauYwjRjJHzlHaWTwKUkep1v9M/vrrBMna1beOcpN76mvSg7quT0r9O6h9xQyq/7eInYU2bAa2cna1Zuj28f/s9yOzhGLBCfeINf2VbxQCrBJ5/gvBQAAAAAAHYAXR8XH1yUHteG7D2Wp6dZeq4mfDcNQ/6x+mjPgfE3uNVF9uvSRIWndt//Qyn0vac/xfQpZZqNzqdbZWVWnq2EY+uHgOeqT0e63DHQcV5oqZ/6bPC9cb3clQEoiQAUAAAAAQLw4Kp7eO/y+jvmOS7LqdJpKajr4lOR0OHTpkHlaMOQS5Xiy5TAc8gX9WrF/lVbs+6v8Ab+siH02On+qUffziK7DdW6/GTKaO3ACMgdPU2j4eXLu+bvdpQAphwAVAAAAAABJgUq6T+MhEAro5S9eV2RsGvlSp8hl1XOidnGla0LuKbpi2KUa0W14eFvL0uHy7/T07uV695v3FDSDNd+16v1uRO4z4nOaM03n9p+u3l06UfdphMDZd8q5900xSS/QsQhQAQAAAAApLxSyyKTiZOORD1QWKG9+Iyv8oiiHw9DIbiM0d9AFOqPXRGWlZUqSTMvUh0c+0rN7XtCeY/tkRvGXVX8LS9LYHqM1s98MOTpZ92k1q/tghYbNpAsV6GAEqAAAAACAlBcI0H0aL09/9lyTc58aET+4nWm6avgCXTxoTk1wKkmWLL321Vot2/WMSitLG+7ECs9tKkU0Zkbko9U/el0e/cu4HyvbndWe07Fd8MyldKECHYwAFQAAAACQ0kIhS5ZpdxXJqTxYrmP+4jrL6vR+GobSXV6d3G24Fp18tU7udlKduUmP+4v1t69e03Ofr1RlKFC7JnJcvhHRbWrUrq7expLkcabpJ2MWq3dGr1ieni3MPmNkDjpLji/W210KkDIIUAEAAAAAKS0YID2Nl13HPlNlsDL8oV53qCWpV0YPXTbkYp174gzleLLrfPdw2Xd6ds8L+vvX78iMSLgthTtOG/RfNvEWKYfD0ITccZraZ3JMzikRBCYvkYcAFegwBKgAAAAAgJRlmpZMk6HQ8fJp4U4FzED4Q2R3qKRTeozRv57yE/XO6CWXo248URH06eHtj2rLkW0NwtPI3yNfPNVg2H7V56y0LF0x7DLlpNUNaDszc8AZMgecIcdXH9hdCpASCFABoL32vKpfvvRdg8UuT46GTZ2kSyb2U7oNZdmi8B96aNkhTVi8UNO6d9xhd616Ust1lv5j/vA276Ng4wo9vE6a1abaS3Rg45tasa5SUxr7frBQuzZv0tubvtN3fklyquugYVo470zleSP2cuRTvf3GTm39tkJBhf9/aMz5MzV/ZNc2nxcAAGheoJLu03gq8hfLipir05CUmZapCwecp2uGX6kMt7fBdwoqvte9H/8/7SjcLcuywt2mkclpRFBqSQ27TlUbqqY53bp+xBUa1W1E7E4qQQQmL5GHABXoEASoABATvXXlz+ZoZPXHYLmOfbtVL616Q78rulB3zOxjZ3GIQs+JF+nOMZI3s+VtI1V88w8tf+kzHVSaXEprZIt8rX/qFW3IHKa5V07ToO5ZcpV9pbdffke/X+7UrTdMUk9JgT2v68GXizRm9jTduqCnurlCOrxnvZ5f84pWeBdo4WBPLE4TAABESPXu09LSUqWnp8vpdMZl/yEzpECoss6yvKx+um7EFZrSe5I8zrr3TpYsfXH8Sz268w/a/v2uyBXhTlNJMiJ+rlL9OTJHtQzJaTh00cDZmjNgtgyjkZS1kzMHnSWzzxg5Dm+3uxQg6TnsLgAAkpIrQ936n6kFM3J0fO8XKrC7HrTMlaGszAy5W/m19JDkPW2mbr9ysBrPXnM18coF+tmV0zSyV5bSXZI7Z4DOP3ewMvO/0u6i8Fbu4Wfq9lsWav6Yfurm9UiuDPUZOVuzhlVq+/ZD7Ts3AADQqFSe+3Tt2te17A+Pa+++PXE7hi/kV3mwXFZV3Dmq+8n6t9N+qhl9z2oQnkrScd9x/WbH4/r0+x11AlJLEUP266WndUJTq+qXJMMwNLnP6bpy+GUNpgdIGoah4JlL7a4CSAlJ+l8RAEgMXleaFAzJJ0nBEh3Y+g+98dF3OlQUUngY9yhdt3CielZ/oWi3Vq36QNvzQwpK8uaeqLnzZ2psjktSuQ5ufFMr3i/Q8ZAkZ7qGTT1Tl0weoCzfp3ryoa3qeuX1mt+/9vh7Xv2jnv1mmG696czaYwR36JkHtqrHNddozon1jxkeWj5/zpkalFmzE/3yJemSa7pq+5q92lvUUwt+NkdjVaI9r7+hlduL5AtJ3tzBWnB+Yx2YtXatelLL99br1o0UzNe2dzdp/faC8FB3p1O9x5ylG2cPqZkGIXBks5a/tFN7i0LhP4OZMzW+zk4Ktf6J1doyfIbOKftIL20vVdCZrmFTp2nBeGnzy+v19oGK2mWTq6ZYqDrP6toKNq7Qw9v76caZlXr15S/0nT88pH78vAs1b3BG7eH6n6mr+ksqbDrkTM/MamKNU96aho8sZTUYweZXMChl5mTUXwEAAGIgFErd7lOX26WCgny9//56jTjp5LgcI2gGVWkG5DAMndZrvG4b+xP1yshtdNsif7F+9fF/aXvBrgZzpUa2l1pWOERttJ80YuGgnAG6fsRV6ubpFpuTSVChIWdLXXpIZd/bXQqQ1AhQASBOAqW7tfLNAnmHj1OeJLmO6uC3WZp2yZnhYdzBQ3p7+Rt65s1+VUP8D+vV5Rt0cNBM3XrtAGUGC/Xd3s1au7lAY2f2UWDXm/r9JmnutVdofC+ngke+0ttv7dbe8QM0wTtCEwd9pDXbv5L6D6iqYI82bw9JOqTdhfr/7N15fFzVff//17l3Nu2WLO/Guy2vYGPMFpYQzE6AmAQIZCMJlG9D27TZyjdNv2mWpvm2aX98m5Q2hCRkIcEBJyxmNZgl2AYb2+B9X7FlyZIsS9Y2c+/5/TEz0mgkeZU00uj95GFp5t47M5872DOatz7nHIYk5uWMbtrJtqKxXD0KqF/Jfz/0PrHzko9ZwbqnXuSRh+v4zF9dy5TWd4lynl7UwrxrrmfByHwiwK7Ff+JXW4tY8JlPMmuYS/3et/ntop3UdzqMPW76rV/ge8d70poq2BUby82fn8/wolyo3cTCn7/GwjGj+ez0MNSv5JFfxOv9yoeT9S7l6QPAmPZ3dXjFMtbccA3fvKGEpo0v8uDTS3lwlctZV87nm7cWUb91CT95+g1enXAnNwzrop5j23hy5Qxu//ynGJ7XyP4lL/LIU28x7W+v4vRnWwVoZuOKndSPnMG0LqcMaKZy3Ys8tyufyzQFhIiISLeLxQZu9ylASXEJAAcPHuixx2jxm4h6LVw39irumf45CkKd/1K5orGCn6x7mHWHN3RMRjvJuJN5avqw/aTpg6fyV2ffy4TCcWd2Av2BGyBWdjWB1Y9luhKRrKYAVUSkW5Tz2L88krbNpXTWxXzphmSgOZbLbh7btjswmnOn5fPmpj3UMIJi6jhSC0PGjKU4AAQGc9asa/nCrPjhR2obITKa8cPiw8yDw6Zww53JGC/MtFlDWPjiVnbdMJbxAFu3salkMhcVbeOdNQcTIVwda9ZUUjr7Q4wADq7Yxv6hZ/ON+WMpAAgM5dzbL2bXf7zGq+vqmDIn+UNuDvMWfCzesQoQW88b6zzm3HYT5ybCx+Ixl/HZC5/gh694p/805s/k5mtTrhdNY86YZTy2bT9Mn8i+FZs7qfc8dv3Ha6xJv6/JF/DZWfEOh+D0ecx7/RlWjvkwd02PbytObNu28wgM62KRpuYhXH/7vHgATpjxl0xg9Npt7KqCKWewSFbj1iUs2pbD1ffMo8PHiNRFydwc5i24pVcX5BIRERkovFj2dp+Wlx+kqGgQOTldL2UaScx92tzcTFNTE5FIx8WczpTn+3x03PWcP+w8cgKd339DrJEntj/F24fexfq2YyLpRzuvAAAgAElEQVTaSbdp+v+55HXHGOYOnc1fzrqHMfmju+EM+gdv2kcVoIr0MAWoIiLdYggL7r+CycmrgRAFkfRFf2LUbFzG0yv2cLC2hfrmxOaS+HB9mMLVl6/hwcWP8d/bxnL+rLGMHzM6HqYCQ+bMYdqKN/nJT6uYN2cy08eMZfSwtjk7g9OnMu3pZazeCeMnNPP+mnKGz/kQV+cdYfnr2zg4fwQj6jez+kAR5y8YDDRzsKqR/DGj00K8iUwe8xpr9lZAa4BaxPhRKYccquYgJVyd1vVZMGEEg145k/k669i18i1eXFPJkdoW6pNZ7GQPaKayqqXretPuqXRkaurokuNCfsmgDttiHCfwLRnUNvUBQH4RBTRyuAo4zVCzcesLPLiomvELbu08GJ1wBd+4P15T/YE1PLf4dzxy7Fa+MKeLkFdEREROmbVk7eJRb775BkteeZGLL7qEa665rsvjSgeXMnhwKRUVh9i0aQNz5szt9lqG5w1neN7wLvdba3ll/2v8cdez+L7fmpQmA9NOg9LEEP5WxhDAIS+Ux0dGX8pny+6kMFTYfSfRD/hjzseWjMNU7850KSJZSwGqiEi3cInkF3TsJkwR3fgcP3q6nlk3XMFfjC8iABxe8QyP7Gw7ZshFt/N/Zu1n16adrFn5Fk8/2cK0m2/l9im5EJnCXX87lsq9m9m0cScvrlhGed4MvpRYxR2mMG/WMhZu2gFjGlmzq4hzbxhEMH8q055exepDcNnePewfOpa7TnGl+d5ycMkzPLIuh4tuuIa7RsY7JrYtXsiiDNfVXRo/eINHFlVy1k23cNeULuY1DeRSkPj/UzDlMm6rreCHKzdQOedD7cNcEREROW3ZPHx/yNAh+L7PireXMXfueZSWdv4TRGFhEUWFRVRUHGL3nt09EqCeyPLyd3ho/SN4nt8+FKVtrlPodBQ/ALnBHCYWjufs0ulcOPx8pg0qwzEDcK1sY/DKriWw/L8zXYlI1hqArywiIplxpLYRSsbykVmjKc4voCC/gGhzS4fjgvmjmTLvMm6//Xa+cW0+615bQ2Xr3jBDxpzDZdfewH1/dQ1zjm3gpZSFU6dMGwVbd/L+pp1sGzmWWfkQD1ZbWLduE+vW1TJ53tmJoDfMiME51O/dT127CnawbS+MHtP5BP8ADCthBNXs2tt+c93Ogxw51ScmRU1tI4yZwQ1ThlKQX0BBvkfTsbZzP169fV7VWzzy6z3kXHMNd03vLGqPEe3sdvpVp4iISLfzsjhAHTtmPBPGT6C5uZkXXny+y+OCwSCBYPwHjcbGxt4qr9X+Yx/w042/oCkaH5aVGpJ2dRnAdRymlkzhU2W3870LvsX/nvsVPlt2FzOKpw3M8DQhNuPGTJcgktUG7quLiEgvG1SUA9X7eWdvHdFYAwfXPc2idSnDx5vW8/ivlvL+oToaYxBtqmDTxnrIjy/atG/JH/ntyj3UNDUDzdTs3cm+YyHy81IeZMJM5gQ+4OkllUyec3ZrR+yUaaOIrXubVyuGMGda29QCIy6czOiK93l0yR5qEo+5+sllrGEUH5l1nH7awEwum+Wy5qmnWX2ogWismZq9b/DoikbOZPas4qIc2LuZ1VXNRGNH2LVkCS9VtO1vV29TLF7v46vYdAaPeaaiTXXU1ddRd8wjhkfdscT1pljbQVUr+PHPN8Pl1/CFOZ0H0zUr/8T3f7qYN7ZWxG8ba6Bm71ssfK2W4bOmqvtURESkm1g/3t2YrXJyIkyaVIbruuzevYNdu3Z2epwxhhHDRwJQV1fL0aO1eJ5PLBbr9PjuFPVjPLnjGfbXH4iP108O3TcGxxhc4xB0A4TcEPmhPMYWjOTKsy7ngbl/xxPX/YofX/pv3D3tU8wuncWw3KEEHP3G2Q6djh06PdNliGQtvcqIiPSS4PT5/EXtEn77+EKWe5A//myuv7CRhckO0shYzp+2h8WPLWRhM4DLoJET+MyCcygAIvOmkv/UWzz4SiMxIBAuYvI187k+dW5SRnDutBDLV+W3C0qZMIVp7GXN+AlMS33lz5/Hff8rnyefXMqD/+YRw2XQ+Ml84Z4PMf4E7xDjb7iFz4SXsOhXv2ORB5GhE7htwQSe+3XXc6BufPIRHts2nDv//gY6+/FuxPzrua35RRY9/BsW4VI6+1Jumvxa2xD+/Hl84e4QC59ayo9WeeDmMHn+fG4KPMPC45fbY7YtXshj29quL39sIcsBJl/K926NL/K18bUNlHvA68/wD6+n3UHiuOJ5t/A3eW/y+GvP8Wq11/b/+JJruHOeVpESERHpLtk8fD9p9uxzee+91RwsP8jatWsYNWo0oVCow3HTpk/n1aVLOHz4MG+8+TrGGDzP48OXf4TCwp6bR3RzzVaWHXyb/GAeecE8cgO55ARyKAzmURQuYlCkiJE5IxiWO4TR+aMYHCkh6ARPfMcDXGzGjQQrNma6DJGsZKzN5t+9ichAdqjyTAaTi4iIZK9hQ7QwnQxcTY2xft2Baq2lvr6egoLjzb4P765eyZNP/oGCgkI+85nPMWpkx1Xpm5ub+afvfKvdtoKCQj7x8duZNGlyh+O7y766/eyp30uum0teMI9IIEzEjZAfzCXkRgiqo/S0mNr9RH5yWabLEOmX1t6R3unSnl6VREREREREZECwtv8P31+95l0WL36am29awDnnzO7yuNnnnMuLL75AXd1RVq16h1E3jaaq6jCbNm3kkkviIVs4HCYcDlNQUMiUKVOYMmUqY8eMIxwOd3m/3eGsgtGcVdAx0G3H+tBYBV4LNhiBUBHGuHRYbUpa2aLR2KLRmNquR4SJyOlRgCoiIiIiIiIDgu/17/R0z549vPLKyzQ1NbHoj39gx47tXHjRRYwcMarDsa7rctsn7uDRX/2cNWtW4zgOa9asxvd95s6dR05ODgDf+Po3iUTOZBb7M2AttvkI1JZja/ZC5Wb88i34lTuxdTXYaANYH+MEIBjGyR8EBSMwpWMxgyfC4Ak4BcOgcDgmUkDrZKoDmD/mQtx1T2S6DJGsowBVREREREREBgTP79/zn+bk5JCXl8eRIzUUFhayZu277Nu/h7nnns/cuee1hqJJI0eOYtKkKWzZsonly5cxdOgwzpt7Pqkz+WUiPLXRRuzB97C738Y/uAn/8G6oLYdoS0ptBohftl4LRFvwGuqhYh/seAccBxPKhcLhuEPGYUZOx4y7CGf4dHA7zvc6UHjjzleAKtIDFKCKiIiIiIjIgNDfO1CHDBnCxRd9iEV/fIKcnFymTp3O228v58WXnmPHjq3c8rFPUJSy+FNubi4zZszgg/37uPhDl3DhBRcTCoVxnJPo1PQ8bEMFRKPxeQ+CQcgpxgQjnEmnpz2yE3/JD/D2rMdvqMP4flpomqotRAWwWExym/WxzfVQsZ1Y5Q7Y9Bom+DOckVNxL/osZsKHMYGBF6T6I+dkugSRrKRFpEQka2kRKRERkc5pESkZiKyNLyDV33mex2O/+w3btm3h8suvYPiwETz3/LPU1FSTn5/PNddcx7SpM8jNzQUgGo0CEAweZxX7WDP2aDm2Zjd27yrs3nexVXvxjtWAF+/aNQEXE87F5JfCkMk4I2ZgRkyHgqGYguGYcD4Y5+ROwvrQdAT/8E7s4S3Y8u3Yqt1QX41tqMU2HYVYE9bvKlhNjzFMImu1rce6w8bhnncnZuIlmOIxJ19bf2d9ch6cBw01ma5EpF850SJSClBFJGspQBUREemcAlQZiLyYpaXFy3QZ3eLYsWP88tFHqK2t4aqrruPtFcupqDyE53m4rsuUKWV89MZbKCoqOu79WC+GPbAK/73F2P3v4R3eDbEYbQFl+w7QVsYkulLDuIWlMHg8zsjpOFPnY4ZOA+c0Brt6zdhjVVBXiT16EA5vx9v/HrZ8M/7RqngZreXYLkpLDVotxg1ihozDmXwJ7pxbMSUTGAjzpIae+AvcrS9nugyRfkUBqogMWApQRUREOqcAVQailhYPL5Y9H383b9nEY4/9GmstxhiuvPIqSopLeHLRH5gwYSILPvYJ8vPzu7y9rT+Ev+T/Etv4KjbWDH4yo+yku7PTEBWwiX3GYBwHAmGcs2YQuOwvMWMuPLMT9D2sF8VEj+EfWIVd+wyx7cuxTY1t9XRRWsdaHZySUQSv/jtM2bVnVlc/EHjnFwSXfDfTZYj0KwpQRWTAUoAqIiLSOQWoMhA1NcbIpk+/zc3NvPjSc7zzztuUlg7h7s99gaKiQdTX19Pc3MTgwaWd3s4218HuZURf/THeoe2YZDdpOycaMp9ynLHxKUmhbX5SY3DHn0fgos/CqHMxucVndrIQr7GxCn/76/gbl+CVb8EerQDfo32Smn6Z1hqNcXDPvobAh+7FDp6EcbNzWRhTsZHIz27MdBki/cqJAlT329/+9rd7qRYRkV51rKEp0yWIiIj0Sfl5vb/qtkgmWQuxqJ/pMrpVIBCguLiEzVs2U1t7hFAoxJizxhKJRFrnP01nj+zF+/NDxJY8iK07DCRDT+LD8hOX28elyVjUdBz8bkzb0PrWIxP3UXMAu/1NbOU2TG4BZtBZicc4TcZAMBczbDpmykdwx8zBKSyFhvi8qe2rNu0vt161+BW7sPvexUQiMKQMk41zo+YOJrj61xDV5yGRk1U+8+7j7leAKiJZSwGqiIhI5xSgykBjfYvnZVH7aUJeXj7Dhw3n3XdXEgwEmTJlKqFQ5yvP22OVxP70DfyNS7FeNKVHMxl6dt1lajpcil+LXzXxIfzp4agBG23GHt6Nv/U1aKjAGT0HAuHTPNuUu3aDmKKROGfNxSm7Ajfk4B/YmOhGjT94u/NrV5rF1lfh73objh3CGTMP3M6fs37LGNwdr2FqP8h0JSL9hgJUERmwFKCKiIh0TgGqDDSeb/GzMEAFKCkpIRAMct7ceZSWDul4gO9hyzcQ++3n8Q5sBevTvle0I5M4IvWYrntH04bMm+T8pKZtsaloM/aDDZjKjZgR0zC5g0/jTDvhuJhIEWb8JbhTL8XUfoCtrwI/llJ7eoCaEIvhf7AB6vbjjJ4Noa7ni+2PnANrcQ6uy3QZIv3GiQLU7JzwQ0SEtp/XREREpM2ZjKAV6a9sdo3e7+Dyyz7c+Q7r4+9bSWzxd/Crytu2n9TiSxbjuJi8QigYEf8ezAMnDH4DNDdA41Hs0Qr8htpE96dNu9+2K9a3RDf/Gbe2nMBVX8eM/xB04/B5M3Qm7oJ/x6x7Cm/ZL/Bryk9wCwvW4K1/GetbAtf9IyYne+aHtiUTM12CSFZRgCoiWctxHDwvy39aFhEROUWu62a6BJFe5w/Q36rbI3vxnv8efuXuti7MTp8K0/bNWnAc3HFzCcy+GYbPxEQKIRDCOgHAweCBF8PGWrAtDXBkL/bAWuzWpcTKd4KXPh+pJTlZqndwByz+Du61D+BMuqJbf6tjIkW4534SM/YCvCU/xNu2In4+reWkJMeJc7WxKN6Gl6CxisDH/xMTLuy2ejLJDhqd6RJEsoqxdoC+k4hI1qs+Uk80Gst0GSIiIn1KKBSguCi7hqqKnEhTY6zfjUxqamricFUlg0tKCYfDOM6pdWvaY5XEfvMFvIPbiM8JatuyStvJSvUkgtOhE3Cv+EucyVeDc4q/cLEWW/4+/ton8Da/gW2shWgLncUObslwgrc/BMOmntpjnGwpjUfwXv4B3roXsdHm+DZMyuyo0D5VNgTP/wTO/K9jQnk9UlNvMlU7iPzPVZkuQ6TfWHvH68fdrzlQRSRrxWIe0Zh34gNFREQGkHAoSDgUzHQZIr0qGu1/o5L279/HTx9+iPq6esaNG9/l4lCdaqjCe+E7eDtWkTITaGKOK1LmBE3OD2ox4Rzc2TcRuP6bOKPnnd7wemMwBcNxJn8EZ/pVmIISTKwJW1eZNo+CwTbWYz9YgzvpIoh0/9B5E4xgxswF24w9sBF8v20RLJMyu2vrQlhga/ZhCkpxRszo9np6XaSI4LL/0pxmIifpRHOgdt+EIyIifYw+HIqIiHSk90cZaPpjfhSNRqk8XInv+1QersDzTn5UlfU9vNV/ILbxdTqM1+/sybBgwnkErvxrAtf+A2bQ+DMrPsEUjcY5/27cTzxI8OM/JFA6Blr7P+NfvYNbaVn8XWy0sVses0MNOSUELv8yweu+jgmGsNjWwLj1j01+B9tQh/f6T6DuQI/U06scF1s8LtNViGQNBagikrVCIU3zLCIikk7vjzLQ+H7/S1APHjzA0qWvAHDgwH7eePM1jhw5QjQaPeFtbdV2vHd+jfVakltIaztNyVUtxjEELvwk7nmfxgQi3XgWJBahKsWZdj3u535NYM4NOOHc1COwe1fjv/9kzyXdgQjO7NsIXPp5nEAo8XSkdKCmTQ7rH6kk9qdv9Fio25v8wRMyXYJI1tAQfhHJai3RGL7f/4ZsiYiI9IRQKEBO5BSGAYtkAd+z/S5ErT9Wz7H6Y7REWzh27Bj79u3j/XXvcaT2CNa35OXlEwx27Ca30Qb8xf8H74OtpAampnXxpPi21kvGITD3FgLzvwZuz3anm1AezsRLcQpLsVU7sY1H45V4MUysCWfShzChHpqf2XExpROxVduxh3fTLkxuq5DWELXmAE7xUJzhM7p1kave5hxYi/PB2kyXIdIvnGgIvwJUEclqvu/TooWkREREAMjNCRMMqgNVBhbP738BamFBIRMnTmLy5DKGDh3G0aNHqK6u4sCBD9i+Yxt5ubmMHn1W2q0srP4tsRWPA+0jwvYRYLz70jEOgUkX4H70nzHBXHqFG8SMmIkZXoY9vBVbfzg+dL72EO748zElPTfk3ITycEafA9tewTbW0Tb/a0fWgGk8ijPhQkykqMdq6mnOoU24u9/KdBki/YLmQBWRAS0vN4J7iiuWioiIZCPXccjNCWe6DJHe17+y01bhcJjhw4dz0UUXc/+Xvsydn/wUI0aMxFrLrFnndDje1h2iZcVCrPVJnrRpWzYp9cj4tpx83Ev/FybcQ12fx+GMOZ/gLT/ELR0bX6zK92H1b3v8cc2gswgu+BcIRUjOe9q2s21Yv7EG/8B6/B1/pt/+BQIIF2a6ApGsoVRBRLJefn5OpksQERHJOL0fykBl++MqUmkcx2HmzLO5957/xac/dTeRSNpcpb6Ht34xHD2Y2JAYjt7l6HOLO+1KGHl2zxV9AmbwRAJ3/Cfu6JlgDLFtK7AtDT3+uHbIDAJnX4dx3GQl8T/WEv8PwGJjMfxNL0Av1NRTbKQg0yWIZA0FqCKS9SLhIAFXL3ciIjJwBQMukXDPzm8o0lf1x/j06NE6KisraG5ubrc9FAoxduxYXNdtt902VsG217DR5PG23bd0JhjGvejzmEBmu9JNySQC138TZ9gEbNSDmp09/5ihXJwZ12MKSkhfQCqdt3s1/qFNPV5Tj+nmRcFEBjJNgCQiA0JRYR7VR+p6bHFPERGRvsoYKCzspfkNRfqifvTzX3NzM79//DG2bImHdsYYpkyZylXzr2bkyFFd3s5W7sTbvTpxrW0xpNbrhsQq9/F9wbnXYkon9cxJnCIz4mwCF9+Nt+x/sA3VXTfNdiNn3EU4I2bi174Gia5TYwwmubyWBbAQ87BvP4wdfS7G9L+GDJvhgFwkm/S/VwARkdMQCLgMKuz9+Z1EREQybVBRPoG0bjUR6Xs8z+OZZ55i69bNFBYWUVhYhOM4bNmyiUd+/lNWrnq7i1ta/HV/xPo+6eFp66D01i4Ci8ktxLnyH3r4bE6NM+sWgvc+hzP+st55QOPiTv9I29XkBUv8uUrZENu0DOrKe6eu7qY5UEW6jQJUERkwQqEAhQXqwBERkYGjqCCXUFCDzmRg6y9zoDY0NFB+6CChUIgFCz7O7bd9klsX3Ma5c+YC8Pzzi6mvr+9wO9tUh7/hlcQiSF2fa7zL0sGdMR+CfayxwDjg9PIvesquwuTkpWywnV62MQ+768+9VlZ30hyoIt1HAaqIDCg5kRAlgwowpjcGB4mIiGSG4xhKiguIREKZLkUk4/pJfkowGMR1XVpaWvjzm28QDAWZPXsOH/vYx5kyZSpNTU1UVlZ2uJ3dswK/qYG20K/t51yDaV1c3mDACeBMvqpXzqevM+EinCETaXu+TNtla9quOhBb/wLWa8lInWfCqgNVpNvo19EiMuAEgy6DSwo4UnuMWMzLdDkiIiLdKhBwKS7Kx3H0y0KR/iQSifChiy9l8XPPsH3HNrb/1zYKCgrJy8ulurqavLw8RowY2f5Gvoe/9onEMH2Ix6TJuU4B0zanpzEGUzIKUzSsd0+sD3MnX4S39734Fdv6JeV6/IKpr4H6Ciga3bsFninNgSrSbRSgisiA5DoOg4sLaGxq4VhDE57nZ7okERGRM+K6Dnm5EXLUdSrSb82adTa5uXmsXbuaHTu3U1t7hPr6OoYMGcKVH7mKSKR9IGab6/AO7Gi9blK+xg9o/YIF3GFToHhMD59F/2HGzgPzP4n5DWwXMyAYbGMN9sh+jAJUkQFLAaqIDGg5kRA5kRDNzVEam1poiUb7zTAvERERYyAUCpITDhEOBzNdjoicIWMMkyZNYty4ccRiMZqaGvE8j/z8AkKhjr8cMccOg9ecsuUEP8jmlWBCecc/ZgCxuaUYx8V6KaPSDG3zPhgAi99wFGoPQmp3r4gMKApQRUSAcDjY+sEzGo3REo0Ri/l4nofn+fhKVUVEJMMcY3BdB9d1CARcQsEAQS0QJZKVAoEAgUCASCRy3ONszW7wWuLzm8a3dH4ciflQI31s8agMM8E8jJsIUJNPXWdrScWasLXl4Pu9v9jVmWg6mukKRLKGfuISEUkT1AdSERERkaxhTN9cSCoWi1FReYj8vHwKC4tO706O7MNGm+my87Q1VzXgGExh8ek9TpaybgicxNraJvHF2kQXauqBxIfx+zFMPwpQTbMCVJHu4mS6ABEREREREZEe00dHXB87Vs+vfvVLnn/hOZqbm1my5EWef/7ZU7oPv64GvFjbBtP6hdSNBjAmAOHSM6w6yxhD6/Nl4+Fpp1G0tdjGOvD71wK0pqku0yWIZA21WImIiIiIiEjWiq9L3/daUK21NDQcY+fOHWzevIlt27cRbYkybdquDse6rsuoUaNxnJQeKOtjY00YY7E2GQK2fulw3VofbLSnTqd/8qJgfUj8DWmNU9OeQgPQVN3vAlRizSc+RkROigJUERERERERyV59tAM1HI4wadJkNm/exOMLH2vd/tOHH+pwbF5eLl/9ygOEw2mrqls/JSTt2HkaH5EeTwON9aGxulvPod+LNWL9eAev6TBun8T2ONvUkAhb+xFPAapId1GAKiIiIiIiIlmrj+anRCIRrrv2BgoLi9i+fRtHj9ZirSU3N7fDsZ1ti0/MSdt8ncam5X+p1038at2Rbj6Lfq7lGDbWSVdpepZqAM/vm5PpHodpqs10CSJZQwGqiIiIiIiIZC1jOu8szDRjDEOGDOWWmxfQ3NzMU0//kebmJj79qc+d7D1gXBesac1PU0PUdkPSsfE/zQ3dfh79mSlf3RqKWmMxx5sKwXpYbJ8N5DujOVBFuo8CVBEREREREZEMCoVCXH/dja3D7U+GxWCdYEq3ZPuOU9MhNLbYhmpsyzFMKK9b6u7v/D3vJy6ZRJBq2xbiSn/6jNMXc/jjaz6a6QpEsoZz4kNERERERERE+ifTD1oGjTHk5+dTUFBwSrdx8gqxjttJV2Tnc3n6lduhdv+ZlJpVvINb2veUtuaoqf27if2ug3H6V4RimhSginSX/vWvX0REREREROQUGKcfJKinq2g0JhAmuYr88RokrQVbsx+OHOyl4vq4WBO2pjzRqWvji0ilNKDGr7R1pZpIfrwLtR8xVTsyXYJI1uhf//pFREREREREToGTxQGqKRwBTjB+meMsmJWc2jPagn9gTW+U1ufZD97FtrSfE7ZDAG2hdTh/pBjj9q9ZEJ2qnZkuQSRrKEAVERERERGRrNUfhvCfLjNoFDihzvbQPk5NJqgW/72nwfq9UF3f5m17s22ofspfko5dvPEtJlIAxu2t8s6c72Fqdme6CpGsoQBVREREREREslrWhqjhQpy8/JQNnQWnKQskAV7NIfx1C3uvxr7Ia8GWb227bsGalGfOpv2FcRycvGJw+k+AauoOgu9lugyRrKEAVURERERERLJaf58H1VrL/v37qK6uar/dDWOmXJq6JeVPitTTt5bYS/8BTUd6qNq+zx54H78qtTvTtg3Xh/jcp6lrSwWCkF/ar+ZANRq+L9Kt+s+/fhEREREREZHT4PTjFtS6ujpeXbqExxf+jjVrV7fbZ4zBnfnR9ivJJ7SLUNM6Kv36o3irftcD1fZ91vfwD6yHusPJLQCJxaQS3copGbQFTE5hfLqEfvT3yDmsBaREulP/mgFZRERERERE5BT1o8bBdqqrq3jk5w9TU1MNQHl5OdZaTGqQVzKBQCSM19xMIu5rW02+nZTuSsDf+ALOzGsxg8b38Fn0LbaxFn/Ds9hYNB6I2kRS2hqcmvbdp9ZCTjEUjcpEuafNVCtAFelOClBFREREREQkq/X1DlRrLVVVh1n73hr27d1LTm4uEydOYvHip4lGoxQXlzBxwiQuv/zD7cNTwAQjOOfeirfst4kNiRA10UKZ7K80yWsWMAavfAfm/cUELru/l86ybzAH1uAf2B6/YlP6dG3rl0THbsq+3GLIK+2lCruHU6UAVaQ7KUAVERERERGRrNbX50BtaGjgT08tYteundhEqLdx43pisRhlU6Yy/6qrGTZ0ODt37aC5pZmRI9p3Q5qy+Zh3Fsa7KluDwHgI2BqcYlJzVazv4S1/FHf0TMyED/fSmWaW31JH7KV/Ba8lbU9aYJrGnXIxJpjbo7V1N3Pkg0yXIJJV+ulABhEREREREZGTY0zfnr6ypqaanTt3EAgEuPGGm7nni/cxfPgIAAaXljnUDN4AACAASURBVLJp4wb+5Yff45e/fIQlS14mGo22u71TOgl37Jy0e7VYTPv5Ua2hbYi/wTYeI/q7L0Pt3p49wT7Cvv5j/Mo9WGziL0TyT1Lyevsw1Zl0ed/+C5TGVGzE1O7PdBkiWUUdqCIy4Bxe8yQP/n435THIGVnGvffcyMzCTFclIiIiIj3JcQ1erOsuw0wyjsEYw9mzZjNz5kyqqqooHTyE/fv3sWzZn1uPKyws6jzHyymGs+bCrnfB92kLANPPN/V6/I78aAvRZ/4PgZv+GVM4ohvPqm+xB94jtuGlxBVa54Jt1Zqb2nYb3JGTobh/zRPr7n470yWIZB0FqCIysGz/E995Isanvvk3nF8ItWue5Fs//BNf+v4tlGW6NhERERHpMa7j4OFluoxOFeQXMGhQMTt2bqfmD9VUVlRQf6wegFAoxJizxjJ58hRGjRpNaelQgsFg+ztwXNwpl+OvXoR/tCLt3tPnQ+24wJS/+11ir/47gRu+gwnmdPfpZZxtrsN76xFsbWXKxtQjkotJpW6MX3Yv+DTGDfVCld3H2bsi0yWIZB0FqCIyoGxZuZsJt9zH+YXxl7+iOTdz+8r/Ztl2KJuU4eJEREREpMc4bt8dgp2Tk8uUKWW8/fZyjhypAaC0tJTZs+dyztnnUFBQSCAQwHG6noXPjJiBM3oy/sZDbduAtvlQ29j4AP5EtmqwsSje+8/j+A24H/tPMNk1259d8TDe5lfBenQ+32nK9cRzAhanYBBmYj+bH9Za3L3qQBXpbgpQRUREREREJOsl50G1fXAUfzAYZMrkKVRUlDNy5ChmTD+b0aNHEwh0/ZG9sbGRnJyUblETwL3iq3jbV2Fbmjq9TSI2TUwDkPZk+B7R918F/g7nqgcwBUPp2Kvav9iWRvx1TxJ74+dYz09u7fxgY+ILeCVyZRwHd+aNmNziXqq2e5jKTdB0NNNliGSd7Pq1kojICZTNG8fOPy3ireoYEOPwykU8vmccF59k9+maX/yIb72SPixqPT/5ysM8f6jTm4iIiIhIH9GXu1AnTy7j05+6mxuuv4lx48Z1GZ7W19ezbNlbLF78DBUV7X8ANaWTCVzwSYwxnfZYthvI30WSHNu0FO+5f8JW7TqT08m8aBP+moXEXv0x1vNIJqOdnrVp3U0yW3byB+NMugSc/tV3pvlPRXpG/3olEBE5U5Nu4buffpZ/++GD/DIGgaFlfOkbN2r+UxEREZEBoC/PgxoIBI7bcQqwbds2Xl7yAuXlB/F9n+HDhzNkyFBMcmUp4+CcdydsfAmqPkjcyqR8Teo412frtWgLsc2v45dvJfCx7+KMuehMTitjvLd+Qmz577AtDR32dZgLtvUpSCSp1mKGTYFRc3q8zu6m+U9FeoYCVBEZcIqm3sh3f3hjD917Ne/87kl+seooMVwGl53L39x7GSOIsfeNhTy4+CBHY1BYNo+v3nsZI6jg+R/+mp0z5xFduZINY6/hL3mRRQXzmLJjNW9UePGQ969vZGYO1G5+lp88sZ1dNR4Ecplx8818+eKRcOhlvvV/q5l9/TGWPFdDLFDMgnsuo3bxs7yyN34fX/67GykLAkc38+uHXuCNCg8ChVx29518empeDz0fIiIiIn1HX+5A7UosFuPw4cO89dabrF6zCmsteXl5TJw4mbKyqW3haYIpHElgzseJvfYQNtZCp0tHpbVhxmdJTVlsyvp4NQfg8b/FveJLODNvxkQKe+oUu431PajZi/fq/yW28fWOXbY2MX2Bhba5UJPhM23HOy7uvE/2i3NuR/OfivQYBagiMmBEj27n9aeW8fqOasrrkp0HLoVDSyi76GJuv2gSRcHj3sWJbV7Kw1tG8MCP7mECTexdsz3+2Oue5N+Wl/DV793JmGCMvYt/wX+9MpXvXhm/2drNDXz1r+/jSyV5rP/Fi5Rvrub2v/4yny6s5vkf/YJFyy5m5pUlFI08n7u/cSMjgkD1Ur7z/TdZc/HtxH83fpDykrt56EdF7Hzix/zgoaUs+PqXeXjYPn7/vYU8ufJS/vfFzTz/0AscvfpuHp5TBEff4yc/fJY130/eh4iIiEj2Mia+PpL1T3xsX3DoUDlr167mvfff48iRGsLhMFOmTOXcc+cyaeJkrLXs2bObsWPHtd3IODizPoqzZSnevvdTttvE4kitGxLfbdr35DB2i3+sFvvSv+Pufw9nzsdxzjqvzw5pt7Em7IZn8d75Hd6BzV1Pdms7XEgRf04C51yLM+HSniizR2n+U5Ge0zdf+UREutnhlY/zgyeOMvOGK7jn46MZkxNJ7Gmi4YP9LHtjKX///Xf51F/fzodKzuCBRp7FlMZ3+P0Tb3DTvJmUzZlJEFi/dj+NFfv57t9vaDt2ZgUwFIAZl32YspJI667Bc85nZiFACcNLYN/eA0AJDTXv8fhDW9hS0UwMgELKW6e+GsG8OUUA5BSHYeg4Zg8DOIuyUbChsRmqN7CywmPfb37GPb9J3q6QCYeAYWdw3iIiIiL9RMB1iPp9O0E9duwYK95ezrvvruTo0Vr8RL2hUJjz5s5j8uQpVFdXseSVl9m5cwe3feIOJkyY2Hp7UziSwLXfwP/5p1MWT0qVuhJ9cmmpzvaBbWkm9v7zuDtXYmddg/OhezG5pd19yqfPWuyhDcRe/Q/8ve9jm4+lZaPtz9ViO5nOoC1MdkpGELjq7yEQ6vHSu1tgw7OZLkEkaylAFZHs98EL/Nuf4PZv3sP5HUbhRMgdNYn5n5zEvDWP863/eoER/3AtE45zdw11ze03HDpIOS4zc4DC8/na98rYueM93nnxSX6yp4QvffvW+HGzb+DhT09Nu7f4glTBSKTd1mCks5fnal5/4n2qZt7G/7vhLIJH3+Cf/2lL+9sdp+42hSz45j1cdyZBsYiIiEg/5QYcotG+G6D6vs/b7yxn6dIlWGsZMmQoc889j/Ub1rF//z42b9nE3r27efPPb9DS0kI4HGb16nfbBagYgxl1LsFrv0b0pQex0aZEhtix2zTemdq21aReSQaLvo93tALvrV9j3n+WwKX3YiZdjlM4EgLhnnw6uhZtxNYdwl+3CO/t32Mb6+MLZSXKbwtJkxtM61Xbbn/bYSacg/uhe6EvBcQny1rczc9lugqRrOVkugARkZ62c+V2Bt9yYyfhaXtFc27k9pLNvL6962Nmzh7B0ZVv8lZ1vP+TaC3vPLeF8jGTmF0IHNrOmuowE6Zexh33zufi4D5W7oGymSNg82peT9wuWv0Obx3ncTrnkhuIfw8CB1du4ZTXRi2ZxJTioyx7dTu1ANSyZeV6Dp7q/YiIiIj0U8aA4/TduVAdx2HypClMnlzGFVfM5647P82ll17OddfegLWWt99eziuvLsHzPMaPn8D119/I9dd3Pr+/mXUr7qxrMG76L+db15vv7FZpu9MWmaqrIfr8vxL7/V8Se/VH+NtegaaaDsf1mOY6/G2v4r36I2K/+SLR136G31CHtTZRQ/JPKtO6OX5q6eceP94p+zDutKt6+gx6hHPgPUzN3kyXIZK11IEqIlkvpyDM1t//N/f8/mSOLmRBQdd7g3Nu41uNT/LLHz3IL5sAXAaXzeCBey+jCIg27eP1Xz/Lf9V4gMvw8+bz1UkQ5GYeqH6Kn/7wQX4Tg0DxCObfUXaKZ1LE5XfM452Hfsc9r7qMv34Gs9l9ivdxFnf85Xx+8Ytn+fuveMQCLmfNvpR7ZnOy7asiIiIi/Z4bMPgtvRT4nYaRI0dx64JPkJeXh+/7rFv3PktfewWId6jm5uZy1fxrmTZ9OgX5BR0WkkoykQLcS+7Dlm/FO7ApZU9KD6ZtW0ypi8w07U4B6+NX7sav3IPz/rOYQaMwky7CnXUjpngiOO6ZnH5H1mKrtmE3vYC35TVsTTm26Sj4fqLl1LQe1/kzkTym095TMOAWluBecT/kDu7e2nuJu+mZTJcgktWMtV3NrCwiIiIiIiKShSw0NsYyXcUJ1dXV8aenFrF580asteTl5TFz5iyuveYGwuGTHzrvH1pH9Ff3QkNtolMzNUS0KTOEJr+mDvGnff4I8Tbe9jdqPcYZNpFA2SWYsedhiidhQ3nghuNdsI4Lxu0QsFrfw1gfrI+NtYAXxUYboGYP/u7l2C2v4Vfuis/nmvrYndafXnh76cca42DyBxH87KOY0kmdPn99nrXk/L8L4NjhTFci0m+tveP14+5XB6qIiIiIiIgMLIlh/L7ft/uJ9u3bw6ZNG8jLy2PSpCmcP+8Cxo4dh+Oc2mx8zrBZBO94kNjT38ZWdpwEynRyqf0BiTAyNSztLLa0Fr98Oy3lO8A8ipOTD0UjoGAYTuEQyCnChPMgWIRJnIO1PsSOQXM9NB7DHjuErS3HO3IQGo6Ab1P6Rk27jtPkpfb1pyyA1clZpZ+hKRxM4Oqv9d/wFHD2vqPwVKSHKUAVERERERGRAaevD+MHKCubxvz51zBq1CjGjhlHJG3h0VNhRp1H4OqvEHvu+/hHytO6SdO7UlOS0nZhafqdgvXb1mdKjyf9xnpo3AoHt+In9xkwjts+3LQ+1m8/d2lqRR1j3ZRbt8tMbSfHHIcbInDJ3Thl/XPe0yQN3xfpeQpQRUREREREZMAJuA5R/EyXcVyu6/KRK67slvsyjoOZfCXBa1toeuJ/Y6LNYGxbRkoyi2y71hajGkyyAzVlzlQsGAda78G2haRtd5wSfyYfz/Nab5P8P9ChMzTlcltF7ecSMKnFd5hrILX+5NyohmQ/q3EDhK65H2fe5zp59H7EixHY8lKmqxDJeqfW9y8iIiIiIiKSDQw4bj8Ozk6TKbuO8F0/wRk2kWQkEB8Gnxqjtg2RT5tuNP7FmPSx8+2l3LDtYscB9yddc+oCV8e9eWfznrbvSjXG4BQOJnjdV3HmffG06ulL3B1LNXxfpBeoA1VEBjytpSciItmmqxW5RaS9YNCh2fMyXUavc8ZdTOCj38Z7/vt4H2xKGS7f1qnZ1rdp08JV29aAam0i2ux8waaTDSeTr1nWpka36ffZbgLWtOup3afJ3Ta11NabOLmFBK76KmbqNalzD/RbgeUPZboEkQFBAaqIDDjpgakCVBERyXYKVEU65zimXywm1ROc0XMxd/0P/PoLeAe3xzcaEvOhpg6Bjw97N6l5ZnKkvjEpCWXng/BN6hyqyZ+7TaLn1YIxyTu17e7BGts6E0D77DQZ7iZqTH19sx0D17ZAFtz8YgJ3/Tdm+NnHe2r6DWfP2zgfrM10GSIDggJUERkwkkFp+vf0/SIiIv1VWxeXbXc9fb+ItAkEHVqaB14XKoDJHULgC0/gLH8Y790n8WvLae3mTAabyalPrWnrRLVpqWaHuU7bdnUq+RoFbfOmpnScWto9PNiUcNWmB6Om7TUvpQZrkyGwxQRCuGWX4V75d5iS8Sd6WvqNoLpPRXqNAlQRyXqdBacnClPTbysiItLXdBWGJrcbEw8VOjtOQapIG9cduF2oQDxcvOiLmDHn4r/+X8R2rkruSevo7GxuUdO++7STDtD0W5t2+21qbtp5fa27u3jdsraTPW1drU5uAc5lf0Fg5kchf2jXD9TPmPL1OLvezHQZIgOGAlQRyWrpYWn6n+T29NuIiIj0J6lhaWo4mryeuv14warIQDWQu1ABCIRxxl6E8+kLCLz7KC2vPITfWN9uRlTTYY7RxPfUhaVadyQ7SdvCzXbBqbHtw9bW+zKtmaxNdLa2X0DKJjpQO5tPgMQkqvFpBRzH4IwoI3DzDzBDp572U9NXBVc8nBZYi0hPUoAqIlmrs8DUWkt5RRXlFdUcrq6luuYo4UiI8kNVmS5XRETkjAwfVkJzU5SS4kIGFxcyYmgJQ4eUdAhR08NUEYl3oZr0hsuByDgw93MER87FW/kb7K638Y5UpuxPGVdv014/WvPV5MpNNiX6bN/J2joVKnR80m1y4SraDkpOGWA7u7/kpkSfquPA4LEEZlyFe96dkJc9XadJpnoX7ubnM12GyIBirFqtRCQLpYemvu8DsHzVepqbo+TkhBlaWkzp4EEMLi7KcLUiIiLdo6qmlsqqI1QePkJDYxORcJB5s6fiOE5rcJp6Ob1jVWQgi8V8oi1+psvoM2ysCfauxFv/LN66F/GjLW1zoKZ0jNrUPtXW7W2doCn32MmjnGiy1OPpOAWAUzAYd84tONOvwwybFg+Es1DwhX8gsPqxTJchklXW3vH6cfcrQBWRrJN8WfN9vzU8ratv4NmX3mLmtInMPSf7hvCIiIh05t33NrNh806uu/IC8vNyW8PT1O+gTlSRpKbGmLpQ03ktcHgr0aUP4m9bgfVipLaHWpvsNE1bWKrtkA6b2jveJKid7Gvd1HbHJhwmMOta3Evvx+YPx7hZPNi2voKchz4M0aZMVyKSVRSgisiAk9p1mgxPX1u2hvmXzaOoMD/T5YmIiPSqI7V1LHljJZdfdE5riJoepCpAFYlTF2rXrB+Dg+vw1y7C27sWjh7CNtdjk09X61D75GXTmnOa5LD+1n2dPULq65Btf6DpeJwJ52IKh+OMOxd33p2Y0rKUeVizl7pPRXqGAlQRGVDSh+37vs/v/7iEW66/XOGpiIgMWDVH6njmxTe59cbLWwPU1CBVIapIm+YmD9/Xx+QuWR9buwf7wXr8fauxe97Fq9wNsWgi20wJPjubszRtU1uumtrF2vH5t4BxXUzxKNxx8zBnnYsz5hwoGodx3G49xb7KObiO8KMLwB/AC56J9BAFqCIyoKSHp8tXrSc/L1fD9kVEZMBbuXYTx441MG/2VFzX7TREFRHwfUtzkwKqE7IW6zVDSz1U7cHf+Tr+1tfwD+3GJsNUmx6GdgxHUxtT49fjc6kam+haDQRwh03AGX8BTP4wbulkbCgfE4qQ1pqa3XyP8KMLcA6uy3QlIlnpRAFqFk8MIiIDTfrCUYcqq2luiXL5xQpPRURE5s2exouvrqDicA3Dhw4G2t47kxSiioDjGAIBh1hMQ/mPyxhMIAKBCOSW4p41F/eyL0NDJX75JuzBDdiK7dij5djGYxBrxsZiWHwcfKxvwXGAxC9w3CAmGMZE8nCKhsPgiTgjyzAjZkHusHbD8wfiK1Vg1a8UnopkkAJUEck6yQ+DBw9VkROJZLocERGRPiMnJ0JFZQ1DS4tb50C11io4FUkTDClAPS3GgbxhOBOHwcQPx7d5zdjmBky0DttUj4154DdjrI91gmACEHAx4XwIF2KCEXDDA2I+05PWUE3wzf/IdBUiA5oCVBHJStZaqmpqmTB2VKZLERER6TOGlhazc/f+diM2RKRzoZBLS4uG8p8xN4zJDQPFmKL23aOKSE9O6JV/geb6TJchMqA5mS5ARKQ7JT8MGmOoqj5K6eBBmS5JRESkzxgyeBBVR462e79UkCrSOTdgcBxFfJJZzu7luOueyHQZIgOeAlQRyQrpH/583yccDjG4uCiDVYmIiPQtg0uKiIRDre+Zqe+dClJFOgqFB8bq7tJHxVoIvfiPma5CRFCAKiJZKPnhr7yiKsOViIiI9D3lFdUAGsYvchKMgUBQH5slMwLLH8JU7ch0GSKCAlQRERERERGRLgWDjobyS69zdi8n+Of/zHQZIpKgAFVEsoq6aERERE5O+vB9EelaOOxqxSPpPfWHCT/1N2D9TFciIgkKUEVkQLvnKz/KdAkiIiK9ToGpyCkyiRBVpKdZn/DTfwPHDme6EhFJoQBVRLKSPhiKiIicmN4vRU6e4xjNhyo9LvDn/8TZvTzTZYhIGr36i0jW0YdBERGRk6f3TZGTp/lQpSc5B97XvKcifZQCVBEREREREZGTFNJQfukJTUcJ/el+zXsq0kcpQBWRAW/9o1/n0fUdtvLo1x+lw2YRERERGdCMUYgq3S/07NcwR/ZnugwR6YICVBEREREREZFT4LqaD1W6T+DNB3G3vpzpMkTkOAKZLkBEpO9rZMuiH/P4+kYAcsoWcN/tMykAKpb/jEdfPkAjEBx5FV/44kUMrVjKvz5aw4UTd/D8qhw++tXbaHrkUWounMiBP2+hurGRnNl3cf+CMnKAuvWP87NFW6gDoIRL77ufK4bGO2PfHXIdje+toKKxkZIr7mMBT/Poigrq6nK48Atf5qaJQeiqjow8VyIiIiIDQzDoYH2L52keYTl97ro/EnzzwUyXISInoABVROREDrzMooor+No/nhcPPA8ciG/f8Ti/PXgVX/7HsQSBxlU/49HlM7lvIlC5hQM33c8/LygAKlhKJTvqPsvXHlgA7OHpHyxkRcXXuGIoFJQt4P5/DBIEqHiOHzy9iku+eF78ISqLeeCBB8hhPY9+/f/judv+iQceyIE9i/jOM6u44v6LKOiqjosKMvBkiYiIiAwcobBLc5OH7ytElVPnbl1CaPE3Ml2GiJwEBagiIicypIwxFYtYuBQuKZvBmJEjCQI7Vm2gcsMWfpA6UerMAzARKD6HK8pSA8xiZpyX7Akdy4SRlbxbAQyFxgMrWLhoKXvqggSpoybnKmoSR048ZzY5AAxlzJAhMCZ+jZxichqbaAQquqqDsm5/KkRERESkvXBEIaqcOufAe4T+9FfgxzJdioicBAWoIjLgBQNAh59bYkAg3hUaLOOuB75M9YG9bFjxCL/dMYbPfu0mAEZe97fcn97pWXEAAjlp9xcgfUvcHl5+dAVDvvgAnx0ZhIql/Ouj7W52UjqtQ0RERER6RTji0tQYwypDlZNgavYQXvh5iDVnuhQROUma9VpEBrwJ58xgx9LnOBBNboly4Lml7JhxDhMAGqupaMqhZGwZly64jfNiW9hZARNnz6Diz29SkbxZ3Q72VHT2CCcSoKAgMZfpqlVUnuKtu68OERERETld4Yj6k+QkNNQQ/v3noKHmxMeKSJ+hV3gRGfCCM+/kvrrHePwH30ks5AQFY6/ivjtnEgSiNVt4/rcvsye+hhQ5M2/n/qHA0AXcd+GjPPKd7xAFCI7k0jvHMLbzVtMujOWq28fy4//4DkvJYeTMoQw51RMo66KOeP+siIiIiPQCY9qG84t0qrme8MLPY2r2ZLoSETlFxloNMhCR/s9ai7UW3/fxPA/f9/nZb5/lr774iePe7p6v/IiHf/SVXqpSREQk8/7zZ3/gM5+4Gtd1cV0Xx3FavxtjMMZkukSRfs33rUJU6ehYFZHH7sJUbs10JSLSibV3vH7c/RrCLyIiIiIiItJNHMcQyQmg30VIkqnZQ+RXH1d4KtKPKUAVERERERER6UbGoBBVADCVW+PhqYbti/RrClBFREREREREekAkJ4DjKEUdqJw9bxP59SfgWFWmSxGRM6QAVUQGNM1/KiIiIiI9KRxxcVyFqAONs+M1wo9/FprqTnywiPR5ClBFJOto8QsREZGTp/dNkZ4XDru4Af1bGyjc9xYS/sM9EGvJdCki0k0CmS5ARKQn6MOgiIjIien9UqT3hEIuMccn2uJnuhTpKV6M4Gv/QuDtn2e6EhHpZgpQRUREREQGGAWnIpkRCDg4jqGl2cPaTFcj3ckcPUDoiftwytdnuhQR6QEKUEUkqyQ/EFprGTFscIarERER6XuGDy3BWtsuRFWgKtJ7HMcQyQnQ0uzheUpRs4G75SVCz30DGmszXYqI9BAFqCKSlYwxNDY1U1VTy+DiokyXIyIi0idUVdfS1NyiwFSkDwiFXWIxDenv1zRkX2TAUIAqIlnHGIMxhsHFRVRWHVGAKiIiklBRVUNJUUHre2Xyj4hkhob091+mZg+hP/6VhuyLDBBOpgsQEekO6R8A4wFqIZWHj2SwKhERkb6l8nANJcUFrdfT3zsVpor0vuSQftfVv7/+wt3yEpFHblR4KjKAKEAVkayS/PBnrWX40BIaGhszXZKIiEifcayhkeFDStq9Xyo4FekbQmGXUNhF/xz7LlOzh9DCLxJ68j5oOZbpckSkFylAFZGsZIxh2JASwqEgq9ZuynQ5IiIiGffO6g3khEOUDh6k4fsifZTrxrtRA0F9VO9TYi0E3voxkYevwd3+aqarEZEM0KuyiGSd5AdCx3G44NzpbNiyi5raukyXJSIikjHVNUfZvH0P5549pfU90nEchagifVQw6BDJCeBoWH/GOdtfJfLwNQRf/3eItWS6nP+/vTuPkrI+1Dz+ra2hgQZFIYICiThpEzoRInqQKxqjxqvJkHtJJmTROE404ySemBmvWZyEM2Nyk5uJxuVgvBPlEiKaC1FGicEgBhQTQEEbY7csCsoiSLM00EA31PLOH9WNDTSb0v2r5fs5xwNVb3XxdJ1jvW899VskBWKBKqlkdLQhRiwW46pLRzH3+cU0brdElSSVn23bdzLvry/x6YtH7i9P258nHY0qFaZYDLo5rT+Ytun63aZfT6xxTeg4kgJLhg4gSZ2h/YfBql49uGjUOfxh9vN8pPpDnDf8I6HjSZLUJRbXLmP5629x+cXn0qOy+yEjTy1NpcKXSMRIVCZJp3Nk0rnQcUpfZh/JF35N6q8THXEqab9YFEVR6BCSdCJFUUQUReRyuf1/z2az5HI5Fi9dTsveffSorKT/qSfT75STOKVvn9CRJUk6IbZu20HD1kY2b9nOnuZmKrtVMLzmLGKxGIlEgng8TiKROGC5G4tUqXhEEWTSOTIZi9QTLrOX5Cu/J7nwfmI7N4ZOI6mLLf3Sc0c8boEqqeS0va21Fai5XP4Cs61EbdjSSMOW7Wxt3MG2xp1UVFSwafO2kJElSXrfTuvfl7170/Q9uTennFRF/1NPOmDDqLbyFNhfnMbj+RW9LFClIhNBOuOI1BOipYnky1NJLZ4Mu7eETiMpkKMVqE7hl1RyYrEYURTt/zAYj8eJomj/h8XT+p9C/1NP3j869eDvkfxeSZJUbNqf+w5e3/TgKfsdrRcuqcjE8htNpVJxMukcaYvU47enkdRLvyW5+N+gxb0SJB2ZBaqkktTRh8G2IrXtHBL5EQAAGVNJREFUePvytKMiVZKkYnJwIdq+QG1/242jpNKSTMVJpuJkWkekekl7ZLHGNSRffohk7b/Dvj2h40gqEhaokkpW+w+Q7Uebto1GbV+YOgpVklSsDi5B29925KlUPpLJOMlknFwuIpuJXCe1veYdJJfNIlH//4ivWxI6jaQiZIEqqaQdPJ2/o5Gn7f88mEWqJKlQHa4APdxI1I6OSSo98XiMeEWMVEWcbDYim8mRzZbhNW1mL4mVz5Cof5zE6vmQTYdOJKmIWaBKKnkdfUhsu+9Io1AlSSomRxuJ2tFjJJW2RCK2f/O4tlGpuVwJX/NGEfG1L5Ksf4LEsidh767QiSSVCAtUSWXjcEVq+3VRJUkqBUcqUyWVp0QyRiLZWqZmI3LZiGy2yNdMjSJim1eSWPsC8bUvkFj3IuzeGjqVpBJkgSqp7PghUpJU6jzXSTqS/MjUGCniEEE2VzyFamzLqtbCdBGJNQstTCV1CQtUSWXPD5mSJEkqW7GOC9UoF5GLIqIcwab9x+MxYnGIx2LE9jWRuPdTsHtzkCySypsFqiRJkiRJymstVEkcOMggithfquZy+WIVICKC6MDHHfHp2z9tDGK0rtEcb90AKxYjFo9xyBiHN16wPJUUjAWqJEmSJEk6olgMYokYcQLN3lr3cph/V5KAeOgAkiRJkiRJR2SBKikgC1RJkiRJklS4ohysXxo6haQyZoEqSZIkSZIK19Y3Id0SOoWkMmaBKkmSJEmSCpfT9yUFZoEqSZIkSZIK17ra0AkklTkLVEmSJEmSVLjWOgJVUlgWqJIkSZIkqTClW2DT8tApJJU5C1RJkiRJklSY1i+FKBc6haQyZ4EqSZIkSZIK05sLQyeQJAtUSZIkSZJUoCxQJRWAZOgAktS5tvHio08yY/FmtmYgWdWP0Z/7LNeM6Bs6mCRJkqQjyeyDdW4gJSk8C1RJJayBp+58iOf6X8Y3/9cwBlfCnrfrmTp5Mrdvu4YJl/YPHVCSJEnS4ax7OV+iSlJgFqiSSla69hlmVn2SO685hx6t9/U4/Ry+cUuGu3/4EDfMOswPdj+DG743nvN7H3qodvKd/Kqu/T0JTht5CTd/+RxOPbHxO1kd992ykDO/ewNXfiB0FkmSJKkDrz8bOoEkARaokkrYirqN1Jz3FXb8+QFungXj2srCynP5zp3nHvbn9rw6je//fBqpH45nROWhx0+76hp+3DZ6Nb2Ox345nV/NH8SEi1wWQJIkSTphVlqgSioMFqiSytaO2mn86NEsY69IMHM2jP8HmPZ4/vYxSw1i9Mje/GnVBrhgN89NncNjyxtpzkCyfzXf+vZnqamEPWvm8OvJf6O+CZLdT2b0NeO55uyebKl9jHv+/S3eyUDy5AF86YavcMrcu/k1f8+9Xz4bgLWP38+P1wzjjpsvog+QXvwI35x/BnfcchHpDn7+4g8Ar07jhlk9GT90I48thLHfvYHhqx7hjic2sjOT4ENjziLVKa+qJEmSdAK07IRNy0KnkCTAAlVSCauuGcB9i1/ium/cwAOXtjvQ/BJ3//BZ6rsPYNynYObsLFd+CqY9Dld+CmbOhqu/1/Ho00Ok17FgyU4GXTAQUj0YdtXnGX1dH1JkqHtoItMWNFBzaZLnHv0b6c/cyAPn9SS9s47ahgSwnBlTN/Lhb9/Cj4dA+u1XqANqRp9N6t5XqP3y2YxgHQvq9kDjGyzeeRGX9d7BggUbGXbROPpsmsOPpm5j+P+4mc+fnswXwvc+zmn//A9UAzS8Rd2nxnHn5wbSo+FPfP+x3Yxu/9jnoaYzXnhJkiTp/XpzEURR6BSSBFigSiphqRGXMXbuQ9z+UJKbv3QOA1KQ3vQKkx94lp1XXcMDrdPwr2wtVw/+83DemdVu/dRkgkHDL+ObF/UFtrF67uNMq2tkZ0vr8UwDUMOZQ7oxc+6TPMW5DKs5m/PPSgL9qR6aYebjTzLgimEMH3oOI1IAwzjv5OkseBVG9K5nceUnuHroKzy3dBuXDa/jr2sHcNk3u7Nl/lu8M7iay07Pv5X3GTGM6qnPUruGfIFadRZjzxtID2DL8nVsPeSxC0/AqyxJkiR1gje9VpVUOCxQJZWw/lx5y3Wc8uiT3PPDZ9iagWRVP0Z/7jomjHjv65UesAZqe8vn8UBdT/7z977G3/VOsuJ3d3NHa5Fa/YWbuHfTG7xY9wpTf/4EmTHXMOHS/lz8zZsYvmY5i2sXcs/kPzLouuv5xtmDuPiC3kxY+BK1Vcvpc97XuHjgDh57oo7VvMGbNedzfgq2HC1oZYJjGUQrSZIkFZzVFqiSCocFqqQS15fzv/A1zv9CF/xTyQSVZEilktBcxzN1WTgLoIXVy9dzytCz+LtLz2JE799y84Ll7LgU3nk1w5kfq+GyITWcmZnI3bXr4eyzGHBeNYNmLWRy9958/jN9ofe5jG56grtnZxh9TX7i/ak1H+S0WSt45u3RrdPy61nR/Qy+NQR49cBop549iFMOfixwZhe8LJIkSdJxcf1TSV0sHo+Ry3W8bEg8HrNAlaQT5qzL+caIR7jvh3cyueqDjB3Rm6VNAHvZUTufuyc/kd9cqmoA4647nz7pzSxY+CR3/2YPGSDZ/4N847+dlX+u3udzafVifsMFjO4NMIjRwxP8efEZjD679d/7wOXcfPVj3HPvPfypbROpb7euf3qw0/+emz//CHfcew9/yiQ47YIPMqjzXxFJkiTp+L3+rOufSupSFakULXv3HfZYLIp8V5IkSZIkSQXisVug9vehU0gqI5tvruftTR0vlHf6B04l3sV5JEmSJEmSDs8NpCR1sV49KznjtFOp7FZBPBYnHotT2a2CM047lV49K53CL0mSJEmSCsT29fn/JKmL9exRSc8eHW/F7AhUSZIkSZJUGBx9KqkAWaBKkiRJkqTC8Pr80Akk6RAWqJIkSZIkKbwogpVzQ6eQpENYoEqSJEmSpPDWL4WWptApJOkQFqiSJEmSJCm8ZbNDJ5CkDlmgSpIkSZKk8F6zQJVUmCxQJZW9KIpCR5Ak6X3zfCapqG1fD1tWhU4hSR1Khg4gSV1tXzpDOp0hk8mSzmSJx2KkM9nQsSRJel9SyQS5KCKVTJBMJqioSJJKerkvqUisfDZ0Akk6LK+oJJWVpl3N5HI54vE4FRUpevboTjKZCB1LkqQTou3LwUwmS3PzPvbG0/TqWRk6liQdneufSipgFqiSykI2m6Nx+y4qKyuo6tUzdBxJkjpFsnX0aZvde1rYsm0nfU+qIh6PBUwmSUfQ0gSrF4ROIUmHZYEqqeRlszl2NO3hpJN6kkw42lSSVD569uhO924VbN+5iz5VPUkk3AJBUgF6cyFk06FTSNJheQUlqeQ1bt9F76pKy1NJUllKJOL07tWDxh27QkeRpI697vqnkgqbBaqkkta0q5nKygrLU0lSWUsmE1R2r6BpV3PoKJJ0oCiC5XNCp5CkI7JAlVSy0uksuShHzx7dQ0eRJCm4nj26E0UR6XQ2dBRJetf6pbBzU+gUknREFqiSSlY6kyEe821OkqQ2sViMdCYTOoYkvcvp+5KKgM2CpJKVTmdJpZy6L0lSm1Qy4QhUSYXFAlVSEbBAlVSyMpkMyWQydAxJkgpGMpUk4whUSYVi56b8FH5JKnAWqJJKVjweJ5nwbU6SpDbJRJx43HOjpAKxfE5+EylJKnBePUkqWfvSjrCRJOlgnh8lFYxls0MnkKRjYoEqSZIkSZK61t5dsHpB6BSSdEwsUCVJkiRJUtd67SnIpkOnkKRjYoEqSZIkSZK61t9mhk4gScfMAlWSJEmSJHUdp+9LKjIWqJIkSZIkqeusnOv0fUlFxQJVkiRJkiR1ndeeDp1Ako6LBaokSZIkSeoae3flR6BKUhFJhg4gSaHVTfkuj6zqRfd274hVNeO5cVw1leFiHb+6Kfxi85Xcekn/0EkkSZKkjq2cmy9RJamIWKBKElD9xQlcW9N2q5mlU37Gw0t/xPXDUyFjSZIkSaXF6fuSipAFqiQdopKBg6tobGwEKqmb9iAzVjTlD/Udw403XUJ/oHnFDCZOq6MZoLKacTeOp6aqmRUzJjKtrjn/TNXjuHF8Nase/DErxtzO+GqANEsf/J/MGfpP+0eLNsz7BQ8nb+S/j+nOhuenMGXeBtJAauAlXHvtGAam8iNlX+r3j6SX/IHV1dfy07HdmTlpEku2JamsHMgnh6UoriGzkiRJKivZtNP3JRUlC1RJOlh6Gyvqmxh8eb7crB53ExNS+ZGoDbN+xswlF3L9yM3MmdHAJbdOYGQl0LSBDQAb5jCj4RJunTCS/N0bgBTDRw1l+qI6xlfXQLqeJZtPJtNYT8Ml/enPBhYtqmTUTVWwYhr/umI4t064niqgYd5d/OuMgUwYPxSA+tUZvv+Dn9I3BSumTaBh1K3cPrIK2MbzE/8Fhl3Z9a+XJEmSdCxWznP6vqSiZIEqScCK6bdz+4y2W1UMufxGvlIN0MyGRdOZMW8NTakUNDVSeXkj0I/qwQ3MmD4PLqxm2OCBDEwB3asZ3DCD/N3DGDxwICmAmlGcM30RddRQXb+Elgu/zpUrJrFowyWMZQn1/S7kn6pg1dJ6Bg8fR1Vrkv4jR9H3rnrWkC9Qh104hr4pgFUsrR/M8HFtj+zL8HMHs6ili14wSZIk6Xi9PD10Akl6TyxQJYmD10BtZ80cpizqx/U/uJaBqfxU+ykApKj+6g/4zrYNrK1fxKSHVzH42lsZO6Sar/7gO2zbsJb6RZN4eNVgrr11LEOoZuSwh/lLXTMtS5o4Z3x/hlX146klGxhJPf1GXskxrbbqu7YkSZKK0e6tTt+XVLTioQNIUsFLVlGVAmhgyZLNrXc2s62hhcq+Q6geM44vjsywYnUDNG+joaWSvkOqGTPui4zMrGB1Q/4nho4ayYZnJ7GoZRTDqyA1fBQD62cwo34go1o3qxo6fBhrl75C64qrNK2oZ1v1MIYcEmoow4etZdGiba23t7H0pbWd+CJIkiRJ70P9U5DNhE4hSe+JY5kk6UiGXM74IRO56/Z5UDmQmv798venG1nx1MPMWZPfLIrKGsbf1J9040KeengO7949npv6tz3XSIY1/YWGy/9r6xT9GkadOZ2HuZz9g1+rx3FjwxQm3j5r/yZS1187tMNo1WO/zoYpE5kwj9ZNpIZ1xisgSZIkvX+vzgydQJLes1gURVHoEJLUGTZt3s4H+p0UOoYkSQXF86OkLte4Dn55IVg/SCpQzbetPuJxp/BLkiRJkqTOU/uo5amkomaBKkmSJEmSOkcU5QtUSSpiFqiSJEmSJKlzrF+an8IvSUXMAlWSJEmSJHUON4+SVAIsUCVJkiRJ0omXzcArj4dOIUnvmwWqJEmSJEk68VbOhd1bQ6eQpPfNAlVSSYqiiFQyETqGJEkFJ5VMELkbtqSu8PL00Akk6YSwQJVUkmKxGLkoIpPJho4iSVLByGSy5KKIWCwWOoqkUrdvT34EqiSVAAtUSSUrlUyQtkCVJGm/dCbrDA1JXWPJ7/JroEpSCbBAlVSyksmEI1AlSWonk8mSTCZDx5BU6qIoX6BKUomwQJVUsipSSbK5XOgYkiQVjFwuRyrlCFRJneytF6BhZegUknTCWKBKKlmpVJJEPM7uPS2ho0iSFNyu3S0kEnEqUo5AldTJXv596ASSdEJZoEoqaVW9Kmlu2edUfklSWctksrTs3UevnpWho0gqdXsaoe7J0Ckk6YSyQJVU8k7u04udu/ZYokqSylImm6NpdzMnn9QrdBRJ5WDpDEg3h04hSSeUBaqkkpdIxOlT1ZPtO3c7nV+SVFZ272lh+45d9KnqSSLupb+kLuD0fUklyAWQJJWFRCLOqX1707Srme07d5OIx0kmE6SSCZJJN9OQJJWGTCZLOpMlk8mSy+VIJBKc2rd36FiSysW6WnjntdApJOmEs0CVVFaqelWyb1+GdCbLvn1pdu9pIR6LkXZ6vySpyKWSCXJR1PrlYJLK7hV+SSipa704NXQCSeoUFqiSyk5FRZKKiiTQDYAoiojFYmFDSZL0Pnk+kxSUm0dJKmEuhCSp7PlhU5JUCjyfSQrKzaMklTALVEmSJEmS9P64eZSkEmaBKkmSJEmS3js3j5JU4ixQJUmSJEnSe7dgUugEktSpLFAlSZIkSdJ7s2Mj1M8KnUKSOpUFqiRJkiRJem9emAK5TOgUktSpLFAlSZIkSdLxSzfD4kdCp5CkTmeBKkmSJEmSjl/tY9C8PXQKSep0FqiSJEmSJOn4vTg1dAJJ6hIWqJIkSZIk6fisq4V3XgudQpK6hAWqJEmSJEk6PgsmhU4gSV3GAlWSJEmSJB27HRuhflboFJLUZSxQJUmSJEnSsXthCuQyoVNIUpexQJUkSZIkSccm3QyLHwmdQpK6lAWqJEmSJEk6NrWPQfP20CkkqUtZoEqSJEmSpKOLIljwYOgUktTlLFAlSZIkSdLRvTEftqwOnUKSupwFqiRJkiRJOrr594VOIElBWKBKkiRJkqQjW1cLby4KnUKSgrBAlSRJkiRJR7ZgUugEkhSMBaokSZIkSTq8LauhflboFJIUjAWqJEmSJEk6vAUPQi4TOoUkBWOBKkmSJEmSOta8A2ofDZ1CkoKyQJUkSZIkSR1b+G+QbgmdQpKCskCVJEmSJEmHSrfkC1RJKnMWqJIkSZIk6VC1j+an8EtSmbNAlSRJkiRJB8pl8ptHSZIsUCVJkiRJ0kHqZ8GW1aFTSFJBsECVJEmSJEnviiKYf3/oFJJUMCxQJUmSJEnSu5bPgY31oVNIUsGwQJUkSZIkSXlRBHPvCp1CkgpKMnQASSpo62ph9V9g6xrY+Q7s2AA7NsK+3aGTSZJKXUVP6DMA+gyE3qfBKUNg6Bg4Y3joZJJKmaNPJekQsSiKotAhJKmg1D0Jy+bA68/CnsbQaSRJOlCvfvDhS+DDn4Saz4ZOI6mURBH86ioLVEllp/m2I2+aZ4EqSQBRDur+CM/cAVvfDJ1GkqRjc8qH4PJbYdhnIBYLnUZSsVv2NDx8fegUktTlLFAl6WiWPQ1zfgENK0InkSTpvTn94/Dp7+Wn+EvSe+HoU0ll7GgFqptISSpfuSzMvC3/LbvlqSSpmL39N5j8VXjyR/nzmyQdL9c+laTDskCVVJ72NsGUa+DFqaGTSJJ04iyaAr+9Flp2hk4iqZhEEcy9K3QKSSpYFqiSyk/jOrh/LKz6S+gkkiSdeG/Mh//7j7BtTegkkoqFo08l6YgsUCWVl71N8JuvwpZVoZNIktR5Nr8Ov7nakaiSjs7Rp5J0VBaokspHlINHboStb4VOIklS59u2BqbdlD//SdLhvDHf0aeSdBQWqJLKx9M/h1XPh04hSVLXef3Z/PlPkg5n3t2hE0hSwbNAlVQe1r0Mz98fOoUkSV3v+fthzYuhU0gqRK/OhLUvhU4hSQXPAlVSeZj1v0MnkCQpnDm/CJ1AUqHJZeHpfwmdQpKKggWqpNL32mxYVxs6hSRJ4bz1Qn46vyS1WfI7aFwfOoUkFQULVEmlLZeFOf8ndApJksL70z/nz4uSlNkLf/5l6BSSVDQsUCWVtiWPwObXQ6eQJCm8TStg6WOhU0gqBAsmwe4toVNIUtGwQJVU2t5cFDqBJEmFw/OipL274LmJoVNIUlGxQJVUuqIIVs4LnUKSpMLxxvP586Ok8vXcxHyJKkk6ZhaokkrX+lovDqUT5euvwk/mds5zXzANfrIWvv5fOuf5Jb2raVP+/CipPDWuz0/flyQdl2ToAJLUaV6bHTqBpGOx7C7YNRV2WepIXeK12TDoE6FTSAph7l35DaQkScfFAlVS6dpYHzqBpGOxfRFsDx1CKiOeH6XytGkFvDIjdApJKkoWqJJK167NoRNI5WPMA3DRFVAJ0AKbn4YpN71bjF41Dc67AFJAeh0sWw8f/yj88WOw8E74yX+ClwfDDODmtcBsyIyCAX3yP79xKtx3W4jfTCo9LTtDJ5AUwjO/gFw2dApJKkqugSqpdDVZoEpdYsRv4YorYNdMmPYtmP0cnDQWrr3z3eOjL4Bds/PH574GH7ngyM/Z72Jo+UP+8a+tgwFXw1Wd/6tIZcEvGKXys/YlWPZ06BSSVLQcgSqpdDnCRuoanxgBvNFuxOkfYNBf4aOj4KR2xyfdcNDx3od/zuZamNQ64vTVT8JPBsGArwIPd+7vIpUDv2CUys9Tt4dOIElFzRGokkpXslvoBFL5aN584DqmLXuB3vCRwxx/c/2Rn29XR8f9f1o6ITw/SuXl1Zmwzo0aJen9sECVVLqq+oVOIJWPyn750aZtuncDdsKywxz/0Bldl03SgTw/SuUjsw9m/yx0Ckkqek7hl1S6evWDLatDp5BKSDf42H888K6WVfByLXzokzD+p7BgYX790/8wCDb/Pj/qtO341x+Ap2e+e5wdIX4JSb0sUKWyseBB2P526BSSVPQsUCWVrqr+oRNIJWYQjL/vwLs2/x7u+Rr0egAuuhrGXw20wOaZMOWW/GNqvwYDpsF5V8D4KyC9DpYthI9/tMt/A0l4fpTKxe6t8NzE0CkkqSTEoiiKQoeQpE4x/z54+uehU0jqyFVPweh+MG0kvBo6jFRmPv09uOhboVNI6mwzb4MXp4ZOIUlFofm2I89e/f9PLTmNxNLE5AAAAABJRU5ErkJggg==" height="600" width="800" />]]>
  </system-out>
</testsuite> <!-- testcases.LoginTest -->
