<?xml version="1.0" encoding="UTF-8"?>
<!-- Generated by org.testng.reporters.JUnitReportReporter -->
<testsuite skipped="0" hostname="LAPTOP-JEI8AS0O" name="testcases.LoginTest" tests="4" failures="0" timestamp="2022-11-20T16:43:34 EST" time="70.439" errors="0">
  <testcase name="loginSuccess_001" time="13.153" classname="testcases.LoginTest"/>
  <system-out>
<img src="data:image/png;base64,iVBORw0KGgoAAAANSUhEUgAABVAAAAJcCAYAAAAfG4+9AAAAAXNSR0IArs4c6QAAEYpJREFUeJzt2LERgCAAwEBk/3WxsZABuNRa/E+QOte9nncAAAAAAHCYXwcAAAAAAPyVgQoAAAAAEAxUAAAAAIBgoAIAAAAABAMVAAAAACAYqAAAAAAAwUAFAAAAAAgGKgAAAABAMFABAAAAAIKBCgAAAAAQDFQAAAAAgGCgAgAAAAAEAxUAAAAAIBioAAAAAADBQAUAAAAACAYqAAAAAEAwUAEAAAAAgoEKAAAAABAMVAAAAACAYKACAAAAAAQDFQAAAAAgGKgAAAAAAMFABQAAAAAIBioAAAAAQDBQAQAAAACCgQoAAAAAEAxUAAAAAIBgoAIAAAAABAMVAAAAACAYqAAAAAAAwUAFAAAAAAgGKgAAAABAMFABAAAAAIKBCgAAAAAQDFQAAAAAgGCgAgAAAAAEAxUAAAAAIBioAAAAAADBQAUAAAAACAYqAAAAAEAwUAEAAAAAgoEKAAAAABAMVAAAAACAYKACAAAAAAQDFQAAAAAgGKgAAAAAAMFABQAAAAAIBioAAAAAQDBQAQAAAACCgQoAAAAAEAxUAAAAAIBgoAIAAAAABAMVAAAAACAYqAAAAAAAwUAFAAAAAAgGKgAAAABAMFABAAAAAIKBCgAAAAAQDFQAAAAAgGCgAgAAAAAEAxUAAAAAIBioAAAAAADBQAUAAAAACAYqAAAAAEAwUAEAAAAAgoEKAAAAABAMVAAAAACAYKACAAAAAAQDFQAAAAAgGKgAAAAAAMFABQAAAAAIBioAAAAAQDBQAQAAAACCgQoAAAAAEAxUAAAAAIBgoAIAAAAABAMVAAAAACAYqAAAAAAAwUAFAAAAAAgGKgAAAABAMFABAAAAAIKBCgAAAAAQDFQAAAAAgGCgAgAAAAAEAxUAAAAAIBioAAAAAADBQAUAAAAACAYqAAAAAEAwUAEAAAAAgoEKAAAAABAMVAAAAACAYKACAAAAAAQDFQAAAAAgGKgAAAAAAMFABQAAAAAIBioAAAAAQDBQAQAAAACCgQoAAAAAEAxUAAAAAIBgoAIAAAAABAMVAAAAACAYqAAAAAAAwUAFAAAAAAgGKgAAAABAMFABAAAAAIKBCgAAAAAQDFQAAAAAgGCgAgAAAAAEAxUAAAAAIBioAAAAAADBQAUAAAAACAYqAAAAAEAwUAEAAAAAgoEKAAAAABAMVAAAAACAYKACAAAAAAQDFQAAAAAgGKgAAAAAAMFABQAAAAAIBioAAAAAQDBQAQAAAACCgQoAAAAAEAxUAAAAAIBgoAIAAAAABAMVAAAAACAYqAAAAAAAwUAFAAAAAAgGKgAAAABAMFABAAAAAIKBCgAAAAAQDFQAAAAAgGCgAgAAAAAEAxUAAAAAIBioAAAAAADBQAUAAAAACAYqAAAAAEAwUAEAAAAAgoEKAAAAABAMVAAAAACAYKACAAAAAAQDFQAAAAAgGKgAAAAAAMFABQAAAAAIBioAAAAAQDBQAQAAAACCgQoAAAAAEAxUAAAAAIBgoAIAAAAABAMVAAAAACAYqAAAAAAAwUAFAAAAAAgGKgAAAABAMFABAAAAAIKBCgAAAAAQDFQAAAAAgGCgAgAAAAAEAxUAAAAAIBioAAAAAADBQAUAAAAACAYqAAAAAEAwUAEAAAAAgoEKAAAAABAMVAAAAACAYKACAAAAAAQDFQAAAAAgGKgAAAAAAMFABQAAAAAIBioAAAAAQDBQAQAAAACCgQoAAAAAEAxUAAAAAIBgoAIAAAAABAMVAAAAACAYqAAAAAAAwUAFAAAAAAgGKgAAAABAMFABAAAAAIKBCgAAAAAQDFQAAAAAgGCgAgAAAAAEAxUAAAAAIBioAAAAAADBQAUAAAAACAYqAAAAAEAwUAEAAAAAgoEKAAAAABAMVAAAAACAYKACAAAAAAQDFQAAAAAgGKgAAAAAAMFABQAAAAAIBioAAAAAQDBQAQAAAACCgQoAAAAAEAxUAAAAAIBgoAIAAAAABAMVAAAAACAYqAAAAAAAwUAFAAAAAAgGKgAAAABAMFABAAAAAIKBCgAAAAAQDFQAAAAAgGCgAgAAAAAEAxUAAAAAIBioAAAAAADBQAUAAAAACAYqAAAAAEAwUAEAAAAAgoEKAAAAABAMVAAAAACAYKACAAAAAAQDFQAAAAAgGKgAAAAAAMFABQAAAAAIBioAAAAAQDBQAQAAAACCgQoAAAAAEAxUAAAAAIBgoAIAAAAABAMVAAAAACAYqAAAAAAAwUAFAAAAAAgGKgAAAABAMFABAAAAAIKBCgAAAAAQDFQAAAAAgGCgAgAAAAAEAxUAAAAAIBioAAAAAADBQAUAAAAACAYqAAAAAEAwUAEAAAAAgoEKAAAAABAMVAAAAACAYKACAAAAAAQDFQAAAAAgGKgAAAAAAMFABQAAAAAIBioAAAAAQDBQAQAAAACCgQoAAAAAEAxUAAAAAIBgoAIAAAAABAMVAAAAACAYqAAAAAAAwUAFAAAAAAgGKgAAAABAMFABAAAAAIKBCgAAAAAQDFQAAAAAgGCgAgAAAAAEAxUAAAAAIBioAAAAAADBQAUAAAAACAYqAAAAAEAwUAEAAAAAgoEKAAAAABAMVAAAAACAYKACAAAAAAQDFQAAAAAgGKgAAAAAAMFABQAAAAAIBioAAAAAQDBQAQAAAACCgQoAAAAAEAxUAAAAAIBgoAIAAAAABAMVAAAAACAYqAAAAAAAwUAFAAAAAAgGKgAAAABAMFABAAAAAIKBCgAAAAAQDFQAAAAAgGCgAgAAAAAEAxUAAAAAIBioAAAAAADBQAUAAAAACAYqAAAAAEAwUAEAAAAAgoEKAAAAABAMVAAAAACAYKACAAAAAAQDFQAAAAAgGKgAAAAAAMFABQAAAAAIBioAAAAAQDBQAQAAAACCgQoAAAAAEAxUAAAAAIBgoAIAAAAABAMVAAAAACAYqAAAAAAAwUAFAAAAAAgGKgAAAABAMFABAAAAAIKBCgAAAAAQDFQAAAAAgGCgAgAAAAAEAxUAAAAAIBioAAAAAADBQAUAAAAACAYqAAAAAEAwUAEAAAAAgoEKAAAAABAMVAAAAACAYKACAAAAAAQDFQAAAAAgGKgAAAAAAMFABQAAAAAIBioAAAAAQDBQAQAAAACCgQoAAAAAEAxUAAAAAIBgoAIAAAAABAMVAAAAACAYqAAAAAAAwUAFAAAAAAgGKgAAAABAMFABAAAAAIKBCgAAAAAQDFQAAAAAgGCgAgAAAAAEAxUAAAAAIBioAAAAAADBQAUAAAAACAYqAAAAAEAwUAEAAAAAgoEKAAAAABAMVAAAAACAYKACAAAAAAQDFQAAAAAgGKgAAAAAAMFABQAAAAAIBioAAAAAQDBQAQAAAACCgQoAAAAAEAxUAAAAAIBgoAIAAAAABAMVAAAAACAYqAAAAAAAwUAFAAAAAAgGKgAAAABAMFABAAAAAIKBCgAAAAAQDFQAAAAAgGCgAgAAAAAEAxUAAAAAIBioAAAAAADBQAUAAAAACAYqAAAAAEAwUAEAAAAAgoEKAAAAABAMVAAAAACAYKACAAAAAAQDFQAAAAAgGKgAAAAAAMFABQAAAAAIBioAAAAAQDBQAQAAAACCgQoAAAAAEAxUAAAAAIBgoAIAAAAABAMVAAAAACAYqAAAAAAAwUAFAAAAAAgGKgAAAABAMFABAAAAAIKBCgAAAAAQDFQAAAAAgGCgAgAAAAAEAxUAAAAAIBioAAAAAADBQAUAAAAACAYqAAAAAEAwUAEAAAAAgoEKAAAAABAMVAAAAACAYKACAAAAAAQDFQAAAAAgGKgAAAAAAMFABQAAAAAIBioAAAAAQDBQAQAAAACCgQoAAAAAEAxUAAAAAIBgoAIAAAAABAMVAAAAACAYqAAAAAAAwUAFAAAAAAgGKgAAAABAMFABAAAAAIKBCgAAAAAQDFQAAAAAgGCgAgAAAAAEAxUAAAAAIBioAAAAAADBQAUAAAAACAYqAAAAAEAwUAEAAAAAgoEKAAAAABAMVAAAAACAYKACAAAAAAQDFQAAAAAgGKgAAAAAAMFABQAAAAAIBioAAAAAQDBQAQAAAACCgQoAAAAAEAxUAAAAAIBgoAIAAAAABAMVAAAAACAYqAAAAAAAwUAFAAAAAAgGKgAAAABAMFABAAAAAIKBCgAAAAAQDFQAAAAAgGCgAgAAAAAEAxUAAAAAIBioAAAAAADBQAUAAAAACAYqAAAAAEAwUAEAAAAAgoEKAAAAABAMVAAAAACAYKACAAAAAAQDFQAAAAAgGKgAAAAAAMFABQAAAAAIBioAAAAAQDBQAQAAAACCgQoAAAAAEAxUAAAAAIBgoAIAAAAABAMVAAAAACAYqAAAAAAAwUAFAAAAAAgGKgAAAABAMFABAAAAAIKBCgAAAAAQDFQAAAAAgGCgAgAAAAAEAxUAAAAAIBioAAAAAADBQAUAAAAACAYqAAAAAEAwUAEAAAAAgoEKAAAAABAMVAAAAACAYKACAAAAAAQDFQAAAAAgGKgAAAAAAMFABQAAAAAIBioAAAAAQDBQAQAAAACCgQoAAAAAEAxUAAAAAIBgoAIAAAAABAMVAAAAACAYqAAAAAAAwUAFAAAAAAgGKgAAAABAMFABAAAAAIKBCgAAAAAQDFQAAAAAgGCgAgAAAAAEAxUAAAAAIBioAAAAAADBQAUAAAAACAYqAAAAAEAwUAEAAAAAgoEKAAAAABAMVAAAAACAYKACAAAAAAQDFQAAAAAgGKgAAAAAAMFABQAAAAAIBioAAAAAQDBQAQAAAACCgQoAAAAAEAxUAAAAAIBgoAIAAAAABAMVAAAAACAYqAAAAAAAwUAFAAAAAAgGKgAAAABAMFABAAAAAIKBCgAAAAAQDFQAAAAAgGCgAgAAAAAEAxUAAAAAIBioAAAAAADBQAUAAAAACAYqAAAAAEAwUAEAAAAAgoEKAAAAABAMVAAAAACAYKACAAAAAAQDFQAAAAAgGKgAAAAAAMFABQAAAAAIBioAAAAAQDBQAQAAAACCgQoAAAAAEAxUAAAAAIBgoAIAAAAABAMVAAAAACAYqAAAAAAAwUAFAAAAAAgGKgAAAABAMFABAAAAAIKBCgAAAAAQDFQAAAAAgGCgAgAAAAAEAxUAAAAAIBioAAAAAADBQAUAAAAACAYqAAAAAEAwUAEAAAAAgoEKAAAAABAMVAAAAACAYKACAAAAAAQDFQAAAAAgGKgAAAAAAMFABQAAAAAIBioAAAAAQDBQAQAAAACCgQoAAAAAEAxUAAAAAIBgoAIAAAAABAMVAAAAACAYqAAAAAAAwUAFAAAAAAgGKgAAAABAMFABAAAAAIKBCgAAAAAQDFQAAAAAgGCgAgAAAAAEAxUAAAAAIBioAAAAAADBQAUAAAAACAYqAAAAAEAwUAEAAAAAgoEKAAAAABAMVAAAAACAYKACAAAAAAQDFQAAAAAgGKgAAAAAAMFABQAAAAAIBioAAAAAQDBQAQAAAACCgQoAAAAAEAxUAAAAAIBgoAIAAAAABAMVAAAAACAYqAAAAAAAwUAFAAAAAAgGKgAAAABAMFABAAAAAIKBCgAAAAAQDFQAAAAAgGCgAgAAAAAEAxUAAAAAIBioAAAAAADBQAUAAAAACAYqAAAAAEAwUAEAAAAAgoEKAAAAABAMVAAAAACAYKACAAAAAAQDFQAAAAAgGKgAAAAAAMFABQAAAAAIBioAAAAAQDBQAQAAAACCgQoAAAAAEAxUAAAAAIBgoAIAAAAABAMVAAAAACAYqAAAAAAAwUAFAAAAAAgGKgAAAABAMFABAAAAAIKBCgAAAAAQDFQAAAAAgGCgAgAAAAAEAxUAAAAAIBioAAAAAADBQAUAAAAACAYqAAAAAEAwUAEAAAAAgoEKAAAAABAMVAAAAACAYKACAAAAAAQDFQAAAAAgGKgAAAAAAMFABQAAAAAIBioAAAAAQDBQAQAAAACCgQoAAAAAEAxUAAAAAICwASQLCJ0nnu6IAAAAAElFTkSuQmCC" height="600" width="800" /> Username:Admin <img src="data:image/png;base64,iVBORw0KGgoAAAANSUhEUgAABVAAAAJcCAYAAAAfG4+9AAAAAXNSR0IArs4c6QAAIABJREFUeJzsnXm8XEWZ9391uvtuWe7NQhKSkAVCCLIFIqBAQCBu6KCIg4LMqDM6ioq44TozuM3gO4wj4AyoM+DoC/oOyiKMEUV0WDIQtrAkxGxA9j25+729nFPvH6e77+k+Vaer6pzTfbrv8/2IT7q7urru7zm/fupW1e1mnHMOgiDqR7YfGNgFPrATfGAn0L+rGLfD2fE0WK4fnAOMoSJaVuVtBoADYGDg4EoRABhj4JzXjlXP976iL4oGLItB/VRTq7k3aqAzXL/eCpGb6xwYBc8301k3f2Y6G728ts66+TPTOdE+0dRbNY/hdG5Bn9TMo5nOuvlrSp8kyS9N6ZP6+CWczrr509NZN3/aOhvlMdz70njyia/bWP3SRHVFxydJ8otR/prEJwnwS9P6pGF1xUxnghCR+uEODA2P4ODhfmRzBQBAe1sa06ZMxoSuTjBaQCWIBOHkwbc9Dr5pJZxNK4G+7ZAVDQY3mhQ7i1kGk5X4J1dKaNZaccfx/zIS5aQweJIS0+TKk8coJ4XiPNZjciXwi+FkMFKfeHRWvuyMddbNX8J9opXH+H8Zid8npVhnnyTJLwb5M9dZNX/h9U5OXYnfJ8qXqwkqPonQLy3hE6or9Zl/UV0x11k5j+Hfl5qirsTlkyauK7H4hBi3jPzLJuzce0D42JyZ02kBlSASzYH1cDathL3uF2D71wmLi8XMJh+WZWkVxXoUcx8xFcV6THpb9gSEltAGL6+ts27+ovylNiE+0dRbNY/1mPQ2lU9q5tFMZ938NaVPkuSXpvRJffwSTmfd/OnprJs/bZ2N8hjHYmlr+sTXbax+aaK6ouOTJPnFKH9N4pME+KVpfdKwumKmM0GI2PH3z2I0mxM+1tHeRguoBNEccPD198F+9FvAwU0VRaNyUVS/2AGqRTT+yZWiFJoDEXUS/y8jiTwBYSJfxJNCcR7rMbny+yURJ4U8OitfdsY66+Yv4T7RymP8v4zE75NSrLNPkuQXg/yZ66yav/B6J6euxO8T5cvVBBWfROiXlvAJ1ZX6zL+orpjrrJzH8O9LTVFX4vJJE9eVWHxCjFte+cqTcBzxBWNZDFadx0MQhBEM7PhLkP7oU7Auuhl84iwAGCtexeg4HOA1imJVBADHccRFsaodhyRyQWSSKGovq2pcEIOKoixWdysbh+G4RXr49A6afFRHnfxFNN4gPUx1DmxfMReMcNw19DDVWTV/YXSuqQOvMfsL6xdfdwn3iSyPsrxo6qx73Znq7BHcH4W/O9XZJxo6x+6XJNQVX3fR+jtIh7jrShiddfMXqU9KUcUnEV53Yet3InwiqyuKOge2E3Ybrb+bZv6l4G+RHi1bV3R8Isuj7P3LQOemqitx+URR5yTWldA+IQgPssXT0mO0gEoQzYSVhrX0w8hc9QKs878JdE5xixVjFRGcwREVNyaIxSLpW0StagcADJLIBJFLoqh9sR8fTBBlkxJZe1G3snEYjlukh0xnXxTlRTYpEeUlovEG6WGqc2B7T7+RjruGHqY6q+YvjM41dWAyodV0rplHX3cJ94ksj7K8aOqse92Z6uwR3B8F/dbdJxo6x+6XJNQVX3fR+jtIh7jrShiddfMXqU9KUcUnEV53Yet3InwiqyuKOge2E3Ybrb+bZv6l4G+RHi1bV3R8Isuj7P3LQOemqitx+URR5yTWldA+IQgN6E/4CaKZGdyDwt0fgLPzKViyIgYGsOLtoJ14TwTg6ydwNsA5wBRjzVmFh1rNq3caFdEZbjnqDKf0y5WK3gF5E+7oVj3fTGfd/JnpbPTy2jrr5s9MZ9X8NcQnmnqr5jGczi3ok5p5NNNZN39N6ZMk+aUpfVIfv4TTWTd/ejrr5k9bZ6M8hntfGk8+8XUbq1+aqK7o+CRJfjHKX5P4JAF+SYpPHCsNTJ0PZ8I0sAnT4GTagXQ7eGcPmJUCsgOwnALg5MFGBsAKw7AG9gN2rs51xUzncQV3AKcA7tiAbQN2AbAL4Nkh999Emc1feiLwcVpAJYhmx87BfuBjsF/+JVixmMgmJ8IvnJIUTaC6uMY/uVJCs9aKO47/l5EoJ4XBk82YJleePEY5KRTnsR6TKzdG+cuTOJrrrHzZGeusm7+E+0Qrj/H/MhK/T0qxzj5Jkl8M8meus2r+wuudnLoSv0+UL1cTVHwSoV9awidUV+oz/6K6Yq6zch7Dvy81RV2JyyfF6GS6wI84GrxnDpypC4BUWjtf6cF9wNBBWAP7wAojxjo31CfjiUIWPDsMnh0GcqONHk3DoQVUghgnOKtvRuEPfw/GHXBw8YlUXlocVZtEuv9zn1+PYu4jpqJYj0lvy56A0BLa4OW1ddbNX5S/1Pqf3xCfaOqtmsdwOregT2rm0Uxn3fw1pU+S5Jem9El9/BJOZ9386emsmz9tnY3yGMdiaWv6xNdtrH5porqi45Mk+cUof03ikwT4pRE+QftE2POWgR95Arhl6fkjII9W306kD2wCK4zG6BcznQkBdh584BD46GCjR9IwaAGVIMYRfOsjyN/zl2Ajh8tFDJLipvpn/UCpyMY/uVL7IVUHgICO4/9lJJEnIEzki3hSKM5jmEmsXv4Sd1LIo7PyZWess27+Eu4TrTzG/8tI/D4pxTr7JEl+Mcifuc6q+Quvd3LqSvw+Ub5cTVDxSYR+aQmfUF2pz/yL6oq5zsp5DP++1BR1JWKfOKk0+FHLYM9dCpbK6OdFsa5YB19F+uAWwM43h0/GO4Wsu5CaHW70SOoOLaASxHijbxvyv3w/sHdtRRGzJJMPy6o9iQQD6lHMfcRUFOsx6W3ZExBaQhu8vLbOuvmL8pda//Mb4hNNvVXzGE7nFvRJzTya6aybv6b0SZL80pQ+qY9fwumsmz89nXXzp62zUR7jWCxtTZ/4uo3VL01UV3R8kiS/GOWvSXySAL/UyyeFI46Fs/AsoHOiNC/W6ADYwF6kcv3u4qddALL9YGBw2ieCpdrcRdi2ybAnzQA6uuU+KeSQPrgFqUOvRuwXM52J2vDRAfC+/cVcjQ9oAZUgxiF8+xPI3/kOMKfgK4YQTFaki6gVEcXPUI1vcqX2w6kOAAEdx//LSCJPQJjIF/GkUJzHMJNYvfwl7qSQR2fly85YZ938JdwnWnmM/5eR+H1SinX2SZL8YpA/c51V8xde7+TUlfh9ony5mqDikwj90hI+obpSn/kX1RVznZXzGP59qSnqSkQ+yS84E3zuUuFnnFrZAVi9O2AN7gPLD2v5xUl3gE+ahUL3bHcxVaBzqm8H0rtfSrZPiDI8nwXv3TNuvmyKFlAJYpzirLkd+ZXXVH5xVLHoQTL5AGrv7DJmIa5i7iOmoliPSW/LnoDQEtrg5bV11s1flL/Uyn0S56Q3rN6qeQyncwv6pGYezXTWzV9T+iRJfmlKn9THL+F01s2fns66+dPW2SiPcSyWtqZPfN3G6pcmqis6PkmSX4zy1yQ+SYBf4vQJUhkUjr0AfMYigLEKHZEbRubAerD+vWY+qcqjPXk2CtOPBc90+gZsjRxCevtzYE5B80KNwSdETbhjA717wXMjjR5K7NACKkGMY+wHP4vCs/9RuYjqiaI/6wcCdnbh1iSlk6gGRV8JzbmpuOP4fxlJ5AkIE/kinhSK8xhmEquXv8SdFPLorHzZGeusm7+E+0Qrj/H9MlI/n5RinX2SJL8Y5M9cZ9X8hdc7OXUlfp8oX64mqPgkQr+0hE+ortRn/kV1xVxn5TyGf19qiroSwie8sweFxecDPXOK9xb1dQpIHdiE9OGtsdQVZ8oCFKYvAlKZiuFZ2X6kdzwHqzCSPJ8QAjj4wEHwob5GDyRWai2gWnUaB0EQDSD1ln+CddRZcDgHuKfYFaMjKIaAv11pn4UXq4/DnYrb5ce9kUmiqL2sqnFBDCqKsljdrWwchuP2RYF+gZOP6hg0eazOS0TjDdLDVOfA9hVzwQjHXUMPU51V8xdG55o68Bqzv7B+8XWXcJ/I8ijLi6bOutedqc4ewf1R+LtTnX2ioXPsfklCXfF1F62/g3SIu66E0Vk3f5H6pBRVfBLhdRe2fifCJ7K6oqhzYDtht9H6u2nmXwr+FunRsnVFxyeyPMrevwx0bqq6YugTnsogL1g8tbIDyGx9Ur54GpQXxbpiHXoVmW2rgZG+inE77ZOQn3MaHJYOzl8NPUL7hFCEgU2aDkyc0uiBNBRaQCWIVsbKIPPeO8EmH1UsPsXixsaidBG1qh3gFlthZILIJVHUvtiPDyaIskmJrL2oW9k4DMct0qNaP+kkvrqdbDIiahfheIP0MNU5sL2n30jHXUMPU51V8xdG55o6MJnQajrXzKOvu4T7RJZHWV40dda97kx19gjuj4J+6+4TDZ1j90sS6oqvu2j9HaRD3HUljM66+YvUJ6Wo4pMIr7uw9TsRPpHVFUWdA9sJu43W300z/1Lwt0iPlq0rOj6R5VH2/mWgc1PVFUOfOIvOBXrmlG+XFk/T21bDyg0q62xaV9joANq2Pw020l/5PtoxGc6ck4PzV0OP0D4htGATpwAdExo9jIZBC6gE0ep0TUfmXT9CeSeQMziOZ4eQSRZRq06sAlU7mZyP3U7qjq6s24h3opvmBETAeIP0MNU5sL2n30jHXUMP4xMQivkLo3NNHbhMaDWda+bR113CfSLLoywvmjrX/QSEYv7q7hMNnWP3SxLqiq+7aP0dpEPcdSWMzrr5i9Qnpajikwivu7D1OxE+kdUVRZ0D2wm7jdbfTTP/UvC3SI+WrSs6PpHlUfb+ZaBzU9UVg/Hm55wCZ9aSiv5T/buQefVxWE5BS+cwdQV2Dm1bV8Hq3VEx7sKEGShMX2R83YX2CaEFA4PVPQNItzV6KA2BFlAJYhzA5p0DNv8cwLMjWL1o6ltELVahoBMQpYKU2B1dWbcR70Q3zQmIgPEG6WGqc2B7T7+RjruGHsYnIBTzF0bnmjowmdBqOtfMo6+7hPtElkdZXjR1rvsJCMX81d0nGjrH7pck1BVfd9H6O0iHuOtKGJ118xepT0pRxScRXndh63cifCKrK4o6B7YTdhutv5tm/qXgb5EeLVtXdHwiy6Ps/ctA56aqK5rjdaYcBRx9VvGWe7+VHUB69wtGOkdRVzJ7Xho7iVp83J5+LPjkmeL81dAjtE8IfZgFa8oswBp/y4nj7ycmiHFK+tyvFnfsxnYGHce/iAo29jjnHKWTqIB4R5BzntwdXVm3Ee9EN80JiIDxBulhqnNge0+/kY67hh7GJyAU8xdG55o6cJnQajrXzKOvu4T7RJZHWV40da77CQjF/NXdJxo6x+6XJNQVX3fR+jtIh7jrShiddfMXqU9KUcUnEV53Yet3InwiqyuKOge2E3Ybrb+bZv6l4G+RHi1bV3R8Isuj7P3LQOemqisa43VSaRSOvQC8uMjFwQEnj/TW1cY6R1VXMtufAuxcxXjzRxwvzl8NPUL7hDAjlQGbPL3Ro6g7tIBKEOMENu8cpBa92S1Cnp3B6kVUtxhV7iCWtu5kO4Ll10jajq6s24h3opvmBETAeIP0MNU5sL2n30jHXUMP4xMQivkLo3NNHZhMaDWda+bR113CfSLLoywvmjrX/QSEYv7q7hMNnWP3SxLqiq+7aP0dpEPcdSWMzrr5i9Qnpajikwivu7D1OxE+kdUVRZ0D2wm7jdbfTTP/UvC3SI+WrSs6PpHlUfb+ZaBzU9UVjfE6s04EOidW6NG2bTUsXjDWOaq6wuw82rY9VTFetHWhMH2R9nUX2ieEOR0TwcbZn/LTAipBjCPS538DYzuCY8VRuIhaerwYOdffEWz4jq6s24h3opvmBIRO/jx6mOoc2N7Tb6TjrqGH8QkIxfyF0bmmDlwmtJrONfPo6y7hPpHlUZYXTZ3rfgJCMX9194mGzrH7JQl1xdddtP4O0iHuuhJGZ938ReqTUlTxSYTXXdj6nQifyOqKos6B7YTdRuvvppl/KfhbpEfL1hUdn8jyKHv/MtC5qeqK4nh5KgN77illfQHAOrAJLDsQSuco6wpG+5E6sKminT1lARwrrZ7HKHxCGMPAgElTGz2MukILqAQxjmAzTwJb/I7yziA8RdK3iAr/DiK4fEew9LzSbbd7tR3S2HZ0Zd1GvBPdNCcgAsYbpIepzoHtPf1GOu4aehifgFDMXxida+rAZEKr6Vwzj77uEu4TWR5ledHUue4nIBTzV3efaOgcu1+SUFd83UXr7yAd4q4rYXTWzV+kPilFFZ9EeN2Frd+J8ImsrijqHNhO2G20/m6a+ZeCv0V6tGxd0fGJLI+y9y8DnZuqriiO1z7yJFgdk8b6c/JIH94qzoeGzlHXldShrWBOYaxdKgNn6gL1PEbhEyIUrH0C0NbZ6GHUDVpAJYhxRuqE97qLpSjuDHqKZMUiKopfLFVqB8FOYCkWH3ccZ+w2U9sh9fbjQ7SDKJuUyNqLuo14J7ppTkDUyJ/Szq6GzoHtPf1GOu4aehifgFDMXxida+rAZUKr6Vwzj77uEu4TWR5ledHUWfe6M9XZI7g/Cvqtu080dI7dL0moK77uovV3kA5x15UwOuvmL1KflKKKTyK87sLW70T4RFZXFHUObCfsNlp/N838S8HfIj1atq7o+ESWR9n7l4HOTVVXFMbrWGk4R51aoUPq0FbAGfvMUVOdo64rzMnDOvRaxfgLU+ar5zEKnxChYZOnNXoIdYMWUAlinJE6ZgWYZbmLoyxgERXF2/DsIILBrVVqO4IN39GVdRvxTnTTnIAIGG+QHqY6B7b39BvpuGvoYXwCQjF/YXSuqQOTCa2mc808+rpLuE9keZTlRVNn3evOVGeP4P4o6LfuPtHQOXa/JKGu+LqL1t9BOsRdV8LorJu/SH1Siio+ifC6C1u/E+ETWV1R1DmwnbDbaP3dNPMvBX+L9GjZuqLjE1keZe9fBjo3VV1RGC965oC1dY714xSQOvxasE8UdY6jrqQPbwVz8mPtU21wJs1Qvu5C+4QIDUu3A6lMo4dRF2gBlSDGG+3dwOxlYKg8cQpPsfSeUGVwT6ICYzuA1be9O4Gl/8Bq75DGvqMr6zbineimOQERMN4gPUx1Dmzv6TfScdfQw/gEhGL+wuhcUwcuE1pN55p59HWXcJ/I8ijLi6bOutedqc4ewf1R0G/dfaKhc+x+SUJd8XUXrb+DdIi7roTRWTd/kfqkFFV8EuF1F7Z+J8InsrqiqHNgO2G30fq7aeZfCv4W6dGydUXHJ7I8yt6/DHRuqrqiMF572sKKfqy+HWBOPtgnijrHUVdg52D17azQ2Zk4S/m6C+0TIhrauxo9grpAC6gEMQ5JH/dn5ZOl0kXUUvFEKXp2AKuj6CQDr71DGvuOrqzbiHeim+YEhGL+And2NXQObO/pN9Jx19DD+ASEYv7C6FxTByYTWk3nmnn0dZdwn8jyKMuLps66152pzh7B/VHQb919oqFz7H5JQl3xdRetv4N0iLuuhNFZN3+R+qQUVXwS4XUXtn4nwieyuqKoc2A7YbfR+rtp5l8K/hbp0bJ1RccnsjzK3r8MdG6quqIwXvTMregnPbjP16+pznHVldTA3gqdna4pytddaJ8QkcA6JjR6CHWBFlAJYhySOu4dbnEqLZaKFlFReRIV8OwAgoPz8Dukse/oyrqNeCe6aU5ABIw3SA9TnQPbe/qNdNw19DA+AaGYvzA619SBy4RW07lmHn3dJdwnsjzK8qKps+51Z6qzR3B/FPRbd59o6By7X5JQV3zdRevvIB3irithdNbNX6Q+KUUVn0R43YWt34nwiayuKOoc2E7YbbT+bpr5l4K/RXq0bF3R8Yksj7L3LwOdm6qu1BrvhKlwOieP9ePkgeGDvn5NdY6rrrDhQ4CdK4+TZ7rgtE9U0iO0T4hoaOsArFSjRxE7tIBKEOMQNm0xMO1Yd/GUSxZR4d9BLG3hlXdguXxHkBf7A5fvkMa+oyvrNuKd6KY5AREw3iA9THUObO/pN9Jx19DD+ASEYv7C6FxTByYTWk3nmnn0dZdwn8jyKMuLps66152pzh7B/VHQb919oqFz7H4xuO5MdY7EJ7JxB7UP0CHuuhJGZ938ReqTUlTxSYTXXdj6nQifyOqKos6B7YTdRuvvppl/KfhbpEfL1hUdn8jyKHv/MtC5qepKjfEWpi+CxaxyP9bgPjWfKOocZ11JjRyuGCfvmq6kR2ifEJHAwIC2zkYPI3ZoAZUgximpOWeUF02Fi6goRu7ZQYS7Bxj5CQhItgZFO4gVRfIqWJ/vQ+qrfUh9bSxan34M1hsvlO446u1E3wLra6/BOkM27ltg/W3xcY8edT8BceZ/w/q7p2Ap6BzqBIQsL6r5E+RR9fpo6AkIxfyF0bmmDlwmtJrONfPo6y5af4v0COUTWR5ledHUWfe6M9XZI7g/Cvqtu080dI7dL3WpK4jOJ7JxB7UP0CHuuhJGZ938ReqTUlTxSYTXXdj6nQifyOqKos6B7YTdRuvvyOuKRv5MdA41/2qluqLjE1keZe9fBjo3VV2ppXN7V8V4rdF+NZ8o6hxnXcFg5UlZJ5VW0iO0T4jIYG0djR5C7KQbPQCCIBrExBnlRVPLchdRLc9tXrxdKoIAisWxKnK47VDa0SxGTxEr3ZbGYn8+VHZ0AfAXu+E8ULw9+Ryws74OdsHPYE2/As4DD/u7ZW4Hwsir49gAfI9XDZBhrB/lExCyyYpoUiLsd0x3V4zaOvuiKH+CPNaMKvkT5FGse7XOgqiUv8porrNqNNdZNUpR8YtG/sLorJq/UD6R5VF4UkJfZ608hvGJZv7q7hMtnWP2i0H+GuqTKPzi6Sf+uhK/T5T9ouMTQR7rUVfC1+8E+ERWVxR1brm6opW/CPwiyp8njy1bV3R0Vs6juc5NVVdq6dw1pSJ/VrZfzScJqCup3AAKnryha2pZj6D8tV27CukZlRryfb9H/rbrUDgk11nOZWj/5jVga8/G6F3+R62Lv4u2158Kq7Pdfa2R3XCeuRW5+x+Wv8w530fnu6bBvvYK5Lz/vuxn6Dp9KuxfvQ3Zx3XGqE/qg/ej/cRpAS0OonDHxci9EOJF6E/4CYJoVayJM33FsOIkKoq34T4OAOUdQVTebuiObvXjfY+D/2YFnKc2Aid/D2yeoFvZOCTjhuznrBpAQ09AlFDQOdQJCFleRAS19/Sren009ASEYv7C6FxTB+FvuTX0Dpqs18hf4k8KyfIoy4umzrrXnanOHsH9UdBv3X2ioXPsfqlXXYnKJ7JxB7UP0CHuuhJGZ938ReqTUlTxSYTXXdj6nQifyOqKos6B7YTdRuvvyOuKRv5MdA41/2qluqLjE1keZe9fBjo3VV2pNV5mmflEUeck1hUA4FtuwvC1Z2P4i2dj+Hu3wpm0AplL3h6oswns7T9E+/ITgLU3YOTaszF87aXI/m4d2OwTzDq86woMXxv/4ikAOFu2BkvRvxXOtpAvMg4WUOkEKkGMVybMBIJ2FjG2qGoVd/jKJ02L1WpsJ7Z4W7DTCB7zjq7s8Yd+Bpz8HbCTAb4NwNHXw3rzFcD0Hrf56EbwP7wXzpqtYGw+2Lt/CeuExe5jhT7wDdfBue8/i0WXAXPuRurLK8DSAArbwP/wDjhPbR974erHn/0MnIf+4OrYcynYJdfDmjuz/NrOw5cCa7a7ei+7Hda5F4JN7AEA8MGnwe9fAWxh4Gc8gNRb54M/2wvrlJPBeu+Efesngbc8gNSy5eXXc/5UrHgKOtftBIQoP4I8hjlp4otB/YQ5ARH0S1j1CQhDnVWjFBW/aOQvjM6q+Qt18kGWR+HJCn2dtfIYxiea+au7T7R0jtkvBvlrqE+i8IunnySdFAqbv0h9IshjPeqKuc4J8omsrijq3HJ1RSt/EfhFlD9PHlu2rujorJxHc52bqq7U0rltYkX+eG4ElopPElBXkB8t//wcAM90VdyW+sSbBw5g9x2wd12J1NTTgHnT0Pa+K5GaMclNz8gm5O/8EPIb3JOrqYGbMPID95jp2G1RkgHgVGSWnghs/b8Yves3xfv2wHn8OowWF0DZG76B9otWwOoEgAE4f7od2dvuktu0+jTqiTnYh2YhNWeS+/wnrsPoPasBnInMp76GzPxpALJw/rQOWHIs+K/ehuz+T6P9Pe9Gamo7gCz4zpXI3vjPcKpeij9+NUbxfXS867TypVpm5Dnk/vVqFA7LBqrIOFhApROoBDFOKZ1ARbEIAqzyNvcUx2J1coqRw90L9O4Ico5yO+/OIgevuF1+3BtlZYULomjSIYy/Bh8F0HOVe9/EbmDvd+D8azcK3z4Jzt5usLOuc5vPuw7shG7we06C/Q/dKNx/J9CxuDxuoBtsfjucH3fD/vY5sPdMBjvre54X9D5+EuwNo8CZN4LNK05WLrkF1vRNcH7UDfvby2FvAdhbfwY2uahvdzuw4asofKsb9reWg4+eDnbuZ8uTEWAe2DHb4fzXObBv/ST40XfAOvN04E8fRuFbPSjcdhvYgnPcoSroHOoEhFRvxfwJ8hj1TnTQDnfiTgrJxh3QXoqKX4Ly6OvOXOeKGKBHqJNCsjzK8qKps/YJCEOdPYL7o6DfuvtEQ+fY/WJw3ZnqHIlPZOMOah+gQyi/KLzfhdFZN3+R+qQUVXwS4XVnqnOifCKrK4o6B7YTdhutvyOvKxr5M9E51PyrleqKjk9keZS9fxno3FR1pcZ4efuEivFahRE1nyjqHGddYfnhynFmOpX0qMgDA9jCjyM1exL4oeeAbevgPHETRq89G8PXfhD5gWORPv8ysfA1uQjWVIDvk62wXoa2i1aA7boVI9eejZE7VgNLPo72i2epv0TnPLBtN2Dk2kuR25KDtfRKpAFYH7gWmfk5FO64FMPX/g0KmWPLC3np8y9CKr3a/Rm/dwPs/Tlp9/zxq5F9uuokan4rCndGsHgKAFbrLy+2/k+oAAdHX34I24f24+XaoF3RAAAgAElEQVTerXj+0GY8f2gz1va+hsO5gUYPjyBigU2cAd+iqfd2sQpxuLeB0o6oIDJB5JIoal9R/byDFMTqyYisXTUvfgLOfbcCfQBj28E3bATvcE+Eus3bwWbNd8e5/qtwfv6V8riBUfAX3gnsYwBeAl5eCz5xXsW4+ZZPAHsZgG3Avd8BH5wHduZycPwjrLkAf/YdwD4Gzl8E7v0xUDgJ7Lz57mTjj1fCXnlncUf1RfCdG8E6ji1PRoC94A9fAbyy1p0MnXk6WO/v4dx7rzvefTfB3ryxOJDaOivlz5NHI72D2lXlUfX6iOK6q9gZl03+dHbkq9qF0bmmDkwmtJrONfPo6y5af4v0MNU5MI+yvGjqrHvdmersEdwfBf3W3ScaOsful3rVlah8Iht3UPsAHUL5ReH9LozOuvmL1CelqOKTCK87U50T5RNZXVHUObCdsNto/R15XdHIn4nOoeZfrVRXdHwiy6Ps/ctA56aqK3H5RFHnJNYVAGDHXIOuG1ah659WofOqy2AN/B75e38DTJkP643XoOMfV6Hrhp8gMwNgk44VCx+WNyyH1XkQzhN3gAPgL1wHZ1872Lx3q/cxsg6Fex4Gxx4UDg0CndNgAUjPPhLY+ShyL+wBsBmF5zeVfnTYu/aATz4VbR+/HpnjDiF/582+06denLs+h/yW0hrXAOyVn0Nug8kPPD4Z13/Cv3P4AB7ftxaP7X0JG/q3ozc3iIH8CHJOHgDQbrXhjuVfxrJpkxo8UoKIHlb1GailL4wqf4EUKu8vV3/OAObedkrF0rsIK4iO44BZVrkfX6yYVXiQTT68EbL4DrAOAFtvde8r/Ql/T4/7Z+8AMPqYW+C2/hWcp+6GddovkToL4IMbwR/9AJzntsGt0aPAUGnHdmwndOwFe4G928aGxe8GG70daD8RDD3F53snJbeAD14P1n0RGH4AfuptSJ23AujoHhvbgWfKkxGgD3jZ8/x0O1Dor9R57z5wzAAYaursizXyp6a3AJX8FcfLmEff6ghJ9D6vViz3x9R2zoN+6Qo8AWGus3AzQxClKOqtmr9wOqvmz0znwDwKnm+is24eTXXWzV/dfaKhc6L8EqauNMInsjxWPD+EXxTe78LoHHldkRHWJ5H6xUznRPlEVlfC+qRZ64pG/iKpKzo+aaW6EpdPDHVuqbqSHQLvmFTOl5PuBCuMROuTmOqKk+4o//wAAypOpAb4BADfUvxTfK/OAHDZZUjPGEThvz6F3DObkfnMKmQyItVPVVgZWwnn0EVIzf40GG6uab96we//EEbXXob08uVInXM9MuevQ+7vr0ZB+ow9KPzgOrC//itY+29H9vE90Q3GCVq6bQ3G7QnUVwZ348//55u45ql/wy+3PoqXDr+K7UP7Ma19MrjDMVzIYunUY7B06qJGD5Ug4qG9u6J4VXyBFCsujrKx+wFAtCPIgfLjpUlFXXd0Ze3efAXQsRH8xeJdb/4EWPph8J+fBPsfemD/7rHiNKI4jocuhfPdWbC/vQJ8CwO76E5YpckrZOMtxR5g5tiJVMY+AHQAyK4FRy+ADmCCd1LyCbCJAPpWguNDSF14KdB7O5wf97h/xr9uG+CZjLgUnw8OVsgCHTPK42OMATNnuK+uoHOoExAyvUUEtff0G/VOdNB1l7iTQrJxB7SXouKXoDz6ujPXuSIG6BHqpJAsj7K8aOqsfQLCUGeP4P4o6LfuPtHQOXa/1KuuROUT2biD2gfoEMovCu93YXTWzV+kPilFFZ9EeN2Z6pwon8jqiqLOge2E3Ubr78jrikb+THQONf9qpbqi4xNZHmXvXwY6N1VdqTFelh2oGC9r61TziaLOsdaVtq6KcVr5ESU9KvJQrfNo8c/ZBzYDx30NqRljzXkeYFNOhQWAnXIZrKnifIyxBvnn1wJzLkL7ZW8vvswsWOd8Ax0f/zTYk4/BGZkG641XggFgp3wD1ows+Lb7anVck8Ku3cCcc9F2yiwAi5B+/bHlH9N6+xeQnvoc8j+5GqN3rQbvnI/UKbV6XI38bR9D9v7VocdWgS1ftm0VxuUC6oa+7fjYEzfilcHdANwvxlk+8yR8fPE7wcAw4uQwtX0SvnLS5UixcSkRMU7w7uAxVrWIiuJtlBZZAadYpbyfhVrupzqyysjBxe08/fgHKIjVk5Hqx7vPAXvb72GdsRh44cvuF0gBKG/D9W0Dn3wJ2Gmng5XGf9JtsN57FTCZA+wlOAdHAXQAxfGj+uf0vTDAjrkFmMkBzAMu+QzYxI3gqx8Dw1fh7ADYsl8DMzgYmw9c8mEg/RL4I1vB0A9eAIA+8D0cbOZnYc2fB3gmI8VXKO/4OqseB594Dtgll7j6zrgGqUWLS81q6uyLsvalnz9I70oZKglq7+m34noJO+7q/qr6Vd45r46yX8Kq2oXRuaYOXCa0ms418+jrzlznihigh6nOgXmU5UVTZ93rzlRnj+D+KOi37j7R0Dl2vxhcd6Y6R+IT2biD2gfoEMovCu93YXTWzV+kPilFFZ9EeN2Z6pwon8jqiqLOge2E3Ubr78jrikb+THQONf9qpbqi4xNZHmXvXwY6N1VdqTVe7pj5RFHnJNaVijxU63z/rcjvnIj0R1ah64MngO8b+3jG/G9Wwpl0LjpuWIXOS48E+sX5qMjNbz6G7GPrgBOvRecNq9B1w91of8sJ4LvWAbgLuZW/B599FTpvWIXOK88E/vQDZO8Pf8LTufMG9+e48m503fAjpEe2un+mXwDYpNOQfs9P3I8w+MiZ4FtWIv9C6Jc0g9sNeuH6wbi0crYuX3nuNvx484MAgGXTFuNvFr8DD+9eg3u3PYa84yb908dfgq+cdDmkO00E0QL0f2MygMo/3wcv7RgWY/l21YYpG6tRFiprVrEbsKrofjyA/35vratJxWTkKlif+477p/reJoMvAk99Hc6TD491fPT1sN7+V2A9HQD2gm/YC8zvB//uO8CP/g6sN18OTO9xf7ZCH/gLH4bz4B8A/m+w/vadwO/mwXm6OOAzfg3rLTPAv30GOIqPr3saOG6F+yf4hW1wHr0C/H/dzyxl3ZeCXXI92Fz3M1cxuhHOw5eCr9nuTjKW3Q7rgkvdn6OwEfy1DrCex9wvjDrjAaTeOhP8W6eDeycnZ/0SqfM8r/enbWAnzgD/5hngEv1lc7nAqPMEHSqeLxsw0xxAjX5Ek0LZ5E80GQw6yVKO5jrXkqEsh7HOuvkz11k1f+Y66+ZRX+fk+aQU6+yTJPnFIH/mOqvmL7zedfFLQnyifLmaoOKTCP3SEj6huhIif/o6U10x0Fk5j+Hfl5qirtQYaOHY88Bnn1TOX3rfy0gd3urrJ/z7UvR1xZm6APkZx5dHmT78GlJ71zfGJ0ljyruRXrob9h9Xg2MWUh/4V7SfMIj8Vz+EfKPH5oEP9YIPHGz0MEKx+UtPBD4+7hZQhwtZvO/Rb+Glw6/iioUX4LIF5+GXWx/D/33lIWRt9/KbP2EmfnLOF7Gke16DR0sQ8dL39UkoLZZaxVheNAUDWDGW7i9WoVI5ZGysmDNPFWQQV0cGILi6VRFTUazHpDeeybr/+fWY9EY7Sa/x8to66+Yvyl9q/c8Pp7Nq/sLprZrHcDq3oE9q5tFMZ938NaVPkuSXpvRJffwSTmfd/OnprJs/bZ2N8hjHYmlr+sTXbax+aaK6ouOTJPnFKH9N4pME+CWMzva818NZ+Iby7VT/TqR3v1gfn4SsK4W5p8KeOKt8O723avE3Lp80A8d9Gu3vuQjWVPfzbZHfDfvJG6L/E/yQOL17gNGhRg8jFLUWUMfdl0gdzg1gduc0fPTYi7B06iJ84Zkf4n/3rUOheNx4ZscU3HzGJ3Fc91ENHilB1IFicSt9cVSp2FnC6H7cxdgkyBMZK3bHijXLLWZjO8JsrEbCf3+pH//4BFFzbirquOKEbXXkGrH4Ar7IipMIbwwxKSxHYb8CPWWxOm+e/EljmEmhKH+CPIbRWTd/5jqrRnOdVaOUsH7xdZdwn8jyKOrXQGetPEbxy5Ni/uruEy2dY/aLQf4a6pMo/OLpJ/66Er9PlP2i4xNBHutRV8LX7wT4RFZXFHVuubqilb8I/CLKnyePLVtXdHRWzqO5zk1VV2ronDqwBc7CN5T7sSfMQEbFJwmoK3bntPK4OYDU8KGK27H5pBnYcDOy19/c6FEEwsGB7EijhxE74+4DPjtT7fj8CX+Oi486CzevvxeP7n2xvHjalW7HV0++AmcecXzxDYYgWptSEXQcDhSLITD22afez0IFim+Mnli+n7v3cM9tMEmsbufpzz9AQQwqirIo+Lml0WDcvliaVHhj0OSjOoomI6J2EY43SA9TnQPbe/qNdNw19DDVWTV/YXSuqYPwt9waeuv4xdddwn0iy6MsL5o66153pjp7BPdHQb9194mGzrH7JQl1xdddtP4O0iHuuhJGZ938ReqTUlTxSYTXXdj6nQifyOqKos6B7YTdRuvvppl/KfhbpEfL1hUdn8jyKHv/MtC5qepKLZ2HDwMjfeV+WCoDp2uKr19TneOqK7xrKpBKj407Pwxk+5X0CO0TIhpyowB3Gj2K2Bl3J1Cntk/ClPaJ+OOeF/D84Vdw0dw34OhJs3H2Ecfj1KmL0NM2sdFDJIg64i6OWlXFsuJEKnhxZxMAZ8XdVVZ8djEKdgTBxTuM5fbe+8HEtS3sjq5sZ1e0o1v+OTUiqnZ0MdZPIk9AFHWu2wkIUf4EeQyjs27+zHVWjeY6q0YpYf3i6y7hPpHlUdSvgc5aeQzjE8381d0nWjrH7BeD/DXUJ1H4xdNPkk4Khc1fpD4R5LEedSV8/U6AT2R1RVHnlqsrWvmLwC+i/Hny2LJ1RUdn5Tya69xUdUXBH1bfTvDO7nI/zsRZsIYPBfukwXWlMGlmhc7W8GHl97vQPiEigTf5n+6r0vonUHND4MOH4V0NZ9zBm6x2PMh68MOt63DtCw/g7Gd+jolr/h94/64GDpYg6ou3CAJjRdFxxm6Dlx4HdHaieek2q4qi9rKqxgUxqCjKouDnlsbq8SqMu2lOQGjkz6uHqc6B7T39RjruGnoYn4BQzF8YnWvqwGvM/sL6xdddwn0iy6MsL5o66153pjp7BPdHQb9194mGzrH7xeC6M9U5Ep/Ixh3UPkCHuOtKGJ118xepT0pRxScRXndh63cifCKrK4o6B7YTdhutv5tm/qXgb5EeLVtXdHwiy6Ps/ctA56aqKwrjZfu3VPRTmDwb3MoE+0RR5zjqisPSsCfPqdDZGtyjfN2F9gkRDdnhRo+gLrToCVQOZ8dzsDf/D5ztzwKFUbDuObAWng1rzqmwph8DdE4BO/IEcMaAPWvhbPw97HX/DfvllUi97h1Ive6dYJNmNvoHIYhYKS2Wlk6cWpbnRCoEn4EKd2u1tBNooXh/cScQjJX75RxgVjFW7DSWXs9zf7E//wAFMWhSorqzK9rRLUWuEYsv0DQnIIo61+0EhCh/gjyG0Vk3f+Y6q0ZznVWjlLB+8XWXcJ/I8ijq10BnrTyG8Ylm/uruEy2dY/aLQf4a6pMo/OLpJyknhcL4RNkvOj4R5LEedSV8/U6AT2R1RVHnlqsrWvmLwC+i/Hny2LJ1RUdn5Tya69xUdUXBH1b/bjj5UbBMp/u8VBvsKQuQPrhZ7pMG1hVn6gIglUFx+GBOAdbAPuX3u9A+IULDCzmg+IXsrQ7jpSX8VsEpoLD6NhRW3QqeHQDSHWCd3QAAPtIL1jEZqaWXIX3q+8Emz3afU8jC2b8JziuPovDMT8GHDsI68iRkzr8W1oI3lrvmnOPQoUNwbBtTp02D4zh4ZcsW5HI5nHTyyeV2/X192LFzJwYHBtHV1YkZM2biiBlHFN/8xujr7UU+n0fXhAno7OzEnj17sHvXLti2g1lHzsLcuXN9zwGAfD6PXTt34nBvLwr5AjJtGbS1tSGdSoFzjqlTp2L6EUeMSeI42LlzJw4fOoTR0Sw6Oztw1Lx56OnpGfvZwPHKwB4AHLO7pqEz1V7xmlk7j10jB1FwbCyYOBO7Rg5itJBDaUfI5g7arAxmd03DhHQHAGD/aB9eGdyNpVOOQXsqI03ZmkObcURHN+Z2HSFtQ8TDoesmwSoW5fJiqVUsvsXiZ4EBrGraXn3bnX1VFG+wyvvLEQzuZS2qblXEVBS5YFg1o85wypOCEJMPURQ8XzpgnRHXFMBMZ6OX19ZZN39mOqvmL5zOqvkLp7dqHsPp3II+qZlHM51189eUPkmSX5rSJ/XxSziddfOnp7Nu/rR1NspjuPel8eQTX7ex+qWJ6oqOT5LkF6P8NYlPEuCXKHxizz0NzjFnjb2snUfbK4/AcvLx+cSgrnCrDbljzgVSbeWfIHVgE9IHNmvk0UxnIjqcQ7uAXGt8gdTmLz0R+HiLnUDlsNf/BvlHb3ZPnXb2IH36h8BmnQAwBr5vA+ytT6Lw1I/BD76CtktuAlgKSLfDOvJEWEeeCNYzF7mVX4Oz6wXkfv0VtF/xU7Ap8wAAhUIBP7z1B9i+bSu+ff31WPPcc/in7/wfdHR04Ff//QAYY9i2bRtu+9G/46UXX8TAwABGRkdxyimn4PPXfgFHH3NMxWh/8YtfYM2zz+EvPviXsCwLP/rBD/H8mjUo2AUcf/zr8NG/+Rucd/6bkEqlys/J5/O45+67cd+992H27CPR2dmFjRs2oLevD0uWLMHw8DDe/va34z3vvRSlxdeHfvc7/PQ/fwLLsjBz5kwcOHAAM2bOwF9/5CM4bskS92dzHFz91PfBOccNr/8YTuxZUDHWHcMH8MVnf4TDuQH8/Nyv4Ya1d+GFw1uwePJczJ8wEy8efgV9+SGcP2spPrnkXejOTMCqfWvx3Zd/gX9/4+ewpHueMGMD+RF8/IkbcdWSi/GhY94S2ZVAqOEtkt7PQrVKt62x4ll8RvH/K5ZO4d0JHOsXkhOogljsxz9AQdScm4o6Fu7oliLXiMUXaJoTENV5E+TPF8NMCkX5E+QxjM66+UvcSSFo5K+UDxlh/eLrLuE+keVR1K+BzronvkL/8qSYv7r7REvnmP1ikL+G+iQKv3j6ScJJobA+UfaLjk8EeaxHXQlfvxPgE1ldUdS55eqKVv4i8Isof548tmxd0dFZOY/mOjdVXVH0SWr3S+BHLQXautz+Uhk4UxbAOrgppM7R1pXC1Plg6bbybdh5pA9tLetQl/kXEQqeHWqZxVMVWmoB1dm6GrmVX3MXT6fMR9tF34a14KyxBovOR/qsj8HZ+hTyj92MwnM/R3rZlRV9pE64GO0zliD3Xx8F792O3K8+h/YP/QIAg2VZWP/yy3j2mWfwi/+6C394+Pc47bTTMJodBWMMO3fswE3/8j287/LLcd03vwHLsrDq8cdx/bf/AZ+95jO44bv/jMXHHVd+rZ07duD3Dz2Ejo4OpNIpXH3NNZg+fRo2/GkDvvylL+Gaq6/Gjd+/GReuWAEA4Jzjb7/6Naxa9Ti+/2//hlNPPRUA0N/fj09+/Cr09vbiBz/6Ibq6ugAAI8Mj+Nmdd+K7N9yA79/ybzj3vPOQyWTAOce3vvENvP/PL8MN//JdrHjzm5GxUtjYtwMOHBScgl9b7mBj/3bsH+1Du5VBX34Im/p34hPHXYzLF16AvGPj3zf9Gt964Q683LsVdyz/CvaOHsa2oX34yZaH8A+n/lXxpGMlP9hwP7YO7cX2oX1h008YUP3n+xWLqfAUR+4phnAfZ4zBKd12eHGxlAPF4g3mv58Xq5wvlqtbFbpFURaru+W8OEyNCEGEJOpOPqqjaDIC8fMhiwE6+2JQP4wZ66yav3A66+bPTGfV/IXRuWb+yrPEcHor+ySUznXwiSyPYX1imEdTnXXzV3efaOicKL/EVVd83UXkE1keK54fb10Jo3PkdUVGWJ9E6pdw9TsRPpHVlbA+ada6opG/SOqKjk9aqa7E5RNDnVuyrth5YPsa8GPctRAGoDB9EVKDe4DRgXjmX5p1xWmbCHv6sYBH59Sh1wAnp5XH0D4hjOHg4AOHGj2MutI6XyLFbRSevQPIud/+lVnx1crF0zIM1vwz0f6+fwc/vFXYlXXEYqTP+DAABmfnGjg71pQfS6fdNeeNGzbg+7fcgu/c8E+48eabAQBdEybg89d+AWeceQYsy5X27HPOwfuuuBybNm7Eb369suJ1JkyYCADYv38//umf/xmnLD0Fc+bOxQUrLsRHPvoR5HI5/P53D5Xbr1+/Hvfdey9OO+00LF26tHz/5MmT8da3vw2rn3yy4jWeeOIJ3HzjjXjT+efjwhUrkMm4f0bPGMPHrroK2WwW/3n77chmswCAFLPK//k08dyfsdLoKv6Jf9pKF+9LYfmMkzAp04nVB9bD5g52Dh9Azi7gt7uexiN7X/D1OVQYxW2bH3Q1GO0T5oKIF2+RdJyxYlRaLC0VLe/OKyCITBC5JFa9vrcf/wAFUTYpkbWX/Nwm4/bFAD2Ud3Sr28kmI6J2EY43SA9TnQPbe/qNdNw19DDVWTV/YXSuqQOTCa2mc808+rpLuE9keZTlRVNn3evOVGeP4P4o6LfuPtHQOXa/GFx3pjpH4hPZuIPaB+gQd10Jo7Nu/iL1SSmq+CTC6y5s/U6ET2R1RVHnwHbCbqP1d9PMvxT8LdKjZeuKjk9keZS9fxno3FR1RWO86d3rwIZ6K/TIHnUmkGoz1jmqusJZBrl5b6gcd34E6QObta+70D4hzBkdBAq5Ro+irrTMAirv3Qln5/MAANY9B6ljzg1+QqYL6XM+JX3YWngWWNcUAIC98fdj96cs2LaN919xOWbOrPySqSlTpmD2nDm+vhYuWAjOOQ4ePFhxf1tbGwBgxZtX+J5z9vLlAIBdu3bBtm0AwI7tOwAAM2fO9E14Zs+ZA8YYNm3aBMDdeXrot7/F6OgoLhT0P2PGDBy7eDFee20rdu/a5f5szCr/V03aspBiKTAwWIyhM+0uoLZZY4eY94/2YtTO4w1HvA4pZmH3yCGkrRT2j/biRxt/DYePbf9k7Tx+uuUhFBz3Zzsw2gubO77XJeKlvHgq2lkHq9rZLe4yFSO8kQsik0RRe0i3YP1RNimRtZf83FGOW6SHb6dWNomvbiebjIjaRTjeID1MdQ5s7+k30nHX0MNUZ9X8hdG5pg5cJrSazjXz6Osu4T6R5VGWF02dda87U509gvujoN+6+0RD59j9koS64usuWn8H6RB3XQmjs27+IvVJKar4JMLrLmz9ToRPZHVFUefAdsJuo/V308y/FPwt0qNl64qOT2R5lL1/GejcVHVFY7ywc0hteQy8+NelHBwslUHuqNONdY6qruTnnwGk0hXjTe9bL85fDT1C+4Qww86D9x+s3a7FaJk/4ecDu8EH9wMArNknFz+IOBjW0S1/rGsq0DUVGD4EZ5d7epIxVl5cXHTssUrjKhQKWL/+ZXDOy6dSS6QzrvxHzp7te94R090vVHKKC4wAMGHCBADu56BW09/XB855eVF2eHgYGzZsKP/72WeeQVtbGyzLQj5fwOjoCFKWhaHBQQwNuad2U8xC3i5gQ/+O8udhltg1fBB5p4DSXaWF09Kp1OcPbcb31t+NhZNm4RtLPwgA2Da0D6dMORqHcwN4ZO8LWNf7Kk6acjQA4KXeV/HDjQ/g/QvPx39sWolDuUFk7Ty60pVfXkXEDGPSP+PnGPsiqfKOIVixNo3tCHKg+NmpxYjiziKv2mmsivC2K/bjH58gBk1KgopoxY/tPiCMXCMWX8AXVXZ0a03qRZMSYb9ifYXRk7+KyAJiCJ2F+RPkMYzOuvkz11k1muusGqWE9Yuvu4T7RJZHUb8GOmvlMYxPNPNXd59o6RyzXwzy11CfROEXTz/x15X4faLsFx2fCPJYj7oSvn4nwCeyuqKoc8vVFa38ReAXUf48eWzZuqKjs3IezXVuqrqi6RN2eBusV54EX3QWGCz3BTu6kZt1Itr2rG1IXSkceTJ4+2QUhwnGGKz9m5Aa3Cd+n6vxfhfaJ4Q+3IFzeA/gWasaL7TOAmpuGCjurgQtjCrDrLI5ef+usbuZ+86Y9nyxk5e+3l788Y9/xMvrXkY+n4NjO+jv7wdjrPwn9CVKi7HV97uv48ZUaixFp552KubMnYOXXlqL/v5+TJ48GQBg2zYefeRRMMbwpvPfBAAYGRnB6Kj7Yb4vrHke27ZuQyplwXE4nOKJ1lNOXYplp5+OKVOnll8jzwtYtW8tXhnYjRSzYHMbNndwODuAUXvseHaKuT//P774M3zv5bsxVBjBny94E/7i6BWY0dEDANg9fBBvnr0MR3ZOwz+vuwu3bngAt7zhGtjcwU+3PIQUS+Gjiy/Cf2xaiaHCCIbtUVpArTOcV31xlHcxVVIcUYqcAax4261+5eg90eqpju5tVBZfePr1DxB6RVEWBT+3OyyNCEGEJOpOPqqjaDIC8fMhixBESGJQP4wZ66yav3A66+bPTGfV/IXRuWb+yrPEcHor+ySUznXwiSyPYX1imEdTnXXzV3efaOicKL/EVVd83UXkE1keK54fb10Jo3PkdUVGWJ9E6pdw9TsRPpHVlbA+ada6opG/SOqKjk9aqa7E5RNDnVu2rhT7Se1cA2fiVBRmLXG/4wIc6D4K2fbJaNv+NLidi2b+VaOuOCyN/IIzwdsnla87gMEa2IP0gc3y97kaeQztE0ILDg707Rt3f7pfomUWUL14FzyNyQ25i7IAYPu/VEnE/ff9Ct/7l3/Bste/Hldf82nMmzcPjDE89uij+O2DD5ZPh5Zwin+y7r55VFK6q3RqFAC6urrw0zvuwHV/9/e4+pOfwhUfuAITJkzAI488go0bN+KWH/4Apy1bBgBIpVKwLHeR8+rPXIP58+cr/QydqXb89aK343U9le23D+3Hw3vWYLDgLsrmnQIYGK4+/t34j02/wfah/eDcwfR2d/G6L/CCKXIAACAASURBVDeEA9k+zO6ajvcveBNWH1iP+7avwlXHXYxhO4sn9q/DF098H2Z1TEV7KoPB/AgG8iPl5xP1gTFWPm1cipxXnjwt3QYH3EVTQGVHELx4m6P4RVKe24yVX5/zsX78AxREnUmKt4hW/dwo/ny+yDVi8QWa5gREdd4C8leOIXQW5k+QxzA66+bPXGfVaK6zapQS1i++7hLuE1keRf0a6Fz3ExCK+au7T7R0jtkvBvlrqE+i8Iunn0acFIraJ8p+0fGJII/1qCvh63cCfCKrK4o6t1xd0cpfBH4R5c+Tx5atKzo6K+fRXOemqiuGPrE2PwqrowfoOXJM745u5OadjrbdL4Fn+2OtK07bJBRm+0+eYqQf6d1r3Z/b8P0utE8ILfjgYWB0qNHDaBgt8xmorH0ikHJPcjo71gD5kVD98cF94EPuZzqwjklj9xdnGd7P8wTcU6D/5zvfAQB85rOfxfz584tvdkA+7y7AWlWnVksnQUUTl0Jx0batra3cDwD09PRg8eLFWHzcYhw8eBBbNm/B8uXL8ct77sYFF1xQbjdx4kRMmeKeBN22VfxlWdXY3AGXvLtw8IpxOsW2Hak2fP+MT6E9lcG/b1yJ1Qfczy7ZMbwfDuc4or0bc7qm42OL3wmHc9y0/h7c9PLdOHXqsXjPvOVoT2Uwvb0bQ4VRDIbMGaGP48iLIrinOBaTX7o+HFTeLj/ujUwSi4+X/vP244MLYlBRlMXqbkXjVRx3RazWwaOHb6c2aPJRHUWTEVG7CMcbpIepzoHtPf1GOu4aepjqrJq/MDrX1EFULGrpreMXX3cJ94ksj7K8aOqse92Z6uwR3B8F/dbdJxo6x+4Xg+vOVOdIfCIbd1D7AB3irithdNbNX6Q+KUUVn0R43YWt34nwiayuKOoc2E7YbbT+bpr5l4K/RXq0bF3R8Yksj7L3LwOdm6quGPqE2Xmk1j8I9O4E505Zd7R3Izv3DDhTFqr7RLOuFHrmIzfvTDjek6cMwEgfMjufA4p/5Wp63YX2CaEIBx88CAwebvRAGkrrLKBOmgU2cQYAgGcHUHj+F0Aha9gbh73lEaAw6vY9zf3cTs55+dRoNUNDQzh44AAmdHWha0JX1WODxTeiyueUPss0n/cffy49ZqUqU/TzO3+GNc89h89+7nO44gMfwAc//CGce9556OjoqGiXyWRw/gUXIpPJ4P5f/Uo6Qerr7S0/5sCBwx3hlzkVuA2b23A4h8M5hm1X27xj43U98/GFEy4DYwz/+NLPsHP4ALYO7QMA9LS5n9t63syTcXz3PPx219N4+uAGXL7wfGSKJ2SP7JyKETuL3tygcIxEfIgmlY7DAeEOcGlHVBDLF7fnNpdECCKqzIGK7iqjbFIiay/5uaXRYNwiPZR3zn06B0xKBO2jGm+QHqY6B7b39BvpuGvoYaqzav7C6FxTh+oioqK3jl983SXcJ7I8yvKiqbPudWeqs0dwfxT0W3efaOgcu1+SUFd83UXr7yAd4q4rYXTWzV+kPilFFZ9EeN2Frd+J8ImsrijqHNhO2G20/m6a+ZeCv0V6tGxd0fGJLI+y9y8DnZuqroTwiZUbRnrtf8PavwUcY4uoLN2G/IwlyB3zJtgTZ9T2iWIenZ65yB19HuxZrwNSmYrxWkMH0bb9abD8SOjrLrRPiJpwxwY/vAd8sLfRQ2k4rbOAOnk2rJnHl28XHr0R9ub/MeqL9++B/fLK8m1r7uvL/7YLpVOjlQuSEyZMwOTubuzevRvbt20v379j+w7cd8894Jz7vvxpeNg9cZnL+RdQR0fEpzF3796NLVu24D9v/zEef+wxPLV6NdY89xy2bdsG2678EN93v+cSXPyud2Hlf/8aD/3ud77HX3rxRdx+221jP5vjoOA4KHD/hwHbnvsLjo2h4uJy6b6PHnsRrlh4AZ45sBGfefoWbB3cizYrgylt7undjJXGBxe9FXnHxvHd83Hm9LFczejoQd6xsXtk/H2LW6MpfVape6K68rNLvTuIjiPeCSydxC5F744gZ/o7pD5EO4iySYmsvajbiHeim+YERMB4g/Qw1TmwvaffSMddQw/jExCK+Qujc00dJBthgXrr+MXXXcJ9IsujLC+aOtf9BIRi/uruEw2dY/dLEuqKr7to/R2kQ9x1JYzOuvmL1CelqOKTCK+7sPU7ET6R1RVFnQPbCbuN1t9NM/9S8LdIj5atKzo+keVR9v5loHNT1ZWQPmF2HqmXH4S17Xk4xY/kK+uf6URhzjJk558FZ+pCOKmO4LwI8sjTXSj0zEd+wTnIzzoJvK3LN16rdwcy25/ynzw1vO5C+4QIhNt58IM7wbPDjR5KImidz0C1UkiddIm7aOoUwEf7kH/oW2ATp8Oau0y5Gz50ELn7Pw9+6NWxfo97s/sY5ygU3EXQ6kXPVCqFT139Kfzglltx7ec/jz+7+GJks1kcPHAA73nve/HKllfwm1+vxHFLluDdl1wCABgadE9cDg/7L8aREXeBMjuaLRcLALjyL/4CL774Im668caK9owxTJs2De9576X4zGc/i1QqhalTp+Lvvn4dAOALn/0cTj7lZJz5hjeivb0Na9aswUB/Pz79mc+CMYa8YyNlWehgbcJTtja3kbHSmJTpxLCdRdbOY1KmEyPFU74ZK42PHfdO/M/eF/D8oc3YOXQAPW0T0On5UqhL5y3H99ffi/cvPL/iy6LmTZiBSZlO9OXJlPWGAZVfHFUVGRgcFD8DFSgWTVTcBsQ7gpyPRXh2HLkogolrm2gHMWhSElREvd0y9wFh5Bqx+AK+qHMCQjYpFE0uhf0G6CrR2RdZQAyhszB/gjyG0Vk3f+Y6q0ZznVWjlLB+8XWXcJ/I8ig8KaGvs1Yew/hEM39194mWzjH7xSB/DfVJFH7x9BN/XYnfJ8p+0fGJII/1qCvh63cCfCKrK4o6t1xd0cpfBH4R5c+Tx5atKzo6K+fRXOemqisR+ST16iqwoYOwF5wO1tldmYeObuQ7JoPNOB4Y7UNqcB8w2g/LKYDbOVg5969r0T4ZtpUGUhk47ZPBJ82E0zGpKq8e/ZwC0nvXI9W/M1nzL0ICBx/qcz/zVPJX2OMRxktL+K1AIYvcg9fBfuEXY/e1T0TquLcgc97nwCYfKX9ubgj2a08g/9uvg/fvLt+dXnYlMm/7BgCAc47du3ejUCjgyCOPRCaT8XWzf98+PPG/T2B4ZBjHLVmCpUuXgjGGw4cP48CBA5g7Zy46uzoBAPv27kM+n0PXhAmYMmVKRT8jIyM4cOAA2traMHPmzPL99//qV/jjH/6Ic887Fyefcgo6OzowOprFs88+g1tvuQU7d+zE17/5Tbzv/e8rf/kU4J6E/dOf1uPQwUPo6OjAyaecjAULF1bKx22kmPuc0sJYCYfz8hshY+4p1LSVgsN5+TmA+yf9KWaVv5SIscq+ePnNewy7+Dks1W2J+Nn3d5OKi6HcH4vFz/IU7XIZY2PlzFesLTeCMbBirLjfU80YAyqrWxUxFUXPsNSjznDKk4AQk3VRFDxfOmCdEdcUwExno5fX1lk3f2Y6q+YvnM6q+Qunt2oew+ncgj6pmUcznXXz15Q+SZJfmtIn9fFLOJ1186ens27+tHU2ymO496Xx5BNft7H6pYnqio5PkuQXo/w1iU8S4Jd6+gTpNtizT4Yzf5n7Z/Y6vtCoK6nerUjt2wTGCzH4xUxnQg7PDoH3HwTsfO3GLcbmLz0R+HhrLaAC4P27kLvrb+DsXT92p5WCdeRJSC15G6wZS9yF1LYuwLHBRwfAD26B/acH4excAz6wt/w0NnUh2i/7UfkzUBvNs888gy9d+0V8+atfwQUXXlixQGrbNv7w8MP49Keuxvsvvxxf/PKX0NnZ2cDREs3A/r9zP2LBKi5ulmJpp7NyUXVsymAVa5VVvLN0P/Pc5rzYrljbAH/Nc0+6atY6zVor7jiiSVZAP1FOCoMnKTFNrkox4kmhOI9hJrF6+YvylyfpCQhDnZUvO2OddfOXcJ9o5TH+X0bi90kp1tknSfKLQf7MdVbNX3i9k1NX4veJ8uVqgopPIvRLS/iE6kp95l9UV8x1Vs5j+PelpqgrMfnEaesCn/d62Ee+DsxK6+dHEq2+nUjt31T8rNMm8sk4hds5oP8AeHb8frl3rQXU1vkT/iJs8my0vef7yN39STgHNgOODTg2nJ3Pw9n5PGClwTq7gYy7gIrsAHhuCJXHkhmso5ah7aJ/SMziKQDcc/c9aG9vx6mnnVaxeAq4HyFw4YoVmDBhAromdCGVSjVolEQzMVZ83MlHxZ/zs8oIMIBV7vTW2pn3RmaN9VOKjuOAMavcn3yAChEBsbpbzotFWiNCECGJupP16qgxeazWGcyvczlCEoP6YcxYZ/U5dxiddfNnprNq/sLoXDN/5VliOL2VfRJK5zr4RJbHsD4xzKOpzrr5q7tPNHROlF/iqiu+7iLyiSyPFc+Pt66E0TnyuiIjrE8i9Uu4+p0In8jqSlifNGtd0chfJHVFxyetVFfi8omhzi1bVzR8YuWGwTc9Amvbs7CnLYA19SjYU+aDpTLyfEmiNbAH1uA+sKGDYIVRIOa6Eton451CFjw77H7GaW600aNJPC23gAoAbOpCZC76RxQevQn2K4+hwjVOAXzoIAD5Fxax6ccgc+GXwaYvin2sOgwNDRXfWMTkcjkUCgWceOKJaGtrq+PIiGbGrTXF4sk8EVWRu+1Qal9+HortUG5Xbu+JqLpdvt/Tnw8miDqTFG8R9XbL3AeEkWvE4gv4YlG3iqg7KRRNSoT9inUVRm/evJEFxBA6C/MnyGMYnXXzZ66zajTXWTVKCesXX3cJ94ksj6J+DXTWymMYn2jmr+4+0dI5Zr8Y5K+hPonCL55+4q8r8ftE2S86PhHksR51JXz9ToBPZHVFUeeWqyta+YvAL6L8efLYsnVFR2flPJrr3FR1JS6flGJ2EOnd68B3rYWVboMz5Shg4hHgXVPA2jrAU+1gXVPAmQUrOwg4OaQcG3ykH1ZhBGxgr/tZqeW8xl9XQvtkPMAddx3MsQHbBuwCYBfAs0PuvwllWnIBFQCsOUvRdtmPYK97AIUXfgFn21M1nsHAJh6B9NmfQPq0ywEredKc96bz8IeHH8YzTz+Dt77trRWPjYyM4Fvf/CaOf93r8Ja3vlXSA0FUUrFoWv1FUmwsOlWTHYePFVvAbQdWO5aqnHen0duPf4DQK4qyKPi53eFoRAgiJFF3sl4dRZNKiJ8v1RuCCEmsmTcznVXzF05n3fyZ6ayavzA618xfeZYYTm9ln4TSuQ4+keUxrE8M82iqs27+6u4TDZ0T5Ze46oqvu4h8IstjxfPjrSthdI68rsgI65NI/RKufifCJ7K6EtYnzVpXNPIXSV3R8Ukr1ZW4fGKoc8vWlbA+KeSQ2v8K+P4twXnD2HdnAAx28flO+ToOiMrCBfUj0ZkgYqDlPgNVhrN/I5yND8E5sAX80GtAfgRIt4F1zwGbvgipRefDmnUCkEr2yc377r0Xd95xB45dvBjLlr0enZ0d2L17N5584kksOX4JrvrEJ9DV1dXoYRJNwr7SZ6Ayt9qIIuelz0Z1P9MUKE4dmPsZqByVn4lavs0rPwOVc8Cy/DUPYHq1TrPWijs2Kc56RT/0pDBgklLZr/pwdWVzJ1lhdFbNYz0mV2OTYjOdVfNnrrPyZWess27+Eu4TrTzq65w8n5RinX2SJL8Y5M9cZ9X8hdc7OXUlfp8oX64mqPgkQr+0hE+ortRn/kV1xVxn5TyGf19qiroSl0+auK7E4hNi3DLuvkQqEMcGzw4AI72AUwCsFNA+CaxjcuIXTkvYto2NGzdi1eOrsGP7NgDAxEmTsHz5cpx8yin0xVGEFnv/dmL5C6J8XyQFBjB3R7H02aesGAG3eJbKIoNb9Vix+pVuo1hk4b2/qpoxZnluVxFTUazHpDeeybr/+fWY9EY7Sa/x8to66+Yvyl9q/c+vx6Q3rN6qeazHpLepfFIzj2Y66+avKX2SJL80pU/q45dwOuvmT09n3fxp62yUxzgWS1vTJ75uY/VLE9UVHZ8kyS9G+WsSnyTAL03rk4bVFTOdCUIELaASBCFl799OAmNurWHMLaYMY4uelYuqlSdNwcamELITqKxYxEo1jk6gxjGpj2lyVYoRTwrFeazH5MqNiTsp5NFZ+bIz1lk3fwn3iVYe4/9lJH6flGKdfZIkvxjkz1xn1fyF1zs5dSV+nyhfriao+CRCv7SET6iu1Gf+RXXFXGflPIZ/X2qKuhKXT5q4rsTiE2LcUmsB1Qp8lCCIloYXq4n7/8WdQniKoicCcD/LpuJ5xcgFkUmiqL2sqnFBDCqKsljdrWwchuMW6VGtX+DkozoGTWqq8xLReIP0MNU5sH3FXDDCcdfQw1Rn1fyF0bmmDrzG7C+sX3zdJdwnsjzK8qKps+51Z6qzR3B/FP7uVGefaOgcu1+SUFd83UXr7yAd4q4rYXTWzV+kPilFFZ9EeN2Frd+J8ImsrijqHNhO2G20/m6a+ZeCv0V6tGxd0fGJLI+y9y8DnZuqrsTlE0Wdk1hXQvuEIDSgBVSCGMeMFTn4iyYqY6m9MDJB5JIoal/sRzBAf5RNSmTtRd3KxmE4bpEe1fpJJ/HV7WSTEVG7CMcbpIepzoHtPf1GOu4aepjqrJq/MDrX1IHJhFbTuWYefd0l3CeyPMryoqmz7nVnqrNHcH8U9Ft3n2joHLtfklBXfN1F6+8gHeKuK2F01s1fpD4pRRWfRHjdha3fifCJrK4o6hzYTthttP5umvmXgr9FerRsXdHxiSyPsvcvA52bqq7E5RNFnZNYV0L7hCA0oD/hJ4hxzP79+8EYU/4PgPR26d/eGPTvoPsIgiAIgiAIgiAIgiDqxfNrXw18nE6gEgQRGbQfQxAEQRAEQRAEQRBEq0ELqARBKBG0OEoLpwRBEARBEARBEARBtCq0gEoQRE1EC6RRLajS4itBEARBEARBEARBEEmGFlAJgpBCi5sEQRAEQRAEQRAEQYx3aAGVIMY5tEhKEARBEARBEARBEAQhhxZQCWIco7J4SgusBEEQBEEQBEEQBEGMZ2gBlSAIAGMLpdVR9XkEQRAEQRAEQRAEQRCtCC2gEgShvWga9nUIgiAIgiAIgiAIgiCaBVpAJQhCG1oIJQiCIAiCIAiCIAhivEALqARB+IhygZQWWwmCIAiCIAiCIAiCaGZoAZUgCIIgCIIgCIIgCIIgCEICLaASBEEQBEEQBEEQBEEQBEFIoAVUgiAIgiAIgiAIgiAIgiAICbSAShAEQRAEQRAEQRAEQRAEIYEWUAmCIAiCIAiCIAiCIAiCICTQAipBEFpwzhs9BIIgCIIgCIIgCIIgiLpBC6gEQRAEQRAEQRAEQRAEQRASaAGVIAiCIAiCIAiCIAiCIAhCAi2gEgRBEARBEARBEARBEARBSKAFVIIgCIIgCIIgCIIgCIIgCAm0gEoQBEEQBEEQBEEQBEEQBCGBFlAJgiAIgiAIgiAIgiAIgiAk0AIqQRAEQRAEQRAEQRAEQRCEBFpAJQiCIAiCIAiCIAiCIAiCkEALqARBEARBEARBEARBEARBEBJoAZUgCIIgCIIgCIIgCIIgCEICLaASBEEQBEEQBEEQBEEQBEFIoAVUgiAIgiAIgiAIgiAIgiAICbSAShAEQRAEQRAEQRAEQRAEIYEWUAmCIAiCIAiCIAiCIAiCICTQAipBEARBEARBEARBEARBEIQEWkAlCIIgCIIgCIIgCIIgCIKQQAuoBEEQBEEQBEEQBEEQBEEQEmgBlSAIgiAIgiAIgiAIgiAIQgItoBIEQRAEQRAEQRAEQRAEQUigBVSCIAiCIAiCIAiCIAiCIAgJtIBKEARBEARBEARBEARBEAQhgRZQCYIgCIIgCIIgCIIgCIIgJNACKkEQBEEQBEEQBEEQBEEQhARaQCUIgiAIgiAIgiAIgiAIgpBAC6gEQRAEQRAEQRAEQRAEQRASaAGVIAiCIAiCIAiCIAiCIAhCAi2gEgRBEARBEARBEARBEARBSEg3egAEQdSB0T7g1dXAy78FercDrz4JAJgBID93GZzJc5BbdD7sea8Hb5/c2LESBEEQBEEQBEEQBEEkCMY5540eBACsenodnl+7GRs2b8fIaBYAMG3KZBy36Cj82VvOwvSptKhDEEb8738Af7gRGO2v2ZS3T8LoWVchu+xKMMaE/wGQ3i792xuD/h10H0EQBEEQBEEQBEEQRD14fu2rgY83fAH1wKF+/Of/exAbtmwHAHR2tOGo2TMAABtf2VFut+Lc0/C+d53fkDESRFNyeDtw50eBPS9rP9U+4jgMX3ITeM9cWkAlCIIgCIIgCIIgCKKlSfQC6vad+3DDLXdhZDSLxUfPxcVvPQvHLTqqos2qp9fh/t/+Lw4d7sdRs4/A33/+Lxs0WoJoInavw/9n7+7joi7z/Y+/h/tBhbhNkdEEciqw8AbPiptlmTdb3vyyE3Zn4Xazq53ddq39nT27uW57ztnK3F/tSXdPbVHWmniqo3ajJEXhiq2IUjEVLpg6gsptYDIgN/P7AxlBGQRhZkBez8eDB/O9mev7makur95e3+url1K6NevUqYAgnVz0slouvZIAFQAAAAAAXLT6bYBaZ2vQE6vXqbK6Vinzr9eMaRMdxzKz82SrPyVTVIQSE+JUZ2vQqrXpOlJarhuvnaBFC5iJCjhVbZXWzOldeNomIEgn73uzw0xUiQAVAAAAAABcPM4XoHq5qY5zZGbnqbK6VlMmxXcITyVpS0aOtmTkaE3aZj2xep0k6bGlKQoNCdKHO/bKWlLmiZKBgeGv9/dNeCpJ9bUyvv2TvmkLAAAAAABgAPJeuXLlSk9ceE3aJvn6eOuRB2+Tr69Ph2NJ46+UOc6kmtqT+ubwMVm+/kYzpk1UoDFA+QVFOtXYrPHj4npXgO2QdqxP00sb/1dbM7Yra0eBjvhEKnZ0qPx713IPFOjVX7yq6mumaswQt10UF7Ocv0j73urTJg0nK6SAYWoZmcgMVAAAAAAAcNE5VvZtl8d9ujzqItaSMtnqTykxPlaBxnPjyvDQIIWHBml8QpxWrUnX/gNHVFhk1dSkeL2yYZv2n37g1IUrU9af/1v55of1+L1R8pWkxjLlb3xJf8n6oX42PbKX7QMeUF8jffSsS5r2+9taVcfMlN0/SBIBKgAAAAAAGDw8EqDW2RokSaaR5w8qly1ZoMzsPMe5Y2Oitf/Akd4VUGbRnqNmzfnZ6fBUknwjlXjXL5XYu5YBzznwac9v3b/1I2no69K6l7s+r75WgaVf6FTcjZIIUAEAAAAAwODhkQC1JwKN/po3K7lvGzUGyKgyHS6TEpxmuI0q3fGqXt26X9VNPho69ibde9d0jTZKOlGsrPS3lXWgXPVNkk/E93Tvw7fKbJRUlqVVzxxW/O2S5W2Lmr7/qH75gxCV7lqvv75jUXmT5BMyVjfdeZemj269UvXhLXr+2b/p8NltAT3xVUbPzr/1IyniE+m/zxOenuZ34CNHgAoAAAAAADBYeDRAbZuJ2hMV1bUyBvj17sLDpuj2OZ/q2Wf+TXtGxeva731P5vhRijI65qOqMf9VPb8nSg//9n5F+Uon8l/V8xsL9Oi9CfJVk0Km/0iP3z9MvmpU8du/18bt39Mv50WdfrdFn+bfrod/e68ifaXG/L/o2a2+uvOXTytxmNRYtUd/O9wkjZakcuVbbtJj//m0hsmm/Fd/r/TtE7Vi3ujefUYMPtU9WNrCEZ7+tttv8a4tuYCiAAAAAAAABjYvT1y07Xb8/IKiHr3PWlKmqupamWNNva4hcvrP9NvfPqy7rhmmw59u1PO/+ZX+bdXbKrRJ0gnt+dt+maf/QFGnM9Vhid9XTPFnOiBJw8xKjB12+vZ/X8WOHa3q6qp2rcfr1vsnKdL3TFtj592pxGGtR31DJ2l624ZC9L05iWrdMirxmlh9V32i158Pg9DBv3fvvAsITyXJp2L/BRQFAAAAAAAwsHlkBmqg0V9TJsVr1x6LMrPzNGPaxG69b0tGjiQpcdzlfVKHrzFKsdfOU+y186TGKu159Vm99Ha8nr4rRPU2ybL+F/rF+vbviFe8JNkOacfGt5VVXK7v6ptOH+r4Gc58sTbV2yTfAF91zkfGjptA/9TT9VUBAAAAAAAuAh6L60aNjNCuPdKWjF0yx5q69UCptnOmJsX3fUG+oZo0KVYb/1alE4pSgFGKX/y07k0499TCt9coy2exfvZ4gob5Ssp/Vb/4zFnDRgUYpcb6RknOQlTAjd6+oXUW6kO/6dksVP9h5z8HAAAAAADgIuORW/g3bMpS+uaPJUm2+gatWrtRmdl7Oz23/Tqp82Yla9mSBb0voOx9Pf/nLBVXNZ7Zd6JYW7IKNWpigoZpmBK/N1aF299XadspjWXK31OsRkk+PgGS0agAX0mNpcrKKuziYq1t7c96R8Wn78xvPJGvHfncpo8+dtk/df/ct2+Qyq9rDVG7qSnCfAFFAQAAAAAADGxunYFaZ2vQ2rTNKiy2KjQkSPNmJSt9U5Zs9Q1K35ylzOw8jR8Xp0BjgCTpcEmZCousGjUyUo8uvb3vCom8SXd+7x2tf+l3Ki2vV5Mkn4ARMs95WA9NOb0a6aR79bDtVb36m1+ouqn1+DW33qt4SbHz7lLC8y/pV79oks/QsZo7ySyVO7+ccdJdWnbir1r/+9NthYzVTXcSRqGPhZi6vw6qdGYm6uIl0rqXz3t6c9DIXhQHAAAAAAAwMBnsdrvdHReylpRpTdpmVVbXamxMtFLvmKMnVq+Trb5BKfOv1+GScu3aYznnfcYAP82bldztdVKBQevLDGn9Ay5r/sQtz+lU3I2SJIPB4Phpv932uv3vrl53tQ8AAAAAAMAdCg9Yuzzulhmo1pIyrVq7Ubb6Bt14b1KMzQAAIABJREFU7QQtWjBdq9akO7bbwtFFC6bLWlLW4b3mOJM7SgQGvpjvta5T2uCC5SH8h6nRNKnv2wUAAAAAAOjnXB6gtg9P71s0W1OT4rVhU5b2Hzii6KgILVow3XFuoNGfwBS4UAHB0o0/k95/os+bPvm9H6vFL0jMEwUAAAAAAIONyx8i9Xza5g7h6c5ciz7csVfGAD89tjTF1ZcHBpfk+6XhV/Zpk80RZtVdc3eftgkAAAAAADBQuDxAraqulSkqwhGevrJhmyM8DTT6u/rywOBz119ab+XvC/7D9O0P/l/ftAUAAAAAADAAufwhUqvWpGv/gSMyRUXIWlruCE9NIyNdeVlgcDtqkf5ye+/WQ/Ufpqr/8xc1RVzh9KFRPEQKAAAAAAAMdOd7iJTLA1RrSZle3rBNR0rLFRoSpIdT5xOeAu5QbZX+er907Ksev7UpfKyq5/xBLcHRHcLSwRigGgySt4+XvLwMMhh0+qf/1gug/7Pb7bLbJbtdammxq7mpRa4djbkPfSYAV6DfBIDuu5j7TFfyeIAKwMNy/iJ9+P+6NRvV7jdUJyY/pJNX33VOcDqYAlSDQfL29pKXt0He3v2rNgAXp+Zmu1qa7WpuHngDXPpMAJ5AvwkA3TeQ+0x3IUAFINXXSAc+lb7KaJ2ZevRLqeGE7H5DdSrscjUHjZRt9HVqNE1Si1+Q0/B0MASo3t4G+fi2zgIAAHdrabGrqbFFzc0DY3hGnwnA0+g3AaD7Blqf6U4EqACcOnSwtMuwdDAFqF5eBvn6ts4EAABPa2m2q7GxRS0t/XOYRp8JoL+h3wSA7uvvfaYnnC9A9XJTHQDQb3l5GeTnz4AWQP/h5X26X+qHM5ToMwH0R/SbANB9/bnP7K8IUAEMaj6+XvIP8O4Xs2ABoD2DwSD/AG/5+PSf4Rp9JoD+jH4TALqvP/aZ/RnfEoBBy8u79VYqAOjPfP36x6wl+kwAAwX9JgB0X3/pM/s7enMAg5LBYJCfn7enywCAbvHz8+zsJfpMAAMN/SYAdJ+n+8yBgAAVwKDk5+cl/nwAMFAYDK39lqfQZwIYaOg3AaD7PN1nDgR8OwAGHS9vA7coABhwPNV30WcCGKjoNwGg++i7ukaACmDQYS0qAAOVJ/ov+kwAAxn9JgB0H/2Xc3wzAAYVHx8veXnxt2oABiYvL4Nbn5RKnwlgoKPfBIDuc3efOZDwrQAYVLx9GNACGNjc2Y/RZwK4GNBvAkD30Y91zsfTBQCAuxgMuvAZAbVW7fxohz7ML5P1RLMkyWdYiMyJCbr1hskaFdSHhQJAF7y8DDIYDLLb7S69Tq/6TADoRwZqv9lYsl2/3+CjpcunK7zPWgWArrmrzxxoeh2gVldX90UdANoJCQnxdAkXJW/vC5t0X5Gbrt9vOKLas/Y3naiWZccOWXbsVuKiO7UsKbT3RQJAN3h5S81Nrr3GhfaZUpPqbFKgkb+nB9B/9O9+sxPHt+v3f/hcNdfeTngKwO3c0WcONL0e2RL0ABgoDBcwpq37Il1PbDgiW7t9YaNCVHe4ut2+BuVvWK81AalaNm5I7wsFgPPw8jKoWS6eSXUBfWZFyTeqzM/UC1XX6slFQSosKFddF+eHx16jGGbwA3CD/tpvdup4lp74w+eyylvJCaY+ahQAus8dfeZAw9QAAIOGwdDDW6pseXrhlY7hqRSk6xZN1oGnM5TfYX+D8l/ZrJ3/fqemGntbKQB0rcf9mZuu0fh1ltKqJmvFPVfI1/aNjhUX6YDN2dlDlDj6GsX0qkoA6J7+2m+eo/YzrfnjXlmbJAVcpuS43jcJAD3ljj5zoCFABTBoePXwD4HDGbtl6dE7juqdDKumLmCmAADX6ml/5q5rjLhxiZ5s2zCO0YzbxvRpTQBwofprv9mBrUBrnspUfv3p7bg4mXtdFQD0nDv6zIGmDxdpAYD+rWe3VZXJUtjVjaedqyz8Wkd7/C4A6Bl3jGkv+FbU2s+U9lqeavq0GgDonX7db0qSrUAvPJVxJjyVZBrWoN37PtPufZ+psIrFCAG4D/npuZiBCgCdKtOBsgt5W5WOSRrR1+UAQHv9clB7UjvT1untQz5KfiBVwYe26fG0oi7XQI25OVXLklg7GoAb9Mt+87RGq95am6HcEx13W3d9rBd3tb42/WCEVtwY6f7aAAxO/bnP9BACVADosSEKGybpxHlPBIBBZIimLrxFI5pGKCbUR9Js/W6lp2sCgP6uTFv/uFHbSp2fYbrhdv2S8BQAPIoAFQA6FamYSCn/nFmotfrkfatSf36/xue+pxc+OKra9ndURYZquBurBIB+JcikGDWpztakQCPDTAA4v1AlzZ+hsBOS1KTCjz5WdrswNShxlh692SRfT5UHAJBEgAoATkQq3hyot8vOvfm0siBXzxR8rrE/mK0VK08q7deZjodNhZmv4PZ9AINWTck3OpafqReqrtWTi4JUWFDe5S384bHXKCbIbeUBQD/ko/C4axQuSSpQ7utnjhgTZul39yQo0EOVAQDOIEAFACdGzZqs+B0fO8LRjhq0//3NevT99vtGaO4sk1tqA4D+qO7rLKVVTdaKe66Qr+0bHSsu0gGbs7OHKHH0NYpxZ4EA0J8VFanw9Etjwgz9LpXwFAD6CwJUAHDGOFEP3lekf33liJz+/7+DvxLvm6+pRjfUBQD91Igbl+jJtg3jGM24bYwnywGAAaUw96BsknyiJuiXqdco2NMFAQAcvDxdAAD0Z4HjUrRiUbS6vsPUX4mL7tSycTxJGgAAABfCqn2FzVLU1VqxfDpLQgFAP8MMVAA4j/CkFK02W7Xzox36ML9M1hPNkiSfYSEyJybo1hsmaxRr+AEAAOBCVRVp/7Cr9fhPbiI8BYB+yGC32+2eLgKAZxw6WCqDwdCjH0lOt9tet//d1euu9rmCMZC/MwJw8bDVNbm0ffpMABcb+k0A6D5X95n9TeEBa5fH3dbDFxZZlbljr/ILirp1vikqQjOmTVRyUryLKwMAAAAAAACAzrklQN2Za9ErG7ZJkkJDghQe0vW9rnX1DbKWlittwzYVFluVumi2O8oEAAAAAAAAgA5cHqAWFln1yoZtio6K0JJFs2UaGdmt91VU1WpN2ibl5FoUFhKkebOSXVwpAAAAAAAAAHTk5eoLZGbnSVKPwlNJCg8N0mNLU2QM8FNm9l5XlQcAAAAAAAAATrk8QM23FCs6KsIRnlpLypS+OUt1tgZJrbf3v/PBLklSna1BaRu2ad/pdVIDjf5KTLhctvoGWUvKXF0qAAAAAAAAAHTg8gBVkgID/B2vt2TkKDN7r3JyCyRJr2zYpi0ZOaqztYakObkWZX6S5zh//Lg4GQP8ZDQGuKNUAAAAAAAAAHBwy0Ok2ktZcIPMcSYlJyVIkpamzpfUOtvUHGdSyvzrZY41Oc4fnxCn8f/xLy6r59SpJv3XS29Lkv7lh7fKz6/rryTv8/3auPlj/etP7lRI8NAeXSvv8/3686vv6Ef3ztXEq8decM0AAAAAAAAA3MPtAWp4aJBmTJvo2B6fENfhePtjUutDqMJCgxUeGuSSeg4dOabDp5cHOHTkmC6PiXbJdSRp3JUxenrFQxoSyGxaAAAAAAAAYCBwe4CamZ2nLRm7tCx1vsxxJq1aky5bfYNWLF/c4byduRalb8qSrb51rVRTVISWpi7o0yDVbpdy9nypSYlmSa2v48ZEy2Dos0t04OfrI78ezloF4DnHy7/1dAkABpFLIy7xdAm9Qp8JwN3oNwGg+wZ6n+lpbg9QD5eUy1bfoLrTwWhFda1stnrV2RoUaGxdK7WwyKpXNmyTMcBPc2dOUUVVrXbtsWht2qZzgtbeOHK0XEXflOjBu2+WJL20fqvKK79VZPiZf6kOWo/pL399X8fLqzXi0rAOt95X13ynJ/+4Xknjr1B+QZHKKqqVGB+nubOS9fqb2/XN4aMaOSJCS++br4iwYB04dFR/XveOfrR4rkIuGaYn/7heyUkJ2vfFP1R6vEKR4SG6/64f6DLT8D77jAAuHH/AAED30WcCQM/QbwLAwOH2AHXJHbN107QJMo2MlCT95nQg2haeSq2zVCVpxfJ7HTNOw0OD9M4Hu1RYZJU5zqS+sHvfVxpxaZiihodLkiIjQpRfUKSZ10+SJNWcOKmX1m9V9IgI/fSBhaqp/U4vrX//nHa+/sdh/ejeear+9oRefP1dFR8s1V0LZyg8LFgvrX9f2z7arXv++aZOa/g0z6If3vkDDRsaqJff2Kr3P9yth+65Rd7ebnm+FwAAAAAAAIAuuD2lq7M1yFZ/qsN2na3hnHOMAf4dbtdve7CUtbSsT+qoqT2pzy0HNDUpXt7eXvL29tLUpHjt3F2gmtqTkqRvDh2Vrb5B/+cH31dEWLDixozUzTdNOaet66cmKnpEuOLGjFTU8HBdZR6tCVdfrlEjIxV32UiVHKvo8Jnbu/mmKYobM1KXRoQo4Yoxqj1xUqcam/rkMwIAAAAAAADoHbfPQN2wKUu79lh036LZmpoUrydWvypb/Sk99+8PO2ahhoUGa/+BIx1mm7bNSm0LUnvLUnhQR8sq9fzLmzrsNxhajyUnxet4RbW8vbzk5+frOG4M8DunrbP3RYaHOF5fEjxUJccqnNbRWXsAAAAAAAAA+ge3B6jmOJOspWWOIDQ5KUGVVTUdbuGfNytZ+QX/0DN/2ihzrEkVVTWqrK5VYnys49b/3jh1qkm79lg0b9ZUTZ2c0OHYzt0F2rXHoknXmHVpeIgam5p0sq5eIacf/uRsJikAAAAAAACAi4/bA9SpSfGamhTv2F60YPo554SHBumxpSnakpGjfEuxQkOCdOO1EzRvVnKf1HDoyDGVVdYoZUGcIxhtk5gQpx1//0KHjhzTmNEjNCTQqHc/2KWFt0xTTe13em/7rj6pAQAAAAAAAED/5/YA1VpSpnxLsW68doICjf7aV1CkyqpazZg2ocN5ppGRWrZkQZ9f326XcvZ8qegR4RoRGXrO8RGRoYoeEa6cPV9q8T/P1A/vnKOX1m/Vr37/F0WGh2jiNWbl7vu6z+sCAAAAAAAA0P8Y7Ha73ZUXeGD5ao2NidZjy1IkSavWpGv/gSOONVAfWL5akvTi6uUd3ldYZHWsg2o0+ssca1JiQlyHB0sB6J1DB0tlMBh69CPJ6Xbb6/a/u3rd1T5XMAa6/e+MAMBlbHWufegkfSaAiw39JgB0n6v7zP6m8IC1y+Nu6eFt9Q2O14sWTNe+giKNT4iTJC1Nna/KqpoO57/8xjbt2mPpsC+/oEhbMnKUsmB6hyUAAAAAAAAAAMBVXB6gJsbHKt9SLGtJmUwjIx0/bdqC1DZbMnK0a49F0VERmjcrWeMT4lRRVavCYqvSN32kVzZs06ioiD55mBQAAAAAAAAAdMXL1ReYMW2iJGlN2mZZS8q6PLfO1qDM7L0KDWl9iFRbuBoeGqSpSfFaltq6JuqWjBzXFg0AAAAAAAAAcsMMVHOcSfctmq1XNmzTE394TWEhQQoPDe5wTmJCrGZMmyhrSZls9Q2aMa31AVOdtRUaEqR8S7GrywYAAAAAAAAA96yBOjUpXuEhQcrMzlO+pViV1bUdjtvtds2YNlFhocEKDQmSOdbUZVv7CopcXTIAAAAAAAAAyGC32+2eLgKAZxw6WCqDwdCjH0lOt9tet//d1euu9rkCT0YFcDHhadIA0DP0mwDQfa7uM/ubwgPWLo+7fA1UAAAAAAAAABioCFABAAAAAAAAwAkCVAAAAAAAAABwggAVAAAAAAAAAJwgQAUAAAAAAAAAJwhQAQAAAAAAAMAJAlQAAAAAAAAAcIIAFQAAAAAAAACcIEAFAAAAAAAAACcIUAEAAAAAAADACQJUAAAAAAAAAHCCABUAAAAAAAAAnCBABQAAAAAAAAAnCFABAAAAAAAAwAkCVAAAAAAAAABwggAVAAAAAAAAAJzoNwFqRVWtKqpqPV0GAAAAAAAAADj4eLqAwiKr0jZsU2V1a3gaFhKk1EWzZY4zebgyAAAAAAAAAIOdRwNUa0mZ1qRtVmJCnG6aNkGStD17r9akbdaK5YsVHhrkyfIAAAAAAAAADHIevYV/e/ZemaIitOSO2TKNjJRpZGTr66gIbcnI8WRpAAAAAAAAAOC+Gah1tgZ9uGOvKqpqZI41KTkpXpVVNZ3eqm+OM6mwyCpJ2plr0f5iq8JDg3XjtRMUaPR3V8kAAAAAAAAABjm3BKh1tgY9sXqd7JJGRUUobcM2HS4pU1hocKcPjrKePrZhU5ZycgtkjjXpb0VW7dxdoBXLF/c6RLXVn9JzL76l4oOljn0Gg0FjRg3XvSmzFHVpmKprvtOTf1yv2+dfr4lXj1Xe5/v11rvZ+vmPbj9naQG7XXrz3U9UfLBUP31goYwBfr2qDwAAAAAAAED/4JZb+HNyC2SX9Jvli7VsyQLdt2i2PtyxV1OT4rVrj0WZ2Xsd52Zm5ynfUqypSfH6cMdepd4xR8uWLNBvli+W/XRbfWXm9ZP09IqH9PSKh/Qfv/yhQoKH6U+vbFHNiZOdnl9eWaNdeyzn7D9eXqW/7/2qz+oCAAAAAAAA0D+4bQbqEKO/Y+ZoeEjrDE7TyEjdt2i20jd9pPTNWZIkY4Cf7ls0W2GhwZKkwIDW9wSefn+draHP6grw91NI8FDH9i0zp+jZF97U4SNlio6K6PQ9u/ZYNGVSvGMWqt0u7fj7F6qpPanw0zUDAAAAAAAAuDi4JUAdnxCndz7YpXc+2CVzrEnpm7MUHRWhQKO/RkVF6O7bZqq88ltJUkTYJRoRGaLw0CBFR0UofXOWFi24QYXFVh0pLdey1AUuq9PXx1uS1Nzc3OnxqOFhklpD1Lkzp0iSyiu/1WeWYl0eE62WlhaX1QYAAAAAAADA/dwSoJpGRmpp6nxt2JSlLRk5SoyPVcqCG/TM2o0qLLZ2+h5zrElL7pijDf/7kVatTVdoSJCWps4/Z/3RvtLU3KxP876Ul5eXooaHd3qOMcBf1ycn6r3MTx2zUHf8/XONiAxV1Ihwx4OvAAAAAAAAAFwc3HYL/5HScn1/coJj39q0TbJLWvHze2QaGdnhfGtJmV7esE1pb2zV+HGX64rLR0mSjpSWyxxr6vVDpNpsycjRlowcx3agMUCpi2YpMvwSVdd81+l7rhw7Sp/mfaldeyz6pwlXat8XRbr39pn6mvAUAAAAAAAAuOi4PEC1lpRp1dqNMhr9HWuf1tW3BqqP/vj2c8JTqXXG6rxZyVqbtlnGgDNhaUV1rbZ/kqfHlnb+vp6aef0kzZg2UZLk4+2toUOMMhi6fo+fr69uvHaCNm75WKXHKhQ1PFwxo6MIUAEAAAAAAICLkMsD1C0ZOTLHRmvZkjNrlxYWWfXMnzZ2+b62h0fNm5Usc5zJsX/Ny5u0JSOnQ3sX6uyHSHXXlWNHaXhEiCyFB/XIg7fJ29ur17UAAAAAAAAA6H9cnvzlW4qV3O7W/d5KnpygfEtxn7V3IXy8vXX7/On60b3zNDr6Uo/WAgAAAAAAAMB13LIGamBA36xZ2tdt9UZEWLAiwoI9XQYAAAAAAAAAF3JLgNrfGAP89K//ckeX54QED9VTjz/o2J549VhNvHqs0/PnzpyiuTOn9FmNAAAAAAAAADyPxTsBAAAAAAAAwAmXz0A1BvgpZ49FhnaPt7eWljt+G5w89t7ZOTl7LDIG+LmwYgAAAAAAAABoZbDb7XZXXmBnrkXpmz6Srf5Un7RnDPBTyoIbNDUpvk/aAwazQwdLZTAYevQjyel22+v2v7t63dU+VzAGDspVSwBcpGx1TS5tnz4TwMWGfhMAus/VfWZ/U3jA2uVxl/fwU5PiCTsBAAAAAAAADEisgQoAAAAAAAAAThCgAgAAAAAAAIATBKgAAAAAAAAA4AQBKgAAAAAAAAA4QYAKAAAAAAAAAE4QoAIAAAAAAACAEwSoAAAAAAAAAOAEASoAAAAAAAAAOEGACgAAAAAAAABOEKACAAAAAAAAgBMEqAAAAAAAAADgBAEqAAAAAAAAADjh4+kCAAAAgMGhTFtXb5bufkBzLm3bV6A1Tx3Vrf/3Jo0439uPb9fjf7Coztg2hA9UwsKFSh0XfMEV7UtLl1JTNL5ou/6zcIz+7ea4C26rTU32y3r062u09sGJ8u3qvK+3KX/YbF03UqrIfUtva7oeTArt9fUdagv0VkGwFiabunFymbY+9Zq22vwdNQebr9dP70hQ977dk9r3xjq9Xigl3v1j3dP7rxEAAPQjBKgAAACAuzQ1aOsr6Rr+kxSNN17A+6+YodWpCac3vtFrT2WpcNwCmXtbV9xN+rc+Cf2s2loQpbujivRJ7UTNCHJ+Zl2JVQWR0nUjpfCkhXqwLy7fnu2o8gvVzQBVkqKVujJF409vHXjzRb1dlKDU7nwvVbv1Tn2yVq+85gKLBQAA/RkBKgAAAOA2Ebr7vlBlvlkg8z0JCmx/yPaNNrzwnnKrJRlDNe++O3XdpU6akaTGBtkaW1/Wff2untlwUDXylmnmfD2S7KOtT2XqmLlehfl1avQZobuXL9R4Y6k+eWGztpQ2yzfyaiUZpRhJ+iJdj5dN1+9uLNOapywKCqmVpbRBjSHxevSn0zVCVdqZlq63DzXLNyROZqNVw+e3n0l72td5qp0yW4tid+vZ977WjDuuOH2g3XWNEbo2sUEffVSrOp/ntbxwhh4N2aG3Ix/QsnFSRW66nnuvXHWSghNm6NHbrlDNhy8qvcykuuIiVTZ5K2HhYqWOG6KjOev03Ae1avTxl+mG+XokObL1clXZWvUni47ZLFq+8qBSV96i4Z20GyhnmlRna2p9eTxbz77yuay2jvW8XjZCjcUHZZp1tY6995msNmn5SqtSVyar5vR3JQUqcVGK7rnipLY+tU3HzE0qzI/U3QtP6vU9PhpeUiZrk4+SbzbL+pFFVptkXrhYD44b0p1/mQAAgJsQoAIAAABu5HvpTbo76mU982GoVtx4Zv/hjExVTkvV6vFDpNpsPZGWrcSfTut4C3nRDv3nc7slNau2foiuu2e+zI15ejZjiJaufFjhOqmdL2zTvuRrJVXJZ/zDenKBVJe7Ts/uq1GC8WN9MnK+Vj8YJelrpf3q6LkFljUo5icP6B5j6yzMbUXTdfeJbfowcr5Wp0ZJ+kavrbR28smqlLkrQDNSAyRN0wy9pd2NV2iyr3R402btG79Yqx8cIqlJjfLRBJ8XHaHp0Q93tDbRmKfXs0O1dGWKRkgqeONPSi+6QrMlWX3NWv3r2ZJtt1a9kKeacVcoPzdIqSsXyyypzlZ/ppTQaXrsxw16/P0R+l1qgtSYp2c7abfj7NKjSn/uZW2V1HSiQUFTZuvBOKs2rC7XjJ8/rARf6cCm9frk+BVKlHTMN16rf31L61tHnblW4771+r3ju/paaf++XYW/TpZU6/jnoS/SVWkzacWvFyrw+Hb964t1WvrrH2tUY56eXZunmnHTurl0AAAAcAcCVAAAAMDNRtyYorlpb+mt42du+a6slmKmnJ55GDRG8fW7ZZU6Bmlx1+rfHLfwn3a8SpVlRXrhuW8kSU31AbquSpIilDC69ZTAAH/ZahtUYTupsFFRbY0pfvRn5xYXOUIxp5cXMIZIdTapoqr9+8YoYbR07Oz3lezWJ4es2v3cy63bTXXy3VWlydNCVVntI3PbZ5OP87VRq6pUGTrCsR6s+YpgvV1aJUmKMY85XVSgAutrVKdIXbcgVG+lpSvTJ1hJN8/WZGfLIjhrN679mqsjlPLTM7fwtypQZdlRvb32ZW2RpKYGmU5PqnXUc5aO31Wc4iNzZD3rn4ckDTdf5pgB6zsyWqMkyddfvvVVrbNknX1HAADA7TwaoNbZGvTOBznaudsiW32DJMkY4K+pk+M1d2ayAo3+niwPAAAAcJEhGp86XYWrN6vw9AqmYSFSTulJ6dIhUu03sgREaEZ3mgoNVVhkvFI7zFYt09ZOTg0PHaLKw6XSuChJRbIckhK7cYmO7/tGBYek8LPOKcg+qbm/ekCTHelolTJfyFbhtAUKC2nSJ4dPas6lZ2ag+kpqrK+XFNDxs1Qd1VElaISkwq9rZEoKlQ51Xpdv1DTdkypJn2nN6izFLJ9+pi5fH/k2NqhRkq+zds8rWGGR0brupwvUPrY+WtLd76pIlrJQJYdKB7pxNQAA0D95NEDdsClLu/ZYFB0VocCA1rC0rr5Bmdl7dbKuQUvumO3J8gAAAAAXMmnR3Wbtf711a9SsGQp7IU3LN8uxBmq3ZiH6TtTd097Smn//kyqbpMCoeD2QekXnp46/XtflbtbylafXQO3mg6N8x8/Wjfnpre8LiZM56qwTarO1tf4yPdJhammorhtfpzW5J/XIrNka/kKalr8n+RojNOe+FF2XPEWBT/1Zy3Mn6IdtT8Hynai7p6XruZXPn1mrNE6q6TRALVNO2lvaUtosyVummQs7hrqhkzXXuE7LV1q08CeLO233/Eyad9vXeuGpPynNJvmGjNDdqQsU1s3vqm0NVLNOEqACADCAGex2u91TF39g+WpFR0XoN8sXd9j/29XrdKS0XC+uXu6hyoDB4dDBUhkMhh79SHK63fa6/e+uXne1zxWMgaxaAuDiYatrcmn79JnoqEmNjT7y9ZWkKmU+t11h59zuDvRv9JsA0H2u7jP7m8IDna3vfoZHe/jE+FglT044Z/+8WcnK2V3ggYoAAAAAnKO2SG+9vkP5ZQ1qlLdMM+frEU/XBAAA4CYenYEKwLOYgQoAAxczqQCgZ+g3AaD7mIHakVt7eGtJmfItxRf03sT4WJlGRvZxRQAAAAAAAADgnFsC1Dpbg9ambVZhcddpble2ZOTIHGvS0tT5CjT696oeW/0pPffiW4o3X6a5M6f0qi0AAAAAAAAAFy+XB6h1tgY9szZd1tJyJcbHKnHc5QoPCepRGxXVtcoaAeETAAAgAElEQVT/4h/KtxTrmbXpenRpSq9DVAAAAAAAAAA4H5cHqJnZebKWlmvuzCmaNyv5gtowS5qaFK+X39imXXssyszOu+C2AAAAAAAAAKC7XB6g7sy1yBjg1yeB56IF07Vrj0U5uRaXBqhNzc36IGuPPvhkj+psDbrmqhjdddsMXRI0VMfLq/U/73yir/YfUmNTk8aMGqGH7rlFQUFDtDZts3x8fPTQPbfI29tLkvTWe9k6ePiY/uWHt6roYIne+N+PdLy8SpHhIbrz1ht11djRLvscAAAAAAAAAHrHy9UXqKqulSnqzMOfKqpqVVFVe855q9ak65m1G7tsK9Dor7Ex0aqsPvf9fenjnZ9pe3aeFv/zTD35q/vl7++n9W9/pObmFp2sq9dlpku18rH79Lv/u0TeXl56670d8vby1qRrzDpwqFQVVTWSpNrv6pRfUKwpk+J1vKJaL61/X1dfFaMnf/WAZk9P0mv/s11lFd+69LMAAAAAAAAAuHAuD1DPlvbGVj2zNv2c/dbSMh0uOd7pewqLzjx8yjQyUtFRES6rr6GhUXu/+IemTLpKE66+XKEhQZp9w2RVVH6rmtrvFDN6hG65aYoiwoJ1aUSIrhw7WpXVtapvOKV482UK8PfTZ5ZiSdI3h47Ky2BQvPkyffHVAQUHDdUPbvwnhYYEafKEKxUZfokOWo+57LMAAAAAAAAA6B2X38J/tkCjv/YfaJ2FGh565mFSK5bf2+n5hUVWPfOnjbpv0WxNTYrXogXTXVpf/alT+rbmO20/cETbP8lz7DcG+Onb2pOqP9Wo9E1ZOlxSpu9O2iRJsZdFSZKCg4Zo/Lg47f3iH5o6OUE7cy2KuSxKQcOG6Hh5tawlZXrk8TUdrhc3ZqRLPw8AAAAAAACAC+f2ADVx3OXKtxTrlQ3btDR1vgKN/pLUIUytqKpVoNFflVU1ytyxV5K0K9eiUVERCgsNVp2tocP5fSnAz0+XBA/V1VfFaNb0JMd+L4NBAQF+euG1d3XipE2PPLhQQcOGKDM7T8UHSx3nTU68Qrv3fq2/7/1Kh44c1/13zpHBIF0aEaJRIyN1/10/UECA/5nr+fu55HMAAAAAAAAA6D23B6hTk+JVWGTVrj0WPbF6ncaPi1OgMUDGAH8lJ8Ur0OivJ1a/KskgSbLVN0iSCouteuIPr8l4Onz843883Ota6htOqbrmO8e2l8GgIUMCNGHc5dqenacrLx+lUdGXqvbESRUWWTX9++MV4O8nXx9vBfj7qbKqRns/36/goKGONqKGh2u0abg2bd2p0dGRGh09XJI07soYfZzzmXLzC/X9yQlqbrFrX8E/ND7hchkDCFEBAAAAAACA/sjtAaokLbljtsJDg5SZnafM7L2O/aaoCJnjTEpZcINe2bBNkvToj2+XOc4ka0mZVq1Nl62+Qfctmt0ndXzw8R598PEex7YxwE+PPHibrp96jU6dalTahm06WVevS4KG6qbrJspgkBbefK3++7V39fhTL2t09HCZ40bpWFmVow1vby9NTYrXF18e0JRJ8fLz83F8tvtSZumN//1I727fJV8fH024eqwmj7+iTz4LAAAAAAAAgL5nsNvtdlde4IHlqzU2JlqPLUvp9Li1pEx1tgYFGv1lGhnZ4X2J8bFatmSBY9/Lb2zTrj0Wrfj5PR3OBXBhDh0slcFg6NGPJKfbba/b/+7qdVf7XMEY6JG/MwIAl7DVNbm0ffpMABcb+k0A6D5X95n9TeEBa5fH3dLDt92G35mugtDK6tqO21U1kiSjMaBvCgMAAAAAAACALni5+gKJ8bGylpbLWlLW7fesWpMuSbKWlit9c5b2Fx/ROx/s0v4DRyTJcXs/AAAAAAAAALiSywPUGdMmSpLWpG3uUYg6ZVK8oqMilJm9V6vWpmtLRo6ioyI0ZVK8XLzqAAAAAAAAAABIcsMaqJK0M9fimDUaFhKk8NDgTs+bO3OKzHGmDvsys/OUvvljTZkUryV39M3DowC0Yg1UABi4WMsPAHqGfhMAuo81UDtySw8/NSle4SFByszOU76l+Jy1TdtEF0ScE6CaY00KDQnS1KR4d5QKAAAAAAAAAA5umYEKoH9iBioADFzMpAKAnqHfBIDuYwZqRy5fAxUAAAAAAAAABioCVAAAAAAAAABwggAVAAAAAAAAAJwgQAUAAAAAAAAAJwhQAQAAAAAAAMAJAlQAAAAAAAAAcIIAFQAAAAAAAACcIEAFAAAAAAAAACcIUAEAAAAAAADACQJUAAAAAAAAAHCCABUAAAAAAAAAnCBABQAAAAAAAAAnCFABAAAAAAAAwAkCVAAAAAAAAABwggAVAAAAAAAAAJzw8eTF62wNysm1KCe3QNbSckmSKSpCyUkJSk6KV6DR35PlAQAAAAAAABjkPBagWkvKtGrtRkl2JSclaO6sZElSYZFVWzJ2aktGjh5bertMIyM9VSIAAAAAAACAQc4jt/C3haeJCXF68tcPatGC6aqzNajO1qBFC6bryV8/qMSEOK1au1HWkjJPlAgAAAAAAAAAnglQN2zKkikqQkvumO24TT9nd4FydhdIkgKN/lpyx2yZoiKUvvljT5QIAAAAAAAAAO4PUCuqarX/wBHNO33LflfmzUpWYbFVFVW1bqgMAAAAAAAAADpy+xqo+QX/kDHAT+Y40znHbPUN2l98xLFtjjPJGOCn/IJ/aMa0ie4sEwAAAAAAAADcH6DW2Rpkiur8wVDW0nKtWpvu2H5x9XKZoiJVZ2vos+vb6k/puRffUvHB0k6Ph14yTI889M96NX2bJOmnDyyUMcCvz64PAAAAAAAAYOBwe4AaaPSXtbT8nP1tD5I6m7W0TMmTE/rs+gH+flqWukBNzc2SpL++lama2pP64Z1z5O/vJy8vg4YGBmpZ6gLH+QAAAAAAAAAGJ7cHqIkJlyt988cqLLJ2uI3fNPLcWamFRVbZ6k/JHHvu7f4XymCQhg01Orb9fH3k7e2l4KChHWaatj8HAAAAAAAAwODk9gA1PDRIY2Oilb45SyuWL+7y3A2bszQ2JlrhoUFuqu6MF157V5L04D236J0PdukzS7GioyL097yv5Ofnq/tSZqqyulabt+WoqalZ82Yla/YNk2UwSPUNp/Tmu9nalWtRS4tdUycn6La505jNCgAAAAAAAAwwXp64aOodc1RRVaM1aZs7vW2/ztagNWmbVVlVo9Q75nigwnMdKS3XyOHh+o9fLtFVY0fpz+veUdHBUq1YvljzZiVre/YelRyrkN0uvflOtixff6OfPXSbVj52r0qPVei9zE89/REAAAAAAAAA9JDbZ6BKrbNQH1uaoufTNutf//1FTZ0c73iwlLW0TDt3W2Q0+uuxpSkemX3amagR4UpOiteQwABNSjTry/2HNOeGyYoIC9a4q2L0wSd7dLy8SsOGGGUp/EY33zRFcWNGSpLm3PhP2vrh32Wrb5AxwN/DnwQAAAAAAABAd3kkQJVa1zz9zfLFyskt0L4vipSZvVeSNDYmWvNmTVFyUoICjf0nbPTz9ZGX15kJuwH+fgoaNkSSNCQwQH6+rV9lzYmTstWf0qvpGXo1PcNxfuglw1Tf0EiACgAAAAAAAAwgHgtQJSnQ6K8Z0yZqxrSJniyjTwUPGyJjgJ/mz56qxIQ4x34vL4OGDQn0YGUAAAAAAAAAesptAWpmdp4Ki4/I1smap91hNPrLHGvSjGkT+riyvhU0bIjizWP0Sc5nGh19qUIuGabjZVUqr6zR9/9pnKfLAwAAAAAAANADLn+IVJ2tQU+sXqctGTkyBvjLbrervKpGY2OjNTY2WsYAPxUWWx3bhcVWGQP8HNvlVTWy2+0yBvhrS8ZOPbF6XacPnuovDAbptrnTFBczUqv/tFH/93f/rdfe3C5/f19PlwYAAAAAAACghwx2u93uygts2JSlfQVF+s3yxQo0+mtLRo4Ki6x6bFmKJMlaUqYn/vCalqXOlyStSdusFT+/R6aRrQ+VWrUmXeY4k+bNSladrUG/Xb1O4xPitGjBdFeWDQwKhw6WymAw9OhHktPtttftf3f1uqt9rmAM9OiqJQDQp2x1TS5tnz4TwMWGfhMAus/VfWZ/U3jA2uVxl89A3VdQpJumTXD6QKi2oHRN2matSdvcYd/ZAo3+umnaBOUXFLmmWAAAAAAAAABox+UBalV1rUxRnQeiklRRVStJSpl/vVLmX99hX2dMUZGqrHZ+HAAAAAAAAAD6issD1POprKqRJM2YNlEzpk3ssA8AAAAAAAAAPMkti7RYS8sdaxxWVtfKVt+g/cVHJEk5eywyBvg7to0B/srZY3Gcb6tvUGV1reO4tbTcHSUDAAAAAAAAgOsfIvXA8tUuaffF1ctd0i4wmPAQKQAYuHgYCgD0DP0mAHQfD5HqyOU9PEEnAAAAAAAAgIHK42ugAgAAAAAAAEB/RYAKAAAAAAAAAE4QoAIAAAAAAACAEwSoAAAAAAAAAOAEASoAAAAAAAAAOEGACgAAAAAAAABOEKACAAAAAAAAgBMEqAAAAAAAAADgBAEqAAAAAAAAADhBgAoAAAAAAAAAThCgAgAAAAAAAIATBKgAAAAAAAAA4ISPpwsAAGCgs9vtTo8ZDAY3VgIAAICLDWNNwPMIUAEA6IGuBrDdPZ+BLgAAADrDWBPonwhQAQA4j84Gpufb19nAtW3f+c4DAADA4MFYE+j/PB6g1tkalJNrUX5BkQ6XlMlW3yBJMseaZI4zacqkeIWHBnm4SgDAYHP2oLX9dlfHzt7XftBqt9s7bBsMBga4AAAAgxBjTWBg8WiAuiUjR5nZe2U0+ssca1JiQqxMUZGqqK6VtaRMf9tdoC0ZOUpOilfK/OkKNPp7slwAwCDgbMDa2W8vr9ZnMbb9NhgMjoHq2ee3tLQ4jp09eD17tgCDWwAAgIsTY01gYDLYe7rARh+oszUobcM2FRYd1oxpEzVvVrLqbA06UlquwyVlGjUyUqEhQQoPDdLOXIu2ZORoiNFfjy5NIUQF+tChg6WOP4S7+yPJ6Xbb6/a/u3rd1T5XMAZ6fNI9+rnO/ua//QBVOvPve9tAtidaWlqcttf2uv1+oCu2uiaXtk+fCeBiQ78JT2OsiYHE1X1mf1N4wNrlcY8EqC+/sU35Bf/QY0tTFBYarPTNWcrJtUiSjAF+stWfktR6G3/K/OsVFhqsVWvTZZAIUYE+RIAKtOpqMNu27eXlJW9v7z67ZnNzs1paWiR1/t9UGwa3cIYgAAB6hn4TnsJYEwMRAWpHbg9Qd+Za9MqGbVrx83skSavWblRYaJDmzUrW+IQ4x3nWkjJt2JSl/QeO6L5FszU+IU6/Xb1O5liTltwx250lAxctAlTg3AHt2bdE9fVg9uxrt7S0OG65ks7976ttH3A2ggAA6Bn6TXgCY00MVASoHbm9h9+SkaO5M6coLDRYT6xeJ3NstFLvmCNJSt+cJWtJuYxGf6XMn67HlqVoS0aO0jdlaVRUhObNStYrG7Zp3qxkHiwFAOi1ztaaaj+o9fHxcemA0mAwyNvbWwaDQc3NzU7P6WwtKwAAAPRvXY017Xa7fHx8LuhW/e5qP9ZsampyOpmFsSZwfm4NUPcVFKmqulYzpk1UZnae7JJS75ijQKO/Vq1JV0V1raYmxauwyKpn1qZrxfLFmjcrWYVFVqVv/liPLr1dWzJylJNboHmzki+4Dlv9KT334lsqPljq2GcwSBFhlyhl/nRdfVVMH3za7sv7fL/+/Oo7+tG9czXx6rFuvTYADFadrTvVtm6UwWC44PD0QgagXl5ejoFtS0vLOQNpBrYAAAADS1djTUny9fXt8djuQseDXl5e8vX1VWNjY4eHU7VhrAmcn+v+qqMThUVWjY2JVqDRXztzLbpp2gQFGv1VZ2vQ/gNHtGTRbM2blaxlSxaosrpWhcWt02cXLZiuwmKrKqpqNT4hToVFXU+r7a6Z10/S0yse0tMrHtKTv3pAiQlxenVjhqyl5X3SfneNuzJGT694SOOubA1u8z7fr5/86r904NBRt9YhtYbLT/7XG3rhtXfdfm0AcJfOZgG0DWjbBpjdGUC2tdPU3Kw6W71ONTap4VSjmtqtOdXdlXIMBoN8fX3l5eXluNWqs9u8AAAA0L91NdZsG/Odb6zZl+NMSR2uy1gT6Dm3zkC1lpTJNDJSdbYGVVXXyhQV2eF4XX1Dh+3AgNaHRZlGtp5XWVUj08hIxwOneivA308hwUMd27OmJ+nzLw9of7FVpqiIPrlGd/j5+sivXR0AANdxdgtV+9v2u9NGU1PrYPaQ9ZhqTpzUkdIy+fh6K2p4hMbGjJK3l5e8vVtnlvr7tw5W/XzP37aPj49OnTrV6QCW2QEAAAD9W1djTbvdft7w1JXjzLa7rE6dOuX0OGNNoHNuXwM10Ogva0mZJCksNNixLzE+VmlvbNP+yfHa90WRoqMiZI4zOd5nDPCTtbRMpqhI2c4KWl2lqblZH2Tt0Qef7FGdrUHXXBWju26boUuChqqlxa6Pc/L13vZPVftdnS4JGqpbb75W35t4lV58/V2drKuX0eivgq++0V0LZ2jT1r/p9vnXO27Rf+G1d1X17Qn99IGFOnq8Un9e945+tHiuMrPzlJtfKEn6/R/XK/ayKN2bMlvP/vf/KGn8FcovKFJZRbUS4+M0d1ayXn9zu745fFQjR0Ro6X3zFRHW+p1+uf+Q3vjfj3S8vEqR4SG689YbddXY0Tpw6Kj+vO4dfX9ygnbmWlT9ba3GjBqhh+65Rd/WntSzL7wpW/0pFUvKzS9kWQEAF5XzDWj9/PzO20Z9wynV2eqVu+8rnfiuTkePV8hgkAwyqMVu19AhgWpsbFKLt7cam5pPv6dRXl4G+fv5yt/fV74+3l0OTH19fRnYAgAADDDdGWt2NYZzxzjTYDDIz89PDQ0Nna6/ylgT6JzbA9SKqlrNmHZmRmnbw6CWLVmgzOw87fuiSIkJceescWqrPyVTVKSspWUyBpz/f3B7qqXFrrzP9stW36CxMdGSpI93fqbt2Xla/M8zdZnp0v/P3r3HR1ne+f9/33OeJOREEjAQFAigBpCDqICiKAoeQKxW8NCq7bZWu213t/Vbe/p+u/1ut+2v7X637Wq7a1ttrRWsVUGlICiKEqogYiFaMKAYiJKQhIQkk8PMff/+GGYyx5zITEJ4PR+Peczhvu/rvuaacfj4yee+Lj217jX98amXdPenrtO2HRV68tktuvG6SzRr+mR9eOiIao4eU+g35t33DmrOjLP19X9cKZe79/29/aZFOnvSOP1p7Sv63O3Xavy4M+Q/sbDI39/7UF+4Y5kajh3XQ394Tvs/qNZtNy5Swcgc/eaP67T+pTf0qU9eqarqWv3mj+t00exzdcXFN+qdfQf16J826p/vvkmS1NbWroq9H+hLn71Bfr9f//37Z7W5fJeuXzJf3/qn2/Xrx9YpJztTt924SJkZnoEdaAAYQiIvqeopoJWkhmPHVfl+ld47cEh1DY0R7UiWQoGmpUDAjFpN1bIsBQKWWn3t8vsDcjrtyszwJD1f6BKrjo6OcGBLEAsAAHBq6Uusma44U+pKohJrAr2X1gTqlNIS7dpTqQyvW2OLC/XWnsqoKtNFC2Zr0YLZccdtPXHJfsmYIm3dXqEpE0vi9umPtRvKtXZDefh5dlaGbrtxkcYWF6m9vVM7d7+nueefq1nTJ0mSllx+gX77x3WqPXpM5Tve0YWzz9HlF8+SYShqKgBJmjKxRHfcvFgul0MNjc297lOG13Pix07KyvRqRJY3fPxl82do7BkFGpmXreLRBSocmRPuW+lZY3T446PytXVo97sHlJOdpWuuuFCZGR5dMOscbd+1Vx9UfayC/Bw5nQ7dcM0lGntGgSRp/LgzVFffJIfdruwRmbLbbXI5HXHvCQBOZbEVAaF5n0zT7NUKqPUNTXrt9bdVU9cgny/xlRCWZckMWFFBbayOTr/8AVOdnaZysjNksyUOVm02mxwOh/x+f3he1MgAl8oAAACAoeNkYs10x5kSsSbQV2lNoM6cWqpnX9h2ogp1th5ZtV6GIb21u1J1DU1x+3s9bs2cFlw0au75ZcrwurVrz3tx1an9ddVl52vRgtny+wP683Nb1OJr09mTxskwpLaODh1rbNbGA4e08ZU3I/rkUm19o441NuucE/smMiIrQy7XwA5vbOVtUUFe+HFuTpYOf3xUknSktkFVh2v0T995IGr/0vFjVJCfI7vd3qv5UQBguEh2OVUosO1p3tOGY8f13Mat8p2YwD+WYRiy2+3yuF1yuZ2y2QzZ7TZZlsKT/EcyTVOdlqW6huPKz82S3Z44oHY4HOHVUiPfR+icBLYAAACDr7tY0zTNbpOegxVnSpLdbldHR0c4niTWBJJLaxatZEyRxhYXau2Gcn3mliXatOVNbdqyU0uvmpuwqrSqukZrN2yTZGnl8oXhatF5c6YOSH8iF5G6aeml+o9fPaEXXw32x+NyKTcnS9PPnaDFC+eEj7EZhhwOu3JzslR/7LgsS0mTqMkEf+hSt7rdqMI8jRtTpH+47Rp5TizEJQXf70dH6lJ2XgA4FcQGtj0mTxuP6+l1L6ultS1uW4bXI38goGnnTFT2iEwVFeQpM8Mrp9MhQ1KnP6BAwFRnZ0D+QCAqKA2d/1hji3JyMuRIEljb7XYFAgHZbLbw8QSyAAAAQ1NfFo0a7DgztKgUsSbQs+6vV0yBRQtma9uOCm3dXqH77l2hscWF2rRlp3ZVVMowDJWMCc6PWlVdq01bdsrrdeu+e1eorr5Rm7bs1KIFs5Xhdfdwlr4ryM/WZfNm6JVtb+vjmnq53U7NmjZJb+2p1IeHjkiSmo636PWd74a3vfn2Pr36+t/U0Nistyv266XX3krYttvl1IisDL2770O1d3Rq7/4q/b3yw6R9GVWYL5fLqeqPj/Yr0TrtnAk63uLT9l17ZZmm/P6Atu/6u5pbfD0e6/W4NGZ0geoamtR4vKXP5waAoaY3K6Em09Lq00tbdqitvTNu28i8HJ03dZKuX3KJLph1rqaePUGFI/OUmeGRy+mQ0+lQhtetrEyPsrI8ysr0JKwAME1Tzc1tCgTiKwik4IJSyfoe+f4AAACQfj3Fmsn+WD8U4kwpGGuGrsoi1gSSS2sFatXhGq1+ZrPy87L1yKr10sol+j9f/bS2bq8IV6OG5Odla/6cMi1aMFt19Y368YNPJFxcaiBdOPscvfr6bm3aslO33bhIl80/Tx0dnXp41Xq1tLYpNztLV14anKM1tO2p51/Vo3/aqIL8HN1wzcVK9NuS4XXruisv0qN/2qgtf31b48edoRlTS/VxTX3CfowZXaAlC+do9ZqX9ewL2/SFO6/v0/soKS7UnSsW6/GnX9JzG7fJ6XBo1vTJumDm2b06/tpFF+q/H31O9/3rr7T0qnlaetXcPp0fAIaqyEAwNB9VMm3tHdq+6101Hm9R4MRifiFFBXm6dN5MjcjKjFpsL9Ef6w3DkMvpkN1uk9PpUNPxVvn9Xe2ZlqVOf0DtHZ3yeFyyxTQSumwrEAjIMAwupwIAABiiEsWaiWK2oRJnhtoIVaESawLJGVaa/pxQdbhGP37wCWV43frhtz+nr//bQ6pvaNKMqaVacf1CFeRnS5L2VlapZEyRMrxutfra9eKrO7V2Q7nmnl+mlcsXpqT6FDhdHfygOvyPZG9vkpI+Dz2OvO/ucXevpYI3g7l/T0eJ5qEK3TweT8I5qUzTUvXHtdq2Y3fcH7tG5uXo+qsXyOtxdzsxfzKmaelYU4s6Y+a4cjjsys3OTFg94Pf71d7eLpvNJrvdLsMwZLPZ4v5bxOnF1xo/T9pA4jcTwHDD7yZSoa+x5lCLMyViTSSW6t/MoWbvgaput6flFz6UPJ0ycaz27q/S/f/2kHy+Nt25MjgP6je+/5BKigtVMqZIBfk52lVRqb2VVaqqrlV+XrbuXLlE8+eUpaOrAIBhJHYuqNB96NbdhP4HDh6OC2pHZGXoigXnR1UD9JXNZmhElldNTS3yR1xO5fcH1NLaphFZ3rgg1eFwqK2tLdzv2MoAqgQAAADSr7tYM3JV+1hDKc6UgnPum6YZFWMSawLRUp5ADSVPZ0wt1WduWaIHfvuM9u6v0n33rlDJmCLNn1OmqsM1emtPMGl6tK5RkjR5YomWLp6nmVNLU91FAMAwlmgOp56Spx8dOaqDJ+a/DnE6HZoxdbKyszJPuk92m01uj0uB1vaowNsfMGValmyKr8wOBbaxSVQl2BcAAADpkSzWTHb5/lCMM0OX8RNrAsmlPIH6Xw+vCSdPf/v4+qjkaUjJmKLg88Wp7g0A4HQRO0NNZDWAZVlJKwJM01J7R6daW6MX3svLGaHCkbnyDsBUMjabIbfLqdbW9qjXOzv96ujwy+txJTjGpkAgEFcdAAAAgPTrT6w5VOPM4HHEmkB3Ev/f4wDy+dpkGNLDq9Zr15734pKnAACkWuyKot1dUhUwAzp46GN1xMwddcaoAp0xauSA9clht8XN620YRjjojhW5LXZ1VIkVUgEAAAZLb2PNoRpnxm4n1gTipTyBumL55Xpr93v6e2V85SkAAKmUKPCLvCwpmfb2jqjnmRkeFeTnDOhf4Q3DkP3E5PyR/Wtr71Si8NRmsxHMAgAADCH9iTXj40zvoMeZErEm0JOUX8I/f04ZC0ABAAZVokAwWQVqW3uHGpuOx8z7ZNPIAQ5sJcnhtMtmMxQIdPXNMAwZij9PKKiNfA+JJvkHAABAevU21kwcZxqpiTMdvY8zJWJNoCcpT6ACADBURP5VPVkC1TKlltZ2Oex22R12+f1++QP+lPz13WaLD0RDl33Z7baYfRNXBQAAAGBo6KkCNa1xpr33caakcKKUWBNIjAQqAGDYSXTZUWxAmGhuKsuy5HI5dMGsc9XS2iabzZBh2OT1uFSQnzvg/TRNS1EGg40AACAASURBVIGAGfOamWRfM9zHyHsAAACkV29izdgk6lCOM2PfR+Q9gCASqACAYS/RKqmJEqiGEVy1tHh0oTo7A+HAN9Ff6QeoY7LbbVHBbXC+qvhdIyf9jw3UQ8E5l1cBAACkX29izaEcZ0rEmkBPUr6IFAAAQ0lkBWrC7ZJCMXAoQDRNK2611IHgD8SvhGq32xKv2hoIBPtHNQAAAMCQ1V2sOVTjTIlYE+gJCVQAwLCVqBogdJ8sgWpIcrsccZdcdXfJU3/75vcHZJrRfQzOPxW/f6KqgMi2AAAAkF59jTWHapwpEWsCPSGBCgA4LcQGfh0dHQn3MwwjbhVSSWr1dahzAKsDOjv96ujojDu32+1MeGlVZ2dn/IsAAAAYEnoTaw7VODN4DLEm0B0SqACA00LsfE3JEqiWZcntdsrpjJ4m3DAMdXT6FRiACoGAacofMBWIqQoILiaQOKpN1l8AAAAMvkSxZqJKzqEYZ1qWRawJ9IAEKgBg2IoNEkPPDcOQaZoJ/9JuGIZshiF7zPxQpmmqra1DZoL5pPrKDJhqaW2Pa8ftcsrljF/fsbOzU6ZpRvU/0fsCAABA+vQUa/r9/rjt3cWZAX8g7XGmJPn9fmJNoAckUAEAp5XIALCtrS3pPpmZbjkc9qjX/QFTTc2+pHNH9SQ4x5WlpmZf3FxXTqddbrczYdDs8/kS9h8AAABDS0+xZndx5vGWtrTHmRKxJtAbJFABAMNeor+iG4ah1tbWpJP22202eTyuuGP9/oAaGpuDl1kFen+ZVcA0w8f6/YGobTabTQ6HXU6HI+58pmnK5/OF+9zd+wIAAED69TXWHCpxpkSsCfQWCVQAwLATGexFXooUGRgGVyG11NzcnLQNjys4R1Wi4LaxqVXtHZ1xE/Qn0tnpV1tbh5qOt8YFtYZhyOm0KyvDm3BS/+PHj8uyrG7fR6L3DQAAgNQ42VhzqMSZErEm0FuJJ8AAAGAYigwIQ7eWlhZlZmbKbrfH7W+325Sd5dWxpmb5/dGXPJmmqeaWNtlthlwuvxwOe/BSLMuS3W6TaVrq6AzOJ9Xq6wjPhRXfJ2lEplc2W3xAGggE1NLSIrvdHtdvAAAADC2JYs3m5uaEseZgx5lSMNZsbm6W40R1KrEmkBwJVADAsBcbCEYGh5Zl6fjx48rNzU14rN1uU252luqPNcuyrKi5oyzLkj9gye9rD69sGgiYstuDF3iYZtf+sXNOGYYhm81QXk5WeP9YTU1NSYPZZJUBAAAASK/uYk1JSWPNwYwzpWCsabPZiDWBXuASfgDAsNVdMBu62Ww2NTc3J11QSgoGt/m5WXK5HLLZEv/TaZpWeK6qQMBUIGAmnag/dDlVbk5m0qC2ra1NLS0tCfvMpVQAAACDbyBizcGIMyViTaCvSKACAIal7oLZ0F/aI+/r6urk9/uTtme325QzIkNut1NOZ/zl/r3lcNiVkeFWdlaGHAmmDZAkv9+vurq6hP0kuAUAABh8fY01jx49mjTWTGecKQVjzaNHjxJrAn0wqJfwVx2u0a6K/ZKkkuJCzZhaOpjdAQAMY5EBrWVZcfd+v1+1tbUaPXp00gDRMAyNyPSo0+9Xe7tf7R2dUZdPJTvGsiw5nY7wXFeh1xOxLEu1tbWyLEt2u102my18iw1sAQAAMDT0FGuaptltrJmOOFPqijUlRcWZxJpA9wYlgdrqa9eDD6/R3v1VUa+PzMvWF++6XiVjigajWwCAYSgU/IVWF01UIWCapmw2m/x+v+rr6zVy5Mhu23M5nXI5nXJ3OmVZltrbO2VZkj8QkGmasttskiFZluQ+cTmW2+2UrRfBaH19vfx+f3jhqESVAJHzURHcAgAADJ6BjDVTHWdKxJpAfw1KAvXHD65WXX2jVlx/mebNmaoMr1tbt1do9TMv6ccPPqEffvtzyvC6B6NrAIBhJPRX+cjHsdUBkZUBlmWppaVFnZ2dKiwsjFstNZbL6Thx75RhBFdMDRUJ2Gw2WbJkxJw7mUAgoNraWnV0dMRVnkZWBSSazJ/AFgAAIP36G2t2dHSoqKio21hzIONMKRhr1tTUqLOzk1gT6Ie0z4G6dXuFDlXX6q5brtaiBbPDidL5c8p0370r5Gtr19oN5enuFgBgGOtuXiqbzRYXRLa3t6u6ulodHR29bD94H2wreDMMRVUCdBd4dnR0qLq6Wu3t7VF9iuxXT/NSAQAAYHD0NdYMxX69iTVPNs6UFHU+Yk2gf9KeQN21+z3l52VrZoL5TkvGFGlG2UTt2lOZ7m4BAE4DPQW2kTfTNFVdXa36+noFAoGU9Mc0TdXX16u6ujp4SVbE+bubj4pgFgAAYOgh1gSGr7Rfwt/qa1dBXnbS7SVjisILSwEAcLJiL2uKvbQq9FrkLSQQCKixsVGNjY3Kzc1Vbm7ugASUpmnq2LFjamxslKSEVQDJLqlKNDcVAAAABgexJnB6SHsCNcPrVlV1bdLtVYdrNLa4MKV98LV16GcP/VllU87S0qvmxm3/uKZeP/nlE7rlhss1e/rkAWs3kQ+qPtavH1unI7UN+sIdS/t0PgBA30UGg5Gro3a3v2maamhoUGNjozIzM5WRkaHMzMw+n7ulpUWtra1qaWkJLyYQe2lXbGUAq6ECAACcOog1geEp7QnUGdMmaVfFfm3a8qYWLZgdtW1vZZV2VezvdfLxZG3bUaG555epIL+rItaypFdf363GppaUn7/V164/PLlJZ5WM1r/cfZOysjJSfk4AOB0lmlw/ckXUkMiKgNjVR0PB7fHjx9XU1CTDMOT1euV2u+V0OuVwOML3fr9fnZ2d4fv29nb5fL6oioTYCoDIoDZRRUCiy6oIcgEAAAYfsSZw6rPZDJmmlXRb2hOo8+eUqfyNPVq95mX52jo0ZWKJJGnv/iptfOVNjS0ujEuspkptXaO27aiIStgeqa3X6zvfTdP5j6m27piuvuIC5XczrQEA4OQlCmwjL61KtH/oPvIWefmVz+dTa2trVDCcqJ3YubAi58NKtLhAonmpCGgBAACGLmJN4NTmcjrV1p54YTeX05n+BKokzZxWqn0HDmnthvKo1ydPGKsvfma5JKl8e4XqGpokSSPzsjV5YklUpejA9GOS3njr71FVqFu371FudpasE1nntyv267eP/0X/+JnlmjRhrCSp5ugx/eSXT2jFsss0+7zkl9wfOPiRfvX7Z3XxBVO1dXuFGo41afy4M3T3p67T1u0V4ff/q989q/zcEbr/y7fK63Hpyee2aNv2CnX6Axo/brTuWLFYxaNGDuh7BwB0BYaxgW1kABkIBMJBqGmaMk0z4TxWiQLbZIFx7F/7ezMfFQAAAE4txJrAqWNkbrYOHzmadFtaE6hVh2v0wMNrVNfQpPy8bM2cWqqC/GyVFBcpw+tWyZgibd1eodXPbJZkhV9/7Y098vnadeWlswf08v6ZU0vl87WFq1Brjh7TW7srdc0VF2rN+q2SpEkTxqpwZK7+9u6BcAK18v3DcrucKh0/psdztLW1q2LvB/rSZ2+Q3+/Xf//+WW0u36VrrrhIZ44dpYf+8Lw+uexSnVc2UVkZGXr86RdVsfd9/fPdNyknO0t/fm6LfvnIWn3t3puVM6Lvc6AAALokqgwI6S6wDQWzkXNZhYJbSVHBbaI2Qo+7qwqIXamVyfwBAABOLcSawKkrK9OrsaMLVNfQpPYOvyTJ7XJoZF62MjO86Uugbt1eoUdWrVd+Xra+ds/NmlJaknSfFddfpkULZqvqcI327j+kL35mud7aU6mHH/+LWlrbtHL5wgHpk8vl0FWXzdETa1/W3PPL9Orrf1Px6AJNntjVtwyvWxfMPFt/3fmulixsk9Pp0Os739WMqROVk91zQtPpdOiGay7R2DMKJEnjx52huvomeT0uZWV6ZRhSZoZHOSMy1djUooq97+vaK+eGk7M3XHOxfvzgar1/8CPNmFo6IO8bAE5nPQW2kYFs7F/yI6sCQsHtQFQFJHpMQAsAAHDqIdYETl2ZGV5lZngTbktLArXqcI0eWbVeY4sLdd+9K5Thdcftc7S+KSp5KklrN5RrV8V+LVowK1iteu8Kfe8/HtXMqaUJE7D9MWViiUbmZWvN+q16/8OPdMfNV8luj/7L0LlTztILr+xQ5fuHlZ87QkfrG3XTdQt61b7dbpfL2bthbjzeIl9bh7weV/g1l8spu82mI0cbev+mAADdSjZHlWmakrqC28jANrR/ZDAbe2lVsnMlusVO2B9bMRAbEIceAwAAYGgj1gSGn7QkUP/r4TXKz8tOmjyVpE1b3lR+XnbUAlJ33XK1Wn3t4eclY4o09/wybdry5oAlUF0uh5YsnKNf/PZpzZo2SRPOLFZTc2vUPmcU5WvCmcXaVbFf+bkjVJCfo1FF+QNy/kg5IzLl9bjka+uatLajo1MB09SogrwBPx8AnM4SBbaxAWtkYBuqBIidl0pSwsqA2EA0UUCb7HmiQJaAFgAA4NRBrAkMLylPoG7dXqH6hiZ97Z6bkyZPpWCV6syIS9RDiywV5ufoa/feHH595rRSPfz4+gHtY+mEMbrnjmUqHl0QV30qSXa7TfPnlOmR1Rtkt9v0iWsu6XVVaV9kj8hU2ZTxen7jNo0uzFNOdpaeXveavB63xp95xoCfDwBOd91dYhW5LRTAmqYZDmwlJQxsY9sI3Yceh+a/6m7F08jnke0AAADg1EGsCQwfKU+glr+xR2OLC3tVMRqZYJ0/p0x19Y3atOXN6H08bvna2mMPPSkOu11Tzx7f7T7jzzxDWZleWZalsilnDej5QwxDumnpAsmQ/t9/P6lOf0Djx43WPXcuYwEpAEiRUNAaehz7WuTz2CC4r1UBofueAlkCWgAAgOGBWBMYHgyru8k0BsDnvvpTXXHJrB4XfvrxA6slSfd9cUW3r63dUK6t2yv0o29/LgW9Ta6jw69f/OYpnTVutG68tnfznwJD3cEPqpPOmZPsJiX+B7i7S0B6+gc6Xf9oezPStm4eTlGR/yQmWvW0p0upkkkW2CZ6HHsMkIyv1Z/S9vnNBDDc8LuJwUasiVNJqn8zTzUp/4X3elzat79Kz76wrZt93Jo5rVSr17ysVl973KX+ka+9tadSUyYOzPynfXHw0Meq/rhOyxbPS/u5AQDpkahCIPL1yO2JAuBkbcY+7mnOKQJaAACA4YdYEzh1pTyBetctV+vhx/+itRvKk+7j9bj0w29/Xms3lOvBh9eE5zydd8FUlb+xR3v3V2nm1FKt3VCuQ9W1+uJdy1Pd7SiWJZXveEfFo0fqzLGj03puAEB6xV4ylSjgjJ3LqrdBbexzglkAAIDTC7EmcGpK+SX8ffHWnko9+PAalRQXatnieZo8sUQZXrf2VlZp06s7tWtPpe5cuUTz55QNdleBYYFL+IHeSfRPZU+v9fa7TiCL/uJSVADoG343MVQRa2Io4hL+aEMqgSpJeyur9NtV61Xf0BT1utfj0l23XK2ZU0sHqWfA8EMCFei7gfhnk0AWA4FEAAD0Db+bOBUQa2KoIIEabcglUEOqDtdo7/4qtfraNWViiaaUpn/eU2C4I4EKDIy+XFYFDBQSAQDQN/xu4lRFrInBQAI12pD9hS8ZU6SSMUWD3Q0AAHpE4AoAAIBUIdYEBp9tsDsAAAAAAAAAAEMVCVQAAAAAAAAASIIEKgAAAAAAAAAkQQIVAAAAAAAAAJIggQoAAAAAAAAASZBABQAAAAAAAIAkSKACAAAAAAAAQBIkUAEAAAAAAAAgCRKoAAAAAAAAAJAECVQAAAAAAAAASIIEKgAAAAAAAAAkQQIVAAAAAAAAAJIggQoAAAAAAAAASZBABQAAAAAAAIAkSKACAAAAAAAAQBKOwTx5q69dz75Qrr2VVaqqrpUklRQXakppiZZeNU8ZXvdgdg8AAAAAAADAaW7QEqhbt1do9TOb5fW6NX9OmZYunidJ2ltZpZ27K7X1jQqtWL5Q8+eUDVYXAQAAAAAAAJzmBiWBunV7hR5ZtV5Lr5qrZYvnqdXXrn37qyRJyxbP08rlC7V2Q7keWbVekkiiAgAAAAAAABgUaU+gHq1v0iOr1mvF9Zdp0YLZqjpcox8/+IR8be2SJK/HrfvuvVnLTlSkrn5ms6ZMLFFBfna6uwoAAAAAAADgNJf2RaTWbihXfl62Fi2YLUn6r4fXaMbUUj3006/qoZ9+VTOmluqBh9dIClajer1ubdryZrq7CQAAAAAAAADpT6Du3V+lKxfMkiRVHa5RfUNTuNpUCiZN6xqaVHW4RpJ05YJZ2rWnMt3dBAAAAAAAAID0X8Jf39CkkuIiSdLI/BxJUlV1TfgS/arqmqhtJcVFqmtoGtA++No69LOH/qz9H1SHXzMMQ+PHjdYdKxareNTIfrf9QdXH+vVj63SktkFfuGOpZk+fPBBdBgAAAAAAADAIBmURqZAMr1szyiZq9TOb5fMF50Bdu6Fcc88vU4bXnfLzX3XZ+eGpBPz+gP783Bb98pG1+tq9NytnRGaf22v1tesPT27SWSWj9S9336SsrIyB7jIAAAAAAACANEr7Jfxej0tHIypKR+bnqK6hSQ+vWq+HV61XXUOTMjO6kqdHG5rk9bhS0heP26W8nCzl5WSpcGSOrrtqrnxt7frwUE2/2qutO6baumOaOa1U+XnZcjkHNT8NAAAAAAAA4CSlPcM3Y+okbdteoflzyrTqmc0q375HK66/TDOmTpIklW/fo01b3pRlSSuXL1T5G3vC21LN6bBLkgKBgCTpnX0H9fjTL+lIbb2KCvJ06yeu0LmTz9SBgx/pV79/VhfOOlt/3fGuikeP1Pgzz9DzG/8qSfrV755Vfu4I3f/lW+Vra9fvVm/Q+x9+LKfDrrlzynTTdQvkcbuStrPn3fc1trhQr7/5rlwup+5ccZXqGpq0Zn25/P6Ali2epyWXXyDDkA4c/EhPrH1ZB6uOKGCamjVtkj5981XK8Lr17Avb9HbFfk2aMEZbtv1NpmnpsvkzdON1l8hht8s0Lb1cvkvPb/yrmppblZudpU9ce4kumn2uPqqpC/d7RKZXNy29VBfNPleGkZaPAgAAAAAAABgS7N/97ne/m84TFuRn66l1r4YTfLffdKUum3eeMrxuZXjdmlJaouzsLD19Yp8tf/2bPrNyiXKy+35JfTJ+f0Cv73xXRQW5mjKxJPhaIKDNr72lQx8d1eKFc1R/7Lh++cgazT5vsj5/+7XKyc7Uk89t0fRzJ6ij06/XXt+tI7XHdMPVF2vxwjmaMrFEpePH6G/vHNAtn7hcn1x2qSxL+sWvn1ZRQZ7+8bM3aOa0Um3YvF1H65o07ZwJOtbYHNdO1eEavfn2Pl046xzdftMi1dYd07Mbt8ntdumeO5ZpRFaGNm7Zoalnj1f2iAx9UPWxCvJzdOsnLteFs8/RS6+9pU6/X1Mmlmjf/kPavuvvKh0/Rp+99WqNKszTCy9v1+QJYzUyL1tb39ij1Wte1vVL5unTNy/WmWNHqaGxWQUjc/Tzh54K93vyxLFatWazxpeM0si87AH7HDD4Go8dl2EYfbpJSvo89DjyvrvH3b2WCk5n2ovuASBl/J1mStvnNxPAcMPvJgD0Xqp/M081aa9ALRlTpCsumaXVa16W1+PS/DllcfvMn1Om1c+8pNVrXtYVl8xSyZiilPRl7YZyrd1QHn6e4fXorpWLVVSQq3Uvvq6c7Cxdc8WFyszw6IJZ52j7rr3hhKXdbtdtn7hC55VNDB+flemVYUiZGR7ljMjUrj2V8rW164ZrLlbhyBwVjszRtVfO1fMbt6npeIskJWyn+IwCzZtTpswMj86fMUXv7Duoqy+/QIUjczTt3Al64ZUdOlJbr7FnFGjmtK7q3Py8bJ1VMkofHakLvza2uCj8HqadO0HPbwpWm7a3d6p8xzu6cPY5uvziWTIMKS8nS5IS9nva2eP1zr6DmjRhbEo+CwAAAAAAAGAoGpRJOlcuX6hWX7u27ajQTx58QosWzNLY4mCS9FB1jTZt2SlfW4fmnl+mlcsXpqwfkYtIOez2cAJUko7UNqjqcI3+6TsPRB1TOn6MCvJz5HQ6NKKHRaKOHG2Q3WaTy+UMv+b1uORr61DjiQRqonZcTodstq6/XnrcLmWfWNQqM8MTNbfq3soqPbXuVX10pF6+tuBCXHNmTEnaVkhbR4eONTbrnEnj4i7LP3K0QY1NLfr2D38b9XpkuwAAAAAAAMDpYNBWOfrMLUs0f06Z1m4o1wMPr4naNnnCWH3tnps1pbQkpX0ILSKVyKjCPI0bU6R/uO0aeTzuqGMiKzy7M6ogTwHTVEdHZ/g1X1uHvB6XckZkqi5iMa3+aGlt0+q1LysvJ0vf+PIt8njceuzPm3p1rMflUm5OluqPHZdlKSqJOqogT7nZWbr3ruuVGzE+bheLYgEAAAAAAOD0ktaM2N7KKmV43eFL8qeUlui+0hVq9bXrzV17JUmzZ0xRhtcdddzR+ibV1TemPKEaado5E/Ry+dvavmuvLr5gqgKmpbf2vKeZfVjQavyZZ8jrcevpda/pxusWqLGpWc9v3KayKeOVPQAJVJvNJpfTIZfTIbfLqfcPfqTK9w/r3Mln9nis2+3UrGmTtHZDucaPG61p50zQh4eOqK6hSbPPm6wMr1uvbHtb1y66SHaboXf2HVTx6AJNOPOMk+ozAAAAAAAAcCpJWwK11deuBx5eo3FjivS1e2+O2pbhdeu5F1+XIemSudPjjn348b+oqrpWP/z25+KSq6lSUlyoO1cs1uNPv6TnNm6T0+HQrOmTdcHMs3vdRs6ITN1z5zL9bvUGfesHv5HTYdfcOWW66boFA7Kavdfj0srlC/Xrx9bp/u8/pBllpTpz7KheH3/Z/PPU0dGpp55/VY/+aaMK8nN0wzUXKzsrU3ffsTTcb7vNpskTx2rF8uKT7zQAAAAAAABwCjEsy7JSeYJWX7sOVdfqrT3vaesbe+Rr69BdK5eoID9HkyeO1d7KKu07cEhrN5TL63HpykvP15SJJRpbXKiqwzWqa2jSw6vWBxecumCqZk6dpLHFhWlLpALD2cEPqmUYRp9ukpI+Dz2OvO/ucXevpYI3g2koAAwfvlZ/StvnNxPAcMPvJgD0Xqp/M081Kf+Fv//f/ic87+eyxfPU6mvXw6vWx+239Kq5yvC6tXrNy3HbrrhklkrGFGn1My9p05adys/L1o++/blUdx0AAAAAAADAaS5+efYBtmL55ZKkmdMmadGC2Vq2eJ7GFhfK63HpzpVL5PW4NG9OmZYtnqdFC2Zr7vllUdtKigu1cvlCzZ9Tphkn5h9dtnheqrsNAAAAAAAAAKmvQJ0/p0x19Y3aur1CVYdrJEmHqmt1713Xa+bUUmV43Xrw4TVaelUwKbptR4VWXH+Z5s8pC28LHbd3f5WWXjVX8+eUpbrbAAAAAAAAAJCeRaRafe2qb2jS9/7j0ajXJIWTo9/4/kOSJK/HHd4Wuo887mj9ya1cDwAAAAAAAAC9lZYEal19oyZPGKtli+fpaEOT1m4ol8/XJknK8LqVn5etlcsXKsPj1qo1m8NJUp+vTfl52Vq2eJ4K8rKjjgMAAAAAAACAVDMsy7IGuxMABsfBD6plGEafbpKSPg89jrzv7nF3r6UCK6MCGE5YTRoA+obfTQDovVT/Zp5qUr6IFAAAAAAAAACcqkigAgAAAAAAAEASJFABAAAAAAAAIAkSqAAAAAAAAACQBAlUAAAAAAAAAEiCBCoAAAAAAAAAJEECFQAAAAAAAACScOgXWZIky5IMSZZO3FuSIUOWrOC9ZYWfS0ZwBxldLVnRDUe3F3186HnUGZO0F9UfI6JfliXDiGgncgcZEQdG9MeI6Jel8PHh/kQdH3quqI5EH594nHrzvvo/TjGfYKJxStLekBinnj63fryv/o9Tb77fids76XFKxOmWkZkjIzNPRnaB7NMXyjn3Bhkjx3RzEAAAAAAAAFLJsH6eeSKlE580SpSkCj7vShpFiXre1V6iJFXweXzSNr69mGRkTJIqmLSKT9aFjzci2olJakUm88L9iUmKRSYXg+3FJ8X69776N07xxycZpx4+t0Edp54+tz6/r/6NU2++38nbG4Bx6iX7lAvlmPsJOS64TsaIkX07uAcHP6iWYRh9uklK+jz0OPK+u8fdvZYK3gxHWs4DAOnga/WntH1+MwEMN/xuAkDvpfo381QTvoTfOpG9sk5kd5Inl6yo/cPiKvS62kteMage24vabihBEi5+e/j4qMrK6O3xya747fFJwfjt/X1f/R2n5JWVVo/tDYlx6ulz68f76u849eb7nay9kx6nPgjsfV3tj3xdvn+/UYFdG/veAAAAAAAAAPotnEANV42pq3osnFySFfU8cv+w2KcR7cUeH3oee75E7UVttyL6ZXQl42K3h4+3ItqJ2R55fLg/Mdsjjw+1l+h8/Xlf/R2n2OMTjlOS9obEOPX0ufXjffV3nHrz/U7W3kmPUz+Yh/4u308/pdbvLVVg3xv9bwgAAAAAAAC9RgUqFahUoHbz/R4KFaixzPe2q+0X/6DAO6+dfGMAAAAAAADoFhWoVKBSgdrN93soVaBGso7VyPfDm9W57sGBaRAAAAAAAAAJUYFKBSoVqN18v4diBWpXJ0y1r/q/Crz94gA2CgAAAAAAgEhUoFKBSgVqN9/voVqBGmZZ8j3wBZkfVQ5wwwAAAAAAAJCGSgVq9jhp3v0y5t8vFU2Lao8KVCpQUzVOp3wFaojvuNp//S8paBgAAAAAAACDX4FaNF22O1+TMf+bMuZ/U7Y7t0olF1OBehKVlcnaGxLjRAVqSgT2vSH/m39JTeMAAAAAAACnscGtQC2aJmPl85I7V9ZLX5f10v3BTn3ij1LhtLj+9KmSkQrU5J8bFajDqwL1hI4nfySZgdSdAAAAAAAA4DQ0eBWoRdNlCyVP/3KP9OYvZe14f1/J1wAAIABJREFUUNa6eyR3rmy3Ph9MsFKBGtUeFahUoCZjHvq7Ojf/IXUnAAAAAAAAOA0NTgVq4fSuytO/fEHWnse69t/zWFQS1Sqa2tUeFahUoFKB2q3OV1en9gQAAAAAAACnmfRXoEYlT++R9vwxrr3IJKo9VIlKBWrC46lApQI1krl/p6yGj1N7EgAAAAAAgNNIeitQE1WeJmnP2h1TiVo4dcAqUI2zFsj+lXfk+E6j7N8+Frz/1lE5vrxLxryvRO3fnwpU23kr5PjWh7Jf//OE42S/4htyfudD2a/4xqBVoDo+/5Tc39kt28RLqEAdRhWokuTfuSH1JwEAAAAAADhNpK8CtSg6eaqKP8adL7a9yCSq/bbnpcJpA1aBKklW1V9lrrlbgWc+L/Pl70udPtku+6Zs1/z0pCtQY8eh1+OUrgrUyOOpQB02FaiSZB7ck/qTAAAAAAAAnCbSU4FaOF3GiujkaW/nCjUjK1FvC1aiDsQcqJIkf5vMv62Sdj8h87X/kP/JO6X6A7Kds1SauKjfFaiJxqFX45TGClQr8ngqUIdVBarVWJP6kwAAAAAAAJwmHKEHwQq5UAVeTDIo7nmo4i6ipZjkULi9iOSpql4LJk/D7anH9gwZsnY/JmPabVLJxbLf9rwCj10ro2ZPRNJKcfdRlZVWRH8SVIiG26ndK6tyk4w5n5NtwqUKVG6SbeG3ZJt5u5RVJMkm1b2nwPpvSpUvyphxmxyX3ifljpMsU9bRvTJf/VlX23nj5Pz6XimzSGprVGDbr2Ru/lHX9nEXyPXt9yVPjnT8Y/k3/0R642FZliXHtf8u28yVkjdXCrTLer9c/ue+Jatmr2xzPyf7vM/LyD9TMuzBYzf8QOaOP8ix+BuyX/wFWdV7ZBRPk1rr1fH7u+S88NOyzfqk5PRKxw7Laq2L/twSjVNkUjDqvo/j3Zd2Enz+oe+jkn4f479PccnKBO315vudrL2THqcUMo9WpfYEAAAAAAAAp5GUV6AaK9YFk6fh3RJXDPZUgRhu/8TCUgNSgRr5PkPbW2qDB3lyJEMysopkHd6hwNqvyHzlB1JWkWzz/lGWZck+9x7J7pD5l/sVeOE7UkeLlH1GuG2jeKbMnY8psO5+yd8m+/QbpfyJwY12l4zCyQq88v8U2PBdSZJj4Vel8RfLfuk/y3bBHbJq98r/1JdkvvWEjLPmyr7k/wSTgJkF0rEq+dd8Xf6190uWKfuCeyR3VvD9OtwyiqfKfHeDOtd9T/ZzrpRt1idlVe+W/4kvK7Bvs4xRU3o1TlSgnnoVqGYtCVQAAAAAAICBkvIKVFU8JrPqVdmuf1xyZyetGOypAlEnCkfNp26VMe7ik6uIVHQ/o9pxZQWrOhU8LvDcVyKSi5Kt7BMyRozuasffLvNIhfTBVvm3PShDhozpK4J9fW+TzE3/N3jc2dfIKJwkI7f4RGOmzL+vl/naL4L9yiqU7cLPyF56qYwxM6X2FgVe+Zmsv2+Qf8cf5SyaIlvxNBnjL1Jg4w8UiHgPVtmJtsfODL5fMyBz55PqfPqrwf78w5+kjhb5N/9M1jsbZG3/o2yjpsjIG0sF6jCsQAUAAAAAAMDACSdQg8mjUIVfTxV6oYq/iGRkggo9Q5K5+esKL8RTND26YjD7TBl37wm3EpnaNB+eL9XsDvcnnMTc95y0L7YCNVTxF9GvBJWVhtHVr+h+Rhzv9Mow/bKaj0iGZFv0Pdmm3yx58iSHO3hQ7d9lWZYCW38m+6X/S4471gQvs//wDQVe/Leuxjtako+T6ZdajnaNe2erZHMEpwrIKpLMTqmjtev4zjbJlSUju1i2S+6Vfe7npBFFwUvyJamxuqt90y+r5WjX55ZVJAUi2jMMWZ2+rnHtZpwSV1bGj3uiClQjrr3YCtQEn1vMOEV/H3uqQO36fnZXgdqX73ey9k56nFLIyClK/UkAAAAAAABOE6mfAzWcpArtFtFezrjgi00fSo0fBh/njJOyxwUvoVd8BeqAVERGdjuynZFTZCtdJHU0S1Wvy5i0RLbzbpHaj8vc+nNZLXWyX/a/uo57+wn5//YnWc5M2ed/Sba598g+9wsy922KaT9mnKRgsjSzoKtfzoxgUrW5JngbMUpyZXQd7/RIHc2yDEP2iz4juTIUePk/ZdUflP3CO2XkjYtuX+oa5+YaGbljpIz8rnEKJV6pQB12Fai2XBKoAAAAAAAAAyXlFaih47t2i56zUpKsPY/Jeu3fJRky5n9DxvxvxOwvWQdflT58tfeVjL2oQDUcHmnqzbLJkHLPlP28W6URo2Rue1DmextljL80WAlqdspqa5LtrHlS9hip4QNZ+RPkWP6ArLpKWe+/FjyRJcmZETcOCcfJsMl29hJZ9QclSbbpN0qt9QpUviJbe4vsZ10k+6VfUSBzpOzjLpBRPF1m5Suy3tkgLfwXyZUhy3dMRtEUGaPPldqb4z6H0DhZla9JZ10kxyV3K+DKlHHWBTLGTpda6qlApQIVAAAAAAAA3RjcClRF728lSC6F+mNt/eHAVUSGlFwke8lFwcemX2o6JPOVH8nc+p/Bdt7fInPn72S78B7Zr/+FdLRSaj4S7Je/TWo8LFvZcmnm7ZIZkPXx32Ru+2UwyZrsfYVOH+iQdbRS9svvk5yZ0vGP5X/xh9L7rylw4NXgnKgzV8rxiV8Epwd4v1yB9f8qdTYr8OqDclz1TTmW/lBqrpFVf1BG5sjo9tVVgerf/J8y8s+UbeaNctz8c+n4x7Jq3gseQwXqsKtAtZfOTu0JAAAAAAAATiOG9fNMS9KJZFFEDiycPEpcodeVDTohrkIvsj1DxlebJEnmT0Z0VeiVXCLbynWyyn8QV4FqPn6N9OFr0f0xIvoVU8kYtUPCCtTI4xWR1IquGFRcexHvL+74xOMUNZJ9HKdklZVd7cV8glbXndFDe0NinHr63Prxvvo/Tr35fierQD3JcUqhzF/8TUYvL+M/+EG1DMPo001S0uehx5H33T3u7rVU8GY4et4JAE4RvlZ/StvnNxPAcMPvJgD0Xqp/M081ttCDcNJDXcmPcHIpXDFqRW2PEvs0oj0rImsU2V6i/WOFzme75JsyLv9BVz8iKv3Cx1sR7URmgxNsj6oUDFc4Kq698PuKrKyMaS92nGLHsS/j1FN7scd3vWz02N6QGKeePrd+vK/+jlNvvt/J2jvpcUoR28RZvU6eAgAAAAAAoGfhBGpoTtJQsrP7OSK79g+Lq9Dras+QIbU3Rj2PPT6uvXCzwdeN+ffLmH57VIVfVyXjieONiHbiKiujtyees1Jx7cVXVsafL74SUv0ep57aS15ZafXY3pAYp54+t368r/6OU2++38naO+lxShHH7CWpPQEAAAAAAMBpJn1zoFY+J5XdJtuSX8rc81iwEK9oWtT+ke0ZRdPC5zOm3SpJsvY91/e5JiMrIkOVj3HHD0A7UeOk/o9TD+3FJeFC/Yr43JK3NwTGqad2+vW+mANVkoyCErmu/WJqGgcAAAAAADhNhROo0auc91ShFznnZKiB6Iaj2zNkbv132UoukabeLtvU2+M6EtueccWPIluXGj+U9eL9SSoZu+ac7JpbU3GVlYYR0a+EFYPx7SWqrDTi2outhOz/OPXUXneVlUYP7Q2Jcerpc+vH++r/OPX8/U7W3kmPUwq4b/6mZLOn7gQAAAAAAACnofRVoB6vkvm7eTKm3i65c6ILFt97Ltye9d5zMV00pLZjsnb/UWprpAKVClQqUBOwjT1bjrk3DHzDAAAAAAAAp7m0VaBaliWjvUnWmw/IkCEzWaVmzW5ZNbsjKgZP5JxCBXxUoMY0ELqjAvW0rUD1ZMlzz4MpaBgAAAAAAADhRaQMI5i86usq5WGxTyPa682q6cnaS7R6fK9Wc4+siEywPapSMFzhqLj2wu8rsrIyUX/6+L76O06xxyccpyTtDYlx6ulz68f76u849eb7nay9kx6ngWIY8n7lN7KNO3eAGwYAAAAAAIAUkUC1Tlw/3ddVysMSVOiF2uvNqunJ2ku0enyvVnNPUFkZuT1xxaDi2ktUWZmwP318X/0dp+4qK3tqb0iMU0+fWz/eV3/HqTff72TtnfQ4DRD3rf8q+9RLB7ZRAAAAAAAAhFGBSgUqFajdfL+HbAWqJ0vebzwp55LPD1CDAAAAAAAASIQKVCpQqUDt5vs9FCtQjdETlfG99bKfe/HJNwYAAAAAAIBuhReRClbIhSrwYpJBcc9DFXcRLcUkhyLb682q6cnai+yPIpNUUfeKu4+qrLQUdXxK2unj++rvOMUl4ZKNUw+f26CNU0/t9Ot99W+cevP9TtbeSY9TPxh5Z8h17b1yXv4pyenpXyMAAAAAAADok3ACNZg8ClX49VShF6r4i7geOUGFXld7ySoGe24vqj9JKxlDFX8R7SSorOw6PlnFYHx7iSorE/anj++rv+PUXWWl0UN7Q2Kcevrc+vG++j9OPX+/k7V30uPUB/apl8o5d7kcC27p+8EAAAAAAAA4KVSgUoFKBepQqUDNyJat6EzZis6SbfQE2c+eK/vZF1FtCgAAAAAAMIgc+lJz0o1GL+970tt2etseAAAAAAAAAKSDreddAAAAAAAAAOD0RAIVAAAAAAAAAJIggQoAAAAAAAAASZBABQAAAAAAAIAkSKACAAAAAAAAQBIkUAEAAAAAAAAgCRKoAAAAAAAAAJCEI50nqzpco9VrXtbe/VV9PtbrcWvF8oWaP6ds4DsGAAAAAAAAAAmkLYF6tL5JP37wCfna2jW2uFAZHnefjq+qrtEjq9ZrysQSFeRnp6iXAAAAAAAAANAlbQnUTVvelK+tXSuuv0yLFszu8/FrN5Tr2Re2qa6+kQQqAAAAAAAAgLRI2xyoVYdrJEnz5kxN1ykBAAAAAAAA4KSkJYG6dXuFqqprJUkPr1qvVl97wv1CSVYAAAAAAAAAGArScgn/rt3vydcWTJru2lOpuvpGZYwpCm/fur1Cq5/ZLF9bO4tFAQAAAAAAABgy0pJA/eJnluvHD6zWvgOH9NBPvxq17Wh9kx5ZtV5ej0uTJ4zVvgOH9Miq9Zo5tVQZ3r4tNNVbvrYO/eyhP2v/B9Xh11xOh0rHj9Enl16qscWFUftJ0lc+d6O8HldK+gMAAAAAAABgaErbIlLJ7NrzniRp0YLZWrZ4nlY9s1kvvrpTVYdrNKW0JKXnvuqy88MLWjU3t2r95u36/x5YrX+47RpNP3eCPG6XvnjXckmSxz2wydP/efQ51R87TmIWAAAAAAAAGMLSMgfq2g3l4TlQf/LgEzpa3xTeVlIcvJR/155K7dt/SPv2V0lSyqpPI3ncLuXlZCkvJ0slY4p01y1LNO2c8Vq7oVytvnYZhjQiy6sRWV4ZRsq7AwAAAAAAAGCISUsFaquvPTwH6oeHj0RtG5mfI6/HrarqWv34wdWSJK/HLa/Xk46uRXHY7brkoun61e/W6sPDNTq7tET/8+hzkqTPf+o6PfvCNr1dsV8lY4r0xs539YlrL9H8C6bqyee2aNv2CpmmpfkXTNVNSxfI43bJNC29XL5Lz2/8q5qaW5WbnaXFC+do4ys7VH/suCTpy9/6hZYtnqelV83VO/sO6vGnX9KR2npleD266tLzddXC8+Ww2+POff2S+dr97gF5vR7d/anrZLcHc+F/fn6L3jtwmMpWAAAAAAAAYACkJYG6cvlCVR2u0b4Dh/Tz738p/Hqrr13f++nv5Wtr19jiQs2cWqq39lTqUHWtfvLgav3vr346LZWokbIyvTIMQy2tvoTbDx46oswMj77y+Rs19owiPfnsFlXsfV//fPdNGpGVod+t3qDnN/1VN167QOXb9+jJZ7foxusu0azpk/XhoSM6UntM3/yn2/TonzaqsalFn731auVkZ6mqula/+eM6XTT7XF1x8Y36oOqIHn1yo1wupxYtmBV37pLiImVlevXM+q2qa2hSUUGuWn3tenffh7pg5tkkTwEAAAAAAIABMKhzoK7dUC5fW7uuuGSWVi5fKElatniefvv4em3bUaFNW97UssXz0tqnjo5OBQKBpNtHFebpM7dcrZzsTDU2tahi7/u69sq5Kh0/RpJ09RUX6i8vvq5jjc0q3/GOLpx9ji6/eJYMQ8rLyQq343I6ZLfblJOdJa/Hpd3vHlBOdpauueJCZWZ4lJ+XrcoPDmvn7vd0yYXT4s4tSWVTztK6F1/XvgOHVFSQq/0fVKul1acZU0tTOEIAAAAAAADA6SMtCdRVz2zWvgOHJElf/tZ/6X9/9dMqyM9W1eEaSdK+/VX6yYNPhPdv9bVJkvZWVkmL09HDLh2dfjkdDuVmZyXcnpXplcvllCQ1Hm+Rr61Dv1u9Qb9bvSG8T37uCDU1t+pYY7POmTSuV/OnHqltkMvpkM3WNS2t1+PWscZmtXV0xJ1bknKyMzVlYolef/MdzTlvinbufk9nTzpThSNz+/PWAQAAAAAAAMRISwI1w+uW1+OSr61DJcWFcdtDC0wlOi6d/IGAXv3r35SXO0JnjBrZ4/45IzLl9bh0/ZL5UVWfNpshl8Op3Jws1R87LstSj0nUUYV5qqqulWma4dd8be3KzcmSx5X8cvyLZp+jXz+2Tn+v/FB7K6t0yw2Xs+AVAAAAAAAAMEDSkkBdtnie9lZWad+BQ7rviyvCr0c+7kkomTqQSdW29g41NDZLkpqOt+jpda/p4KEj+sfPLO/VebJHZKpsyni9Uv62zhw7Snm5I3Skpl61dY26+MJpmjVtktZuKNf4caM17ZwJ+vDQEdU1NOnyi2dq4lnFen/Lm6praNLYMwo07ZwJevHVnVr34uu64uKZ+qDqiLbteEfXLrpIbrczaR/OHDtaRQW5emLty8rM8GjiWcUDNj4AAAAAAADA6W5Q50CVpKP1TXr2hXLV1TdFvT6ltERLr5obfr5owWzNmzN1QBOoL7y8Qy+8vENScE7S0vFj9NUvfFJjE1TJJmIY0k1LF+jJ57bop798Qp1+vwpH5ur6JfMlSZfNP08dHZ166vlX9eifNqogP0c3XHOxLEuae36Z3jtwWN/76e91/nmT9flPXafP3nqNHn/6JW18ZYcyvB5dden5umz+ed32weVyaMbUUq16ZrM+ufTStFftAgAAAAAAAMOZYVmWleqTPPDbZ7SrYn/4+f/+l0+pZEyRpOA8pz/55RNxx3g9Lv38+19KddeGhbcr9mvVMy/pn+/+pIoKmP8UvXfwg2oZhtGnm6Skz0OPI++7e9zda6ngzRj0vxkBwIDxtfpT2j6/mQCGG343AaD3Uv2beapJyy/8jGmTtHd/lXxtHZpRNlEj83PC26aUluhr99wcd0zkPpLU6mvXoepaTZ44NuX9PZUEAqa2bq9QyZhRGpmXPdjdAQAAAAAAAIYVW8+7nLz5c8pUUhysOF2x/PK4y8ynlJbE3Qryo5OB5dv36McPrtbeyqp0dPmUUf3xUe3/4LDmzymT3Z6WjxMAAAAAAAA4baQt4xa6ZH/Xnvf6dXyrr30guzNslIwp0k+/e4/OK5s42F0BAAAAAAAAhp20TdKyaMFslW/fo9VrXlb59gpleD19Ov7DwzWS4i/tBwAAAAAAAIBUSVsCtSA/W/fdu0KrntmsfQcO9fl4r8elO1cuibu0HwAAAAAAAABSxbAsyxrsTgAYHAc/qJZhGH26SUr6PPQ48r67x929lgqsjApgOGE1aQDoG343AaD3Uv2beaph1SEAAAAAAAAASIIEKgAAAAAAAAAkQQIVAAAAAAAAAJIggQoAAAAAAAAASZBABQAAAAAAAIAkSKACAAAAAAAAQBIkUAEAAAAAAAAgCRKoAE4bljXYPQCAgWGZaTgHv5kAhhF+NwGg99Lxm3mqIYEK4LRhEdUCGCbS8XvGbyaA4YTfTQDoPX7P4pFABXDaME3+EQAwPJhpCGr///buPTrK8l77+DWZkGQSmJiQBMkBBVLAJnaDGixYeaUiph6AVivRViu2aIvu1l3ru9u31ra2Xa1VfGtbsVtbQOxWYk8cqgaLilDClqAgkpZEQpFJAmRIhgwkM5M57T+SjARymJDMKfP9rJWVzDPP4U5Y/DK55nffDzUTwEhC3QSA4IWjZsYaAlQAccPr5ZcAgJEhHPWMmglgJKFuAkDwqGdnI0AFEDd8/BIAMEKEo55RMwGMJNRNAAge9exsBKgA4gpTqwDEunC+oKVmAhgJqJsAEDzC094RoAKIK0xFABDrwlnHqJkARgLqJgAEjzrWOwJUAHHF4/ZxR0EAMcvv98vj8YXtetRMALGOugkAwQt3zYwliZEegKWhSavWVsjSaJUkFeRma0lZqQryciI8MgAjlbvDp6RkY6SHAQCD5u4I/wtaaiaAWEbdBIDgRaJmxoqId6Cu7ApP83OzlZ+bLUujVavWVkR6WABGMK/Xz/pUAGKOz+ePyJQqaiaAWEXdBIDgRapmxoqwdqBaGpq04bUdcjhcGptp1uKFc1XfFZ5+/4E7JEk/XL5Glkar2h0ula9/U80tdplMyVowfxZdqQCGTXdngMEQ6ZEAwMD8/sh2BFAzAcQa6iYABC/SNTMWhC1AtTQ06bEVL8nhdHVuqJNqDlgkSVkZ5sB+WRlm1Tda9cjyNWq22QPbaw5Y9OCyWwhRAQwLn88vd4eX6VUAYoK7wxvRbiZqJoBYQ90EgOBFumbGgrBN4d+wqVIOp0t3lpXqyR/fp+lFk9Vssyszw6wF184O7Lfg2tnKzDCr2WbX9KLJevLH9+nOslI5nC5t2FQZruECiANer5932QBEPXeHLyqmU1EzAcQK6iYABC9aama0C1sHarujs/N0RnGhUk3JuveuRT2etzQ0yWRKUUFejh59aGmP52YUF2r1aecAgOHi8XTeKXVUElOsAESXzqlU3qh6QUvNBBDNqJsAELxorJnRLGwB6tjMdOlgvVatrdC9SxYGtp85td+UkqwZFxdq8cK5SjUlS5JWvfjqR+cYBg5nh5589k8qmnqhbpw/66znjza16PGnX9Ktn/20Lv3ElH7P9c7eWv3muY366pduHHBfANHJ6/XL7/IqKTlBBl7ZAogCfr9fHS5fVE6lomYCiEbUTQAIXjTXzGgVtin8ZYvmKjPDrD37DvTYbjKlSOr8BzOlJEnyq7KqWo+vKA90nO6prlNmhllli+YO65h27KrW8RZ7j21+v7Tt7ffVam8L6hwXXzRJP3/4Hl180aQB93U4O/SzX72oZ57/6zmNF0Do+Hx+OR1eedxMswIQWR63T05HdK9DRc0EEE2omwAQvFiomdEo5AGqpaFJjyxfo2889Gu1dK152r39eItdWZlmPbhssUwpSXI4O7Tg2tmadVmRLI1WrVi1XpKUmWFWi82ubzz0az2yfI0sDU3DMjZrc6t27Kruse2YtUVvv/vPoM+RNCpRGemjlTQqbM28AELI7fbJ0e5RR4dPXq+v+/0dAAgZv1/yenzq6OisP+4Y+uOamgkgEqibABC8WK6Z0STkqd/adW/K0mhVfm62sk67YdRjK8rlcHbozrJSXVFSpAeXLdYjTzyv7VXV+v4Dd6imzqKaOosk6b4lC7VhU6WO2+yyNFq1am2FHn7gjiGPbcbFH9PO3fs167IiZWV2Brvbq/bpPPNo+U9L4o9ZbfrDxrf0z9oP5fZ4NHHCeN1z+w3KzDDr4IdH9Js1G/XVO25Uxnlj9LNfvqDZJcXa/f4Hajx2XDlZGfrKF66Tz+fXL575oxzODtVJqtpTE5j2/4/aD/XiX97QMWuLcrIydNvnrtbHp1wQOPenZhZre1W1bCfsPa7tdHWo4o0qbXt7r+wn22UenarbP3+NphcXytZ6qs+xXFhwviTpkOWonv/D32RpbNKoxETNKinSzTfMkST98a9btaOqWj6fX1fMLNbNN85RSnLSkH/mQKzwenzyeiTJpwSjQcYEg2SQEhIMMhgMrGEF4Jz4/Z1Tpnw+v+SXvD6/fCNg3SlqJoBQoW4CQPBGas2MBiEPUGsP1is/N1vfPy3wbHe45HB2SJJWr63osX9WV4dqVlfX6fEWuwrycgI3nfrh8jWyNFqHZWwzigvlcDi1Y1e1bpw/S03HT2j3+wd03dWXa33F9sB+be1OXVgwTosXzpXP59Nz5Zv0p5e36StfuL7X8/7PO9X68m3XaczoVK188VW98vpOffm2z+i7939Rv/3vV5RuTtMXbpqntNQUWRqt+t0Lr+iTl35cV3/qJv2j9kM9/4e/6T/uuVmS5HS6VF1zSP/+5c/K4/Hov9Zs1JuVe3TT9XPk8/nl8Xr19a98TuYxaXqr8j2Vr39TE/LHBdbW6W0s99x+g6zNJ/TrletUeGGevvqlBXJ1uPX2u/+Qx+PTulf/ruqaf+k/7rlZY0an6rnyTXp58//opuvnDMvPHYg1Pi+/dAAgWNRMABgc6iYARL+wzDs/882z7ptDdU/bPz1EnVpYoHaHS5ZGq0wpSYHO0FBISkrU/KtK9NKGLZp1WZG2vb1Xuednacrkgh77TbpgvCZdMD7w+KIpF6i65pCcro5ez3v9NbNUODFPklQ8baKqaw7J5/PLPCZNRmNCYNq/JL3/z4NKN4/WdVdfrrTUFM285CJV7anRIctRZWWma9SoRH32uiuVPz5LkjRxwng1d63bmmpKDnSMStInPj5JlbuqdaL1lDLOG9PnWDrcHr37/gdKSU7SrZ/9tNLNaZKk/OvnqNXepuqaf/U47jNXX65XX39bDqdLppTkof3QAQAAAAAAgBgS8gA1PzdblkarHlm+RmMz07Vg/iwV5OV03TDKoMULr9Lu9w9obGa6JuRla3ZJsZpbWgNhnaWhSQV5OZKkx54qV33XcgDDZerkAo3NMGt9xXb96/ARfemW+TIaey4N23isWeXr3tThhiadanNIkiZfmNvnOTu/t+Acs9pkaWjS/d97qsf2wol5yspMl9FYpcPGAAAXsUlEQVRo7HN9VaerQ+srtuvdvR/I1npKfr//rGv3NZZjVptGp5mUlDSqx/bWk21yODv0XPkmPVe+KbA987wxcrrcBKgAAAAAAACIKyEPUO8qK9XKtRWyNFo7Pxqa9LOHlmrenEu18bUdsjRa9eC9iyV1Tu1vbmlVQV6O7iwr1eq1FXpsxUt6cNktKsjL0XGbXfm52bqrrHTYxpeUlKjSuSX61cq/6JKLP6ZJF+TKfqo98LzX69Of/rpVJ9scuv/um2Qek6bNW99R3aHGYbn+uOwMTcjL0Ve+cJ1STgsnU5KTdORYc7/H7nqvVtt37lPZok/roikXyNLQpN//8W9BX7fuUKM6Otw9Qtb0MWkypSRpYekVml5cGNiekGDQmLTUQX53AAAAAAAAQGwLeYBakJej7z9wh9odLj2yfI2abZ3Tz+fNuVS79x1QZVW1ag5YlJWZrsMNTXI4XYEbS0nqEaI++tDSkIyxcFKevvalBco9P+us7tOEhASlJCdpVKJRKclJam5p1bt7a5VuHj3o65hSkpR3fpbqj1jVerJN6WPSdPFFk7Sl8j1V7anRp2YWy+vza/e+DzSj+GMDny85SQaDQWNGp8rj8aqyqrrPZQXOdPFFk/T6tnf1l1f/ruvnfVKuDreqdu/X/KtKVDR1ot6qfE8X5I9TxnljdKypRdbmVn3q8osH/T0DAAAAAAAAsSxh4F2Gx9p1b6rZZtf0osmSOtfvfHDZYs26rEjNNrtq6iySOqegr15boe1V1bqipEh3lpXK4XTpsRUvydLQFJKxJRqNKp42UZld64aezmCQbrr+SknS9x5dqfL1WzS1cMI5X+v6eZdLkh784W+08bUdKsjN1p2Lr1XVnhp9+yfP6gePrZalwapRo4wDnuvfiidrdkmxVqxarx///98rOyu9Rxdrfwpys/Xl265T3aFGffenv9Wjv3pRHW63jEaDbr5xjgon5Wn50y/pP3/0X3r+j39TcvKogU8KAAAAAAAAjDAGv98fltv9PfZUuWoP1uvJH98XuIlUbywNTXpsRbkczo5AJ+r2qmqtXlshU0pyYDo/gKH78FCjDAbDoD4k9fm4++vTP/f3dX/bAAAAAAAAokHYOlC7Q9Pd+w5Ikp5auU5LH1iub//42R6dpQV5OXpw2eKIdKICAAAAAAAAwOmMP/jBD34QjguNz8nUzt37tWtPjTa+tkNHrTZlZpjVYrOr1d6mmTOmBfZNN6epeNrEwP5jM9N1RUmRxmama9eeGu3bf0jz5lwajmEDI1rriZN0oAIAAAAAAPQjbB2o3Z2l04sma8qkfM26rEjff+AOSQrcWEqSVr5YoUeWrzmrE3Xz1nd1RUmR8nOze+wPAAAAAAAAAKEStjVQ+/LD5WtU32hVQW62JMnSaFVmhlmPPrS08/Fpa6KOzTCr2WZXfm52IHwFcO5YAxUAAAAAAKB/YetA7ctdZaXKz82WpdEqS6NV+bnZum/JwsDz3Z2oUyblq9lm15RJ+bqrrDSCIwYAAAAAAAAQLyLegQogcuhABQAAAAAA6F/EO1ABAAAAAAAAIFoRoAIAAAAAAABAHwhQAQAAAAAAAKAPiZEeAABEM4NBMiYmKCHBIINBXR+s2Qrg3Pn9fvn9kt8v+Xx+eT0+jZQV6amZAEKBugkAwRvJNTOSCFAB4AwGg2Q0JijBaJDRyAtYAMOr88Z7nV8bjQaNGpUgr9cvn9cvrzf2XuBSMwGEGnUTAII30mpmtCBABYDTGI0GJY7q7AIAgHAxdv0RbfQZ5HH75PXGxitbaiaASKFuAkDwYrVmRhMCVACQlJDQ+c5cAl0AACIoIcGgpGSjfF6/3G6ffL7ofHFLzQQQLaibABC8WKmZ0YibSAGIe52/RHhBCyB6JBi76lIUdihRMwFEI+omAAQvmmtmtCJABRDXEkclKDnFyGL9AKKOwWBQcopRiYnR83KNmgkgmlE3ASB40Vgzoxk/JQBxK6FrQW0AiGajkqKja4maCSBWUDcBIHjRUjOjHdUcQFwyGAxKSjJGehgAEJSkpMh2L1EzAcQa6iYABC/SNTMWEKACiEtJSQni9wOAWGEwdNatSKFmAog11E0ACF6ka2Ys4KcDIO4kGA1MUQAQcyJVu6iZAGIVdRMAgkft6h8BKoC4w1pUAGJVJOoXNRNALKNuAkDwqF994ycDIK4kJiYoIYF31QDEpoQEQ1jvlErNBBDrqJsAELxw18xYkhjpAQBAOBkTeUELINyatPnJF1R+WJq48Db9vzk5QzqbMdEgj2eYhhbEtQAg1lE3ASB44ayZsSQiAWq7w6WNr1Vq+85qOZyuoI8bm2HWvDmXat6cS0I4OgAjlcEgOgIAhN+H72rzYa8k6V9b39XBOaWaNITTJSQYZDAY5Pf7h2d8fRhazXTqyO4tKn/jgGo0VQ9/UXr2iRppcqFKF16lmeNShnWsANCfWKibbvsBvbW+Um/tt+r8sgc0e9dyrWrKVvGs2Vo8q1Dpo4Z5sADQh3DVzFgTkQD1qZXrVHuwXqaUJE2ZlB/0cbUH61W+/k2ZTMm6oqQohCMEMBIZjYOfirBhU6U2vrYj8Li3mnXcZtd9SxaqIG9oXWUARoYjW1fqkfU2ecZkaPrkNDXvr1dz95O2av1ieauKM9tUs88me2KGFn/zLs0bN7hrJBglb4g7A86lZkqS7Pu16pcvq9LW9birNLo9Lh2tqdazP6/Wny+7Xt+5dZrSh2WkADCw6K2bHh3e+oIeX2+Vo2vL+V2fHU1WVa1fr6pN2Vq87DbNy2MCKYDwCEfNjDVhr8CWhibVHqxXfm62Hly2WKmm5EEd+8gTz2vjpkoCVACDZhiGpVwsjVZNLSzQvUsWBrZt2FSpdodLNQcsqj1Yr6uvvGRQtQ3ASNKm2n02eSTppE179tjO2sPRWK+qxq4HHpt217Vp3ri0QV0lIcEgr0LcSXUuNdOxT089ukl7nP3v1rzrZX3P6dHPlhQr9ZxGBwCDE61188jrq/SjV+z97+S0qvyJVXL/36X6zCDfcAOAcxGOmhlrwr4yrMmUoimT8rXg2tmDDhgK8nI0ZVK+mm0D/IIBgF4YDEOfvu9wurRn34Fen9uwqVIbNlVq89Z3hnwdALEqTbNnjR/E/uP1f0oGF55Kw1PPhv8abdr+/MDhaTfHvk16pqpt0OMCgHMRlXXzwwo9OVB4GmDXn5+t0MFBjwoABi8cNTPWhL0DNSvTrAfvXRzuywKAEkL0S2Dq5AI5nC7NuLhQqaZkzS4pDsl1AMSGUaZUmaTAVEzT5E/o3rIrNTVTOn5gm1at2qva7pAxJVWp57CuXajq2ZCu0bBNG2sGd0j1pm06XFKqCYM7DAAGLfrqplM7N1V/tMRLMGzV2rD7Kt0/g3WkAYRWOGpmrAl7gHq8xa49+w70uHnU9KLJYV070OHs0JPP/kl1hxoD2wwGaVx2pm797Kf18SkXhG0sAMJnOKbwd2t3uLRqbUWPblRTSrIWL5qrrEzz8F0IQAxp1eGqbVq9ri4QnirnE/rOsmvU3ZOaVXiNHvy69L2f79VRSXLW6Znlf9Xisit1RV7wK4KG4zXtYGvmkf2WwQUBkmSzqLpFmpA52AMBYHCir24eUNUg33SSpOp9h6QZ0wZ/IAAMAvnp2cIWoLY7XNr4WqU2b333rOc2bKpUQW62Fi+cq6mFBeEakuZfdZnmzblUkuT3+fT633dr5Yuv6pv3fF65548N2zgAxJ7HV5QrPzdHP/3uUm3YVKkdu6rlcHaug8oazUB8OrzuBf1oW3uPbROvnKmzJvSPm6l5E/bq94c7Hzoaa7T6CYss3/yayvKCvFgUvqg9erifaaim8Zo+3d5rwJrq6GUjAAy3aKubx450vpHWh7FTL1RJb3+tZ3rUKnETPgChFW01MwqEJUBtd7j0+IpyWRqtysww65o5l6ggt7Pj9LjNrsqd+1R7sF6PP/2S7iwr7Td8SDUly5SSNCzjSklOUkb66MDjKy+/WG+/8081HbcRoALolyklWXfdWqp2h0s7dlUHtofzTSAAiH5mXV32b3Ls2Tn47lQAiEOmqVdpcd572vxypEcCADhdWALUp1auk6XRqlmXFals0dweN4+aKumKkiJtr6rW6rUVWr22QhNys/uc0n/vXYtCMkafz6/3/lEnkylZE7qu/czzf5Uk3X37DZKkd/bW6rnyTbr/7pslSb945o9yODsC5zClJOn+u2+WrfWkfvPcxh7nzzxvjL799dt6BLYAYs+3vnaLHn/6pUAt2t1jCn+Syte9oY2bKrWkrJQwFYgzExbdpu/lbdPqdTWydK1x+q9tO3Vk9jU9u1CP7dTmwx89NOVO7ZrCH87RDr+CCWZp3+ldqGZd/fWFmrl7vX66ra/uVLMK5odjdAAQZcYVqEB7e3ShmqZepYdvln6/fLOq+7ohX/FU3R2O8QEAegh5gLq9qlq1B+s1ZVK+7rq1tM/9urtOV6+tUPn6LfrWsltCPbTAHbO7mcekatmdC5WZMfD6hRPyc/Sj/7xLPr9fHR1urXzxVRmNRp2fk6n83Gz9/OF7JEn2k216evUGTZmcrzGjTSH7XgCEV/cbQZU79yk/N1v1jVbNm3Opmm2dIUH5+je1bMki1kMF4kq6JpTcoIfHePT1Z7vWQW3aq5+u0Fk3kQr8wZwyWXc/cINGwq3nsqYVaOwr3TdECSY8lZRRoKJxYRogAESVCzV9qgLroH4Unm7pOzyVVDS9MDzDAwD0EPIAdc/7H0iSFlw7W1LnTaRWr63osc+skiJd0fWxees7qqmz6HiLvdfgwdLQpHaHa1g6u3pbA3XF6vW6/+6bVZCb3e+xiUaj0s1p8vullzfvUFu7U99YelMgVElKHy2P16u/vLJNmRlmlS36tBKNxiGPGUBk7an+qOO03eFS7cF6fetrt2jz1ndUW1evzAxzYEp/ZdW+QO0DED/aT7br9GU9HXV79fhP9va+s7Nd7W5Jo8IxshDLu1I3Tq3W6pogw1NJRddeqQlhGh4ARJcUzby2SH+uqVZ7kOGpMoq0YEZK2EYIAPhI6APU6jplZpgDgafD4VRNnaXHPvm52VJXB+qM4kLVN1plaWzqNUBdu+5N1R6s17PLHxjy2M5cA/W6qy/XPz84rNo6y4ABareqPfu1Zft7+tqdC5Q99qOlvP1+qeKNnTr44ZEewSqA2Hb6jfBq6iwypSRpamGBxmam6zs/eVY3zp8VwdEBiLw2VVUdGcT+R/RWVZtmzk4L2YjCJ01X3P45pTalKT2I8NRUfK3uLhkJ3zcAnKMLSvWNpRdqVE7bwOGpzPrc0lJNCtfYAAA9hGUN1KzTpsQX5OX0G352r31qaWjSjOKe0xMsDU2qPVgf1BT7oWh3uHrd7vX6ejyuO9SoF//yhq6f90lNvjC3x3NVe/brtS27tPSLN/QIVgGMHBs3VWp68cckSZbGJknS7JJiTZ3c+YbR2Ez+7wPxJ01TijOUWGeTZ0yGpk9OU/P++sCaqJJkys1XcWabavbZZE/M0IzJIyhENE3UjIz9WrWv//B07GXX6zu3TlNqmIYFANFq/LRCHd76gg72F56mZGvxsts0jyVPACBiwhKgOpwfBZL9TeGXOkNS6aPgYfPWd2QypWhHVXWgc3W4psQ6XR2ytZ6S1DmF/+8796nFZte0wu7ww6y9/zgoa/MJJSWN0pbtewLHWptb9bsXXtXECedrevHkwHnSUlNkaWjSC39+XZ+89OPKH58lW+spJRgMSktLYRo/MELUHLDoeEurli3pupnU+wc0vWiysjLNrHsKxLnxc+7S03NO2/Bhhb79y661QTOKdP8DI7yDyDxNSx66UKW7t6j8jQOqaXTJI0mJySqYXKjShVdp5jimoAJAp0RNmHOHlk8/oLfWV+qt/VYd7QpTTTnZKp41W4tnFSp9JCz1AgAxLOQBan5utiyN1sCapr1N4c/MMJ8VoE7omkJfvn5Lj/3KFs09qzP1XL22ZZde27Ir8Pg882jd8fn5KpyYL0maO3u6auvq9d2f/k5j0lI1e2aRjnfdIOZwwzFZm0/I2nxC3/nJbwPn+OqXblTj0Wa1tTv15vY9erMrdDWlJOn+u2/WpAt63IcXQJQryMsJ3CTqTPPmXBoIS2vqLKx3CqB3F1yieRP2q/ywNHHOJSM7PA1I0fgZpbp/RqTHAQCxYZS5UPNuL9S8SA8EANArg9/v94fyApu3vqPy9Vt09ZWXqGzR3H73tTQ06ZEnnldmhlmPPrRUUmeX18q1FWqx2XXj/FkEFMAw+vBQowwGw6A+JPX5uPvr0z/393V/20LBlHru7xkdb7Grps6iPe9/oJo6i3720N091jZud7hY6xhAWDnaPSE9/1BqJgBEI+omAAQv1DUz1oQ8QG13uPTD5WvUYrPrzrLSQKfpmY632PX4inI12+xatmRhjy7TdodLlVX7NLukmIACGEYEqAAQuwgCAGBwqJsAEDwC1J4SQn2BVFNyoPP09a3vqLauPjBNX+oMRzdvfVePLF+jZptdsy4rOmuKfqopWfPmXEp4CgAAAAAAACCswvIWWfdd7S2NVj22orzP/ZiiDwAAAAAAACCahCVAzcowKzPDrKwMs6YWFsjS0BQIVSVpamGBZpcUc+dqAAAAAAAAAFEl5GugAoherIEKALGLtfwAYHComwAQPNZA7Snka6ACAAAAAAAAQKwiQAUAAAAAAACAPjDHAAAAAEN2zHoi0kMAEGfGZZ8X6SEMCXUTQDjFes2MNAJUAAAADBkvygFgcKibABA7CFABoA90BQAIJ/6QBgAAAKITASoA9IEwAwAAAAAAcBMpAAAAAAAAAOgDASoQp/x+f6SHAAAAAAAAEPUIUIE45fX6Ij0EAAAAAACAqEeACsQpr9cb6SEAAAAAAABEPQJUIE6daweqwWAY5pEAAAAAAABELwJUIE55PXSgAgAAAAAADIQAFYhTTOEHAAAAAAAYGAEqEKe4iRQAAAAAAMDACFCBOOVydUR6CAAAAAAAAFGPABWIQx6PVx0d7kgPAwAAAAAAIOoRoAJxqK2tvd/nDQbDsF1rOM8FAAAAAAAQbgSoQBxqb3cO6XhCUQAAAAAAEC8IUIE44/f75XS6emzrDkRDHYwSvAIAAAAAgFhDgArEmb66T88MUYMNOwlFAQAAAADASEaACsSZ9jbHoPYnIAUAAAAAAPGMABWII06nS6fa2mWQQQbDRx8AAAAAAADoHQEqEEdO2OyD2p9wFQAAAAAAxDsCVCBOOBxOtTt6X/90IL0Fqf2Fq4MJXglpAQAAAABANCNABeLEcattSMcPV2AKAAAAAAAQSwhQgThw6lS73G53yK9DkAoAAAAAAEYaAlQgDjQfH1r3KQAAAAAAQLwiQAVGuOPHbfJ4PJEeBgAAAAAAQEwiQAVGsNYTJ3XC1trrc93T7fv63N8xAAAAAAAA8YIAFRih2k61y2ptlsFg6Aw+uz4bZBgwPA02RCVQBQAAAAAAIx0BKjACOR0uHTnSNKRzBILXIZ4DAAAAAAAglhGgAiOM2+1RfcMR+f3+YTkfISgAAAAAAIhniZEeAIDh097uUEPDUfl9/mENPs8817mcmyAWAAAAAADEIgJUYIQ4ccKuY0etgan3p3/ojOn4g1nzdCDDeS4AAAAAAIBoQ4AKxDi/36+jR61qPWEfMLwc6AZS/a17GopglLAVAAAAAABEOwJUIIZ5vV5ZDjfK6XQN+5T93s7XWxcrAAAAAADASEaACsQgv9+vEza7rMeb5fV4e+0i7a+bFAAAAAAAAMEhQAViiN/v14kTdlmbmuXxeIILSrv3Ue/han/H9nZubiAFAAAAAADiCQEqECPsrSd19KhVbrd72IPNc13/tL8QltAUAAAAAACMBASoQBRzuTpkt5/UiRN2uXpZ5/TM0POsDtNzmMYfzPqn/R0LAAAAAAAwkhCgAlHE7/erra1d9taTsttPye12S9JZU+4H233a2/T9gab+n+tzwSJsBQAAAAAAsYAAFQgzn8+njg633G633G6POjo65HZ75Ha71d7ukM/rk9T79Pjeuk3PfDzYm0f1d8xwLBMAAAAAAAAQy/4Xgvm4jHYysqQAAAAASUVORK5CYII=" height="600" width="800" />  </system-out>
  <testcase name="loginSuccess_001" time="10.474" classname="testcases.LoginTest"/>
  <system-out>
<img src="data:image/png;base64,iVBORw0KGgoAAAANSUhEUgAABVAAAAJcCAYAAAAfG4+9AAAAAXNSR0IArs4c6QAAEYpJREFUeJzt2LERgCAAwEBk/3WxsZABuNRa/E+QOte9nncAAAAAAHCYXwcAAAAAAPyVgQoAAAAAEAxUAAAAAIBgoAIAAAAABAMVAAAAACAYqAAAAAAAwUAFAAAAAAgGKgAAAABAMFABAAAAAIKBCgAAAAAQDFQAAAAAgGCgAgAAAAAEAxUAAAAAIBioAAAAAADBQAUAAAAACAYqAAAAAEAwUAEAAAAAgoEKAAAAABAMVAAAAACAYKACAAAAAAQDFQAAAAAgGKgAAAAAAMFABQAAAAAIBioAAAAAQDBQAQAAAACCgQoAAAAAEAxUAAAAAIBgoAIAAAAABAMVAAAAACAYqAAAAAAAwUAFAAAAAAgGKgAAAABAMFABAAAAAIKBCgAAAAAQDFQAAAAAgGCgAgAAAAAEAxUAAAAAIBioAAAAAADBQAUAAAAACAYqAAAAAEAwUAEAAAAAgoEKAAAAABAMVAAAAACAYKACAAAAAAQDFQAAAAAgGKgAAAAAAMFABQAAAAAIBioAAAAAQDBQAQAAAACCgQoAAAAAEAxUAAAAAIBgoAIAAAAABAMVAAAAACAYqAAAAAAAwUAFAAAAAAgGKgAAAABAMFABAAAAAIKBCgAAAAAQDFQAAAAAgGCgAgAAAAAEAxUAAAAAIBioAAAAAADBQAUAAAAACAYqAAAAAEAwUAEAAAAAgoEKAAAAABAMVAAAAACAYKACAAAAAAQDFQAAAAAgGKgAAAAAAMFABQAAAAAIBioAAAAAQDBQAQAAAACCgQoAAAAAEAxUAAAAAIBgoAIAAAAABAMVAAAAACAYqAAAAAAAwUAFAAAAAAgGKgAAAABAMFABAAAAAIKBCgAAAAAQDFQAAAAAgGCgAgAAAAAEAxUAAAAAIBioAAAAAADBQAUAAAAACAYqAAAAAEAwUAEAAAAAgoEKAAAAABAMVAAAAACAYKACAAAAAAQDFQAAAAAgGKgAAAAAAMFABQAAAAAIBioAAAAAQDBQAQAAAACCgQoAAAAAEAxUAAAAAIBgoAIAAAAABAMVAAAAACAYqAAAAAAAwUAFAAAAAAgGKgAAAABAMFABAAAAAIKBCgAAAAAQDFQAAAAAgGCgAgAAAAAEAxUAAAAAIBioAAAAAADBQAUAAAAACAYqAAAAAEAwUAEAAAAAgoEKAAAAABAMVAAAAACAYKACAAAAAAQDFQAAAAAgGKgAAAAAAMFABQAAAAAIBioAAAAAQDBQAQAAAACCgQoAAAAAEAxUAAAAAIBgoAIAAAAABAMVAAAAACAYqAAAAAAAwUAFAAAAAAgGKgAAAABAMFABAAAAAIKBCgAAAAAQDFQAAAAAgGCgAgAAAAAEAxUAAAAAIBioAAAAAADBQAUAAAAACAYqAAAAAEAwUAEAAAAAgoEKAAAAABAMVAAAAACAYKACAAAAAAQDFQAAAAAgGKgAAAAAAMFABQAAAAAIBioAAAAAQDBQAQAAAACCgQoAAAAAEAxUAAAAAIBgoAIAAAAABAMVAAAAACAYqAAAAAAAwUAFAAAAAAgGKgAAAABAMFABAAAAAIKBCgAAAAAQDFQAAAAAgGCgAgAAAAAEAxUAAAAAIBioAAAAAADBQAUAAAAACAYqAAAAAEAwUAEAAAAAgoEKAAAAABAMVAAAAACAYKACAAAAAAQDFQAAAAAgGKgAAAAAAMFABQAAAAAIBioAAAAAQDBQAQAAAACCgQoAAAAAEAxUAAAAAIBgoAIAAAAABAMVAAAAACAYqAAAAAAAwUAFAAAAAAgGKgAAAABAMFABAAAAAIKBCgAAAAAQDFQAAAAAgGCgAgAAAAAEAxUAAAAAIBioAAAAAADBQAUAAAAACAYqAAAAAEAwUAEAAAAAgoEKAAAAABAMVAAAAACAYKACAAAAAAQDFQAAAAAgGKgAAAAAAMFABQAAAAAIBioAAAAAQDBQAQAAAACCgQoAAAAAEAxUAAAAAIBgoAIAAAAABAMVAAAAACAYqAAAAAAAwUAFAAAAAAgGKgAAAABAMFABAAAAAIKBCgAAAAAQDFQAAAAAgGCgAgAAAAAEAxUAAAAAIBioAAAAAADBQAUAAAAACAYqAAAAAEAwUAEAAAAAgoEKAAAAABAMVAAAAACAYKACAAAAAAQDFQAAAAAgGKgAAAAAAMFABQAAAAAIBioAAAAAQDBQAQAAAACCgQoAAAAAEAxUAAAAAIBgoAIAAAAABAMVAAAAACAYqAAAAAAAwUAFAAAAAAgGKgAAAABAMFABAAAAAIKBCgAAAAAQDFQAAAAAgGCgAgAAAAAEAxUAAAAAIBioAAAAAADBQAUAAAAACAYqAAAAAEAwUAEAAAAAgoEKAAAAABAMVAAAAACAYKACAAAAAAQDFQAAAAAgGKgAAAAAAMFABQAAAAAIBioAAAAAQDBQAQAAAACCgQoAAAAAEAxUAAAAAIBgoAIAAAAABAMVAAAAACAYqAAAAAAAwUAFAAAAAAgGKgAAAABAMFABAAAAAIKBCgAAAAAQDFQAAAAAgGCgAgAAAAAEAxUAAAAAIBioAAAAAADBQAUAAAAACAYqAAAAAEAwUAEAAAAAgoEKAAAAABAMVAAAAACAYKACAAAAAAQDFQAAAAAgGKgAAAAAAMFABQAAAAAIBioAAAAAQDBQAQAAAACCgQoAAAAAEAxUAAAAAIBgoAIAAAAABAMVAAAAACAYqAAAAAAAwUAFAAAAAAgGKgAAAABAMFABAAAAAIKBCgAAAAAQDFQAAAAAgGCgAgAAAAAEAxUAAAAAIBioAAAAAADBQAUAAAAACAYqAAAAAEAwUAEAAAAAgoEKAAAAABAMVAAAAACAYKACAAAAAAQDFQAAAAAgGKgAAAAAAMFABQAAAAAIBioAAAAAQDBQAQAAAACCgQoAAAAAEAxUAAAAAIBgoAIAAAAABAMVAAAAACAYqAAAAAAAwUAFAAAAAAgGKgAAAABAMFABAAAAAIKBCgAAAAAQDFQAAAAAgGCgAgAAAAAEAxUAAAAAIBioAAAAAADBQAUAAAAACAYqAAAAAEAwUAEAAAAAgoEKAAAAABAMVAAAAACAYKACAAAAAAQDFQAAAAAgGKgAAAAAAMFABQAAAAAIBioAAAAAQDBQAQAAAACCgQoAAAAAEAxUAAAAAIBgoAIAAAAABAMVAAAAACAYqAAAAAAAwUAFAAAAAAgGKgAAAABAMFABAAAAAIKBCgAAAAAQDFQAAAAAgGCgAgAAAAAEAxUAAAAAIBioAAAAAADBQAUAAAAACAYqAAAAAEAwUAEAAAAAgoEKAAAAABAMVAAAAACAYKACAAAAAAQDFQAAAAAgGKgAAAAAAMFABQAAAAAIBioAAAAAQDBQAQAAAACCgQoAAAAAEAxUAAAAAIBgoAIAAAAABAMVAAAAACAYqAAAAAAAwUAFAAAAAAgGKgAAAABAMFABAAAAAIKBCgAAAAAQDFQAAAAAgGCgAgAAAAAEAxUAAAAAIBioAAAAAADBQAUAAAAACAYqAAAAAEAwUAEAAAAAgoEKAAAAABAMVAAAAACAYKACAAAAAAQDFQAAAAAgGKgAAAAAAMFABQAAAAAIBioAAAAAQDBQAQAAAACCgQoAAAAAEAxUAAAAAIBgoAIAAAAABAMVAAAAACAYqAAAAAAAwUAFAAAAAAgGKgAAAABAMFABAAAAAIKBCgAAAAAQDFQAAAAAgGCgAgAAAAAEAxUAAAAAIBioAAAAAADBQAUAAAAACAYqAAAAAEAwUAEAAAAAgoEKAAAAABAMVAAAAACAYKACAAAAAAQDFQAAAAAgGKgAAAAAAMFABQAAAAAIBioAAAAAQDBQAQAAAACCgQoAAAAAEAxUAAAAAIBgoAIAAAAABAMVAAAAACAYqAAAAAAAwUAFAAAAAAgGKgAAAABAMFABAAAAAIKBCgAAAAAQDFQAAAAAgGCgAgAAAAAEAxUAAAAAIBioAAAAAADBQAUAAAAACAYqAAAAAEAwUAEAAAAAgoEKAAAAABAMVAAAAACAYKACAAAAAAQDFQAAAAAgGKgAAAAAAMFABQAAAAAIBioAAAAAQDBQAQAAAACCgQoAAAAAEAxUAAAAAIBgoAIAAAAABAMVAAAAACAYqAAAAAAAwUAFAAAAAAgGKgAAAABAMFABAAAAAIKBCgAAAAAQDFQAAAAAgGCgAgAAAAAEAxUAAAAAIBioAAAAAADBQAUAAAAACAYqAAAAAEAwUAEAAAAAgoEKAAAAABAMVAAAAACAYKACAAAAAAQDFQAAAAAgGKgAAAAAAMFABQAAAAAIBioAAAAAQDBQAQAAAACCgQoAAAAAEAxUAAAAAIBgoAIAAAAABAMVAAAAACAYqAAAAAAAwUAFAAAAAAgGKgAAAABAMFABAAAAAIKBCgAAAAAQDFQAAAAAgGCgAgAAAAAEAxUAAAAAIBioAAAAAADBQAUAAAAACAYqAAAAAEAwUAEAAAAAgoEKAAAAABAMVAAAAACAYKACAAAAAAQDFQAAAAAgGKgAAAAAAMFABQAAAAAIBioAAAAAQDBQAQAAAACCgQoAAAAAEAxUAAAAAIBgoAIAAAAABAMVAAAAACAYqAAAAAAAwUAFAAAAAAgGKgAAAABAMFABAAAAAIKBCgAAAAAQDFQAAAAAgGCgAgAAAAAEAxUAAAAAIBioAAAAAADBQAUAAAAACAYqAAAAAEAwUAEAAAAAgoEKAAAAABAMVAAAAACAYKACAAAAAAQDFQAAAAAgGKgAAAAAAMFABQAAAAAIBioAAAAAQDBQAQAAAACCgQoAAAAAEAxUAAAAAIBgoAIAAAAABAMVAAAAACAYqAAAAAAAwUAFAAAAAAgGKgAAAABAMFABAAAAAIKBCgAAAAAQDFQAAAAAgGCgAgAAAAAEAxUAAAAAIBioAAAAAADBQAUAAAAACAYqAAAAAEAwUAEAAAAAgoEKAAAAABAMVAAAAACAYKACAAAAAAQDFQAAAAAgGKgAAAAAAMFABQAAAAAIBioAAAAAQDBQAQAAAACCgQoAAAAAEAxUAAAAAIBgoAIAAAAABAMVAAAAACAYqAAAAAAAwUAFAAAAAAgGKgAAAABAMFABAAAAAIKBCgAAAAAQDFQAAAAAgGCgAgAAAAAEAxUAAAAAIBioAAAAAADBQAUAAAAACAYqAAAAAEAwUAEAAAAAgoEKAAAAABAMVAAAAACAYKACAAAAAAQDFQAAAAAgGKgAAAAAAMFABQAAAAAIBioAAAAAQDBQAQAAAACCgQoAAAAAEAxUAAAAAIBgoAIAAAAABAMVAAAAACAYqAAAAAAAwUAFAAAAAAgGKgAAAABAMFABAAAAAIKBCgAAAAAQDFQAAAAAgGCgAgAAAAAEAxUAAAAAIBioAAAAAADBQAUAAAAACAYqAAAAAEAwUAEAAAAAgoEKAAAAABAMVAAAAACAYKACAAAAAAQDFQAAAAAgGKgAAAAAAMFABQAAAAAIBioAAAAAQDBQAQAAAACCgQoAAAAAEAxUAAAAAIBgoAIAAAAABAMVAAAAACAYqAAAAAAAwUAFAAAAAAgGKgAAAABAMFABAAAAAIKBCgAAAAAQDFQAAAAAgGCgAgAAAAAEAxUAAAAAIBioAAAAAADBQAUAAAAACAYqAAAAAEAwUAEAAAAAgoEKAAAAABAMVAAAAACAYKACAAAAAAQDFQAAAAAgGKgAAAAAAMFABQAAAAAIBioAAAAAQDBQAQAAAACCgQoAAAAAEAxUAAAAAIBgoAIAAAAABAMVAAAAACAYqAAAAAAAwUAFAAAAAAgGKgAAAABAMFABAAAAAIKBCgAAAAAQDFQAAAAAgGCgAgAAAAAEAxUAAAAAIBioAAAAAADBQAUAAAAACAYqAAAAAEAwUAEAAAAAgoEKAAAAABAMVAAAAACAYKACAAAAAAQDFQAAAAAgGKgAAAAAAMFABQAAAAAIBioAAAAAQDBQAQAAAACCgQoAAAAAEAxUAAAAAICwASQLCJ0nnu6IAAAAAElFTkSuQmCC" height="600" width="800" /> Username:Admin <img src="data:image/png;base64,iVBORw0KGgoAAAANSUhEUgAABVAAAAJcCAYAAAAfG4+9AAAAAXNSR0IArs4c6QAAIABJREFUeJzsnXm8XEWZ9391uvtuWe7NQhKSkAVCCLIFIqBAQCBu6KCIg4LMqDM6ioq44TozuM3gO4wj4AyoM+DoC/oOyiKMEUV0WDIQtrAkxGxA9j25+729nFPvH6e77+k+Vaer6pzTfbrv8/2IT7q7urru7zm/fupW1e1mnHMOgiDqR7YfGNgFPrATfGAn0L+rGLfD2fE0WK4fnAOMoSJaVuVtBoADYGDg4EoRABhj4JzXjlXP976iL4oGLItB/VRTq7k3aqAzXL/eCpGb6xwYBc8301k3f2Y6G728ts66+TPTOdE+0dRbNY/hdG5Bn9TMo5nOuvlrSp8kyS9N6ZP6+CWczrr509NZN3/aOhvlMdz70njyia/bWP3SRHVFxydJ8otR/prEJwnwS9P6pGF1xUxnghCR+uEODA2P4ODhfmRzBQBAe1sa06ZMxoSuTjBaQCWIBOHkwbc9Dr5pJZxNK4G+7ZAVDQY3mhQ7i1kGk5X4J1dKaNZaccfx/zIS5aQweJIS0+TKk8coJ4XiPNZjciXwi+FkMFKfeHRWvuyMddbNX8J9opXH+H8Zid8npVhnnyTJLwb5M9dZNX/h9U5OXYnfJ8qXqwkqPonQLy3hE6or9Zl/UV0x11k5j+Hfl5qirsTlkyauK7H4hBi3jPzLJuzce0D42JyZ02kBlSASzYH1cDathL3uF2D71wmLi8XMJh+WZWkVxXoUcx8xFcV6THpb9gSEltAGL6+ts27+ovylNiE+0dRbNY/1mPQ2lU9q5tFMZ938NaVPkuSXpvRJffwSTmfd/OnprJs/bZ2N8hjHYmlr+sTXbax+aaK6ouOTJPnFKH9N4pME+KVpfdKwumKmM0GI2PH3z2I0mxM+1tHeRguoBNEccPD198F+9FvAwU0VRaNyUVS/2AGqRTT+yZWiFJoDEXUS/y8jiTwBYSJfxJNCcR7rMbny+yURJ4U8OitfdsY66+Yv4T7RymP8v4zE75NSrLNPkuQXg/yZ66yav/B6J6euxO8T5cvVBBWfROiXlvAJ1ZX6zL+orpjrrJzH8O9LTVFX4vJJE9eVWHxCjFte+cqTcBzxBWNZDFadx0MQhBEM7PhLkP7oU7Auuhl84iwAGCtexeg4HOA1imJVBADHccRFsaodhyRyQWSSKGovq2pcEIOKoixWdysbh+G4RXr49A6afFRHnfxFNN4gPUx1DmxfMReMcNw19DDVWTV/YXSuqQOvMfsL6xdfdwn3iSyPsrxo6qx73Znq7BHcH4W/O9XZJxo6x+6XJNQVX3fR+jtIh7jrShiddfMXqU9KUcUnEV53Yet3InwiqyuKOge2E3Ybrb+bZv6l4G+RHi1bV3R8Isuj7P3LQOemqitx+URR5yTWldA+IQgPssXT0mO0gEoQzYSVhrX0w8hc9QKs878JdE5xixVjFRGcwREVNyaIxSLpW0StagcADJLIBJFLoqh9sR8fTBBlkxJZe1G3snEYjlukh0xnXxTlRTYpEeUlovEG6WGqc2B7T7+RjruGHqY6q+YvjM41dWAyodV0rplHX3cJ94ksj7K8aOqse92Z6uwR3B8F/dbdJxo6x+6XJNQVX3fR+jtIh7jrShiddfMXqU9KUcUnEV53Yet3InwiqyuKOge2E3Ybrb+bZv6l4G+RHi1bV3R8Isuj7P3LQOemqitx+URR5yTWldA+IQgN6E/4CaKZGdyDwt0fgLPzKViyIgYGsOLtoJ14TwTg6ydwNsA5wBRjzVmFh1rNq3caFdEZbjnqDKf0y5WK3gF5E+7oVj3fTGfd/JnpbPTy2jrr5s9MZ9X8NcQnmnqr5jGczi3ok5p5NNNZN39N6ZMk+aUpfVIfv4TTWTd/ejrr5k9bZ6M8hntfGk8+8XUbq1+aqK7o+CRJfjHKX5P4JAF+SYpPHCsNTJ0PZ8I0sAnT4GTagXQ7eGcPmJUCsgOwnALg5MFGBsAKw7AG9gN2rs51xUzncQV3AKcA7tiAbQN2AbAL4Nkh999Emc1feiLwcVpAJYhmx87BfuBjsF/+JVixmMgmJ8IvnJIUTaC6uMY/uVJCs9aKO47/l5EoJ4XBk82YJleePEY5KRTnsR6TKzdG+cuTOJrrrHzZGeusm7+E+0Qrj/H/MhK/T0qxzj5Jkl8M8meus2r+wuudnLoSv0+UL1cTVHwSoV9awidUV+oz/6K6Yq6zch7Dvy81RV2JyyfF6GS6wI84GrxnDpypC4BUWjtf6cF9wNBBWAP7wAojxjo31CfjiUIWPDsMnh0GcqONHk3DoQVUghgnOKtvRuEPfw/GHXBw8YlUXlocVZtEuv9zn1+PYu4jpqJYj0lvy56A0BLa4OW1ddbNX5S/1Pqf3xCfaOqtmsdwOregT2rm0Uxn3fw1pU+S5Jem9El9/BJOZ9386emsmz9tnY3yGMdiaWv6xNdtrH5porqi45Mk+cUof03ikwT4pRE+QftE2POWgR95Arhl6fkjII9W306kD2wCK4zG6BcznQkBdh584BD46GCjR9IwaAGVIMYRfOsjyN/zl2Ajh8tFDJLipvpn/UCpyMY/uVL7IVUHgICO4/9lJJEnIEzki3hSKM5jmEmsXv4Sd1LIo7PyZWess27+Eu4TrTzG/8tI/D4pxTr7JEl+Mcifuc6q+Quvd3LqSvw+Ub5cTVDxSYR+aQmfUF2pz/yL6oq5zsp5DP++1BR1JWKfOKk0+FHLYM9dCpbK6OdFsa5YB19F+uAWwM43h0/GO4Wsu5CaHW70SOoOLaASxHijbxvyv3w/sHdtRRGzJJMPy6o9iQQD6lHMfcRUFOsx6W3ZExBaQhu8vLbOuvmL8pda//Mb4hNNvVXzGE7nFvRJzTya6aybv6b0SZL80pQ+qY9fwumsmz89nXXzp62zUR7jWCxtTZ/4uo3VL01UV3R8kiS/GOWvSXySAL/UyyeFI46Fs/AsoHOiNC/W6ADYwF6kcv3u4qddALL9YGBw2ieCpdrcRdi2ybAnzQA6uuU+KeSQPrgFqUOvRuwXM52J2vDRAfC+/cVcjQ9oAZUgxiF8+xPI3/kOMKfgK4YQTFaki6gVEcXPUI1vcqX2w6kOAAEdx//LSCJPQJjIF/GkUJzHMJNYvfwl7qSQR2fly85YZ938JdwnWnmM/5eR+H1SinX2SZL8YpA/c51V8xde7+TUlfh9ony5mqDikwj90hI+obpSn/kX1RVznZXzGP59qSnqSkQ+yS84E3zuUuFnnFrZAVi9O2AN7gPLD2v5xUl3gE+ahUL3bHcxVaBzqm8H0rtfSrZPiDI8nwXv3TNuvmyKFlAJYpzirLkd+ZXXVH5xVLHoQTL5AGrv7DJmIa5i7iOmoliPSW/LnoDQEtrg5bV11s1flL/Uyn0S56Q3rN6qeQyncwv6pGYezXTWzV9T+iRJfmlKn9THL+F01s2fns66+dPW2SiPcSyWtqZPfN3G6pcmqis6PkmSX4zy1yQ+SYBf4vQJUhkUjr0AfMYigLEKHZEbRubAerD+vWY+qcqjPXk2CtOPBc90+gZsjRxCevtzYE5B80KNwSdETbhjA717wXMjjR5K7NACKkGMY+wHP4vCs/9RuYjqiaI/6wcCdnbh1iSlk6gGRV8JzbmpuOP4fxlJ5AkIE/kinhSK8xhmEquXv8SdFPLorHzZGeusm7+E+0Qrj/H9MlI/n5RinX2SJL8Y5M9cZ9X8hdc7OXUlfp8oX64mqPgkQr+0hE+ortRn/kV1xVxn5TyGf19qiroSwie8sweFxecDPXOK9xb1dQpIHdiE9OGtsdQVZ8oCFKYvAlKZiuFZ2X6kdzwHqzCSPJ8QAjj4wEHwob5GDyRWai2gWnUaB0EQDSD1ln+CddRZcDgHuKfYFaMjKIaAv11pn4UXq4/DnYrb5ce9kUmiqL2sqnFBDCqKsljdrWwchuP2RYF+gZOP6hg0eazOS0TjDdLDVOfA9hVzwQjHXUMPU51V8xdG55o68Bqzv7B+8XWXcJ/I8ijLi6bOutedqc4ewf1R+LtTnX2ioXPsfklCXfF1F62/g3SIu66E0Vk3f5H6pBRVfBLhdRe2fifCJ7K6oqhzYDtht9H6u2nmXwr+FunRsnVFxyeyPMrevwx0bqq6YugTnsogL1g8tbIDyGx9Ur54GpQXxbpiHXoVmW2rgZG+inE77ZOQn3MaHJYOzl8NPUL7hFCEgU2aDkyc0uiBNBRaQCWIVsbKIPPeO8EmH1UsPsXixsaidBG1qh3gFlthZILIJVHUvtiPDyaIskmJrL2oW9k4DMct0qNaP+kkvrqdbDIiahfheIP0MNU5sL2n30jHXUMPU51V8xdG55o6MJnQajrXzKOvu4T7RJZHWV40dda97kx19gjuj4J+6+4TDZ1j90sS6oqvu2j9HaRD3HUljM66+YvUJ6Wo4pMIr7uw9TsRPpHVFUWdA9sJu43W300z/1Lwt0iPlq0rOj6R5VH2/mWgc1PVFUOfOIvOBXrmlG+XFk/T21bDyg0q62xaV9joANq2Pw020l/5PtoxGc6ck4PzV0OP0D4htGATpwAdExo9jIZBC6gE0ep0TUfmXT9CeSeQMziOZ4eQSRZRq06sAlU7mZyP3U7qjq6s24h3opvmBETAeIP0MNU5sL2n30jHXUMP4xMQivkLo3NNHbhMaDWda+bR113CfSLLoywvmjrX/QSEYv7q7hMNnWP3SxLqiq+7aP0dpEPcdSWMzrr5i9Qnpajikwivu7D1OxE+kdUVRZ0D2wm7jdbfTTP/UvC3SI+WrSs6PpHlUfb+ZaBzU9UVg/Hm55wCZ9aSiv5T/buQefVxWE5BS+cwdQV2Dm1bV8Hq3VEx7sKEGShMX2R83YX2CaEFA4PVPQNItzV6KA2BFlAJYhzA5p0DNv8cwLMjWL1o6ltELVahoBMQpYKU2B1dWbcR70Q3zQmIgPEG6WGqc2B7T7+RjruGHsYnIBTzF0bnmjowmdBqOtfMo6+7hPtElkdZXjR1rvsJCMX81d0nGjrH7pck1BVfd9H6O0iHuOtKGJ118xepT0pRxScRXndh63cifCKrK4o6B7YTdhutv5tm/qXgb5EeLVtXdHwiy6Ps/ctA56aqK5rjdaYcBRx9VvGWe7+VHUB69wtGOkdRVzJ7Xho7iVp83J5+LPjkmeL81dAjtE8IfZgFa8oswBp/y4nj7ycmiHFK+tyvFnfsxnYGHce/iAo29jjnHKWTqIB4R5BzntwdXVm3Ee9EN80JiIDxBulhqnNge0+/kY67hh7GJyAU8xdG55o6cJnQajrXzKOvu4T7RJZHWV40da77CQjF/NXdJxo6x+6XJNQVX3fR+jtIh7jrShiddfMXqU9KUcUnEV53Yet3InwiqyuKOge2E3Ybrb+bZv6l4G+RHi1bV3R8Isuj7P3LQOemqisa43VSaRSOvQC8uMjFwQEnj/TW1cY6R1VXMtufAuxcxXjzRxwvzl8NPUL7hDAjlQGbPL3Ro6g7tIBKEOMENu8cpBa92S1Cnp3B6kVUtxhV7iCWtu5kO4Ll10jajq6s24h3opvmBETAeIP0MNU5sL2n30jHXUMP4xMQivkLo3NNHZhMaDWda+bR113CfSLLoywvmjrX/QSEYv7q7hMNnWP3SxLqiq+7aP0dpEPcdSWMzrr5i9Qnpajikwivu7D1OxE+kdUVRZ0D2wm7jdbfTTP/UvC3SI+WrSs6PpHlUfb+ZaBzU9UVjfE6s04EOidW6NG2bTUsXjDWOaq6wuw82rY9VTFetHWhMH2R9nUX2ieEOR0TwcbZn/LTAipBjCPS538DYzuCY8VRuIhaerwYOdffEWz4jq6s24h3opvmBIRO/jx6mOoc2N7Tb6TjrqGH8QkIxfyF0bmmDlwmtJrONfPo6y7hPpHlUZYXTZ3rfgJCMX9194mGzrH7JQl1xdddtP4O0iHuuhJGZ938ReqTUlTxSYTXXdj6nQifyOqKos6B7YTdRuvvppl/KfhbpEfL1hUdn8jyKHv/MtC5qeqK4nh5KgN77illfQHAOrAJLDsQSuco6wpG+5E6sKminT1lARwrrZ7HKHxCGMPAgElTGz2MukILqAQxjmAzTwJb/I7yziA8RdK3iAr/DiK4fEew9LzSbbd7tR3S2HZ0Zd1GvBPdNCcgAsYbpIepzoHtPf1GOu4aehifgFDMXxida+rAZEKr6Vwzj77uEu4TWR5ledHUue4nIBTzV3efaOgcu1+SUFd83UXr7yAd4q4rYXTWzV+kPilFFZ9EeN2Frd+J8ImsrijqHNhO2G20/m6a+ZeCv0V6tGxd0fGJLI+y9y8DnZuqriiO1z7yJFgdk8b6c/JIH94qzoeGzlHXldShrWBOYaxdKgNn6gL1PEbhEyIUrH0C0NbZ6GHUDVpAJYhxRuqE97qLpSjuDHqKZMUiKopfLFVqB8FOYCkWH3ccZ+w2U9sh9fbjQ7SDKJuUyNqLuo14J7ppTkDUyJ/Szq6GzoHtPf1GOu4aehifgFDMXxida+rAZUKr6Vwzj77uEu4TWR5ledHUWfe6M9XZI7g/Cvqtu080dI7dL0moK77uovV3kA5x15UwOuvmL1KflKKKTyK87sLW70T4RFZXFHUObCfsNlp/N838S8HfIj1atq7o+ESWR9n7l4HOTVVXFMbrWGk4R51aoUPq0FbAGfvMUVOdo64rzMnDOvRaxfgLU+ar5zEKnxChYZOnNXoIdYMWUAlinJE6ZgWYZbmLoyxgERXF2/DsIILBrVVqO4IN39GVdRvxTnTTnIAIGG+QHqY6B7b39BvpuGvoYXwCQjF/YXSuqQOTCa2mc808+rpLuE9keZTlRVNn3evOVGeP4P4o6LfuPtHQOXa/JKGu+LqL1t9BOsRdV8LorJu/SH1Siio+ifC6C1u/E+ETWV1R1DmwnbDbaP3dNPMvBX+L9GjZuqLjE1keZe9fBjo3VV1RGC965oC1dY714xSQOvxasE8UdY6jrqQPbwVz8mPtU21wJs1Qvu5C+4QIDUu3A6lMo4dRF2gBlSDGG+3dwOxlYKg8cQpPsfSeUGVwT6ICYzuA1be9O4Gl/8Bq75DGvqMr6zbineimOQERMN4gPUx1Dmzv6TfScdfQw/gEhGL+wuhcUwcuE1pN55p59HWXcJ/I8ijLi6bOutedqc4ewf1R0G/dfaKhc+x+SUJd8XUXrb+DdIi7roTRWTd/kfqkFFV8EuF1F7Z+J8InsrqiqHNgO2G30fq7aeZfCv4W6dGydUXHJ7I8yt6/DHRuqrqiMF572sKKfqy+HWBOPtgnijrHUVdg52D17azQ2Zk4S/m6C+0TIhrauxo9grpAC6gEMQ5JH/dn5ZOl0kXUUvFEKXp2AKuj6CQDr71DGvuOrqzbiHeim+YEhGL+And2NXQObO/pN9Jx19DD+ASEYv7C6FxTByYTWk3nmnn0dZdwn8jyKMuLps66152pzh7B/VHQb919oqFz7H5JQl3xdRetv4N0iLuuhNFZN3+R+qQUVXwS4XUXtn4nwieyuqKoc2A7YbfR+rtp5l8K/hbp0bJ1RccnsjzK3r8MdG6quqIwXvTMregnPbjP16+pznHVldTA3gqdna4pytddaJ8QkcA6JjR6CHWBFlAJYhySOu4dbnEqLZaKFlFReRIV8OwAgoPz8Dukse/oyrqNeCe6aU5ABIw3SA9TnQPbe/qNdNw19DA+AaGYvzA619SBy4RW07lmHn3dJdwnsjzK8qKps+51Z6qzR3B/FPRbd59o6By7X5JQV3zdRevvIB3irithdNbNX6Q+KUUVn0R43YWt34nwiayuKOoc2E7YbbT+bpr5l4K/RXq0bF3R8Yksj7L3LwOdm6qu1BrvhKlwOieP9ePkgeGDvn5NdY6rrrDhQ4CdK4+TZ7rgtE9U0iO0T4hoaOsArFSjRxE7tIBKEOMQNm0xMO1Yd/GUSxZR4d9BLG3hlXdguXxHkBf7A5fvkMa+oyvrNuKd6KY5AREw3iA9THUObO/pN9Jx19DD+ASEYv7C6FxTByYTWk3nmnn0dZdwn8jyKMuLps66152pzh7B/VHQb919oqFz7H4xuO5MdY7EJ7JxB7UP0CHuuhJGZ938ReqTUlTxSYTXXdj6nQifyOqKos6B7YTdRuvvppl/KfhbpEfL1hUdn8jyKHv/MtC5qepKjfEWpi+CxaxyP9bgPjWfKOocZ11JjRyuGCfvmq6kR2ifEJHAwIC2zkYPI3ZoAZUgximpOWeUF02Fi6goRu7ZQYS7Bxj5CQhItgZFO4gVRfIqWJ/vQ+qrfUh9bSxan34M1hsvlO446u1E3wLra6/BOkM27ltg/W3xcY8edT8BceZ/w/q7p2Ap6BzqBIQsL6r5E+RR9fpo6AkIxfyF0bmmDlwmtJrONfPo6y5af4v0COUTWR5ledHUWfe6M9XZI7g/Cvqtu080dI7dL3WpK4jOJ7JxB7UP0CHuuhJGZ938ReqTUlTxSYTXXdj6nQifyOqKos6B7YTdRuvvyOuKRv5MdA41/2qluqLjE1keZe9fBjo3VV2ppXN7V8V4rdF+NZ8o6hxnXcFg5UlZJ5VW0iO0T4jIYG0djR5C7KQbPQCCIBrExBnlRVPLchdRLc9tXrxdKoIAisWxKnK47VDa0SxGTxEr3ZbGYn8+VHZ0AfAXu+E8ULw9+Ryws74OdsHPYE2/As4DD/u7ZW4Hwsir49gAfI9XDZBhrB/lExCyyYpoUiLsd0x3V4zaOvuiKH+CPNaMKvkT5FGse7XOgqiUv8porrNqNNdZNUpR8YtG/sLorJq/UD6R5VF4UkJfZ608hvGJZv7q7hMtnWP2i0H+GuqTKPzi6Sf+uhK/T5T9ouMTQR7rUVfC1+8E+ERWVxR1brm6opW/CPwiyp8njy1bV3R0Vs6juc5NVVdq6dw1pSJ/VrZfzScJqCup3AAKnryha2pZj6D8tV27CukZlRryfb9H/rbrUDgk11nOZWj/5jVga8/G6F3+R62Lv4u2158Kq7Pdfa2R3XCeuRW5+x+Wv8w530fnu6bBvvYK5Lz/vuxn6Dp9KuxfvQ3Zx3XGqE/qg/ej/cRpAS0OonDHxci9EOJF6E/4CYJoVayJM33FsOIkKoq34T4OAOUdQVTebuiObvXjfY+D/2YFnKc2Aid/D2yeoFvZOCTjhuznrBpAQ09AlFDQOdQJCFleRAS19/Sren009ASEYv7C6FxTB+FvuTX0Dpqs18hf4k8KyfIoy4umzrrXnanOHsH9UdBv3X2ioXPsfqlXXYnKJ7JxB7UP0CHuuhJGZ938ReqTUlTxSYTXXdj6nQifyOqKos6B7YTdRuvvyOuKRv5MdA41/2qluqLjE1keZe9fBjo3VV2pNV5mmflEUeck1hUA4FtuwvC1Z2P4i2dj+Hu3wpm0AplL3h6oswns7T9E+/ITgLU3YOTaszF87aXI/m4d2OwTzDq86woMXxv/4ikAOFu2BkvRvxXOtpAvMg4WUOkEKkGMVybMBIJ2FjG2qGoVd/jKJ02L1WpsJ7Z4W7DTCB7zjq7s8Yd+Bpz8HbCTAb4NwNHXw3rzFcD0Hrf56EbwP7wXzpqtYGw+2Lt/CeuExe5jhT7wDdfBue8/i0WXAXPuRurLK8DSAArbwP/wDjhPbR974erHn/0MnIf+4OrYcynYJdfDmjuz/NrOw5cCa7a7ei+7Hda5F4JN7AEA8MGnwe9fAWxh4Gc8gNRb54M/2wvrlJPBeu+Efesngbc8gNSy5eXXc/5UrHgKOtftBIQoP4I8hjlp4otB/YQ5ARH0S1j1CQhDnVWjFBW/aOQvjM6q+Qt18kGWR+HJCn2dtfIYxiea+au7T7R0jtkvBvlrqE+i8IunnySdFAqbv0h9IshjPeqKuc4J8omsrijq3HJ1RSt/EfhFlD9PHlu2rujorJxHc52bqq7U0rltYkX+eG4ElopPElBXkB8t//wcAM90VdyW+sSbBw5g9x2wd12J1NTTgHnT0Pa+K5GaMclNz8gm5O/8EPIb3JOrqYGbMPID95jp2G1RkgHgVGSWnghs/b8Yves3xfv2wHn8OowWF0DZG76B9otWwOoEgAE4f7od2dvuktu0+jTqiTnYh2YhNWeS+/wnrsPoPasBnInMp76GzPxpALJw/rQOWHIs+K/ehuz+T6P9Pe9Gamo7gCz4zpXI3vjPcKpeij9+NUbxfXS867TypVpm5Dnk/vVqFA7LBqrIOFhApROoBDFOKZ1ARbEIAqzyNvcUx2J1coqRw90L9O4Ico5yO+/OIgevuF1+3BtlZYULomjSIYy/Bh8F0HOVe9/EbmDvd+D8azcK3z4Jzt5usLOuc5vPuw7shG7we06C/Q/dKNx/J9CxuDxuoBtsfjucH3fD/vY5sPdMBjvre54X9D5+EuwNo8CZN4LNK05WLrkF1vRNcH7UDfvby2FvAdhbfwY2uahvdzuw4asofKsb9reWg4+eDnbuZ8uTEWAe2DHb4fzXObBv/ST40XfAOvN04E8fRuFbPSjcdhvYgnPcoSroHOoEhFRvxfwJ8hj1TnTQDnfiTgrJxh3QXoqKX4Ly6OvOXOeKGKBHqJNCsjzK8qKps/YJCEOdPYL7o6DfuvtEQ+fY/WJw3ZnqHIlPZOMOah+gQyi/KLzfhdFZN3+R+qQUVXwS4XVnqnOifCKrK4o6B7YTdhutvyOvKxr5M9E51PyrleqKjk9keZS9fxno3FR1pcZ4efuEivFahRE1nyjqHGddYfnhynFmOpX0qMgDA9jCjyM1exL4oeeAbevgPHETRq89G8PXfhD5gWORPv8ysfA1uQjWVIDvk62wXoa2i1aA7boVI9eejZE7VgNLPo72i2epv0TnPLBtN2Dk2kuR25KDtfRKpAFYH7gWmfk5FO64FMPX/g0KmWPLC3np8y9CKr3a/Rm/dwPs/Tlp9/zxq5F9uuokan4rCndGsHgKAFbrLy+2/k+oAAdHX34I24f24+XaoF3RAAAgAElEQVTerXj+0GY8f2gz1va+hsO5gUYPjyBigU2cAd+iqfd2sQpxuLeB0o6oIDJB5JIoal9R/byDFMTqyYisXTUvfgLOfbcCfQBj28E3bATvcE+Eus3bwWbNd8e5/qtwfv6V8riBUfAX3gnsYwBeAl5eCz5xXsW4+ZZPAHsZgG3Avd8BH5wHduZycPwjrLkAf/YdwD4Gzl8E7v0xUDgJ7Lz57mTjj1fCXnlncUf1RfCdG8E6ji1PRoC94A9fAbyy1p0MnXk6WO/v4dx7rzvefTfB3ryxOJDaOivlz5NHI72D2lXlUfX6iOK6q9gZl03+dHbkq9qF0bmmDkwmtJrONfPo6y5af4v0MNU5MI+yvGjqrHvdmersEdwfBf3W3ScaOsful3rVlah8Iht3UPsAHUL5ReH9LozOuvmL1CelqOKTCK87U50T5RNZXVHUObCdsNto/R15XdHIn4nOoeZfrVRXdHwiy6Ps/ctA56aqK3H5RFHnJNYVAGDHXIOuG1ah659WofOqy2AN/B75e38DTJkP643XoOMfV6Hrhp8gMwNgk44VCx+WNyyH1XkQzhN3gAPgL1wHZ1872Lx3q/cxsg6Fex4Gxx4UDg0CndNgAUjPPhLY+ShyL+wBsBmF5zeVfnTYu/aATz4VbR+/HpnjDiF/582+06denLs+h/yW0hrXAOyVn0Nug8kPPD4Z13/Cv3P4AB7ftxaP7X0JG/q3ozc3iIH8CHJOHgDQbrXhjuVfxrJpkxo8UoKIHlb1GailL4wqf4EUKu8vV3/OAObedkrF0rsIK4iO44BZVrkfX6yYVXiQTT68EbL4DrAOAFtvde8r/Ql/T4/7Z+8AMPqYW+C2/hWcp+6GddovkToL4IMbwR/9AJzntsGt0aPAUGnHdmwndOwFe4G928aGxe8GG70daD8RDD3F53snJbeAD14P1n0RGH4AfuptSJ23AujoHhvbgWfKkxGgD3jZ8/x0O1Dor9R57z5wzAAYaursizXyp6a3AJX8FcfLmEff6ghJ9D6vViz3x9R2zoN+6Qo8AWGus3AzQxClKOqtmr9wOqvmz0znwDwKnm+is24eTXXWzV/dfaKhc6L8EqauNMInsjxWPD+EXxTe78LoHHldkRHWJ5H6xUznRPlEVlfC+qRZ64pG/iKpKzo+aaW6EpdPDHVuqbqSHQLvmFTOl5PuBCuMROuTmOqKk+4o//wAAypOpAb4BADfUvxTfK/OAHDZZUjPGEThvz6F3DObkfnMKmQyItVPVVgZWwnn0EVIzf40GG6uab96we//EEbXXob08uVInXM9MuevQ+7vr0ZB+ow9KPzgOrC//itY+29H9vE90Q3GCVq6bQ3G7QnUVwZ348//55u45ql/wy+3PoqXDr+K7UP7Ma19MrjDMVzIYunUY7B06qJGD5Ug4qG9u6J4VXyBFCsujrKx+wFAtCPIgfLjpUlFXXd0Ze3efAXQsRH8xeJdb/4EWPph8J+fBPsfemD/7rHiNKI4jocuhfPdWbC/vQJ8CwO76E5YpckrZOMtxR5g5tiJVMY+AHQAyK4FRy+ADmCCd1LyCbCJAPpWguNDSF14KdB7O5wf97h/xr9uG+CZjLgUnw8OVsgCHTPK42OMATNnuK+uoHOoExAyvUUEtff0G/VOdNB1l7iTQrJxB7SXouKXoDz6ujPXuSIG6BHqpJAsj7K8aOqsfQLCUGeP4P4o6LfuPtHQOXa/1KuuROUT2biD2gfoEMovCu93YXTWzV+kPilFFZ9EeN2Z6pwon8jqiqLOge2E3Ubr78jrikb+THQONf9qpbqi4xNZHmXvXwY6N1VdqTFelh2oGC9r61TziaLOsdaVtq6KcVr5ESU9KvJQrfNo8c/ZBzYDx30NqRljzXkeYFNOhQWAnXIZrKnifIyxBvnn1wJzLkL7ZW8vvswsWOd8Ax0f/zTYk4/BGZkG641XggFgp3wD1ows+Lb7anVck8Ku3cCcc9F2yiwAi5B+/bHlH9N6+xeQnvoc8j+5GqN3rQbvnI/UKbV6XI38bR9D9v7VocdWgS1ftm0VxuUC6oa+7fjYEzfilcHdANwvxlk+8yR8fPE7wcAw4uQwtX0SvnLS5UixcSkRMU7w7uAxVrWIiuJtlBZZAadYpbyfhVrupzqyysjBxe08/fgHKIjVk5Hqx7vPAXvb72GdsRh44cvuF0gBKG/D9W0Dn3wJ2Gmng5XGf9JtsN57FTCZA+wlOAdHAXQAxfGj+uf0vTDAjrkFmMkBzAMu+QzYxI3gqx8Dw1fh7ADYsl8DMzgYmw9c8mEg/RL4I1vB0A9eAIA+8D0cbOZnYc2fB3gmI8VXKO/4OqseB594Dtgll7j6zrgGqUWLS81q6uyLsvalnz9I70oZKglq7+m34noJO+7q/qr6Vd45r46yX8Kq2oXRuaYOXCa0ms418+jrzlznihigh6nOgXmU5UVTZ93rzlRnj+D+KOi37j7R0Dl2vxhcd6Y6R+IT2biD2gfoEMovCu93YXTWzV+kPilFFZ9EeN2Z6pwon8jqiqLOge2E3Ubr78jrikb+THQONf9qpbqi4xNZHmXvXwY6N1VdqTVe7pj5RFHnJNaVijxU63z/rcjvnIj0R1ah64MngO8b+3jG/G9Wwpl0LjpuWIXOS48E+sX5qMjNbz6G7GPrgBOvRecNq9B1w91of8sJ4LvWAbgLuZW/B599FTpvWIXOK88E/vQDZO8Pf8LTufMG9+e48m503fAjpEe2un+mXwDYpNOQfs9P3I8w+MiZ4FtWIv9C6Jc0g9sNeuH6wbi0crYuX3nuNvx484MAgGXTFuNvFr8DD+9eg3u3PYa84yb908dfgq+cdDmkO00E0QL0f2MygMo/3wcv7RgWY/l21YYpG6tRFiprVrEbsKrofjyA/35vratJxWTkKlif+477p/reJoMvAk99Hc6TD491fPT1sN7+V2A9HQD2gm/YC8zvB//uO8CP/g6sN18OTO9xf7ZCH/gLH4bz4B8A/m+w/vadwO/mwXm6OOAzfg3rLTPAv30GOIqPr3saOG6F+yf4hW1wHr0C/H/dzyxl3ZeCXXI92Fz3M1cxuhHOw5eCr9nuTjKW3Q7rgkvdn6OwEfy1DrCex9wvjDrjAaTeOhP8W6eDeycnZ/0SqfM8r/enbWAnzgD/5hngEv1lc7nAqPMEHSqeLxsw0xxAjX5Ek0LZ5E80GQw6yVKO5jrXkqEsh7HOuvkz11k1f+Y66+ZRX+fk+aQU6+yTJPnFIH/mOqvmL7zedfFLQnyifLmaoOKTCP3SEj6huhIif/o6U10x0Fk5j+Hfl5qirtQYaOHY88Bnn1TOX3rfy0gd3urrJ/z7UvR1xZm6APkZx5dHmT78GlJ71zfGJ0ljyruRXrob9h9Xg2MWUh/4V7SfMIj8Vz+EfKPH5oEP9YIPHGz0MEKx+UtPBD4+7hZQhwtZvO/Rb+Glw6/iioUX4LIF5+GXWx/D/33lIWRt9/KbP2EmfnLOF7Gke16DR0sQ8dL39UkoLZZaxVheNAUDWDGW7i9WoVI5ZGysmDNPFWQQV0cGILi6VRFTUazHpDeeybr/+fWY9EY7Sa/x8to66+Yvyl9q/c8Pp7Nq/sLprZrHcDq3oE9q5tFMZ938NaVPkuSXpvRJffwSTmfd/OnprJs/bZ2N8hjHYmlr+sTXbax+aaK6ouOTJPnFKH9N4pME+CWMzva818NZ+Iby7VT/TqR3v1gfn4SsK4W5p8KeOKt8O723avE3Lp80A8d9Gu3vuQjWVPfzbZHfDfvJG6L/E/yQOL17gNGhRg8jFLUWUMfdl0gdzg1gduc0fPTYi7B06iJ84Zkf4n/3rUOheNx4ZscU3HzGJ3Fc91ENHilB1IFicSt9cVSp2FnC6H7cxdgkyBMZK3bHijXLLWZjO8JsrEbCf3+pH//4BFFzbirquOKEbXXkGrH4Ar7IipMIbwwxKSxHYb8CPWWxOm+e/EljmEmhKH+CPIbRWTd/5jqrRnOdVaOUsH7xdZdwn8jyKOrXQGetPEbxy5Ni/uruEy2dY/aLQf4a6pMo/OLpJ/66Er9PlP2i4xNBHutRV8LX7wT4RFZXFHVuubqilb8I/CLKnyePLVtXdHRWzqO5zk1VV2ronDqwBc7CN5T7sSfMQEbFJwmoK3bntPK4OYDU8KGK27H5pBnYcDOy19/c6FEEwsGB7EijhxE74+4DPjtT7fj8CX+Oi486CzevvxeP7n2xvHjalW7HV0++AmcecXzxDYYgWptSEXQcDhSLITD22afez0IFim+Mnli+n7v3cM9tMEmsbufpzz9AQQwqirIo+Lml0WDcvliaVHhj0OSjOoomI6J2EY43SA9TnQPbe/qNdNw19DDVWTV/YXSuqYPwt9waeuv4xdddwn0iy6MsL5o66153pjp7BPdHQb9194mGzrH7JQl1xdddtP4O0iHuuhJGZ938ReqTUlTxSYTXXdj6nQifyOqKos6B7YTdRuvvppl/KfhbpEfL1hUdn8jyKHv/MtC5qepKLZ2HDwMjfeV+WCoDp2uKr19TneOqK7xrKpBKj407Pwxk+5X0CO0TIhpyowB3Gj2K2Bl3J1Cntk/ClPaJ+OOeF/D84Vdw0dw34OhJs3H2Ecfj1KmL0NM2sdFDJIg64i6OWlXFsuJEKnhxZxMAZ8XdVVZ8djEKdgTBxTuM5fbe+8HEtS3sjq5sZ1e0o1v+OTUiqnZ0MdZPIk9AFHWu2wkIUf4EeQyjs27+zHVWjeY6q0YpYf3i6y7hPpHlUdSvgc5aeQzjE8381d0nWjrH7BeD/DXUJ1H4xdNPkk4Khc1fpD4R5LEedSV8/U6AT2R1RVHnlqsrWvmLwC+i/Hny2LJ1RUdn5Tya69xUdUXBH1bfTvDO7nI/zsRZsIYPBfukwXWlMGlmhc7W8GHl97vQPiEigTf5n+6r0vonUHND4MOH4V0NZ9zBm6x2PMh68MOt63DtCw/g7Gd+jolr/h94/64GDpYg6ou3CAJjRdFxxm6Dlx4HdHaieek2q4qi9rKqxgUxqCjKouDnlsbq8SqMu2lOQGjkz6uHqc6B7T39RjruGnoYn4BQzF8YnWvqwGvM/sL6xdddwn0iy6MsL5o66153pjp7BPdHQb9194mGzrH7xeC6M9U5Ep/Ixh3UPkCHuOtKGJ118xepT0pRxScRXndh63cifCKrK4o6B7YTdhutv5tm/qXgb5EeLVtXdHwiy6Ps/ctA56aqKwrjZfu3VPRTmDwb3MoE+0RR5zjqisPSsCfPqdDZGtyjfN2F9gkRDdnhRo+gLrToCVQOZ8dzsDf/D5ztzwKFUbDuObAWng1rzqmwph8DdE4BO/IEcMaAPWvhbPw97HX/DfvllUi97h1Ive6dYJNmNvoHIYhYKS2Wlk6cWpbnRCoEn4EKd2u1tBNooXh/cScQjJX75RxgVjFW7DSWXs9zf7E//wAFMWhSorqzK9rRLUWuEYsv0DQnIIo61+0EhCh/gjyG0Vk3f+Y6q0ZznVWjlLB+8XWXcJ/I8ijq10BnrTyG8Ylm/uruEy2dY/aLQf4a6pMo/OLpJyknhcL4RNkvOj4R5LEedSV8/U6AT2R1RVHnlqsrWvmLwC+i/Hny2LJ1RUdn5Tya69xUdUXBH1b/bjj5UbBMp/u8VBvsKQuQPrhZ7pMG1hVn6gIglUFx+GBOAdbAPuX3u9A+IULDCzmg+IXsrQ7jpSX8VsEpoLD6NhRW3QqeHQDSHWCd3QAAPtIL1jEZqaWXIX3q+8Emz3afU8jC2b8JziuPovDMT8GHDsI68iRkzr8W1oI3lrvmnOPQoUNwbBtTp02D4zh4ZcsW5HI5nHTyyeV2/X192LFzJwYHBtHV1YkZM2biiBlHFN/8xujr7UU+n0fXhAno7OzEnj17sHvXLti2g1lHzsLcuXN9zwGAfD6PXTt34nBvLwr5AjJtGbS1tSGdSoFzjqlTp2L6EUeMSeI42LlzJw4fOoTR0Sw6Oztw1Lx56OnpGfvZwPHKwB4AHLO7pqEz1V7xmlk7j10jB1FwbCyYOBO7Rg5itJBDaUfI5g7arAxmd03DhHQHAGD/aB9eGdyNpVOOQXsqI03ZmkObcURHN+Z2HSFtQ8TDoesmwSoW5fJiqVUsvsXiZ4EBrGraXn3bnX1VFG+wyvvLEQzuZS2qblXEVBS5YFg1o85wypOCEJMPURQ8XzpgnRHXFMBMZ6OX19ZZN39mOqvmL5zOqvkLp7dqHsPp3II+qZlHM51189eUPkmSX5rSJ/XxSziddfOnp7Nu/rR1NspjuPel8eQTX7ex+qWJ6oqOT5LkF6P8NYlPEuCXKHxizz0NzjFnjb2snUfbK4/AcvLx+cSgrnCrDbljzgVSbeWfIHVgE9IHNmvk0UxnIjqcQ7uAXGt8gdTmLz0R+HiLnUDlsNf/BvlHb3ZPnXb2IH36h8BmnQAwBr5vA+ytT6Lw1I/BD76CtktuAlgKSLfDOvJEWEeeCNYzF7mVX4Oz6wXkfv0VtF/xU7Ap8wAAhUIBP7z1B9i+bSu+ff31WPPcc/in7/wfdHR04Ff//QAYY9i2bRtu+9G/46UXX8TAwABGRkdxyimn4PPXfgFHH3NMxWh/8YtfYM2zz+EvPviXsCwLP/rBD/H8mjUo2AUcf/zr8NG/+Rucd/6bkEqlys/J5/O45+67cd+992H27CPR2dmFjRs2oLevD0uWLMHw8DDe/va34z3vvRSlxdeHfvc7/PQ/fwLLsjBz5kwcOHAAM2bOwF9/5CM4bskS92dzHFz91PfBOccNr/8YTuxZUDHWHcMH8MVnf4TDuQH8/Nyv4Ya1d+GFw1uwePJczJ8wEy8efgV9+SGcP2spPrnkXejOTMCqfWvx3Zd/gX9/4+ewpHueMGMD+RF8/IkbcdWSi/GhY94S2ZVAqOEtkt7PQrVKt62x4ll8RvH/K5ZO4d0JHOsXkhOogljsxz9AQdScm4o6Fu7oliLXiMUXaJoTENV5E+TPF8NMCkX5E+QxjM66+UvcSSFo5K+UDxlh/eLrLuE+keVR1K+BzronvkL/8qSYv7r7REvnmP1ikL+G+iQKv3j6ScJJobA+UfaLjk8EeaxHXQlfvxPgE1ldUdS55eqKVv4i8Isof548tmxd0dFZOY/mOjdVXVH0SWr3S+BHLQXautz+Uhk4UxbAOrgppM7R1pXC1Plg6bbybdh5pA9tLetQl/kXEQqeHWqZxVMVWmoB1dm6GrmVX3MXT6fMR9tF34a14KyxBovOR/qsj8HZ+hTyj92MwnM/R3rZlRV9pE64GO0zliD3Xx8F792O3K8+h/YP/QIAg2VZWP/yy3j2mWfwi/+6C394+Pc47bTTMJodBWMMO3fswE3/8j287/LLcd03vwHLsrDq8cdx/bf/AZ+95jO44bv/jMXHHVd+rZ07duD3Dz2Ejo4OpNIpXH3NNZg+fRo2/GkDvvylL+Gaq6/Gjd+/GReuWAEA4Jzjb7/6Naxa9Ti+/2//hlNPPRUA0N/fj09+/Cr09vbiBz/6Ibq6ugAAI8Mj+Nmdd+K7N9yA79/ybzj3vPOQyWTAOce3vvENvP/PL8MN//JdrHjzm5GxUtjYtwMOHBScgl9b7mBj/3bsH+1Du5VBX34Im/p34hPHXYzLF16AvGPj3zf9Gt964Q683LsVdyz/CvaOHsa2oX34yZaH8A+n/lXxpGMlP9hwP7YO7cX2oX1h008YUP3n+xWLqfAUR+4phnAfZ4zBKd12eHGxlAPF4g3mv58Xq5wvlqtbFbpFURaru+W8OEyNCEGEJOpOPqqjaDIC8fMhiwE6+2JQP4wZ66yav3A66+bPTGfV/IXRuWb+yrPEcHor+ySUznXwiSyPYX1imEdTnXXzV3efaOicKL/EVVd83UXkE1keK54fb10Jo3PkdUVGWJ9E6pdw9TsRPpHVlbA+ada6opG/SOqKjk9aqa7E5RNDnVuyrth5YPsa8GPctRAGoDB9EVKDe4DRgXjmX5p1xWmbCHv6sYBH59Sh1wAnp5XH0D4hjOHg4AOHGj2MutI6XyLFbRSevQPIud/+lVnx1crF0zIM1vwz0f6+fwc/vFXYlXXEYqTP+DAABmfnGjg71pQfS6fdNeeNGzbg+7fcgu/c8E+48eabAQBdEybg89d+AWeceQYsy5X27HPOwfuuuBybNm7Eb369suJ1JkyYCADYv38//umf/xmnLD0Fc+bOxQUrLsRHPvoR5HI5/P53D5Xbr1+/Hvfdey9OO+00LF26tHz/5MmT8da3vw2rn3yy4jWeeOIJ3HzjjXjT+efjwhUrkMm4f0bPGMPHrroK2WwW/3n77chmswCAFLPK//k08dyfsdLoKv6Jf9pKF+9LYfmMkzAp04nVB9bD5g52Dh9Azi7gt7uexiN7X/D1OVQYxW2bH3Q1GO0T5oKIF2+RdJyxYlRaLC0VLe/OKyCITBC5JFa9vrcf/wAFUTYpkbWX/Nwm4/bFAD2Ud3Sr28kmI6J2EY43SA9TnQPbe/qNdNw19DDVWTV/YXSuqQOTCa2mc808+rpLuE9keZTlRVNn3evOVGeP4P4o6LfuPtHQOXa/GFx3pjpH4hPZuIPaB+gQd10Jo7Nu/iL1SSmq+CTC6y5s/U6ET2R1RVHnwHbCbqP1d9PMvxT8LdKjZeuKjk9keZS9fxno3FR1RWO86d3rwIZ6K/TIHnUmkGoz1jmqusJZBrl5b6gcd34E6QObta+70D4hzBkdBAq5Ro+irrTMAirv3Qln5/MAANY9B6ljzg1+QqYL6XM+JX3YWngWWNcUAIC98fdj96cs2LaN919xOWbOrPySqSlTpmD2nDm+vhYuWAjOOQ4ePFhxf1tbGwBgxZtX+J5z9vLlAIBdu3bBtm0AwI7tOwAAM2fO9E14Zs+ZA8YYNm3aBMDdeXrot7/F6OgoLhT0P2PGDBy7eDFee20rdu/a5f5szCr/V03aspBiKTAwWIyhM+0uoLZZY4eY94/2YtTO4w1HvA4pZmH3yCGkrRT2j/biRxt/DYePbf9k7Tx+uuUhFBz3Zzsw2gubO77XJeKlvHgq2lkHq9rZLe4yFSO8kQsik0RRe0i3YP1RNimRtZf83FGOW6SHb6dWNomvbiebjIjaRTjeID1MdQ5s7+k30nHX0MNUZ9X8hdG5pg5cJrSazjXz6Osu4T6R5VGWF02dda87U509gvujoN+6+0RD59j9koS64usuWn8H6RB3XQmjs27+IvVJKar4JMLrLmz9ToRPZHVFUefAdsJuo/V308y/FPwt0qNl64qOT2R5lL1/GejcVHVFY7ywc0hteQy8+NelHBwslUHuqNONdY6qruTnnwGk0hXjTe9bL85fDT1C+4Qww86D9x+s3a7FaJk/4ecDu8EH9wMArNknFz+IOBjW0S1/rGsq0DUVGD4EZ5d7epIxVl5cXHTssUrjKhQKWL/+ZXDOy6dSS6QzrvxHzp7te94R090vVHKKC4wAMGHCBADu56BW09/XB855eVF2eHgYGzZsKP/72WeeQVtbGyzLQj5fwOjoCFKWhaHBQQwNuad2U8xC3i5gQ/+O8udhltg1fBB5p4DSXaWF09Kp1OcPbcb31t+NhZNm4RtLPwgA2Da0D6dMORqHcwN4ZO8LWNf7Kk6acjQA4KXeV/HDjQ/g/QvPx39sWolDuUFk7Ty60pVfXkXEDGPSP+PnGPsiqfKOIVixNo3tCHKg+NmpxYjiziKv2mmsivC2K/bjH58gBk1KgopoxY/tPiCMXCMWX8AXVXZ0a03qRZMSYb9ifYXRk7+KyAJiCJ2F+RPkMYzOuvkz11k1muusGqWE9Yuvu4T7RJZHUb8GOmvlMYxPNPNXd59o6RyzXwzy11CfROEXTz/x15X4faLsFx2fCPJYj7oSvn4nwCeyuqKoc8vVFa38ReAXUf48eWzZuqKjs3IezXVuqrqi6RN2eBusV54EX3QWGCz3BTu6kZt1Itr2rG1IXSkceTJ4+2QUhwnGGKz9m5Aa3Cd+n6vxfhfaJ4Q+3IFzeA/gWasaL7TOAmpuGCjurgQtjCrDrLI5ef+usbuZ+86Y9nyxk5e+3l788Y9/xMvrXkY+n4NjO+jv7wdjrPwn9CVKi7HV97uv48ZUaixFp552KubMnYOXXlqL/v5+TJ48GQBg2zYefeRRMMbwpvPfBAAYGRnB6Kj7Yb4vrHke27ZuQyplwXE4nOKJ1lNOXYplp5+OKVOnll8jzwtYtW8tXhnYjRSzYHMbNndwODuAUXvseHaKuT//P774M3zv5bsxVBjBny94E/7i6BWY0dEDANg9fBBvnr0MR3ZOwz+vuwu3bngAt7zhGtjcwU+3PIQUS+Gjiy/Cf2xaiaHCCIbtUVpArTOcV31xlHcxVVIcUYqcAax4261+5eg90eqpju5tVBZfePr1DxB6RVEWBT+3OyyNCEGEJOpOPqqjaDIC8fMhixBESGJQP4wZ66yav3A66+bPTGfV/IXRuWb+yrPEcHor+ySUznXwiSyPYX1imEdTnXXzV3efaOicKL/EVVd83UXkE1keK54fb10Jo3PkdUVGWJ9E6pdw9TsRPpHVlbA+ada6opG/SOqKjk9aqa7E5RNDnVu2rhT7Se1cA2fiVBRmLXG/4wIc6D4K2fbJaNv+NLidi2b+VaOuOCyN/IIzwdsnla87gMEa2IP0gc3y97kaeQztE0ILDg707Rt3f7pfomUWUL14FzyNyQ25i7IAYPu/VEnE/ff9Ct/7l3/Bste/Hldf82nMmzcPjDE89uij+O2DD5ZPh5Zwin+y7r55VFK6q3RqFAC6urrw0zvuwHV/9/e4+pOfwhUfuAITJkzAI488go0bN+KWH/4Apy1bBgBIpVKwLHeR8+rPXIP58+cr/QydqXb89aK343U9le23D+3Hw3vWYLDgLsrmnQIYGK4+/t34j02/wfah/eDcwfR2d/G6L/CCKXIAACAASURBVDeEA9k+zO6ajvcveBNWH1iP+7avwlXHXYxhO4sn9q/DF098H2Z1TEV7KoPB/AgG8iPl5xP1gTFWPm1cipxXnjwt3QYH3EVTQGVHELx4m6P4RVKe24yVX5/zsX78AxREnUmKt4hW/dwo/ny+yDVi8QWa5gREdd4C8leOIXQW5k+QxzA66+bPXGfVaK6zapQS1i++7hLuE1keRf0a6Fz3ExCK+au7T7R0jtkvBvlrqE+i8Iunn0acFIraJ8p+0fGJII/1qCvh63cCfCKrK4o6t1xd0cpfBH4R5c+Tx5atKzo6K+fRXOemqiuGPrE2PwqrowfoOXJM745u5OadjrbdL4Fn+2OtK07bJBRm+0+eYqQf6d1r3Z/b8P0utE8ILfjgYWB0qNHDaBgt8xmorH0ikHJPcjo71gD5kVD98cF94EPuZzqwjklj9xdnGd7P8wTcU6D/5zvfAQB85rOfxfz584tvdkA+7y7AWlWnVksnQUUTl0Jx0batra3cDwD09PRg8eLFWHzcYhw8eBBbNm/B8uXL8ct77sYFF1xQbjdx4kRMmeKeBN22VfxlWdXY3AGXvLtw8IpxOsW2Hak2fP+MT6E9lcG/b1yJ1Qfczy7ZMbwfDuc4or0bc7qm42OL3wmHc9y0/h7c9PLdOHXqsXjPvOVoT2Uwvb0bQ4VRDIbMGaGP48iLIrinOBaTX7o+HFTeLj/ujUwSi4+X/vP244MLYlBRlMXqbkXjVRx3RazWwaOHb6c2aPJRHUWTEVG7CMcbpIepzoHtPf1GOu4aepjqrJq/MDrX1EFULGrpreMXX3cJ94ksj7K8aOqse92Z6uwR3B8F/dbdJxo6x+4Xg+vOVOdIfCIbd1D7AB3irithdNbNX6Q+KUUVn0R43YWt34nwiayuKOoc2E7YbbT+bpr5l4K/RXq0bF3R8Yksj7L3LwOdm6quGPqE2Xmk1j8I9O4E505Zd7R3Izv3DDhTFqr7RLOuFHrmIzfvTDjek6cMwEgfMjufA4p/5Wp63YX2CaEIBx88CAwebvRAGkrrLKBOmgU2cQYAgGcHUHj+F0Aha9gbh73lEaAw6vY9zf3cTs55+dRoNUNDQzh44AAmdHWha0JX1WODxTeiyueUPss0n/cffy49ZqUqU/TzO3+GNc89h89+7nO44gMfwAc//CGce9556OjoqGiXyWRw/gUXIpPJ4P5f/Uo6Qerr7S0/5sCBwx3hlzkVuA2b23A4h8M5hm1X27xj43U98/GFEy4DYwz/+NLPsHP4ALYO7QMA9LS5n9t63syTcXz3PPx219N4+uAGXL7wfGSKJ2SP7JyKETuL3tygcIxEfIgmlY7DAeEOcGlHVBDLF7fnNpdECCKqzIGK7iqjbFIiay/5uaXRYNwiPZR3zn06B0xKBO2jGm+QHqY6B7b39BvpuGvoYaqzav7C6FxTh+oioqK3jl983SXcJ7I8yvKiqbPudWeqs0dwfxT0W3efaOgcu1+SUFd83UXr7yAd4q4rYXTWzV+kPilFFZ9EeN2Frd+J8ImsrijqHNhO2G20/m6a+ZeCv0V6tGxd0fGJLI+y9y8DnZuqroTwiZUbRnrtf8PavwUcY4uoLN2G/IwlyB3zJtgTZ9T2iWIenZ65yB19HuxZrwNSmYrxWkMH0bb9abD8SOjrLrRPiJpwxwY/vAd8sLfRQ2k4rbOAOnk2rJnHl28XHr0R9ub/MeqL9++B/fLK8m1r7uvL/7YLpVOjlQuSEyZMwOTubuzevRvbt20v379j+w7cd8894Jz7vvxpeNg9cZnL+RdQR0fEpzF3796NLVu24D9v/zEef+wxPLV6NdY89xy2bdsG2678EN93v+cSXPyud2Hlf/8aD/3ud77HX3rxRdx+221jP5vjoOA4KHD/hwHbnvsLjo2h4uJy6b6PHnsRrlh4AZ45sBGfefoWbB3cizYrgylt7undjJXGBxe9FXnHxvHd83Hm9LFczejoQd6xsXtk/H2LW6MpfVape6K68rNLvTuIjiPeCSydxC5F744gZ/o7pD5EO4iySYmsvajbiHeim+YERMB4g/Qw1TmwvaffSMddQw/jExCK+Qujc00dJBthgXrr+MXXXcJ9IsujLC+aOtf9BIRi/uruEw2dY/dLEuqKr7to/R2kQ9x1JYzOuvmL1CelqOKTCK+7sPU7ET6R1RVFnQPbCbuN1t9NM/9S8LdIj5atKzo+keVR9v5loHNT1ZWQPmF2HqmXH4S17Xk4xY/kK+uf6URhzjJk558FZ+pCOKmO4LwI8sjTXSj0zEd+wTnIzzoJvK3LN16rdwcy25/ynzw1vO5C+4QIhNt58IM7wbPDjR5KImidz0C1UkiddIm7aOoUwEf7kH/oW2ATp8Oau0y5Gz50ELn7Pw9+6NWxfo97s/sY5ygU3EXQ6kXPVCqFT139Kfzglltx7ec/jz+7+GJks1kcPHAA73nve/HKllfwm1+vxHFLluDdl1wCABgadE9cDg/7L8aREXeBMjuaLRcLALjyL/4CL774Im668caK9owxTJs2De9576X4zGc/i1QqhalTp+Lvvn4dAOALn/0cTj7lZJz5hjeivb0Na9aswUB/Pz79mc+CMYa8YyNlWehgbcJTtja3kbHSmJTpxLCdRdbOY1KmEyPFU74ZK42PHfdO/M/eF/D8oc3YOXQAPW0T0On5UqhL5y3H99ffi/cvPL/iy6LmTZiBSZlO9OXJlPWGAZVfHFUVGRgcFD8DFSgWTVTcBsQ7gpyPRXh2HLkogolrm2gHMWhSElREvd0y9wFh5Bqx+AK+qHMCQjYpFE0uhf0G6CrR2RdZQAyhszB/gjyG0Vk3f+Y6q0ZznVWjlLB+8XWXcJ/I8ig8KaGvs1Yew/hEM39194mWzjH7xSB/DfVJFH7x9BN/XYnfJ8p+0fGJII/1qCvh63cCfCKrK4o6t1xd0cpfBH4R5c+Tx5atKzo6K+fRXOemqisR+ST16iqwoYOwF5wO1tldmYeObuQ7JoPNOB4Y7UNqcB8w2g/LKYDbOVg5969r0T4ZtpUGUhk47ZPBJ82E0zGpKq8e/ZwC0nvXI9W/M1nzL0ICBx/qcz/zVPJX2OMRxktL+K1AIYvcg9fBfuEXY/e1T0TquLcgc97nwCYfKX9ubgj2a08g/9uvg/fvLt+dXnYlMm/7BgCAc47du3ejUCjgyCOPRCaT8XWzf98+PPG/T2B4ZBjHLVmCpUuXgjGGw4cP48CBA5g7Zy46uzoBAPv27kM+n0PXhAmYMmVKRT8jIyM4cOAA2traMHPmzPL99//qV/jjH/6Ic887Fyefcgo6OzowOprFs88+g1tvuQU7d+zE17/5Tbzv/e8rf/kU4J6E/dOf1uPQwUPo6OjAyaecjAULF1bKx22kmPuc0sJYCYfz8hshY+4p1LSVgsN5+TmA+yf9KWaVv5SIscq+ePnNewy7+Dks1W2J+Nn3d5OKi6HcH4vFz/IU7XIZY2PlzFesLTeCMbBirLjfU80YAyqrWxUxFUXPsNSjznDKk4AQk3VRFDxfOmCdEdcUwExno5fX1lk3f2Y6q+YvnM6q+Qunt2oew+ncgj6pmUcznXXz15Q+SZJfmtIn9fFLOJ1186ens27+tHU2ymO496Xx5BNft7H6pYnqio5PkuQXo/w1iU8S4Jd6+gTpNtizT4Yzf5n7Z/Y6vtCoK6nerUjt2wTGCzH4xUxnQg7PDoH3HwTsfO3GLcbmLz0R+HhrLaAC4P27kLvrb+DsXT92p5WCdeRJSC15G6wZS9yF1LYuwLHBRwfAD26B/acH4excAz6wt/w0NnUh2i/7UfkzUBvNs888gy9d+0V8+atfwQUXXlixQGrbNv7w8MP49Keuxvsvvxxf/PKX0NnZ2cDREs3A/r9zP2LBKi5ulmJpp7NyUXVsymAVa5VVvLN0P/Pc5rzYrljbAH/Nc0+6atY6zVor7jiiSVZAP1FOCoMnKTFNrkox4kmhOI9hJrF6+YvylyfpCQhDnZUvO2OddfOXcJ9o5TH+X0bi90kp1tknSfKLQf7MdVbNX3i9k1NX4veJ8uVqgopPIvRLS/iE6kp95l9UV8x1Vs5j+PelpqgrMfnEaesCn/d62Ee+DsxK6+dHEq2+nUjt31T8rNMm8sk4hds5oP8AeHb8frl3rQXU1vkT/iJs8my0vef7yN39STgHNgOODTg2nJ3Pw9n5PGClwTq7gYy7gIrsAHhuCJXHkhmso5ah7aJ/SMziKQDcc/c9aG9vx6mnnVaxeAq4HyFw4YoVmDBhAromdCGVSjVolEQzMVZ83MlHxZ/zs8oIMIBV7vTW2pn3RmaN9VOKjuOAMavcn3yAChEBsbpbzotFWiNCECGJupP16qgxeazWGcyvczlCEoP6YcxYZ/U5dxiddfNnprNq/sLoXDN/5VliOL2VfRJK5zr4RJbHsD4xzKOpzrr5q7tPNHROlF/iqiu+7iLyiSyPFc+Pt66E0TnyuiIjrE8i9Uu4+p0In8jqSlifNGtd0chfJHVFxyetVFfi8omhzi1bVzR8YuWGwTc9Amvbs7CnLYA19SjYU+aDpTLyfEmiNbAH1uA+sKGDYIVRIOa6Eton451CFjw77H7GaW600aNJPC23gAoAbOpCZC76RxQevQn2K4+hwjVOAXzoIAD5Fxax6ccgc+GXwaYvin2sOgwNDRXfWMTkcjkUCgWceOKJaGtrq+PIiGbGrTXF4sk8EVWRu+1Qal9+HortUG5Xbu+JqLpdvt/Tnw8miDqTFG8R9XbL3AeEkWvE4gv4YlG3iqg7KRRNSoT9inUVRm/evJEFxBA6C/MnyGMYnXXzZ66zajTXWTVKCesXX3cJ94ksj6J+DXTWymMYn2jmr+4+0dI5Zr8Y5K+hPonCL55+4q8r8ftE2S86PhHksR51JXz9ToBPZHVFUeeWqyta+YvAL6L8efLYsnVFR2flPJrr3FR1JS6flGJ2EOnd68B3rYWVboMz5Shg4hHgXVPA2jrAU+1gXVPAmQUrOwg4OaQcG3ykH1ZhBGxgr/tZqeW8xl9XQvtkPMAddx3MsQHbBuwCYBfAs0PuvwllWnIBFQCsOUvRdtmPYK97AIUXfgFn21M1nsHAJh6B9NmfQPq0ywEredKc96bz8IeHH8YzTz+Dt77trRWPjYyM4Fvf/CaOf93r8Ja3vlXSA0FUUrFoWv1FUmwsOlWTHYePFVvAbQdWO5aqnHen0duPf4DQK4qyKPi53eFoRAgiJFF3sl4dRZNKiJ8v1RuCCEmsmTcznVXzF05n3fyZ6ayavzA618xfeZYYTm9ln4TSuQ4+keUxrE8M82iqs27+6u4TDZ0T5Ze46oqvu4h8IstjxfPjrSthdI68rsgI65NI/RKufifCJ7K6EtYnzVpXNPIXSV3R8Ukr1ZW4fGKoc8vWlbA+KeSQ2v8K+P4twXnD2HdnAAx28flO+ToOiMrCBfUj0ZkgYqDlPgNVhrN/I5yND8E5sAX80GtAfgRIt4F1zwGbvgipRefDmnUCkEr2yc377r0Xd95xB45dvBjLlr0enZ0d2L17N5584kksOX4JrvrEJ9DV1dXoYRJNwr7SZ6Ayt9qIIuelz0Z1P9MUKE4dmPsZqByVn4lavs0rPwOVc8Cy/DUPYHq1TrPWijs2Kc56RT/0pDBgklLZr/pwdWVzJ1lhdFbNYz0mV2OTYjOdVfNnrrPyZWess27+Eu4TrTzq65w8n5RinX2SJL8Y5M9cZ9X8hdc7OXUlfp8oX64mqPgkQr+0hE+ortRn/kV1xVxn5TyGf19qiroSl0+auK7E4hNi3DLuvkQqEMcGzw4AI72AUwCsFNA+CaxjcuIXTkvYto2NGzdi1eOrsGP7NgDAxEmTsHz5cpx8yin0xVGEFnv/dmL5C6J8XyQFBjB3R7H02aesGAG3eJbKIoNb9Vix+pVuo1hk4b2/qpoxZnluVxFTUazHpDeeybr/+fWY9EY7Sa/x8to66+Yvyl9q/c+vx6Q3rN6qeazHpLepfFIzj2Y66+avKX2SJL80pU/q45dwOuvmT09n3fxp62yUxzgWS1vTJ75uY/VLE9UVHZ8kyS9G+WsSnyTAL03rk4bVFTOdCUIELaASBCFl799OAmNurWHMLaYMY4uelYuqlSdNwcamELITqKxYxEo1jk6gxjGpj2lyVYoRTwrFeazH5MqNiTsp5NFZ+bIz1lk3fwn3iVYe4/9lJH6flGKdfZIkvxjkz1xn1fyF1zs5dSV+nyhfriao+CRCv7SET6iu1Gf+RXXFXGflPIZ/X2qKuhKXT5q4rsTiE2LcUmsB1Qp8lCCIloYXq4n7/8WdQniKoicCcD/LpuJ5xcgFkUmiqL2sqnFBDCqKsljdrWwchuMW6VGtX+DkozoGTWqq8xLReIP0MNU5sH3FXDDCcdfQw1Rn1fyF0bmmDrzG7C+sX3zdJdwnsjzK8qKps+51Z6qzR3B/FP7uVGefaOgcu1+SUFd83UXr7yAd4q4rYXTWzV+kPilFFZ9EeN2Frd+J8ImsrijqHNhO2G20/m6a+ZeCv0V6tGxd0fGJLI+y9y8DnZuqrsTlE0Wdk1hXQvuEIDSgBVSCGMeMFTn4iyYqY6m9MDJB5JIoal/sRzBAf5RNSmTtRd3KxmE4bpEe1fpJJ/HV7WSTEVG7CMcbpIepzoHtPf1GOu4aepjqrJq/MDrX1IHJhFbTuWYefd0l3CeyPMryoqmz7nVnqrNHcH8U9Ft3n2joHLtfklBXfN1F6+8gHeKuK2F01s1fpD4pRRWfRHjdha3fifCJrK4o6hzYTthttP5umvmXgr9FerRsXdHxiSyPsvcvA52bqq7E5RNFnZNYV0L7hCA0oD/hJ4hxzP79+8EYU/4PgPR26d/eGPTvoPsIgiAIgiAIgiAIgiDqxfNrXw18nE6gEgQRGbQfQxAEQRAEQRAEQRBEq0ELqARBKBG0OEoLpwRBEARBEARBEARBtCq0gEoQRE1EC6RRLajS4itBEARBEARBEARBEEmGFlAJgpBCi5sEQRAEQRAEQRAEQYx3aAGVIMY5tEhKEARBEARBEARBEAQhhxZQCWIco7J4SgusBEEQBEEQBEEQBEGMZ2gBlSAIAGMLpdVR9XkEQRAEQRAEQRAEQRCtCC2gEgShvWga9nUIgiAIgiAIgiAIgiCaBVpAJQhCG1oIJQiCIAiCIAiCIAhivEALqARB+IhygZQWWwmCIAiCIAiCIAiCaGZoAZUgCIIgCIIgCIIgCIIgCEICLaASBEEQBEEQBEEQBEEQBEFIoAVUgiAIgiAIgiAIgiAIgiAICbSAShAEQRAEQRAEQRAEQRAEIYEWUAmCIAiCIAiCIAiCIAiCICTQAipBEFpwzhs9BIIgCIIgCIIgCIIgiLpBC6gEQRAEQRAEQRAEQRAEQRASaAGVIAiCIAiCIAiCIAiCIAhCAi2gEgRBEARBEARBEARBEARBSKAFVIIgCIIgCIIgCIIgCIIgCAm0gEoQBEEQBEEQBEEQBEEQBCGBFlAJgiAIgiAIgiAIgiAIgiAk0AIqQRAEQRAEQRAEQRAEQRCEBFpAJQiCIAiCIAiCIAiCIAiCkEALqARBEARBEARBEARBEARBEBJoAZUgCIIgCIIgCIIgCIIgCEICLaASBEEQBEEQBEEQBEEQBEFIoAVUgiAIgiAIgiAIgiAIgiAICbSAShAEQRAEQRAEQRAEQRAEIYEWUAmCIAiCIAiCIAiCIAiCICTQAipBEARBEARBEARBEARBEIQEWkAlCIIgCIIgCIIgCIIgCIKQQAuoBEEQBEEQBEEQBEEQBEEQEmgBlSAIgiAIgiAIgiAIgiAIQgItoBIEQRAEQRAEQRAEQRAEQUigBVSCIAiCIAiCIAiCIAiCIAgJtIBKEARBEARBEARBEARBEAQhgRZQCYIgCIIgCIIgCIIgCIIgJNACKkEQBEEQBEEQBEEQBEEQhARaQCUIgiAIgiAIgiAIgiAIgpBAC6gEQRAEQRAEQRAEQRAEQRASaAGVIAiCIAiCIAiCIAiCIAhCAi2gEgRBEARBEARBEARBEARBSEg3egAEQdSB0T7g1dXAy78FercDrz4JAJgBID93GZzJc5BbdD7sea8Hb5/c2LESBEEQBEEQBEEQBEEkCMY5540eBACsenodnl+7GRs2b8fIaBYAMG3KZBy36Cj82VvOwvSptKhDEEb8738Af7gRGO2v2ZS3T8LoWVchu+xKMMaE/wGQ3i792xuD/h10H0EQBEEQBEEQBEEQRD14fu2rgY83fAH1wKF+/Of/exAbtmwHAHR2tOGo2TMAABtf2VFut+Lc0/C+d53fkDESRFNyeDtw50eBPS9rP9U+4jgMX3ITeM9cWkAlCIIgCIIgCIIgCKKlSfQC6vad+3DDLXdhZDSLxUfPxcVvPQvHLTqqos2qp9fh/t/+Lw4d7sdRs4/A33/+Lxs0WoJoInavw/9n7+7joq7zvY+/h/tBhbgtgdECciqw8AbPiptlmdqWN1d1wu4s3G52tbPbrrXn7NnNddtzztaae9Ve6e6pLcraEk911G6UpChcsRVRKqYNF0wdQeU2MBlGbub6AxlBGQRhZkBez8eDB7/732em+vrt7ff3/enF9F6NOnUpKETHF76ktgsvJ0AFAAAAAADnrUEboDba7Hpi1VrV1DUoff61mjl9knNfTl6hbE0nZIqJUkpyohptdq1ck6VDFVW6/uqJWriAkaiAS3VWafWN/QtPOwSF6Ph9b3YZiSoRoAIAAAAAgPPH2QJUHw/VcYacvELV1DVo6uSkLuGpJG3Kztem7HytztyoJ1atlSQ9tiRd4WEh+nDbblnLK71RMjA0/OX+gQlPJampQca3fzQw1wIAAAAAABiCfFesWLHCGzdenblB/n6+euTB2+Tv79dlX+qEy2VONKm+4bi+PnhElq++1szpkxRsDFJRcalONLdqwvjE/hVgO6Btr2fqxfX/q83ZW5W7rViH/KKVMDZcgf27ch8U65WfvaK6q6bpkhEeuynOZ/l/lva8NaCXNByvloJGqS02hRGoAAAAAADgvHOk8pse9/v1uNdNrOWVsjWdUEpSgoKNZ8aVkeEhigwP0YTkRK1cnaW9+w6ppNSqaalJenndFu09+cKpc1ep3D/9t4rMD+vxe2PkL0nNlSpa/6L+nPt9/WRGdD+vD3hBU7300TNuuXTAX9eoLn6WHIEhkghQAQAAAADA8OGVALXRZpckmWLPHlQuXbxAOXmFzmPHxcdp775D/Sug0qJdh8268Scnw1NJ8o9Wyl0/V0r/rgx4z75P+/7o/i0fSSNfk9a+1PNxTQ0KrvhCJxKvl0SACgAAAAAAhg+vBKh9EWwM1LzZaQN7UWOQjKrUwUop2WWG26yKba/olc17Vdfip5HjbtC9d83QWKOkY2XKzXpbufuq1NQi+UV9R/c+fIvMRkmVuVr59EEl3S5Z3rao5buP6uffC1PFjtf1l3csqmqR/MLG6YY779KMse13qju4Sc8981cdPP1aQF/8Pbtvx9/ykRT1ifTfZwlPTwrY95EzQAUAAAAAABguvBqgdoxE7YvqugYZgwL6d+NRU3X7jZ/qmaf/XbvGJOnq73xH5qQxijE6x6OquegVPbcrRg//+n7F+EvHil7Rc+uL9ei9yfJXi8Jm/ECP3z9K/mpW2du/1fqt39HP58WcPNuiT4tu18O/vlfR/lJz0Z/1zGZ/3fnz3ylllNRcu0t/PdgijZWkKhVZbtBj//U7jZJNRa/8VllbJ2n5vLH9+4wYfur6MLWFMzz9da9P8W0oP4eiAAAAAAAAhjYfb9y043H8ouLSPp1nLa9UbV2DzAmmftcQPeMn+vWvH9ZdV43SwU/X67lf/UL/vvJtldgk6Zh2/XWvzDO+p5iTmeqolO8qvuwz7ZOkUWalJIw6+fi/vxLGjVVdXW2nqyfplvsnK9r/1LXGzbtTKaPa9/qHT9aMjhWF6Ts3pqh9zaiUqxL0bd2xfn8+DEP7/9a7484hPJUkv+q951AUAAAAAADA0OaVEajBxkBNnZykHbssyskr1Mzpk3p13qbsfElSyvhLB6QOf2OMEq6ep4Sr50nNtdr1yjN68e0k/e6uMDXZJMvrP9PPXu98RpKSJMl2QNvWv63csip929RyclfXz3Dqi7WpySb5B/mre34ydl0FBqe+zq8KAAAAAABwHvBaXDcmNko7dkmbsnfInGDq1QulOo6Zlpo08AX5h2vy5ASt/2utjilGQUYpadHvdG/ymYeWvL1auX6L9JPHkzXKX1LRK/rZZ64ubFSQUWpuapbkKkQFPOjt69pHoT70q76NQg0cdfZjAAAAAAAAzjNeeYR/3YZcZW38WJJka7Jr5Zr1ysnb3e2xnedJnTc7TUsXL+h/AZXv67k/5aqstvnUtmNl2pRbojGTkjVKo5TynXEq2fq+KjoOaa5U0a4yNUvy8wuSjEYF+UtqrlBubkkPN2u/1t7cd1R28sn85mNF2lbEY/oYYBf/U++Pffs6qeqa9hC1l1qizOdQFAAAAAAAwNDm0RGojTa71mRuVEmZVeFhIZo3O01ZG3Jla7Ira2OucvIKNWF8ooKNQZKkg+WVKim1akxstB5dcvvAFRJ9g+78zjt6/cXfqKKqSS2S/IJGy3zjw3po6snZSCffq4dtr+iVX/1MdS3t+6+65V4lSUqYd5eSn3tRv/hZi/xGjtPcyWapyvXtjJPv0tJjf9Hrvz15rbBxuuFOwigMsDBT7+dBlU6NRF20WFr70lkPbw2J7UdxAAAAAAAAQ5PB4XA4PHEja3mlVmduVE1dg8bFxynjjhv1xKq1sjXZlT7/Wh0sr9KOXZYzzjMGBWje7LRez5MKDFtfZkuvP+C2yx+7+VmdSLxekmQwGJw/ndc7ljv/7mm5p20AAAAAAACeULLP2uN+j4xAtZZXauWa9bI12XX91xaSjQAAIABJREFU1RO1cMEMrVyd5VzvCEcXLpgha3lll3PNiSZPlAgMffHfaZ+n1O6G6SECR6nZNHngrwsAAAAAADDIuT1A7Rye3rdwjqalJmndhlzt3XdIcTFRWrhghvPYYGMggSlwroJCpet/Ir3/xIBf+vh3fqi2gBAxThQAAAAAAAw3bn+J1HOZG7uEp9sLLPpw224ZgwL02JJ0d98eGF7S7pcuunxAL9kaZVbjVXcP6DUBAAAAAACGCrcHqLV1DTLFRDnD05fXbXGGp8HGQHffHhh+7vpz+6P8AyFwlL753v8dmGsBAAAAAAAMQW5/idTK1Vnau++QTDFRslZUOcNTU2y0O28LDG+HLdKfb+/ffKiBo1T7f/6slqjLXL40ipdIAQAAAACAoe5sL5Fye4BqLa/US+u26FBFlcLDQvRwxnzCU8AT6qzSX+6Xjvy9z6e2RI5T3Y2/V1toXJewdDgGqAaD5OvnIx8fgwwGnfwZvPUCGPwcDoccDsnhkNraHGptaZN7e2OeQ5sJwB1oNwGg987nNtOdvB6gAvCy/D9LH/7fXo1GdQSM1LEpD+n4lXedEZwOpwDVYJB8fX3k42uQr+/gqg3A+am11aG2VodaW4deB5c2E4A30G4CQO8N5TbTUwhQAUhN9dK+T6W/Z7ePTD38pWQ/JkfASJ2IuFStIbGyjb1GzabJagsIcRmeDocA1dfXID//9lEAAOBpbW0OtTS3qbV1aHTPaDMBeBvtJgD03lBrMz2JABWASwf2V/QYlg6nANXHxyB///aRAADgbW2tDjU3t6mtbXB202gzAQw2tJsA0HuDvc30hrMFqD4eqgMABi0fH4MCAunQAhg8fHxPtkuDcIQSbSaAwYh2EwB6bzC3mYMVASqAYc3P30eBQb6DYhQsAHRmMBgUGOQrP7/B012jzQQwmNFuAkDvDcY2czDjWwIwbPn4tj9KBQCDmX/A4Bi1RJsJYKig3QSA3hssbeZgR2sOYFgyGAwKCPD1dhkA0CsBAd4dvUSbCWCood0EgN7zdps5FBCgAhiWAgJ8xJ8PAIYKg6G93fIW2kwAQw3tJgD0nrfbzKGAbwfAsOPja+ARBQBDjrfaLtpMAEMV7SYA9B5tV88IUAEMO8xFBWCo8kb7RZsJYCij3QSA3qP9co1vBsCw4ufnIx8f/lYNwNDk42Pw6JtSaTMBDHW0mwDQe55uM4cSvhUAw4qvHx1aAEObJ9sx2kwA5wPaTQDoPdqx7vl5uwAA8BSDQec+IqDBqu0fbdOHRZWyHmuVJPmNCpM5JVm3XDdFY0IGsFAA6IGPj0EGg0EOh8Ot9+lXmwkAg8hQbTeby7fqt+v8tGTZDEUO2FUBoGeeajOHmn4HqHV1dQNRB4BOwsLCvF3CecnX99wG3VcXZOm36w6p4bTtLcfqZNm2TZZtO5Wy8E4tTQ3vf5EA0As+vlJri3vvca5tptSiRpsUbOTv6QEMHoO73ezG0a367e8/V/3VtxOeAvA4T7SZQ02/e7YEPQCGCsM59Gkbv8jSE+sOydZpW8SYMDUerOu0za6ida9rdVCGlo4f0f9CAeAsfHwMapWbR1KdQ5tZXf61aopy9Hzt1XpyYYhKiqvU2MPxkQlXKZ4R/AA8YLC2m906mqsnfv+5rPJVWrJpgC4KAL3niTZzqGFoAIBhw2Do4yNVtkI9/3LX8FQK0TULp2jf77JV1GW7XUUvb9T2/7hT04z9rRQAetbn9sxD92j+KleZtVO0/J7L5G/7WkfKSrXP5uroEUoZe5Xi+1UlAPTOYG03z9DwmVb/YbesLZKCLlZaYv8vCQB95Yk2c6ghQAUwbPj08Q+Bg9k7ZenTGYf1TrZV0xYwUgCAe/W1PfPUPUZfv1hPdqwYL9HM2y4Z0JoA4FwN1nazC1uxVj+Vo6Kmk+uJiTL3uyoA6DtPtJlDzQBO0gIAg1vfHquqlKWkpwdPu1dT8pUO9/ksAOgbT/Rpz/lR1IbPlPlqoeoHtBoA6J9B3W5Kkq1Yzz+VfSo8lWQaZdfOPZ9p557PVFLLZIQAPIf89EyMQAWAblVqX+W5nFarI5JGD3Q5ANDZoOzUHtf2zLV6+4Cf0h7IUOiBLXo8s7THOVDjb8rQ0lTmjgbgAYOy3Typ2aq31mSr4FjXzdYdH+uFHe3Lpu+N1vLroz1fG4DhaTC3mV5CgAoAfTZCEaMkHTvrgQAwjIzQtFtv1uiW0YoP95M0R79Z4e2aAGCwq9TmP6zXlgrXR5iuu10/JzwFAK8iQAWAbkUrPloqOmMUaoM+ed+qjJ/erwkF7+n5Dw6rofMTVdHhusiDVQLAoBJiUrxa1GhrUbCRbiYAnF24UufPVMQxSWpRyUcfK69TmBqSMluP3mSSv7fKAwBIIkAFABeilWQO1tuVZz58WlNcoKeLP9e4783R8hXHlfnLHOfLpiLMl/H4PoBhq778ax0pytHztVfryYUhKimu6vER/siEqxQf4rHyAGAQ8lNk4lWKlCQVq+C1U3uMybP1m3uSFeylygAApxCgAoALY2ZPUdK2j53haFd27X1/ox59v/O20Zo72+SR2gBgMGr8KleZtVO0/J7L5G/7WkfKSrXP5uroEUoZe5XiPVkgAAxmpaUqObloTJ6p32QQngLAYEGACgCuGCfpwftK9W8vH5LL//93ClTKffM1zeiBugBgkBp9/WI92bFivEQzb7vEm+UAwJBSUrBfNkl+MRP184yrFOrtggAATj7eLgAABrPg8elavjBOPT9hGqiUhXdq6XjeJA0AAIBzYdWeklYp5kotXzaDKaEAYJBhBCoAnEVkarpWma3a/tE2fVhUKeuxVkmS36gwmVOSdct1UzSGOfwAAABwrmpLtXfUlXr8RzcQngLAIGRwOBwObxcBwDsO7K+QwWDo048kl+sdy51/97Tc0zZ3MAbzd0YAzh+2xha3Xp82E8D5hnYTAHrP3W3mYFOyz9rjfo+18CWlVuVs262i4tJeHW+KidLM6ZOUlprk5soAAAAAAAAAoHseCVC3F1j08rotkqTwsBBFhvX8rGtjk13WiiplrtuikjKrMhbO8USZAAAAAAAAANCF2wPUklKrXl63RXExUVq8cI5MsdG9Oq+6tkGrMzcov8CiiLAQzZud5uZKAQAAAAAAAKArH3ffICevUJL6FJ5KUmR4iB5bki5jUIBy8na7qzwAAAAAAAAAcMntAWqRpUxxMVHO8NRaXqmsjblqtNkltT/e/84HOyRJjTa7Mtdt0Z6T86QGGwOVknypbE12Wcsr3V0qAAAAAAAAAHTh9gBVkoKDAp3Lm7LzlZO3W/kFxZKkl9dt0absfDXa2kPS/AKLcj4pdB4/YXyijEEBMhqDPFEqAAAAAAAAADh55CVSnaUvuE7mRJPSUpMlSUsy5ktqH21qTjQpff61MieYnMdPSE7UhP/8F7fVc+JEi/7fi29Lkv7l+7coIKDnr6Tw871av/Fj/duP7lRY6Mg+3avw87360yvv6Af3ztWkK8edc80AAAAAAAAAPMPjAWpkeIhmTp/kXJ+QnNhlf+d9UvtLqCLCQxUZHuKWeg4cOqKDJ6cHOHDoiC6Nj3PLfSRp/OXx+t3yhzQimNG0AAAAAAAAwFDg8QA1J69Qm7J3aGnGfJkTTVq5Oku2JruWL1vU5bjtBRZlbciVral9rlRTTJSWZCwY0CDV4ZDyd32pySlmSe3LiZfEyWAYsFt0EeDvp4A+jloF4D1Hq77xdgkAhpELoy7wdgn9QpsJwNNoNwGg94Z6m+ltHg9QD5ZXydZkV+PJYLS6rkE2W5MabXYFG9vnSi0pterldVtkDArQ3FlTVV3boB27LFqTueGMoLU/Dh2uUunX5Xrw7pskSS++vllVNd8oOvLUv1T7rUf057+8r6NVdRp9YUSXR+/r6r/Vk394XakTLlNRcakqq+uUkpSoubPT9NqbW/X1wcOKHR2lJffNV1REqPYdOKw/rX1HP1g0V2EXjNKTf3hdaanJ2vPFP1RxtFrRkWG6/67v6WLTRQP2GQGcO/6AAYDeo80EgL6h3QSAocPjAeriO+bohukTZYqNliT96mQg2hGeSu2jVCVp+bJ7nSNOI8ND9M4HO1RSapU50aSBsHPP3zX6wgjFXBQpSYqOClNRcalmXTtZklR/7LhefH2z4kZH6ccP3Kr6hm/14uvvn3Gdr/5xUD+4d57qvjmmF157V2X7K3TXrTMVGRGqF19/X1s+2ql7/vmGbmv4tNCi79/5PY0aGayX3tis9z/cqYfuuVm+vh55vxcAAAAAAACAHng8pWu02WVrOtFlvdFmP+MYY1Bgl8f1O14sZa2oHJA66huO63PLPk1LTZKvr498fX00LTVJ23cWq77huCTp6wOHZWuy6/9877uKighV4iWxuumGqWdc69ppKYobHanES2IVc1GkrjCP1cQrL9WY2GglXhyr8iPVXT5zZzfdMFWJl8TqwqgwJV92iRqOHdeJ5pYB+YwAAAAAAAAA+sfjI1DXbcjVjl0W3bdwjqalJumJVa/I1nRCz/7Hw85RqBHhodq771CX0aYdo1I7gtT+spTs1+HKGj330oYu2w2G9n1pqUk6Wl0nXx8fBQT4O/cbgwLOuNbp26Ijw5zLF4SOVPmRapd1dHc9AAAAAAAAAIODxwNUc6JJ1opKZxCalpqsmtr6Lo/wz5udpqLif+jpP66XOcGk6tp61dQ1KCUpwfnof3+cONGiHbssmjd7mqZNSe6yb/vOYu3YZdHkq8y6MDJMzS0tOt7YpLCTL39yNZIUAAAAAAAAwPnH4wHqtNQkTUtNcq4vXDDjjGMiw0P02JJ0bcrOV5GlTOFhIbr+6omaNzttQGo4cOiIKmvqlb4g0RmMdkhJTtS2v32hA4eO6JKxozUi2Kh3P9ihW2+ervqGb/Xe1h0DUgMAAAAAAACAwc/jAaq1vFJFljJdf/VEBRsDtae4VDW1DZo5fWKX40yx0Vq6eMGA39/hkPJ3fam40ZEaHR1+xv7R0eGKGx2p/F1fatE/z9L377xRL76+Wb/47Z8VHRmmSVeZVbDnqwGvCwAAAAAAAMDgY3A4HA533uCBZas0Lj5Ojy1NlyStXJ2lvfsOOedAfWDZKknSC6uWdTmvpNTqnAfVaAyUOcGklOTELi+WAtA/B/ZXyGAw9OlHksv1juXOv3ta7mmbOxiDPf53RgDgNrZG9750kjYTwPmGdhMAes/dbeZgU7LP2uN+j7Twtia7c3nhghnaU1yqCcmJkqQlGfNVU1vf5fiX3tiiHbssXbYVFZdqU3a+0hfM6DIFAAAAAAAAAAC4i9sD1JSkBBVZymQtr5QpNtr506EjSO2wKTtfO3ZZFBcTpXmz0zQhOVHVtQ0qKbMqa8NHenndFo2JiRqQl0kBAAAAAAAAQE983H2DmdMnSZJWZ26Utbyyx2MbbXbl5O1WeFj7S6Q6wtXI8BBNS03S0oz2OVE3Zee7t2gAAAAAAAAAkAdGoJoTTbpv4Ry9vG6Lnvj9q4oIC1FkeGiXY1KSEzRz+iRZyytla7Jr5vT2F0x1d63wsBAVWcrcXTYAAAAAAAAAeGYO1GmpSYoMC1FOXqGKLGWqqWvost/hcGjm9EmKCA9VeFiIzAmmHq+1p7jU3SUDAAAAAAAAgAwOh8Ph7SIAeMeB/RUyGAx9+pHkcr1jufPvnpZ72uYOvBkVwPmEt0kDQN/QbgJA77m7zRxsSvZZe9zv9jlQAQAAAAAAAGCoIkAFAAAAAAAAABcIUAEAAAAAAADABQJUAAAAAAAAAHCBABUAAAAAAAAAXCBABQAAAAAAAAAXCFABAAAAAAAAwAUCVAAAAAAAAABwgQAVAAAAAAAAAFwgQAUAAAAAAAAAFwhQAQAAAAAAAMAFAlQAAAAAAAAAcIEAFQAAAAAAAABcIEAFAAAAAAAAABcIUAEAAAAAAADABQJUAAAAAAAAAHBh0ASo1bUNqq5t8HYZAAAAAAAAAODk5+0CSkqtyly3RTV17eFpRFiIMhbOkTnR5OXKAAAAAAAAAAx3Xg1QreWVWp25USnJibph+kRJ0ta83VqduVHLly1SZHiIN8sDAAAAAAAAMMx59RH+rXm7ZYqJ0uI75sgUGy1TbHT7ckyUNmXne7M0AAAAAAAAAPDcCNRGm10fbtut6tp6mRNMSktNUk1tfbeP6psTTSoptUqSthdYtLfMqsjwUF1/9UQFGwM9VTIAAAAAAACAYc4jAWqjza4nVq2VQ9KYmChlrtuig+WViggP7fbFUdaT+9ZtyFV+QbHMCSb9tdSq7TuLtXzZon6HqLamE3r2hbdUtr/Cuc1gMOiSMRfp3vTZirkwQnX13+rJP7yu2+dfq0lXjlPh53v11rt5+ukPbj9jagGHQ3rz3U9Utr9CP37gVhmDAvpVHwAAAAAAAIDBwSOP8OcXFMsh6VfLFmnp4gW6b+Ecfbhtt6alJmnHLoty8nY7j83JK1SRpUzTUpP04bbdyrjjRi1dvEC/WrZIjpPXGiizrp2s3y1/SL9b/pD+8+ffV1joKP3x5U2qP3a82+Orauq1Y5fljO1Hq2r1t91/H7C6AAAAAAAAAAwOHhuBOsIY6Bw5GhnWPoLTFBut+xbOUdaGj5S1MVeSZAwK0H0L5ygiPFSSFBzUfk7wyfMbbfYBqysoMEBhoSOd6zfPmqpnnn9TBw9VKi4mqttzduyyaOrkJOcoVIdD2va3L1TfcFyRJ2sGAAAAAAAAcH7wSIA6ITlR73ywQ+98sEPmBJOyNuYqLiZKwcZAjYmJ0t23zVJVzTeSpKiICzQ6OkyR4SGKi4lS1sZcLVxwnUrKrDpUUaWlGQvcVqe/n68kqbW1tdv9MRdFSGoPUefOmipJqqr5Rp9ZynRpfJza2trcVhsAAAAAAAAAz/NIgGqKjdaSjPlatyFXm7LzlZKUoPQF1+npNetVUmbt9hxzgkmL77hR6/73I61ck6XwsBAtyZh/xvyjA6WltVWfFn4pHx8fxVwU2e0xxqBAXZuWovdyPnWOQt32t881OjpcMaMjnS++AgAAAAAAAHB+8Ngj/IcqqvTdKcnObWsyN8ghaflP75EpNrrL8dbySr20bosy39isCeMv1WWXjpEkHaqokjnB1O+XSHXYlJ2vTdn5zvVgY5AyFs5WdOQFqqv/tttzLh83Rp8Wfqkduyz6p4mXa88Xpbr39ln6ivAUAAAAAAAAOO+4PUC1lldq5Zr1MhoDnXOfNja1B6qP/vD2M8JTqX3E6rzZaVqTuVHGoFNhaXVdg7Z+UqjHlnR/Xl/NunayZk6fJEny8/XVyBFGGQw9nxPg76/rr56o9Zs+VsWRasVcFKn4sTEEqAAAAAAAAMB5yO0B6qbsfJkT4rR08am5S0tKrXr6j+t7PK/j5VHzZqfJnGhybl/90gZtys7vcr1zdfpLpHrr8nFjdFFUmCwl+/XIg7fJ19en37UAAAAAAAAAGHzcnvwVWcqU1unR/f5Km5KsIkvZgF3vXPj5+ur2+TP0g3vnaWzchV6tBQAAAAAAAID7eGQO1OCggZmzdKCv1R9REaGKigj1dhkAAAAAAAAA3MgjAepgYwwK0L/9yx09HhMWOlJPPf6gc33SleM06cpxLo+fO2uq5s6aOmA1AgAAAAAAAPA+Ju8EAAAAAAAAABfcPgLVGBSg/F0WGTq93t5aUeX8bXDx2ntXx+TvssgYFODGigEAAAAAAACgncHhcDjceYPtBRZlbfhItqYTA3I9Y1CA0hdcp2mpSQNyPWA4O7C/QgaDoU8/klyudyx3/t3Tck/b3MEYPCxnLQFwnrI1trj1+rSZAM43tJsA0HvubjMHm5J91h73u72Fn5aaRNgJAAAAAAAAYEhiDlQAAAAAAAAAcIEAFQAAAAAAAABcIEAFAAAAAAAAABcIUAEAAAAAAADABQJUAAAAAAAAAHCBABUAAAAAAAAAXCBABQAAAAAAAAAXCFABAAAAAAAAwAUCVAAAAAAAAABwgQAVAAAAAAAAAFwgQAUAAAAAAAAAFwhQAQAAAAAAAMAFP28XAAAAAAwPldq8aqN09wO68cKObcVa/dRh3fKvN2j02U4/ulWP/96iRmNHFz5Yybfeqozxoedc0Z7MLCkjXRNKt+q/Si7Rv9+UeM7X6lCf95Ie/eoqrXlwkvx7Ou6rLSoaNUfXxErVBW/pbc3Qg6nh/b6/U0Ox3ioO1a1ppl4cXKnNT72qzbZAZ82h5mv14zuS1btv97j2vLFWr5VIKXf/UPf0/2sEAACDCAEqAAAA4Cktdm1+OUsX/ShdE4zncP5lM7UqI/nkytd69alclYxfIHN/60q8Qf8+IKGfVZuLY3R3TKk+aZikmSGuj2wst6o4WromVopMvVUPDsTtO7MdVlGJehmgSlKcMlaka8LJtX1vvqC3S5OV0ZvvpXan3mlK06oVV51jsQAAYDAjQAUAAAA8Jkp33xeunDeLZb4nWcGdd9m+1rrn31NBnSRjuObdd6euudDFZSSp2S5bc/ti41fv6ul1+1UvX5lmzdcjaX7a/FSOjpibVFLUqGa/0bp72a2aYKzQJ89v1KaKVvlHX6lUoxQvSV9k6fHKGfrN9ZVa/ZRFIWENslTY1RyWpEd/PEOjVavtmVl6+0Cr/MMSZTZaddH8ziNpT/qqUA1T52hhwk49895XmnnHZSd3dLqvMUpXp9j10UcNavR7TstKZurRsG16O/oBLR0vVRdk6dn3qtQoKTR5ph697TLVf/iCsipNaiwrVU2Lr5JvXaSM8SN0OH+tnv2gQc1+gTJdN1+PpEW33642Tyv/aNERm0XLVuxXxoqbdVE31w2WKy1qtLW0Lx7N0zMvfy6rrWs9r1WOVnPZfplmX6kj730mq01atsKqjBVpqj/5XUnBSlmYrnsuO67NT23REXOLSoqidfetx/XaLj9dVF4pa4uf0m4yy/qRRVabZL51kR4cP6I3/zIBAAAPIUAFAAAAPMj/wht0d8xLevrDcC2//tT2g9k5qpmeoVUTRkgNeXoiM08pP57e9RHy0m36r2d3SmpVQ9MIXXPPfJmbC/VM9ggtWfGwInVc25/foj1pV0uqld+Eh/XkAqmxYK2e2VOvZOPH+iR2vlY9GCPpK2X+4vCZBVbaFf+jB3SPsX0U5pbSGbr72BZ9GD1fqzJiJH2tV1dYu/lktcrZEaSZGUGSpmum3tLO5ss0xV86uGGj9kxYpFUPjpDUomb5aaLfC87Q9PCH29ov0Vyo1/LCtWRFukZLKn7jj8oqvUxzJFn9zVr1yzmSbadWPl+o+vGXqaggRBkrFsksqdHWdKqU8Ol67Id2Pf7+aP0mI1lqLtQz3Vy36+jSw8p69iVtltRyzK6QqXP0YKJV61ZVaeZPH1ayv7Rvw+v65OhlSpF0xD9Jq355c/upY07dq3nP6/qt87v6Spn/sVUlv0yT1OD856EvslRjM2n5L29V8NGt+rcXGrXklz/UmOZCPbOmUPXjp/dy6gAAAOAJBKgAAACAh42+Pl1zM9/SW0dPPfJdUyfFTz058jDkEiU17ZRV6hqkJV6tf3c+wn/S0VrVVJbq+We/liS1NAXpmlpJilLy2PZDgoMCZWuwq9p2XBFjYjoupqSxn51ZXPRoxZ+cXsAYJjXapOrazuddouSx0pHTzyvfqU8OWLXz2Zfa11sa5b+jVlOmh6umzk/mjs8mP9dzo9bWqiZ8tHM+WPNloXq7olaSFG++5GRRwQpuqlejonXNgnC9lZmlHL9Qpd40R1NcTYvg6rqJnedcHa30H596hL9dsWoqD+vtNS9pkyS12GU6OajWWc9pun5XiUqKzpf1tH8eknSR+WLnCFj/2DiNkST/QPk31baPknX1HQEAAI/zaoDaaLPrnQ/ytX2nRbYmuyTJGBSoaVOSNHdWmoKNgd4sDwAAAHCTEZqQMUMlqzaq5OQMphFhUn7FcenCEVLD17IERWlmby4VHq6I6CRldBmtWqnN3RwaGT5CNQcrpPExkkplOSCl9OIWXc/7WsUHpMjTjinOO665v3hAU5zpaK1yns9TyfQFighr0ScHj+vGC0+NQPWX1NzUJCmo62epPazDStZoSSVf1cuUGi4d6L4u/5jpuidDkj7T6lW5il8241Rd/n7yb7arWZK/q+ueVagiouN0zY8XqHNsfbi8t99VqSyV4UoLl/b14m4AAGBw8mqAum5DrnbssiguJkrBQe1haWOTXTl5u3W80a7Fd8zxZnkAAACAG5m08G6z9r7WvjZm9kxFPJ+pZRvlnAO1V6MQ/Sfp7ulvafV//FE1LVJwTJIeyLis+0MnXKtrCjZq2YqTc6D28sVR/hPm6PqirPbzwhJljjntgIY8bW66WI90GVoarmsmNGp1wXE9MnuOLno+U8vek/yNUbrxvnRdkzZVwU/9ScsKJur7HW/B8p+ku6dn6dkVz52aqzRRqu82QK1UfuZb2lTRKslXplm3dg11w6dornGtlq2w6NYfLer2umdn0rzbvtLzT/1RmTbJP2y07s5YoIheflcdc6CadZwAFQCAIczgcDgc3rr5A8tWKS4mSr9atqjL9l+vWqtDFVV6YdUyL1UGDA8H9lfIYDD06UeSy/WO5c6/e1ruaZs7GIOZtQTA+cPW2OLW69NmoqsWNTf7yd9fkmqV8+xWRZzxuDswuNFuAkDvubvNHGxK9nU3v/spXm3hU5ISlDYl+Yzt82anKX9nsRcqAgAAAHCGhlK99do2FVXa1SxfmWbN1yPergkAAMBDvDoCFYB3MQIVAIYuRlIBQN/QbgJA7zECtSuPtvDW8koVWcrO6dyUpASZYqMHuCIAAAAAAAAAcM0jAWqjza41mRtVUtZzmtuTTdn5MieYtCRjvoKNgf2qx9Z0Qs++8JaSzBdr7qyp/boWAAAAAAAAgPOX2wPURptdT6/JkrWiSilJCUoZf6kiw0L6dI3qugZLMrJpAAAgAElEQVQVffEPFVnK9PSaLD26JL3fISoAAAAAAAAAnI3bA9ScvEJZK6o0d9ZUzZuddk7XMEualpqkl97Yoh27LMrJKzznawEAAAAAAABAb7k9QN1eYJExKGBAAs+FC2Zoxy6L8gssbg1QW1pb9UHuLn3wyS412uy66op43XXbTF0QMlJHq+r0P+98or/vPaDmlhZdMma0HrrnZoWEjNCazI3y8/PTQ/fcLF9fH0nSW+/laf/BI/qX79+i0v3leuN/P9LRqlpFR4bpzluu1xXjxrrtcwAAAAAAAADoHx9336C2rkGmmFMvf6qubVB1bcMZx61cnaWn16zv8VrBxkCNi49TTd2Z5w+kj7d/pq15hVr0z7P05C/uV2BggF5/+yO1trbpeGOTLjZdqBWP3aff/Oti+fr46K33tsnXx1eTrzJr34EKVdfWS5Iavm1UUXGZpk5O0tHqOr34+vu68op4PfmLBzRnRqpe/Z+tqqz+xq2fBQAAAAAAAMC5c3uAerrMNzbr6TVZZ2y3VlTqYPnRbs8pKT318ilTbLTiYqLcVp/d3qzdX/xDUydfoYlXXqrwsBDNuW6Kqmu+UX3Dt4ofO1o33zBVURGhujAqTJePG6uaugY12U8oyXyxggID9JmlTJL09YHD8jEYlGS+WF/8fZ9CQ0bqe9f/k8LDQjRl4uWKjrxA+61H3PZZAAAAAAAAAPSP2x/hP12wMVB797WPQo0MP/UyqeXL7u32+JJSq57+43rdt3COpqUmaeGCGW6tr+nECX1T/6227jukrZ8UOrcbgwL0TcNxNZ1oVtaGXB0sr9S3x22SpISLYyRJoSEjNGF8onZ/8Q9Nm5Ks7QUWxV8co5BRI3S0qk7W8ko98vjqLvdLvCTWrZ8HAAAAAAAAwLnzeICaMv5SFVnK9PK6LVqSMV/BxkBJ6hKmVtc2KNgYqJraeuVs2y1J2lFg0ZiYKEWEh6rRZu9y/EAKCgjQBaEjdeUV8Zo9I9W53cdgUFBQgJ5/9V0dO27TIw/eqpBRI5STV6iy/RXO46akXKadu7/S33b/XQcOHdX9d94og0G6MCpMY2Kjdf9d31NQUOCp+wUGuOVzAAAAAAAAAOg/jweo01KTVFJq1Y5dFj2xaq0mjE9UsDFIxqBApaUmKdgYqCdWvSLJIEmyNdklSSVlVj3x+1dlPBk+/uE/H+53LU32E6qr/9a57mMwaMSIIE0cf6m25hXq8kvHaEzchWo4dlwlpVbN+O4EBQUGyN/PV0GBAaqprdfuz/cqNGSk8xoxF0VqrOkibdi8XWPjojU27iJJ0vjL4/Vx/mcqKCrRd6ckq7XNoT3F/9CE5EtlDCJEBQAAAAAAAAYjjweokrT4jjmKDA9RTl6hcvJ2O7ebYqJkTjQpfcF1enndFknSoz+8XeZEk6zllVq5Jku2JrvuWzhnQOr44ONd+uDjXc51Y1CAHnnwNl077SqdONGszHVbdLyxSReEjNQN10ySwSDdetPV+u9X39XjT72ksXEXyZw4Rkcqa53X8PX10bTUJH3x5T5NnZykgAA/52e7L3223vjfj/Tu1h3y9/PTxCvHacqEywbkswAAAAAAAAAYeAaHw+Fw5w0eWLZK4+Lj9NjS9G73W8sr1WizK9gYKFNsdJfzUpIStHTxAue2l97Yoh27LFr+03u6HAvg3BzYXyGDwdCnH0ku1zuWO//uabmnbe5gDPbK3xkBgFvYGlvcen3aTADnG9pNAOg9d7eZg03JPmuP+z3Swnc8ht+dnoLQmrqGruu19ZIkozFoYAoDAAAAAAAAgB74uPsGKUkJslZUyVpe2etzVq7OkiRZK6qUtTFXe8sO6Z0PdmjvvkOS5Hy8HwAAAAAAAADcye0B6szpkyRJqzM39ilEnTo5SXExUcrJ262Va7K0KTtfcTFRmjo5SW6edQAAAAAAAAAAJHlgDlRJ2l5gcY4ajQgLUWR4aLfHzZ01VeZEU5dtOXmFytr4saZOTtLiOwbm5VEA2jEHKgAMXczlBwB9Q7sJAL3HHKhdeaSFn5aapMiwEOXkFarIUnbG3KYd4oqjzghQzQkmhYeFaFpqkidKBQAAAAAAAAAnj4xABTA4MQIVAIYuRlIBQN/QbgJA7zECtSu3z4EKAAAAAAAAAEMVASoAAAAAAAAAuECACgAAAAAAAAAuEKACAAAAAAAAgAsEqAAAAAAAAADgAgEqAAAAAAAAALhAgAoAAAAAAAAALhCgAgAAAAAAAIALBKgAAAAAAAAA4AIBKgAAAAAAAAC4QIAKAAAAAAAAAC4QoAIAAAAAAACACwSoAAAAAAAAAOACASoAAAAAAAAAuECACgAAAAAAAAAu+Hnz5o02u/ILLMovKJa1okqSZIqJUlpqstJSkxRsDPRmeQAAAAAAAACGOa8FqNbySq1cs16SQ2mpyZo7O02SVFJq1abs7dqUna/HltwuU2y0t0oEAAAAAAAAMMx55RH+jvA0JTlRT/7yQS1cMEONNrsabXYtXDBDT/7yQaUkJ2rlmvWylld6o0QAAAAAAAAA8E6Aum5DrkwxUVp8xxznY/r5O4uVv7NYkhRsDNTiO+bIFBOlrI0fe6NEAAAAAAAAAPB8gFpd26C9+w5p3slH9nsyb3aaSsqsqq5t8EBlAAAAAAAAANCVx+dALSr+h4xBATInms7YZ2uya2/ZIee6OdEkY1CAior/oZnTJ3myTAAAAAAAAADwfIDaaLPLFNP9i6GsFVVauSbLuf7CqmUyxUSr0WYfsPvbmk7o2RfeUtn+im73h18wSo889M96JWuLJOnHD9wqY1DAgN0fAAAAAAAAwNDh8QA12Bgoa0XVGds7XiR1OmtFpdKmJA/Y/YMCA7Q0Y4FaWlslSX95K0f1Dcf1/TtvVGBggHx8DBoZHKylGQucxwMAAAAAAAAYnjweoKYkX6qsjR+rpNTa5TF+U+yZo1JLSq2yNZ2QOeHMx/3PlcEgjRppdK4H+PvJ19dHoSEju4w07XwMAAAAAAAAgOHJ4wFqZHiIxsXHKWtjrpYvW9Tjses25mpcfJwiw0M8VN0pz7/6riTpwXtu1jsf7NBnljLFxUTpb4V/V0CAv+5Ln6WaugZt3JKvlpZWzZudpjnXTZHBIDXZT+jNd/O0o8CitjaHpk1J1m1zpzOaFQAAAAAAABhifLxx04w7blR1bb1WZ27s9rH9RptdqzM3qqa2Xhl33OiFCs90qKJKsRdF6j9/vlhXjBujP619R6X7K7R82SLNm52mrXm7VH6kWg6H9OY7ebJ89bV+8tBtWvHYvao4Uq33cj719kcAAAAAAAAA0EceH4EqtY9CfWxJup7L3Kh/+48XNG1KkvPFUtaKSm3faZHRGKjHlqR7ZfRpd2JGRyotNUkjgoM0OcWsL/ce0I3XTVFURKjGXxGvDz7ZpaNVtRo1wihLyde66YapSrwkVpJ04/X/pM0f/k22JruMQYFe/iQAAAAAAAAAessrAarUPufpr5YtUn5BsfZ8UaqcvN2SpHHxcZo3e6rSUpMVbBw8YWOAv598fE4N2A0KDFDIqBGSpBHBQQrwb/8q648dl63phF7JytYrWdnO48MvGKUmezMBKgAAAAAAADCEeC1AlaRgY6BmTp+kmdMnebOMARU6aoSMQQGaP2eaUpITndt9fAwaNSLYi5UBAAAAAAAA6CuPBag5eYUqKTskWzdznvaG0Rgoc4JJM6dPHODKBlbIqBFKMl+iT/I/09i4CxV2wSgdraxVVU29vvtP471dHgAAAAAAAIA+cPtLpBptdj2xaq02ZefLGBQoh8Ohqtp6jUuI07iEOBmDAlRSZnWul5RZZQwKcK5X1dbL4XDIGBSoTdnb9cSqtd2+eGqwMBik2+ZOV2J8rFb9cb3+9Tf/rVff3KrAQH9vlwYAAAAAAACgjwwOh8Phzhus25CrPcWl+tWyRQo2BmpTdr5KSq16bGm6JMlaXqknfv+qlmbMlyStztyo5T+9R6bY9pdKrVydJXOiSfNmp6nRZtevV63VhORELVwww51lA8PCgf0VMhgMffqR5HK9Y7nz756We9rmDsZgr85aAgADytbY4tbr02YCON/QbgJA77m7zRxsSvZZe9zv9hGoe4pLdcP0iS5fCNURlK7O3KjVmRu7bDtdsDFQN0yfqKLiUvcUCwAAAAAAAACduD1Ara1rkCmm+0BUkqprGyRJ6fOvVfr8a7ts644pJlo1da73AwAAAAAAAMBAcXuAejY1tfWSpJnTJ2nm9EldtgEAAAAAAACAN3lkkhZrRZVzjsOaugbZmuzaW3ZIkpS/yyJjUKBz3RgUqPxdFufxtia7auoanPutFVWeKBkAAAAAAAAA3P8SqQeWrXLLdV9Ytcwt1wWGE14iBQBDFy9DAYC+od0EgN7jJVJdub2FJ+gEAAAAAAAAMFR5fQ5UAAAAAAAAABisCFABAAAAAAAAwAUCVAAAAAAAAABwgQAVAAAAAAAAAFwgQAUAAAAAAAAAFwhQAQAAAAAAAMAFAlQAAAAAAAAAcIEAFQAAAAAAAABcIEAFAAAAAAAAABcIUAEAAAAAAADABQJUAAAAAAAAAHCBABUAAAAAAAAAXPDzdgEAAAx1DofD5T6DweDBSgAAAHC+oa8JeB8BKgAAfdBTB7a3x9PRBQAAQHfoawKDEwEqAABn0V3H9Gzbuuu4dmw723EAAAAYPuhrAoOf1wPURptd+QUWFRWX6mB5pWxNdkmSOcEkc6JJUycnKTI8xMtVAgCGm9M7rZ3Xe9p3+rbOnVaHw9Fl3WAw0MEFAAAYhuhrAkOLVwPUTdn5ysnbLaMxUOYEk1KSE2SKiVZ1XYOs5ZX6685ibcrOV1pqktLnz1CwMdCb5QIAhgFXHdbufvv4tL+LseO3wWBwdlRPP76trc257/TO6+mjBejcAgAAnJ/oawJDk8HR1wk2BkCjza7MdVtUUnpQM6dP0rzZaWq02XWookoHyys1JjZa4WEhigwP0fYCizZl52uEMVCPLkknRAUG0IH9Fc4/hHv7I8nlesdy5989Lfe0zR2MwV4fdI9Brru/+e/cQZVO/fve0ZHti7a2NpfX61juvB3oia2xxa3Xp80EcL6h3YS30dfEUOLuNnOwKdln7XG/VwLUl97YoqLif+ixJemKCA9V1sZc5RdYJEnGoADZmk5Ian+MP33+tYoID9XKNVkySISowAAiQAXa9dSZ7Vj38fGRr6/vgN2ztbVVbW1tkrr/b6oDnVu4QhAAAH1Duwlvoa+JoYgAtSuPB6jbCyx6ed0WLf/pPZKklWvWKyI8RPNmp2lCcqLzOGt5pdZtyNXefYd038I5mpCcqF+vWitzgkmL75jjyZKB8xYBKnBmh/b0R6IGujN7+r3b2tqcj1xJZ/731bENOB1BAAD0De0mvIG+JoYqAtSuPN7Cb8rO19xZUxURHqonVq2VOSFOGXfcKEnK2pgra3mVjMZApc+foceWpmtTdr6yNuRqTEyU5s1O08vrtmje7DReLAUA6Lfu5prq3Kn18/Nza4fSYDDI19dXBoNBra2tLo/pbi4rAAAADG499TUdDof8/PzO6VH93urc12xpaXE5mIW+JnB2Hg1Q9xSXqrauQTOnT1JOXqEckjLuuFHBxkCtXJ2l6roGTUtNUkmpVU+vydLyZYs0b3aaSkqtytr4sR5dcrs2Zecrv6BY82annXMdtqYTevaFt1S2v8K5zWCQoiIuUPr8GbryivgB+LS9V/j5Xv3plXf0g3vnatKV4zx6bwAYrrqbd6pj3iiDweD28LQzHx8fZ8e2ra3tjI40HVsAAIChpae+piT5+/t7tK/p7++v5ubmLi+n6kBfEzg7jwaoJaVWjYuPU7AxUNsLLLph+kQFGwPVaLNr775DevSHt8ucaFLjdLt+/MvnVFJm1YTkRC1cMENP/P5VVdc2aEJyokpKrdLs/tcz69rJmjl9kiTJ0damD/+6R6+sz9YjD94mU0xU/2/QS+Mvj9fvlj+kEcFBktoD1Vey2uuIHzvaY3VIp8Ll8AtG6cF7bvbovQHAU1yNAujoUPr5ndsfj83NLao/dlwGOTRixAj5+hjU1tYmf/+zjy4wGAzy9/d3hqjdPVpFxxYAAGDw66mvea5/Ud+ffqZEXxPoL48GqNbySplio9Vos6u2rkGmmOgu+xub7F3Wg4PaXxZlim0/rqa2XqbYaOcLp/orKDBAYaEjneuzZ6Tq8y/3aW+Z1aMBaoC/nwI61QEAcJ+eOrSS+hSe2u0nZK2oVPmRKtXWNaj5RLN8fH3k6+sjW9MJ+fn6yhR7oUYEGxUVcYGiI8Pk42PosWPq5+enEydOdJkvqwMdWwAAgMGtp76mw+Ho9chTd/QzO8LbEydOuNxPXxPonsfnQA02BspaXilJiggPdW5LSUpQ5htbtHdKkvZ8Uaq4mCiZE03O84xBAbJWVMoUEy3baUGru7S0tuqD3F364JNdarTZddUV8brrtpm6IGSk2toc+ji/SO9t/VQN3zbqgpCRuuWmq/WdSVfohdfe1fHGJhmNgSr++9e669aZ2rD5r7p9/rXOR/Sff/Vd1X5zTD9+4FYdPlqjP619Rz9YNFc5eYUqKCqRJP32D68r4eIY3Zs+R8/89/8odcJlKiouVWV1nVKSEjV3dppee3Orvj54WLGjo7TkvvmKimj/Tr/ce0Bv/O9HOlpVq+jIMN15y/W6YtxY7TtwWH9a+46+OyVZ2wssqvumQZeMGa2H7rlZ3zQc1zPPvylb0wmVSSooKmFaAQDnlbN1aAMCAs56fpP9hA4frdYB6xEdOlylb483qqWl1dnhPN3RqloFBQZo1KgRujAyXMmXxyssdJT8/Fy/LMDf35+OLQAAwBDTm76mqz6cp/qZBoNBAQEBstvt3Y5cpa8JdM/jAWp1bYNmTj81orTjZVBLFy9QTl6h9nxRqpTkxDPmOLU1nZApJlrWikoZg3r+H9xz0dbmUOFne2VrsmtcfJwk6ePtn2lrXqEW/X/27j0+yvLO///7nvMkISeSACEBgQBiAnIQFVAURaEqiNUKHloP3dZqT7vb+q09fb/dfne37c92v9t2pd21LbbWCtaqoFIQFEUJVRCxEBUICAQiJCSQkGSSyczcvz/CTGYyMzmRmYTwej4e85jDfd/Xfc01w/B5fPK5r+sz1+uCwmF6bu1b+tNzr+mBz96krdvL9OyLm3XrTVdq+pQJOnzkuKpOnFLwN+bDfYc0c+qF+tZXlsnh7H5/775tvi4cP0p/XvOGvnD3jRozaoR8ZxYW+WjfYX3pnsU6eeq0Hv/jS9p/sFJ33TpfOUMz9Ns/rdW6197RZz9znSoqq/XbP63V5TMu0rVX3KoP9h7Sk3/eoH964DZJUnNzi8r2HNRXP3+LfD6f/vsPL2pT6U7dvHCOvvuPd+s3T61VRnqq7rp1fmhaAQAYjILBbCAQ6DSgDapvaNK+AxX6+FClak/WydvavjJlrKA2qLnFqxZvq2pqT+ngkU9088K5ykxPjXu5VfASK6/XG9qHIBYAAODc0pNYM1lxptSeRCXWBLovqQnUiUWF2rm7XClupwryc/Xe7vKIKtP5c2eE5iQNt+XMJfuFI/O0ZVuZJo4rjNqnN9asL9Wa9aWh5+lpKbrr1vkqyM9TS0urduzap1mXXKTpU8ZLkhZec6l+96e1qj5xSqXbP9BlMybpmiumyzAUMRWAJE0cV6h7bl8gh8Omk3UN3e5Titul1BSXDENKS3VrSJo7dPzVc6aqYESOhmalK394jnKHZoT6VnTBSB09dkKeZq92fXhAGelpuuHay5Sa4tKl0ydp2849OlhxTDnZGbLbbbrlhitVMCJHkjRm1AjV1NbLZrUqfUiqrFaLHHZb1HsCgHNZx4qA4CT+gUCgyxVQ/f6Aqk6c1Nbtu3T0k+pen980pYL8PDU0Nstqscjtcshujz0HVnAuVp/PJ4vFErG4FJUBAAAAA0tvY83+iDMlYk2gp5KaQJ1WUqQXX9l6pgp1hp5YuU6GIb23q1w1J+uj9ne7nJo2uW3RqFmXFCvF7dTO3fuiqlN7K7iIlM/n119e2qxGT7MuHD9KhiE1e706VdegDQeOaMMb74b1yaHq2jqdqmvQpDP7xjIkLUUOR98Ob8fK27ycrNDjzIw0HT12QpJ0vPqkKo5W6R+//1jE/kVjRionO0NWq1UOe9KLjwGg38S7nCoY2HY276nP79ehik+05e2/q+50Y5fnyswYIrfLoYamZjU2emQxDPnPnCcvJ0uFI4bJ6bCrxduqQMCU2y05HbGDW5vNFlotNfx9SAS2AAAAA0VnsWYgEJDVGvuS+v6MMyXJarXK6/WGthNrAvElNYtWODJPBfm5WrO+VPffsVAbN7+rjZt3aNH1s2JWlVZUVmnN+q2STC1bMi9ULTp7Zkmf9Cd8EanbFl2l//j1M3r1zbb+uBwOZWakacpFY7Vg3szQMRbDkM1mVWZGmmpPnZZpKm4SNR7TbJsyIFGG5WZp1Mg8/cNdN8h1ZiEuqe39fnK8JmHnBYBzQcfAtqtFoyqPndCuDw/odKMn5vbcoZkqyM9TwYg8Dc3OUIvXq+YWrwIBU62tPh0+elwnak6pocmjwoLhyspMP9MPqdXnl7/RI4slJe4ftqxWq/x+vywWSyioJZAFAAAYmHqyaFR/x5nBRaWINYGuJb0MMVh5OrGoUA8/tFSPLl+ljZt3yNPcomkl41WQn6uKo1WqqKzWxs075HY79ZX7blZNbZ02bt6h+XNnKMXt7PpEPZSTna6rZ0/VK29s18ypEzU8L1vTJ4/Xhs3vatL4URpVMEz1pxu1p7xC11w5TdMnj9ea9aUaM2q4Jk8aq8NHjqvmZL2uuWJaVNtOh11D0lL04d7DKrlwjD4+fEwflR/W8LzsmH0Zlpsth8OuymMndEHh8B6/l8mTxur10ve1beceXXFpifwBU+/t3qdpJeO7PNbtcmjk8Bwd+aRadacblTEktcfnB4CBpDsrocbT5GlR2UcH9MmxEwoEAqHXLRZDGelDNGn8aI0uGKHMjDTZbFaZZtsVCEGBQEAXFA5X7anT+uT4CWVlZkT1ze831djULGtaiqzW6Eu77Ha7fD5fqL/h74nKAAAAgP7VVawZ74/1XcWZF44frQsSHGdKbbFma2trxEJVxJpAtKQmUCuOVmnVC5uUnZWuJ1auk5Yt1P/5xue0ZVtZqBo1KDsrXXNmFmv+3Bmqqa3To8ufibm4VF+6bMYkvfn2Lm3cvEN33TpfV8+5WF5vq1asXKfGpmZlpqfpuqva5mgNbnvu5Tf15J83KCc7Q7fccIVize2c4nbqpusu15N/3qDNf3tfY0aN0NSSIh2rqo3Zj5HDc7Rw3kytWv26Xnxlq7507809eh+F+bm6d+kCPf38a3ppw1bZbTZNnzJBl067sFvH3zj/Mv33ky/p4X/5tRZdP1uLrp/Vo/MDwEAVHhQG56OKx+fza9/+w/rkeE1oMT9JstmsGjk8V1OKi1SYnxdxSVbH2DI4j1Tu0EwNzc5Qa6tPjY0t8vn9EZdIeb0+Nbd45XY5oubHMgwjVIVqGAaBLAAAwAAVK9aMFbMNlDizrd32KlRiTSA+w+xsObc+VHG0So8uf0Ypbqd+/L0v6Fv/+rhqT9ZrakmRlt48TznZbaXme8orVDgyTylup5o8LXr1zR1as75Usy4p1rIl8xJSfQqcrw4drAz9J9ndm6S4z4OPw+87e9zZa4ngTmHu3/NRrHmogjeXyxV3TqpWn0/Hqk6q4ugxHTpyTCdqTskwpLzcbF0+vVgF+XmdLjwVuy+St7VVHo9X3lZfRHBrt1uV6nbJ6YyuiPX5fGppaZHFYpHVapVhGLJYLFH/FnF+8TT5ut7pLPCbCWCw4XcTidCbWHMgxZkSsSZiS/Rv5kCz50BFp9uTkkANJk8njivQnv0VSnG71ORp1tIl12jj5nd1pLJahfm5KhyZp5zsDDV5mrWnvEIVldXKzkrX4gWzNWdmcaK7CZx3SKBisOtYBdB2KZM/FNSmpaXFPbb+dJM8zV5JUs3JOh2pPK7KY9WaN2e6CvKHxb0Mqjt98rb61NDQHFFxYBiGXE670oekxDyuoaEhFNQGA9rgffB4nF9IBABAz/C7ib7WWazp9/uVlpYWM0YbaHGmaZpqaGiQ1Wol1kQICdRICU+gBpOnU0uKdP8dC/XY717Qnv0VevihpSocmRfa573d5dpT3t7ZwpF5mlhUqGklRYnsHnBeI4GKwS7eSqjBifLdbnfM43w+v+pPN6nV1x54tni9Skt1KysjdiDcs361zXvV0GHBAJvVosyMtJhBs8fjCa3iarFYoqoCCGrPPyQCAKBn+N1EX+tNrDkQ40yJWBPRSKBGSvgv/H+tWB1Knv7u6XVRyVOpLVlaODJPWpDo3gAAzhcd/z4YHtiaphn3sihTkrfVJ5+/fTJ/wzCUluLWkFR3nwSPhiE5nTa1tFgjgme/PyBvq09uqyPqGIvFEqpoYG4qAACA/tWbWHOgxpkSsSbQld7VhfeAx9Msw5BWrFynnbv3RSVPAQBItFjVAXETqKapQNiK92delc1uld3ed393tFoscjgi56EKBtWxGIYRCsjDb+H9BgAAQPJ1N9YcqHGmRKwJdCXhCdSlS67Re7v26aPy6MpTAAASKVbgF7zF+4u6IUMtLa0d2pGcdrv6Mm40DEN2e/SiAgF/7JNYLBaCWQAAgAGkp7HmQI0zJWJNoCsJv4R/zsxiFoACAPSrWIFg/JVNo4NEi8UiGW2XRPUluy36v2HTDMQMuoNBbft+7cE5l1gBAAD0n+7HmgMzzgz2g1gTiC/hFagAAAwU4X9Vj5dA9QUCslgiA0SrJTET5wfMQPRE/oYi5sUKilcVAAAAgIGhqwrUgRpnSgolSok1gdhIoAIABp1Ylx11DAgDgdjBo0xFXUJlqokd0moAACAASURBVO+rAqS2yfw7JnINxQ6ig/0Nfz8AAABIvu7EmjFjtQEaZ0rRMSaxJhCJBCoAYNCLtUpqvASqxWJE7e/z+WUx+v6/TEOG/B2qAAKmKasldgI1VmDLHFUAAAD9q7ux5kCNMyViTaArJFABAOeVripQrRZL7Euu/P4+70vADET1o+3c0ef3nzk/gSsAAMDA1VmsOTDizNiINYHOkUAFAAxasaoBgvdxL+GXoueLkuT1+vo0oDRNUy1eX1Qg67DbZMZYYCBWVUB4WwAAAEiu3sSa/R9nxkasCXSOBCoA4LzQMfDzer1x93XYbVFzUbW2+qIugzobfn9Afl9kexaLRVZr7MqE1tbWPjs3AAAA+lZ3Y82kxZn+7seZbX0g1gQ6QwIVAHBe6BgsdpZAdTpsslqtEa+1+vxqbvH22V/gW7ytavVFVhtYrRbZbdYYF/B33l8AAAD0r1ixZqy4MWlxZmv340zTNIk1gS6QQAUADFodA9ngc8MwFAgE4v6l3WKxyGazRh3f3NIqb6vvrPpkmm1BbWNTS9Q2m80qm80a9Xpra6sCgUBE/8N1Np8VAAAAEqOrWNPni44bB1qcKUk+n49YE+gCCVQAwHklPABsbm6Ou5/TYY8KMgMBU02eFnlbezdPlWmaavX51NjYEnW8YRhyuxwxj/N4PDH7DwAAgIGlO7HmQIozJWJNoDtIoAIABr1Yf0U3DENNTU1xJ/h32K1yOuwRr5mmqdZWnxoaPFGXRXWl7dIon5qamuXzR1cXpKY4ZbVE/7ccCATk8XhCfe7sfQEAACD5ehprDpQ4UyLWBLqLBCoAYNAJD/bCL0UKDwwNw5BpmmpoaIjZhsVikctpl91ui3jdNNvmqTpV36QmT4t8Pn/o9ViCwXBjU7NON3rkbfVH7GsYkstpl9vlkMUSHaSePn1apml2+j5ivW8AAAAkxtnGmgMlzpSINYHusnW9CwAAg0N4QBi8NTY2KjU1NWoyf6ltsv0haS7V1TdFrWRqmqYaGpvV0tIqm90qp90mhdqVLIZFPr9fXm+rvF6ffHFWVrXbbGeC2ui/afr9fjU2NspqtUb1GwAAAANLrFizoaEhZqxptVqUluZSfbfiTLtkqE/jTKkt1mxoaJDNZiPWBLpAAhUAMOh1DATDg0PTNHX69GllZmbGPNZmtSot1S1Pc4taW/1Rl1P5/AH5/H55PF5ZLBZZLYZMKVQx0Bmr1SK32yl7h0u4gurr6+MGs/EqAwAAAJBcncWakuLGmvZ+jDOltljTYrEQawLdQAIVADBoBYO9YDAaqyrAYrGooaFBLpdLLpcrZhtOp10Wi9E2sb+3NeLSqPBANxAIKM6UqlHsdpuGpLlks1oVKyRtbm5WY2NjzIoALqUCAADof2cba4biTMNQk5G8OFMi1gR6ijlQAQCDUrwqgGAg2/G+pqZGPl/0pPuSZEhy2G1KT3Mrxe08qz7Z7TalpbqVMSRF9jMBa0c+n081NTUx+0lwCwAA0P96GmueOHEiZqxpSHI4khdnSm2x5okTJ4g1gR7o1wrUiqNV2lm2X5JUmJ+rqSVF/dkdAMAgFh7QmqYZde/z+VRdXa3hw4fHDRAtFotS3C65nI7QxP4+f6DLVVINw5DVapHdZpPTaZfdZo07kb9pmqqurpZpmrJarbJYLKFbx8AWAAAAA0NXsWYgEOg01uwYZ7b6/PL3cZwptceawXMSawLd0y8J1CZPi5avWK09+ysiXh+ala4v33ezCkfm9Ue3AACDUPilVfEuqwoEArJYLPL5fKqtrdXQoUPjtmexGLJYrEofkiKfzy9vq08B01RLS2toezDOtRiS1WqVw2GTwx6/CiBcbW2tfD5faOGoWJUA4fNREdwCAAD0n76MNRMdZ0rEmkBv9UsC9dHlq1RTW6elN1+t2TNLlOJ2asu2Mq164TU9uvwZ/fh7Xzir0nUAACSFFokKf9yxOiC8MsA0TTU2Nqq1tVW5ublRq6V2ZLNZZbVZZZqmUs/8v+UPmJJMWS1W9STe9Pv9qq6ultfrjao8Da8KiDWZP4EtAABA8vU21vR6vcrLy+s01uzLOFNqizWrqqrU2tpKrAn0QtLnQN2yrUxHKqt13x2f0vy5M0KJ0jkzi/XwQ0vlaW7RmvWlye4WAGAQ62xeKovFEhVEtrS0qLKyUl6vt+u2JVnC2rZZLW0T9vcgzvR6vaqsrFRLS0tEn8L71dW8VAAAAOgfPY01g7FfV7FmX8SZkiLOR6wJ9E7SE6g7d+1Tdla6psWY77RwZJ6mFo/Tzt3lye4WAOA80FVgG34LBAKqrKxUbW2t/H5/QvoTCARUW1uryspKBQKBiPN3Nh8VwSwAAMDAQ6wJDF5Jv4S/ydOinKz0uNsLR+aFFpYCAOBshV9OJSnq0qrga+G3IL/fr7q6OtXV1SkzM1OZmZl9ElAGAgGdOnVKdXV1khSzCiDeJVWx5qYCAABA/yDWBM4PSU+gpridqqisjru94miVCvJzE9oHT7NXP3/8LyqeeIEWXT8ravuxqlr99FfP6I5brtGMKRP6rN1YDlYc02+eWqvj1Sf1pXsW9eh8AICeCw8Gw1dH7Wz/QCCgkydPqq6uTqmpqUpJSVFqamqPz93Y2KimpiY1NjaGFhPoeGlXx8oAVkMFAAA4dxBrAoNT0hOoUyeP186y/dq4+V3NnzsjYtue8grtLNvf7eTj2dq6vUyzLilWTnZ7RaxpSm++vUt19Y0JP3+Tp0V/fHajLigcrn9+4DalpaUk/JwAcD7qWBkgKWJF1KDwioCOq48Gg9vTp0+rvr5ehmHI7XbL6XTKbrfLZrOF7n0+n1pbW0P3LS0t8ng8ERUJHSsAwoPaWBUBsS6rIsgFAADof8SawLnPYjEUCJhxtyU9gTpnZrFK39mtVatfl6fZq4njCiVJe/ZXaMMb76ogPzcqsZoo1TV12rq9LCJhe7y6Vm/v+DBJ5z+l6ppT+tS1lyq7k2kNAABnL1ZgG35pVaz9g/fht/DLrzwej5qamiKC4VjtdJwLK3w+rFiLC8Sal4qAFgAAYOAi1gTObQ67Xc0tsRd2c9jtyU+gStK0yUXae+CI1qwvjXh9wtgCffn+JZKk0m1lqjlZL0kampWuCeMKIypF+6Yf4/XOex9FVKFu2bZbmelpMs9knd8v26/fPf1XfeX+JRo/tkCSVHXilH76q2e0dPHVmnFx/EvuDxz6RL/+w4u64tISbdlWppOn6jVm1Ag98NmbtGVbWej9//r3Lyo7c4ge+dqdcrscevalzdq6rUytPr/GjBque5YuUP6woX363gEA7YFhx8A2PID0+/2hIDQQCCgQCMScxypWYBsvMO741/7uzEcFAACAcwuxJnDuGJqZrqPHT8TdltQEasXRKj22YrVqTtYrOytd00qKlJOdrsL8PKW4nSocmact28q06oVNkszQ62+9s1seT4uuu2pGn17eP62kSB5Pc6gKterEKb23q1w3XHuZVq/bIkkaP7ZAuUMz9fcPD4QSqOUfH5XTYVfRmJFdnqO5uUVlew7qq5+/RT6fT//9hxe1qXSnbrj2co0uGKbH//iyPrP4Kl1cPE5pKSl6+vlXVbbnY/3TA7cpIz1Nf3lps371xBp986HblTGk53OgAADaxaoMCOossA0Gs+FzWQWDW0kRwW2sNoKPO6sK6LhSK5P5AwAAnFuINYFzV1qqWwXDc1Rzsl4tXp8kyemwaWhWulJT3MlLoG7ZVqYnVq5Tdla6vvng7ZpYVBh3n6U3X635c2eo4miV9uw/oi/fv0Tv7S7Xiqf/qsamZi1bMq9P+uRw2HT91TP1zJrXNeuSYr359t+VPzxHE8a19y3F7dSl0y7U33Z8qIXzmmW32/T2jg81tWScMtK7Tmja7TbdcsOVKhiRI0kaM2qEamrr5XY5lJbqlmFIqSkuZQxJVV19o8r2fKwbr5sVSs7ecsMVenT5Kn186BNNLSnqk/cNAOezrgLb8EC241/yw6sCgsFtX1QFxHpMQAsAAHDuIdYEzl2pKW6lprhjbktKArXiaJWeWLlOBfm5evihpUpxO6P2OVFbH5E8laQ160u1s2y/5s+d3lat+tBS/fA/ntS0kqKYCdjemDiuUEOz0rV63RZ9fPgT3XP79bJaI/8ydNHEC/TKG9tV/vFRZWcO0YnaOt1209xutW+1WuWwd2+Y6043ytPsldvlCL3mcNhltVh0/MTJ7r8pAECn4s1RFQgEJLUHt+GBbXD/8GC246VV8c4V69Zxwv6OFQMdA+LgYwAAAAxsxJrA4JOUBOp/rVit7Kz0uMlTSdq4+V1lZ6VHLCB13x2fUpOnJfS8cGSeZl1SrI2b3+2zBKrDYdPCeTP1y989r+mTx2vs6HzVNzRF7DMiL1tjR+drZ9l+ZWcOUU52hoblZffJ+cNlDEmV2+WQp7l90lqvt1X+QEDDcrL6/HwAcD6LFdh2DFjDA9tgJUDHeakkxawM6BiIxgpo4z2PFcgS0AIAAJw7iDWBwSXhCdQt28pUe7Je33zw9rjJU6mtSnVa2CXqwUWWcrMz9M2Hbg+9Pm1ykVY8va5P+1g0dqQevGex8ofnRFWfSpLVatGcmcV6YtV6Wa0WffqGK7tdVdoT6UNSVTxxjF7esFXDc7OUkZ6m59e+JbfLqTGjR/T5+QDgfNfZJVbh24IBbCAQCAW2kmIGth3bCN4HHwfnv+psxdPw5+HtAAAA4NxBrAkMHglPoJa+s1sF+bndqhgNT7DOmVmsmto6bdz8buQ+Lqc8zS0dDz0rNqtVJReO6XSfMaNHKC3VLdM0VTzxgj49f5BhSLctmisZ0v/772fV6vNrzKjhevDexSwgBQAJEgxag487vhb+vGMQ3NOqgOB9V4EsAS0AAMDgQKwJDA6G2dlkGn3gC9/4ma69cnqXCz89+tgqSdLDX17a6Wtr1pdqy7Yy/eR7X0hAb+Pzen365W+f0wWjhuvWG7s3/ykw0B06WBl3zpx4Nyn2f8CdXQLS1X/QyfpP252StHXzcI4K/y8x1qqnXV1KFU+8wDbW447HAPF4mnwJbZ/fTACDDb+b6G/EmjiXJPo381yT8F94t8uhvfsr9OIrWzvZx6lpk4u0avXravK0RF3qH/7ae7vLNXFc38x/2hOHjhxT5bEaLV4wO+nnBgAkR6wKgfDXw7fHCoDjtdnxcVdzThHQAgAADD7EmsC5K+EJ1Pvu+JRWPP1XrVlfGncft8uhH3/vi1qzvlTLV6wOzXk6+9ISlb6zW3v2V2haSZHWrC/Vkcpqffm+JYnudgTTlEq3f6D84UM1umB4Us8NAEiujpdMxQo4O85l1d2gtuNzglkAAIDzC7EmcG5K+CX8PfHe7nItX7Fahfm5WrxgtiaMK1SK26k95RXa+OYO7dxdrnuXLdScmcX93VVgUOASfqB7Yv1X2dVr3f2uE8iit7gUFQB6ht9NDFTEmhiIuIQ/0oBKoErSnvIK/W7lOtWerI943e1y6L47PqVpJUX91DNg8CGBCvRcX/y3SSCLvkAiAAB6ht9NnAuINTFQkECNNOASqEEVR6u0Z3+FmjwtmjiuUBOLkj/vKTDYkUAF+kZPLqsC+gqJAADoGX43ca4i1kR/IIEaacD+wheOzFPhyLz+7gYAAF0icAUAAECiEGsC/c/S3x0AAAAAAAAAgIGKBCoAAAAAAAAAxEECFQAAAAAAAADiIIEKAAAAAAAAAHGQQAUAAAAAAACAOEigAgAAAAAAAEAcJFABAAAAAAAAIA4SqAAAAAAAAAAQBwlUAAAAAAAAAIiDBCoAAAAAAAAAxEECFQAAAAAAAADiIIEKAAAAAAAAAHGQQAUAAAAAAACAOEigAgAAAAAAAEAcJFABAAAAAAAAIA5bf568ydOiF18p1Z7yClVUVkuSCvNzNbGoUIuun60Ut7M/uwcAAAAAAADgPNdvCdQt28q06oVNcrudmjOzWIsWzJYk7Smv0I5d5dryTpmWLpmnOTOL+6uLAAAAAAAAAM5z/ZJA3bKtTE+sXKdF18/S4gWz1eRp0d79FZKkxQtma9mSeVqzvlRPrFwnSSRRAQAAAAAAAPSLpCdQT9TW64mV67T05qs1f+4MVRyt0qPLn5GnuUWS5HY59fBDt2vxmYrUVS9s0sRxhcrJTk92VwEAAAAAAACc55K+iNSa9aXKzkrX/LkzJEn/tWK1ppYU6fGffUOP/+wbmlpSpMdWrJbUVo3qdju1cfO7ye4mAAAAAAAAACQ/gbpnf4WumztdklRxtEq1J+tD1aZSW9K05mS9Ko5WSZKumztdO3eXJ7ubAAAAAAAAAJD8S/hrT9arMD9PkjQ0O0OSVFFZFbpEv6KyKmJbYX6eak7W92kfPM1e/fzxv2j/wcrQa4ZhaMyo4bpn6QLlDxva67YPVhzTb55aq+PVJ/WlexZpxpQJfdFlAAAAAAAAAP2gXxaRCkpxOzW1eJxWvbBJHk/bHKhr1pdq1iXFSnE7E37+66++JDSVgM/n119e2qxfPbFG33zodmUMSe1xe02eFv3x2Y26oHC4/vmB25SWltLXXQYAAAAAAACQREm/hN/tcuhEWEXp0OwM1Zys14qV67Ri5TrVnKxXakp78vTEyXq5XY6E9MXldCgrI01ZGWnKHZqhm66fJU9ziw4fqepVe9U1p1Rdc0rTJhcpOytdDnu/5qcBAAAAAAAAnKWkZ/imlozX1m1lmjOzWCtf2KTSbbu19OarNbVkvCSpdNtubdz8rkxTWrZknkrf2R3almh2m1WS5Pf7JUkf7D2kp59/Tcera5WXk6U7P32tLpowWgcOfaJf/+FFXTb9Qv1t+4fKHz5UY0aP0Msb/iZJ+vXvX1R25hA98rU75Wlu0e9XrdfHh4/JbrNq1sxi3XbTXLmcjrjt7P7wYxXk5+rtdz+Uw2HXvUuvV83Jeq1eVyqfz6/FC2Zr4TWXyjCkA4c+0TNrXtehiuPyBwKaPnm8Pnf79UpxO/XiK1v1ftl+jR87Upu3/l2BgKmr50zVrTddKZvVqkDA1OulO/Xyhr+pvqFJmelp+vSNV+ryGRfpk6qaUL+HpLp126KrdPmMi2QYSfkoAAAAAAAAgAHB+oMf/OAHyTxhTna6nlv7ZijBd/dt1+nq2Rcrxe1UitupiUWFSk9P0/Nn9tn8t7/r/mULlZHe80vq4/H5/Hp7x4fKy8nUxHGFba/5/dr01ns68skJLZg3U7WnTutXT6zWjIsn6It336iM9FQ9+9JmTblorLytPr319i4drz6lWz51hRbMm6mJ4wpVNGak/v7BAd3x6Wv0mcVXyTSlX/7meeXlZOkrn79F0yYXaf2mbTpRU6/Jk8bqVF1DVDsVR6v07vt7ddn0Sbr7tvmqrjmlFzdsldPp0IP3LNaQtBRt2LxdJReOUfqQFB2sOKac7Azd+elrdNmMSXrtrffU6vNp4rhC7d1/RNt2fqSiMSP1+Ts/pWG5WXrl9W2aMLZAQ7PSteWd3Vq1+nXdvHC2Pnf7Ao0uGKaTdQ3KGZqhXzz+XKjfE8YVaOXqTRpTOExDs9L77HNA/6s7dVqGYfToJinu8+Dj8PvOHnf2WiLY7UkvugeAhPG1BhLaPr+ZAAYbfjcBoPsS/Zt5rkl6BWrhyDxde+V0rVr9utwuh+bMLI7aZ87MYq164TWtWv26rr1yugpH5iWkL2vWl2rN+tLQ8xS3S/ctW6C8nEytffVtZaSn6YZrL1NqikuXTp+kbTv3hBKWVqtVd336Wl1cPC50fFqqW4Yhpaa4lDEkVTt3l8vT3KJbbrhCuUMzlDs0QzdeN0svb9iq+tONkhSznfwROZo9s1ipKS5dMnWiPth7SJ+65lLlDs3Q5IvG6pU3tut4da0KRuRo2uT26tzsrHRdUDhMnxyvCb1WkJ8Xeg+TLxqrlze2VZu2tLSqdPsHumzGJF1zxXQZhpSVkSZJMfs9+cIx+mDvIY0fW5CQzwIAAAAAAAAYiPplks5lS+apydOirdvL9NPlz2j+3OkqyG9Lkh6prNLGzTvkafZq1iXFWrZkXsL6Eb6IlM1qDSVAJel49UlVHK3SP37/sYhjisaMVE52hux2m4Z0sUjU8RMnZbVY5HDYQ6+5XQ55mr2qO5NAjdWOw26TxdL+10uX06H0M4tapaa4IuZW3VNeoefWvqlPjtfK09y2ENfMqRPjthXU7PXqVF2DJo0fFXVZ/vETJ1VX36jv/fh3Ea+HtwsAAAAAAACcD/ptlaP771ioOTOLtWZ9qR5bsTpi24SxBfrmg7drYlFhQvsQXEQqlmG5WRo1Mk//cNcNcrmcEceEV3h2ZlhOlvyBgLze1tBrnmav3C6HMoakqiZsMa3eaGxq1qo1rysrI03f/todcrmceuovG7t1rMvhUGZGmmpPnZZpKiKJOiwnS5npaXrovpuVGTY+TgeLYgEAAAAAAOD8ktSM2J7yCqW4naFL8icWFerhoqVq8rTo3Z17JEkzpk5UitsZcdyJ2nrV1NYlPKEabvKksXq99H1t27lHV1xaIn/A1Hu792laDxa0GjN6hNwup55f+5ZuvWmu6uob9PKGrSqeOEbpfZBAtVgscthtcthtcjrs+vjQJyr/+KgumjC6y2OdTrumTx6vNetLNWbUcE2eNFaHjxxXzcl6zbh4glLcTr2x9X3dOP9yWS2GPth7SPnDczR29Iiz6jMAAAAAAABwLklaArXJ06LHVqzWqJF5+uZDt0dsS3E79dKrb8uQdOWsKVHHrnj6r6qorNaPv/eFqORqohTm5+repQv09POv6aUNW2W32TR9ygRdOu3CbreRMSRVD967WL9ftV7f/dFvZbdZNWtmsW67aW6frGbvdjm0bMk8/eaptXrk3x7X1OIijS4Y1u3jr55zsbzeVj338pt68s8blJOdoVtuuELpaal64J5FoX5bLRZNGFegpUvyz77TAAAAAAAAwDnEME3TTOQJmjwtOlJZrfd279OWd3bL0+zVfcsWKic7QxPGFWhPeYX2HjiiNetL5XY5dN1Vl2jiuEIV5Oeq4miVak7Wa8XKdW0LTl1aomkl41WQn5u0RCowmB06WCnDMHp0kxT3efBx+H1njzt7LRHcKUxDAWDw8DT5Eto+v5kABht+NwGg+xL9m3muSfgv/CP/+j+heT8XL5itJk+LVqxcF7XfoutnKcXt1KrVr0dtu/bK6SocmadVL7ymjZt3KDsrXT/53hcS3XUAAAAAAAAA57no5dn72NIl10iSpk0er/lzZ2jxgtkqyM+V2+XQvcsWyu1yaPbMYi1eMFvz587QrEuKI7YV5udq2ZJ5mjOzWFPPzD+6eMHsRHcbAAAAAAAAABJfgTpnZrFqauu0ZVuZKo5WSZKOVFbroftu1rSSIqW4nVq+YrUWXd+WFN26vUxLb75ac2YWh7YFj9uzv0KLrp+lOTOLE91tAAAAAAAAAEjOIlJNnhbVnqzXD//jyYjXJIWSo9/+t8clSW6XM7QteB9+3Inas1u5HgAAAAAAAAC6KykJ1JraOk0YW6DFC2brxMl6rVlfKo+nWZKU4nYqOytdy5bMU4rLqZWrN4WSpB5Ps7Kz0rV4wWzlZKVHHAcAAAAAAAAAiWaYpmn2dycA9I9DBytlGEaPbpLiPg8+Dr/v7HFnryUCK6MCGExYTRoAeobfTQDovkT/Zp5rEr6IFAAAAAAAAACcq0igAgAAAAAAAEAcJFABAAAAAAAAIA4SqAAAAAAAAAAQBwlUAAAAAAAAAIiDBCoAAAAAAAAAxEECFQAAAAAAAADisOmXaZIk05QMSabO3JuSIUOmzLZ70ww9l4y2HWS0t2RGNhzZXuTxwecRZ4zTXkR/jLB+maYMI6yd8B1khB0Y1h8jrF+mQseH+hNxfPC5IjoSeXzscerO++r9OHX4BGONU5z2BsQ4dfW59eJ99X6cuvP9jt3eWY9TLHanjNQMGalZMtJzZJ0yT/ZZt8gYOrKTgwAAAAAAAJBIhvmL1DMpneikUawkVdvz9qRRhIjn7e3FSlK1PY9O2ka31yEZ2SFJ1Za0ik7WhY43wtrpkNQKT+aF+tMhKRaeXGxrLzop1rv31btxij4+zjh18bn16zh19bn1+H31bpy68/2O314fjFM3WSdeJtusT8t26U0yhgzt2cFdOHSwUoZh9OgmKe7z4OPw+84ed/ZaIrhTbEk5DwAkg6fJl9D2+c0EMNjwuwkA3Zfo38xzTegSfvNM9so8k92Jn1wyI/YPiarQa28vfsWgumwvYruhGEm46O2h4yMqKyO3Rye7ordHJwWjt/f2ffV2nOJXVppdtjcgxqmrz60X76u349Sd73e89s56nHrAv+dttTzxLXn+/Vb5d27oeQMAAAAAAADotVACNVQ1pvbqsVBySWbE8/D9Qzo+DWuv4/HB5x3PF6u9iO1mWL+M9mRcx+2h482wdjpsDz8+1J8O28OPD7YX63y9eV+9HaeOx8ccpzjtDYhx6upz68X76u04def7Ha+9sx6nXggc+Uien31WTT9cJP/ed3rfEAAAAAAAALqNClQqUKlA7eT7PRAqUDsK7Num5l/+g/wfvHX2jQEAAAAAAKBTVKBSgUoFaiff74FUgRrOPFUlz49vV+va5X3TIAAAAAAAAGKiApUKVCpQO/l+D8QK1PZOBNSy8v/K//6rfdgoAAAAAAAAwlGBSgUqFaidfL8HagVqiGnK89iXFPikvI8bBgAAAAAAgDRQKlDTR0mzH5Ex5xEpb3JEe1SgUoGaqHE65ytQgzyn1fKbf05AwwAAAAAAAOj/CtS8KbLc+5aMOd+RMec7sty7RSq8ggrUs6isjNfegBgnKlATwr/3Hfne/WtiGgcAAAAAADiP9W8Fat5kGctelpyZMl/7lszXHmnr1Kf/JOVOjupPjyoZqUCN/7lRgTq4KlDP8D77EyngT9wJAAAAAAAAzkP9V4GaN0WWT+BJjwAAIABJREFUYPL0rw9K7/5K5vblMtc+KDkzZbnz5bYEKxWoEe1RgUoFajyBIx+pddMfE3cCAAAAAACA81D/VKDmTmmvPP3rl2Tufqp9/91PRSRRzbyS9vaoQKUClQrUTrW+uSqxJwAAAAAAADjPJL8CNSJ5+qC0+09R7YUnUa3BSlQqUGMeTwUqFajhAvt3yDx5LLEnAQAAAAAAOI8ktwI1VuVpnPbMXR0qUXNL+qwC1bhgrqxf/0C279fJ+r1TbfffPSHb13bKmP31iP17U4FquXipbN89LOvNv4g5TtZrvy379w/Leu23+60C1fbF5+T8/i5Zxl1JBeogqkCVJN+O9Yk/CQAAAAAAwHkieRWoeZHJU5X9Kep8HdsLT6Ja73pZyp3cZxWokmRW/E2B1Q/I/8IXFXj936RWjyxXf0eWG3521hWoHceh2+OUrArU8OOpQB00FaiSFDi0O/EnAQAAAAAAOE8kpwI1d4qMpZHJ0+7OFRoIr0S9q60StS/mQJUk+ZoV+PtKadczCrz1H/I9e69Ue0CWSYukcfN7XYEaaxy6NU5JrEA1w4+nAnVQVaCadVWJPwkAAAAAAMB5whZ80FYhF6zA65AMinoerLgLa6lDcijUXljyVBVvtSVPQ+2py/YMGTJ3PSVj8l1S4RWy3vWy/E/dKKNqd1jSSlH3EZWVZlh/YlSIhtqp3iOzfKOMmV+QZexV8pdvlGXed2WZdreUlifJItXsk3/dd6TyV2VMvUu2qx6WMkdJZkDmiT0KvPnz9razRsn+rT1Sap7UXCf/1l8rsOkn7dtHXSrH9z6WXBnS6WPybfqp9M4KmaYp243/Lsu0ZZI7U/K3yPy4VL6Xviuzao8ss74g6+wvysgeLRnWtmPX/0iB7X+UbcG3Zb3iSzIrd8vInyw11cr7h/tkv+xzskz/jGR3S6eOymyqifzcYo1TeFIw4r6H492TdmJ8/sHvo+J+H6O/T1HJyhjtdef7Ha+9sx6nBAqcqEjsCQAAAAAAAM4jCa9ANZaubUuehnaLXTHYVQViqP0zC0v1SQVq+PsMbm+sbjvIlSEZkpGWJ/PodvnXfF2BN34kpeXJMvsrMk1T1lkPSlabAn99RP5Xvi95G6X0EaG2jfxpCux4Sv61j0i+Zlmn3Cplj2vbaHXIyJ0g/xv/T/71P5Ak2eZ9QxpzhaxX/ZMsl94js3qPfM99VYH3npFxwSxZF/6ftiRgao50qkK+1d+Sb80jkhmQde6DkjOt7f3anDLySxT4cL1a1/5Q1knXyTL9MzIrd8n3zNfk37tJxrCJ3RonKlDPvQrUQDUJVAAAAAAAgL6S8ApUlT2lQMWbstz8tORMj1sx2FUFos4Ujgaeu1PGqCvOriJSkf2MaMeR1lbVqbbj/C99PSy5KFmKPy1jyPD2dnwtChwvkw5ukW/rchkyZExZ2tbXfRsV2Ph/24678AYZueNlZOafaSygwEfrFHjrl239SsuV5bL7ZS26SsbIaVJLo/xv/FzmR+vl2/4n2fMmypI/WcaYy+Xf8CP5w96DWXym7YJpbe834Fdgx7Nqff4bbf35hz9L3kb5Nv1c5gfrZW77kyzDJsrIKqACdRBWoAIAAAAAAKDvhBKobcmjYIVfVxV6wYq/sGRkjAo9Q1Jg07cUWognb0pkxWD6aBkP7A61Ep7aDKyYI1XtCvUnlMTc+5K0t2MFarDiL6xfMSorDaO9X5H9DDve7pYR8MlsOC4ZkmX+D2WZcrvkypJszraDqj+SaZryb/m5rFf9L9nuWd12mf3hd+R/9V/bG/c2xh+ngE9qPNE+7q1NksXWNlVAWp4UaJW8Te3HtzZLjjQZ6fmyXPmQrLO+IA3Ja7skX5LqKtvbD/hkNp5o/9zS8iR/WHuGIbPV0z6unYxT7MrK6HGPVYFqRLXXsQI1xufWYZwiv49dVaC2fz87q0Dtyfc7XntnPU4JZGTkJf4kAAAAAAAA54nEz4EaSlIFdwtrL2NU24v1h6W6w22PM0ZJ6aPaLqFXdAVqn1REhnc7vJ2hE2Upmi95G6SKt2WMXyjLxXdILacV2PILmY01sl79v9qPe/8Z+f7+Z5n2VFnnfFWWWQ/KOutLCuzd2KH9DuMktSVLU3Pa+2VPaUuqNlS13YYMkxwp7cfbXZK3QaZhyHr5/ZIjRf7X/1Nm7SFZL7tXRtaoyPal9nFuqJKROVJKyW4fp2DilQrUQVeBaskkgQoAAAAAANBXEl6BGjy+fbfIOSslydz9lMy3/l2SIWPOt2XM+XaH/SXz0JvS4Te7X8nYjQpUw+aSSm6XRYaUOVrWi++UhgxTYOtyBfZtkDHmqrZK0ECrzOZ6WS6YLaWPlE4elJk9VrYlj8msKZf58VttJzIl2VOixiHmOBkWWS5cKLP2kCTJMuVWqalW/vI3ZGlplPWCy2W96uvypw6VddSlMvKnKFD+hswP1kvz/llypMj0nJKRN1HG8IukloaozyE4Tmb5W9IFl8t25QPyO1JlXHCpjIIpUmMtFahUoAIAAAAAAKAT/VuBqsj9zRjJpWB/zC0/7ruKyKDCy2UtvLztccAn1R9R4I2fKLDlP9va+XizAjt+L8tlD8p68y+lE+VSw/G2fvmapbqjshQvkabdLQX8Mo/9XYGtv2pLssZ7X8HT+70yT5TLes3Dkj1VOn1Mvld/LH38lvwH3mybE3XaMtk+/cu26QE+LpV/3b9IrQ3yv7lctuu/I9uiH0sNVTJrD8lIHRrZvtorUH2b/lNG9mhZpt0q2+2/kE4fk1m1r+0YKlAHXQWqtWhGYk8AAAAAAABwHjHMX6Saks4ki8JyYKHkUewKvfZs0BlRFXrh7RkyvlEvSQr8dEh7hV7hlbIsWyuz9EdRFaiBp2+QDr8V2R8jrF8dKhkjdohZgRp+vMKSWpEVg4pqL+z9RR0fe5wiRrKH4xSvsrK9vQ6foNl+Z3TR3oAYp64+t168r96PU3e+3/EqUM9ynBIo9Zd/l9HNy/gPHayUYRg9ukmK+zz4OPy+s8edvZYI7hRb1zsBwDnC0+RLaPv8ZgIYbPjdBIDuS/Rv5rnGEnwQSnqoPfkRSi6FKkbNiO0ROj4Na88MyxqFtxdr/46C57Nc+R0Z1/yovR9hlX6h482wdsKzwTG2R1QKhiocFdVe6H2FV1Z2aK/jOHUcx56MU1ftdTy+/WWjy/YGxDh19bn14n31dpy68/2O195Zj1OCWMZN73byFAAAAAAAAF0LJVCDc5IGk52dzxHZvn9IVIVee3uGDKmlLuJ5x+Oj2gs12/a6MecRGVPujqjwa69kPHO8EdZOVGVl5PbYc1Yqqr3oysro80VXQqrX49RVe/ErK80u2xsQ49TV59aL99XbcerO9ztee2c9Tglim7EwsScAAAAAAAA4zyRvDtTyl6Tiu2RZ+CsFdj/VVoiXNzli//D2jLzJofMZk++UJJl7X+r5XJPhFZHByseo4/ugnYhxUu/HqYv2opJwwX6FfW7x2xsA49RVO716X8yBKklGTqEcN345MY0DAAAAAACcp0IJ1MhVzruq0AufczLYQGTDke0ZCmz5d1kKr5RK7pal5O6ojnRsz7j2J+GtS3WHZb76SJxKxvY5J9vn1lRUZaVhhPUrZsVgdHuxKiuNqPY6VkL2fpy6aq+zykqji/YGxDh19bn14n31fpy6/n7Ha++sxykBnLd/R7JYE3cCAAAAAACA81DyKlBPVyjw+9kySu6WnBmRBYv7Xgq1Z+57qUMXDan5lMxdf5Ka66hApQKVCtQYLAUXyjbrlr5vGAAAAAAA4DyXtApU0zRltNTLfPcxGTIUiFepWbVLZtWusIrBMzmnYAEfFagdGgjeUYF63lagutLkenB5AhoGAAAAAABAaBEpw2hLXvV0lfKQjk/D2uvOqunx2ou1eny3VnMPr4iMsT2iUjBU4aio9kLvK7yyMlZ/evi+ejtOHY+POU5x2hsQ49TV59aL99XbcerO9ztee2c9Tn3FMOT++m9lGXVRHzcMAAAAAAAAKSyBap65frqnq5SHxKjQC7bXnVXT47UXa/X4bq3mHqOyMnx77IpBRbUXq7IyZn96+L56O06dVVZ21d6AGKeuPrdevK/ejlN3vt/x2jvrceojzjv/RdaSq/q2UQAAAAAAAIRQgUoFKhWonXy/B2wFqitN7m8/K/vCL/ZRgwAAAAAAAIiFClQqUKlA7eT7PRArUI3h45Tyw3WyXnTF2TcGAAAAAACAToUWkWqrkAtW4HVIBkU9D1bchbXUITkU3l53Vk2P1154fxSepIq4V9R9RGWlqYjjE9JOD99Xb8cpKgkXb5y6+Nz6bZy6aqdX76t349Sd73e89s56nHrByBohx40PyX7NZyW7q3eNAAAAAAAAoEdCCdS25FGwwq+rCr1gxV/Y9cgxKvTa24tXMdh1exH9iVvJGKz4C2snRmVl+/HxKgaj24tVWRmzPz18X70dp84qK40u2hsQ49TV59aL99X7cer6+x2vvbMepx6wllwl+6wlss29o+cHAwAAAAAA4KxQgUoFKhWoA6UCNSVdlrzRsuRdIMvwsbJeOEvWCy+n2hQAAAAAAKAf2fTVhrgbjW7ed6W77XS3PQAAAAAAAABIBkvXuwAAAAAAAADA+YkEKgAAAAAAAADEQQIVAAAAAAAAAOIggQoAAAAAAAAAcZBABQAAAAAAAIA4SKACAAAAAAAAQBwkUAEAAAAAAAAgDlsyT1ZxtEqrVr+uPfsrenys2+XU0iXzNGdmcd93DAAAAAAAAABiSFoC9URtvR5d/ow8zS0qyM9VisvZo+MrKqv0xMp1mjiuUDnZ6QnqJQAAAAAAAAC0S1oCdePmd+VpbtHSm6/W/Lkzenz8mvWlevGVraqprSOBCgAAAAAAACApkjYHasXRKknS7JklyTolAAAAAAAAAJyVpCRQt2wrU0VltSRpxcp1avK0xNwvmGQFAAAAAAAAgIEgKZfw79y1T57mtqTpzt3lqqmtU8rIvND2LdvKtOqFTfI0t7BYFAAAAAAAAIABIykJ1C/fv0SPPrZKew8c0eM/+0bEthO19Xpi5Tq5XQ5NGFugvQeO6ImV6zStpEgp7p4tNNVdnmavfv74X7T/YGXoNYfdpqIxI/WZRVepID83Yj9J+voXbpXb5UhIfwAAAAAAAAAMTElbRCqenbv3SZLmz52hxQtma+ULm/TqmztUcbRKE4sKE3ru66++JLSgVUNDk9Zt2qb/77FV+oe7btCUi8bK5XToy/ctkSS5nH2bPP2fJ19S7anTJGYBAAAAAACAASwpc6CuWV8amgP1p8uf0Yna+tC2wvy2S/l37i7X3v1HtHd/hSQlrPo0nMvpUFZGmrIy0lQ4Mk/33bFQkyeN0Zr1pWrytMgwpCFpbg1Jc8swEt4dAAAAAAAAAANMUipQmzwtoTlQDx89HrFtaHaG3C6nKiqr9ejyVZIkt8spt9uVjK5FsFmtuvLyKfr179fo8NEqXVhUqP958iVJ0hc/e5NefGWr3i/br8KReXpnx4f69I1Xas6lJXr2pc3auq1MgYCpOZeW6LZFc+VyOhQImHq9dKde3vA31Tc0KTM9TQvmzdSGN7ar9tRpSdLXvvtLLV4wW4uun6UP9h7S08+/puPVtUpxu3T9VZfo+nmXyGa1Rp375oVztOvDA3K7XXrgszfJam3Lhf/l5c3ad+Aola0AAAAAAABAH0hKAnXZknmqOFqlvQeO6Bf/9tXQ602eFv3wZ3+Qp7lFBfm5mlZSpPd2l+tIZbV+unyV/vc3PpeUStRwaaluGYahxiZPzO2HjhxXaopLX//irSoYkadnX9yssj0f658euE1D0lL0+1Xr9fLGv+nWG+eqdNtuPfviZt1605WaPmWCDh85ruPVp/Sdf7xLT/55g+rqG/X5Oz+ljPQ0VVRW67d/WqvLZ1yka6+4VQcrjuvJZzfI4bBr/tzpUecuzM9TWqpbL6zbopqT9crLyVSTp0Uf7j2sS6ddSPIUAAAAAAAA6AP9OgfqmvWl8jS36Norp2vZknmSpMULZut3T6/T1u1l2rj5XS1eMDupffJ6W+X3++NuH5abpfvv+JQy0lNVV9+osj0f68brZqlozEhJ0qeuvUx/ffVtnaprUOn2D3TZjEm65orpMgwpKyMt1I7DbpPValFGeprcLod2fXhAGelpuuHay5Sa4lJ2VrrKDx7Vjl37dOVlk6POLUnFEy/Q2lff1t4DR5SXk6n9ByvV2OTR1JKiBI4QAAAAAAAAcP5ISgJ15QubtPfAEUnS1777X/rf3/iccrLTVXG0SpK0d3+Ffrr8mdD+TZ5mSdKe8gppQTJ62M7b6pPdZlNmelrM7WmpbjkcdklS3elGeZq9+v2q9fr9qvWhfbIzh6i+oUmn6ho0afyobs2ferz6pBx2myyW9mlp3S6nTtU1qNnrjTq3JGWkp2riuEK9/e4HmnnxRO3YtU8Xjh+t3KGZvXnrAAAAAAAAADpISgI1xe2U2+WQp9mrwvzcqO3BBaZiHZdMPr9fb/7t78rKHKIRw4Z2uX/GkFS5XQ7dvHBORNWnxWLIYbMrMyNNtadOyzTVZRJ1WG6WKiqrFQgEQq95mluUmZEmlyP+5fiXz5ik3zy1Vh+VH9ae8grdccs1LHgFAAAAAAAA9JGkJFAXL5itPeUV2nvgiB7+8tLQ6+GPuxJMpvZlUrW5xauTdQ2SpPrTjXp+7Vs6dOS4vnL/km6dJ31IqoonjtEbpe9rdMEwZWUO0fGqWlXX1OmKyyZr+uTxWrO+VGNGDdfkSWN1+Mhx1Zys1zVXTNO4C/L18eZ3VXOyXgUjcjR50li9+uYOrX31bV17xTQdrDiurds/0I3zL5fTaY/bh9EFw5WXk6ln1ryu1BSXxl2Q32fjAwAAAAAAAJzv+nUOVEk6UVuvF18pVU1tfcTrE4sKtej6WaHn8+fO0OyZJX2aQH3l9e165fXtktrmJC0aM1Lf+NJnVBCjSjYWw5BuWzRXz760WT/71TNq9fmUOzRTNy+cI0m6es7F8npb9dzLb+rJP29QTnaGbrnhCpmmNOuSYu07cFQ//NkfdMnFE/TFz96kz995g55+/jVteGO7UtwuXX/VJbp6zsWd9sHhsGlqSZFWvrBJn1l0VdKrdgEAAAAAAIDBzDBN00z0SR773QvaWbY/9Px///NnVTgyT1LbPKc//dUzUce4XQ794t++muiuDQrvl+3Xyhde0z898Bnl5TD/Kbrv0MFKGYbRo5ukuM+Dj8PvO3vc2WuJ4E7p978ZAUCf8TT5Eto+v5kABht+NwGg+xL9m3muScov/NTJ47Vnf4U8zV5NLR6nodkZoW0Tiwr1zQdvjzomfB9JavK06EhltSaMK0h4f88lfn9AW7aVqXDkMA3NSu/v7gAAAAAAAACDiqXrXc7enJnFKsxvqzhduuSaqMvMJxYVRt1ysiOTgaXbduvR5au0p7wiGV0+Z1QeO6H9B49qzsxiWa1J+TgBAAAAAACA80bSMm7BS/Z37t7Xq+ObPC192Z1Bo3Bknn72gwd1cfG4/u4KAAAAAAAAMOgkbZKW+XNnqHTbbq1a/bpKt5Upxe3q0fGHj1ZJir60HwAAAAAAAAASJWkJ1JzsdD380FKtfGGT9h440uPj3S6H7l22MOrSfgAAAAAAAABIFMM0TbO/OwGgfxw6WCnDMHp0kxT3efBx+H1njzt7LRFYGRXAYMJq0gDQM/xuAkD3Jfo381zDqkMAAAAAAAAAEAcJVAAAAAAAAACIgwQqAAAAAAAAAMRBAhUAAAAAAAAA4iCBCgAAAAAAAABxkEAFAAAAAAAAgDhIoAIAAAAAgP+/vXuPjrK81z5+TSYkmQQmJiRBckCBFLCJ3aAGC1ZeqYipB6DVSrTVii3aort11/ru9q21rW1XaxXf2lbs1hYQu5XYE4eqwaIilLAlKIikJZFQZJIAGZIhA8nMZE77jyQjgRwmJHPKfD9rZZF55jncicvfTK753fcDAOgDASqAuOH3R3oEADA8/L4wXIOaCWAEoW4CQPDCUTNjDQEqgLjh510tgBEiHPWMmglgJKFuAkDwqGdnI0AFEDd8Pl4EAIwMvjC8qaVmAhhJqJsAELxw1MxYQ4AKIG54vbwIABgZwlHPqJkARhLqJgAEj3p2NgJUAHHDx4sAgBEiHPWMmglgJKFuAkDwqGdnI0AFEFeYWgUg1oXzDS01E8BIQN0EgOARnvaOABVAXGEqAoBYF846Rs0EMBJQNwEgeNSx3hGgAogrHrePOwoCiFl+v18ejy9s16NmAoh11E0ACF64a2YsSYz0ACwNTVq1tkKWRqskqSA3W0vKSlWQlxPhkQEYqdwdPiUlGyM9DAAYNHdH+N/QUjMBxDLqJgAELxI1M1ZEvAN1ZVd4mp+brfzcbFkarVq1tiLSwwIwgnm9ftanAhBzfD5/RKZUUTMBxCrqJgAEL1I1M1aEtQPV0tCkDa/tkMPh0thMsxYvnKv6rvD0+w/cIUn64fI1sjRa1e5wqXz9m2pusctkStaC+bPoSgUwbLo7AwyGSI8EAAbm90e2I4CaCSDWUDcBIHiRrpmxIGwBqqWhSY+teEkOp6tzQ51Uc8AiScrKMAf2y8owq77RqkeWr1GzzR7YXnPAogeX3UKICmBY+Hx+uTu8TK8CEBPcHd6IdjNRMwHEGuomAAQv0jUzFoRtCv+GTZVyOF26s6xUT/74Pk0vmqxmm12ZGWYtuHZ2YL8F185WZoZZzTa7phdN1pM/vk93lpXK4XRpw6bKcA0XQBzwev18ygYg6rk7fFExnYqaCSBWUDcBIHjRUjOjXdg6UNsdnZ2nM4oLlWpK1r13LerxvKWhSSZTigrycvToQ0t7PDejuFCrTzsHAAwXj6fzTqmjkphiBSC6dE6l8kbVG1pqJoBoRt0EgOBFY82MZmELUMdmpksH67VqbYXuXbIwsP3Mqf2mlGTNuLhQixfOVaopWZK06sVXPzrHMHA4O/Tks39S0dQLdeP8WWc9f7SpRY8//ZJu/eyndeknpvR7rnf21uo3z23UV79044D7AohOXq9ffpdXSckJMvDOFkAU8Pv96nD5onIqFTUTQDSibgJA8KK5ZkarsE3hL1s0V5kZZu3Zd6DHdpMpRVLnfzBTSpIkvyqrqvX4ivJAx+me6jplZphVtmjusI5px65qHW+x99jm90vb3n5frfa2oM5x8UWT9POH79HFF00acF+Hs0M/+9WLeub5v57TeAGEjs/nl9PhlcfNNCsAkeVx++R0RPc6VNRMANGEugkAwYuFmhmNQh6gWhqa9MjyNfrGQ79WS9eap93bj7fYlZVp1oPLFsuUkiSHs0MLrp2tWZcVydJo1YpV6yVJmRlmtdjs+sZDv9Yjy9fI0tA0LGOzNrdqx67qHtuOWVv09rv/DPocSaMSlZE+WkmjwtbMCyCE3G6fHO0edXT45PX6uj/fAYCQ8fslr8enjo7O+uOOoT+uqZkAIoG6CQDBi+WaGU1CnvqtXfemLI1W5edmK+u0G0Y9tqJcDmeH7iwr1RUlRXpw2WI98sTz2l5Vre8/cIdq6iyqqbNIku5bslAbNlXquM0uS6NVq9ZW6OEH7hjy2GZc/DHt3L1fsy4rUlZmZ7C7vWqfzjOPlv+0JP6Y1aY/bHxL/6z9UG6PRxMnjNc9t9+gzAyzDn54RL9Zs1FfveNGZZw3Rj/75QuaXVKs3e9/oMZjx5WTlaGvfOE6+Xx+/eKZP8rh7FCdpKo9NYFp//+o/VAv/uUNHbO2KCcrQ7d97mp9fMoFgXN/amaxtldVy3bC3uPaTleHKt6o0ra398p+sl3m0am6/fPXaHpxoWytp/ocy4UF50uSDlmO6vk//E2WxiaNSkzUrJIi3XzDHEnSH/+6VTuqquXz+XXFzGLdfOMcpSQnDfl3DsQKr8cnr0eSfEowGmRMMEgGKSHBIIPBwBpWAM6J3985Zcrn80t+yevzyzcC1p2iZgIIFeomAARvpNbMaBDyALX2YL3yc7P1/dMCz3aHSw5nhyRp9dqKHvtndXWoZnV1nR5vsasgLydw06kfLl8jS6N1WMY2o7hQDodTO3ZV68b5s9R0/IR2v39A1119udZXbA/s19bu1IUF47R44Vz5fD49V75Jf3p5m77yhet7Pe//vFOtL992ncaMTtXKF1/VK6/v1Jdv+4y+e/8X9dv/fkXp5jR94aZ5SktNkaXRqt+98Io+eenHdfWnbtI/aj/U83/4m/7jnpslSU6nS9U1h/TvX/6sPB6P/mvNRr1ZuUc3XT9HPp9fHq9XX//K52Qek6a3Kt9T+fo3NSF/XGBtnd7Gcs/tN8jafEK/XrlOhRfm6atfWiBXh1tvv/sPeTw+rXv176qu+Zf+456bNWZ0qp4r36SXN/+Pbrp+zrD83oFY4/PyogMAwaJmAsDgUDcBIPqFZd75mR+edd8cqnva/ukh6tTCArU7XLI0WmVKSQp0hoZCUlKi5l9Vopc2bNGsy4q07e29yj0/S1MmF/TYb9IF4zXpgvGBxxdNuUDVNYfkdHX0et7rr5mlwol5kqTiaRNVXXNIPp9f5jFpMhoTAtP+Jen9fx5Uunm0rrv6cqWlpmjmJRepak+NDlmOKiszXaNGJeqz112p/PFZkqSJE8aruWvd1lRTcqBjVJI+8fFJqtxVrROtp5Rx3pg+x9Lh9ujd9z9QSnKSbv3sp5VuTpMk5V8/R632NlXX/KvHcZ+5+nK9+vrbcjhdMqUkD+2XDgAAAAAAAMSQkAeo+bnZsjRa9cjyNRqbma4F82epIC+n64ZRBi1eeJV2v39AYzPTNSEvW7NLitXc0hoI6ywNTSrIy5EkPfZUueq7lgMYLlMnF2hshlnrK7brX4eP6Eu3zJfR2HNp2MZjzSpf96YONzTpVJtDkjT5wtw+z9n5swXnmNUmS0OT7v/eUz3JI6mOAAAXu0lEQVS2F07MU1ZmuoxGY5/rqzpdHVpfsV3v7v1AttZT8vv9Z127r7Ecs9o0Os2kpKRRPba3nmyTw9mh58o36bnyTYHtmeeNkdPlJkAFAAAAAABAXAl5gHpXWalWrq2QpdHa+dXQpJ89tFTz5lyqja/tkKXRqgfvXSypc2p/c0urCvJydGdZqVavrdBjK17Sg8tuUUFejo7b7MrPzdZdZaXDNr6kpESVzi3Rr1b+RZdc/DFNuiBX9lPtgee9Xp/+9NetOtnm0P133yTzmDRt3vqO6g41Dsv1x2VnaEJejr7yheuUclo4mZKcpCPHmvs9dtd7tdq+c5/KFn1aF025QJaGJv3+j38L+rp1hxrV0eHuEbKmj0mTKSVJC0uv0PTiwsD2hASDxqSlDvKnAwAAAAAAAGJbyAPUgrwcff+BO9TucOmR5WvUbOucfj5vzqXave+AKquqVXPAoqzMdB1uaJLD6QrcWEpSjxD10YeWhmSMhZPy9LUvLVDu+VlndZ8mJCQoJTlJoxKNSklOUnNLq97dW6t08+hBX8eUkqS887NUf8Sq1pNtSh+TposvmqQtle+pak+NPjWzWF6fX7v3faAZxR8b+HzJSTIYDBozOlUej1eVVdV9LitwposvmqTXt72rv7z6d10/75NydbhVtXu/5l9VoqKpE/VW5Xu6IH+cMs4bo2NNLbI2t+pTl1886J8ZAAAAAAAAiGUJA+8yPNaue1PNNrumF02W1Ll+54PLFmvWZUVqttlVU2eR1DkFffXaCm2vqtYVJUW6s6xUDqdLj614SZaGppCMLdFoVPG0icrsWjf0dAaDdNP1V0qSvvfoSpWv36KphRPO+VrXz7tckvTgD3+jja/tUEFutu5cfK2q9tTo2z95Vj94bLUsDVaNGmUc8Fz/VjxZs0uKtWLVev34//9e2VnpPbpY+1OQm60v33ad6g416rs//a0e/dWL6nC7ZTQadPONc1Q4KU/Ln35J//mj/9Lzf/ybkpNHDXxSAAAAAAAAYIQx+P3+sNzu77GnylV7sF5P/vi+wE2kemNpaNJjK8rlcHYEOlG3V1Vr9doKmVKSA9P5AQzdh4caZTAYBvUlqc/H3d+f/m9/3/e3DQAAAAAAIBqErQO1OzTdve+AJOmpleu09IHl+vaPn+3RWVqQl6MHly2OSCcqAAAAAAAAAJzO+IMf/OAH4bjQ+JxM7dy9X7v21Gjjazt01GpTZoZZLTa7Wu1tmjljWmDfdHOaiqdNDOw/NjNdV5QUaWxmunbtqdG+/Yc0b86l4Rg2MKK1njhJByoAAAAAAEA/wtaB2t1ZOr1osqZMytesy4r0/QfukKTAjaUkaeWLFXpk+ZqzOlE3b31XV5QUKT83u8f+AAAAAAAAABAqYVsDtS8/XL5G9Y1WFeRmS5IsjVZlZpj16ENLOx+ftibq2Ayzmm125edmB8JXAOeONVABAAAAAAD6F7YO1L7cVVaq/NxsWRqtsjRalZ+brfuWLAw8392JOmVSvpptdk2ZlK+7ykojOGIAAAAAAAAA8SLiHagAIocOVAAAAAAAgP5FvAMVAAAAAAAAAKIVASoAAAAAAAAA9IEAFQAAAAAAAAD6kBjpAQBANDMYJGNighISDDIY1PXFmq0Azp3f75ffL/n9ks/nl9fj00hZkZ6aCSAUqJsAELyRXDMjiQAVAM5gMEhGY4ISjAYZjbyBBTC8Om+81/m90WjQqFEJ8nr98nn98npj7w0uNRNAqFE3ASB4I61mRgsCVAA4jdFoUOKozi4AAAgXY9cf0UafQR63T15vbLyzpWYCiBTqJgAEL1ZrZjQhQAUASQkJnZ/MJdAFACCCEhIMSko2yuf1y+32yeeLzje31EwA0YK6CQDBi5WaGY24iRSAuNf5IsIbWgDRI8HYVZeisEOJmgkgGlE3ASB40VwzoxUBKoC4ljgqQckpRhbrBxB1DAaDklOMSkyMnrdr1EwA0Yy6CQDBi8aaGc34LQGIWwldC2oDQDQblRQdXUvUTACxgroJAMGLlpoZ7ajmAOKSwWBQUpIx0sMAgKAkJUW2e4maCSDWUDcBIHiRrpmxgAAVQFxKSkoQrw8AYoXB0Fm3IoWaCSDWUDcBIHiRrpmxgN8OgLiTYDQwRQFAzIlU7aJmAohV1E0ACB61q38EqADiDmtRAYhVkahf1EwAsYy6CQDBo371jd8MgLiSmJighAQ+VQMQmxISDGG9Uyo1E0Cso24CQPDCXTNjSWKkBwAA4WRM5A0tgHBr0uYnX1D5YWniwtv0/+bkDOlsxkSDPJ5hGloQ1wKAWEfdBIDghbNmxpKIBKjtDpc2vlap7Tur5XC6gj5ubIZZ8+ZcqnlzLgnh6ACMVAaD6AgAEH4fvqvNh72SpH9tfVcH55Rq0hBOl5BgkMFgkN/vH57x9WFoNdOpI7u3qPyNA6rRVD38RenZJ2qkyYUqXXiVZo5LGdaxAkB/YqFuuu0H9Nb6Sr2136rzyx7Q7F3LtaopW8WzZmvxrEKljxrmwQJAH8JVM2NNRALUp1auU+3BeplSkjRlUn7Qx9UerFf5+jdlMiXripKiEI4QwEhkNA5+KsKGTZXa+NqOwOPeatZxm133LVmogryhdZUBGBmObF2pR9bb5BmToemT09S8v17N3U/aqvWL5a0qzmxTzT6b7IkZWvzNuzRv3OCukWCUvCHuDDiXmilJsu/Xql++rEpb1+Ou0uj2uHS0plrP/rxaf77sen3n1mlKH5aRAsDAorduenR46wt6fL1Vjq4t53f962iyqmr9elVtytbiZbdpXh4TSAGERzhqZqwJewW2NDSp9mC98nOz9eCyxUo1JQ/q2EeeeF4bN1USoAIYNMMwLOViabRqamGB7l2yMLBtw6ZKtTtcqjlgUe3Bel195SWDqm0ARpI21e6zySNJJ23as8d21h6OxnpVNXY98Ni0u65N88alDeoqCQkGeRXiTqpzqZmOfXrq0U3a4+x/t+ZdL+t7To9+tqRYqec0OgAYnGitm0deX6UfvWLvfyenVeVPrJL7/y7VZwb5gRsAnItw1MxYE/aVYU2mFE2ZlK8F184edMBQkJejKZPy1Wwb4AUGAHphMAx9+r7D6dKefQd6fW7Dpkpt2FSpzVvfGfJ1AMSqNM2eNX4Q+4/X/ykZXHgqDU89G/5rtGn78wOHp90c+zbpmaq2QY8LAM5FVNbNDyv05EDhaYBdf362QgcHPSoAGLxw1MxYE/YO1KxMsx68d3G4LwsASgjRi8DUyQVyOF2acXGhUk3Jml1SHJLrAIgNo0ypMkmBqZimyZ/QvWVXamqmdPzANq1atVe13SFjSqpSz2Fdu1DVsyFdo2GbNtYM7pDqTdt0uKRUEwZ3GAAMWvTVTad2bqr+aImXYNiqtWH3Vbp/ButIAwitcNTMWBP2APV4i1179h3ocfOo6UWTw7p2oMPZoSef/ZPqDjUGthkM0rjsTN362U/r41MuCNtYAITPcEzh79bucGnV2ooe3aimlGQtXjRXWZnm4bsQgBjSqsNV27R6XV0gPFXOJ/SdZdeouyc1q/AaPfh16Xs/36ujkuSs0zPL/6rFZVfqirzgVwQNx3vawdbMI/stgwsCJMlmUXWLNCFzsAcCwOBEX908oKpBfugkSdX7Dkkzpg3+QAAYBPLTs4UtQG13uLTxtUpt3vruWc9t2FSpgtxsLV44V1MLC8I1JM2/6jLNm3OpJMnv8+n1v+/Wyhdf1Tfv+bxyzx8btnEAiD2PryhXfm6OfvrdpdqwqVI7dlXL4excB5U1moH4dHjdC/rRtvYe2yZeOVNnTegfN1PzJuzV7w93PnQ01mj1ExZZvvk1leUFebEofFN79HA/01BN4zV9ur3XgDXV0ctGABhu0VY3jx3p/CCtD2OnXqiS3v5az/SoVeImfABCK9pqZhQIS4Da7nDp8RXlsjRalZlh1jVzLlFBbmfH6XGbXZU796n2YL0ef/ol3VlW2m/4kGpKliklaVjGlZKcpIz00YHHV15+sd5+559qOm4jQAXQL1NKsu66tVTtDpd27KoObA/nh0AAEP3Murrs3+TYs3Pw3akAEIdMU6/S4rz3tPnlSI8EAHC6sASoT61cJ0ujVbMuK1LZork9bh41VdIVJUXaXlWt1WsrtHpthSbkZvc5pf/euxaFZIw+n1/v/aNOJlOyJnRd+5nn/ypJuvv2GyRJ7+yt1XPlm3T/3TdLkn7xzB/lcHYEzmFKSdL9d98sW+tJ/ea5jT3On3neGH3767f1CGwBxJ5vfe0WPf70S4FatLvHFP4kla97Qxs3VWpJWSlhKhBnJiy6Td/L26bV62pk6Vrj9F/bdurI7Gt6dqEe26nNhz96aMqd2jWFP5yjHX4FE8zSvtO7UM26+usLNXP3ev10W1/dqWYVzA/H6AAgyowrUIH29uhCNU29Sg/fLP1++WZV93VDvuKpujsc4wMA9BDyAHV7VbVqD9ZryqR83XVraZ/7dXedrl5bofL1W/StZbeEemiBO2Z3M49J1bI7FyozY+D1Cyfk5+hH/3mXfH6/OjrcWvniqzIajTo/J1P5udn6+cP3SJLsJ9v09OoNmjI5X2NGm0L2swAIr+4Pgip37lN+brbqG62aN+dSNds6Q4Ly9W9q2ZJFrIcKxJV0TSi5QQ+P8ejrz3atg9q0Vz9dobNuIhX4gzllsu5+4AaNhFvPZU0r0NhXum+IEkx4KimjQEXjwjRAAIgqF2r6VAXWQf0oPN3Sd3gqqWh6YXiGBwDoIeQB6p73P5AkLbh2tqTOm0itXlvRY59ZJUW6outr89Z3VFNn0fEWe6/Bg6WhSe0O17B0dvW2BuqK1et1/903qyA3u99jE41GpZvT5PdLL2/eobZ2p76x9KZAqJKUPloer1d/eWWbMjPMKlv0aSUajUMeM4DI2lP9Ucdpu8Ol2oP1+tbXbtHmre+otq5emRnmwJT+yqp9gdoHIH60n2zX6ct6Our26vGf7O19Z2e72t2SRoVjZCGWd6VunFqt1TVBhqeSiq69UhPCNDwAiC4pmnltkf5cU632IMNTZRRpwYyUsI0QAPCR0Aeo1XXKzDAHAk+Hw6maOkuPffJzs6WuDtQZxYWqb7TK0tjUa4C6dt2bqj1Yr2eXPzDksZ25Bup1V1+uf35wWLV1lgED1G5Ve/Zry/b39LU7Fyh77EdLefv9UsUbO3XwwyM9glUAse30G+HV1FlkSknS1MICjc1M13d+8qxunD8rgqMDEHltqqo6Moj9j+itqjbNnJ0WshGFT5quuP1zSm1KU3oQ4amp+FrdXTISfm4AOEcXlOobSy/UqJy2gcNTmfW5paWaFK6xAQB6CMsaqFmnTYkvyMvpN/zsXvvU0tCkGcU9pydYGppUe7A+qCn2Q9HucPW63ev19Xhcd6hRL/7lDV0/75OafGFuj+eq9uzXa1t2aekXb+gRrAIYOTZuqtT04o9JkiyNTZKk2SXFmjq58wOjsZn8vw/EnzRNKc5QYp1NnjEZmj45Tc376wNrokqSKTdfxZltqtlnkz0xQzMmj6AQ0TRRMzL2a9W+/sPTsZddr+/cOk2pYRoWAESr8dMKdXjrCzrYX3iakq3Fy27TPJY8AYCICUuA6nB+FEj2N4Vf6gxJpY+Ch81b35HJlKIdVdWBztXhmhLrdHXI1npKUucU/r/v3KcWm13TCrvDD7P2/uOgrM0nlJQ0Slu27wkca21u1e9eeFUTJ5yv6cWTA+dJS02RpaFJL/z5dX3y0o8rf3yWbK2nlGAwKC0thWn8wAhRc8Ci4y2tWrak62ZS7x/Q9KLJyso0s+4pEOfGz7lLT885bcOHFfr2L7vWBs0o0v0PjPAOIvM0LXnoQpXu3qLyNw6optEljyQlJqtgcqFKF16lmeOYggoAnRI1Yc4dWj79gN5aX6m39lt1tCtMNeVkq3jWbC2eVaj0kbDUCwDEsJAHqPm52bI0WgNrmvY2hT8zw3xWgDqhawp9+fotPfYrWzT3rM7Uc/Xall16bcuuwOPzzKN1x+fnq3BiviRp7uzpqq2r13d/+juNSUvV7JlFOt51g5jDDcdkbT4ha/MJfecnvw2c46tfulGNR5vV1u7Um9v36M2u0NWUkqT7775Zky7ocR9eAFGuIC8ncJOoM82bc2kgLK2ps7DeKYDeXXCJ5k3Yr/LD0sQ5l4zs8DQgReNnlOr+GZEeBwDEhlHmQs27vVDzIj0QAECvDH6/3x/KC2ze+o7K12/R1VdeorJFc/vd19LQpEeeeF6ZGWY9+tBSSZ1dXivXVqjFZteN82cRUADD6MNDjTIYDIP6ktTn4+7vT/+3v+/72xYKptRz/8zoeItdNXUW7Xn/A9XUWfSzh+7usbZxu8PFWscAwsrR7gnp+YdSMwEgGlE3ASB4oa6ZsSbkAWq7w6UfLl+jFptdd5aVBjpNz3S8xa7HV5Sr2WbXsiULe3SZtjtcqqzap9klxQQUwDAiQAWA2EUQAACDQ90EgOARoPaUEOoLpJqSA52nr299R7V19YFp+lJnOLp567t6ZPkaNdvsmnVZ0VlT9FNNyZo351LCUwAAAAAAAABhFZaPyLrvam9ptOqxFeV97scUfQAAAAAAAADRJCwBalaGWZkZZmVlmDW1sECWhqZAqCpJUwsLNLukmDtXAwAAAAAAAIgqIV8DFUD0Yg1UAIhdrOUHAIND3QSA4LEGak8hXwMVAAAAAAAAAGIVASoAAAAAAAAA9IE5BgAAABiyY9YTkR4CgDgzLvu8SA9hSKibAMIp1mtmpBGgAgAAYMh4Uw4Ag0PdBIDYQYAKAH2gKwBAOPGHNAAAABCdCFABoA+EGQAAAAAAgJtIAQAAAAAAAEAfCFCBOOX3+yM9BAAAAAAAgKhHgArEKa/XF+khAAAAAAAARD0CVCBOeb3eSA8BAAAAAAAg6hGgAnHqXDtQDQbDMI8EAAAAAAAgehGgAnHK66EDFQAAAAAAYCAEqECcYgo/AAAAAADAwAhQgTjFTaQAAAAAAAAGRoAKxCmXqyPSQwAAAAAAAIh6BKhAHPJ4vOrocEd6GAAAAAAAAFGPABWIQ21t7f0+bzAYhu1aw3kuAAAAAACAcCNABeJQe7tzSMcTigIAAAAAgHhBgArEGb/fL6fT1WNbdyAa6mCU4BUAAAAAAMQaAlQgzvTVfXpmiBps2EkoCgAAAAAARjICVCDOtLc5BrU/ASkAAAAAAIhnBKhAHHE6XTrV1i6DDDIYPvoCAAAAAABA7whQgThywmYf1P6EqwAAAAAAIN4RoAJxwuFwqt3R+/qnA+ktSO0vXB1M8EpICwAAAAAAohkBKhAnjlttQzp+uAJTAAAAAACAWEKACsSBU6fa5Xa7Q34dglQAAAAAADDSEKACcaD5+NC6TwEAAAAAAOIVASowwh0/bpPH44n0MAAAAAAAAGISASowgrWeOKkTttZen+uebt/Xv/0dAwAAAAAAEC8IUIERqu1Uu6zWZhkMhs7gs+tfgwwDhqfBhqgEqgAAAAAAYKQjQAVGIKfDpSNHmoZ0jkDwOsRzAAAAAAAAxDICVGCEcbs9qm84Ir/fPyznIwQFAAAAAADxLDHSAwAwfNrbHWpoOCq/zz+sweeZ5zqXcxPEAgAAAACAWESACowQJ07YdeyoNTD1/vQvnTEdfzBrng5kOM8FAAAAAAAQbQhQgRjn9/t19KhVrSfsA4aXA91Aqr91T0MRjBK2AgAAAACAaEeACsQwr9cry+FGOZ2uYZ+y39v5eutiBQAAAAAAGMkIUIEY5Pf7dcJml/V4s7web69dpP11kwIAAAAAACA4BKhADPH7/Tpxwi5rU7M8Hk9wQWn3Puo9XO3v2N7OzQ2kAAAAAABAPCFABWKEvfWkjh61yu12D3uwea7rn/YXwhKaAgAAAACAkYAAFYhiLleH7PaTOnHCLlcv65yeGXqe1WF6DtP4g1n/tL9jAQAAAAAARhICVCCK+P1+tbW1y956Unb7Kbndbkk6a8r9YLtPe5u+P9DU/3N9LliErQAAAAAAIBYQoAJh5vP51NHhltvtltvtUUdHh9xuj9xut9rbHfJ5fZJ6nx7fW7fpmY8He/Oo/o4ZjmUCAAAAAAAAYtn/AoiaWYcpGGxfAAAAAElFTkSuQmCC" height="600" width="800" />  </system-out>
  <testcase name="LoginUnsuccessful_002" time="25.423" classname="testcases.LoginTest"/>
  <system-out>
<img src="data:image/png;base64,iVBORw0KGgoAAAANSUhEUgAABVAAAAJcCAYAAAAfG4+9AAAAAXNSR0IArs4c6QAAEYpJREFUeJzt2LERgCAAwEBk/3WxsZABuNRa/E+QOte9nncAAAAAAHCYXwcAAAAAAPyVgQoAAAAAEAxUAAAAAIBgoAIAAAAABAMVAAAAACAYqAAAAAAAwUAFAAAAAAgGKgAAAABAMFABAAAAAIKBCgAAAAAQDFQAAAAAgGCgAgAAAAAEAxUAAAAAIBioAAAAAADBQAUAAAAACAYqAAAAAEAwUAEAAAAAgoEKAAAAABAMVAAAAACAYKACAAAAAAQDFQAAAAAgGKgAAAAAAMFABQAAAAAIBioAAAAAQDBQAQAAAACCgQoAAAAAEAxUAAAAAIBgoAIAAAAABAMVAAAAACAYqAAAAAAAwUAFAAAAAAgGKgAAAABAMFABAAAAAIKBCgAAAAAQDFQAAAAAgGCgAgAAAAAEAxUAAAAAIBioAAAAAADBQAUAAAAACAYqAAAAAEAwUAEAAAAAgoEKAAAAABAMVAAAAACAYKACAAAAAAQDFQAAAAAgGKgAAAAAAMFABQAAAAAIBioAAAAAQDBQAQAAAACCgQoAAAAAEAxUAAAAAIBgoAIAAAAABAMVAAAAACAYqAAAAAAAwUAFAAAAAAgGKgAAAABAMFABAAAAAIKBCgAAAAAQDFQAAAAAgGCgAgAAAAAEAxUAAAAAIBioAAAAAADBQAUAAAAACAYqAAAAAEAwUAEAAAAAgoEKAAAAABAMVAAAAACAYKACAAAAAAQDFQAAAAAgGKgAAAAAAMFABQAAAAAIBioAAAAAQDBQAQAAAACCgQoAAAAAEAxUAAAAAIBgoAIAAAAABAMVAAAAACAYqAAAAAAAwUAFAAAAAAgGKgAAAABAMFABAAAAAIKBCgAAAAAQDFQAAAAAgGCgAgAAAAAEAxUAAAAAIBioAAAAAADBQAUAAAAACAYqAAAAAEAwUAEAAAAAgoEKAAAAABAMVAAAAACAYKACAAAAAAQDFQAAAAAgGKgAAAAAAMFABQAAAAAIBioAAAAAQDBQAQAAAACCgQoAAAAAEAxUAAAAAIBgoAIAAAAABAMVAAAAACAYqAAAAAAAwUAFAAAAAAgGKgAAAABAMFABAAAAAIKBCgAAAAAQDFQAAAAAgGCgAgAAAAAEAxUAAAAAIBioAAAAAADBQAUAAAAACAYqAAAAAEAwUAEAAAAAgoEKAAAAABAMVAAAAACAYKACAAAAAAQDFQAAAAAgGKgAAAAAAMFABQAAAAAIBioAAAAAQDBQAQAAAACCgQoAAAAAEAxUAAAAAIBgoAIAAAAABAMVAAAAACAYqAAAAAAAwUAFAAAAAAgGKgAAAABAMFABAAAAAIKBCgAAAAAQDFQAAAAAgGCgAgAAAAAEAxUAAAAAIBioAAAAAADBQAUAAAAACAYqAAAAAEAwUAEAAAAAgoEKAAAAABAMVAAAAACAYKACAAAAAAQDFQAAAAAgGKgAAAAAAMFABQAAAAAIBioAAAAAQDBQAQAAAACCgQoAAAAAEAxUAAAAAIBgoAIAAAAABAMVAAAAACAYqAAAAAAAwUAFAAAAAAgGKgAAAABAMFABAAAAAIKBCgAAAAAQDFQAAAAAgGCgAgAAAAAEAxUAAAAAIBioAAAAAADBQAUAAAAACAYqAAAAAEAwUAEAAAAAgoEKAAAAABAMVAAAAACAYKACAAAAAAQDFQAAAAAgGKgAAAAAAMFABQAAAAAIBioAAAAAQDBQAQAAAACCgQoAAAAAEAxUAAAAAIBgoAIAAAAABAMVAAAAACAYqAAAAAAAwUAFAAAAAAgGKgAAAABAMFABAAAAAIKBCgAAAAAQDFQAAAAAgGCgAgAAAAAEAxUAAAAAIBioAAAAAADBQAUAAAAACAYqAAAAAEAwUAEAAAAAgoEKAAAAABAMVAAAAACAYKACAAAAAAQDFQAAAAAgGKgAAAAAAMFABQAAAAAIBioAAAAAQDBQAQAAAACCgQoAAAAAEAxUAAAAAIBgoAIAAAAABAMVAAAAACAYqAAAAAAAwUAFAAAAAAgGKgAAAABAMFABAAAAAIKBCgAAAAAQDFQAAAAAgGCgAgAAAAAEAxUAAAAAIBioAAAAAADBQAUAAAAACAYqAAAAAEAwUAEAAAAAgoEKAAAAABAMVAAAAACAYKACAAAAAAQDFQAAAAAgGKgAAAAAAMFABQAAAAAIBioAAAAAQDBQAQAAAACCgQoAAAAAEAxUAAAAAIBgoAIAAAAABAMVAAAAACAYqAAAAAAAwUAFAAAAAAgGKgAAAABAMFABAAAAAIKBCgAAAAAQDFQAAAAAgGCgAgAAAAAEAxUAAAAAIBioAAAAAADBQAUAAAAACAYqAAAAAEAwUAEAAAAAgoEKAAAAABAMVAAAAACAYKACAAAAAAQDFQAAAAAgGKgAAAAAAMFABQAAAAAIBioAAAAAQDBQAQAAAACCgQoAAAAAEAxUAAAAAIBgoAIAAAAABAMVAAAAACAYqAAAAAAAwUAFAAAAAAgGKgAAAABAMFABAAAAAIKBCgAAAAAQDFQAAAAAgGCgAgAAAAAEAxUAAAAAIBioAAAAAADBQAUAAAAACAYqAAAAAEAwUAEAAAAAgoEKAAAAABAMVAAAAACAYKACAAAAAAQDFQAAAAAgGKgAAAAAAMFABQAAAAAIBioAAAAAQDBQAQAAAACCgQoAAAAAEAxUAAAAAIBgoAIAAAAABAMVAAAAACAYqAAAAAAAwUAFAAAAAAgGKgAAAABAMFABAAAAAIKBCgAAAAAQDFQAAAAAgGCgAgAAAAAEAxUAAAAAIBioAAAAAADBQAUAAAAACAYqAAAAAEAwUAEAAAAAgoEKAAAAABAMVAAAAACAYKACAAAAAAQDFQAAAAAgGKgAAAAAAMFABQAAAAAIBioAAAAAQDBQAQAAAACCgQoAAAAAEAxUAAAAAIBgoAIAAAAABAMVAAAAACAYqAAAAAAAwUAFAAAAAAgGKgAAAABAMFABAAAAAIKBCgAAAAAQDFQAAAAAgGCgAgAAAAAEAxUAAAAAIBioAAAAAADBQAUAAAAACAYqAAAAAEAwUAEAAAAAgoEKAAAAABAMVAAAAACAYKACAAAAAAQDFQAAAAAgGKgAAAAAAMFABQAAAAAIBioAAAAAQDBQAQAAAACCgQoAAAAAEAxUAAAAAIBgoAIAAAAABAMVAAAAACAYqAAAAAAAwUAFAAAAAAgGKgAAAABAMFABAAAAAIKBCgAAAAAQDFQAAAAAgGCgAgAAAAAEAxUAAAAAIBioAAAAAADBQAUAAAAACAYqAAAAAEAwUAEAAAAAgoEKAAAAABAMVAAAAACAYKACAAAAAAQDFQAAAAAgGKgAAAAAAMFABQAAAAAIBioAAAAAQDBQAQAAAACCgQoAAAAAEAxUAAAAAIBgoAIAAAAABAMVAAAAACAYqAAAAAAAwUAFAAAAAAgGKgAAAABAMFABAAAAAIKBCgAAAAAQDFQAAAAAgGCgAgAAAAAEAxUAAAAAIBioAAAAAADBQAUAAAAACAYqAAAAAEAwUAEAAAAAgoEKAAAAABAMVAAAAACAYKACAAAAAAQDFQAAAAAgGKgAAAAAAMFABQAAAAAIBioAAAAAQDBQAQAAAACCgQoAAAAAEAxUAAAAAIBgoAIAAAAABAMVAAAAACAYqAAAAAAAwUAFAAAAAAgGKgAAAABAMFABAAAAAIKBCgAAAAAQDFQAAAAAgGCgAgAAAAAEAxUAAAAAIBioAAAAAADBQAUAAAAACAYqAAAAAEAwUAEAAAAAgoEKAAAAABAMVAAAAACAYKACAAAAAAQDFQAAAAAgGKgAAAAAAMFABQAAAAAIBioAAAAAQDBQAQAAAACCgQoAAAAAEAxUAAAAAIBgoAIAAAAABAMVAAAAACAYqAAAAAAAwUAFAAAAAAgGKgAAAABAMFABAAAAAIKBCgAAAAAQDFQAAAAAgGCgAgAAAAAEAxUAAAAAIBioAAAAAADBQAUAAAAACAYqAAAAAEAwUAEAAAAAgoEKAAAAABAMVAAAAACAYKACAAAAAAQDFQAAAAAgGKgAAAAAAMFABQAAAAAIBioAAAAAQDBQAQAAAACCgQoAAAAAEAxUAAAAAIBgoAIAAAAABAMVAAAAACAYqAAAAAAAwUAFAAAAAAgGKgAAAABAMFABAAAAAIKBCgAAAAAQDFQAAAAAgGCgAgAAAAAEAxUAAAAAIBioAAAAAADBQAUAAAAACAYqAAAAAEAwUAEAAAAAgoEKAAAAABAMVAAAAACAYKACAAAAAAQDFQAAAAAgGKgAAAAAAMFABQAAAAAIBioAAAAAQDBQAQAAAACCgQoAAAAAEAxUAAAAAIBgoAIAAAAABAMVAAAAACAYqAAAAAAAwUAFAAAAAAgGKgAAAABAMFABAAAAAIKBCgAAAAAQDFQAAAAAgGCgAgAAAAAEAxUAAAAAIBioAAAAAADBQAUAAAAACAYqAAAAAEAwUAEAAAAAgoEKAAAAABAMVAAAAACAYKACAAAAAAQDFQAAAAAgGKgAAAAAAMFABQAAAAAIBioAAAAAQDBQAQAAAACCgQoAAAAAEAxUAAAAAIBgoAIAAAAABAMVAAAAACAYqAAAAAAAwUAFAAAAAAgGKgAAAABAMFABAAAAAIKBCgAAAAAQDFQAAAAAgGCgAgAAAAAEAxUAAAAAIBioAAAAAADBQAUAAAAACAYqAAAAAEAwUAEAAAAAgoEKAAAAABAMVAAAAACAYKACAAAAAAQDFQAAAAAgGKgAAAAAAMFABQAAAAAIBioAAAAAQDBQAQAAAACCgQoAAAAAEAxUAAAAAIBgoAIAAAAABAMVAAAAACAYqAAAAAAAwUAFAAAAAAgGKgAAAABAMFABAAAAAIKBCgAAAAAQDFQAAAAAgGCgAgAAAAAEAxUAAAAAIBioAAAAAADBQAUAAAAACAYqAAAAAEAwUAEAAAAAgoEKAAAAABAMVAAAAACAYKACAAAAAAQDFQAAAAAgGKgAAAAAAMFABQAAAAAIBioAAAAAQDBQAQAAAACCgQoAAAAAEAxUAAAAAIBgoAIAAAAABAMVAAAAACAYqAAAAAAAwUAFAAAAAAgGKgAAAABAMFABAAAAAIKBCgAAAAAQDFQAAAAAgGCgAgAAAAAEAxUAAAAAIBioAAAAAADBQAUAAAAACAYqAAAAAEAwUAEAAAAAgoEKAAAAABAMVAAAAACAYKACAAAAAAQDFQAAAAAgGKgAAAAAAMFABQAAAAAIBioAAAAAQDBQAQAAAACCgQoAAAAAEAxUAAAAAIBgoAIAAAAABAMVAAAAACAYqAAAAAAAwUAFAAAAAAgGKgAAAABAMFABAAAAAIKBCgAAAAAQDFQAAAAAgGCgAgAAAAAEAxUAAAAAIBioAAAAAADBQAUAAAAACAYqAAAAAEAwUAEAAAAAgoEKAAAAABAMVAAAAACAYKACAAAAAAQDFQAAAAAgGKgAAAAAAMFABQAAAAAIBioAAAAAQDBQAQAAAACCgQoAAAAAEAxUAAAAAIBgoAIAAAAABAMVAAAAACAYqAAAAAAAwUAFAAAAAAgGKgAAAABAMFABAAAAAIKBCgAAAAAQDFQAAAAAgGCgAgAAAAAEAxUAAAAAIBioAAAAAADBQAUAAAAACAYqAAAAAEAwUAEAAAAAgoEKAAAAABAMVAAAAACAYKACAAAAAAQDFQAAAAAgGKgAAAAAAMFABQAAAAAIBioAAAAAQDBQAQAAAACCgQoAAAAAEAxUAAAAAIBgoAIAAAAABAMVAAAAACAYqAAAAAAAwUAFAAAAAAgGKgAAAABAMFABAAAAAIKBCgAAAAAQDFQAAAAAgGCgAgAAAAAEAxUAAAAAIBioAAAAAADBQAUAAAAACAYqAAAAAEAwUAEAAAAAgoEKAAAAABAMVAAAAACAYKACAAAAAAQDFQAAAAAgGKgAAAAAAMFABQAAAAAIBioAAAAAQDBQAQAAAACCgQoAAAAAEAxUAAAAAICwASQLCJ0nnu6IAAAAAElFTkSuQmCC" height="600" width="800" /> Username:Admin123 Password:admin1232 <img src="data:image/png;base64,iVBORw0KGgoAAAANSUhEUgAABVAAAAJcCAYAAAAfG4+9AAAAAXNSR0IArs4c6QAAIABJREFUeJzs3Xd8XXed5//X95xb1aslF7lIdtztVDtxegWSSSiBYShhh7JDm7KQmf0FCMNQpuwAu+wuZYAZAiwzMJOEhJAJJKSHdMcltuMiy1azrN7Lbed8f39cSZFsFfcry+/n45FYvvfcez/nSrLO963P9/s11lqLiIiIiIiIyIjH/gGe/W6mqxARETkjhj5/gIHBITq6eoknUgCEQwGKC/PIzoriZLg+ERERERERmWluuiv9n4iIyDmgf2CIxuZ2huIJfOvjW5+heILG5nb6B4YUoIqIiIiIiMgErvoU3Pq3YEymKxERETmtOrp7p7xPAaqIiIiIiIhMbOMd8O5vgRPIdCUiIiKnTSKZnPI+/RQUkRlHSzOLiIicPYy6E2e/9e+EUDbc++eQGMx0NSIiIqec70+eQ/i+VQeqiJxZ1tpp/xMREZGzh362nyNW3gQf/jeI5GW6EhERkTNOAaqInDYaQImIiAjommDWqLgQPnYvZJdkuhIREZEzSgGqiJwyGhiJiIjIsdJ1w1mqfCX8yf1QMD/TlYiIiJwxClBF5IRp4CMiIiKniq4rziLFS+Bj96X/FBEROQcoQBWR46aBjYiIiJxuut6Y4QrmpztRy1dmuhIREZHTLpDpAkTk7JCpAYwGTiIiIjOPMeaMvdbYa4Ez+bpyDLJL0mui/uRD0LAl09WIiIicNupAFZEpnc7uD+3aKyIicnbK1M9wXR/MQJE8+PC/wcqbMl2JiIjIaaMAVUQmdCoHKApHRUREzj2n8+e/riVmmFAWvO+fYP07M12JiIjIaaEAVUTGORUDEgWlIiIiMplTeZ2ga40ZxAnAu78FG+/IdCUiIiKnnNZAFZFRJzMAOVODFw2SREREzrzTufboqVjj1Fqr9VFnAmPg1r+FcC48+91MVyMiInLKKEAVkYwHpwpFRUREZrbj+Vl9MkHmyOucyHOczGPlFLvprvTaqI/9Q6YrEREROSUUoIqc404kvJzsMWMHLBq8iIiIyHTGXlNM9vHxXlOoG3WGuOpTEAjDI1/OdCUiIiInTQGqyDnseMPTqYJTDVRERETkeB35y9eJ1jQ9kc5ShagzxKaPQiquTlQRETnraRMpkXPU8YSnk23QYIzBcRwNUEREROSUmOra4ng3jNISQTPEVZ+C6z6T6SpEREROigJUkXPQqRh8qOtURERETpeprjMUop6FrvuMQlQRETmraQq/yDnkVA04HEe/exEREZHTayRE9X3/qPuOZ1q/NpeaIUYC1Cf/V2brEBEROQFKQUTkKApPRUREZKaY6tpDHaZnGXWiiojIWUpJiMg54lgHGFMdp84NERERyYSprkFOxTWOnEEKUUVE5CykAFXkHHAsA4Zj2ZhBAaqIiIhkwnTXIMe6wZRC1BlCIaqIiJxlFKCKzHKnYjBhrdXUfREREckox3GO6ZplOgpRZwiFqCIichZRIiIyi53sIGKkm0PhqYiIiMwEIyHqdNcv01GIOkMoRBURkbOEUhGRc9ixDj40dV9ERERmgrHXJCcbosoMoRBVRETOAgpQRWapkxk4KDwVERGRmepYQ9TpKGSdQRSiiojIDKcAVWQWOpmpa0fergBVREREZpIjr02O9ZrmRI+RM+S6z8BVn8p0FSIiIhNSgCpyDjqZgYaIiIjITKNrm1niprtg00czXYWIiMhRFKCKzDInujvtRLdba9WBKiIiIjOKMWbS65aJnOi1kWTIzV9SiCoiIjOOAlQROa5BiIiIiMhMoOuXWUwhqoiIzDAKUEVmkVPVYaHBh4iIiJwNTtW1ja59ZqCbvwTnvyvTVYiIiAAKUEXOGVobTERERM4FuuaZRd71DVh5Y6arEBERUYAqMlucyKBAU99ERETkbHeqrmd0DTQDOQF473eh8vJMVyIiIuc4Bagi54ATnd6mgYSIiIjMRCd6zaJrm7NQIAwf+CGULc90JSIicg5TgCpyjppu4KEBhoiIiMxkupY5h4Rz4L/8DIoWZboSERE5RylAFZkFphognMi0Ng04RERE5GxwItc0x3vdJDNEXhn88c/Sf4qIiJxhClBFRIMFERERmRV0TTPLFS1Kd6JmFWa6EhEROccoQBU5yx3vQOF4prtpECIiIiIz0VTXKyc7lV/XPzNc2XL40E/Sa6OKiIicIYFMFyAip48GDDIbWCy+9Un5Hv2Jfhp6D3FooImWwTZaBlvpjHURS8XwsQSdIFnBKKWREm6tfCtVhUswmEyfgoiInGbWWow59n/vj/d4mWEWnA/v/S78/OPgpzJdjYiInAMUoIqcQ46nI0NhqswEvYk+DvTUsrezmt2de6jtracn3oePDxaMIf2/0S/X9I3nFSwlGogoPBURmcWmCkGPvE+B6Sy08kZ41zfg/s+C9TNdjYiIzHIKUEVmqZPpPlV4KpnmWZ/dHXt5vP5pdrTvojPehbU+jnEwxuDiYrEYA1mBbOJeHM+mMMYh7IS5fO5GyrLnZPo0RETkNBsbjKoL9Rx0/rtgsAse+XKmKxERkVlOAarIWUxBp8xGFstjdU9xf/WDdAx1ggEDOMYFwMfiWY95WXPZUH4RB3pqqe7ej2fBt5aFeRVcuWATAUc/4kRE5MQoXD2LbPoo9LfBs9/NdCUiIjKLaXQpco441s2i1Ikqmba3cz8P1DxEZ6wLxzGMfBlawPM9ckI5vHvp21ldvJL/2PcAOzp24RoHgyHuxbmt8maKItqdV0RkNpus83SqjlSForPYTXdBYgBe+kmmKxERkVlKAaqIiMwYQ6khHq9/itaBNlzjYG26I9VgyA3lsK54De9YegvNAy38zy3f5vDgYQImgAVS1mN18SouKbsg06chIiIiZ9otX4ZYH2z7ZaYrERGRWUgBqsgsNF3nqLpPZSay1tLY18T29p1vdg/hkx/K5/zSdVy74Erm55TzSO3veLz+afoSfbgmMPxYn4JwPp9e/zGCbjCTpyEiImfIiXShTvUccpYzTnpTqd4WOPB8pqsREZFZRgGqyFnqeAJOhaFyNrBYDnTX0j7UgQFSNkVVfiW3Vb6NC+espyveww92/oTtbTtIekmMcUYfhzHctPBaFuYtyOxJiIjIjHY8ganC1bOQE4AP/BDueT80bst0NSIiMosoQBWRoyhwlUzwfI+9XdV41sMxDu+o/ANurXwrhZFCXm9/gx/u/DHNA83pg4cHtAbwrGVD2UXctOh6DBroioicSxRyylHCOfChH8P33wkdBzNdjYiIzBJOpgsQkVPrRDtTFZpKpnnW4/BgM7nBHD659qN8eM0HKc4qprr7AD/YcQ+H+5uHA9IxA2UDhZFC3rL4ekqzSjJWu4iIZN6JXtfoGmgWyipKh6jhnExXIiIis4QCVJFzjAYUMlMl/STRQJQ/Xf9xrl94DQDVXTX8846fcHigGWMMY4bG+NYn7Ia5vepWzi9dm6myRUQkA3Q9I9MqXgLv+z64mnQpIiInTwGqiIyjQYZkStAJ8r7l72Hj3IsIOC5tg+3cs/Nfqe6pwTEjP67SwalvLXOzy/ij827nLYuvx3XcjNYuIiKZo2sXmdTSK+Ht/5DpKkREZBbQr+NEZrljGVRo4CEzQdgNs7SwEgMkvATfeO3/srtzD8Y4pHwPYyArmM15BUu5cM461pSsYnFeBa5ReCoiImnHsiaq1k09x1z4h9B+AJ79bqYrERGRs5gCVJGz0IkGnsezNphCVTnTRgazFstvah9nb+9BKvKXsDhvEZV5C1mYM48FuXMpihQSdIJjulJFRORcNF0QOvb+Ew1NFbbOEjf+d+iohV2PZLoSERE5SxmrlETkrDPZt+1Et08Wmk708US3RSKRkytW5DhZa+mP9xEyEEomsPF+bCqW3joqEMYEoxDOTv/p6PeAIiLnolgsBjAu3Bz5eKLbpvp4qtumul3OMskYfP/t0Lw705WIiMgMtO2Pnpnyfo08RUTkjLDxfuxQFyRjmGg+hHMxgTAc0UlqrEdWfwupAy8Sr9+MbT+AjfViMZhQFiZ3DqZkCU7pMgLz1uCUVEFIu+yKiIjIFIIRuOPH8IN3QM/hTFcjIiJnGQWoIuc4NaHLaWUttr+V5P5n8A7twA60g5fEhLMhWoBbvAR34UU4JcswwZFuZ4MJRAkULcILRrGlS/HbD+C3VuP1tUJ/GzTvxglFSeXPxZm7lsCqtxKYtw7cYEZPV0REMk/T7mVS+XPTIeoPb4d4f6arERGRs4im8IuchU7lFP7pbtMUfjlRNhkjtee3JDb/Ar+7EXwPxn6NGgOOiwlGcOacR2jDHbgVF2PGhqDWBz+FTcawQ914rXtJ7niIVN2r4PsY44DjYMK5BFa9hfAVn8AEs878yYqIyBk1MoUfpp66ryn8MqH9z8FP7khfZ4iIiDD9FH4FqCJnoWMNUCf7+7GGqtZaotHoyRcs5x4vQfylHxF/8ceAxRhnTEeQBQtgwJAOVa0PGAIrbyB8xSdx8uenA9aJpBKkGrcQf+67+C37sOlnAi+FU76M6K1/j1O4aPLHi4jIWW9oaOiokHS6sPTIIHS6v093u5zlXvgXeOTLma5CRERmCAWoIrPMVN+yJxOgTnabAlQ5Xnaoi/jT/5vEzkfSHaLGYK2PE8nDKV2KU1iBySmFVBzb14Lf24Ltb8PvaQLfx5m3hsi1f4E7//ypXyfeR/L1B0lsvRfb25q+zfo4xYuJXv8ZnIoNGMc9E6csIiJn2EQB6tiPT2WAOt19chZ76PPwys8yXYWIiMwA2kRKRACtdSpnSHKI+Es/JrHjP9PhpTFY38MpXEDo4vcRqLwCJ7skvVap9bGpOHaoB7+zltT+Z/HqN+M37SD+5LeI3PpVnIKKSV/KhHMJXfR+nNw5xF/4EX5nHcZx8Tvrib/wI8I3zsEtqTqDJy8iIjOZ1kaVo9zyFeisS0/pFxERmYIz/SEiIiLHwHok3vgNyR0PjQ9PS6qIvu1vCK57J07e3Dc3ejIOJhjFySsnsPhSItf8GZGb/4bA2lvxWvcy9MiXscmhqV/TcQmcdx2hKz+Bk1c+usaq17STxNb7wEue5pMWERGRs5YbgPd9H4qXZLoSERGZ4RSgiojIKeH3NJN847eQiKXXH7UWJ5JN+LKP4M5bi3GmmfQQiOKWrSRy/Z0EN96Bd+BFUrUvT//CTpBA1VWELvsIpOIYY7DWktrxEF579Ymdi39sm0pYa/E877R0ePu+TyqVOjXPNVznsZ7XsfA8D8/zTtnznUkWSywVI+Wf+Pub8lPEUnEs6u4XETmrhXPgQz+GrKJMVyIiIjOYpvCLnMMmCn001V9OiO/hHXwev2kHDG/rZByHwKpbCFReduwbOhmDCeUQ2fRxjHFI7nyYYNWVMM1apsZxCay6GXfP70jVvoRxAthUnMTzPyTyjq+PC29TKY+XX34Zay3xRJyNGzaQnZ1Nd08PL7/8Cg/9+te0trXygfe/n9tuvRXXefN3jfF4nOaWFnbu3MnLL79CTU0N/QMDZGdlsXbtWq644nLWrllDfn7+lNNEDzc3s3PHTrKys4hEIqxcsYJoNEp7Rwc7Xt/Bc88/z+7duxkailE2p5QLL7yQTZddxvLl5xEOh6d8L6y1DAwMUFdfz7Zt23n5lVdo7+jA9zxCwRDGGEpKS8jPyye/IJ+8vDwGBwbo7unh2muu4dKNG3Gco2vv7Oyiurqa17Zu5dXNmxno68c4hvy8PFavXs3FF1/M8vPOo7CwANc9+vP1dMPv6Uv0Y4CkTXHDwmvIDeVMeS5DyRiP1j1B1A3TlxxgTrSUqyo20dh3iM0tW+lL9hN1I0TdCLFUnP7UIIPeEEEnQH4on4qceVQWLKEkWoRj3vw8dg1187VXvkFFzjw+uuYO8sJ5U9ZxpMHkEF956X+QG87hL87/BDnTnIeInF4TTc3XdH05LsVL4IP/Ave8D5KxTFcjIiIzkAJUkVlCwadkVCpOYt9TWN97c+Om7GIC512LOZFwyXEJb/qvpOo3wzF2+Bk3QPiqT+M1bAbfYpwAyZrnCXfVY4orR4+Lx2N845vfZM/evWRlZ/HEY7+jpaWV73zve/z6179maGiISCTC0NAQzpjwtKGxkf985BEeffQxgsEgc+eWM2/+PHzfp7a2jh//5Cfcd//9XHPNNXzqk5+gqrJyojIBqK2t5ZOf/jShUIirr76aL37h82x/fQf3/PjH7Nixg5ycXELBIF3dnezZ/QbPPPss//qv/8btt7+T//qxj5GdnT3pczc2NvKje+7h8SeeoKSkhE2XbeLtt95KVlYWLa0tvPjiSzz2u9+RTCa55JJLWLx4EYl4gmQqhe95jATgI1KpFK9u3szPf/4LXnzxRebPn88ll1zC6tWrCQQC1NXVsX37dn50zz1s2LCB9//RH3HFFZcTDAbH1bW5eStPN/0exxgW5MzjqvmbjuGTCvdX/4qeRC9guXnxW7iy4jLq+w7x7/seIO7F8azHpvINXFC2nmybTctgG9XdNezrqibpp6jMW8xtVTezad4Ggk66poHUIM0DzRzqb+LK+Zu4uPyC6WsZ5luf39U9yc6O3awoWkZ/ckABqsgsodD1HLfwInj3t+Dnn8h0JSIiMgMpQBWRCSmQlePh9x3Gb34DM9Ll5/s4hYtwy1ac+JMal8Cijcf1ELd0KU7hIrz2gxjHAc8jdfAFQmMCVMdxyMnJwfM8igoLycrK4sc//SkPP/wwJSUluIEAXZ2dBFx3NEYcHBriZ//6r7z6yqvcesstXH7F5cwpnYPjOFgshw8f5pe//CX33ncfDz/8MJ2dnXzvO98mEolMWGdebh6OMVjrk5OTw9591Xzjm99kwyWX8PZbb6W8vBzXdWlta+Wpp5/m0Ucfo6OjnX/6/g/Izc3jj//Lhybs8uzt7eVLX/4KL774IqtWreRzd93FBeefP+7Y66+/noqKCu75yY/p6+vjQ3fcQdmcOaQ8j2AgMC409n2fx594gv/5v75FQ0M9l122iU998hOsW7uWUCgEpKfyt7a18dOf/pQf/ege6uvr+XLWl7h04/jPXSQYIWDS72mWm4Vrpu4qBgg6AbJD2fQnB/CtT9SNYjBEAxGigQixVAzXcblgznpuWnRduh7r0dzfwi9rfs1zh16kpucAv9h7H/Oyy1hWuDT9PsV7ifsJUn6Kx+qe5MKy9eM6VKfS1N/ME43PEnQDxLwYA8nBY3qciJx6CjzllFt9M1z1KXj2u5muREREZhgFqCKzlAJQOZO8Q9uxicHRqfLWT+HOX4sJTd4peVo4AZz8uXjtB4f/7uLVb4YL/hDcdOBnjBnt4MzPy+fZZ5/hgQce4POf+xyXXXYpgUCA+voGCgsKRp82mUjgeR5/8Rd/zuWbNhEIjP/xWZCfzyc/+Ul6+/p56KGHeO655/jVQ7/mvX/4ngnLzMrKAmNwHJft27ezdetW/vLOO7n6qisJh8OjIaa1lg2XXILjuDz44IO4wAMPPsi111xDZeX4DS+stdxzz4957ve/Jy83l9tvv/2o8BQgNyeH97z7dvbt28ejjz3K579wNz/76U/ImiCQ3bFjJ9/+zndobGxk0aLF/NVf3sny884bF7K6rsvc8nI++pGPsL/mAM888zSf/8Ld/OevHyIajY4eNy+rDM+mcI1LTjBr3NIIkzEYsgJRLD7GQDSYXr7AGDP8H7jGGdswi2tc5uXO5W2LbqS6q4bGvkO0DbWzuXU7lQVLcI1LZ6wLz/dwcXi1dQu72/eyunTltPV4vsfj9U9zuP8wBoinEgpQRc5iCmBlQjf+d2jZC3ufyHQlIiIyg2gTKREROWl++4GjZto7xYszU0wkj5FijHHw+9rwE0PjDonFYwSDARoaG/jsX/4lf/Olv+Y9776dBfPnU15WxoZLLmbZsqWjx0ejUT7w/vdzxeWXHxWejigqLOTKK64gNzeXQCDA/b98gEQiOeGxKd8bneJeX1/HFZdfznXXXUs0Gh0XThpjKCgo4I4PfICSkhIAWlqa2bpt61G/JOns6uLBhx4iGAhQWbmEiy68cMIuVYDi4mLOX7+eUCjMK6+8zMuvvHrUMbFYjHvvu4+amgOkUkluuP56li9fPq6+sQoLC3nrW95CKBSmrq6Of/v5L8bVmLQpXBPA4JDEO6aFGRzjEHFCYMHBIean38+gEyBgXKyFlPUpCI5fw9RgKI0WkxvKBcDH0hvvIeWlN43qivWMBicWn5/u+QWJVGLaehr6DrG1dfvo5lNxL85ASgGqiMisYhx4z/+BgvmZrkRERGYQBagiInLS/N7DjG0DNNaHaGZ2szVuAEaCO2OwyRgMdo47JhAMYS10d/dw001v4eqrrpryOUOhEEsWL540kByxYMF8CgsLcIyhq7ODwaGJw7WcrHQHrLWWosIirrv2WkJHrBk6VmVVJUuXVuH7HrFYnEOHmvA8b9wxBw4cpL+/H2MMxcUlo4HrRFzXpaS0hEgkguu6/PbRR486prq6ms2vvTZ8fIB3vOPtOFN0armuS1VVJeXl5QSDQe697z4GBgZG7w86oeGPLGEnjGH6ri9jDL5JL7vg4VMcTncFh5zQ6BIAAeNMuEmZZ30sFgw4GHKCOQSGO6Q7Yp3DlVgcHPb3HODVli1T1pL0krxw+GUaB5pGO9bifoKeeA++9ac9FxEROYtEcuH9P4RgdPpjRUTknKAAVeQco6n9cjr4XpKxLajWGOxQ5+QPOI1srHd8oOYlsYk3gzxjDIHhkNUYwwc/8P5JuyqPV3ZWNuFwOB3cAqlkasLjotH02qjWWhZUVDB37twpnzcUDLJuzTo8z8f6PgODA0cFqO3t7aPf34GAO+U5GWMIBUMEAgGMcWhpaR73fNZa9lVX09TUBEBVVRUVFRXTnn9BfgGlJaU4jkNzczOHhh8PkBOIYtORJmE3OGUYO1bABNOPs5bsQBaQXucUk45gXeOSsEe/z039h+mO9wCQFcxmddFKXMfFYjnU34TrOITdCI5x8K3Po3VPjB4/kebBVp499AIhJ0g0EMUCnp+iL9GPpwBVZEbTtY+ckHlr4B3/I9NViIjIDKEAVUQ0sJCTZoJZR9ziYNuq3+wEPVOsxQ4cHdxaOz5sdF0H31ry8vJYvOjULTUwODRIPB4H0uGsG5i4YzUWi41+XF5eTl5+3oTHjVU2t2z0e9XzfHx/fGhXVFQ43BlpsZYpN0Wy1jIUi5FKJjEGIpHIuHUAU6kUNTUHSCQS+L7PunVrp+yQHZGVFSUnN2e4Ro+uzq7R+0JOEGvTEaprAnAMHagAQccdfVzISdfwZndp+jmcIzak6o718ETDM7QOtpHwk9yy+CZWl6Y3NEumktT3N5ITzOGq+ZvIDeViLNT01LKldfuE/x5aa3m45jc09R/m8nmXsrp4Jdb6eL7PQHJwdEq/iGSermnklFr/Dtj00UxXISIiM4A2kRIRkZPm5M4ZH4c5Ll7LXqwXxwQm3on+dLDJQfyuhnEdqMYNYiLjA0rHccFacnJyiURPvr7e3j5279nND374zxw61AQYXMchOMl6qYODg8N1DG8W5U8/4O/v7SUcCmFJT5c3RwSkC+YvIBKJMDg4QF9fH319feRPEsymUh7t7e3EYjFSqRQrV6wc17Hq+z6NjY3pDk/X5eWXXuazn/1LEqkk2dnZRCMRwpEIvucxFIsxODjI4OAABsMbb+wCLKlUinjizXVF0+uNWlxc3ujayw9fv4fsYDYpP0l/agjXCZLlhImTIuHFCZoAeaEcanvrMTiAP27a/0hIYrGk/BSe9Yh7CQ721PHzvfeyo20XoUCYP1nzYd62+AaCw+HrUCpGV7ybvFAu55euxbcej9Y/yZA3xMuHX+XC0vUURPLHvV/1vQ082vAkZdmlXD3/cl5u3jzcS2uJpWL4RwT0IiIyi7zlC9C0E2pfznQlIiKSQQpQRUTkpDkllVjzZk+hcRz8zgb81r2489ZxrN2GJ8s7vBN/oCu9DiqA9SEYwYkUjDvOmPSCA45zfHUNDQ3R2dlFfUMDdXV1HG4+TENDI/v3V2OMobCoiLy8PHp6etJTvL1JpnYP7yIPFt/z8PzpAzjf2tFp6+FQCNcdH6DOmzeXG264gZ/97P9x8OBBdr2xi3nz5k44lb+9vY2t27aRTKUoLEhv/jTutXyftvZ2jOOk3yfXpb6xnmgkyuDQIOFgEM+3uI4DBvzhjthkKkVV1dL08giOQ3HR+HVwDcPZtvVpi3XSk+zDMS4hJwReko7UEL71sPgMWcNAMj09fvitmlDKS3HPrv/HA9UP0RXvpjPeyZLcRXxgxXvZUH4xi/IWjOuu7Y73kPSShN0wOaEcbqu8macaf4/ne2xr28nuzr1cNm/D6PHxVJwf7foZ1lrWFa/lvMKlVHcfwA6fz0BygISXJHv6Bl0RETkbuQF43/fge7dC96FMVyMiIhmiAFVERE6aO3dNehp/Kj7a/Wn720hVP4NTshQTyj7tNVg/RWLb/UfcaDE5pZhIzhE3W8zwn8eyzIDneWzf/jqP/e4xXnzpJfr7Bzh//Tqqqqq47dZbqaxcQl5eHk1NTfx/d32Onp5uHNfBP4ZgFOwxxcuO44zuHO95qaOm8Btj+PSnPsm+fXt57bXX+OUDD7B8+XIWL1o07rhEIsGvfv1rXnjhBXJycrjzzjtZtGjhuGN83yeRiA8fH+fPPv1pbrrpRoxxcF1nuPt1JEJMn4O1Ft+mA2FrLcFgcMLw1rc+q4tW8vH1H0mvaTrByY+dgvvlF/+B7e07Jn1fjHFYlFdBbW8dPfEeDLCqeAW3Vb2NyATdzx2xTjzrEXUjZAezmJ87j1sW38QDBx4m7sX5z4OPceGc9YQDYSyWV1u2sKPjDfLD+dy48BrCgTBzosXp1wY6Y13Evfik9YmIyCyQXZLeVOr7t4GnZVtERM5FClBFzgFaD0xONydvLm5pFammXaPdftZPkdz7JO7ijQRldXFZAAAgAElEQVQWbphwp/RTye84SKrm9xjnzfUwre8TmLcGnPHtgf7IlPlj/N7Yvn07f/OVr1JdXc0FF1zAZ/7bf2P9unXk5+ePCwkPHqwllUqlA8RAkGAoNPETnsD3ZEFBIYlEnEg4QjAYmjCcLCku5u4vfIF/+v4PePWVV/ja1/6W97znPSytqsIYQ2dXF7/61a949LFHKZszhw/ecQfvfMfbx3VoQjqszc7OHg1s44kEkcgxLnUwzVqpIxPvDeao1x0x9vb0Wq5HHmdHn8l1XK5ecBXL+5t48MDDJL0kLxx+mWWFVVw1fxMBZ/ylTm1vAwDhQJjI8CZSb1t8Iy81b6ZlsJVdnbt5/tBLXLfoanpiPTzZ8AwJP8EVcy9laWEVAAWRwpFK6U70MpSKISJnh5F/10SO27w1cMtX4KHPZ7oSERHJAAWoIiJy0kwwSmDZNaQO7xp7K7bnMInnf4BTvgonnHvaXt8mh4i/dE+6K2RMgIoBd8mmo4+3/pudstNkmYODQ/zVXXfR2NBI5ZJK7v7851m5csWEA3DHMelOTN8SCLgEJwkTs7OzsX66Bt8OT8+fhuu6o0sChEMTB6gAK5Yv508//Wn+vq+Pbdu309DQkJ6Kby2O41CxoII7P3snl27cwLx58yasMRAIsGjhQl555VWMcaivr5+2vul4Y95z3/pMOif/CP6YHe5TjHT0jglfLQQdh9uqbuZgTx0vNb9KX6KP+/Y9yNysMlYWLx99vLWWur56HOOQHcgiKxAFoDS7lJsX3ciPdv8MYw0/3PVTLio7n61tO3ijcy8F4QLes+ztBIa/trIDWTik16wYSA0QU4AqInJu2PBBaH4DXvlZpisREZEzTAGqiIxSp6qcMOPgLjgfN68Mv7f1zTU+jSHV+Drx//wikVu+gglPv9v8cbM+yd2/wa975YjuUw+neAlO6dKjHjLSgWqtnfbr/oUXX6L2YC2hUIhNl29i8ZLFk3dOYkYTWTNuy6PxRro5052qAQLu9D+Oe/v6CAQCGMdgXGfSGg41NfHXX/pr8vMLePCBX1I2Zw6pVIpkMkk4HCYcDk/7Wq7rsnTZMhzHYIzD8y+8wJ//2Z8RDJ74ZUPcSwy/J4aU9Y4xPoWE9TAGjDXEh4PKkBPEsellBNLro1qyg1n8+QUfp/qpGrri3TQNHOZne/6Duy75LLnDS0ik/BStA604xiESiBBy0x3CrnFYP2ct8xvmcXigmYHUAL/Yez9tsQ76kgP86br/SmG0cLSm7FA2rhPAtz5DyRgDqaETfl9E5NRQZ6mcMbd8BRq3pTeWEhGRc8bE7SsiIiLHySmpwl1yORyxO7xxA6T2P0/st1/Fb98P/ilcO8xLktzzKMmXfoqN9b95+/BAOnzZRzDu+Gn0lnQH6pv7Ek0d5b3xxq7hXe8N0Wg0vXHSJOLxOCnPG+4W9UiM2YV+rMGhITAG6/sEg0GCoel3IBoY6B8NNJOJBJ539PqqqVSKv/27v2f//hreftutzB/uMI1Go+Tl5R1TeArpKfzr1q5j/rz5GOOwa9dOXt/x+jE9dsSRwXRfahBnuHM05iWO6Rc2FotvU2DBMYbuRPpz7FsfDx9rIemniLrpQDonlMPXNt1NabQEg2FHxy5++sbPRztEY6kYXfHu9OcyEBk3vX9uThkbyy7CdVyCJsCj9U+wuWUri3IWcOncS8bVFXbDuKTD+qSfZDA5cFzvjYiInMXcQHo91OySTFciIiJnkAJUERE5JUwoi8DKt+BkFx09L94NkKp5gdiT3yRV8yycginPNtZDYtu9xJ/7Pn7v4XFrrFrr485bQ2DJZRM80JJKpdLHW3tMy5GObDg1MDCQfuxE9VhLe2cHsaGhdCeU42AmCVsHBtKBm3EMQ7Eh4vHpNyGyFvwxoelEnVYdHZ0899xzBIPB9CZTJ9GNtbSqissvvxzXdXEch5///Bf09fUd02O7urrYv3//uNuCxsGz/mjX77F2vBsL/vCGVQk/HUjH/QTecGcqwOCYr6f5ufN473nvIiuYhWscHqt/gsfqniTlp+iK9zDkxzCY9P1jOpbDbpgN5RdSHC4cXWHVdVyuX3gNeUcsPxFyA2QFo4DFsz5dse5jOhcREZklCubD+76XDlNFROScoABVREROEYM7dw3BjR/CpibovPQ9vIatxB7/OrHH/xGvde+JdaOmYiRrniX267tJ/P77+L3N47tercWJ5hG48L2YyMRLBpjh41Ked9Ru9ke64IIL8KyPMYZXX3mV1ta2CY+rq6/n5z//Od09Pekyk8lJ1ym1IyEuhkQ8MS4YnUxPTw+OG8BaSyAw8Q73rpsOBPt6e7nvvvv53e8eZ/eevRxqaqKx8RANjYfo7Oyis7OTgcHBKUPM3Nwc7rjjg6xZvRrftzz99NPc8+Of0DN8fpOdV11dHZ+/+2721xwYd19XrAdjDMZAwk9gzfQBquf79CcHcXDwrY9jR9at9fGtP9o7HPPGB/KXzdvAFfMuwzUuDg7373+IF5pepjPWRTKVxGDS65geETBXFVSypmQVnvXAwrzsuVwwZx2ucccdF3RCFIwuR2E5PNAy7bmIiMgss3hjejq/iIicE/QrMxEROWWMGyC4/p347ftJbPklJjBmavpwx6c/0EVy5yMkq58hsHgDwfXvxC1bhQnnTPncdqgH7/DrJLb8B6mGbeAnMXaiTkxLYOlVBCuPXk5ghOs6+NaSSCQm7SgdseGSi1m/dh07d+3iwIEavvHNb/LVr36FosL0mpjJZIo3dr/B3V/8a6677jp6enrYv7+Gzq5Omg4doqqq6qjnHBwaGu3SHYrFiE8y1X/0jKwlmUwOh70WzMQLDxQVFXL5pk089dRTvLp5M69t2UIoFBwOLg2O444uR5Cfn8/qVat4x9vfzkUXX0Q4FDrq+SqXLOHv/+7v+MjHPkZDQwM//OcfUr1/P5/5b3/BwooKAoE3LyN6enp49rnn+PZ3vktvbw9f+fKXx5+zNzj8kSHmxaYNrtPn7ZPw44DFdRy6kunwNumn8Hwv3Z1qfJJ+ctzjsoNZvGPpLRzorWV/1wF6E308dOA3LM2vxLMejjGE3fBRq9SG3BC3LX4bj9Y9ieu4rCpazvycuUfVFXBciiLF1PbWY4D2WOe05yIiIrPQhg9Cw1bYem+mKxERkdNMAaqIiJxSxgkSufZO/P4OvIMvYn3/zZDTjIms4gOk9jxBas8TkFtKYP46nIIKTE4JxjhYDAaL39eC17Yfv3kX/kBXehsi46QD2bH5l7VgfQJVlxO+4hOY4Y2DjuRbS1/fAFnR6PDDpg7ywuEwX/3qV/jrL/0NNTU1PPHkE2zZupXLL7+crKwsqquraW1r5a/uvJObbryRaDjMPc0/ob9/gL/4zGe58cYbee8fvofysrLR54wNDREMhQiHw8Rj8Wmn8Pu+T29fH1lZWQRcl0Qiie95R63H6jgOX/3qV/jHf/w6Tz39NEND6c2NAoEAjuPg+ylisRipVIqOjg7279/Pgw8+yEUXXcTn7rqLNWtWj+tsNcawePEifvXAL/m/3/4Ojz32GM88/TRPPvkEq1etoWppFeFwmO7ubja/+ioYw9VXX8XH/+TjlJaMXxvO+lAcLcI1LmEnjD/N+w6Q8JMETJDSrFI8myLbHfmcWbKD2YTdEJjxU/hHzM0u573L3sX3dvwLrnHoTfSxvX0HRZFCwJAViE74mgvzK3jrwuvZ213NFfMuJexOvG7snKwSiiPFOI4hObymqzawERE5B932NWjZrU2lRERmOWO17bbIWWWyb9kjbx/79+k+PvLPsR9HoxOHDCLT8XsPE3vm23g1z2FTiSnDJWstZjhQswDGwWDHr6VqHKyZZGd7a7HWJ7DkUiI3/BVOQcWkr5VIJPjNb35LPBEnFotzy803U1xcNOW5WGtpaGjg8SeeYNeuXTS3tBAOhSkpKWHlypXcfPPbKJszB4B4IsGzzz5HTU0N4XCIlStWsn79unHfSwdra3nqqafJy8vFcVwu37SJsrI5k76+53n87vEn6O3rxfo+ixcv5qILLxzXATqitq6O++67j1c3b6aiYiELKyooKi4iOzsb3/Po7+unuaWZ6v01bN++ncHBQXzf5/zz1/O3X/salUuWTFhDMplk7959vPzKK9TU1NDR0UFfXx/RrCjFRcUsX34el268lKVLlxIOH93NWttTj8Hg4+Mal7k55QSdqX+Pm/ST1PceIugE8KxHdiCL0uwS+hMDdMW6SdkUrnHIC+ZSGC086vG+9dnffYCgE8Q1LiE3iGd9Un6KokghuaGJu577EwN0xDqZl11O0J14g6/WgTYGU0P4+ARMgIrc+QpQRc6gkV8Qjf2+G/n4yD+P9eOJ/j7d7SIAdB+C790KA+2ZrkRERE7Qtj96Zsr7FaCKnGUUoMrZw+J31pHYei/JbQ+A78EUO9if8KtYH5wAwRXXE7nik5i8o6dcjz8+/bVtjMG39qh1MKeSSqXo7eujo72dcCRCYUEh2dlZE65HOjJFfaL7xtYw9uOp+L6P4zhTHv/6jp18/etfx1rLhz/8x1x04UXk5GSPC1p93yeZTNLa1sYjj/yG737ve3ipFIFgkM/ddRfvefftk67dmn4PPGKxGH39ffT39xONRMnPzyMrK2t0DVYRkdNNAarMODsegn//00xXISIiJ2i6AFVT+EVE5DQxOIWLCF/5adz564k/9S38vjaM457U7vBjWevjRPIIXfrHBFffgokWTF/VmNc+nvAU0lPhiwoLR9c/ncpUIeRUg/fpnm+y4xsPHeKuz32O1tZW/umfvseF558/YQ2O4xAOh6lYsIAP//F/4VBjIz//93/H830OHjxAIpEgEolMWkcg4JKTk01OzsRLJIiIiJyT1t4G+57ReqgiIrPUqW8FEhERGWEMJpRFcMVNZH3gXwiuuRmCYRiZnm+PmKZ/hCPvsdYOd2Cm7wnMqSL6zq8Tuvj9xxSezlapVIof/vCfOXDgAOvXr+eC9eunDHBHhEIh3v3ud6f3pTLpDbE0MUVEROQE3fpVKFqY6SpEROQ0UAeqiIicEU7eXCI3fQ5v7a0kd/0G27Ibv7cVG+9P7zAEjNsVyoAZzvLscGBqnAAmtxS3pJLA8psILrsKglln9kRmoO6eHg4cPEAqlWL1ypXHNZV+zpxSwpEwvu9TUlIy4bqqY/m+j7UWx3HGdcP61o5+9sbePlEga4wZXZJg7PNOttyBP7wR2ZH3T1TLSMg+0XNPVstYnucBjHsPfd8e1TR95DmOfc2xfz9yaZSplnQY+7wj5zzuPZ7ktrGvO9E5TbZUxch7O/ZcrU1/t03VFz22RmDC93bkOUaWqZjua2Lk9mMJ/kVEZqxQFrzn/8A/vwe8ZKarERGRU0gBqoiInDEmECFQcTGBuWvx2mvwW/bitezB72nC9rViB7uwyaF0oGoMxg1iInmQU4KTMwenaCHu/PW4ZSshmg9GYQtAbGiI2NDwTvTHuSzB4NAQvu+Rl5tHVVXlpOGrtZa2tjZq6+qIxeLk5+VRWVlJbm4OXV1d7K2uxvrpoKy0pJglS5YwFIuxb98+YrH4aNhWXl5GxYIF7Ny1i7KyMubPm8fQ0BDV1fupqqokO/vNpQESiQS79+yhp6eXaDTCiuXLyc3Nxfd9Ojo6qDlwkEQiQV5eLlWVleTm5tLd3UPjoUaWVlURjUbp6uqiobGRlStW0HT4MM0tLfiej3EMBfn5LFmyhHAoRCqVor6+gabDh7FYlixazLx5c+nr62Pvvmo8zxs9hzlzSlm2dOlonQ0NDXR0dnL++vUYY2g8dIi+vj7OW7aMhoZGWlpbRoPO0pISKioqCIVCo+/roUNNNB0+zMKKBZSXl9PT08PB2lqCwSCrV61Kf45jMfbs3UteXt7oRl+xWIxt219naVUlJSUlJOIJduzayepVq4hGo1hrOXjwIJ1dXaxbu3b0NQFaW1s5WFtHPBEnLzeXqsoqcnNzaDp8mENNTSQTwwN/AyuWL8d1Xar3VTNnTikLFizAGMP2118nGAxSWVlJS3MzbW3tJL1UusEcy8UXXsjAwABNhw+Pfj46Ozvp6OykqKiIvfv2YTAEAi6plIfjOGzccMlxff2KiMw4FRfC9XfCY/+Q6UpEROQUUoAqIiJnXiCMW74Kt2wFwdRb8GN96U7UoR5soh9rXIyXgGAUE8nHieZBKBsTyoZJdkU/l2VnZxMd3sSppqZm0m7Oiby2ZQuJRJLlK1awbu26SR/X3t7OE08+RXZ2NnNKStizby+HW5q5YtMmOjo6ePXVzaxasYJkKsWOnTu5xrfk5uXy2patLJg/j7zcvNHOzHg8zmtbtpIVjfKud76D/oEBtmzbRmlJybgA9bnfP09nVyeLFi7k4MFa9u7bx/ve+17aOzp46umniUazmFNawv6aGlpaWrn6qivp7Opk67btzC0vJxqN0tHewbZt26mqrGRfdTVNTU0sXLiQRCLBvn3VxIZirF+/jv01Nbz22hYWLJjPUCzGY48/znXXXgPW8sJLL7J21Woi0Wi6q/KI9+bAwVr27N3L+nXrAKitraOxsZHKJUvYX7Of7u4e5paXMdA/wJ69+7jk4otYuWIFjuPg+z61dXVs3rKF7u7llJWVUVtXx/MvvEhBQcFogNrYeIgXXnyRaFYWC+bPJxQKERsa4oUXX+RQ0yFufutbScTjvPTKKyxZvJhoNEosFuO551+gu7uL4qIilgwHr93d3fzmt49SUlJCfn4+W7Zu4+DBWt721rdQW1vL7j17WLl8OcY46RU2rKWzo5PnX3yRqsollJaWkkgkee73z1NcXER5WRl79u2jsaGRFSuW4zguWIv106H7M88+h+M4rF61io7OTnbv3s0lF18M1tLT00NdfT2LFy8iP//cXYZDRGaZKz8Bux+Dhi2ZrkRERE4RBagiIpI5xoFgFk4wC3LLRtdDTU//HV6Yc8rJxAKQl5fH0qVLee2119j++us0NjaycOH0a7ANDA7yL//8L0QiEd71zndSVjZn0mOr9+8nJyeHa66+iqysLJaet4zf/vZRGg8dIhgIEHADXHbpRkLhML966Nfs2buXiy++iGAwyPr165lTWgqkp3v39/fj+z6tbW28vmMHS6uWpqfOHzE1vebAASqXLGbd2rUsX7aMw80tJJNJag/WkpOdw3XXXks4HKKjo4PfPfEEra2tBINBPH/Mc5n0tHxDeq3YhQsWcNUVV+B5Hs88+yyHDjWxatUqtm1/nfPOO48Lzk93ke7c9QbhUJhYLIb1LZdddinhcHj0HMaz424fmbYO6S/pqspK1q9fRzKZ5Lnnfk9HR+cR09gteTk5HKytI5FI0NfbN+45UqkUtfX1LFhQQX1DA01NTSxevBg7/D41NB6ipuYACxbMx/N8zPD3TNPhw/i+z8KKhezdV82iRYswxvD0M8+SX5DPDddfRzAYZNXKFRw61DS6tEJhQSGXXnrpaHWO49DR0YnjOPT09DIwMEBbW/vwqxgs4Hk+2bk5bLrssnGP83yfeCLOCy+9xMoVK8CmzycnJ4dLN26kra2N1vZ2Ljj/fEpKSqb9mhUROSsYJz2V/3u3wFBPpqsREZFTQAGqiIjMHGYkknnz/zI913X5k499jF07d/L6jh18+zvf5c///M+YW14+4ZT8ZCrF4abD/N9vf5uW1lbuuOOD/MEtNx+1duZYXV1dFBQUkJ2djeM4ZEWzyM7Jpre3l+KiIlJeiurq/aQ8j86uTjZcfDHGGBKJBE8++RSO6+I4DmvXrGZhRQXWWtatXUNdfQPFxcXY0XVw0xzH4ea3voXfPPoYdXUNzJ8/j3Vr1+B5Hm3tbRQVFREOh3Bdl/z8fHJz8+ju6UmHcMNdkzC83mZ6MU4CgQC1DQ04zz/P4NAQnR2dbLjkYpLJBN1dXZQUF42uAbt+3VoADh48iLWWB3/1EI6bDkgvvfRSFo8JqB3jEIvFuPe++zHG0NnVRX5+3vC9ln37q+no7CSZStLd1c3GjRvGhbDWWsrK5tDQ2EhzczNDsRhz55YzMDAAkJ723tHO1VdeSXY0yq7du6kYfg+NMaxdtYp91dXk5+eNftekUin27tvHqpUrWLZ0KQ8/8hs6OzvJz8+ntq6OyzZuJBQK0dbWxsDgIEVFhaRSKdxAgJbWVu67/5f41ic3N5drr74aYyASiRAKhejs6mL//v0sXLSIRDwO1uI6Dp0dndx7//1YC+FQkLffdhsGmD93HolEghdeeJGS0hLAjK5pa31/dK1UrX8qIrNK0UK47W/h3/8005WIiMgpoABVRERkFigvL+MbX/9HvvW//w8vv/IKX7j7i9x4ww2sWbOanJwcHOOQ8lJ0dHSwZctWNr+2mVgszhe/eDe3vO1t02485bouvu+NLg/g+97oupXwZpdkJBLh4gsvZPXq1bS1t+M4DsvPO4+CgnwwhqKiIiAdGi6tWkogUMuWrVuJxePjXs/zPILBIO+47Vba2tppaGzgl796iPfefjvhcJhkKjXu2FQqSSAQwHUcwOIMn4/v+8N5qsX6PpFQmFAoxIGDtSxaWMGixYuJDQ3huu7oBlKQDi3D4QgMd4KuW7eWyHAHanFh4bhafSyBQIDVq1ZhDOzZu49YbHhNWguRcIRgKMi+/fu5YN06Fi1ceMRGUJacnFwql1TyyubNZEWjFBUW0dc/gLWWw83N9Pb2sf/AARKJBC0trbS1txMOBvF9n7Vr17Bt++ts3rJlNDDu7u6mva09vXZp9X4GBgZobDxEfn4+kXCYeCKBtZam5mbqaus43NzMtVdfBRZycnK46KILsb4lFAoSCoWw1hIMBZlTNod9+/bR2t7GhosvZveevUC6czUrK4uLLrgQDLjDG3tZC3l5uaxevZqHfv0wCxbMH7+hlDFMvKWUiMgssPY22PcMbL0305WIiMhJUoAqIiIyS1RUVPDFu+/m5VdeYfv27Tz77HM89fTT+P6bQWcgEKS4qIhrr7mGjRs3smzp0mPq/CubU8buPXtoampizpw51Nc3MDg4SHFREZ7nEY6EuXzTZeTl5REMBkdDMtdxKCktYW55OdZaXNclNjQEpLsOl593HrV1dSTiiXHT2n3f54mnnmJZ1VLWrllDdlYWO3btwrc+c0rnsGPXTlpaWigsLKS2to6+vn6KCguJRqPEEwk6OzqIRiI0NbfgOs5oQFpSUszGDRuIRiLs2LWL1pYWysrKmFteTn1DA2VlZcTjcZ5+5hnWrFlDOBQGA3PLy8nJzsZy9BR+66d3j1+xYjnGGNraO2hoaBg9n4qKBaxft45wKMz+mhqWLFlCeXnZm0GiAddxqVyyhF89/DDr1qwmEg7j+x6JRIJDh5ooLCzEYMjLz6ejq4uG+gaWLq0CIBQMct6yZTz+5BN4vo8xhsPNzbhuulPY8zzmlpdz6NAhli1dytq1azlw8CDLl59H5ZIlBAOB9HR/a/F9n0gkzIJ58zFmeDkNY9IdvG6Asjlz2LevmmAgQEFBIamUh8XiW59gIMD8+fNG3x9rLRaL5/mUFBez4ZKLee75F6hcsnj0vRlZpMMqRRWR2erWr0Ldy9BZn+lKRETkJChAFRERmUUKCvK58YbruebqqxgaGmJgYIB4PAEGAq5LJBIhOzubSCQybdfpWMuXn0d7Rzu/e+JJIpEwg4NDnL9uPfPnz6exsZFIKEwkHBm307vrOGAMTz/zDMZxMDYd8q4f7uY0xlBaWsrKFSvYum0bjvNmZ2IgEOCC88/nud//nr3V1cRiMVavXElxcTHZ2dm0tLTwyG9/S1ZWFkNDQ5y/fj0lJSW4rsuypUt5+tnnCIfD9PX1ccN11xIIBAgEggSDgXRX7PLltLS1sfm1Ldz2B7dwySUX89Szz/Lgrx4ilohTWlJKxYIFtHd0EA6Fefg/H8E4Bs/zWbJkMddcddVorcFggEgk8v+zd+dxUtR3/sff1cd0zzAHCAyHDDeInIKigAioiCgRjCh4KxpcSXB1Vx8xiVl/G39rVvenuxoTNRI1GiVCxCBGV4kXaABFQTmVQ1RQZMYB5u6e7q76/dFz9Nw9M91TPd2v52N5MF1VXfUp2FhVbz7fb9Wet8spT1qaDMOQq+p4DodD48aOVWHh9/p8z+fq0aO73O7wC9HcLrcsy1Lv3r2UlZWp3r16KRgylZGertLSUpWWlWryGWeob9++sixLXo9H+QX5GjCgvzxej2QYysvrp2HDhmn79h2yTFNHjuTrpJNO0rix4ReDHTlyROvfe19Hjx3VGadPVFFRkV597X+VlpamktJSDRwwQP1OPFElJSU6dvy4Vq5aJcmSaUlTJ0+W1+uV2+3WCd26qUtmF/Xre6LS071yucNdvx6PV+Xl5Xrxr3+VZVkyTUvnnXO23O7wn7lhGDp1wgQdOvSNnFXTOUiSwzDkTnOrmdkjAKBzS8sIz4f6h8ukUMDuagAAbWRYFv/mD3QmTf1Ptv7yyM8t/dzcsvT09HZWDAAAEFsVEZ3skb+3tKy5nxv73NJyIGrrH5XW3md3FQCAJnxy+bpm1zNbPwAAAAAA8XTWzdLQaS1vBwBISASoQAqgawIAAIB7ItjIcEjz/1tKz7G7EgBAGxCgAgAAAAAQb1m50jyG8QNAZ0SACgAAAABARxg9Rzr9arurAAC0EgEqAAAAAAAdZfYvpRP6210FAKAVCFABMB8YAABICtzToFNIy5Au+43kdNtdCQAgSgSoQIrhwQIAAKQS7n2QkPImSGcutrsKAECUCFABAAAAAOho594udR9odxUAgCgQoAIAAAAA0NGcbumSByWH0+5KAAAtIEAFkhTD1QAAAJrGvRISwoCJ0tR/srsKAEALCFABNIqHCgAAkMi4V0HSYCg/ACQ8AlQgSfAQAQAA0HbcS8E2DOUHgIRHgAqgjvoPD5Zl2VQJAABAQ/XvTWNKLZQAACAASURBVBoLPglD0ekMmChNut7uKgAATSBABVJYNA8XBKgAACCRcG+CpDXzDobyA0CCIkAF0CzTNO0uAQAAoAb3JkhaaV0Yyg8ACYoAFUgRbR3KxkMKAABIJKFQqE3fY1g/OgWG8gNAQiJABTqZeN38N7VfAlQAAJBImro36eh7JCBuGMoPAAmHABVIQdE+CBiGIcuyFAwG41wRAABAy6rvSVpzLwN0OtVD+QEACYMAFUhibX1oqP89AlQAAJAI6t+TxOpeB0g4AyZKp19tdxUAgCoEqECKi+YBgi5UAABgt2AwKMuyWtyOcBRJY/ZdDOUHgARBgAqgWdUPIcFgkPlQAQCALUzTVCAQkERAihTCUH4ASBgEqEASae8DRXPftyxLfr8/qs4PAACAWDFNU36/v9lt4nkPBNiKofwAkBAIUIFOKBbzfbW0j8bWE6ICAICOZFmWKisrG13XmnsZ5kpFpzb7Lim7t91VAEBKI0AFklw0N/7RPoAYhiHTNOXz+RjODwAA4ioUCjW452jLPwC3ZRsgoaR1keb9p91VAEBKI0AFUEe0L5Xy+XyqrKykGxUAAMRUdddptKNeCESREk46Vxoz1+4qACBlEaACKaY1DxmNbRu5LBgMqqKigiAVAAC0W3VwWlFRoWAwWLO8pfuRlhCwImnM/oXkybS7CgBISQSoQJJp6wNFW4fEWZalQCCg8vJy+Xw+BQIBhUIhmaZJqAoAAJpkWZZM01QgEJDP51N5ebkCgUCT9w/xmvOUgBWdRk5f6dzb7a4CAFKSy+4CACQewzBqHl4if25pfSgUqtMx0tgDUP1l0YashLEAANgv2rCx/nYtdZFG83O064GkNul6adtq6dCndlcCACmFDlSgk7Kjs6K1DzrRDLkzDKPmV0vHbu4XAABov/Zcb5vaLhbhaTzuZWK5LdBhHE7pB/9hdxUAkHLoQAVSUFMdpK39Odr9S3U7SBtb1tzyaM8JAAB0vKauwdH+Q2pr9h/r4JX7B3RK/cZJ4y+Ttv7F7koAIGXQgQokoY56GGjuASXa7pPmltNhCgBAYonmGt3c8mg/c+0HWnDBXVLGCXZXAQApgwAVSBHRPqTEssujqeH6jdXWUlDa0pBChvgDANCyeF1PWxuoJsJ9CdCpZZwgzbzD7ioAIGUwhB/oxKIZTh/LY7RliH9rhvBHrmtqfXvOAwAAxE5bhscn0nyozeG+AZ3CaVdIW1bwQikA6AB0oAJJqrU3/m15MGnuwaY9Q/jrr6erFACAjtfebtTGlje3XSzvRVr7XaBTqn6hlMNpdyUAkPToQAVSSGPdoU11ebamwzSaddWfpaZfHlUt2s5THnwAALBfLDpRox16H21gyvB9pIx+46RJ10sbnrS7EgBIanSgAkkslp0YbXmwqf7c1LKmjke3KQAAiSnaa3RT61sapdKadU1tFw3uLZBUzr2dF0oBQJzRgQp0cq2dBzWaLtH2dpu2Zt7TaOc85UEHAIDE1tqAs6Uu0fb84220dUVbK5DQPJnSBXdJq263uxIASFp0oAJo8xC4tjywtKbzFAAAJK7WdKI2tjzaz60JRLl/QMoaf5k05Ey7qwCApEWACiSB9nZ8tLS+PUP2m3twivYlFNH8AgAA7ReLa29z20RznxDL7tLW3gdxT4FO7Qf/IbnS7K4CAJISQ/iBFNWaofwtfW5qyH5jQ/jrb1d/XWProz0fAADQ8doSYja2PN6fgaTXc4g05UfS+kftrgQAkg4dqEAKiPYBIh4PLm3pPqXbFACAxNGW63JrulCrl8Xyc3PnAiS16Uul3GF2VwEASYcOVCBJ1O/4jNV32tKZKjX+Aqn6y+uva2x9UzUBAIDEEasu1MaWtSU8bcu9AvcXSAqeTOmCu6VnrrG7EgBIKnSgAimircPnov1OvLtPAQCA/eLdhRqLYfitCWuBpDRsevgXACBm6EAFkkhLHaXRdqlG21XaWDdpUx2mjR23uc7U5rYFAACJpy3/CNvc8lh2mra1QxbotC64W9o/SzJDdlcCAEmBDlQAUT+Q2NF5ygMNAACJpbXX63h1osZq6D6QlHKHSaddYXcVAJA06EAFkkxbu1Bb01Eay87TprZpbnsAAJC44t2J2ppl0dTDfQaS1rm3S5+ulvyldlcCAJ0eHahACorXQ0tbOk/rb0PXKQAAnUc8O1Grl7d1WXPLgZTQpbs0fandVQBAUiBABZJQPDo/WjtUv6l9RxuQNjekvzW/AABAQx1xnY1m2/YO7a9e3tS+W8K9ApLelB9JXU+0uwoA6PQYwg8kqZaG8rflu60Zqh/5QBLNMP6mtmsvHowAAOgY0V5zW+pSjcXy9tYBJA1XmnT+z6UVdKICQHvQgQqksLY+wMSr85SuUgAAEk+su1GbWx/t8up1zR0PQJUxc6W8CXZXAQCdGh2oQBKLpgu1uW2a6i5t7nvNfSdyfbW2dJ3yUAQAQGKzoxu1NcfmXgIp58K7pWXzJTNkdyUA0CnRgQokuVg8RLS2WyRyXXu6TgEAQOLq6G7U6nUt7TuauoGUkzdBOu0Ku6sAgE6LDlQgBUTbiSq13Dna0nym0cx3Gm3XKQ84AAB0fvH8x9zWHKM12wFJ6dzbpU9XS/5SuysBgE6HDlQgRcTqwSLarpJotqHbFACA5NLWbtSWtmnP+tZuByStLt2lMxfbXQUAdEoEqAAaiHVIGu0xeXkUAACJK1bX6o4MVwHUM+VGyZttdxUA0OkwhB9IIS0N02/tti0N3W9su2i2b81+AABA4mrttTse3aTcPwARvNnhEPXt/7G7EgDoVOhABVJQPB46WtslSpcpAADJo73X9dZ2sLZmvwDqmXKjlJVrdxUA0KkQoAIpKp4PNe0JQ6MZHshwfwAAYsPO625bh/63Zv8AGuHNls5aYncVANCpMIQfSGGGYbRqKH1rpgCI3L5aW4bttxUPTQAAJJb2BK0ddSwgZUy8SnrvMakk3+5KAKBToAMVSHFtfShpS8cJ3aIAACS/WFzv23OfwL0FEAW3ly5UAGgFAlQAMRl+F4vjMzQfAIDE1FHXarvvSYCUMvEqqftAu6sAgE6BIfwAarR2SH/971aL51B9HowAAEgusbi2c38AtIHbK824RVp1u92VAEDCowMVQB3x6CgFAAColigdqwAkjfshXagAEAUCVACNiuUDCcPxAQBIPfG8/nMvAcSIwxXuQgUANIsAFUCz4vmAwpynAAB0TnZdw7k/AOJg3A+lPqPsrgIAEhpzoAKISkfNcdrccQGklq1P/7ce21n7+ZTr/1U/Hm1fPQDswb0AEGcOl3TOv0jP/8juSgAgYRGgAmi16geZjgxSAcTAjpW66Y+Haj+POl9PLKLjBEBiIjgFOtCI88JdqId3trwtAKQghvADaDOG2wMAgFjhvgKwkWGEu1ABAI0iQAUQMzz4AACAaHHfACSYEedJJ461uwoASEgM4QcQN409DDHsH0C0xi/6Vz1hdxEAYoKAFOgEDEOa8c/MhQoAjaADFUCHsuutvQAAID64tgNJZMR5Uo/BdlcBAAmHDlQACYcHLaCDGK3831ugSJ9vfFOrNh7UwfyQgpLkcqp33zxNOecszRyTK3cTXy3at17PvbxFO74Nf8+V1U2jzzlbi6aV6enb39An1RvmjtU9d56nPpIOv7VMd79WXLUiW5f8dLEu6BX+tPXpB/Xojuov9dOPH5yvvK2v64lX9+nAsZAkydWtp6ZfOk+Xj8iJ/hwBAEhlhiFN/4m06na7KwGAhEKACgAAWnZkvf7fbzZrj6/e8mBI3339pV7645f63yET9fMfT1Ofepscfusp3fPasXDgWv21kmP65OWX9LP9/ZTX7uL82vD04/pkh79uaccK9NayP6nw+kX6yZgu7T4KAAApYdwPpXW/k77/wu5KACBhMIQfAAA0r2KHftdYeFp/s/2b9Z9P71B55MJ9q/Wf9cLTurs+pD3tLrCgQXhay69PXn5PX7f7GAAApAiHS5rCPKgAEIkOVAAA0Kyv33hPn0SEp91PO18/v3S0ctxSoHiHnvvNG9pwLLyuYse7WrFvtBYNlaSjevPl/aqI2FfeWfN065yh4e8e/VC/e/A97WwhmI2Kt4+uv32BzjzBJRV/qt/d/2ZtzccOaucRqX+vGBwHAIBUMP5S6d2HpeIjdlcCAAmBDlQAANCMfXprc0RPadZJuumKcHgqSe7s0Vp0zUnKrtnAr62b94V/LN6hD7+N2FXfibr14qG13z3hdN12zRClt7tGp6Zcc2U4PJWk7HG6ZEpGxPpifZHf7oMAAJA63F5p6s12VwEACYMAFQAANK34Wx2O7BAdMFAN3s1bb1nFtwf1vSTlH9V3Ecu7jxiqBq9zGjFIJ7W7yD4aNaLeIi+DbAAAaJeJV0nZDN8AAIkAFQAANKfCX2cIfuNyNTg34mMwqEAj33U3Gmo621df9b5jshcAAFDD7ZUmLbK7CgBICASoAACgaemeKIbY59cdIu9yhQNNd93ANOBr7FVSofZUBwAA4mniVVJ6g/EjAJByCFABAEDTsgdpcFbE56++1Bf1t/nqUJ1l6X3z1EOS+vbUoIjlhZ/tU1H97352QJ/HrFgAABBT6TnS5BvsrgIAbEeACgAAmpGnKadEvJCp5HM98ecdKgqEPwaK9+mFF3equGYDj8ZPHBr+MXu0Tu8bsatvN+vh1ftqv3v0Qz30p/1RTBEAAABsM/mG8HB+AEhhvGEBAIBUteMNLb79jSZX977wGv3fc3PV//yzdMrmN/RJ1cukCj96Q3d81Pj30kfP0MKh1Z9O0PQ5A7Vm2Zc1IenB917WHe/F7AwAAEC8peeEh/JveNLuSgDANnSgAgCA5qWP1k9un6FTslrYbMhE/XzRaEX0q8o9Yr5+fmF2M7vup+GxqRIAAMTL1JvpQgWQ0ghQAQBAy044VT/59x/pjnkDNSjXWTuExeVU7/4DtXDJj/Tgj6epTyNf7XPuYj2wZKJO6Vv7PVdWN025+ho9uGhUncBVXk/dzwAAwH7ZvaTxl9pdBQDYxrAsy7K7CAAAkKKK1+ueX23WwaqP6afN02+uGNrsVwAAgA0K9km/OVciQgCQhD65fF2z6+lABQAAcfSZnv73x/TrF9fr82/KFIhYEyjepxeW1YanknTSaMJTAAASUs+h0tBpdlcBALbgJVIAACBuAlu3aENJubRxsx7YuLn5jftO0CVjOqYuAADQBlN+JO1tvksLAJIRHagAACBuDn9bFt2/1nYbolt/fHajc6gCAIAEMXRauBMVAFIMc6ACAID4Cnyrzzdu0/9u3qeD+X4VB6uWu5zKzs3VxGln6YKJecqxtUgAABCVD5+T1vzC7ioAIKZamgOVABUAAAAAAEQnUCH91xlSxXG7KwGAmOElUgAAAAAAIDbc6dLkRXZXAQAdigAVAAAAAABEb/KicJAKACmCABUAAAAAAEQvvas0fr7dVQBAhyFABQAAAAAArTP5Bskw7K4CADoEASoAAAAAAGidnkOlodPsrgIAOgQBKgAAAAAAaL0pP7K7AgDoEASoAAAAAACg9YZOC3eiAkCSI0AFAAAAAACtZxjhuVABIMkRoAIAAAAAgLY59XIp4wS7qwCAuCJABQAAAAAAbeN0Saf80O4qACCuCFABAAAAAEDbnbowPJwfAJIUASoAAAAAAGi7XiOkgWfYXQUAxA0BKgAAAAAAaJ8Jl9ldAQDEDQEqAAAAAABon1FzeJkUgKRFgAoAAAAAANonLYOXSQFIWgSoAAAAAACg/RjGDyBJEaACAAAAAID26z1SyhtvdxUAEHMEqAAAAAAAIDZOv9ruCgAg5ghQAQAAAABAbIyaE54PFQCSiMvuAgAgoViWrEBARjAoyzQly6r6ZXdhAICUZ0gyDMkwZDgcslwuGW53eBkAJIq0DOmUS6QPn7O7EgCIGTpQAaQ8y7KkQEAqL5dVUiJV+GQFglLIlEzCUwBAgrAUvi6FzPB1qsIXvm6Vl4evYwCQKBjGDyDJEKACSG2hkFRWJqu8IvwwSlgKAOhMLMkKBMPXsbKy8HUNAOzWe2T4FwAkCQJUAKnJNGWVlckqLQt3mgIA0NkFQ7JKy8JBqsm1DYDN6EIFkEQIUAGknlAo/HAZpEsHAJCEgiG6UQHY75RLpLQudlcBADFBgAogtVRWVnXmMFYfAJDETCs8yoK5UQHYJS1DOulcu6sAgJggQAWQOkIhWT4f85wCAFKGVVFBJyoA+4yda3cFABATBKgAUoNlySovJzwFAKQWS1XXPy6AAGww/Bwps4fdVQBAuxGgAkgNFRUM2wcApCbTCl8HAaCjOV3SyNl2VwEA7UaACiDpWcGgrEDQ7jIAALCNFQjKCnItBGCDMQzjB9D5EaACSH4+n90VAABgP66HAOww8Ayp+0C7qwCAdiFABZDUrMpKKWTaXQYAAPYLmeHrIgB0JMOQxv3Q7ioAoF0IUAEkt0DA7goAAEgcXBcB2GEsw/gBdG4EqACSl2VJoZDdVQAAkDhCofD1EQA6Uo8hUu+RdlcBAG1GgAogaVmBgMQzIgAAtSxJvEwKgB0mXGZ3BQDQZgSoAJKXydynAADUZzE6A4Adxs4Lz4cKAJ0QASqA5EWACgBAQ1wfAdghs4c08Ay7qwCANnHZXQAAxE1cHxCLVLZhnQKvr1Po403SlkNVy/tJkyfJcfF0uSZPV/qwHP5DCwBILASoAOwy4TLpwCa7qwCAVjMsi1nkASQnq7g4DnOgFqls9UPy3fuUdEjS0Ekyzp4lo1/EJjvXynxnk1QgacYNct1zmzKH5cgZ61IAAGgLhyEjK8vuKgCkIn+p9OuxUoi5mAEklk8uX9fsehqjACSvGIenoaKNKl50i8yNHmnxA/IsvUjpud5GgtEbJflU8fEr8j3wkILTXtHxpY+oy12T5Y1tSQAAtB79EwDs4smUhp8j7V5rdyUA0CrMgQoAUQgdXKOisy6X6Z8l1/q31P2ey5TZaHhazav0Uy9Ttz+/Je9js6TfXq6ym9eoogNrBgCgUeSnAOw07hK7KwCAViNABYCW+Lao+OZbZA29U55Vv1bOsNb0kXrV5eJfK+tvd0obblH5I1tUGbdCAQAAgAQ3bJrkdNtdBQC0CgEqADSrSMV33yTTv0Rpy3+szDaOwU879cfKenqJ9OubVPpOUWxLBAAAADoLT6Y0/Gy7qwCAViFABYBmBDY8psCfJMc9tymryfDUp9JHFqpw7EId+9jX5L7STr1N7sWSdetjKml6MwAAACC5jZ1rdwUA0CoEqADQpCJVrHhMmn23vFOaaz3dpcCvN0kFm2Ru2NXMdl5lL71bRsFjCsSoC7Vi9WIV9nlUpTHZWzPy1+hon8UqypekfBUtGqDCRU3P6Vr6SPPr4+rjR1VYU2ustXzukUofGaDCR7bEoxAAAIDOa/g5DOMH0KkQoAJAU/LXKbhSMq6drvRmN/TIGFX9o6f5feZOl+sayVq5rhO/UCpXGQ9tU+ZDs5Rmdynxlr9GR/sM0LGPqxek0LkDAADEiydTGjzF7ioAIGoEqADQBP/OTbJ0kZyjclrYsqeMvPBPRm7PFrbNUdrZF0mvb1KgE0+F6s7JkSfHK6fdhdgglc8dAAAgZk4+3+4KACBqBKgA0IRg/n6p50g5c1vaMlfOCeGfjLwWN5Y3b6Sk/bKK21thfVt0rM8AHXtnp47ffI4K+wxQ4VlLdXyHT5JPxXefpsK7NyoQ8Y3AhvtUOPY+lfikyoPv6vhPr1Xh2AEq7HOaCm9+TqVNzNVad2i6T2Wrf6XCiQNUOPYcHX1ii8wWzs338ZM6OufMqhqv1bHV+1RZvd9731Xps0tVOHaAjr5TJKlIpSt+Ed5/nzNVePcalUXUVbl3jY5dcWZVzU+qJL/uwUNFO1X002vDx5pYe6za86g9XuHYc3T02Z2qVNX0CONukSXJ/MGAmmkB6p57kUpXP1p7LhOv1bF3DirU6EnvU9HdVXWMPUdHf/oXlXbiEB0AAKBdTp4lGYbdVQBAVAhQAaAJVv4m6dR+UXUaGp6RkkbKaGEEvyQpt58MbZIZlzk6JfORF2UsfUGZn70v99n7FbrteZXJqy4LlkjLXlRFTWhXNcfr0ouU4ZWM/EOyptymjPe2KfOzF+Ty3yX/si2Nh4ERfO/cI9/d++V4+H1lvvdXpQ9bq8Bvm96+8uP7VPaDV2Tc8YIyP9umLk/dIBUXqOb2ecVdqiy6SJ5Vm5U5OUdlK26R/9lsuV8K1+X2PCXfg1VBcNG7Kp1/j6wpDyjjs7eUedcQBX/7WMTRDqr05gsVzLlBGZ9tU+ZLN0jLLlfZhogEdtljCmQvUZf3tinj4emy7rxD5TuktNkPKHP9AzIkOZZvU+ZnDyijQT5eLPNgtlwP/TV8Lg+PlHnlPSpt5O+27NlbFDw4S55PtynzvWeUdup+hQ628IcLAACQrLJypX6n2F0FAESFABUAYsCR209SPxktN6DGnXHtEuWMzpUnJ0/Z8y6Sdm5VMF9yjp4l14wXFXi9KrU7uFaBldPlumCUnJLcp16tbhdPUHpOjjw5Q5U2b5a05VBNt2bj8uVf8by0+DZlT8mTJydH6WffJvfiprYvkm/FY9LiO5V5dnh777AZ6nbtZNW8RuDUO5V+y/nKHJarNO9OBZatk7F0ibLzcsLntHiJjN+uVYVP8m14UZZuUNotk8N1581Q5l031B5ux1oF371U7qUzatanL50k8/WttZ24p14l78Wj5M3JUfrZF8mhXTIP5svpzZEnpyoRz86RJydHDV91kKfsW65W9rDc8LlMmSWH1spsJBi1/AWSPDKyw+eRufBnyhnd7B8uAABAcmMYP4BOwmV3AQCQqIzcSdLHh1rswJSk9Nl3KrBc8kYToOYfkqVJUUwN0DYNpxHwV/2eJ8+1lyr44FqVLrxRzg2vSNfcIE/V/K2Ve99Q2W+fkrllv7SvILxw9kUtH9AvGXmRnbpeOXpKarS70i+rQDLmDWkkjKwyoV/ES7v8snZK1g1jVVhno1myiiXL72/QJez29JR0qOrrfkkvKjDixbrfnz1LwUaPV3tO0SlSybP3K7B6l6yNW2uWNvavk5mLX1Do1/fLd9Yd8uXOkrFwiTKunSBvtIcCAABINiPPl9beZ3cVANAiAlQAaIIrd4hUsEuhfEkthZ3eoco+O7r9+g7ukjRERnY7C2wD79mXquLOexTcMUnBZQVyPjSjKsA7qIo7b5I5+gl5V02SyyMFX79Dvtej2KlHsg4eUki5VUGmT2ZBC9tv2a/AxblNh6iRG/eUjPs3q8uUuvMjOHKkkMfTIOQO+AvqfF26Su5P75Snztc9ckmqiOb4zQhseEiVdxbI+bdHlD40W9JWlY+4rvGNvUOVc88y6R4pULRTZbddqDLP+/IuzGuxCgAAgKTUY4jUe6T03S67KwGAZjGEHwCa4Bk1SYZeUWhnS2/6yVfx3QtVOHahjr3T0sSmRap85xVp9iS5c2JVaSt4J8u9VAotukmhnjfIUzOE3CPlhH93eCQVb1Xls2uj2GGuPAuvkn59j4rfOSh/UZEq3nlIgWUtbL/sfpVWbe8/uFHHnt1S5+VWtUYpbel4Wb99Sv7qd0MV75fvnf2yJHmnXCpD98t/77uqKCqS/+C7Kr33qdqvj54u54TnFVi2VWbVInPfWvn2Kaq5bZXbT45Rkvn6RvmkBt3IDk/P8A8ejyS/Aq+/WHOcunwqeeJXKvo4fM5mdYdrUczfJAYAANC5jJ1rdwUA0CICVABoSu50uRZI1rPrmu9UzN+k4LJNUsEmmc9uamHbdQr+STIWTG84bLyDZF5wg3TokIxrZ0XUkKvMe56RY+9dKh9xrkrvPSTnwllR7c979t3yPjZe5k+nqnTEhSrfMV3upc1t/2tlLJ8l6+4fqnTEWJXe/KLUM1tWE9t3uekZeRf7Fbzy3Krtn5fpqWrfzZmhzFWPyLHjLpWPGKvSn+6Sc+mSiG+PUtbyt+TyP6Xys8aG63u2oBXdv6OU8dC9MjbcobI+A1T8cd21zlNvkOd+j0JXTlTpzDsUyJ3VxIXVK/fofgrde134HGbeIjPvEXmvHRVtIQAAAMlpJPOgAkh8hmVZTT2zAkCnZsWguy+w4T4Vz39RjlXvq9uUpmarzFfxrZcr8I5k3P+CTrigqfH+PhXfPVWB1Zcq7cOfKYvJLwEANjFybJhHBgCa8tDZ0vf77a4CQAr75PJ1za6nAxUAmuGeskTuayTz7odU4mtqq1xlP/y2um97u5nwVKr8ODy03Xh4CeEpAAAAUI0uVAAJjgAVAJqVo+x7npDD85gqr3xUpU2GqM2r/PhRlSx6TPrFE8o8247JTwEAAIAEdTIBKoDERoAKAC3xTlD244/I2He//PN/oaK9rUlRfSpb/QuV/OB+acojyrhlgtLiVigAAADQCfU7RfIytQiAxEWACgBRcObNVc57L8jhWavgtHNVePdfVJrva/BW9lo+VXz8Fx27ZKp8S9ZKS19Ql8fn2vbiKAAAACBhGYY0bIbdVQBAk3iJFICkFYuXSDVUpLLVD8l371PSIUlDJ8k4e5aMfhGb7Fwr851NUoGkGTfIdc9tyhyWI2ccqgEAoC14iRSAhLP1L9Kq2+2uAkCKauklUgSoAJJWfALUakUq27BOgdfXKfTxJmnLoarl/aTJk+S4eLpck6crfViOXHGsAgCAtiBABZBwjn8jPThFIqIAYIOWAlSe6wEkL0NS3O6/ctRlylxpytx4HQAAgPgw7C4AABrR9USp18nSd7vsrgQAGmAOVADJy8F/4gAAaIDrI4BENZx5UAEkJu6eACQvgxYbAADqMwhQASQqXiQFIEFx9wQgeTl5bRMAAPVZBKgAElXeBMmVZncVANAAd08AkpeLaZ4BAGiA6yOAROVKkwZNtrsKAGiAABVA0jJcLl6UAQBAJKPqVLMm5QAAIABJREFU+ggAiYph/AASEAEqgOTGMH4AAGoQngJIeLxICkACIkAFkNx4UAQAoBbXRQCJrscQqWs/u6sAgDoIUAEkNcPjkRyM4wcAQA5DSuPlLAA6AbpQASQYAlQASc/weu0uAQAA23E9BNBpMA8qgARDgAog+bndkpshiwCAFOZ2ha+HANAZDJsuuTx2VwEANQhQAaQEIz2dofwAgNTkMMLXQQDoLFweKW+83VUAQA0CVACpwTBkdOkikaECAFKJoarrHxdAAJ1M3gS7KwCAGgSoAFKHwyEx/xsAIIWER2Bwyw+gEyJABZBAmBQQQEox0tIkp1NWeblkWnaXAwBAfDgMGRkZktNpdyUA0DYDJkqGQ7JMuysBADpQAaQgp1NGZqbk5D+BAIAk5HRUXecITwF0YhndpF4j7K4CACQRoAJIVYYhIzNTRkY6QSoAIDk4HTIy0sPhKXOeAkgGgyfbXQEASCJABZDq3O5wkNolQ3K7eMkUAKBzMSS5XTK6ZISDU7fb7ooAIHYGEaACSAzMgQoAkuRyyXBV/ScxFJKCQck0ZZmmZJrMlwoAsJ/DkBwOGQ5H+MVQLhfD9AEkN+ZBBZAgCFABoD6ns+aBlIZUAAAAwCbV86B+t8vuSgCkOIbwAwAAAACAxMQ8qAASAAEqAAAAAABITMyDCiABEKACAAAAAIDEVD0PKgDYiP8KAQAAAACAxFQ9DyoA2IgAFQAAAAAAJK7+E+yuAECKI0AFAAAAAACJK2+83RUASHEEqAAAAAAAIHHl0YEKwF4EqAAAAAAAIHF1HyR16WF3FQBSGAEqAAAAAABIXIZD6jvK7ioApDACVAAAAAAAkNgYxg/ARi67CwAAAAAAAInPsiTLsmSZVb9bkiVLVf8X/t2yaraNZBjVvxtS+P+qfjdkGOHlhqPqd6ORgxOgArARASoAAAAAAAizpJBp1QSlpmXJMq0GgWird2tV/15/R43v2DAkh8OoDVb7niJnl55SWUH7CgGANiBABQAAAAAghYVClsyQpVDIbHdQGiuWFa6rJmA1uki3fiDj+/1yfrVJjoOb5Pxqk1RWaGudAFKDYTX85x8AAAAAAJCkEjEwbRPLklGwJxyofr1JzkMfEagCaJNPLl/X7HoCVAAAAAAAklwoaCkYNGWaSRwBWKYcBzbItXO1nHvWSv5SuysC0Em0FKAyhB8AIliWpQpfpfyVAZkhs3bOJ7sLAwCkPEOS4TDkMBxyOA150txK96aFX8gCAI0IhSyFgmbVUPgUYDhkDp6qysFTpaBfzj1vyrlztZxfrJdCAburA9CJ0YEKIOVZliW/P6AKf6UqK4N2lwMAQKukpbmU7kmTx5PW+JurAaQU0wx3moaCPOrXqCiSa/drcu78qxwHP7K7GgAJiCH8ANCMykBQJaUVCgZDdpcCAEC7uF1OZWamK83NIDMgFYWClgKBUOee07QDGEe/lOujp+XatkqqLLe7HAAJggAVABoRDIZUUlqhygAdpwCA5JLmdikrM10ul9PuUgB0gGDAVCBg2l1G51N+TO6PnpHro6clX4nd1QCwGQEqANQTCIZ0vKg0uSfQBwCkNIfDUNecTLkJUYHkZEmBoKkgwWn7+Urk2vInuTf/USr73u5qANiEABUAIpRX+FVSWmF3GQAAdIic7Ax5PWl2lwEgRiwr3HEaDBKcxlzQL9enf5Fr42Myig/bXQ2ADtZSgOrooDoAwHaBQIjwFACQUoqKyxVguhogKQQCpnwVQcLTeHF5FDz1avlufkeBabdJ7nS7KwKQQAhQAaQE07R0rKjU7jIAAOhwx4rKmLYG6MRCISscnDJcv2O40hSc+s/y/dPfFRp6jt3VAEgQBKgAUkJRSZmYsQQAkIosy1JRSZndZQBoJcuS/L6QKv0hcRvb8azsvqpc8Af5F/xBVrcBdpcDwGYEqACSXmVlUJWVDF8EAKQuroVA51I9XJ/ucfuZQ8+Rb/Eb4WH9LuaUBlIVASqApFdcWm53CQAA2K6E6yGQ8Biun6Cqh/UvfoNh/UCKIkAFkNQqKioVCnEDCgBAMGSqoqLS7jIANMKyJL+f4fqJzuo2oHZYf3Zfu8sB0IEIUAEktQqf3+4SAABIGFwXgcRjmpb8vqDMEMlpZ2EOPUf+a1bI7DvO7lIAdBACVABJyzQtBYIhu8sAACBhBIIh5lQEEkgwaMrvo+u0M7JyTpT/mpUKnn693aUA6AAEqACSlt8fsLsEAAASjr+S6yOQCPz+kAKVTDXVqTndCsy8W5U//J2U3tXuagDEEQEqgKQVDNF9CgBAfUFGZwC2Ms3wi6IYsp88QidfIN8NrzCkH0hiBKgAkhYvjwIAoCGuj4B9GLKfvOoM6TcMu8sBEGMEqACSVsjkAREAgPq4PgL2qGTIfvKrHtI/9yHJ4bK7GgAxRIAKIGmFGMIPAEADJh2oQIfz+0MKMWQ/ZYRGXST/pY9LaRl2lwIgRghQASQly7IYGgUAQCNMLpBAh/L7Qsx3moLMoefIf+Xzkjfb7lIAxAABKoCkZDDvEAAAAGxkWQq/LMokPE1VZt9x8l39gtSlh92lAGgnAlQAAAAAAGLIsiS/L8iIKMjKHSHfNStlnTDQ7lIAtAMBKgAAAAAAMWKalnwVhKeoZZ0wMByi5o6wuxQAbUSACgAAAABADJimJb+PF5miEV16yHf1CzIHTra7EgBtQIAKAAAAAEA7hYftE56iGd5s+S/+raxuA+yuBEArEaACAAAAANAO1XOeAi3K6Cb/5X+UMrrZXQmAViBABQAAAACgHXhhFFrD6jZA/gVPSZ5Mu0sBECUCVAAAAAAA2sjvCxGeotXMvuPkn/+45HDZXQqAKBCgAgAAAADQBpX+kEyT9BRtYw6coso590sG0QyQ6PhfKQAAAAAArRSoNBUKEZ6ifUJjfqjAuXfZXQaAFhCgAkB77XlVv7zvVe1qYvWuVU/ql6v2dGhJyWbPq3/UL//n72rVn2ILfy9RKfyHHrrvST20sbA9ewEAAEkmFLQUDJp2l4EkETx9kUJjLrW7DADNYLINAEBiK92st7c75fV8rY27/Bo+0tNxx+5+mv5p6VjJm9VxxwQAAAnNsqTKypDdZSBCyAzJF/KrNFCqsmCZygPlKgtWKGgG5A9VqtKsVNAKybRMOQ2n3A6XXA6X0hxpcjtcynClK8PVRRmudGW5s5SZ1qXDz6Hy/H+X9+AHMo4f7PBjA2gZASoAIKEd3rRXhwaN151jvtD96z7Q4ZHT1KfDju5RemYHBrYAACDh+X1Bu0tIecWVxTpYekifF+3XVyVf67uyIzrqPy5/yK9AKKiQFVTQDMmSqZAZUsg0ZcmUJUuG5ZDDYchhOOQ0nDIMQ07DFQ5WnW5NzB2vfx57c8efVFqGKuc9LM9zC6VQoOOPD6BZBKgA0NGKdmvVqg+0PT+koCRv7omaO3+mxua4GlnvVNdBo3TV/Inq45KkQq1/YrW2DJ+hc8q2as2uInknXqQ7ZhzX8/e9J829UIO2v6O1BypqvnvdwonqKUkKquTrrXrt3b3a/W2FgpJcOT114YK5Or17+NAFG1fo4e39dO3UEr326jf6PiRlDhqhq+aNl7a+qeffL1BpzbIzleetPqnj2vbqm1qzq0i+UHi/sy65UFN6NX6ZKdi4Qg+vk2YtXqhp3Zv5swru0dvbKzV+3mhlDU7X+Dfe04Yvpmn+4PrbHdaGVfXOe0wjx2z1ue0J/7lecqOuGq7wtAAvSQsW5WrrSzu1tygkOdM1bOZMXTc+N6q/fgAA0HkFKk1ZTHvaYao7S8sD5fq69Gt9+v0OfVz4qQ4UfSl/KCCrhb8Mw5Jk1F1mSTLM2p8jpTndGpQ9MFblt5p54ikKnP0zud/8v7bVAKBxBKgA0KEO69XlG3Rw0Ezdeu0AZQYL9d3ezVq7uUBjZ/aRfHv0/FMfKTh1pm4d30+ZwXztfuNN/X5Vuu5cOFrpVXv5ftN7envMeF1302B19aRLOi5JOvDGJmXOmak7558gFe7UyuUfacXmYVo6saskl77/plB9Js3Uhf1PUJarUgfff0W/X7leeUsiujqPfqaXtp+mG/9ltrr6dmvlsg16ZtkX8vY9TTf+y4XqWrZXK5/aoBXvD9YdM/tIKteuVa9oTXCErrtprPK6hHR4z3o9/+xr8t4yVxO8Df4Q1HPyQv3H5Jb/tEq2btPunFG6c7AkDdGUMR/od+9v1qzBE1U7qP64Plz+ml4LDtONS87QoC4hHd79pp5/o0jSCXV32Opza0yB1ryVpksuWaAru0vfb39TT76xXhuGXaopmS2fEwAA6JxCIeY97SjFlcXaW/SF9h7bq93H92jPsb363n9MoZApGVWZqCUZRnhKheqQ1FDdUNQyGuSnzRqcNUATeo6N1Wm0SfD0RXLuf1uOA/+wtQ4AdfESKQDoUCU6XiT17D9A3VyS29tdeWNm68aqsO7w+x9pd9/xunJiv6r1uRo77zQNO/CZtpdG7GbQafqnOeOUl5OlLG/tv4VlTpqmecNzle5yKb3XOE0b7tR3Xx+u/drk2Zo2PDf8HVeG8sb0U4+iw9pbFFljb81dOE49XZI782TNGp8uX7C35s4/WT1dLrlzwsuOf/2VjknSkY/02t4czZ0/UXk5HsmVoT4jZ+vCwQX6cHdJO/6sDmv9R0UaNmlsTVjaZ8ZYDft2r9Yfidjsm216+9scXbhgmgZVH3/MXF04vLG5yVp5bo1K17Tzz9PIXhlyuzLUZ/w4newp0oGv23GqAAAgsVlSpZ95T+Ot0HdUf977ov7tg3t1/5b/0VO7n9c/Dn+g/IpChcyI8LQJ1eFpk9s01bBatfysvpPVJ6N3m2qPJf/c/5a69LS7DAAR6EAFgA41XLOmb9XDry7X43sH6PQxAzSofzgslfw6XFghHfhAv7rvg3rfy1SeX1JVh2OP/n1qulEj9exedzx85gnp0vajKpDUU1KgaLfWvr5T2/NL5SsLTyEgZUqRU3md0FV1btc8TqlLhrrVXxYMfz+Qf1zHVaCVDzyplfXq6dG3suU/kiYEdm3WRl9/3Rj50ijXaE0e85FWfrRfc+YMCW939LhKu+Qqr1735/BBPaXt9XbaynNrXKZ6dK/7uWcXaUtRoaTm5iMAAACdlZ/wNG4sWSquLNbqA69qxd6X5Av6azpJjZpt6n8nYmVEWlr9Pav+ttWb1QtgjYgfMlzpumDg+XIYCdBn1qWn/HP/W54XrpMsup6BRECACgDt5XJKauqmukSlZVLX/l1rlvScvFD/Z8whHdj9hbZu/ofWrKrUyfPma+FwpyTJO+Ys3Tq9/vBxp7ztHR4e3KHlj32ggpNP01XXDlZXp6SjW/X75Ydb/GqLPP117eJJDV7u5Grz2+uPa/OmAskvPXnfk42s36oN04cwZB4AAMRdIGDKNJn4NB6CZlB/P/i2XjrwNx0o+lKmZYVD0Kr0tP4Upi0Nx4/8W6oOUx2GITNirlQrYkOj6hhOh0O3nrJEXdNy2ntKMWMOOlPBSTfJtfFxu0sBIAJUAGi//v00TB9p9xfSyPovN/J9pd3fOjVoat0XDLkz+2n4xH4aPlGq2P5X3fvuVp0z/Ez16Z4u39dFUuZwtTV6bFJRkY4pU6dPHae86nvDfL987dytO7eruvrz9b2yNDxWgebXm/V2fk/NXXK2TnbWX1mp3a+u1vpNhzVlZp/w8cvydbBUdbpQ9xyo7rsFAABoG8uSggE6AOOhLFCux3c+qXXfvK/yYEWdkDOSFfGDVS9BjQxb68tIy9C4HqO199h+FVQU1oSxhqr2Y9Xue2z30Zred2r7TyrGAtNvl3Pv32V8v9/uUoCUlwC96QDQyblG68Lp6dq6aoVW7cpXiS8oBct17JtPteLpD7Q3d4SmVQervh1a8ew72nakRBVBKeDL1+5dpVJmpryS+kwdq2H52/T7l3frsM+vQLBcx77+h558dr0OtrfOnBx1U6m2bf1KJcGgKo58qmde/brdAap6naZzBhXptT+9rm1HyhUI+lVR9JXWL39Rr37Tlh36tW3j19KYUTo9J0tZmfV/ddfpE/vLt32LdgUl9RqraX2L9NrK9TpQVK5AsFyHt6/Ra3saJK8AAACtwryn8VEeqNDjO57Ua1/9XaWB8oYdovWG5auxZVbdbS1Lcjmc6urN0cVD5uiXE+7Q0YpjKvQdrbPvmiH9VcP505xuXTDwPLkd7pieY0w4nKo871d2VwFAdKACQEz0nDxft+e8pxXrXtP9a8I32i5PunqfPEW3zz65do5N7wCdfvJXenX5Sq30S5JTXfsO1rWXjAt3nHpH67olTr388lb9/qENCkpy5Zyg8dOnqd3T2btGa8E1RVr50pu6/yPJ1aWnLjx3hI6tOdTOHWdowsL5cr3+jtY++2etDElypqvfmPFa2KvxbxRsXKGH10mzFi/UtPrThpZu0/oD6Rq/aEjThxw8WuO9r+ntrcc1cmJXnX7lhdLL6/XMY39WUE51HTRK153v1MNr2nlqAAAgZYVCFkP348CyLC3ft1JrD74dTj2b6CBtsChiMlPLCgeg4f1JHpdHg7MH6ozeEzS620h9XrxX9299SMf9xc3u1zAMjesxWqd0H9P+E4sTc9AUhUZeJOeuV+wuBUhphmU10ScPAJ3ckYLjdpcAAEBC6tWza8sbASnOVxEUT8uxt+bL1/T4jiflD1bWfVFUxIf64WnkvKX1V57UbajmDZyjcT1G67vyI1q+5y/afnSXAqFAgzlRq3dT/bPL4dbPTr1N0/tOTYyXRzXBKP5W3mWzJX+p3aUASeuTy9c1u54OVAAAAAAAIgQCJuFpHHxdekjPfb5CvmClpLpzmBrVE5RK4eH5ES96qpm3tPo7krqnn6BFJ1+pWf1mymk49NKXf9OyHU8rEArUbGhYNburOwdq1WFGdz9JU/tMSejwVJKs7L4KTPmx3O/8l92lACmLABUAAAAAgCq8OCo+fCG/Xty3Wkd9taPEauYwjRjJHzlHaWTwKUkep1v9M/vrrBMna1beOcpN76mvSg7quT0r9O6h9xQyq/7eInYU2bAa2cna1Zuj28f/s9yOzhGLBCfeINf2VbxQCrBJ5/gvBQAAAAAAHYAXR8XH1yUHteG7D2Wp6dZeq4mfDcNQ/6x+mjPgfE3uNVF9uvSRIWndt//Qyn0vac/xfQpZZqNzqdbZWVWnq2EY+uHgOeqT0e63DHQcV5oqZ/6bPC9cb3clQEoiQAUAAAAAQLw4Kp7eO/y+jvmOS7LqdJpKajr4lOR0OHTpkHlaMOQS5Xiy5TAc8gX9WrF/lVbs+6v8Ab+siH02On+qUffziK7DdW6/GTKaO3ACMgdPU2j4eXLu+bvdpQAphwAVAAAAAABJgUq6T+MhEAro5S9eV2RsGvlSp8hl1XOidnGla0LuKbpi2KUa0W14eFvL0uHy7/T07uV695v3FDSDNd+16v1uRO4z4nOaM03n9p+u3l06UfdphMDZd8q5900xSS/QsQhQAQAAAAApLxSyyKTiZOORD1QWKG9+Iyv8oiiHw9DIbiM0d9AFOqPXRGWlZUqSTMvUh0c+0rN7XtCeY/tkRvGXVX8LS9LYHqM1s98MOTpZ92k1q/tghYbNpAsV6GAEqAAAAACAlBcI0H0aL09/9lyTc58aET+4nWm6avgCXTxoTk1wKkmWLL321Vot2/WMSitLG+7ECs9tKkU0Zkbko9U/el0e/cu4HyvbndWe07Fd8MyldKECHYwAFQAAAACQ0kIhS5ZpdxXJqTxYrmP+4jrL6vR+GobSXV6d3G24Fp18tU7udlKduUmP+4v1t69e03Ofr1RlKFC7JnJcvhHRbWrUrq7expLkcabpJ2MWq3dGr1ieni3MPmNkDjpLji/W210KkDIIUAEAAAAAKS0YID2Nl13HPlNlsDL8oV53qCWpV0YPXTbkYp174gzleLLrfPdw2Xd6ds8L+vvX78iMSLgthTtOG/RfNvEWKYfD0ITccZraZ3JMzikRBCYvkYcAFegwBKgAAAAAgJRlmpZMk6HQ8fJp4U4FzED4Q2R3qKRTeozRv57yE/XO6CWXo248URH06eHtj2rLkW0NwtPI3yNfPNVg2H7V56y0LF0x7DLlpNUNaDszc8AZMgecIcdXH9hdCpASCFABoL32vKpfvvRdg8UuT46GTZ2kSyb2U7oNZdmi8B96aNkhTVi8UNO6d9xhd616Ust1lv5j/vA276Ng4wo9vE6a1abaS3Rg45tasa5SUxr7frBQuzZv0tubvtN3fklyquugYVo470zleSP2cuRTvf3GTm39tkJBhf9/aMz5MzV/ZNc2nxcAAGheoJLu03gq8hfLipir05CUmZapCwecp2uGX6kMt7fBdwoqvte9H/8/7SjcLcuywt2mkclpRFBqSQ27TlUbqqY53bp+xBUa1W1E7E4qQQQmL5GHABXoEASoABATvXXlz+ZoZPXHYLmOfbtVL616Q78rulB3zOxjZ3GIQs+JF+nOMZI3s+VtI1V88w8tf+kzHVSaXEprZIt8rX/qFW3IHKa5V07ToO5ZcpV9pbdffke/X+7UrTdMUk9JgT2v68GXizRm9jTduqCnurlCOrxnvZ5f84pWeBdo4WBPLE4TAABESPXu09LSUqWnp8vpdMZl/yEzpECoss6yvKx+um7EFZrSe5I8zrr3TpYsfXH8Sz268w/a/v2uyBXhTlNJMiJ+rlL9OTJHtQzJaTh00cDZmjNgtgyjkZS1kzMHnSWzzxg5Dm+3uxQg6TnsLgAAkpIrQ936n6kFM3J0fO8XKrC7HrTMlaGszAy5W/m19JDkPW2mbr9ysBrPXnM18coF+tmV0zSyV5bSXZI7Z4DOP3ewMvO/0u6i8Fbu4Wfq9lsWav6Yfurm9UiuDPUZOVuzhlVq+/ZD7Ts3AADQqFSe+3Tt2te17A+Pa+++PXE7hi/kV3mwXFZV3Dmq+8n6t9N+qhl9z2oQnkrScd9x/WbH4/r0+x11AlJLEUP266WndUJTq+qXJMMwNLnP6bpy+GUNpgdIGoah4JlL7a4CSAlJ+l8RAEgMXleaFAzJJ0nBEh3Y+g+98dF3OlQUUngY9yhdt3CielZ/oWi3Vq36QNvzQwpK8uaeqLnzZ2psjktSuQ5ufFMr3i/Q8ZAkZ7qGTT1Tl0weoCzfp3ryoa3qeuX1mt+/9vh7Xv2jnv1mmG696czaYwR36JkHtqrHNddozon1jxkeWj5/zpkalFmzE/3yJemSa7pq+5q92lvUUwt+NkdjVaI9r7+hlduL5AtJ3tzBWnB+Yx2YtXatelLL99br1o0UzNe2dzdp/faC8FB3p1O9x5ylG2cPqZkGIXBks5a/tFN7i0LhP4OZMzW+zk4Ktf6J1doyfIbOKftIL20vVdCZrmFTp2nBeGnzy+v19oGK2mWTq6ZYqDrP6toKNq7Qw9v76caZlXr15S/0nT88pH78vAs1b3BG7eH6n6mr+ksqbDrkTM/MamKNU96aho8sZTUYweZXMChl5mTUXwEAAGIgFErd7lOX26WCgny9//56jTjp5LgcI2gGVWkG5DAMndZrvG4b+xP1yshtdNsif7F+9fF/aXvBrgZzpUa2l1pWOERttJ80YuGgnAG6fsRV6ubpFpuTSVChIWdLXXpIZd/bXQqQ1AhQASBOAqW7tfLNAnmHj1OeJLmO6uC3WZp2yZnhYdzBQ3p7+Rt65s1+VUP8D+vV5Rt0cNBM3XrtAGUGC/Xd3s1au7lAY2f2UWDXm/r9JmnutVdofC+ngke+0ttv7dbe8QM0wTtCEwd9pDXbv5L6D6iqYI82bw9JOqTdhfr/7N15fFzVff//17l3Nu2WLO/Guy2vYGPMFpYQzE6AmAQIZCMJlG9D27TZyjdNv2mWpvm2aX98m5Q2hCRkIcEBJyxmNZgl2AYb2+B9X7FlyZIsS9Y2c+/5/TEz0mgkeZU00uj95GFp5t47M5872DOatz7nHIYk5uWMbtrJtqKxXD0KqF/Jfz/0PrHzko9ZwbqnXuSRh+v4zF9dy5TWd4lynl7UwrxrrmfByHwiwK7Ff+JXW4tY8JlPMmuYS/3et/ntop3UdzqMPW76rV/ge8d70poq2BUby82fn8/wolyo3cTCn7/GwjGj+ez0MNSv5JFfxOv9yoeT9S7l6QPAmPZ3dXjFMtbccA3fvKGEpo0v8uDTS3lwlctZV87nm7cWUb91CT95+g1enXAnNwzrop5j23hy5Qxu//ynGJ7XyP4lL/LIU28x7W+v4vRnWwVoZuOKndSPnMG0LqcMaKZy3Ys8tyufyzQFhIiISLeLxQZu9ylASXEJAAcPHuixx2jxm4h6LVw39irumf45CkKd/1K5orGCn6x7mHWHN3RMRjvJuJN5avqw/aTpg6fyV2ffy4TCcWd2Av2BGyBWdjWB1Y9luhKRrKYAVUSkW5Tz2L88krbNpXTWxXzphmSgOZbLbh7btjswmnOn5fPmpj3UMIJi6jhSC0PGjKU4AAQGc9asa/nCrPjhR2obITKa8cPiw8yDw6Zww53JGC/MtFlDWPjiVnbdMJbxAFu3salkMhcVbeOdNQcTIVwda9ZUUjr7Q4wADq7Yxv6hZ/ON+WMpAAgM5dzbL2bXf7zGq+vqmDIn+UNuDvMWfCzesQoQW88b6zzm3HYT5ybCx+Ixl/HZC5/gh694p/805s/k5mtTrhdNY86YZTy2bT9Mn8i+FZs7qfc8dv3Ha6xJv6/JF/DZWfEOh+D0ecx7/RlWjvkwd02PbytObNu28wgM62KRpuYhXH/7vHgATpjxl0xg9Npt7KqCKWewSFbj1iUs2pbD1ffMo8PHiNRFydwc5i24pVcX5BIRERkovFj2dp+Wlx+kqGgQOTldL2UaScx92tzcTFNTE5FIx8WczpTn+3x03PWcP+w8cgKd339DrJEntj/F24fexfq2YyLpRzuvAAAgAElEQVTaSbdp+v+55HXHGOYOnc1fzrqHMfmju+EM+gdv2kcVoIr0MAWoIiLdYggL7r+CycmrgRAFkfRFf2LUbFzG0yv2cLC2hfrmxOaS+HB9mMLVl6/hwcWP8d/bxnL+rLGMHzM6HqYCQ+bMYdqKN/nJT6uYN2cy08eMZfSwtjk7g9OnMu3pZazeCeMnNPP+mnKGz/kQV+cdYfnr2zg4fwQj6jez+kAR5y8YDDRzsKqR/DGj00K8iUwe8xpr9lZAa4BaxPhRKYccquYgJVyd1vVZMGEEg145k/k669i18i1eXFPJkdoW6pNZ7GQPaKayqqXretPuqXRkaurokuNCfsmgDttiHCfwLRnUNvUBQH4RBTRyuAo4zVCzcesLPLiomvELbu08GJ1wBd+4P15T/YE1PLf4dzxy7Fa+MKeLkFdEREROmbVk7eJRb775BkteeZGLL7qEa665rsvjSgeXMnhwKRUVh9i0aQNz5szt9lqG5w1neN7wLvdba3ll/2v8cdez+L7fmpQmA9NOg9LEEP5WxhDAIS+Ux0dGX8pny+6kMFTYfSfRD/hjzseWjMNU7850KSJZSwGqiEi3cInkF3TsJkwR3fgcP3q6nlk3XMFfjC8iABxe8QyP7Gw7ZshFt/N/Zu1n16adrFn5Fk8/2cK0m2/l9im5EJnCXX87lsq9m9m0cScvrlhGed4MvpRYxR2mMG/WMhZu2gFjGlmzq4hzbxhEMH8q055exepDcNnePewfOpa7TnGl+d5ycMkzPLIuh4tuuIa7RsY7JrYtXsiiDNfVXRo/eINHFlVy1k23cNeULuY1DeRSkPj/UzDlMm6rreCHKzdQOedD7cNcEREROW3ZPHx/yNAh+L7PireXMXfueZSWdv4TRGFhEUWFRVRUHGL3nt09EqCeyPLyd3ho/SN4nt8+FKVtrlPodBQ/ALnBHCYWjufs0ulcOPx8pg0qwzEDcK1sY/DKriWw/L8zXYlI1hqArywiIplxpLYRSsbykVmjKc4voCC/gGhzS4fjgvmjmTLvMm6//Xa+cW0+615bQ2Xr3jBDxpzDZdfewH1/dQ1zjm3gpZSFU6dMGwVbd/L+pp1sGzmWWfkQD1ZbWLduE+vW1TJ53tmJoDfMiME51O/dT127CnawbS+MHtP5BP8ADCthBNXs2tt+c93Ogxw51ScmRU1tI4yZwQ1ThlKQX0BBvkfTsbZzP169fV7VWzzy6z3kXHMNd03vLGqPEe3sdvpVp4iISLfzsjhAHTtmPBPGT6C5uZkXXny+y+OCwSCBYPwHjcbGxt4qr9X+Yx/w042/oCkaH5aVGpJ2dRnAdRymlkzhU2W3870LvsX/nvsVPlt2FzOKpw3M8DQhNuPGTJcgktUG7quLiEgvG1SUA9X7eWdvHdFYAwfXPc2idSnDx5vW8/ivlvL+oToaYxBtqmDTxnrIjy/atG/JH/ntyj3UNDUDzdTs3cm+YyHy81IeZMJM5gQ+4OkllUyec3ZrR+yUaaOIrXubVyuGMGda29QCIy6czOiK93l0yR5qEo+5+sllrGEUH5l1nH7awEwum+Wy5qmnWX2ogWismZq9b/DoikbOZPas4qIc2LuZ1VXNRGNH2LVkCS9VtO1vV29TLF7v46vYdAaPeaaiTXXU1ddRd8wjhkfdscT1pljbQVUr+PHPN8Pl1/CFOZ0H0zUr/8T3f7qYN7ZWxG8ba6Bm71ssfK2W4bOmqvtURESkm1g/3t2YrXJyIkyaVIbruuzevYNdu3Z2epwxhhHDRwJQV1fL0aO1eJ5PLBbr9PjuFPVjPLnjGfbXH4iP108O3TcGxxhc4xB0A4TcEPmhPMYWjOTKsy7ngbl/xxPX/YofX/pv3D3tU8wuncWw3KEEHP3G2Q6djh06PdNliGQtvcqIiPSS4PT5/EXtEn77+EKWe5A//myuv7CRhckO0shYzp+2h8WPLWRhM4DLoJET+MyCcygAIvOmkv/UWzz4SiMxIBAuYvI187k+dW5SRnDutBDLV+W3C0qZMIVp7GXN+AlMS33lz5/Hff8rnyefXMqD/+YRw2XQ+Ml84Z4PMf4E7xDjb7iFz4SXsOhXv2ORB5GhE7htwQSe+3XXc6BufPIRHts2nDv//gY6+/FuxPzrua35RRY9/BsW4VI6+1Jumvxa2xD+/Hl84e4QC59ayo9WeeDmMHn+fG4KPMPC45fbY7YtXshj29quL39sIcsBJl/K926NL/K18bUNlHvA68/wD6+n3UHiuOJ5t/A3eW/y+GvP8Wq11/b/+JJruHOeVpESERHpLtk8fD9p9uxzee+91RwsP8jatWsYNWo0oVCow3HTpk/n1aVLOHz4MG+8+TrGGDzP48OXf4TCwp6bR3RzzVaWHXyb/GAeecE8cgO55ARyKAzmURQuYlCkiJE5IxiWO4TR+aMYHCkh6ARPfMcDXGzGjQQrNma6DJGsZKzN5t+9ichAdqjyTAaTi4iIZK9hQ7QwnQxcTY2xft2Baq2lvr6egoLjzb4P765eyZNP/oGCgkI+85nPMWpkx1Xpm5ub+afvfKvdtoKCQj7x8duZNGlyh+O7y766/eyp30uum0teMI9IIEzEjZAfzCXkRgiqo/S0mNr9RH5yWabLEOmX1t6R3unSnl6VREREREREZECwtv8P31+95l0WL36am29awDnnzO7yuNnnnMuLL75AXd1RVq16h1E3jaaq6jCbNm3kkkviIVs4HCYcDlNQUMiUKVOYMmUqY8eMIxwOd3m/3eGsgtGcVdAx0G3H+tBYBV4LNhiBUBHGuHRYbUpa2aLR2KLRmNquR4SJyOlRgCoiIiIiIiIDgu/17/R0z549vPLKyzQ1NbHoj39gx47tXHjRRYwcMarDsa7rctsn7uDRX/2cNWtW4zgOa9asxvd95s6dR05ODgDf+Po3iUTOZBb7M2AttvkI1JZja/ZC5Wb88i34lTuxdTXYaANYH+MEIBjGyR8EBSMwpWMxgyfC4Ak4BcOgcDgmUkDrZKoDmD/mQtx1T2S6DJGsowBVREREREREBgTP79/zn+bk5JCXl8eRIzUUFhayZu277Nu/h7nnns/cuee1hqJJI0eOYtKkKWzZsonly5cxdOgwzpt7Pqkz+WUiPLXRRuzB97C738Y/uAn/8G6oLYdoS0ptBohftl4LRFvwGuqhYh/seAccBxPKhcLhuEPGYUZOx4y7CGf4dHA7zvc6UHjjzleAKtIDFKCKiIiIiIjIgNDfO1CHDBnCxRd9iEV/fIKcnFymTp3O228v58WXnmPHjq3c8rFPUJSy+FNubi4zZszgg/37uPhDl3DhBRcTCoVxnJPo1PQ8bEMFRKPxeQ+CQcgpxgQjnEmnpz2yE3/JD/D2rMdvqMP4flpomqotRAWwWExym/WxzfVQsZ1Y5Q7Y9Bom+DOckVNxL/osZsKHMYGBF6T6I+dkugSRrKRFpEQka2kRKRERkc5pESkZiKyNLyDV33mex2O/+w3btm3h8suvYPiwETz3/LPU1FSTn5/PNddcx7SpM8jNzQUgGo0CEAweZxX7WDP2aDm2Zjd27yrs3nexVXvxjtWAF+/aNQEXE87F5JfCkMk4I2ZgRkyHgqGYguGYcD4Y5+ROwvrQdAT/8E7s4S3Y8u3Yqt1QX41tqMU2HYVYE9bvKlhNjzFMImu1rce6w8bhnncnZuIlmOIxJ19bf2d9ch6cBw01ma5EpF850SJSClBFJGspQBUREemcAlQZiLyYpaXFy3QZ3eLYsWP88tFHqK2t4aqrruPtFcupqDyE53m4rsuUKWV89MZbKCoqOu79WC+GPbAK/73F2P3v4R3eDbEYbQFl+w7QVsYkulLDuIWlMHg8zsjpOFPnY4ZOA+c0Brt6zdhjVVBXiT16EA5vx9v/HrZ8M/7RqngZreXYLkpLDVotxg1ihozDmXwJ7pxbMSUTGAjzpIae+AvcrS9nugyRfkUBqogMWApQRUREOqcAVQailhYPL5Y9H383b9nEY4/9GmstxhiuvPIqSopLeHLRH5gwYSILPvYJ8vPzu7y9rT+Ev+T/Etv4KjbWDH4yo+yku7PTEBWwiX3GYBwHAmGcs2YQuOwvMWMuPLMT9D2sF8VEj+EfWIVd+wyx7cuxTY1t9XRRWsdaHZySUQSv/jtM2bVnVlc/EHjnFwSXfDfTZYj0KwpQRWTAUoAqIiLSOQWoMhA1NcbIpk+/zc3NvPjSc7zzztuUlg7h7s99gaKiQdTX19Pc3MTgwaWd3s4218HuZURf/THeoe2YZDdpOycaMp9ynLHxKUmhbX5SY3DHn0fgos/CqHMxucVndrIQr7GxCn/76/gbl+CVb8EerQDfo32Smn6Z1hqNcXDPvobAh+7FDp6EcbNzWRhTsZHIz27MdBki/cqJAlT329/+9rd7qRYRkV51rKEp0yWIiIj0Sfl5vb/qtkgmWQuxqJ/pMrpVIBCguLiEzVs2U1t7hFAoxJizxhKJRFrnP01nj+zF+/NDxJY8iK07DCRDT+LD8hOX28elyVjUdBz8bkzb0PrWIxP3UXMAu/1NbOU2TG4BZtBZicc4TcZAMBczbDpmykdwx8zBKSyFhvi8qe2rNu0vt161+BW7sPvexUQiMKQMk41zo+YOJrj61xDV5yGRk1U+8+7j7leAKiJZSwGqiIhI5xSgykBjfYvnZVH7aUJeXj7Dhw3n3XdXEgwEmTJlKqFQ5yvP22OVxP70DfyNS7FeNKVHMxl6dt1lajpcil+LXzXxIfzp4agBG23GHt6Nv/U1aKjAGT0HAuHTPNuUu3aDmKKROGfNxSm7Ajfk4B/YmOhGjT94u/NrV5rF1lfh73objh3CGTMP3M6fs37LGNwdr2FqP8h0JSL9hgJUERmwFKCKiIh0TgGqDDSeb/GzMEAFKCkpIRAMct7ceZSWDul4gO9hyzcQ++3n8Q5sBevTvle0I5M4IvWYrntH04bMm+T8pKZtsaloM/aDDZjKjZgR0zC5g0/jTDvhuJhIEWb8JbhTL8XUfoCtrwI/llJ7eoCaEIvhf7AB6vbjjJ4Noa7ni+2PnANrcQ6uy3QZIv3GiQLU7JzwQ0SEtp/XREREpM2ZjKAV6a9sdo3e7+Dyyz7c+Q7r4+9bSWzxd/Crytu2n9TiSxbjuJi8QigYEf8ezAMnDH4DNDdA41Hs0Qr8htpE96dNu9+2K9a3RDf/Gbe2nMBVX8eM/xB04/B5M3Qm7oJ/x6x7Cm/ZL/Bryk9wCwvW4K1/GetbAtf9IyYne+aHtiUTM12CSFZRgCoiWctxHDwvy39aFhEROUWu62a6BJFe5w/Q36rbI3vxnv8efuXuti7MTp8K0/bNWnAc3HFzCcy+GYbPxEQKIRDCOgHAweCBF8PGWrAtDXBkL/bAWuzWpcTKd4KXPh+pJTlZqndwByz+Du61D+BMuqJbf6tjIkW4534SM/YCvCU/xNu2In4+reWkJMeJc7WxKN6Gl6CxisDH/xMTLuy2ejLJDhqd6RJEsoqxdoC+k4hI1qs+Uk80Gst0GSIiIn1KKBSguCi7hqqKnEhTY6zfjUxqamricFUlg0tKCYfDOM6pdWvaY5XEfvMFvIPbiM8JatuyStvJSvUkgtOhE3Cv+EucyVeDc4q/cLEWW/4+/ton8Da/gW2shWgLncUObslwgrc/BMOmntpjnGwpjUfwXv4B3roXsdHm+DZMyuyo0D5VNgTP/wTO/K9jQnk9UlNvMlU7iPzPVZkuQ6TfWHvH68fdrzlQRSRrxWIe0Zh34gNFREQGkHAoSDgUzHQZIr0qGu1/o5L279/HTx9+iPq6esaNG9/l4lCdaqjCe+E7eDtWkTITaGKOK1LmBE3OD2ox4Rzc2TcRuP6bOKPnnd7wemMwBcNxJn8EZ/pVmIISTKwJW1eZNo+CwTbWYz9YgzvpIoh0/9B5E4xgxswF24w9sBF8v20RLJMyu2vrQlhga/ZhCkpxRszo9np6XaSI4LL/0pxmIifpRHOgdt+EIyIifYw+HIqIiHSk90cZaPpjfhSNRqk8XInv+1QersDzTn5UlfU9vNV/ILbxdTqM1+/sybBgwnkErvxrAtf+A2bQ+DMrPsEUjcY5/27cTzxI8OM/JFA6Blr7P+NfvYNbaVn8XWy0sVses0MNOSUELv8yweu+jgmGsNjWwLj1j01+B9tQh/f6T6DuQI/U06scF1s8LtNViGQNBagikrVCIU3zLCIikk7vjzLQ+H7/S1APHjzA0qWvAHDgwH7eePM1jhw5QjQaPeFtbdV2vHd+jfVakltIaztNyVUtxjEELvwk7nmfxgQi3XgWJBahKsWZdj3u535NYM4NOOHc1COwe1fjv/9kzyXdgQjO7NsIXPp5nEAo8XSkdKCmTQ7rH6kk9qdv9Fio25v8wRMyXYJI1tAQfhHJai3RGL7f/4ZsiYiI9IRQKEBO5BSGAYtkAd+z/S5ErT9Wz7H6Y7REWzh27Bj79u3j/XXvcaT2CNa35OXlEwx27Ca30Qb8xf8H74OtpAampnXxpPi21kvGITD3FgLzvwZuz3anm1AezsRLcQpLsVU7sY1H45V4MUysCWfShzChHpqf2XExpROxVduxh3fTLkxuq5DWELXmAE7xUJzhM7p1kave5hxYi/PB2kyXIdIvnGgIvwJUEclqvu/TooWkREREAMjNCRMMqgNVBhbP738BamFBIRMnTmLy5DKGDh3G0aNHqK6u4sCBD9i+Yxt5ubmMHn1W2q0srP4tsRWPA+0jwvYRYLz70jEOgUkX4H70nzHBXHqFG8SMmIkZXoY9vBVbfzg+dL72EO748zElPTfk3ITycEafA9tewTbW0Tb/a0fWgGk8ijPhQkykqMdq6mnOoU24u9/KdBki/YLmQBWRAS0vN4J7iiuWioiIZCPXccjNCWe6DJHe17+y01bhcJjhw4dz0UUXc/+Xvsydn/wUI0aMxFrLrFnndDje1h2iZcVCrPVJnrRpWzYp9cj4tpx83Ev/FybcQ12fx+GMOZ/gLT/ELR0bX6zK92H1b3v8cc2gswgu+BcIRUjOe9q2s21Yv7EG/8B6/B1/pt/+BQIIF2a6ApGsoVRBRLJefn5OpksQERHJOL0fykBl++MqUmkcx2HmzLO5957/xac/dTeRSNpcpb6Ht34xHD2Y2JAYjt7l6HOLO+1KGHl2zxV9AmbwRAJ3/Cfu6JlgDLFtK7AtDT3+uHbIDAJnX4dx3GQl8T/WEv8PwGJjMfxNL0Av1NRTbKQg0yWIZA0FqCKS9SLhIAFXL3ciIjJwBQMukXDPzm8o0lf1x/j06NE6KisraG5ubrc9FAoxduxYXNdtt902VsG217DR5PG23bd0JhjGvejzmEBmu9JNySQC138TZ9gEbNSDmp09/5ihXJwZ12MKSkhfQCqdt3s1/qFNPV5Tj+nmRcFEBjJNgCQiA0JRYR7VR+p6bHFPERGRvsoYKCzspfkNRfqifvTzX3NzM79//DG2bImHdsYYpkyZylXzr2bkyFFd3s5W7sTbvTpxrW0xpNbrhsQq9/F9wbnXYkon9cxJnCIz4mwCF9+Nt+x/sA3VXTfNdiNn3EU4I2bi174Gia5TYwwmubyWBbAQ87BvP4wdfS7G9L+GDJvhgFwkm/S/VwARkdMQCLgMKuz9+Z1EREQybVBRPoG0bjUR6Xs8z+OZZ55i69bNFBYWUVhYhOM4bNmyiUd+/lNWrnq7i1ta/HV/xPo+6eFp66D01i4Ci8ktxLnyH3r4bE6NM+sWgvc+hzP+st55QOPiTv9I29XkBUv8uUrZENu0DOrKe6eu7qY5UEW6jQJUERkwQqEAhQXqwBERkYGjqCCXUFCDzmRg6y9zoDY0NFB+6CChUIgFCz7O7bd9klsX3Ma5c+YC8Pzzi6mvr+9wO9tUh7/hlcQiSF2fa7zL0sGdMR+CfayxwDjg9PIvesquwuTkpWywnV62MQ+768+9VlZ30hyoIt1HAaqIDCg5kRAlgwowpjcGB4mIiGSG4xhKiguIREKZLkUk4/pJfkowGMR1XVpaWvjzm28QDAWZPXsOH/vYx5kyZSpNTU1UVlZ2uJ3dswK/qYG20K/t51yDaV1c3mDACeBMvqpXzqevM+EinCETaXu+TNtla9quOhBb/wLWa8lInWfCqgNVpNvo19EiMuAEgy6DSwo4UnuMWMzLdDkiIiLdKhBwKS7Kx3H0y0KR/iQSifChiy9l8XPPsH3HNrb/1zYKCgrJy8ulurqavLw8RowY2f5Gvoe/9onEMH2Ix6TJuU4B0zanpzEGUzIKUzSsd0+sD3MnX4S39734Fdv6JeV6/IKpr4H6Ciga3bsFninNgSrSbRSgisiA5DoOg4sLaGxq4VhDE57nZ7okERGRM+K6Dnm5EXLUdSrSb82adTa5uXmsXbuaHTu3U1t7hPr6OoYMGcKVH7mKSKR9IGab6/AO7Gi9blK+xg9o/YIF3GFToHhMD59F/2HGzgPzP4n5DWwXMyAYbGMN9sh+jAJUkQFLAaqIDGg5kRA5kRDNzVEam1poiUb7zTAvERERYyAUCpITDhEOBzNdjoicIWMMkyZNYty4ccRiMZqaGvE8j/z8AkKhjr8cMccOg9ecsuUEP8jmlWBCecc/ZgCxuaUYx8V6KaPSDG3zPhgAi99wFGoPQmp3r4gMKApQRUSAcDjY+sEzGo3REo0Ri/l4nofn+fhKVUVEJMMcY3BdB9d1CARcQsEAQS0QJZKVAoEAgUCASCRy3ONszW7wWuLzm8a3dH4ciflQI31s8agMM8E8jJsIUJNPXWdrScWasLXl4Pu9v9jVmWg6mukKRLKGfuISEUkT1AdSERERkaxhTN9cSCoWi1FReYj8vHwKC4tO706O7MNGm+my87Q1VzXgGExh8ek9TpaybgicxNraJvHF2kQXauqBxIfx+zFMPwpQTbMCVJHu4mS6ABEREREREZEe00dHXB87Vs+vfvVLnn/hOZqbm1my5EWef/7ZU7oPv64GvFjbBtP6hdSNBjAmAOHSM6w6yxhD6/Nl4+Fpp1G0tdjGOvD71wK0pqku0yWIZA21WImIiIiIiEjWiq9L3/daUK21NDQcY+fOHWzevIlt27cRbYkybdquDse6rsuoUaNxnJQeKOtjY00YY7E2GQK2fulw3VofbLSnTqd/8qJgfUj8DWmNU9OeQgPQVN3vAlRizSc+RkROigJUERERERERyV59tAM1HI4wadJkNm/exOMLH2vd/tOHH+pwbF5eLl/9ygOEw2mrqls/JSTt2HkaH5EeTwON9aGxulvPod+LNWL9eAev6TBun8T2ONvUkAhb+xFPAapId1GAKiIiIiIiIlmrj+anRCIRrrv2BgoLi9i+fRtHj9ZirSU3N7fDsZ1ti0/MSdt8ncam5X+p1038at2Rbj6Lfq7lGDbWSVdpepZqAM/vm5PpHodpqs10CSJZQwGqiIiIiIiIZC1jOu8szDRjDEOGDOWWmxfQ3NzMU0//kebmJj79qc+d7D1gXBesac1PU0PUdkPSsfE/zQ3dfh79mSlf3RqKWmMxx5sKwXpYbJ8N5DujOVBFuo8CVBEREREREZEMCoVCXH/dja3D7U+GxWCdYEq3ZPuOU9MhNLbYhmpsyzFMKK9b6u7v/D3vJy6ZRJBq2xbiSn/6jNMXc/jjaz6a6QpEsoZz4kNERERERERE+ifTD1oGjTHk5+dTUFBwSrdx8gqxjttJV2Tnc3n6lduhdv+ZlJpVvINb2veUtuaoqf27if2ug3H6V4RimhSginSX/vWvX0REREREROQUGKcfJKinq2g0JhAmuYr88RokrQVbsx+OHOyl4vq4WBO2pjzRqWvji0ilNKDGr7R1pZpIfrwLtR8xVTsyXYJI1uhf//pFREREREREToGTxQGqKRwBTjB+meMsmJWc2jPagn9gTW+U1ufZD97FtrSfE7ZDAG2hdTh/pBjj9q9ZEJ2qnZkuQSRrKEAVERERERGRrNUfhvCfLjNoFDihzvbQPk5NJqgW/72nwfq9UF3f5m17s22ofspfko5dvPEtJlIAxu2t8s6c72Fqdme6CpGsoQBVREREREREslrWhqjhQpy8/JQNnQWnKQskAV7NIfx1C3uvxr7Ia8GWb227bsGalGfOpv2FcRycvGJw+k+AauoOgu9lugyRrKEAVURERERERLJaf58H1VrL/v37qK6uar/dDWOmXJq6JeVPitTTt5bYS/8BTUd6qNq+zx54H78qtTvTtg3Xh/jcp6lrSwWCkF/ar+ZANRq+L9Kt+s+/fhEREREREZHT4PTjFtS6ujpeXbqExxf+jjVrV7fbZ4zBnfnR9ivJJ7SLUNM6Kv36o3irftcD1fZ91vfwD6yHusPJLQCJxaQS3copGbQFTE5hfLqEfvT3yDmsBaREulP/mgFZRERERERE5BT1o8bBdqqrq3jk5w9TU1MNQHl5OdZaTGqQVzKBQCSM19xMIu5rW02+nZTuSsDf+ALOzGsxg8b38Fn0LbaxFn/Ds9hYNB6I2kRS2hqcmvbdp9ZCTjEUjcpEuafNVCtAFelOClBFREREREQkq/X1DlRrLVVVh1n73hr27d1LTm4uEydOYvHip4lGoxQXlzBxwiQuv/zD7cNTwAQjOOfeirfst4kNiRA10UKZ7K80yWsWMAavfAfm/cUELru/l86ybzAH1uAf2B6/YlP6dG3rl0THbsq+3GLIK+2lCruHU6UAVaQ7KUAVERERERGRrNbX50BtaGjgT08tYteundhEqLdx43pisRhlU6Yy/6qrGTZ0ODt37aC5pZmRI9p3Q5qy+Zh3Fsa7KluDwHgI2BqcYlJzVazv4S1/FHf0TMyED/fSmWaW31JH7KV/Ba8lbU9aYJrGnXIxJpjbo7V1N3Pkg0yXIJJV+ulABhEREREREZGTY0zfnr6ypqaanTt3EAgEuPGGm7nni/cxfPgIAAaXljnUDN4AACAASURBVLJp4wb+5Yff45e/fIQlS14mGo22u71TOgl37Jy0e7VYTPv5Ua2hbYi/wTYeI/q7L0Pt3p49wT7Cvv5j/Mo9WGziL0TyT1Lyevsw1Zl0ed/+C5TGVGzE1O7PdBkiWUUdqCIy4Bxe8yQP/n435THIGVnGvffcyMzCTFclIiIiIj3JcQ1erOsuw0wyjsEYw9mzZjNz5kyqqqooHTyE/fv3sWzZn1uPKyws6jzHyymGs+bCrnfB92kLANPPN/V6/I78aAvRZ/4PgZv+GVM4ohvPqm+xB94jtuGlxBVa54Jt1Zqb2nYb3JGTobh/zRPr7n470yWIZB0FqCIysGz/E995Isanvvk3nF8ItWue5Fs//BNf+v4tlGW6NhERERHpMa7j4OFluoxOFeQXMGhQMTt2bqfmD9VUVlRQf6wegFAoxJizxjJ58hRGjRpNaelQgsFg+ztwXNwpl+OvXoR/tCLt3tPnQ+24wJS/+11ir/47gRu+gwnmdPfpZZxtrsN76xFsbWXKxtQjkotJpW6MX3Yv+DTGDfVCld3H2bsi0yWIZB0FqCIyoGxZuZsJt9zH+YXxl7+iOTdz+8r/Ztl2KJuU4eJEREREpMc4bt8dgp2Tk8uUKWW8/fZyjhypAaC0tJTZs+dyztnnUFBQSCAQwHG6noXPjJiBM3oy/sZDbduAtvlQ29j4AP5EtmqwsSje+8/j+A24H/tPMNk1259d8TDe5lfBenQ+32nK9cRzAhanYBBmYj+bH9Za3L3qQBXpbgpQRUREREREJOsl50G1fXAUfzAYZMrkKVRUlDNy5ChmTD+b0aNHEwh0/ZG9sbGRnJyUblETwL3iq3jbV2Fbmjq9TSI2TUwDkPZk+B7R918F/g7nqgcwBUPp2Kvav9iWRvx1TxJ74+dYz09u7fxgY+ILeCVyZRwHd+aNmNziXqq2e5jKTdB0NNNliGSd7Pq1kojICZTNG8fOPy3ireoYEOPwykU8vmccF59k9+maX/yIb72SPixqPT/5ysM8f6jTm4iIiIhIH9GXu1AnTy7j05+6mxuuv4lx48Z1GZ7W19ezbNlbLF78DBUV7X8ANaWTCVzwSYwxnfZYthvI30WSHNu0FO+5f8JW7TqT08m8aBP+moXEXv0x1vNIJqOdnrVp3U0yW3byB+NMugSc/tV3pvlPRXpG/3olEBE5U5Nu4buffpZ/++GD/DIGgaFlfOkbN2r+UxEREZEBoC/PgxoIBI7bcQqwbds2Xl7yAuXlB/F9n+HDhzNkyFBMcmUp4+CcdydsfAmqPkjcyqR8Teo412frtWgLsc2v45dvJfCx7+KMuehMTitjvLd+Qmz577AtDR32dZgLtvUpSCSp1mKGTYFRc3q8zu6m+U9FeoYCVBEZcIqm3sh3f3hjD917Ne/87kl+seooMVwGl53L39x7GSOIsfeNhTy4+CBHY1BYNo+v3nsZI6jg+R/+mp0z5xFduZINY6/hL3mRRQXzmLJjNW9UePGQ969vZGYO1G5+lp88sZ1dNR4Ecplx8818+eKRcOhlvvV/q5l9/TGWPFdDLFDMgnsuo3bxs7yyN34fX/67GykLAkc38+uHXuCNCg8ChVx29518empeDz0fIiIiIn1HX+5A7UosFuPw4cO89dabrF6zCmsteXl5TJw4mbKyqW3haYIpHElgzseJvfYQNtZCp0tHpbVhxmdJTVlsyvp4NQfg8b/FveJLODNvxkQKe+oUu431PajZi/fq/yW28fWOXbY2MX2Bhba5UJPhM23HOy7uvE/2i3NuR/OfivQYBagiMmBEj27n9aeW8fqOasrrkp0HLoVDSyi76GJuv2gSRcHj3sWJbV7Kw1tG8MCP7mECTexdsz3+2Oue5N+Wl/DV793JmGCMvYt/wX+9MpXvXhm/2drNDXz1r+/jSyV5rP/Fi5Rvrub2v/4yny6s5vkf/YJFyy5m5pUlFI08n7u/cSMjgkD1Ur7z/TdZc/HtxH83fpDykrt56EdF7Hzix/zgoaUs+PqXeXjYPn7/vYU8ufJS/vfFzTz/0AscvfpuHp5TBEff4yc/fJY130/eh4iIiEj2Mia+PpL1T3xsX3DoUDlr167mvfff48iRGsLhMFOmTOXcc+cyaeJkrLXs2bObsWPHtd3IODizPoqzZSnevvdTttvE4kitGxLfbdr35DB2i3+sFvvSv+Pufw9nzsdxzjqvzw5pt7Em7IZn8d75Hd6BzV1Pdms7XEgRf04C51yLM+HSniizR2n+U5Ge0zdf+UREutnhlY/zgyeOMvOGK7jn46MZkxNJ7Gmi4YP9LHtjKX///Xf51F/fzodKzuCBRp7FlMZ3+P0Tb3DTvJmUzZlJEFi/dj+NFfv57t9vaDt2ZgUwFIAZl32YspJI667Bc85nZiFACcNLYN/eA0AJDTXv8fhDW9hS0UwMgELKW6e+GsG8OUUA5BSHYeg4Zg8DOIuyUbChsRmqN7CywmPfb37GPb9J3q6QCYeAYWdw3iIiIiL9RMB1iPp9O0E9duwYK95ezrvvruTo0Vr8RL2hUJjz5s5j8uQpVFdXseSVl9m5cwe3feIOJkyY2Hp7UziSwLXfwP/5p1MWT0qVuhJ9cmmpzvaBbWkm9v7zuDtXYmddg/OhezG5pd19yqfPWuyhDcRe/Q/8ve9jm4+lZaPtz9ViO5nOoC1MdkpGELjq7yEQ6vHSu1tgw7OZLkEkaylAFZHs98EL/Nuf4PZv3sP5HUbhRMgdNYn5n5zEvDWP863/eoER/3AtE45zdw11ze03HDpIOS4zc4DC8/na98rYueM93nnxSX6yp4QvffvW+HGzb+DhT09Nu7f4glTBSKTd1mCks5fnal5/4n2qZt7G/7vhLIJH3+Cf/2lL+9sdp+42hSz45j1cdyZBsYiIiEg/5QYcotG+G6D6vs/b7yxn6dIlWGsZMmQoc889j/Ub1rF//z42b9nE3r27efPPb9DS0kI4HGb16nfbBagYgxl1LsFrv0b0pQex0aZEhtix2zTemdq21aReSQaLvo93tALvrV9j3n+WwKX3YiZdjlM4EgLhnnw6uhZtxNYdwl+3CO/t32Mb6+MLZSXKbwtJkxtM61Xbbn/bYSacg/uhe6EvBcQny1rczc9lugqRrOVkugARkZ62c+V2Bt9yYyfhaXtFc27k9pLNvL6962Nmzh7B0ZVv8lZ1vP+TaC3vPLeF8jGTmF0IHNrOmuowE6Zexh33zufi4D5W7oGymSNg82peT9wuWv0Obx3ncTrnkhuIfw8CB1du4ZTXRi2ZxJTioyx7dTu1ANSyZeV6Dp7q/YiIiIj0U8aA4/TduVAdx2HypClMnlzGFVfM5647P82ll17OddfegLWWt99eziuvLsHzPMaPn8D119/I9dd3Pr+/mXUr7qxrMG76L+db15vv7FZpu9MWmaqrIfr8vxL7/V8Se/VH+NtegaaaDsf1mOY6/G2v4r36I2K/+SLR136G31CHtTZRQ/JPKtO6OX5q6eceP94p+zDutKt6+gx6hHPgPUzN3kyXIZK11IEqIlkvpyDM1t//N/f8/mSOLmRBQdd7g3Nu41uNT/LLHz3IL5sAXAaXzeCBey+jCIg27eP1Xz/Lf9V4gMvw8+bz1UkQ5GYeqH6Kn/7wQX4Tg0DxCObfUXaKZ1LE5XfM452Hfsc9r7qMv34Gs9l9ivdxFnf85Xx+8Ytn+fuveMQCLmfNvpR7ZnOy7asiIiIi/Z4bMPgtvRT4nYaRI0dx64JPkJeXh+/7rFv3PktfewWId6jm5uZy1fxrmTZ9OgX5BR0WkkoykQLcS+7Dlm/FO7ApZU9KD6ZtW0ypi8w07U4B6+NX7sav3IPz/rOYQaMwky7CnXUjpngiOO6ZnH5H1mKrtmE3vYC35TVsTTm26Sj4fqLl1LQe1/kzkTym095TMOAWluBecT/kDu7e2nuJu+mZTJcgktWMtV3NrCwiIiIiIiKShSw0NsYyXcUJ1dXV8aenFrF580asteTl5TFz5iyuveYGwuGTHzrvH1pH9Ff3QkNtolMzNUS0KTOEJr+mDvGnff4I8Tbe9jdqPcYZNpFA2SWYsedhiidhQ3nghuNdsI4Lxu0QsFrfw1gfrI+NtYAXxUYboGYP/u7l2C2v4Vfuis/nmvrYndafXnh76cca42DyBxH87KOY0kmdPn99nrXk/L8L4NjhTFci0m+tveP14+5XB6qIiIiIiIgMLIlh/L7ft/uJ9u3bw6ZNG8jLy2PSpCmcP+8Cxo4dh+Oc2mx8zrBZBO94kNjT38ZWdpwEynRyqf0BiTAyNSztLLa0Fr98Oy3lO8A8ipOTD0UjoGAYTuEQyCnChPMgWIRJnIO1PsSOQXM9NB7DHjuErS3HO3IQGo6Ab1P6Rk27jtPkpfb1pyyA1clZpZ+hKRxM4Oqv9d/wFHD2vqPwVKSHKUAVERERERGRAaevD+MHKCubxvz51zBq1CjGjhlHJG3h0VNhRp1H4OqvEHvu+/hHytO6SdO7UlOS0nZhafqdgvXb1mdKjyf9xnpo3AoHt+In9xkwjts+3LQ+1m8/d2lqRR1j3ZRbt8tMbSfHHIcbInDJ3Thl/XPe0yQN3xfpeQpQRUREREREZMAJuA5R/EyXcVyu6/KRK67slvsyjoOZfCXBa1toeuJ/Y6LNYGxbRkoyi2y71hajGkyyAzVlzlQsGAda78G2haRtd5wSfyYfz/Nab5P8P9ChMzTlcltF7ecSMKnFd5hrILX+5NyohmQ/q3EDhK65H2fe5zp59H7EixHY8lKmqxDJeqfW9y8iIiIiIiKSDQw4bj8Ozk6TKbuO8F0/wRk2kWQkEB8Gnxqjtg2RT5tuNP7FmPSx8+2l3LDtYscB9yddc+oCV8e9eWfznrbvSjXG4BQOJnjdV3HmffG06ulL3B1LNXxfpBeoA1VEBjytpSciItmmqxW5RaS9YNCh2fMyXUavc8ZdTOCj38Z7/vt4H2xKGS7f1qnZ1rdp08JV29aAam0i2ux8waaTDSeTr1nWpka36ffZbgLWtOup3afJ3Ta11NabOLmFBK76KmbqNalzD/RbgeUPZboEkQFBAaqIDDjpgakCVBERyXYKVEU65zimXywm1ROc0XMxd/0P/PoLeAe3xzcaEvOhpg6Bjw97N6l5ZnKkvjEpCWXng/BN6hyqyZ+7TaLn1YIxyTu17e7BGts6E0D77DQZ7iZqTH19sx0D17ZAFtz8YgJ3/Tdm+NnHe2r6DWfP2zgfrM10GSIDggJUERkwkkFp+vf0/SIiIv1VWxeXbXc9fb+ItAkEHVqaB14XKoDJHULgC0/gLH8Y790n8WvLae3mTAabyalPrWnrRLVpqWaHuU7bdnUq+RoFbfOmpnScWto9PNiUcNWmB6Om7TUvpQZrkyGwxQRCuGWX4V75d5iS8Sd6WvqNoLpPRXqNAlQRyXqdBacnClPTbysiItLXdBWGJrcbEw8VOjtOQapIG9cduF2oQDxcvOiLmDHn4r/+X8R2rkruSevo7GxuUdO++7STDtD0W5t2+21qbtp5fa27u3jdsraTPW1drU5uAc5lf0Fg5kchf2jXD9TPmPL1OLvezHQZIgOGAlQRyWrpYWn6n+T29NuIiIj0J6lhaWo4mryeuv14warIQDWQu1ABCIRxxl6E8+kLCLz7KC2vPITfWN9uRlTTYY7RxPfUhaVadyQ7SdvCzXbBqbHtw9bW+zKtmaxNdLa2X0DKJjpQO5tPgMQkqvFpBRzH4IwoI3DzDzBDp572U9NXBVc8nBZYi0hPUoAqIlmrs8DUWkt5RRXlFdUcrq6luuYo4UiI8kNVmS5XRETkjAwfVkJzU5SS4kIGFxcyYmgJQ4eUdAhR08NUEYl3oZr0hsuByDgw93MER87FW/kb7K638Y5UpuxPGVdv014/WvPV5MpNNiX6bN/J2joVKnR80m1y4SraDkpOGWA7u7/kpkSfquPA4LEEZlyFe96dkJc9XadJpnoX7ubnM12GyIBirFqtRCQLpYemvu8DsHzVepqbo+TkhBlaWkzp4EEMLi7KcLUiIiLdo6qmlsqqI1QePkJDYxORcJB5s6fiOE5rcJp6Ob1jVWQgi8V8oi1+psvoM2ysCfauxFv/LN66F/GjLW1zoKZ0jNrUPtXW7W2doCn32MmjnGiy1OPpOAWAUzAYd84tONOvwwybFg+Es1DwhX8gsPqxTJchklXW3vH6cfcrQBWRrJN8WfN9vzU8ratv4NmX3mLmtInMPSf7hvCIiIh05t33NrNh806uu/IC8vNyW8PT1O+gTlSRpKbGmLpQ03ktcHgr0aUP4m9bgfVipLaHWpvsNE1bWKrtkA6b2jveJKid7Gvd1HbHJhwmMOta3Evvx+YPx7hZPNi2voKchz4M0aZMVyKSVRSgisiAk9p1mgxPX1u2hvmXzaOoMD/T5YmIiPSqI7V1LHljJZdfdE5riJoepCpAFYlTF2rXrB+Dg+vw1y7C27sWjh7CNtdjk09X61D75GXTmnOa5LD+1n2dPULq65Btf6DpeJwJ52IKh+OMOxd33p2Y0rKUeVizl7pPRXqGAlQRGVDSh+37vs/v/7iEW66/XOGpiIgMWDVH6njmxTe59cbLWwPU1CBVIapIm+YmD9/Xx+QuWR9buwf7wXr8fauxe97Fq9wNsWgi20wJPjubszRtU1uumtrF2vH5t4BxXUzxKNxx8zBnnYsz5hwoGodx3G49xb7KObiO8KMLwB/AC56J9BAFqCIyoKSHp8tXrSc/L1fD9kVEZMBbuXYTx441MG/2VFzX7TREFRHwfUtzkwKqE7IW6zVDSz1U7cHf+Tr+1tfwD+3GJsNUmx6GdgxHUxtT49fjc6kam+haDQRwh03AGX8BTP4wbulkbCgfE4qQ1pqa3XyP8KMLcA6uy3QlIlnpRAFqFk8MIiIDTfrCUYcqq2luiXL5xQpPRURE5s2exouvrqDicA3Dhw4G2t47kxSiioDjGAIBh1hMQ/mPyxhMIAKBCOSW4p41F/eyL0NDJX75JuzBDdiK7dij5djGYxBrxsZiWHwcfKxvwXGAxC9w3CAmGMZE8nCKhsPgiTgjyzAjZkHusHbD8wfiK1Vg1a8UnopkkAJUEck6yQ+DBw9VkROJZLocERGRPiMnJ0JFZQ1DS4tb50C11io4FUkTDClAPS3GgbxhOBOHwcQPx7d5zdjmBky0DttUj4154DdjrI91gmACEHAx4XwIF2KCEXDDA2I+05PWUE3wzf/IdBUiA5oCVBHJStZaqmpqmTB2VKZLERER6TOGlhazc/f+diM2RKRzoZBLS4uG8p8xN4zJDQPFmKL23aOKSE9O6JV/geb6TJchMqA5mS5ARKQ7JT8MGmOoqj5K6eBBmS5JRESkzxgyeBBVR462e79UkCrSOTdgcBxFfJJZzu7luOueyHQZIgOeAlQRyQrpH/583yccDjG4uCiDVYmIiPQtg0uKiIRDre+Zqe+dClJFOgqFB8bq7tJHxVoIvfiPma5CRFCAKiJZKPnhr7yiKsOViIiI9D3lFdUAGsYvchKMgUBQH5slMwLLH8JU7ch0GSKCAlQRERERERGRLgWDjobyS69zdi8n+Of/zHQZIpKgAFVEsoq6aERERE5O+vB9EelaOOxqxSPpPfWHCT/1N2D9TFciIgkKUEVkQLvnKz/KdAkiIiK9ToGpyCkyiRBVpKdZn/DTfwPHDme6EhFJoQBVRLKSPhiKiIicmN4vRU6e4xjNhyo9LvDn/8TZvTzTZYhIGr36i0jW0YdBERGRk6f3TZGTp/lQpSc5B97XvKcifZQCVBEREREREZGTFNJQfukJTUcJ/el+zXsq0kcpQBWRAW/9o1/n0fUdtvLo1x+lw2YRERERGdCMUYgq3S/07NcwR/ZnugwR6YICVBEREREREZFT4LqaD1W6T+DNB3G3vpzpMkTkOAKZLkBEpO9rZMuiH/P4+kYAcsoWcN/tMykAKpb/jEdfPkAjEBx5FV/44kUMrVjKvz5aw4UTd/D8qhw++tXbaHrkUWounMiBP2+hurGRnNl3cf+CMnKAuvWP87NFW6gDoIRL77ufK4bGO2PfHXIdje+toKKxkZIr7mMBT/Poigrq6nK48Atf5qaJQeiqjow8VyIiIiIDQzDoYH2L52keYTl97ro/EnzzwUyXISInoABVROREDrzMooor+No/nhcPPA8ciG/f8Ti/PXgVX/7HsQSBxlU/49HlM7lvIlC5hQM33c8/LygAKlhKJTvqPsvXHlgA7OHpHyxkRcXXuGIoFJQt4P5/DBIEqHiOHzy9iku+eF78ISqLeeCBB8hhPY9+/f/judv+iQceyIE9i/jOM6u44v6LKOiqjosKMvBkiYiIiAwcobBLc5OH7ytElVPnbl1CaPE3Ml2GiJwEBagiIicypIwxFYtYuBQuKZvBmJEjCQI7Vm2gcsMWfpA6UerMAzARKD6HK8pSA8xiZpyX7Akdy4SRlbxbAQyFxgMrWLhoKXvqggSpoybnKmoSR048ZzY5AAxlzJAhMCZ+jZxichqbaAQquqqDsm5/KkRERESkvXBEIaqcOufAe4T+9FfgxzJdioicBAWoIjLgBQNAh59bYkAg3hUaLOOuB75M9YG9bFjxCL/dMYbPfu0mAEZe97fcn97pWXEAAjlp9xcgfUvcHl5+dAVDvvgAnx0ZhIql/Ouj7W52UjqtQ0RERER6RTji0tQYwypDlZNgavYQXvh5iDVnuhQROUma9VpEBrwJ58xgx9LnOBBNboly4Lml7JhxDhMAGqupaMqhZGwZly64jfNiW9hZARNnz6Diz29SkbxZ3Q72VHT2CCcSoKAgMZfpqlVUnuKtu68OERERETld4Yj6k+QkNNQQ/v3noKHmxMeKSJ+hV3gRGfCCM+/kvrrHePwH30ks5AQFY6/ivjtnEgSiNVt4/rcvsye+hhQ5M2/n/qHA0AXcd+GjPPKd7xAFCI7k0jvHMLbzVtMujOWq28fy4//4DkvJYeTMoQw51RMo66KOeP+siIiIiPQCY9qG84t0qrme8MLPY2r2ZLoSETlFxloNMhCR/s9ai7UW3/fxPA/f9/nZb5/lr774iePe7p6v/IiHf/SVXqpSREQk8/7zZ3/gM5+4Gtd1cV0Xx3FavxtjMMZkukSRfs33rUJU6ehYFZHH7sJUbs10JSLSibV3vH7c/RrCLyIiIiIiItJNHMcQyQmg30VIkqnZQ+RXH1d4KtKPKUAVERERERER6UbGoBBVADCVW+PhqYbti/RrClBFREREREREekAkJ4DjKEUdqJw9bxP59SfgWFWmSxGRM6QAVUQGNM1/KiIiIiI9KRxxcVyFqAONs+M1wo9/FprqTnywiPR5ClBFJOto8QsREZGTp/dNkZ4XDru4Af1bGyjc9xYS/sM9EGvJdCki0k0CmS5ARKQn6MOgiIjIien9UqT3hEIuMccn2uJnuhTpKV6M4Gv/QuDtn2e6EhHpZgpQRUREREQGGAWnIpkRCDg4jqGl2cPaTFcj3ckcPUDoiftwytdnuhQR6QEKUEUkqyQ/EFprGTFscIarERER6XuGDy3BWtsuRFWgKtJ7HMcQyQnQ0uzheUpRs4G75SVCz30DGmszXYqI9BAFqCKSlYwxNDY1U1VTy+DiokyXIyIi0idUVdfS1NyiwFSkDwiFXWIxDenv1zRkX2TAUIAqIlnHGIMxhsHFRVRWHVGAKiIiklBRVUNJUUHre2Xyj4hkhob091+mZg+hP/6VhuyLDBBOpgsQEekO6R8A4wFqIZWHj2SwKhERkb6l8nANJcUFrdfT3zsVpor0vuSQftfVv7/+wt3yEpFHblR4KjKAKEAVkayS/PBnrWX40BIaGhszXZKIiEifcayhkeFDStq9Xyo4FekbQmGXUNhF/xz7LlOzh9DCLxJ68j5oOZbpckSkFylAFZGsZIxh2JASwqEgq9ZuynQ5IiIiGffO6g3khEOUDh6k4fsifZTrxrtRA0F9VO9TYi0E3voxkYevwd3+aqarEZEM0KuyiGSd5AdCx3G44NzpbNiyi5raukyXJSIikjHVNUfZvH0P5549pfU90nEchagifVQw6BDJCeBoWH/GOdtfJfLwNQRf/3eItWS6nP+/vTuPkrI+1Dz+ra2hgQZFIYICiThpEzoRInqQKxqjxqvJkHtJJmTROE404ySemBmvWZyEM2Nyk5uJxuVgvBPlEiKaC1FGicEgBhQTQEEbY7csCsoiSLM00EA31PLOH9WNDTSb0v2r5fs5xwNVb3XxdJ1jvW899VskBWKBKqlkdLQhRiwW46pLRzH3+cU0brdElSSVn23bdzLvry/x6YtH7i9P258nHY0qFaZYDLo5rT+Ytun63aZfT6xxTeg4kgJLhg4gSZ2h/YfBql49uGjUOfxh9vN8pPpDnDf8I6HjSZLUJRbXLmP5629x+cXn0qOy+yEjTy1NpcKXSMRIVCZJp3Nk0rnQcUpfZh/JF35N6q8THXEqab9YFEVR6BCSdCJFUUQUReRyuf1/z2az5HI5Fi9dTsveffSorKT/qSfT75STOKVvn9CRJUk6IbZu20HD1kY2b9nOnuZmKrtVMLzmLGKxGIlEgng8TiKROGC5G4tUqXhEEWTSOTIZi9QTLrOX5Cu/J7nwfmI7N4ZOI6mLLf3Sc0c8boEqqeS0va21Fai5XP4Cs61EbdjSSMOW7Wxt3MG2xp1UVFSwafO2kJElSXrfTuvfl7170/Q9uTennFRF/1NPOmDDqLbyFNhfnMbj+RW9LFClIhNBOuOI1BOipYnky1NJLZ4Mu7eETiMpkKMVqE7hl1RyYrEYURTt/zAYj8eJomj/h8XT+p9C/1NP3j869eDvkfxeSZJUbNqf+w5e3/TgKfsdrRcuqcjE8htNpVJxMukcaYvU47enkdRLvyW5+N+gxb0SJB2ZBaqkktTRh8G2IrXtHBL5EQAAGVNJREFUePvytKMiVZKkYnJwIdq+QG1/242jpNKSTMVJpuJkWkekekl7ZLHGNSRffohk7b/Dvj2h40gqEhaokkpW+w+Q7Uebto1GbV+YOgpVklSsDi5B29925KlUPpLJOMlknFwuIpuJXCe1veYdJJfNIlH//4ivWxI6jaQiZIEqqaQdPJ2/o5Gn7f88mEWqJKlQHa4APdxI1I6OSSo98XiMeEWMVEWcbDYim8mRzZbhNW1mL4mVz5Cof5zE6vmQTYdOJKmIWaBKKnkdfUhsu+9Io1AlSSomRxuJ2tFjJJW2RCK2f/O4tlGpuVwJX/NGEfG1L5Ksf4LEsidh767QiSSVCAtUSWXjcEVq+3VRJUkqBUcqUyWVp0QyRiLZWqZmI3LZiGy2yNdMjSJim1eSWPsC8bUvkFj3IuzeGjqVpBJkgSqp7PghUpJU6jzXSTqS/MjUGCniEEE2VzyFamzLqtbCdBGJNQstTCV1CQtUSWXPD5mSJEkqW7GOC9UoF5GLIqIcwab9x+MxYnGIx2LE9jWRuPdTsHtzkCySypsFqiRJkiRJymstVEkcOMggithfquZy+WIVICKC6MDHHfHp2z9tDGK0rtEcb90AKxYjFo9xyBiHN16wPJUUjAWqJEmSJEk6olgMYokYcQLN3lr3cph/V5KAeOgAkiRJkiRJR2SBKikgC1RJkiRJklS4ohysXxo6haQyZoEqSZIkSZIK19Y3Id0SOoWkMmaBKkmSJEmSCpfT9yUFZoEqSZIkSZIK17ra0AkklTkLVEmSJEmSVLjWOgJVUlgWqJIkSZIkqTClW2DT8tApJJU5C1RJkiRJklSY1i+FKBc6haQyZ4EqSZIkSZIK05sLQyeQJAtUSZIkSZJUoCxQJRWAZOgAktS5tvHio08yY/FmtmYgWdWP0Z/7LNeM6Bs6mCRJkqQjyeyDdW4gJSk8C1RJJayBp+58iOf6X8Y3/9cwBlfCnrfrmTp5Mrdvu4YJl/YPHVCSJEnS4ax7OV+iSlJgFqiSSla69hlmVn2SO685hx6t9/U4/Ry+cUuGu3/4EDfMOswPdj+DG743nvN7H3qodvKd/Kqu/T0JTht5CTd/+RxOPbHxO1kd992ykDO/ewNXfiB0FkmSJKkDrz8bOoEkARaokkrYirqN1Jz3FXb8+QFungXj2srCynP5zp3nHvbn9rw6je//fBqpH45nROWhx0+76hp+3DZ6Nb2Ox345nV/NH8SEi1wWQJIkSTphVlqgSioMFqiSytaO2mn86NEsY69IMHM2jP8HmPZ4/vYxSw1i9Mje/GnVBrhgN89NncNjyxtpzkCyfzXf+vZnqamEPWvm8OvJf6O+CZLdT2b0NeO55uyebKl9jHv+/S3eyUDy5AF86YavcMrcu/k1f8+9Xz4bgLWP38+P1wzjjpsvog+QXvwI35x/BnfcchHpDn7+4g8Ar07jhlk9GT90I48thLHfvYHhqx7hjic2sjOT4ENjziLVKa+qJEmSdAK07IRNy0KnkCTAAlVSCauuGcB9i1/ium/cwAOXtjvQ/BJ3//BZ6rsPYNynYObsLFd+CqY9Dld+CmbOhqu/1/Ho00Ok17FgyU4GXTAQUj0YdtXnGX1dH1JkqHtoItMWNFBzaZLnHv0b6c/cyAPn9SS9s47ahgSwnBlTN/Lhb9/Cj4dA+u1XqANqRp9N6t5XqP3y2YxgHQvq9kDjGyzeeRGX9d7BggUbGXbROPpsmsOPpm5j+P+4mc+fnswXwvc+zmn//A9UAzS8Rd2nxnHn5wbSo+FPfP+x3Yxu/9jnoaYzXnhJkiTp/XpzEURR6BSSBFigSiphqRGXMXbuQ9z+UJKbv3QOA1KQ3vQKkx94lp1XXcMDrdPwr2wtVw/+83DemdVu/dRkgkHDL+ObF/UFtrF67uNMq2tkZ0vr8UwDUMOZQ7oxc+6TPMW5DKs5m/PPSgL9qR6aYebjTzLgimEMH3oOI1IAwzjv5OkseBVG9K5nceUnuHroKzy3dBuXDa/jr2sHcNk3u7Nl/lu8M7iay07Pv5X3GTGM6qnPUruGfIFadRZjzxtID2DL8nVsPeSxC0/AqyxJkiR1gje9VpVUOCxQJZWw/lx5y3Wc8uiT3PPDZ9iagWRVP0Z/7jomjHjv65UesAZqe8vn8UBdT/7z977G3/VOsuJ3d3NHa5Fa/YWbuHfTG7xY9wpTf/4EmTHXMOHS/lz8zZsYvmY5i2sXcs/kPzLouuv5xtmDuPiC3kxY+BK1Vcvpc97XuHjgDh57oo7VvMGbNedzfgq2HC1oZYJjGUQrSZIkFZzVFqiSCocFqqQS15fzv/A1zv9CF/xTyQSVZEilktBcxzN1WTgLoIXVy9dzytCz+LtLz2JE799y84Ll7LgU3nk1w5kfq+GyITWcmZnI3bXr4eyzGHBeNYNmLWRy9958/jN9ofe5jG56grtnZxh9TX7i/ak1H+S0WSt45u3RrdPy61nR/Qy+NQR49cBop549iFMOfixwZhe8LJIkSdJxcf1TSV0sHo+Ry3W8bEg8HrNAlaQT5qzL+caIR7jvh3cyueqDjB3Rm6VNAHvZUTufuyc/kd9cqmoA4647nz7pzSxY+CR3/2YPGSDZ/4N847+dlX+u3udzafVifsMFjO4NMIjRwxP8efEZjD679d/7wOXcfPVj3HPvPfypbROpb7euf3qw0/+emz//CHfcew9/yiQ47YIPMqjzXxFJkiTp+L3+rOufSupSFakULXv3HfZYLIp8V5IkSZIkSQXisVug9vehU0gqI5tvruftTR0vlHf6B04l3sV5JEmSJEmSDs8NpCR1sV49KznjtFOp7FZBPBYnHotT2a2CM047lV49K53CL0mSJEmSCsT29fn/JKmL9exRSc8eHW/F7AhUSZIkSZJUGBx9KqkAWaBKkiRJkqTC8Pr80Akk6RAWqJIkSZIkKbwogpVzQ6eQpENYoEqSJEmSpPDWL4WWptApJOkQFqiSJEmSJCm8ZbNDJ5CkDlmgSpIkSZKk8F6zQJVUmCxQJZW9KIpCR5Ak6X3zfCapqG1fD1tWhU4hSR1Khg4gSV1tXzpDOp0hk8mSzmSJx2KkM9nQsSRJel9SyQS5KCKVTJBMJqioSJJKerkvqUisfDZ0Akk6LK+oJJWVpl3N5HI54vE4FRUpevboTjKZCB1LkqQTou3LwUwmS3PzPvbG0/TqWRk6liQdneufSipgFqiSykI2m6Nx+y4qKyuo6tUzdBxJkjpFsnX0aZvde1rYsm0nfU+qIh6PBUwmSUfQ0gSrF4ROIUmHZYEqqeRlszl2NO3hpJN6kkw42lSSVD569uhO924VbN+5iz5VPUkk3AJBUgF6cyFk06FTSNJheQUlqeQ1bt9F76pKy1NJUllKJOL07tWDxh27QkeRpI697vqnkgqbBaqkkta0q5nKygrLU0lSWUsmE1R2r6BpV3PoKJJ0oCiC5XNCp5CkI7JAlVSy0uksuShHzx7dQ0eRJCm4nj26E0UR6XQ2dBRJetf6pbBzU+gUknREFqiSSlY6kyEe821OkqQ2sViMdCYTOoYkvcvp+5KKgM2CpJKVTmdJpZy6L0lSm1Qy4QhUSYXFAlVSEbBAlVSyMpkMyWQydAxJkgpGMpUk4whUSYVi56b8FH5JKnAWqJJKVjweJ5nwbU6SpDbJRJx43HOjpAKxfE5+EylJKnBePUkqWfvSjrCRJOlgnh8lFYxls0MnkKRjYoEqSZIkSZK61t5dsHpB6BSSdEwsUCVJkiRJUtd67SnIpkOnkKRjYoEqSZIkSZK61t9mhk4gScfMAlWSJEmSJHUdp+9LKjIWqJIkSZIkqeusnOv0fUlFxQJVkiRJkiR1ndeeDp1Ako6LBaokSZIkSeoae3flR6BKUhFJhg4gSaHVTfkuj6zqRfd274hVNeO5cVw1leFiHb+6Kfxi85Xcekn/0EkkSZKkjq2cmy9RJamIWKBKElD9xQlcW9N2q5mlU37Gw0t/xPXDUyFjSZIkSaXF6fuSipAFqiQdopKBg6tobGwEKqmb9iAzVjTlD/Udw403XUJ/oHnFDCZOq6MZoLKacTeOp6aqmRUzJjKtrjn/TNXjuHF8Nase/DErxtzO+GqANEsf/J/MGfpP+0eLNsz7BQ8nb+S/j+nOhuenMGXeBtJAauAlXHvtGAam8iNlX+r3j6SX/IHV1dfy07HdmTlpEku2JamsHMgnh6UoriGzkiRJKivZtNP3JRUlC1RJOlh6Gyvqmxh8eb7crB53ExNS+ZGoDbN+xswlF3L9yM3MmdHAJbdOYGQl0LSBDQAb5jCj4RJunTCS/N0bgBTDRw1l+qI6xlfXQLqeJZtPJtNYT8Ml/enPBhYtqmTUTVWwYhr/umI4t064niqgYd5d/OuMgUwYPxSA+tUZvv+Dn9I3BSumTaBh1K3cPrIK2MbzE/8Fhl3Z9a+XJEmSdCxWznP6vqSiZIEqScCK6bdz+4y2W1UMufxGvlIN0MyGRdOZMW8NTakUNDVSeXkj0I/qwQ3MmD4PLqxm2OCBDEwB3asZ3DCD/N3DGDxwICmAmlGcM30RddRQXb+Elgu/zpUrJrFowyWMZQn1/S7kn6pg1dJ6Bg8fR1Vrkv4jR9H3rnrWkC9Qh104hr4pgFUsrR/M8HFtj+zL8HMHs6ili14wSZIk6Xi9PD10Akl6TyxQJYmD10BtZ80cpizqx/U/uJaBqfxU+ykApKj+6g/4zrYNrK1fxKSHVzH42lsZO6Sar/7gO2zbsJb6RZN4eNVgrr11LEOoZuSwh/lLXTMtS5o4Z3x/hlX146klGxhJPf1GXskxrbbqu7YkSZKK0e6tTt+XVLTioQNIUsFLVlGVAmhgyZLNrXc2s62hhcq+Q6geM44vjsywYnUDNG+joaWSvkOqGTPui4zMrGB1Q/4nho4ayYZnJ7GoZRTDqyA1fBQD62cwo34go1o3qxo6fBhrl75C64qrNK2oZ1v1MIYcEmoow4etZdGiba23t7H0pbWd+CJIkiRJ70P9U5DNhE4hSe+JY5kk6UiGXM74IRO56/Z5UDmQmv798venG1nx1MPMWZPfLIrKGsbf1J9040KeengO7949npv6tz3XSIY1/YWGy/9r6xT9GkadOZ2HuZz9g1+rx3FjwxQm3j5r/yZS1187tMNo1WO/zoYpE5kwj9ZNpIZ1xisgSZIkvX+vzgydQJLes1gURVHoEJLUGTZt3s4H+p0UOoYkSQXF86OkLte4Dn55IVg/SCpQzbetPuJxp/BLkiRJkqTOU/uo5amkomaBKkmSJEmSOkcU5QtUSSpiFqiSJEmSJKlzrF+an8IvSUXMAlWSJEmSJHUON4+SVAIsUCVJkiRJ0omXzcArj4dOIUnvmwWqJEmSJEk68VbOhd1bQ6eQpPfNAlVSSYqiiFQyETqGJEkFJ5VMELkbtqSu8PL00Akk6YSwQJVUkmKxGLkoIpPJho4iSVLByGSy5KKIWCwWOoqkUrdvT34EqiSVAAtUSSUrlUyQtkCVJGm/dCbrDA1JXWPJ7/JroEpSCbBAlVSyksmEI1AlSWonk8mSTCZDx5BU6qIoX6BKUomwQJVUsipSSbK5XOgYkiQVjFwuRyrlCFRJneytF6BhZegUknTCWKBKKlmpVJJEPM7uPS2ho0iSFNyu3S0kEnEqUo5AldTJXv596ASSdEJZoEoqaVW9Kmlu2edUfklSWctksrTs3UevnpWho0gqdXsaoe7J0Ckk6YSyQJVU8k7u04udu/ZYokqSylImm6NpdzMnn9QrdBRJ5WDpDEg3h04hSSeUBaqkkpdIxOlT1ZPtO3c7nV+SVFZ272lh+45d9KnqSSLupb+kLuD0fUklyAWQJJWFRCLOqX1707Srme07d5OIx0kmE6SSCZJJN9OQJJWGTCZLOpMlk8mSy+VIJBKc2rd36FiSysW6WnjntdApJOmEs0CVVFaqelWyb1+GdCbLvn1pdu9pIR6LkXZ6vySpyKWSCXJR1PrlYJLK7hV+SSipa704NXQCSeoUFqiSyk5FRZKKiiTQDYAoiojFYmFDSZL0Pnk+kxSUm0dJKmEuhCSp7PlhU5JUCjyfSQrKzaMklTALVEmSJEmS9P64eZSkEmaBKkmSJEmS3js3j5JU4ixQJUmSJEnSe7dgUugEktSpLFAlSZIkSdJ7s2Mj1M8KnUKSOpUFqiRJkiRJem9emAK5TOgUktSpLFAlSZIkSdLxSzfD4kdCp5CkTmeBKkmSJEmSjl/tY9C8PXQKSep0FqiSJEmSJOn4vTg1dAJJ6hIWqJIkSZIk6fisq4V3XgudQpK6hAWqJEmSJEk6PgsmhU4gSV3GAlWSJEmSJB27HRuhflboFJLUZSxQJUmSJEnSsXthCuQyoVNIUpexQJUkSZIkSccm3QyLHwmdQpK6lAWqJEmSJEk6NrWPQfP20CkkqUtZoEqSJEmSpKOLIljwYOgUktTlLFAlSZIkSdLRvTEftqwOnUKSupwFqiRJkiRJOrr594VOIElBWKBKkiRJkqQjW1cLby4KnUKSgrBAlSRJkiRJR7ZgUugEkhSMBaokSZIkSTq8LauhflboFJIUjAWqJEmSJEk6vAUPQi4TOoUkBWOBKkmSJEmSOta8A2ofDZ1CkoKyQJUkSZIkSR1b+G+QbgmdQpKCskCVJEmSJEmHSrfkC1RJKnMWqJIkSZIk6VC1j+an8EtSmbNAlSRJkiRJB8pl8ptHSZIsUCVJkiRJ0kHqZ8GW1aFTSFJBsECVJEmSJEnviiKYf3/oFJJUMCxQJUmSJEnSu5bPgY31oVNIUsGwQJUkSZIkSXlRBHPvCp1CkgpKMnQASSpo62ph9V9g6xrY+Q7s2AA7NsK+3aGTSZJKXUVP6DMA+gyE3qfBKUNg6Bg4Y3joZJJKmaNPJekQsSiKotAhJKmg1D0Jy+bA68/CnsbQaSRJOlCvfvDhS+DDn4Saz4ZOI6mURBH86ioLVEllp/m2I2+aZ4EqSQBRDur+CM/cAVvfDJ1GkqRjc8qH4PJbYdhnIBYLnUZSsVv2NDx8fegUktTlLFAl6WiWPQ1zfgENK0InkSTpvTn94/Dp7+Wn+EvSe+HoU0ll7GgFqptISSpfuSzMvC3/LbvlqSSpmL39N5j8VXjyR/nzmyQdL9c+laTDskCVVJ72NsGUa+DFqaGTSJJ04iyaAr+9Flp2hk4iqZhEEcy9K3QKSSpYFqiSyk/jOrh/LKz6S+gkkiSdeG/Mh//7j7BtTegkkoqFo08l6YgsUCWVl71N8JuvwpZVoZNIktR5Nr8Ov7nakaiSjs7Rp5J0VBaokspHlINHboStb4VOIklS59u2BqbdlD//SdLhvDHf0aeSdBQWqJLKx9M/h1XPh04hSVLXef3Z/PlPkg5n3t2hE0hSwbNAlVQe1r0Mz98fOoUkSV3v+fthzYuhU0gqRK/OhLUvhU4hSQXPAlVSeZj1v0MnkCQpnDm/CJ1AUqHJZeHpfwmdQpKKggWqpNL32mxYVxs6hSRJ4bz1Qn46vyS1WfI7aFwfOoUkFQULVEmlLZeFOf8ndApJksL70z/nz4uSlNkLf/5l6BSSVDQsUCWVtiWPwObXQ6eQJCm8TStg6WOhU0gqBAsmwe4toVNIUtGwQJVU2t5cFDqBJEmFw/OipL274LmJoVNIUlGxQJVUuqIIVs4LnUKSpMLxxvP586Ok8vXcxHyJKkk6ZhaokkrX+lovDqUT5euvwk/mds5zXzANfrIWvv5fOuf5Jb2raVP+/CipPDWuz0/flyQdl2ToAJLUaV6bHTqBpGOx7C7YNRV2WepIXeK12TDoE6FTSAph7l35DaQkScfFAlVS6dpYHzqBpGOxfRFsDx1CKiOeH6XytGkFvDIjdApJKkoWqJJK167NoRNI5WPMA3DRFVAJ0AKbn4YpN71bjF41Dc67AFJAeh0sWw8f/yj88WOw8E74yX+ClwfDDODmtcBsyIyCAX3yP79xKtx3W4jfTCo9LTtDJ5AUwjO/gFw2dApJKkqugSqpdDVZoEpdYsRv4YorYNdMmPYtmP0cnDQWrr3z3eOjL4Bds/PH574GH7ngyM/Z72Jo+UP+8a+tgwFXw1Wd/6tIZcEvGKXys/YlWPZ06BSSVLQcgSqpdDnCRuoanxgBvNFuxOkfYNBf4aOj4KR2xyfdcNDx3od/zuZamNQ64vTVT8JPBsGArwIPd+7vIpUDv2CUys9Tt4dOIElFzRGokkpXslvoBFL5aN584DqmLXuB3vCRwxx/c/2Rn29XR8f9f1o6ITw/SuXl1Zmwzo0aJen9sECVVLqq+oVOIJWPyn750aZtuncDdsKywxz/0Bldl03SgTw/SuUjsw9m/yx0Ckkqek7hl1S6evWDLatDp5BKSDf42H888K6WVfByLXzokzD+p7BgYX790/8wCDb/Pj/qtO341x+Ap2e+e5wdIX4JSb0sUKWyseBB2P526BSSVPQsUCWVrqr+oRNIJWYQjL/vwLs2/x7u+Rr0egAuuhrGXw20wOaZMOWW/GNqvwYDpsF5V8D4KyC9DpYthI9/tMt/A0l4fpTKxe6t8NzE0CkkqSTEoiiKQoeQpE4x/z54+uehU0jqyFVPweh+MG0kvBo6jFRmPv09uOhboVNI6mwzb4MXp4ZOIUlFofm2I89e/f9PLTmNxNLE5AAAAABJRU5ErkJggg==" height="600" width="800" />  </system-out>
  <testcase name="LoginUnsuccessful_002" time="21.389" classname="testcases.LoginTest"/>
  <system-out>
<img src="data:image/png;base64,iVBORw0KGgoAAAANSUhEUgAABVAAAAJcCAYAAAAfG4+9AAAAAXNSR0IArs4c6QAAEYpJREFUeJzt2LERgCAAwEBk/3WxsZABuNRa/E+QOte9nncAAAAAAHCYXwcAAAAAAPyVgQoAAAAAEAxUAAAAAIBgoAIAAAAABAMVAAAAACAYqAAAAAAAwUAFAAAAAAgGKgAAAABAMFABAAAAAIKBCgAAAAAQDFQAAAAAgGCgAgAAAAAEAxUAAAAAIBioAAAAAADBQAUAAAAACAYqAAAAAEAwUAEAAAAAgoEKAAAAABAMVAAAAACAYKACAAAAAAQDFQAAAAAgGKgAAAAAAMFABQAAAAAIBioAAAAAQDBQAQAAAACCgQoAAAAAEAxUAAAAAIBgoAIAAAAABAMVAAAAACAYqAAAAAAAwUAFAAAAAAgGKgAAAABAMFABAAAAAIKBCgAAAAAQDFQAAAAAgGCgAgAAAAAEAxUAAAAAIBioAAAAAADBQAUAAAAACAYqAAAAAEAwUAEAAAAAgoEKAAAAABAMVAAAAACAYKACAAAAAAQDFQAAAAAgGKgAAAAAAMFABQAAAAAIBioAAAAAQDBQAQAAAACCgQoAAAAAEAxUAAAAAIBgoAIAAAAABAMVAAAAACAYqAAAAAAAwUAFAAAAAAgGKgAAAABAMFABAAAAAIKBCgAAAAAQDFQAAAAAgGCgAgAAAAAEAxUAAAAAIBioAAAAAADBQAUAAAAACAYqAAAAAEAwUAEAAAAAgoEKAAAAABAMVAAAAACAYKACAAAAAAQDFQAAAAAgGKgAAAAAAMFABQAAAAAIBioAAAAAQDBQAQAAAACCgQoAAAAAEAxUAAAAAIBgoAIAAAAABAMVAAAAACAYqAAAAAAAwUAFAAAAAAgGKgAAAABAMFABAAAAAIKBCgAAAAAQDFQAAAAAgGCgAgAAAAAEAxUAAAAAIBioAAAAAADBQAUAAAAACAYqAAAAAEAwUAEAAAAAgoEKAAAAABAMVAAAAACAYKACAAAAAAQDFQAAAAAgGKgAAAAAAMFABQAAAAAIBioAAAAAQDBQAQAAAACCgQoAAAAAEAxUAAAAAIBgoAIAAAAABAMVAAAAACAYqAAAAAAAwUAFAAAAAAgGKgAAAABAMFABAAAAAIKBCgAAAAAQDFQAAAAAgGCgAgAAAAAEAxUAAAAAIBioAAAAAADBQAUAAAAACAYqAAAAAEAwUAEAAAAAgoEKAAAAABAMVAAAAACAYKACAAAAAAQDFQAAAAAgGKgAAAAAAMFABQAAAAAIBioAAAAAQDBQAQAAAACCgQoAAAAAEAxUAAAAAIBgoAIAAAAABAMVAAAAACAYqAAAAAAAwUAFAAAAAAgGKgAAAABAMFABAAAAAIKBCgAAAAAQDFQAAAAAgGCgAgAAAAAEAxUAAAAAIBioAAAAAADBQAUAAAAACAYqAAAAAEAwUAEAAAAAgoEKAAAAABAMVAAAAACAYKACAAAAAAQDFQAAAAAgGKgAAAAAAMFABQAAAAAIBioAAAAAQDBQAQAAAACCgQoAAAAAEAxUAAAAAIBgoAIAAAAABAMVAAAAACAYqAAAAAAAwUAFAAAAAAgGKgAAAABAMFABAAAAAIKBCgAAAAAQDFQAAAAAgGCgAgAAAAAEAxUAAAAAIBioAAAAAADBQAUAAAAACAYqAAAAAEAwUAEAAAAAgoEKAAAAABAMVAAAAACAYKACAAAAAAQDFQAAAAAgGKgAAAAAAMFABQAAAAAIBioAAAAAQDBQAQAAAACCgQoAAAAAEAxUAAAAAIBgoAIAAAAABAMVAAAAACAYqAAAAAAAwUAFAAAAAAgGKgAAAABAMFABAAAAAIKBCgAAAAAQDFQAAAAAgGCgAgAAAAAEAxUAAAAAIBioAAAAAADBQAUAAAAACAYqAAAAAEAwUAEAAAAAgoEKAAAAABAMVAAAAACAYKACAAAAAAQDFQAAAAAgGKgAAAAAAMFABQAAAAAIBioAAAAAQDBQAQAAAACCgQoAAAAAEAxUAAAAAIBgoAIAAAAABAMVAAAAACAYqAAAAAAAwUAFAAAAAAgGKgAAAABAMFABAAAAAIKBCgAAAAAQDFQAAAAAgGCgAgAAAAAEAxUAAAAAIBioAAAAAADBQAUAAAAACAYqAAAAAEAwUAEAAAAAgoEKAAAAABAMVAAAAACAYKACAAAAAAQDFQAAAAAgGKgAAAAAAMFABQAAAAAIBioAAAAAQDBQAQAAAACCgQoAAAAAEAxUAAAAAIBgoAIAAAAABAMVAAAAACAYqAAAAAAAwUAFAAAAAAgGKgAAAABAMFABAAAAAIKBCgAAAAAQDFQAAAAAgGCgAgAAAAAEAxUAAAAAIBioAAAAAADBQAUAAAAACAYqAAAAAEAwUAEAAAAAgoEKAAAAABAMVAAAAACAYKACAAAAAAQDFQAAAAAgGKgAAAAAAMFABQAAAAAIBioAAAAAQDBQAQAAAACCgQoAAAAAEAxUAAAAAIBgoAIAAAAABAMVAAAAACAYqAAAAAAAwUAFAAAAAAgGKgAAAABAMFABAAAAAIKBCgAAAAAQDFQAAAAAgGCgAgAAAAAEAxUAAAAAIBioAAAAAADBQAUAAAAACAYqAAAAAEAwUAEAAAAAgoEKAAAAABAMVAAAAACAYKACAAAAAAQDFQAAAAAgGKgAAAAAAMFABQAAAAAIBioAAAAAQDBQAQAAAACCgQoAAAAAEAxUAAAAAIBgoAIAAAAABAMVAAAAACAYqAAAAAAAwUAFAAAAAAgGKgAAAABAMFABAAAAAIKBCgAAAAAQDFQAAAAAgGCgAgAAAAAEAxUAAAAAIBioAAAAAADBQAUAAAAACAYqAAAAAEAwUAEAAAAAgoEKAAAAABAMVAAAAACAYKACAAAAAAQDFQAAAAAgGKgAAAAAAMFABQAAAAAIBioAAAAAQDBQAQAAAACCgQoAAAAAEAxUAAAAAIBgoAIAAAAABAMVAAAAACAYqAAAAAAAwUAFAAAAAAgGKgAAAABAMFABAAAAAIKBCgAAAAAQDFQAAAAAgGCgAgAAAAAEAxUAAAAAIBioAAAAAADBQAUAAAAACAYqAAAAAEAwUAEAAAAAgoEKAAAAABAMVAAAAACAYKACAAAAAAQDFQAAAAAgGKgAAAAAAMFABQAAAAAIBioAAAAAQDBQAQAAAACCgQoAAAAAEAxUAAAAAIBgoAIAAAAABAMVAAAAACAYqAAAAAAAwUAFAAAAAAgGKgAAAABAMFABAAAAAIKBCgAAAAAQDFQAAAAAgGCgAgAAAAAEAxUAAAAAIBioAAAAAADBQAUAAAAACAYqAAAAAEAwUAEAAAAAgoEKAAAAABAMVAAAAACAYKACAAAAAAQDFQAAAAAgGKgAAAAAAMFABQAAAAAIBioAAAAAQDBQAQAAAACCgQoAAAAAEAxUAAAAAIBgoAIAAAAABAMVAAAAACAYqAAAAAAAwUAFAAAAAAgGKgAAAABAMFABAAAAAIKBCgAAAAAQDFQAAAAAgGCgAgAAAAAEAxUAAAAAIBioAAAAAADBQAUAAAAACAYqAAAAAEAwUAEAAAAAgoEKAAAAABAMVAAAAACAYKACAAAAAAQDFQAAAAAgGKgAAAAAAMFABQAAAAAIBioAAAAAQDBQAQAAAACCgQoAAAAAEAxUAAAAAIBgoAIAAAAABAMVAAAAACAYqAAAAAAAwUAFAAAAAAgGKgAAAABAMFABAAAAAIKBCgAAAAAQDFQAAAAAgGCgAgAAAAAEAxUAAAAAIBioAAAAAADBQAUAAAAACAYqAAAAAEAwUAEAAAAAgoEKAAAAABAMVAAAAACAYKACAAAAAAQDFQAAAAAgGKgAAAAAAMFABQAAAAAIBioAAAAAQDBQAQAAAACCgQoAAAAAEAxUAAAAAIBgoAIAAAAABAMVAAAAACAYqAAAAAAAwUAFAAAAAAgGKgAAAABAMFABAAAAAIKBCgAAAAAQDFQAAAAAgGCgAgAAAAAEAxUAAAAAIBioAAAAAADBQAUAAAAACAYqAAAAAEAwUAEAAAAAgoEKAAAAABAMVAAAAACAYKACAAAAAAQDFQAAAAAgGKgAAAAAAMFABQAAAAAIBioAAAAAQDBQAQAAAACCgQoAAAAAEAxUAAAAAIBgoAIAAAAABAMVAAAAACAYqAAAAAAAwUAFAAAAAAgGKgAAAABAMFABAAAAAIKBCgAAAAAQDFQAAAAAgGCgAgAAAAAEAxUAAAAAIBioAAAAAADBQAUAAAAACAYqAAAAAEAwUAEAAAAAgoEKAAAAABAMVAAAAACAYKACAAAAAAQDFQAAAAAgGKgAAAAAAMFABQAAAAAIBioAAAAAQDBQAQAAAACCgQoAAAAAEAxUAAAAAIBgoAIAAAAABAMVAAAAACAYqAAAAAAAwUAFAAAAAAgGKgAAAABAMFABAAAAAIKBCgAAAAAQDFQAAAAAgGCgAgAAAAAEAxUAAAAAIBioAAAAAADBQAUAAAAACAYqAAAAAEAwUAEAAAAAgoEKAAAAABAMVAAAAACAYKACAAAAAAQDFQAAAAAgGKgAAAAAAMFABQAAAAAIBioAAAAAQDBQAQAAAACCgQoAAAAAEAxUAAAAAIBgoAIAAAAABAMVAAAAACAYqAAAAAAAwUAFAAAAAAgGKgAAAABAMFABAAAAAIKBCgAAAAAQDFQAAAAAgGCgAgAAAAAEAxUAAAAAIBioAAAAAADBQAUAAAAACAYqAAAAAEAwUAEAAAAAgoEKAAAAABAMVAAAAACAYKACAAAAAAQDFQAAAAAgGKgAAAAAAMFABQAAAAAIBioAAAAAQDBQAQAAAACCgQoAAAAAEAxUAAAAAIBgoAIAAAAABAMVAAAAACAYqAAAAAAAwUAFAAAAAAgGKgAAAABAMFABAAAAAIKBCgAAAAAQDFQAAAAAgGCgAgAAAAAEAxUAAAAAIBioAAAAAADBQAUAAAAACAYqAAAAAEAwUAEAAAAAgoEKAAAAABAMVAAAAACAYKACAAAAAAQDFQAAAAAgGKgAAAAAAMFABQAAAAAIBioAAAAAQDBQAQAAAACCgQoAAAAAEAxUAAAAAIBgoAIAAAAABAMVAAAAACAYqAAAAAAAwUAFAAAAAAgGKgAAAABAMFABAAAAAIKBCgAAAAAQDFQAAAAAgGCgAgAAAAAEAxUAAAAAIBioAAAAAADBQAUAAAAACAYqAAAAAEAwUAEAAAAAgoEKAAAAABAMVAAAAACAYKACAAAAAAQDFQAAAAAgGKgAAAAAAMFABQAAAAAIBioAAAAAQDBQAQAAAACCgQoAAAAAEAxUAAAAAIBgoAIAAAAABAMVAAAAACAYqAAAAAAAwUAFAAAAAAgGKgAAAABAMFABAAAAAIKBCgAAAAAQDFQAAAAAgGCgAgAAAAAEAxUAAAAAIBioAAAAAADBQAUAAAAACAYqAAAAAEAwUAEAAAAAgoEKAAAAABAMVAAAAACAYKACAAAAAAQDFQAAAAAgGKgAAAAAAMFABQAAAAAIBioAAAAAQDBQAQAAAACCgQoAAAAAEAxUAAAAAIBgoAIAAAAABAMVAAAAACAYqAAAAAAAwUAFAAAAAAgGKgAAAABAMFABAAAAAIKBCgAAAAAQDFQAAAAAgGCgAgAAAAAEAxUAAAAAIBioAAAAAADBQAUAAAAACAYqAAAAAEAwUAEAAAAAgoEKAAAAABAMVAAAAACAYKACAAAAAAQDFQAAAAAgGKgAAAAAAMFABQAAAAAIBioAAAAAQDBQAQAAAACCgQoAAAAAEAxUAAAAAIBgoAIAAAAABAMVAAAAACAYqAAAAAAAwUAFAAAAAAgGKgAAAABAMFABAAAAAIKBCgAAAAAQDFQAAAAAgGCgAgAAAAAEAxUAAAAAIBioAAAAAADBQAUAAAAACAYqAAAAAEAwUAEAAAAAgoEKAAAAABAMVAAAAACAYKACAAAAAAQDFQAAAAAgGKgAAAAAAMFABQAAAAAIBioAAAAAQDBQAQAAAACCgQoAAAAAEAxUAAAAAICwASQLCJ0nnu6IAAAAAElFTkSuQmCC" height="600" width="800" /> Username:Admin123 Password:admin1232 <img src="data:image/png;base64,iVBORw0KGgoAAAANSUhEUgAABVAAAAJcCAYAAAAfG4+9AAAAAXNSR0IArs4c6QAAIABJREFUeJzs3Xd8XXed5//X95xb1aslF7lIdtztVDtxegWSSSiBYShhh7JDm7KQmf0FCMNQpuwAu+wuZYAZAiwzMJOEhJAJJKSHdMcltuMiy1azrN7Lbed8f39cSZFsFfcry+/n45FYvvfcez/nSrLO963P9/s11lqLiIiIiIiIyIjH/gGe/W6mqxARETkjhj5/gIHBITq6eoknUgCEQwGKC/PIzoriZLg+ERERERERmWluuiv9n4iIyDmgf2CIxuZ2huIJfOvjW5+heILG5nb6B4YUoIqIiIiIiMgErvoU3Pq3YEymKxERETmtOrp7p7xPAaqIiIiIiIhMbOMd8O5vgRPIdCUiIiKnTSKZnPI+/RQUkRlHSzOLiIicPYy6E2e/9e+EUDbc++eQGMx0NSIiIqec70+eQ/i+VQeqiJxZ1tpp/xMREZGzh362nyNW3gQf/jeI5GW6EhERkTNOAaqInDYaQImIiAjommDWqLgQPnYvZJdkuhIREZEzSgGqiJwyGhiJiIjIsdJ1w1mqfCX8yf1QMD/TlYiIiJwxClBF5IRp4CMiIiKniq4rziLFS+Bj96X/FBEROQcoQBWR46aBjYiIiJxuut6Y4QrmpztRy1dmuhIREZHTLpDpAkTk7JCpAYwGTiIiIjOPMeaMvdbYa4Ez+bpyDLJL0mui/uRD0LAl09WIiIicNupAFZEpnc7uD+3aKyIicnbK1M9wXR/MQJE8+PC/wcqbMl2JiIjIaaMAVUQmdCoHKApHRUREzj2n8+e/riVmmFAWvO+fYP07M12JiIjIaaEAVUTGORUDEgWlIiIiMplTeZ2ga40ZxAnAu78FG+/IdCUiIiKnnNZAFZFRJzMAOVODFw2SREREzrzTufboqVjj1Fqr9VFnAmPg1r+FcC48+91MVyMiInLKKEAVkYwHpwpFRUREZrbj+Vl9MkHmyOucyHOczGPlFLvprvTaqI/9Q6YrEREROSUUoIqc404kvJzsMWMHLBq8iIiIyHTGXlNM9vHxXlOoG3WGuOpTEAjDI1/OdCUiIiInTQGqyDnseMPTqYJTDVRERETkeB35y9eJ1jQ9kc5ShagzxKaPQiquTlQRETnraRMpkXPU8YSnk23QYIzBcRwNUEREROSUmOra4ng3jNISQTPEVZ+C6z6T6SpEREROigJUkXPQqRh8qOtURERETpeprjMUop6FrvuMQlQRETmraQq/yDnkVA04HEe/exEREZHTayRE9X3/qPuOZ1q/NpeaIUYC1Cf/V2brEBEROQFKQUTkKApPRUREZKaY6tpDHaZnGXWiiojIWUpJiMg54lgHGFMdp84NERERyYSprkFOxTWOnEEKUUVE5CykAFXkHHAsA4Zj2ZhBAaqIiIhkwnTXIMe6wZRC1BlCIaqIiJxlFKCKzHKnYjBhrdXUfREREckox3GO6ZplOgpRZwiFqCIichZRIiIyi53sIGKkm0PhqYiIiMwEIyHqdNcv01GIOkMoRBURkbOEUhGRc9ixDj40dV9ERERmgrHXJCcbosoMoRBVRETOAgpQRWapkxk4KDwVERGRmepYQ9TpKGSdQRSiiojIDKcAVWQWOpmpa0fergBVREREZpIjr02O9ZrmRI+RM+S6z8BVn8p0FSIiIhNSgCpyDjqZgYaIiIjITKNrm1niprtg00czXYWIiMhRFKCKzDInujvtRLdba9WBKiIiIjOKMWbS65aJnOi1kWTIzV9SiCoiIjOOAlQROa5BiIiIiMhMoOuXWUwhqoiIzDAKUEVmkVPVYaHBh4iIiJwNTtW1ja59ZqCbvwTnvyvTVYiIiAAKUEXOGVobTERERM4FuuaZRd71DVh5Y6arEBERUYAqMlucyKBAU99ERETkbHeqrmd0DTQDOQF473eh8vJMVyIiIuc4Bagi54ATnd6mgYSIiIjMRCd6zaJrm7NQIAwf+CGULc90JSIicg5TgCpyjppu4KEBhoiIiMxkupY5h4Rz4L/8DIoWZboSERE5RylAFZkFphognMi0Ng04RERE5GxwItc0x3vdJDNEXhn88c/Sf4qIiJxhClBFRIMFERERmRV0TTPLFS1Kd6JmFWa6EhEROccoQBU5yx3vQOF4prtpECIiIiIz0VTXKyc7lV/XPzNc2XL40E/Sa6OKiIicIYFMFyAip48GDDIbWCy+9Un5Hv2Jfhp6D3FooImWwTZaBlvpjHURS8XwsQSdIFnBKKWREm6tfCtVhUswmEyfgoiInGbWWow59n/vj/d4mWEWnA/v/S78/OPgpzJdjYiInAMUoIqcQ46nI0NhqswEvYk+DvTUsrezmt2de6jtracn3oePDxaMIf2/0S/X9I3nFSwlGogoPBURmcWmCkGPvE+B6Sy08kZ41zfg/s+C9TNdjYiIzHIKUEVmqZPpPlV4KpnmWZ/dHXt5vP5pdrTvojPehbU+jnEwxuDiYrEYA1mBbOJeHM+mMMYh7IS5fO5GyrLnZPo0RETkNBsbjKoL9Rx0/rtgsAse+XKmKxERkVlOAarIWUxBp8xGFstjdU9xf/WDdAx1ggEDOMYFwMfiWY95WXPZUH4RB3pqqe7ej2fBt5aFeRVcuWATAUc/4kRE5MQoXD2LbPoo9LfBs9/NdCUiIjKLaXQpco441s2i1Ikqmba3cz8P1DxEZ6wLxzGMfBlawPM9ckI5vHvp21ldvJL/2PcAOzp24RoHgyHuxbmt8maKItqdV0RkNpus83SqjlSForPYTXdBYgBe+kmmKxERkVlKAaqIiMwYQ6khHq9/itaBNlzjYG26I9VgyA3lsK54De9YegvNAy38zy3f5vDgYQImgAVS1mN18SouKbsg06chIiIiZ9otX4ZYH2z7ZaYrERGRWUgBqsgsNF3nqLpPZSay1tLY18T29p1vdg/hkx/K5/zSdVy74Erm55TzSO3veLz+afoSfbgmMPxYn4JwPp9e/zGCbjCTpyEiImfIiXShTvUccpYzTnpTqd4WOPB8pqsREZFZRgGqyFnqeAJOhaFyNrBYDnTX0j7UgQFSNkVVfiW3Vb6NC+espyveww92/oTtbTtIekmMcUYfhzHctPBaFuYtyOxJiIjIjHY8ganC1bOQE4AP/BDueT80bst0NSIiMosoQBWRoyhwlUzwfI+9XdV41sMxDu+o/ANurXwrhZFCXm9/gx/u/DHNA83pg4cHtAbwrGVD2UXctOh6DBroioicSxRyylHCOfChH8P33wkdBzNdjYiIzBJOpgsQkVPrRDtTFZpKpnnW4/BgM7nBHD659qN8eM0HKc4qprr7AD/YcQ+H+5uHA9IxA2UDhZFC3rL4ekqzSjJWu4iIZN6JXtfoGmgWyipKh6jhnExXIiIis4QCVJFzjAYUMlMl/STRQJQ/Xf9xrl94DQDVXTX8846fcHigGWMMY4bG+NYn7Ia5vepWzi9dm6myRUQkA3Q9I9MqXgLv+z64mnQpIiInTwGqiIyjQYZkStAJ8r7l72Hj3IsIOC5tg+3cs/Nfqe6pwTEjP67SwalvLXOzy/ij827nLYuvx3XcjNYuIiKZo2sXmdTSK+Ht/5DpKkREZBbQr+NEZrljGVRo4CEzQdgNs7SwEgMkvATfeO3/srtzD8Y4pHwPYyArmM15BUu5cM461pSsYnFeBa5ReCoiImnHsiaq1k09x1z4h9B+AJ79bqYrERGRs5gCVJGz0IkGnsezNphCVTnTRgazFstvah9nb+9BKvKXsDhvEZV5C1mYM48FuXMpihQSdIJjulJFRORcNF0QOvb+Ew1NFbbOEjf+d+iohV2PZLoSERE5SxmrlETkrDPZt+1Et08Wmk708US3RSKRkytW5DhZa+mP9xEyEEomsPF+bCqW3joqEMYEoxDOTv/p6PeAIiLnolgsBjAu3Bz5eKLbpvp4qtumul3OMskYfP/t0Lw705WIiMgMtO2Pnpnyfo08RUTkjLDxfuxQFyRjmGg+hHMxgTAc0UlqrEdWfwupAy8Sr9+MbT+AjfViMZhQFiZ3DqZkCU7pMgLz1uCUVEFIu+yKiIjIFIIRuOPH8IN3QM/hTFcjIiJnGQWoIuc4NaHLaWUttr+V5P5n8A7twA60g5fEhLMhWoBbvAR34UU4JcswwZFuZ4MJRAkULcILRrGlS/HbD+C3VuP1tUJ/GzTvxglFSeXPxZm7lsCqtxKYtw7cYEZPV0REMk/T7mVS+XPTIeoPb4d4f6arERGRs4im8IuchU7lFP7pbtMUfjlRNhkjtee3JDb/Ar+7EXwPxn6NGgOOiwlGcOacR2jDHbgVF2PGhqDWBz+FTcawQ914rXtJ7niIVN2r4PsY44DjYMK5BFa9hfAVn8AEs878yYqIyBk1MoUfpp66ryn8MqH9z8FP7khfZ4iIiDD9FH4FqCJnoWMNUCf7+7GGqtZaotHoyRcs5x4vQfylHxF/8ceAxRhnTEeQBQtgwJAOVa0PGAIrbyB8xSdx8uenA9aJpBKkGrcQf+67+C37sOlnAi+FU76M6K1/j1O4aPLHi4jIWW9oaOiokHS6sPTIIHS6v093u5zlXvgXeOTLma5CRERmCAWoIrPMVN+yJxOgTnabAlQ5Xnaoi/jT/5vEzkfSHaLGYK2PE8nDKV2KU1iBySmFVBzb14Lf24Ltb8PvaQLfx5m3hsi1f4E7//ypXyfeR/L1B0lsvRfb25q+zfo4xYuJXv8ZnIoNGMc9E6csIiJn2EQB6tiPT2WAOt19chZ76PPwys8yXYWIiMwA2kRKRACtdSpnSHKI+Es/JrHjP9PhpTFY38MpXEDo4vcRqLwCJ7skvVap9bGpOHaoB7+zltT+Z/HqN+M37SD+5LeI3PpVnIKKSV/KhHMJXfR+nNw5xF/4EX5nHcZx8Tvrib/wI8I3zsEtqTqDJy8iIjOZ1kaVo9zyFeisS0/pFxERmYIz/SEiIiLHwHok3vgNyR0PjQ9PS6qIvu1vCK57J07e3Dc3ejIOJhjFySsnsPhSItf8GZGb/4bA2lvxWvcy9MiXscmhqV/TcQmcdx2hKz+Bk1c+usaq17STxNb7wEue5pMWERGRs5YbgPd9H4qXZLoSERGZ4RSgiojIKeH3NJN847eQiKXXH7UWJ5JN+LKP4M5bi3GmmfQQiOKWrSRy/Z0EN96Bd+BFUrUvT//CTpBA1VWELvsIpOIYY7DWktrxEF579Ymdi39sm0pYa/E877R0ePu+TyqVOjXPNVznsZ7XsfA8D8/zTtnznUkWSywVI+Wf+Pub8lPEUnEs6u4XETmrhXPgQz+GrKJMVyIiIjOYpvCLnMMmCn001V9OiO/hHXwev2kHDG/rZByHwKpbCFReduwbOhmDCeUQ2fRxjHFI7nyYYNWVMM1apsZxCay6GXfP70jVvoRxAthUnMTzPyTyjq+PC29TKY+XX34Zay3xRJyNGzaQnZ1Nd08PL7/8Cg/9+te0trXygfe/n9tuvRXXefN3jfF4nOaWFnbu3MnLL79CTU0N/QMDZGdlsXbtWq644nLWrllDfn7+lNNEDzc3s3PHTrKys4hEIqxcsYJoNEp7Rwc7Xt/Bc88/z+7duxkailE2p5QLL7yQTZddxvLl5xEOh6d8L6y1DAwMUFdfz7Zt23n5lVdo7+jA9zxCwRDGGEpKS8jPyye/IJ+8vDwGBwbo7unh2muu4dKNG3Gco2vv7Oyiurqa17Zu5dXNmxno68c4hvy8PFavXs3FF1/M8vPOo7CwANc9+vP1dMPv6Uv0Y4CkTXHDwmvIDeVMeS5DyRiP1j1B1A3TlxxgTrSUqyo20dh3iM0tW+lL9hN1I0TdCLFUnP7UIIPeEEEnQH4on4qceVQWLKEkWoRj3vw8dg1187VXvkFFzjw+uuYO8sJ5U9ZxpMHkEF956X+QG87hL87/BDnTnIeInF4TTc3XdH05LsVL4IP/Ave8D5KxTFcjIiIzkAJUkVlCwadkVCpOYt9TWN97c+Om7GIC512LOZFwyXEJb/qvpOo3wzF2+Bk3QPiqT+M1bAbfYpwAyZrnCXfVY4orR4+Lx2N845vfZM/evWRlZ/HEY7+jpaWV73zve/z6179maGiISCTC0NAQzpjwtKGxkf985BEeffQxgsEgc+eWM2/+PHzfp7a2jh//5Cfcd//9XHPNNXzqk5+gqrJyojIBqK2t5ZOf/jShUIirr76aL37h82x/fQf3/PjH7Nixg5ycXELBIF3dnezZ/QbPPPss//qv/8btt7+T//qxj5GdnT3pczc2NvKje+7h8SeeoKSkhE2XbeLtt95KVlYWLa0tvPjiSzz2u9+RTCa55JJLWLx4EYl4gmQqhe95jATgI1KpFK9u3szPf/4LXnzxRebPn88ll1zC6tWrCQQC1NXVsX37dn50zz1s2LCB9//RH3HFFZcTDAbH1bW5eStPN/0exxgW5MzjqvmbjuGTCvdX/4qeRC9guXnxW7iy4jLq+w7x7/seIO7F8azHpvINXFC2nmybTctgG9XdNezrqibpp6jMW8xtVTezad4Ggk66poHUIM0DzRzqb+LK+Zu4uPyC6WsZ5luf39U9yc6O3awoWkZ/ckABqsgsodD1HLfwInj3t+Dnn8h0JSIiMgMpQBWRCSmQlePh9x3Gb34DM9Ll5/s4hYtwy1ac+JMal8Cijcf1ELd0KU7hIrz2gxjHAc8jdfAFQmMCVMdxyMnJwfM8igoLycrK4sc//SkPP/wwJSUluIEAXZ2dBFx3NEYcHBriZ//6r7z6yqvcesstXH7F5cwpnYPjOFgshw8f5pe//CX33ncfDz/8MJ2dnXzvO98mEolMWGdebh6OMVjrk5OTw9591Xzjm99kwyWX8PZbb6W8vBzXdWlta+Wpp5/m0Ucfo6OjnX/6/g/Izc3jj//Lhybs8uzt7eVLX/4KL774IqtWreRzd93FBeefP+7Y66+/noqKCu75yY/p6+vjQ3fcQdmcOaQ8j2AgMC409n2fx594gv/5v75FQ0M9l122iU998hOsW7uWUCgEpKfyt7a18dOf/pQf/ege6uvr+XLWl7h04/jPXSQYIWDS72mWm4Vrpu4qBgg6AbJD2fQnB/CtT9SNYjBEAxGigQixVAzXcblgznpuWnRduh7r0dzfwi9rfs1zh16kpucAv9h7H/Oyy1hWuDT9PsV7ifsJUn6Kx+qe5MKy9eM6VKfS1N/ME43PEnQDxLwYA8nBY3qciJx6CjzllFt9M1z1KXj2u5muREREZhgFqCKzlAJQOZO8Q9uxicHRqfLWT+HOX4sJTd4peVo4AZz8uXjtB4f/7uLVb4YL/hDcdOBnjBnt4MzPy+fZZ5/hgQce4POf+xyXXXYpgUCA+voGCgsKRp82mUjgeR5/8Rd/zuWbNhEIjP/xWZCfzyc/+Ul6+/p56KGHeO655/jVQ7/mvX/4ngnLzMrKAmNwHJft27ezdetW/vLOO7n6qisJh8OjIaa1lg2XXILjuDz44IO4wAMPPsi111xDZeX4DS+stdxzz4957ve/Jy83l9tvv/2o8BQgNyeH97z7dvbt28ejjz3K579wNz/76U/ImiCQ3bFjJ9/+zndobGxk0aLF/NVf3sny884bF7K6rsvc8nI++pGPsL/mAM888zSf/8Ld/OevHyIajY4eNy+rDM+mcI1LTjBr3NIIkzEYsgJRLD7GQDSYXr7AGDP8H7jGGdswi2tc5uXO5W2LbqS6q4bGvkO0DbWzuXU7lQVLcI1LZ6wLz/dwcXi1dQu72/eyunTltPV4vsfj9U9zuP8wBoinEgpQRc5iCmBlQjf+d2jZC3ufyHQlIiIyg2gTKREROWl++4GjZto7xYszU0wkj5FijHHw+9rwE0PjDonFYwSDARoaG/jsX/4lf/Olv+Y9776dBfPnU15WxoZLLmbZsqWjx0ejUT7w/vdzxeWXHxWejigqLOTKK64gNzeXQCDA/b98gEQiOeGxKd8bneJeX1/HFZdfznXXXUs0Gh0XThpjKCgo4I4PfICSkhIAWlqa2bpt61G/JOns6uLBhx4iGAhQWbmEiy68cMIuVYDi4mLOX7+eUCjMK6+8zMuvvHrUMbFYjHvvu4+amgOkUkluuP56li9fPq6+sQoLC3nrW95CKBSmrq6Of/v5L8bVmLQpXBPA4JDEO6aFGRzjEHFCYMHBIean38+gEyBgXKyFlPUpCI5fw9RgKI0WkxvKBcDH0hvvIeWlN43qivWMBicWn5/u+QWJVGLaehr6DrG1dfvo5lNxL85ASgGqiMisYhx4z/+BgvmZrkRERGYQBagiInLS/N7DjG0DNNaHaGZ2szVuAEaCO2OwyRgMdo47JhAMYS10d/dw001v4eqrrpryOUOhEEsWL540kByxYMF8CgsLcIyhq7ODwaGJw7WcrHQHrLWWosIirrv2WkJHrBk6VmVVJUuXVuH7HrFYnEOHmvA8b9wxBw4cpL+/H2MMxcUlo4HrRFzXpaS0hEgkguu6/PbRR486prq6ms2vvTZ8fIB3vOPtOFN0armuS1VVJeXl5QSDQe697z4GBgZG7w86oeGPLGEnjGH6ri9jDL5JL7vg4VMcTncFh5zQ6BIAAeNMuEmZZ30sFgw4GHKCOQSGO6Q7Yp3DlVgcHPb3HODVli1T1pL0krxw+GUaB5pGO9bifoKeeA++9ac9FxEROYtEcuH9P4RgdPpjRUTknKAAVeQco6n9cjr4XpKxLajWGOxQ5+QPOI1srHd8oOYlsYk3gzxjDIHhkNUYwwc/8P5JuyqPV3ZWNuFwOB3cAqlkasLjotH02qjWWhZUVDB37twpnzcUDLJuzTo8z8f6PgODA0cFqO3t7aPf34GAO+U5GWMIBUMEAgGMcWhpaR73fNZa9lVX09TUBEBVVRUVFRXTnn9BfgGlJaU4jkNzczOHhh8PkBOIYtORJmE3OGUYO1bABNOPs5bsQBaQXucUk45gXeOSsEe/z039h+mO9wCQFcxmddFKXMfFYjnU34TrOITdCI5x8K3Po3VPjB4/kebBVp499AIhJ0g0EMUCnp+iL9GPpwBVZEbTtY+ckHlr4B3/I9NViIjIDKEAVUQ0sJCTZoJZR9ziYNuq3+wEPVOsxQ4cHdxaOz5sdF0H31ry8vJYvOjULTUwODRIPB4H0uGsG5i4YzUWi41+XF5eTl5+3oTHjVU2t2z0e9XzfHx/fGhXVFQ43BlpsZYpN0Wy1jIUi5FKJjEGIpHIuHUAU6kUNTUHSCQS+L7PunVrp+yQHZGVFSUnN2e4Ro+uzq7R+0JOEGvTEaprAnAMHagAQccdfVzISdfwZndp+jmcIzak6o718ETDM7QOtpHwk9yy+CZWl6Y3NEumktT3N5ITzOGq+ZvIDeViLNT01LKldfuE/x5aa3m45jc09R/m8nmXsrp4Jdb6eL7PQHJwdEq/iGSermnklFr/Dtj00UxXISIiM4A2kRIRkZPm5M4ZH4c5Ll7LXqwXxwQm3on+dLDJQfyuhnEdqMYNYiLjA0rHccFacnJyiURPvr7e3j5279nND374zxw61AQYXMchOMl6qYODg8N1DG8W5U8/4O/v7SUcCmFJT5c3RwSkC+YvIBKJMDg4QF9fH319feRPEsymUh7t7e3EYjFSqRQrV6wc17Hq+z6NjY3pDk/X5eWXXuazn/1LEqkk2dnZRCMRwpEIvucxFIsxODjI4OAABsMbb+wCLKlUinjizXVF0+uNWlxc3ujayw9fv4fsYDYpP0l/agjXCZLlhImTIuHFCZoAeaEcanvrMTiAP27a/0hIYrGk/BSe9Yh7CQ721PHzvfeyo20XoUCYP1nzYd62+AaCw+HrUCpGV7ybvFAu55euxbcej9Y/yZA3xMuHX+XC0vUURPLHvV/1vQ082vAkZdmlXD3/cl5u3jzcS2uJpWL4RwT0IiIyi7zlC9C0E2pfznQlIiKSQQpQRUTkpDkllVjzZk+hcRz8zgb81r2489ZxrN2GJ8s7vBN/oCu9DiqA9SEYwYkUjDvOmPSCA45zfHUNDQ3R2dlFfUMDdXV1HG4+TENDI/v3V2OMobCoiLy8PHp6etJTvL1JpnYP7yIPFt/z8PzpAzjf2tFp6+FQCNcdH6DOmzeXG264gZ/97P9x8OBBdr2xi3nz5k44lb+9vY2t27aRTKUoLEhv/jTutXyftvZ2jOOk3yfXpb6xnmgkyuDQIOFgEM+3uI4DBvzhjthkKkVV1dL08giOQ3HR+HVwDcPZtvVpi3XSk+zDMS4hJwReko7UEL71sPgMWcNAMj09fvitmlDKS3HPrv/HA9UP0RXvpjPeyZLcRXxgxXvZUH4xi/IWjOuu7Y73kPSShN0wOaEcbqu8macaf4/ne2xr28nuzr1cNm/D6PHxVJwf7foZ1lrWFa/lvMKlVHcfwA6fz0BygISXJHv6Bl0RETkbuQF43/fge7dC96FMVyMiIhmiAFVERE6aO3dNehp/Kj7a/Wn720hVP4NTshQTyj7tNVg/RWLb/UfcaDE5pZhIzhE3W8zwn8eyzIDneWzf/jqP/e4xXnzpJfr7Bzh//Tqqqqq47dZbqaxcQl5eHk1NTfx/d32Onp5uHNfBP4ZgFOwxxcuO44zuHO95qaOm8Btj+PSnPsm+fXt57bXX+OUDD7B8+XIWL1o07rhEIsGvfv1rXnjhBXJycrjzzjtZtGjhuGN83yeRiA8fH+fPPv1pbrrpRoxxcF1nuPt1JEJMn4O1Ft+mA2FrLcFgcMLw1rc+q4tW8vH1H0mvaTrByY+dgvvlF/+B7e07Jn1fjHFYlFdBbW8dPfEeDLCqeAW3Vb2NyATdzx2xTjzrEXUjZAezmJ87j1sW38QDBx4m7sX5z4OPceGc9YQDYSyWV1u2sKPjDfLD+dy48BrCgTBzosXp1wY6Y13Evfik9YmIyCyQXZLeVOr7t4GnZVtERM5FClBFzgFaD0xONydvLm5pFammXaPdftZPkdz7JO7ijQRldXFZAAAgAElEQVQWbphwp/RTye84SKrm9xjnzfUwre8TmLcGnPHtgf7IlPlj/N7Yvn07f/OVr1JdXc0FF1zAZ/7bf2P9unXk5+ePCwkPHqwllUqlA8RAkGAoNPETnsD3ZEFBIYlEnEg4QjAYmjCcLCku5u4vfIF/+v4PePWVV/ja1/6W97znPSytqsIYQ2dXF7/61a949LFHKZszhw/ecQfvfMfbx3VoQjqszc7OHg1s44kEkcgxLnUwzVqpIxPvDeao1x0x9vb0Wq5HHmdHn8l1XK5ecBXL+5t48MDDJL0kLxx+mWWFVVw1fxMBZ/ylTm1vAwDhQJjI8CZSb1t8Iy81b6ZlsJVdnbt5/tBLXLfoanpiPTzZ8AwJP8EVcy9laWEVAAWRwpFK6U70MpSKISJnh5F/10SO27w1cMtX4KHPZ7oSERHJAAWoIiJy0kwwSmDZNaQO7xp7K7bnMInnf4BTvgonnHvaXt8mh4i/dE+6K2RMgIoBd8mmo4+3/pudstNkmYODQ/zVXXfR2NBI5ZJK7v7851m5csWEA3DHMelOTN8SCLgEJwkTs7OzsX66Bt8OT8+fhuu6o0sChEMTB6gAK5Yv508//Wn+vq+Pbdu309DQkJ6Kby2O41CxoII7P3snl27cwLx58yasMRAIsGjhQl555VWMcaivr5+2vul4Y95z3/pMOif/CP6YHe5TjHT0jglfLQQdh9uqbuZgTx0vNb9KX6KP+/Y9yNysMlYWLx99vLWWur56HOOQHcgiKxAFoDS7lJsX3ciPdv8MYw0/3PVTLio7n61tO3ijcy8F4QLes+ztBIa/trIDWTik16wYSA0QU4AqInJu2PBBaH4DXvlZpisREZEzTAGqiIxSp6qcMOPgLjgfN68Mv7f1zTU+jSHV+Drx//wikVu+gglPv9v8cbM+yd2/wa975YjuUw+neAlO6dKjHjLSgWqtnfbr/oUXX6L2YC2hUIhNl29i8ZLFk3dOYkYTWTNuy6PxRro5052qAQLu9D+Oe/v6CAQCGMdgXGfSGg41NfHXX/pr8vMLePCBX1I2Zw6pVIpkMkk4HCYcDk/7Wq7rsnTZMhzHYIzD8y+8wJ//2Z8RDJ74ZUPcSwy/J4aU9Y4xPoWE9TAGjDXEh4PKkBPEsellBNLro1qyg1n8+QUfp/qpGrri3TQNHOZne/6Duy75LLnDS0ik/BStA604xiESiBBy0x3CrnFYP2ct8xvmcXigmYHUAL/Yez9tsQ76kgP86br/SmG0cLSm7FA2rhPAtz5DyRgDqaETfl9E5NRQZ6mcMbd8BRq3pTeWEhGRc8bE7SsiIiLHySmpwl1yORyxO7xxA6T2P0/st1/Fb98P/ilcO8xLktzzKMmXfoqN9b95+/BAOnzZRzDu+Gn0lnQH6pv7Ek0d5b3xxq7hXe8N0Wg0vXHSJOLxOCnPG+4W9UiM2YV+rMGhITAG6/sEg0GCoel3IBoY6B8NNJOJBJ539PqqqVSKv/27v2f//hreftutzB/uMI1Go+Tl5R1TeArpKfzr1q5j/rz5GOOwa9dOXt/x+jE9dsSRwXRfahBnuHM05iWO6Rc2FotvU2DBMYbuRPpz7FsfDx9rIemniLrpQDonlMPXNt1NabQEg2FHxy5++sbPRztEY6kYXfHu9OcyEBk3vX9uThkbyy7CdVyCJsCj9U+wuWUri3IWcOncS8bVFXbDuKTD+qSfZDA5cFzvjYiInMXcQHo91OySTFciIiJnkAJUERE5JUwoi8DKt+BkFx09L94NkKp5gdiT3yRV8yycginPNtZDYtu9xJ/7Pn7v4XFrrFrr485bQ2DJZRM80JJKpdLHW3tMy5GObDg1MDCQfuxE9VhLe2cHsaGhdCeU42AmCVsHBtKBm3EMQ7Eh4vHpNyGyFvwxoelEnVYdHZ0899xzBIPB9CZTJ9GNtbSqissvvxzXdXEch5///Bf09fUd02O7urrYv3//uNuCxsGz/mjX77F2vBsL/vCGVQk/HUjH/QTecGcqwOCYr6f5ufN473nvIiuYhWscHqt/gsfqniTlp+iK9zDkxzCY9P1jOpbDbpgN5RdSHC4cXWHVdVyuX3gNeUcsPxFyA2QFo4DFsz5dse5jOhcREZklCubD+76XDlNFROScoABVREROEYM7dw3BjR/CpibovPQ9vIatxB7/OrHH/xGvde+JdaOmYiRrniX267tJ/P77+L3N47tercWJ5hG48L2YyMRLBpjh41Ked9Ru9ke64IIL8KyPMYZXX3mV1ta2CY+rq6/n5z//Od09Pekyk8lJ1ym1IyEuhkQ8MS4YnUxPTw+OG8BaSyAw8Q73rpsOBPt6e7nvvvv53e8eZ/eevRxqaqKx8RANjYfo7Oyis7OTgcHBKUPM3Nwc7rjjg6xZvRrftzz99NPc8+Of0DN8fpOdV11dHZ+/+2721xwYd19XrAdjDMZAwk9gzfQBquf79CcHcXDwrY9jR9at9fGtP9o7HPPGB/KXzdvAFfMuwzUuDg7373+IF5pepjPWRTKVxGDS65geETBXFVSypmQVnvXAwrzsuVwwZx2ucccdF3RCFIwuR2E5PNAy7bmIiMgss3hjejq/iIicE/QrMxEROWWMGyC4/p347ftJbPklJjBmavpwx6c/0EVy5yMkq58hsHgDwfXvxC1bhQnnTPncdqgH7/DrJLb8B6mGbeAnMXaiTkxLYOlVBCuPXk5ghOs6+NaSSCQm7SgdseGSi1m/dh07d+3iwIEavvHNb/LVr36FosL0mpjJZIo3dr/B3V/8a6677jp6enrYv7+Gzq5Omg4doqqq6qjnHBwaGu3SHYrFiE8y1X/0jKwlmUwOh70WzMQLDxQVFXL5pk089dRTvLp5M69t2UIoFBwOLg2O444uR5Cfn8/qVat4x9vfzkUXX0Q4FDrq+SqXLOHv/+7v+MjHPkZDQwM//OcfUr1/P5/5b3/BwooKAoE3LyN6enp49rnn+PZ3vktvbw9f+fKXx5+zNzj8kSHmxaYNrtPn7ZPw44DFdRy6kunwNumn8Hwv3Z1qfJJ+ctzjsoNZvGPpLRzorWV/1wF6E308dOA3LM2vxLMejjGE3fBRq9SG3BC3LX4bj9Y9ieu4rCpazvycuUfVFXBciiLF1PbWY4D2WOe05yIiIrPQhg9Cw1bYem+mKxERkdNMAaqIiJxSxgkSufZO/P4OvIMvYn3/zZDTjIms4gOk9jxBas8TkFtKYP46nIIKTE4JxjhYDAaL39eC17Yfv3kX/kBXehsi46QD2bH5l7VgfQJVlxO+4hOY4Y2DjuRbS1/fAFnR6PDDpg7ywuEwX/3qV/jrL/0NNTU1PPHkE2zZupXLL7+crKwsqquraW1r5a/uvJObbryRaDjMPc0/ob9/gL/4zGe58cYbee8fvofysrLR54wNDREMhQiHw8Rj8Wmn8Pu+T29fH1lZWQRcl0Qiie95R63H6jgOX/3qV/jHf/w6Tz39NEND6c2NAoEAjuPg+ylisRipVIqOjg7279/Pgw8+yEUXXcTn7rqLNWtWj+tsNcawePEifvXAL/m/3/4Ojz32GM88/TRPPvkEq1etoWppFeFwmO7ubja/+ioYw9VXX8XH/+TjlJaMXxvO+lAcLcI1LmEnjD/N+w6Q8JMETJDSrFI8myLbHfmcWbKD2YTdEJjxU/hHzM0u573L3sX3dvwLrnHoTfSxvX0HRZFCwJAViE74mgvzK3jrwuvZ213NFfMuJexOvG7snKwSiiPFOI4hObymqzawERE5B932NWjZrU2lRERmOWO17bbIWWWyb9kjbx/79+k+PvLPsR9HoxOHDCLT8XsPE3vm23g1z2FTiSnDJWstZjhQswDGwWDHr6VqHKyZZGd7a7HWJ7DkUiI3/BVOQcWkr5VIJPjNb35LPBEnFotzy803U1xcNOW5WGtpaGjg8SeeYNeuXTS3tBAOhSkpKWHlypXcfPPbKJszB4B4IsGzzz5HTU0N4XCIlStWsn79unHfSwdra3nqqafJy8vFcVwu37SJsrI5k76+53n87vEn6O3rxfo+ixcv5qILLxzXATqitq6O++67j1c3b6aiYiELKyooKi4iOzsb3/Po7+unuaWZ6v01bN++ncHBQXzf5/zz1/O3X/salUuWTFhDMplk7959vPzKK9TU1NDR0UFfXx/RrCjFRcUsX34el268lKVLlxIOH93NWttTj8Hg4+Mal7k55QSdqX+Pm/ST1PceIugE8KxHdiCL0uwS+hMDdMW6SdkUrnHIC+ZSGC086vG+9dnffYCgE8Q1LiE3iGd9Un6KokghuaGJu577EwN0xDqZl11O0J14g6/WgTYGU0P4+ARMgIrc+QpQRc6gkV8Qjf2+G/n4yD+P9eOJ/j7d7SIAdB+C790KA+2ZrkRERE7Qtj96Zsr7FaCKnGUUoMrZw+J31pHYei/JbQ+A78EUO9if8KtYH5wAwRXXE7nik5i8o6dcjz8+/bVtjMG39qh1MKeSSqXo7eujo72dcCRCYUEh2dlZE65HOjJFfaL7xtYw9uOp+L6P4zhTHv/6jp18/etfx1rLhz/8x1x04UXk5GSPC1p93yeZTNLa1sYjj/yG737ve3ipFIFgkM/ddRfvefftk67dmn4PPGKxGH39ffT39xONRMnPzyMrK2t0DVYRkdNNAarMODsegn//00xXISIiJ2i6AFVT+EVE5DQxOIWLCF/5adz564k/9S38vjaM457U7vBjWevjRPIIXfrHBFffgokWTF/VmNc+nvAU0lPhiwoLR9c/ncpUIeRUg/fpnm+y4xsPHeKuz32O1tZW/umfvseF558/YQ2O4xAOh6lYsIAP//F/4VBjIz//93/H830OHjxAIpEgEolMWkcg4JKTk01OzsRLJIiIiJyT1t4G+57ReqgiIrPUqW8FEhERGWEMJpRFcMVNZH3gXwiuuRmCYRiZnm+PmKZ/hCPvsdYOd2Cm7wnMqSL6zq8Tuvj9xxSezlapVIof/vCfOXDgAOvXr+eC9eunDHBHhEIh3v3ud6f3pTLpDbE0MUVEROQE3fpVKFqY6SpEROQ0UAeqiIicEU7eXCI3fQ5v7a0kd/0G27Ibv7cVG+9P7zAEjNsVyoAZzvLscGBqnAAmtxS3pJLA8psILrsKglln9kRmoO6eHg4cPEAqlWL1ypXHNZV+zpxSwpEwvu9TUlIy4bqqY/m+j7UWx3HGdcP61o5+9sbePlEga4wZXZJg7PNOttyBP7wR2ZH3T1TLSMg+0XNPVstYnucBjHsPfd8e1TR95DmOfc2xfz9yaZSplnQY+7wj5zzuPZ7ktrGvO9E5TbZUxch7O/ZcrU1/t03VFz22RmDC93bkOUaWqZjua2Lk9mMJ/kVEZqxQFrzn/8A/vwe8ZKarERGRU0gBqoiInDEmECFQcTGBuWvx2mvwW/bitezB72nC9rViB7uwyaF0oGoMxg1iInmQU4KTMwenaCHu/PW4ZSshmg9GYQtAbGiI2NDwTvTHuSzB4NAQvu+Rl5tHVVXlpOGrtZa2tjZq6+qIxeLk5+VRWVlJbm4OXV1d7K2uxvrpoKy0pJglS5YwFIuxb98+YrH4aNhWXl5GxYIF7Ny1i7KyMubPm8fQ0BDV1fupqqokO/vNpQESiQS79+yhp6eXaDTCiuXLyc3Nxfd9Ojo6qDlwkEQiQV5eLlWVleTm5tLd3UPjoUaWVlURjUbp6uqiobGRlStW0HT4MM0tLfiej3EMBfn5LFmyhHAoRCqVor6+gabDh7FYlixazLx5c+nr62Pvvmo8zxs9hzlzSlm2dOlonQ0NDXR0dnL++vUYY2g8dIi+vj7OW7aMhoZGWlpbRoPO0pISKioqCIVCo+/roUNNNB0+zMKKBZSXl9PT08PB2lqCwSCrV61Kf45jMfbs3UteXt7oRl+xWIxt219naVUlJSUlJOIJduzayepVq4hGo1hrOXjwIJ1dXaxbu3b0NQFaW1s5WFtHPBEnLzeXqsoqcnNzaDp8mENNTSQTwwN/AyuWL8d1Xar3VTNnTikLFizAGMP2118nGAxSWVlJS3MzbW3tJL1UusEcy8UXXsjAwABNhw+Pfj46Ozvp6OykqKiIvfv2YTAEAi6plIfjOGzccMlxff2KiMw4FRfC9XfCY/+Q6UpEROQUUoAqIiJnXiCMW74Kt2wFwdRb8GN96U7UoR5soh9rXIyXgGAUE8nHieZBKBsTyoZJdkU/l2VnZxMd3sSppqZm0m7Oiby2ZQuJRJLlK1awbu26SR/X3t7OE08+RXZ2NnNKStizby+HW5q5YtMmOjo6ePXVzaxasYJkKsWOnTu5xrfk5uXy2patLJg/j7zcvNHOzHg8zmtbtpIVjfKud76D/oEBtmzbRmlJybgA9bnfP09nVyeLFi7k4MFa9u7bx/ve+17aOzp46umniUazmFNawv6aGlpaWrn6qivp7Opk67btzC0vJxqN0tHewbZt26mqrGRfdTVNTU0sXLiQRCLBvn3VxIZirF+/jv01Nbz22hYWLJjPUCzGY48/znXXXgPW8sJLL7J21Woi0Wi6q/KI9+bAwVr27N3L+nXrAKitraOxsZHKJUvYX7Of7u4e5paXMdA/wJ69+7jk4otYuWIFjuPg+z61dXVs3rKF7u7llJWVUVtXx/MvvEhBQcFogNrYeIgXXnyRaFYWC+bPJxQKERsa4oUXX+RQ0yFufutbScTjvPTKKyxZvJhoNEosFuO551+gu7uL4qIilgwHr93d3fzmt49SUlJCfn4+W7Zu4+DBWt721rdQW1vL7j17WLl8OcY46RU2rKWzo5PnX3yRqsollJaWkkgkee73z1NcXER5WRl79u2jsaGRFSuW4zguWIv106H7M88+h+M4rF61io7OTnbv3s0lF18M1tLT00NdfT2LFy8iP//cXYZDRGaZKz8Bux+Dhi2ZrkRERE4RBagiIpI5xoFgFk4wC3LLRtdDTU//HV6Yc8rJxAKQl5fH0qVLee2119j++us0NjaycOH0a7ANDA7yL//8L0QiEd71zndSVjZn0mOr9+8nJyeHa66+iqysLJaet4zf/vZRGg8dIhgIEHADXHbpRkLhML966Nfs2buXiy++iGAwyPr165lTWgqkp3v39/fj+z6tbW28vmMHS6uWpqfOHzE1vebAASqXLGbd2rUsX7aMw80tJJNJag/WkpOdw3XXXks4HKKjo4PfPfEEra2tBINBPH/Mc5n0tHxDeq3YhQsWcNUVV+B5Hs88+yyHDjWxatUqtm1/nfPOO48Lzk93ke7c9QbhUJhYLIb1LZdddinhcHj0HMaz424fmbYO6S/pqspK1q9fRzKZ5Lnnfk9HR+cR09gteTk5HKytI5FI0NfbN+45UqkUtfX1LFhQQX1DA01NTSxevBg7/D41NB6ipuYACxbMx/N8zPD3TNPhw/i+z8KKhezdV82iRYswxvD0M8+SX5DPDddfRzAYZNXKFRw61DS6tEJhQSGXXnrpaHWO49DR0YnjOPT09DIwMEBbW/vwqxgs4Hk+2bk5bLrssnGP83yfeCLOCy+9xMoVK8CmzycnJ4dLN26kra2N1vZ2Ljj/fEpKSqb9mhUROSsYJz2V/3u3wFBPpqsREZFTQAGqiIjMHGYkknnz/zI913X5k499jF07d/L6jh18+zvf5c///M+YW14+4ZT8ZCrF4abD/N9vf5uW1lbuuOOD/MEtNx+1duZYXV1dFBQUkJ2djeM4ZEWzyM7Jpre3l+KiIlJeiurq/aQ8j86uTjZcfDHGGBKJBE8++RSO6+I4DmvXrGZhRQXWWtatXUNdfQPFxcXY0XVw0xzH4ea3voXfPPoYdXUNzJ8/j3Vr1+B5Hm3tbRQVFREOh3Bdl/z8fHJz8+ju6UmHcMNdkzC83mZ6MU4CgQC1DQ04zz/P4NAQnR2dbLjkYpLJBN1dXZQUF42uAbt+3VoADh48iLWWB3/1EI6bDkgvvfRSFo8JqB3jEIvFuPe++zHG0NnVRX5+3vC9ln37q+no7CSZStLd1c3GjRvGhbDWWsrK5tDQ2EhzczNDsRhz55YzMDAAkJ723tHO1VdeSXY0yq7du6kYfg+NMaxdtYp91dXk5+eNftekUin27tvHqpUrWLZ0KQ8/8hs6OzvJz8+ntq6OyzZuJBQK0dbWxsDgIEVFhaRSKdxAgJbWVu67/5f41ic3N5drr74aYyASiRAKhejs6mL//v0sXLSIRDwO1uI6Dp0dndx7//1YC+FQkLffdhsGmD93HolEghdeeJGS0hLAjK5pa31/dK1UrX8qIrNK0UK47W/h3/8005WIiMgpoABVRERkFigvL+MbX/9HvvW//w8vv/IKX7j7i9x4ww2sWbOanJwcHOOQ8lJ0dHSwZctWNr+2mVgszhe/eDe3vO1t02485bouvu+NLg/g+97oupXwZpdkJBLh4gsvZPXq1bS1t+M4DsvPO4+CgnwwhqKiIiAdGi6tWkogUMuWrVuJxePjXs/zPILBIO+47Vba2tppaGzgl796iPfefjvhcJhkKjXu2FQqSSAQwHUcwOIMn4/v+8N5qsX6PpFQmFAoxIGDtSxaWMGixYuJDQ3huu7oBlKQDi3D4QgMd4KuW7eWyHAHanFh4bhafSyBQIDVq1ZhDOzZu49YbHhNWguRcIRgKMi+/fu5YN06Fi1ceMRGUJacnFwql1TyyubNZEWjFBUW0dc/gLWWw83N9Pb2sf/AARKJBC0trbS1txMOBvF9n7Vr17Bt++ts3rJlNDDu7u6mva09vXZp9X4GBgZobDxEfn4+kXCYeCKBtZam5mbqaus43NzMtVdfBRZycnK46KILsb4lFAoSCoWw1hIMBZlTNod9+/bR2t7GhosvZveevUC6czUrK4uLLrgQDLjDG3tZC3l5uaxevZqHfv0wCxbMH7+hlDFMvKWUiMgssPY22PcMbL0305WIiMhJUoAqIiIyS1RUVPDFu+/m5VdeYfv27Tz77HM89fTT+P6bQWcgEKS4qIhrr7mGjRs3smzp0mPq/CubU8buPXtoampizpw51Nc3MDg4SHFREZ7nEY6EuXzTZeTl5REMBkdDMtdxKCktYW55OdZaXNclNjQEpLsOl593HrV1dSTiiXHT2n3f54mnnmJZ1VLWrllDdlYWO3btwrc+c0rnsGPXTlpaWigsLKS2to6+vn6KCguJRqPEEwk6OzqIRiI0NbfgOs5oQFpSUszGDRuIRiLs2LWL1pYWysrKmFteTn1DA2VlZcTjcZ5+5hnWrFlDOBQGA3PLy8nJzsZy9BR+66d3j1+xYjnGGNraO2hoaBg9n4qKBaxft45wKMz+mhqWLFlCeXnZm0GiAddxqVyyhF89/DDr1qwmEg7j+x6JRIJDh5ooLCzEYMjLz6ejq4uG+gaWLq0CIBQMct6yZTz+5BN4vo8xhsPNzbhuulPY8zzmlpdz6NAhli1dytq1azlw8CDLl59H5ZIlBAOB9HR/a/F9n0gkzIJ58zFmeDkNY9IdvG6Asjlz2LevmmAgQEFBIamUh8XiW59gIMD8+fNG3x9rLRaL5/mUFBez4ZKLee75F6hcsnj0vRlZpMMqRRWR2erWr0Ldy9BZn+lKRETkJChAFRERmUUKCvK58YbruebqqxgaGmJgYIB4PAEGAq5LJBIhOzubSCQybdfpWMuXn0d7Rzu/e+JJIpEwg4NDnL9uPfPnz6exsZFIKEwkHBm307vrOGAMTz/zDMZxMDYd8q4f7uY0xlBaWsrKFSvYum0bjvNmZ2IgEOCC88/nud//nr3V1cRiMVavXElxcTHZ2dm0tLTwyG9/S1ZWFkNDQ5y/fj0lJSW4rsuypUt5+tnnCIfD9PX1ccN11xIIBAgEggSDgXRX7PLltLS1sfm1Ldz2B7dwySUX89Szz/Lgrx4ilohTWlJKxYIFtHd0EA6Fefg/H8E4Bs/zWbJkMddcddVorcFggEgk8v+zd+dxUtR3/sff1cd0zzAHCAyHDDeInIKigAioiCgRjCh4KxpcSXB1Vx8xiVl/G39rVvenuxoTNRI1GiVCxCBGV4kXaABFQTmVQ1RQZMYB5u6e7q76/dFz9Nw9M91TPd2v52N5MF1VXfUp2FhVbz7fb9Wet8spT1qaDMOQq+p4DodD48aOVWHh9/p8z+fq0aO73O7wC9HcLrcsy1Lv3r2UlZWp3r16KRgylZGertLSUpWWlWryGWeob9++sixLXo9H+QX5GjCgvzxej2QYysvrp2HDhmn79h2yTFNHjuTrpJNO0rix4ReDHTlyROvfe19Hjx3VGadPVFFRkV597X+VlpamktJSDRwwQP1OPFElJSU6dvy4Vq5aJcmSaUlTJ0+W1+uV2+3WCd26qUtmF/Xre6LS071yucNdvx6PV+Xl5Xrxr3+VZVkyTUvnnXO23O7wn7lhGDp1wgQdOvSNnFXTOUiSwzDkTnOrmdkjAKBzS8sIz4f6h8ukUMDuagAAbWRYFv/mD3QmTf1Ptv7yyM8t/dzcsvT09HZWDAAAEFsVEZ3skb+3tKy5nxv73NJyIGrrH5XW3md3FQCAJnxy+bpm1zNbPwAAAAAA8XTWzdLQaS1vBwBISASoQAqgawIAAIB7ItjIcEjz/1tKz7G7EgBAGxCgAgAAAAAQb1m50jyG8QNAZ0SACgAAAABARxg9Rzr9arurAAC0EgEqAAAAAAAdZfYvpRP6210FAKAVCFABMB8YAABICtzToFNIy5Au+43kdNtdCQAgSgSoQIrhwQIAAKQS7n2QkPImSGcutrsKAECUCFABAAAAAOho594udR9odxUAgCgQoAIAAAAA0NGcbumSByWH0+5KAAAtIEAFkhTD1QAAAJrGvRISwoCJ0tR/srsKAEALCFABNIqHCgAAkMi4V0HSYCg/ACQ8AlQgSfAQAQAA0HbcS8E2DOUHgIRHgAqgjvoPD5Zl2VQJAABAQ/XvTWNKLZQAACAASURBVBoLPglD0ekMmChNut7uKgAATSBABVJYNA8XBKgAACCRcG+CpDXzDobyA0CCIkAF0CzTNO0uAQAAoAb3JkhaaV0Yyg8ACYoAFUgRbR3KxkMKAABIJKFQqE3fY1g/OgWG8gNAQiJABTqZeN38N7VfAlQAAJBImro36eh7JCBuGMoPAAmHABVIQdE+CBiGIcuyFAwG41wRAABAy6rvSVpzLwN0OtVD+QEACYMAFUhibX1oqP89AlQAAJAI6t+TxOpeB0g4AyZKp19tdxUAgCoEqECKi+YBgi5UAABgt2AwKMuyWtyOcBRJY/ZdDOUHgARBgAqgWdUPIcFgkPlQAQCALUzTVCAQkERAihTCUH4ASBgEqEASae8DRXPftyxLfr8/qs4PAACAWDFNU36/v9lt4nkPBNiKofwAkBAIUIFOKBbzfbW0j8bWE6ICAICOZFmWKisrG13XmnsZ5kpFpzb7Lim7t91VAEBKI0AFklw0N/7RPoAYhiHTNOXz+RjODwAA4ioUCjW452jLPwC3ZRsgoaR1keb9p91VAEBKI0AFUEe0L5Xy+XyqrKykGxUAAMRUdddptKNeCESREk46Vxoz1+4qACBlEaACKaY1DxmNbRu5LBgMqqKigiAVAAC0W3VwWlFRoWAwWLO8pfuRlhCwImnM/oXkybS7CgBISQSoQJJp6wNFW4fEWZalQCCg8vJy+Xw+BQIBhUIhmaZJqAoAAJpkWZZM01QgEJDP51N5ebkCgUCT9w/xmvOUgBWdRk5f6dzb7a4CAFKSy+4CACQewzBqHl4if25pfSgUqtMx0tgDUP1l0YashLEAANgv2rCx/nYtdZFG83O064GkNul6adtq6dCndlcCACmFDlSgk7Kjs6K1DzrRDLkzDKPmV0vHbu4XAABov/Zcb5vaLhbhaTzuZWK5LdBhHE7pB/9hdxUAkHLoQAVSUFMdpK39Odr9S3U7SBtb1tzyaM8JAAB0vKauwdH+Q2pr9h/r4JX7B3RK/cZJ4y+Ttv7F7koAIGXQgQokoY56GGjuASXa7pPmltNhCgBAYonmGt3c8mg/c+0HWnDBXVLGCXZXAQApgwAVSBHRPqTEssujqeH6jdXWUlDa0pBChvgDANCyeF1PWxuoJsJ9CdCpZZwgzbzD7ioAIGUwhB/oxKIZTh/LY7RliH9rhvBHrmtqfXvOAwAAxE5bhscn0nyozeG+AZ3CaVdIW1bwQikA6AB0oAJJqrU3/m15MGnuwaY9Q/jrr6erFACAjtfebtTGlje3XSzvRVr7XaBTqn6hlMNpdyUAkPToQAVSSGPdoU11ebamwzSaddWfpaZfHlUt2s5THnwAALBfLDpRox16H21gyvB9pIx+46RJ10sbnrS7EgBIanSgAkkslp0YbXmwqf7c1LKmjke3KQAAiSnaa3RT61sapdKadU1tFw3uLZBUzr2dF0oBQJzRgQp0cq2dBzWaLtH2dpu2Zt7TaOc85UEHAIDE1tqAs6Uu0fb84220dUVbK5DQPJnSBXdJq263uxIASFp0oAJo8xC4tjywtKbzFAAAJK7WdKI2tjzaz60JRLl/QMoaf5k05Ey7qwCApEWACiSB9nZ8tLS+PUP2m3twivYlFNH8AgAA7ReLa29z20RznxDL7tLW3gdxT4FO7Qf/IbnS7K4CAJISQ/iBFNWaofwtfW5qyH5jQ/jrb1d/XWProz0fAADQ8doSYja2PN6fgaTXc4g05UfS+kftrgQAkg4dqEAKiPYBIh4PLm3pPqXbFACAxNGW63JrulCrl8Xyc3PnAiS16Uul3GF2VwEASYcOVCBJ1O/4jNV32tKZKjX+Aqn6y+uva2x9UzUBAIDEEasu1MaWtSU8bcu9AvcXSAqeTOmCu6VnrrG7EgBIKnSgAimircPnov1OvLtPAQCA/eLdhRqLYfitCWuBpDRsevgXACBm6EAFkkhLHaXRdqlG21XaWDdpUx2mjR23uc7U5rYFAACJpy3/CNvc8lh2mra1QxbotC64W9o/SzJDdlcCAEmBDlQAUT+Q2NF5ygMNAACJpbXX63h1osZq6D6QlHKHSaddYXcVAJA06EAFkkxbu1Bb01Eay87TprZpbnsAAJC44t2J2ppl0dTDfQaS1rm3S5+ulvyldlcCAJ0eHahACorXQ0tbOk/rb0PXKQAAnUc8O1Grl7d1WXPLgZTQpbs0fandVQBAUiBABZJQPDo/WjtUv6l9RxuQNjekvzW/AABAQx1xnY1m2/YO7a9e3tS+W8K9ApLelB9JXU+0uwoA6PQYwg8kqZaG8rflu60Zqh/5QBLNMP6mtmsvHowAAOgY0V5zW+pSjcXy9tYBJA1XmnT+z6UVdKICQHvQgQqksLY+wMSr85SuUgAAEk+su1GbWx/t8up1zR0PQJUxc6W8CXZXAQCdGh2oQBKLpgu1uW2a6i5t7nvNfSdyfbW2dJ3yUAQAQGKzoxu1NcfmXgIp58K7pWXzJTNkdyUA0CnRgQokuVg8RLS2WyRyXXu6TgEAQOLq6G7U6nUt7TuauoGUkzdBOu0Ku6sAgE6LDlQgBUTbiSq13Dna0nym0cx3Gm3XKQ84AAB0fvH8x9zWHKM12wFJ6dzbpU9XS/5SuysBgE6HDlQgRcTqwSLarpJotqHbFACA5NLWbtSWtmnP+tZuByStLt2lMxfbXQUAdEoEqAAaiHVIGu0xeXkUAACJK1bX6o4MVwHUM+VGyZttdxUA0OkwhB9IIS0N02/tti0N3W9su2i2b81+AABA4mrttTse3aTcPwARvNnhEPXt/7G7EgDoVOhABVJQPB46WtslSpcpAADJo73X9dZ2sLZmvwDqmXKjlJVrdxUA0KkQoAIpKp4PNe0JQ6MZHshwfwAAYsPO625bh/63Zv8AGuHNls5aYncVANCpMIQfSGGGYbRqKH1rpgCI3L5aW4bttxUPTQAAJJb2BK0ddSwgZUy8SnrvMakk3+5KAKBToAMVSHFtfShpS8cJ3aIAACS/WFzv23OfwL0FEAW3ly5UAGgFAlQAMRl+F4vjMzQfAIDE1FHXarvvSYCUMvEqqftAu6sAgE6BIfwAarR2SH/971aL51B9HowAAEgusbi2c38AtIHbK824RVp1u92VAEDCowMVQB3x6CgFAAColigdqwAkjfshXagAEAUCVACNiuUDCcPxAQBIPfG8/nMvAcSIwxXuQgUANIsAFUCz4vmAwpynAAB0TnZdw7k/AOJg3A+lPqPsrgIAEhpzoAKISkfNcdrccQGklq1P/7ce21n7+ZTr/1U/Hm1fPQDswb0AEGcOl3TOv0jP/8juSgAgYRGgAmi16geZjgxSAcTAjpW66Y+Haj+POl9PLKLjBEBiIjgFOtCI88JdqId3trwtAKQghvADaDOG2wMAgFjhvgKwkWGEu1ABAI0iQAUQMzz4AACAaHHfACSYEedJJ461uwoASEgM4QcQN409DDHsH0C0xi/6Vz1hdxEAYoKAFOgEDEOa8c/MhQoAjaADFUCHsuutvQAAID64tgNJZMR5Uo/BdlcBAAmHDlQACYcHLaCDGK3831ugSJ9vfFOrNh7UwfyQgpLkcqp33zxNOecszRyTK3cTXy3at17PvbxFO74Nf8+V1U2jzzlbi6aV6enb39An1RvmjtU9d56nPpIOv7VMd79WXLUiW5f8dLEu6BX+tPXpB/Xojuov9dOPH5yvvK2v64lX9+nAsZAkydWtp6ZfOk+Xj8iJ/hwBAEhlhiFN/4m06na7KwGAhEKACgAAWnZkvf7fbzZrj6/e8mBI3339pV7645f63yET9fMfT1Ofepscfusp3fPasXDgWv21kmP65OWX9LP9/ZTX7uL82vD04/pkh79uaccK9NayP6nw+kX6yZgu7T4KAAApYdwPpXW/k77/wu5KACBhMIQfAAA0r2KHftdYeFp/s/2b9Z9P71B55MJ9q/Wf9cLTurs+pD3tLrCgQXhay69PXn5PX7f7GAAApAiHS5rCPKgAEIkOVAAA0Kyv33hPn0SEp91PO18/v3S0ctxSoHiHnvvNG9pwLLyuYse7WrFvtBYNlaSjevPl/aqI2FfeWfN065yh4e8e/VC/e/A97WwhmI2Kt4+uv32BzjzBJRV/qt/d/2ZtzccOaucRqX+vGBwHAIBUMP5S6d2HpeIjdlcCAAmBDlQAANCMfXprc0RPadZJuumKcHgqSe7s0Vp0zUnKrtnAr62b94V/LN6hD7+N2FXfibr14qG13z3hdN12zRClt7tGp6Zcc2U4PJWk7HG6ZEpGxPpifZHf7oMAAJA63F5p6s12VwEACYMAFQAANK34Wx2O7BAdMFAN3s1bb1nFtwf1vSTlH9V3Ecu7jxiqBq9zGjFIJ7W7yD4aNaLeIi+DbAAAaJeJV0nZDN8AAIkAFQAANKfCX2cIfuNyNTg34mMwqEAj33U3Gmo621df9b5jshcAAFDD7ZUmLbK7CgBICASoAACgaemeKIbY59cdIu9yhQNNd93ANOBr7FVSofZUBwAA4mniVVJ6g/EjAJByCFABAEDTsgdpcFbE56++1Bf1t/nqUJ1l6X3z1EOS+vbUoIjlhZ/tU1H97352QJ/HrFgAABBT6TnS5BvsrgIAbEeACgAAmpGnKadEvJCp5HM98ecdKgqEPwaK9+mFF3equGYDj8ZPHBr+MXu0Tu8bsatvN+vh1ftqv3v0Qz30p/1RTBEAAABsM/mG8HB+AEhhvGEBAIBUteMNLb79jSZX977wGv3fc3PV//yzdMrmN/RJ1cukCj96Q3d81Pj30kfP0MKh1Z9O0PQ5A7Vm2Zc1IenB917WHe/F7AwAAEC8peeEh/JveNLuSgDANnSgAgCA5qWP1k9un6FTslrYbMhE/XzRaEX0q8o9Yr5+fmF2M7vup+GxqRIAAMTL1JvpQgWQ0ghQAQBAy044VT/59x/pjnkDNSjXWTuExeVU7/4DtXDJj/Tgj6epTyNf7XPuYj2wZKJO6Vv7PVdWN025+ho9uGhUncBVXk/dzwAAwH7ZvaTxl9pdBQDYxrAsy7K7CAAAkKKK1+ueX23WwaqP6afN02+uGNrsVwAAgA0K9km/OVciQgCQhD65fF2z6+lABQAAcfSZnv73x/TrF9fr82/KFIhYEyjepxeW1YanknTSaMJTAAASUs+h0tBpdlcBALbgJVIAACBuAlu3aENJubRxsx7YuLn5jftO0CVjOqYuAADQBlN+JO1tvksLAJIRHagAACBuDn9bFt2/1nYbolt/fHajc6gCAIAEMXRauBMVAFIMc6ACAID4Cnyrzzdu0/9u3qeD+X4VB6uWu5zKzs3VxGln6YKJecqxtUgAABCVD5+T1vzC7ioAIKZamgOVABUAAAAAAEQnUCH91xlSxXG7KwGAmOElUgAAAAAAIDbc6dLkRXZXAQAdigAVAAAAAABEb/KicJAKACmCABUAAAAAAEQvvas0fr7dVQBAhyFABQAAAAAArTP5Bskw7K4CADoEASoAAAAAAGidnkOlodPsrgIAOgQBKgAAAAAAaL0pP7K7AgDoEASoAAAAAACg9YZOC3eiAkCSI0AFAAAAAACtZxjhuVABIMkRoAIAAAAAgLY59XIp4wS7qwCAuCJABQAAAAAAbeN0Saf80O4qACCuCFABAAAAAEDbnbowPJwfAJIUASoAAAAAAGi7XiOkgWfYXQUAxA0BKgAAAAAAaJ8Jl9ldAQDEDQEqAAAAAABon1FzeJkUgKRFgAoAAAAAANonLYOXSQFIWgSoAAAAAACg/RjGDyBJEaACAAAAAID26z1SyhtvdxUAEHMEqAAAAAAAIDZOv9ruCgAg5ghQAQAAAABAbIyaE54PFQCSiMvuAgAgoViWrEBARjAoyzQly6r6ZXdhAICUZ0gyDMkwZDgcslwuGW53eBkAJIq0DOmUS6QPn7O7EgCIGTpQAaQ8y7KkQEAqL5dVUiJV+GQFglLIlEzCUwBAgrAUvi6FzPB1qsIXvm6Vl4evYwCQKBjGDyDJEKACSG2hkFRWJqu8IvwwSlgKAOhMLMkKBMPXsbKy8HUNAOzWe2T4FwAkCQJUAKnJNGWVlckqLQt3mgIA0NkFQ7JKy8JBqsm1DYDN6EIFkEQIUAGknlAo/HAZpEsHAJCEgiG6UQHY75RLpLQudlcBADFBgAogtVRWVnXmMFYfAJDETCs8yoK5UQHYJS1DOulcu6sAgJggQAWQOkIhWT4f85wCAFKGVVFBJyoA+4yda3cFABATBKgAUoNlySovJzwFAKQWS1XXPy6AAGww/Bwps4fdVQBAuxGgAkgNFRUM2wcApCbTCl8HAaCjOV3SyNl2VwEA7UaACiDpWcGgrEDQ7jIAALCNFQjKCnItBGCDMQzjB9D5EaACSH4+n90VAABgP66HAOww8Ayp+0C7qwCAdiFABZDUrMpKKWTaXQYAAPYLmeHrIgB0JMOQxv3Q7ioAoF0IUAEkt0DA7goAAEgcXBcB2GEsw/gBdG4EqACSl2VJoZDdVQAAkDhCofD1EQA6Uo8hUu+RdlcBAG1GgAogaVmBgMQzIgAAtSxJvEwKgB0mXGZ3BQDQZgSoAJKXydynAADUZzE6A4Adxs4Lz4cKAJ0QASqA5EWACgBAQ1wfAdghs4c08Ay7qwCANnHZXQAAxE1cHxCLVLZhnQKvr1Po403SlkNVy/tJkyfJcfF0uSZPV/qwHP5DCwBILASoAOwy4TLpwCa7qwCAVjMsi1nkASQnq7g4DnOgFqls9UPy3fuUdEjS0Ekyzp4lo1/EJjvXynxnk1QgacYNct1zmzKH5cgZ61IAAGgLhyEjK8vuKgCkIn+p9OuxUoi5mAEklk8uX9fsehqjACSvGIenoaKNKl50i8yNHmnxA/IsvUjpud5GgtEbJflU8fEr8j3wkILTXtHxpY+oy12T5Y1tSQAAtB79EwDs4smUhp8j7V5rdyUA0CrMgQoAUQgdXKOisy6X6Z8l1/q31P2ey5TZaHhazav0Uy9Ttz+/Je9js6TfXq6ym9eoogNrBgCgUeSnAOw07hK7KwCAViNABYCW+Lao+OZbZA29U55Vv1bOsNb0kXrV5eJfK+tvd0obblH5I1tUGbdCAQAAgAQ3bJrkdNtdBQC0CgEqADSrSMV33yTTv0Rpy3+szDaOwU879cfKenqJ9OubVPpOUWxLBAAAADoLT6Y0/Gy7qwCAViFABYBmBDY8psCfJMc9tymryfDUp9JHFqpw7EId+9jX5L7STr1N7sWSdetjKml6MwAAACC5jZ1rdwUA0CoEqADQpCJVrHhMmn23vFOaaz3dpcCvN0kFm2Ru2NXMdl5lL71bRsFjCsSoC7Vi9WIV9nlUpTHZWzPy1+hon8UqypekfBUtGqDCRU3P6Vr6SPPr4+rjR1VYU2ustXzukUofGaDCR7bEoxAAAIDOa/g5DOMH0KkQoAJAU/LXKbhSMq6drvRmN/TIGFX9o6f5feZOl+sayVq5rhO/UCpXGQ9tU+ZDs5Rmdynxlr9GR/sM0LGPqxek0LkDAADEiydTGjzF7ioAIGoEqADQBP/OTbJ0kZyjclrYsqeMvPBPRm7PFrbNUdrZF0mvb1KgE0+F6s7JkSfHK6fdhdgglc8dAAAgZk4+3+4KACBqBKgA0IRg/n6p50g5c1vaMlfOCeGfjLwWN5Y3b6Sk/bKK21thfVt0rM8AHXtnp47ffI4K+wxQ4VlLdXyHT5JPxXefpsK7NyoQ8Y3AhvtUOPY+lfikyoPv6vhPr1Xh2AEq7HOaCm9+TqVNzNVad2i6T2Wrf6XCiQNUOPYcHX1ii8wWzs338ZM6OufMqhqv1bHV+1RZvd9731Xps0tVOHaAjr5TJKlIpSt+Ed5/nzNVePcalUXUVbl3jY5dcWZVzU+qJL/uwUNFO1X002vDx5pYe6za86g9XuHYc3T02Z2qVNX0CONukSXJ/MGAmmkB6p57kUpXP1p7LhOv1bF3DirU6EnvU9HdVXWMPUdHf/oXlXbiEB0AAKBdTp4lGYbdVQBAVAhQAaAJVv4m6dR+UXUaGp6RkkbKaGEEvyQpt58MbZIZlzk6JfORF2UsfUGZn70v99n7FbrteZXJqy4LlkjLXlRFTWhXNcfr0ouU4ZWM/EOyptymjPe2KfOzF+Ty3yX/si2Nh4ERfO/cI9/d++V4+H1lvvdXpQ9bq8Bvm96+8uP7VPaDV2Tc8YIyP9umLk/dIBUXqOb2ecVdqiy6SJ5Vm5U5OUdlK26R/9lsuV8K1+X2PCXfg1VBcNG7Kp1/j6wpDyjjs7eUedcQBX/7WMTRDqr05gsVzLlBGZ9tU+ZLN0jLLlfZhogEdtljCmQvUZf3tinj4emy7rxD5TuktNkPKHP9AzIkOZZvU+ZnDyijQT5eLPNgtlwP/TV8Lg+PlHnlPSpt5O+27NlbFDw4S55PtynzvWeUdup+hQ628IcLAACQrLJypX6n2F0FAESFABUAYsCR209SPxktN6DGnXHtEuWMzpUnJ0/Z8y6Sdm5VMF9yjp4l14wXFXi9KrU7uFaBldPlumCUnJLcp16tbhdPUHpOjjw5Q5U2b5a05VBNt2bj8uVf8by0+DZlT8mTJydH6WffJvfiprYvkm/FY9LiO5V5dnh777AZ6nbtZNW8RuDUO5V+y/nKHJarNO9OBZatk7F0ibLzcsLntHiJjN+uVYVP8m14UZZuUNotk8N1581Q5l031B5ux1oF371U7qUzatanL50k8/WttZ24p14l78Wj5M3JUfrZF8mhXTIP5svpzZEnpyoRz86RJydHDV91kKfsW65W9rDc8LlMmSWH1spsJBi1/AWSPDKyw+eRufBnyhnd7B8uAABAcmMYP4BOwmV3AQCQqIzcSdLHh1rswJSk9Nl3KrBc8kYToOYfkqVJUUwN0DYNpxHwV/2eJ8+1lyr44FqVLrxRzg2vSNfcIE/V/K2Ve99Q2W+fkrllv7SvILxw9kUtH9AvGXmRnbpeOXpKarS70i+rQDLmDWkkjKwyoV/ES7v8snZK1g1jVVhno1myiiXL72/QJez29JR0qOrrfkkvKjDixbrfnz1LwUaPV3tO0SlSybP3K7B6l6yNW2uWNvavk5mLX1Do1/fLd9Yd8uXOkrFwiTKunSBvtIcCAABINiPPl9beZ3cVANAiAlQAaIIrd4hUsEuhfEkthZ3eoco+O7r9+g7ukjRERnY7C2wD79mXquLOexTcMUnBZQVyPjSjKsA7qIo7b5I5+gl5V02SyyMFX79Dvtej2KlHsg4eUki5VUGmT2ZBC9tv2a/AxblNh6iRG/eUjPs3q8uUuvMjOHKkkMfTIOQO+AvqfF26Su5P75Snztc9ckmqiOb4zQhseEiVdxbI+bdHlD40W9JWlY+4rvGNvUOVc88y6R4pULRTZbddqDLP+/IuzGuxCgAAgKTUY4jUe6T03S67KwGAZjGEHwCa4Bk1SYZeUWhnS2/6yVfx3QtVOHahjr3T0sSmRap85xVp9iS5c2JVaSt4J8u9VAotukmhnjfIUzOE3CPlhH93eCQVb1Xls2uj2GGuPAuvkn59j4rfOSh/UZEq3nlIgWUtbL/sfpVWbe8/uFHHnt1S5+VWtUYpbel4Wb99Sv7qd0MV75fvnf2yJHmnXCpD98t/77uqKCqS/+C7Kr33qdqvj54u54TnFVi2VWbVInPfWvn2Kaq5bZXbT45Rkvn6RvmkBt3IDk/P8A8ejyS/Aq+/WHOcunwqeeJXKvo4fM5mdYdrUczfJAYAANC5jJ1rdwUA0CICVABoSu50uRZI1rPrmu9UzN+k4LJNUsEmmc9uamHbdQr+STIWTG84bLyDZF5wg3TokIxrZ0XUkKvMe56RY+9dKh9xrkrvPSTnwllR7c979t3yPjZe5k+nqnTEhSrfMV3upc1t/2tlLJ8l6+4fqnTEWJXe/KLUM1tWE9t3uekZeRf7Fbzy3Krtn5fpqWrfzZmhzFWPyLHjLpWPGKvSn+6Sc+mSiG+PUtbyt+TyP6Xys8aG63u2oBXdv6OU8dC9MjbcobI+A1T8cd21zlNvkOd+j0JXTlTpzDsUyJ3VxIXVK/fofgrde134HGbeIjPvEXmvHRVtIQAAAMlpJPOgAkh8hmVZTT2zAkCnZsWguy+w4T4Vz39RjlXvq9uUpmarzFfxrZcr8I5k3P+CTrigqfH+PhXfPVWB1Zcq7cOfKYvJLwEANjFybJhHBgCa8tDZ0vf77a4CQAr75PJ1za6nAxUAmuGeskTuayTz7odU4mtqq1xlP/y2um97u5nwVKr8ODy03Xh4CeEpAAAAUI0uVAAJjgAVAJqVo+x7npDD85gqr3xUpU2GqM2r/PhRlSx6TPrFE8o8247JTwEAAIAEdTIBKoDERoAKAC3xTlD244/I2He//PN/oaK9rUlRfSpb/QuV/OB+acojyrhlgtLiVigAAADQCfU7RfIytQiAxEWACgBRcObNVc57L8jhWavgtHNVePdfVJrva/BW9lo+VXz8Fx27ZKp8S9ZKS19Ql8fn2vbiKAAAACBhGYY0bIbdVQBAk3iJFICkFYuXSDVUpLLVD8l371PSIUlDJ8k4e5aMfhGb7Fwr851NUoGkGTfIdc9tyhyWI2ccqgEAoC14iRSAhLP1L9Kq2+2uAkCKauklUgSoAJJWfALUakUq27BOgdfXKfTxJmnLoarl/aTJk+S4eLpck6crfViOXHGsAgCAtiBABZBwjn8jPThFIqIAYIOWAlSe6wEkL0NS3O6/ctRlylxpytx4HQAAgPgw7C4AABrR9USp18nSd7vsrgQAGmAOVADJy8F/4gAAaIDrI4BENZx5UAEkJu6eACQvgxYbAADqMwhQASQqXiQFIEFx9wQgeTl5bRMAAPVZBKgAElXeBMmVZncVANAAd08AkpeLaZ4BAGiA6yOAROVKkwZNtrsKAGiAABVA0jJcLl6UAQBAJKPqVLMm5QAAIABJREFU+ggAiYph/AASEAEqgOTGMH4AAGoQngJIeLxICkACIkAFkNx4UAQAoBbXRQCJrscQqWs/u6sAgDoIUAEkNcPjkRyM4wcAQA5DSuPlLAA6AbpQASQYAlQASc/weu0uAQAA23E9BNBpMA8qgARDgAog+bndkpshiwCAFOZ2ha+HANAZDJsuuTx2VwEANQhQAaQEIz2dofwAgNTkMMLXQQDoLFweKW+83VUAQA0CVACpwTBkdOkikaECAFKJoarrHxdAAJ1M3gS7KwCAGgSoAFKHwyEx/xsAIIWER2Bwyw+gEyJABZBAmBQQQEox0tIkp1NWeblkWnaXAwBAfDgMGRkZktNpdyUA0DYDJkqGQ7JMuysBADpQAaQgp1NGZqbk5D+BAIAk5HRUXecITwF0YhndpF4j7K4CACQRoAJIVYYhIzNTRkY6QSoAIDk4HTIy0sPhKXOeAkgGgyfbXQEASCJABZDq3O5wkNolQ3K7eMkUAKBzMSS5XTK6ZISDU7fb7ooAIHYGEaACSAzMgQoAkuRyyXBV/ScxFJKCQck0ZZmmZJrMlwoAsJ/DkBwOGQ5H+MVQLhfD9AEkN+ZBBZAgCFABoD6ns+aBlIZUAAAAwCbV86B+t8vuSgCkOIbwAwAAAACAxMQ8qAASAAEqAAAAAABITMyDCiABEKACAAAAAIDEVD0PKgDYiP8KAQAAAACAxFQ9DyoA2IgAFQAAAAAAJK7+E+yuAECKI0AFAAAAAACJK2+83RUASHEEqAAAAAAAIHHl0YEKwF4EqAAAAAAAIHF1HyR16WF3FQBSGAEqAAAAAABIXIZD6jvK7ioApDACVAAAAAAAkNgYxg/ARi67CwAAAAAAAInPsiTLsmSZVb9bkiVLVf8X/t2yaraNZBjVvxtS+P+qfjdkGOHlhqPqd6ORgxOgArARASoAAAAAAAizpJBp1QSlpmXJMq0GgWird2tV/15/R43v2DAkh8OoDVb7niJnl55SWUH7CgGANiBABQAAAAAghYVClsyQpVDIbHdQGiuWFa6rJmA1uki3fiDj+/1yfrVJjoOb5Pxqk1RWaGudAFKDYTX85x8AAAAAAJCkEjEwbRPLklGwJxyofr1JzkMfEagCaJNPLl/X7HoCVAAAAAAAklwoaCkYNGWaSRwBWKYcBzbItXO1nHvWSv5SuysC0Em0FKAyhB8AIliWpQpfpfyVAZkhs3bOJ7sLAwCkPEOS4TDkMBxyOA150txK96aFX8gCAI0IhSyFgmbVUPgUYDhkDp6qysFTpaBfzj1vyrlztZxfrJdCAburA9CJ0YEKIOVZliW/P6AKf6UqK4N2lwMAQKukpbmU7kmTx5PW+JurAaQU0wx3moaCPOrXqCiSa/drcu78qxwHP7K7GgAJiCH8ANCMykBQJaUVCgZDdpcCAEC7uF1OZWamK83NIDMgFYWClgKBUOee07QDGEe/lOujp+XatkqqLLe7HAAJggAVABoRDIZUUlqhygAdpwCA5JLmdikrM10ul9PuUgB0gGDAVCBg2l1G51N+TO6PnpHro6clX4nd1QCwGQEqANQTCIZ0vKg0uSfQBwCkNIfDUNecTLkJUYHkZEmBoKkgwWn7+Urk2vInuTf/USr73u5qANiEABUAIpRX+FVSWmF3GQAAdIic7Ax5PWl2lwEgRiwr3HEaDBKcxlzQL9enf5Fr42Myig/bXQ2ADtZSgOrooDoAwHaBQIjwFACQUoqKyxVguhogKQQCpnwVQcLTeHF5FDz1avlufkeBabdJ7nS7KwKQQAhQAaQE07R0rKjU7jIAAOhwx4rKmLYG6MRCISscnDJcv2O40hSc+s/y/dPfFRp6jt3VAEgQBKgAUkJRSZmYsQQAkIosy1JRSZndZQBoJcuS/L6QKv0hcRvb8azsvqpc8Af5F/xBVrcBdpcDwGYEqACSXmVlUJWVDF8EAKQuroVA51I9XJ/ucfuZQ8+Rb/Eb4WH9LuaUBlIVASqApFdcWm53CQAA2K6E6yGQ8Biun6Cqh/UvfoNh/UCKIkAFkNQqKioVCnEDCgBAMGSqoqLS7jIANMKyJL+f4fqJzuo2oHZYf3Zfu8sB0IEIUAEktQqf3+4SAABIGFwXgcRjmpb8vqDMEMlpZ2EOPUf+a1bI7DvO7lIAdBACVABJyzQtBYIhu8sAACBhBIIh5lQEEkgwaMrvo+u0M7JyTpT/mpUKnn693aUA6AAEqACSlt8fsLsEAAASjr+S6yOQCPz+kAKVTDXVqTndCsy8W5U//J2U3tXuagDEEQEqgKQVDNF9CgBAfUFGZwC2Ms3wi6IYsp88QidfIN8NrzCkH0hiBKgAkhYvjwIAoCGuj4B9GLKfvOoM6TcMu8sBEGMEqACSVsjkAREAgPq4PgL2qGTIfvKrHtI/9yHJ4bK7GgAxRIAKIGmFGMIPAEADJh2oQIfz+0MKMWQ/ZYRGXST/pY9LaRl2lwIgRghQASQly7IYGgUAQCNMLpBAh/L7Qsx3moLMoefIf+Xzkjfb7lIAxAABKoCkZDDvEAAAAGxkWQq/LMokPE1VZt9x8l39gtSlh92lAGgnAlQAAAAAAGLIsiS/L8iIKMjKHSHfNStlnTDQ7lIAtAMBKgAAAAAAMWKalnwVhKeoZZ0wMByi5o6wuxQAbUSACgAAAABADJimJb+PF5miEV16yHf1CzIHTra7EgBtQIAKAAAAAEA7hYftE56iGd5s+S/+raxuA+yuBEArEaACAAAAANAO1XOeAi3K6Cb/5X+UMrrZXQmAViBABQAAAACgHXhhFFrD6jZA/gVPSZ5Mu0sBECUCVAAAAAAA2sjvCxGeotXMvuPkn/+45HDZXQqAKBCgAgAAAADQBpX+kEyT9BRtYw6coso590sG0QyQ6PhfKQAAAAAArRSoNBUKEZ6ifUJjfqjAuXfZXQaAFhCgAkB77XlVv7zvVe1qYvWuVU/ql6v2dGhJyWbPq3/UL//n72rVn2ILfy9RKfyHHrrvST20sbA9ewEAAEkmFLQUDJp2l4EkETx9kUJjLrW7DADNYLINAEBiK92st7c75fV8rY27/Bo+0tNxx+5+mv5p6VjJm9VxxwQAAAnNsqTKypDdZSBCyAzJF/KrNFCqsmCZygPlKgtWKGgG5A9VqtKsVNAKybRMOQ2n3A6XXA6X0hxpcjtcynClK8PVRRmudGW5s5SZ1qXDz6Hy/H+X9+AHMo4f7PBjA2gZASoAIKEd3rRXhwaN151jvtD96z7Q4ZHT1KfDju5RemYHBrYAACDh+X1Bu0tIecWVxTpYekifF+3XVyVf67uyIzrqPy5/yK9AKKiQFVTQDMmSqZAZUsg0ZcmUJUuG5ZDDYchhOOQ0nDIMQ07DFQ5WnW5NzB2vfx57c8efVFqGKuc9LM9zC6VQoOOPD6BZBKgA0NGKdmvVqg+0PT+koCRv7omaO3+mxua4GlnvVNdBo3TV/Inq45KkQq1/YrW2DJ+hc8q2as2uInknXqQ7ZhzX8/e9J829UIO2v6O1BypqvnvdwonqKUkKquTrrXrt3b3a/W2FgpJcOT114YK5Or17+NAFG1fo4e39dO3UEr326jf6PiRlDhqhq+aNl7a+qeffL1BpzbIzleetPqnj2vbqm1qzq0i+UHi/sy65UFN6NX6ZKdi4Qg+vk2YtXqhp3Zv5swru0dvbKzV+3mhlDU7X+Dfe04Yvpmn+4PrbHdaGVfXOe0wjx2z1ue0J/7lecqOuGq7wtAAvSQsW5WrrSzu1tygkOdM1bOZMXTc+N6q/fgAA0HkFKk1ZTHvaYao7S8sD5fq69Gt9+v0OfVz4qQ4UfSl/KCCrhb8Mw5Jk1F1mSTLM2p8jpTndGpQ9MFblt5p54ikKnP0zud/8v7bVAKBxBKgA0KEO69XlG3Rw0Ezdeu0AZQYL9d3ezVq7uUBjZ/aRfHv0/FMfKTh1pm4d30+ZwXztfuNN/X5Vuu5cOFrpVXv5ftN7envMeF1302B19aRLOi5JOvDGJmXOmak7558gFe7UyuUfacXmYVo6saskl77/plB9Js3Uhf1PUJarUgfff0W/X7leeUsiujqPfqaXtp+mG/9ltrr6dmvlsg16ZtkX8vY9TTf+y4XqWrZXK5/aoBXvD9YdM/tIKteuVa9oTXCErrtprPK6hHR4z3o9/+xr8t4yVxO8Df4Q1HPyQv3H5Jb/tEq2btPunFG6c7AkDdGUMR/od+9v1qzBE1U7qP64Plz+ml4LDtONS87QoC4hHd79pp5/o0jSCXV32Opza0yB1ryVpksuWaAru0vfb39TT76xXhuGXaopmS2fEwAA6JxCIeY97SjFlcXaW/SF9h7bq93H92jPsb363n9MoZApGVWZqCUZRnhKheqQ1FDdUNQyGuSnzRqcNUATeo6N1Wm0SfD0RXLuf1uOA/+wtQ4AdfESKQDoUCU6XiT17D9A3VyS29tdeWNm68aqsO7w+x9pd9/xunJiv6r1uRo77zQNO/CZtpdG7GbQafqnOeOUl5OlLG/tv4VlTpqmecNzle5yKb3XOE0b7tR3Xx+u/drk2Zo2PDf8HVeG8sb0U4+iw9pbFFljb81dOE49XZI782TNGp8uX7C35s4/WT1dLrlzwsuOf/2VjknSkY/02t4czZ0/UXk5HsmVoT4jZ+vCwQX6cHdJO/6sDmv9R0UaNmlsTVjaZ8ZYDft2r9Yfidjsm216+9scXbhgmgZVH3/MXF04vLG5yVp5bo1K17Tzz9PIXhlyuzLUZ/w4newp0oGv23GqAAAgsVlSpZ95T+Ot0HdUf977ov7tg3t1/5b/0VO7n9c/Dn+g/IpChcyI8LQJ1eFpk9s01bBatfysvpPVJ6N3m2qPJf/c/5a69LS7DAAR6EAFgA41XLOmb9XDry7X43sH6PQxAzSofzgslfw6XFghHfhAv7rvg3rfy1SeX1JVh2OP/n1qulEj9exedzx85gnp0vajKpDUU1KgaLfWvr5T2/NL5SsLTyEgZUqRU3md0FV1btc8TqlLhrrVXxYMfz+Qf1zHVaCVDzyplfXq6dG3suU/kiYEdm3WRl9/3Rj50ijXaE0e85FWfrRfc+YMCW939LhKu+Qqr1735/BBPaXt9XbaynNrXKZ6dK/7uWcXaUtRoaTm5iMAAACdlZ/wNG4sWSquLNbqA69qxd6X5Av6azpJjZpt6n8nYmVEWlr9Pav+ttWb1QtgjYgfMlzpumDg+XIYCdBn1qWn/HP/W54XrpMsup6BRECACgDt5XJKauqmukSlZVLX/l1rlvScvFD/Z8whHdj9hbZu/ofWrKrUyfPma+FwpyTJO+Ys3Tq9/vBxp7ztHR4e3KHlj32ggpNP01XXDlZXp6SjW/X75Ydb/GqLPP117eJJDV7u5Grz2+uPa/OmAskvPXnfk42s36oN04cwZB4AAMRdIGDKNJn4NB6CZlB/P/i2XjrwNx0o+lKmZYVD0Kr0tP4Upi0Nx4/8W6oOUx2GITNirlQrYkOj6hhOh0O3nrJEXdNy2ntKMWMOOlPBSTfJtfFxu0sBIAJUAGi//v00TB9p9xfSyPovN/J9pd3fOjVoat0XDLkz+2n4xH4aPlGq2P5X3fvuVp0z/Ez16Z4u39dFUuZwtTV6bFJRkY4pU6dPHae86nvDfL987dytO7eruvrz9b2yNDxWgebXm/V2fk/NXXK2TnbWX1mp3a+u1vpNhzVlZp/w8cvydbBUdbpQ9xyo7rsFAABoG8uSggE6AOOhLFCux3c+qXXfvK/yYEWdkDOSFfGDVS9BjQxb68tIy9C4HqO199h+FVQU1oSxhqr2Y9Xue2z30Zred2r7TyrGAtNvl3Pv32V8v9/uUoCUlwC96QDQyblG68Lp6dq6aoVW7cpXiS8oBct17JtPteLpD7Q3d4SmVQervh1a8ew72nakRBVBKeDL1+5dpVJmpryS+kwdq2H52/T7l3frsM+vQLBcx77+h558dr0OtrfOnBx1U6m2bf1KJcGgKo58qmde/brdAap6naZzBhXptT+9rm1HyhUI+lVR9JXWL39Rr37Tlh36tW3j19KYUTo9J0tZmfV/ddfpE/vLt32LdgUl9RqraX2L9NrK9TpQVK5AsFyHt6/Ra3saJK8AAACtwryn8VEeqNDjO57Ua1/9XaWB8oYdovWG5auxZVbdbS1Lcjmc6urN0cVD5uiXE+7Q0YpjKvQdrbPvmiH9VcP505xuXTDwPLkd7pieY0w4nKo871d2VwFAdKACQEz0nDxft+e8pxXrXtP9a8I32i5PunqfPEW3zz65do5N7wCdfvJXenX5Sq30S5JTXfsO1rWXjAt3nHpH67olTr388lb9/qENCkpy5Zyg8dOnqd3T2btGa8E1RVr50pu6/yPJ1aWnLjx3hI6tOdTOHWdowsL5cr3+jtY++2etDElypqvfmPFa2KvxbxRsXKGH10mzFi/UtPrThpZu0/oD6Rq/aEjThxw8WuO9r+ntrcc1cmJXnX7lhdLL6/XMY39WUE51HTRK153v1MNr2nlqAAAgZYVCFkP348CyLC3ft1JrD74dTj2b6CBtsChiMlPLCgeg4f1JHpdHg7MH6ozeEzS620h9XrxX9299SMf9xc3u1zAMjesxWqd0H9P+E4sTc9AUhUZeJOeuV+wuBUhphmU10ScPAJ3ckYLjdpcAAEBC6tWza8sbASnOVxEUT8uxt+bL1/T4jiflD1bWfVFUxIf64WnkvKX1V57UbajmDZyjcT1G67vyI1q+5y/afnSXAqFAgzlRq3dT/bPL4dbPTr1N0/tOTYyXRzXBKP5W3mWzJX+p3aUASeuTy9c1u54OVAAAAAAAIgQCJuFpHHxdekjPfb5CvmClpLpzmBrVE5RK4eH5ES96qpm3tPo7krqnn6BFJ1+pWf1mymk49NKXf9OyHU8rEArUbGhYNburOwdq1WFGdz9JU/tMSejwVJKs7L4KTPmx3O/8l92lACmLABUAAAAAgCq8OCo+fCG/Xty3Wkd9taPEauYwjRjJHzlHaWTwKUkep1v9M/vrrBMna1beOcpN76mvSg7quT0r9O6h9xQyq/7eInYU2bAa2cna1Zuj28f/s9yOzhGLBCfeINf2VbxQCrBJ5/gvBQAAAAAAHYAXR8XH1yUHteG7D2Wp6dZeq4mfDcNQ/6x+mjPgfE3uNVF9uvSRIWndt//Qyn0vac/xfQpZZqNzqdbZWVWnq2EY+uHgOeqT0e63DHQcV5oqZ/6bPC9cb3clQEoiQAUAAAAAQLw4Kp7eO/y+jvmOS7LqdJpKajr4lOR0OHTpkHlaMOQS5Xiy5TAc8gX9WrF/lVbs+6v8Ab+siH02On+qUffziK7DdW6/GTKaO3ACMgdPU2j4eXLu+bvdpQAphwAVAAAAAABJgUq6T+MhEAro5S9eV2RsGvlSp8hl1XOidnGla0LuKbpi2KUa0W14eFvL0uHy7/T07uV695v3FDSDNd+16v1uRO4z4nOaM03n9p+u3l06UfdphMDZd8q5900xSS/QsQhQAQAAAAApLxSyyKTiZOORD1QWKG9+Iyv8oiiHw9DIbiM0d9AFOqPXRGWlZUqSTMvUh0c+0rN7XtCeY/tkRvGXVX8LS9LYHqM1s98MOTpZ92k1q/tghYbNpAsV6GAEqAAAAACAlBcI0H0aL09/9lyTc58aET+4nWm6avgCXTxoTk1wKkmWLL321Vot2/WMSitLG+7ECs9tKkU0Zkbko9U/el0e/cu4HyvbndWe07Fd8MyldKECHYwAFQAAAACQ0kIhS5ZpdxXJqTxYrmP+4jrL6vR+GobSXV6d3G24Fp18tU7udlKduUmP+4v1t69e03Ofr1RlKFC7JnJcvhHRbWrUrq7expLkcabpJ2MWq3dGr1ieni3MPmNkDjpLji/W210KkDIIUAEAAAAAKS0YID2Nl13HPlNlsDL8oV53qCWpV0YPXTbkYp174gzleLLrfPdw2Xd6ds8L+vvX78iMSLgthTtOG/RfNvEWKYfD0ITccZraZ3JMzikRBCYvkYcAFegwBKgAAAAAgJRlmpZMk6HQ8fJp4U4FzED4Q2R3qKRTeozRv57yE/XO6CWXo248URH06eHtj2rLkW0NwtPI3yNfPNVg2H7V56y0LF0x7DLlpNUNaDszc8AZMgecIcdXH9hdCpASCFABoL32vKpfvvRdg8UuT46GTZ2kSyb2U7oNZdmi8B96aNkhTVi8UNO6d9xhd616Ust1lv5j/vA276Ng4wo9vE6a1abaS3Rg45tasa5SUxr7frBQuzZv0tubvtN3fklyquugYVo470zleSP2cuRTvf3GTm39tkJBhf9/aMz5MzV/ZNc2nxcAAGheoJLu03gq8hfLipir05CUmZapCwecp2uGX6kMt7fBdwoqvte9H/8/7SjcLcuywt2mkclpRFBqSQ27TlUbqqY53bp+xBUa1W1E7E4qQQQmL5GHABXoEASoABATvXXlz+ZoZPXHYLmOfbtVL616Q78rulB3zOxjZ3GIQs+JF+nOMZI3s+VtI1V88w8tf+kzHVSaXEprZIt8rX/qFW3IHKa5V07ToO5ZcpV9pbdffke/X+7UrTdMUk9JgT2v68GXizRm9jTduqCnurlCOrxnvZ5f84pWeBdo4WBPLE4TAABESPXu09LSUqWnp8vpdMZl/yEzpECoss6yvKx+um7EFZrSe5I8zrr3TpYsfXH8Sz268w/a/v2uyBXhTlNJMiJ+rlL9OTJHtQzJaTh00cDZmjNgtgyjkZS1kzMHnSWzzxg5Dm+3uxQg6TnsLgAAkpIrQ936n6kFM3J0fO8XKrC7HrTMlaGszAy5W/m19JDkPW2mbr9ysBrPXnM18coF+tmV0zSyV5bSXZI7Z4DOP3ewMvO/0u6i8Fbu4Wfq9lsWav6Yfurm9UiuDPUZOVuzhlVq+/ZD7Ts3AADQqFSe+3Tt2te17A+Pa+++PXE7hi/kV3mwXFZV3Dmq+8n6t9N+qhl9z2oQnkrScd9x/WbH4/r0+x11AlJLEUP266WndUJTq+qXJMMwNLnP6bpy+GUNpgdIGoah4JlL7a4CSAlJ+l8RAEgMXleaFAzJJ0nBEh3Y+g+98dF3OlQUUngY9yhdt3CielZ/oWi3Vq36QNvzQwpK8uaeqLnzZ2psjktSuQ5ufFMr3i/Q8ZAkZ7qGTT1Tl0weoCzfp3ryoa3qeuX1mt+/9vh7Xv2jnv1mmG696czaYwR36JkHtqrHNddozon1jxkeWj5/zpkalFmzE/3yJemSa7pq+5q92lvUUwt+NkdjVaI9r7+hlduL5AtJ3tzBWnB+Yx2YtXatelLL99br1o0UzNe2dzdp/faC8FB3p1O9x5ylG2cPqZkGIXBks5a/tFN7i0LhP4OZMzW+zk4Ktf6J1doyfIbOKftIL20vVdCZrmFTp2nBeGnzy+v19oGK2mWTq6ZYqDrP6toKNq7Qw9v76caZlXr15S/0nT88pH78vAs1b3BG7eH6n6mr+ksqbDrkTM/MamKNU96aho8sZTUYweZXMChl5mTUXwEAAGIgFErd7lOX26WCgny9//56jTjp5LgcI2gGVWkG5DAMndZrvG4b+xP1yshtdNsif7F+9fF/aXvBrgZzpUa2l1pWOERttJ80YuGgnAG6fsRV6ubpFpuTSVChIWdLXXpIZd/bXQqQ1AhQASBOAqW7tfLNAnmHj1OeJLmO6uC3WZp2yZnhYdzBQ3p7+Rt65s1+VUP8D+vV5Rt0cNBM3XrtAGUGC/Xd3s1au7lAY2f2UWDXm/r9JmnutVdofC+ngke+0ttv7dbe8QM0wTtCEwd9pDXbv5L6D6iqYI82bw9JOqTdhfr/7N15fFzVff//17l3Nu2WLO/Guy2vYGPMFpYQzE6AmAQIZCMJlDa0TdsspWn6TbM0zbdN++PbpLQhJCELCQ44YTGrwSzBNtjYBu/7ii1LlmRZsraZe8/vj5mRRiPJq6SRRu8nD0sz996Z+dzBntG89TnnMCQxL2d00062FY3l6lFA/Ur+56H3iZ2XfMwK1j31Io88XMdn/vJaprS+S5Tz9KIW5l1zPQtG5hMBdi3+I7/cWsSCz3ySWcNc6ve+zW8W7aS+02HscdNv/QLfPd6T1lTBrthYbv78fIYX5ULtJhb+7DUWjhnNZ6eHoX4lj/w8Xu/ffThZ71KePgCMaX9Xh1csY80N1/CNG0po2vgiDz69lAdXuZx15Xy+cWsR9VuX8OOn3+DVCXdyw7Au6jm2jSdXzuD2z3+K4XmN7F/yIo889RbT/uYqTn+2VYBmNq7YSf3IGUzrcsqAZirXvchzu/K5TFNAiIiIdLtYbOB2nwKUFJcAcPDggR57jBa/iajXwnVjr+Ke6Z+jINT5L5UrGiv48bqHWXd4Q8dktJOMO5mnpg/bT5o+eCp/efa9TCgcd2Yn0B+4AWJlVxNY/VimKxHJagpQRUS6RTmP/esjadtcSmddzJduSAaaY7ns5rFtuwOjOXdaPm9u2kMNIyimjiO1MGTMWIoDQGAwZ826li/Mih9+pLYRIqMZPyw+zDw4bAo33JmM8cJMmzWEhS9uZdcNYxkPsHUbm0omc1HRNt5ZczARwtWxZk0lpbM/xAjg4Ipt7B96Nl+fP5YCgMBQzr39Ynb952u8uq6OKXOSP+TmMG/Bx+IdqwCx9byxzmPObTdxbiJ8LB5zGZ+98Al+8Ip3+k9j/kxuvjbletE05oxZxmPb9sP0iexbsbmTes9j13++xpr0+5p8AZ+dFe9wCE6fx7zXn2HlmA9z1/T4tuLEtm07j8CwLhZpah7C9bfPiwfghBl/yQRGr93GriqYcgaLZDVuXcKibTlcfc88OnyMSF2UzM1h3oJbenVBLhERkYHCi2Vv92l5+UGKigaRk9P1UqaRxNynzc3NNDU1EYl0XMzpTHm+z0fHXc/5w84jJ9D5/TfEGnli+1O8fehdrG87JqIM6Pc3AAAgAElEQVSddJum/59LXneMYe7Q2fzFrHsYkz+6G86gf/CmfVQBqkgPU4AqItIthrDg/iuYnLwaCFEQSV/0J0bNxmU8vWIPB2tbqG9ObC6JD9eHKVx9+RoeXPwY/7NtLOfPGsv4MaPjYSowZM4cpq14kx//pIp5cyYzfcxYRg9rm7MzOH0q055exuqdMH5CM++vKWf4nA9xdd4Rlr++jYPzRzCifjOrDxRx/oLBQDMHqxrJHzM6LcSbyOQxr7FmbwW0BqhFjB+Vcsihag5SwtVpXZ8FE0Yw6JUzma+zjl0r3+LFNZUcqW2hPpnFTvaAZiqrWrquN+2eSkempo4uOS7klwzqsC3GcQLfkkFtUx8A5BdRQCOHq4DTDDUbt77Ag4uqGb/g1s6D0QlX8PX74zXVH1jDc4t/yyPHbuULc7oIeUVEROSUWUvWLh715ptvsOSVF7n4oku45prrujyudHApgweXUlFxiE2bNjBnztxur2V43nCG5w3vcr+1llf2v8Yfdj2L7/utSWkyMO00KE0M4W9lDAEc8kJ5fGT0pXy27E4KQ4XddxL9gD/mfGzJOEz17kyXIpK1FKCKiHQLl0h+QcduwhTRjc/xw6frmXXDFfzZ+CICwOEVz/DIzrZjhlx0O/9n1n52bdrJmpVv8fSTLUy7+VZun5ILkSnc9Tdjqdy7mU0bd/LiimWU583gS4lV3GEK82YtY+GmHTCmkTW7ijj3hkEE86cy7elVrD4El+3dw/6hY7nrFFea7y0HlzzDI+tyuOiGa7hrZLxjYtvihSzKcF3dpfGDN3hkUSVn3XQLd03pYl7TQC4Fif8/BVMu47baCn6wcgOVcz7UPswVERGR05bNw/eHDB2C7/useHsZc+eeR2lp5z9BFBYWUVRYREXFIXbv2d0jAeqJLC9/h4fWP4Ln+e1DUdrmOoVOR/EDkBvMYWLheM4unc6Fw89n2qAyHDMA18o2Bq/sWgLL/yfTlYhkrQH4yiIikhlHahuhZCwfmTWa4vwCCvILiDa3dDgumD+aKfMu4/bbb+fr1+az7rU1VLbuDTNkzDlcdu0N3PeX1zDn2AZeSlk4dcq0UbB1J+9v2sm2kWOZlQ/xYLWFdes2sW5dLZPnnZ0IesOMGJxD/d791LWrYAfb9sLoMZ1P8A/AsBJGUM2uve031+08yJFTfWJS1NQ2wpgZ3DBlKAX5BRTkezQdazv349Xb51W9xSO/2kPONddw1/TOovYY0c5up191ioiIdDsviwPUsWPGM2H8BJqbm3nhxee7PC4YDBIIxn/QaGxs7K3yWu0/9gE/2fhzmqLxYVmpIWlXlwFcx2FqyRQ+VXY7373gm/zD3L/js2V3MaN42sAMTxNiM27MdAkiWW3gvrqIiPSyQUU5UL2fd/bWEY01cHDd0yxalzJ8vGk9j/9yKe8fqqMxBtGmCjZtrIf8+KJN+5b8gd+s3ENNUzPQTM3enew7FiI/L+VBJsxkTuADnl5SyeQ5Z7d2xE6ZNorYurd5tWIIc6a1TS0w4sLJjK54n0eX7KEm8Zirn1zGGkbxkVnH6acNzOSyWS5rnnqa1YcaiMaaqdn7Bo+uaORMZs8qLsqBvZtZXdVMNHaEXUuW8FJF2/529TbF4vU+vopNZ/CYZyraVEddfR11xzxieNQdS1xvirUdVLWCH/1sM1x+DV+Y03kwXbPyj3zvJ4t5Y2tF/LaxBmr2vsXC12oZPmuquk9FRES6ifXj3Y3ZKicnwqRJZbiuy+7dO9i1a2enxxljGDF8JAB1dbUcPVqL5/nEYrFOj+9OUT/GkzueYX/9gfh4/eTQfWNwjME1DkE3QMgNkR/KY2zBSK4863IemPu3PHHdL/nRpf/O3dM+xezSWQzLHUrA0W+c7dDp2KHTM12GSNbSq4yISC8JTp/Pn9Uu4TePL2S5B/njz+b6CxtZmOwgjYzl/Gl7WPzYQhY2A7gMGjmBzyw4hwIgMm8q+U+9xYOvNBIDAuEiJl8zn+tT5yZlBOdOC7F8VX67oJQJU5jGXtaMn8C01Ff+/Hnc9+f5PPnkUh78d48YLoPGT+YL93yI8Sd4hxh/wy18JryERb/8LYs8iAydwG0LJvDcr7qeA3Xjk4/w2Lbh3Pn3N9DZj3cj5l/Pbc0vsujhX7MIl9LZl3LT5NfahvDnz+MLd4dY+NRSfrjKAzeHyfPnc1PgGRYev9wes23xQh7b1nZ9+WMLWQ4w+VK+e2t8ka+Nr22g3ANef4Z/fD3tDhLHFc+7hb/Oe5PHX3uOV6u9tv/Hl1zDnfO0ipSIiEh3yebh+0mzZ5/Le++t5mD5QdauXcOoUaMJhUIdjps2fTqvLl3C4cOHeePN1zHG4HkeH778IxQW9tw8optrtrLs4NvkB/PIC+aRG8glJ5BDYTCPonARgyJFjMwZwbDcIYzOH8XgSAlBJ3jiOx7gYjNuJFixMdNliGQlY202/+5NRAayQ5VnMphcREQkew0booXpZOBqaoz16w5Uay319fUUFBxv9n14d/VKnnzy9xQUFPKZz3yOUSM7rkrf3NzMP3/7m+22FRQU8omP386kSZM7HN9d9tXtZ0/9XnLdXPKCeUQCYSJuhPxgLiE3QlAdpafF1O4n8uPLMl2GSL+09o70Tpf29KokIiIiIiIiA4K1/X/4/uo177J48dPcfNMCzjlndpfHzT7nXF588QXq6o6yatU7jLppNFVVh9m0aSOXXBIP2cLhMOFwmIKCQqZMmcKUKVMZO2Yc4XC4y/vtDmcVjOasgo6BbjvWh8Yq8FqwwQiEijDGpcNqU9LKFo3GFo3G1HY9IkxETo8CVBERERERERkQfK9/p6d79uzhlVdepqmpiUV/+D07dmznwosuYuSIUR2OdV2X2z5xB4/+8mesWbMax3FYs2Y1vu8zd+48cnJyAPj6175BJHIms9ifAWuxzUegthxbsxcqN+OXb8Gv3Imtq8FGG8D6GCcAwTBO/iAoGIEpHYsZPBEGT8ApGAaFwzGRAlonUx3A/DEX4q57ItNliGQdBagiIiIiIiIyIHh+/57/NCcnh7y8PI4cqaGwsJA1a99l3/49zD33fObOPa81FE0aOXIUkyZNYcuWTSxfvoyhQ4dx3tzzSZ3JLxPhqY02Yg++h939Nv7BTfiHd0NtOURbUmozQPyy9Vog2oLXUA8V+2DHO+A4mFAuFA7HHTIOM3I6ZtxFOMOng9txvteBwht3vgJUkR6gAFVEREREREQGhP7egTpkyBAuvuhDLPrDE+Tk5DJ16nTefns5L770HDt2bOWWj32CopTFn3Jzc5kxYwYf7N/HxR+6hAsvuJhQKIzjnESnpudhGyogGo3PexAMQk4xJhjhTDo97ZGd+Eu+j7dnPX5DHcb300LTVG0hKoDFYpLbrI9troeK7cQqd8Cm1zDBn+KMnIp70WcxEz6MCQy8INUfOSfTJYhkJS0iJSJZS4tIiYiIdE6LSMlAZG18Aan+zvM8Hvvtr9m2bQuXX34Fw4eN4Lnnn6Wmppr8/HyuueY6pk2dQW5uLgDRaBSAYPA4q9jHmrFHy7E1u7F7V2H3vout2ot3rAa8eNeuCbiYcC4mvxSGTMYZMQMzYjoUDMUUDMeE88E4J3cS1oemI/iHd2IPb8GWb8dW7Yb6amxDLbbpKMSasH5XwWp6jGESWattPdYdNg73vDsxEy/BFI85+dr6O+uT8+A8aKjJdCUi/cqJFpFSgCoiWUsBqoiISOcUoMpA5MUsLS1epsvoFseOHeMXjz5CbW0NV111HW+vWE5F5SE8z8N1XaZMKeOjN95CUVHRce/HejHsgVX47y3G7n8P7/BuiMVoCyjbd4C2MibRlRrGLSyFweNxRk7HmTofM3QaOKcx2NVrxh6rgrpK7NGDcHg73v73sOWb8Y9WxctoLcd2UVpq0GoxbhAzZBzO5Etw59yKKZnAQJgnNfTEn+FufTnTZYj0KwpQRWTAUoAqIiLSOQWoMhC1tHh4sez5+Lt5yyYee+xXWGsxxnDllVdRUlzCk4t+z4QJE1nwsU+Qn5/f5e1t/SH8Jf+X2MZXsbFm8JMZZSfdnZ2GqIBN7DMG4zgQCOOcNYPAZX+BGXPhmZ2g72G9KCZ6DP/AKuzaZ4htX45tamyrp4vSOtbq4JSMInj132LKrj2zuvqBwDs/J7jkO5kuQ6RfUYAqIgOWAlQREZHOKUCVgaipMUY2ffptbm7mxZee45133qa0dAh3f+4LFBUNor6+nubmJgYPLu30dra5DnYvI/rqj/AObccku0nbOdGQ+ZTjjI1PSQpt85Magzv+PAIXfRZGnYvJLT6zk4V4jY1V+Ntfx9+4BK98C/ZoBfge7ZPU9Mu01miMg3v2NQQ+dC928CSMm53LwpiKjUR+emOmyxDpV04UoLrf+ta3vtVLtYiI9KpjDU2ZLkFERKRPys/r/VW3RTLJWohF/UyX0a0CgQDFxSVs3rKZ2tojhEIhxpw1lkgk0jr/aTp7ZC/enx4ituRBbN1hIBl6Eh+Wn7jcPi5NxqKm4+B3Y9qG1rcembiPmgPY7W9iK7dhcgswg85KPMZpMgaCuZhh0zFTPoI7Zg5OYSk0xOdNbV+1aX+59arFr9iF3fcuJhKBIWWYbJwbNXcwwdW/gqg+D4mcrPKZdx93vwJUEclaClBFREQ6pwBVBhrrWzwvi9pPE/Ly8hk+bDjvvruSYCDIlClTCYU6X3neHqsk9sev429civWiKT2aydCz6y5T0+FS/Fr8qokP4U8PRw3YaDP28G78ra9BQwXO6DkQCJ/m2abctRvEFI3EOWsuTtkVuCEH/8DGRDdq/MHbnV+70iy2vgp/19tw7BDOmHngdv6c9VvG4O54DVP7QaYrEek3FKCKyIClAFVERKRzClBloPF8i5+FASpASUkJgWCQ8+bOo7R0SMcDfA9bvoHYbz6Pd2ArWJ/2vaIdmcQRqcd03TuaNmTeJOcnNW2LTUWbsR9swFRuxIyYhskdfBpn2gnHxUSKMOMvwZ16Kab2A2x9FfixlNrTA9SEWAz/gw1Qtx9n9GwIdT1fbH/kHFiLc3BdpssQ6TdOFKBm54QfIiK0/bwmIiIibc5kBK1If2Wza/R+B5df9uHOd1gff99KYou/jV9V3rb9pBZfshjHxeQVQsGI+PdgHjhh8BuguQEaj2KPVuA31Ca6P23a/bZdsb4luvlPuLXlBK76Gmb8h6Abh8+boTNxF/wHZt1TeMt+jl9TfoJbWLAGb/3LWN8SuO6fMDnZMz+0LZmY6RJEsooCVBHJWo7j4HlZ/tOyiIjIKXJdN9MliPQ6f4D+Vt0e2Yv3/HfxK3e3dWF2+lSYtm/WguPgjptLYPbNMHwmJlIIgRDWCQAOBg+8GDbWgm1pgCN7sQfWYrcuJVa+E7z0+UgtyclSvYM7YPG3ca99AGfSFd36Wx0TKcI995OYsRfgLfkB3rYV8fNpLSclOU6cq41F8Ta8BI1VBD7+X5hwYbfVk0l20OhMlyCSVYy1A/SdRESyXvWReqLRWKbLEBER6VNCoQDFRdk1VFXkRJoaY/1uZFJTUxOHqyoZXFJKOBzGcU6tW9MeqyT26y/gHdxGfE5Q25ZV2k5WqicRnA6dgHvFX+BMvhqcU/yFi7XY8vfx1z6Bt/kNbGMtRFvoLHZwS4YTvP0hGDb11B7jZEtpPIL38vfx1r2IjTbHt2FSZkeF9qmyIXj+J3Dmfw0TyuuRmnqTqdpB5H+vynQZIv3G2jteP+5+zYEqIlkrFvOIxrwTHygiIjKAhENBwqFgpssQ6VXRaP8blbR//z5+8vBD1NfVM27c+C4Xh+pUQxXeC9/G27GKlJlAE3NckTInaHJ+UIsJ5+DOvonA9d/AGT3v9IbXG4MpGI4z+SM406/CFJRgYk3Yusq0eRQMtrEe+8Ea3EkXQaT7h86bYAQzZi7YZuyBjeD7bYtgmZTZXVsXwgJbsw9TUIozYka319PrIkUEl/235jQTOUknmgO1+yYcERHpY/ThUEREpCO9P8pA0x/zo2g0SuXhSnzfp/JwBZ538qOqrO/hrf49sY2v02G8fmdPhgUTziNw5V8RuPYfMYPGn1nxCaZoNM75d+N+4kGCH/8BgdIx0Nr/Gf/qHdxKy+LvYKON3fKYHWrIKSFw+ZcJXvc1TDCExbYGxq1/bPI72IY6vNd/DHUHeqSeXuW42OJxma5CJGsoQBWRrBUKaZpnERGRdHp/lIHG9/tfgnrw4AGWLn0FgAMH9vPGm69x5MgRotHoCW9rq7bjvfMrrNeS3EJa22lKrmoxjiFw4Sdxz/s0JhDpxrMgsQhVKc6063E/9ysCc27ACeemHoHduxr//Sd7LukORHBm30bg0s/jBEKJpyOlAzVtclj/SCWxP369x0Ld3uQPnpDpEkSyhobwi0hWa4nG8P3+N2RLRESkJ4RCAXIipzAMWCQL+J7tdyFq/bF6jtUfoyXawrFjx9i3bx/vr3uPI7VHsL4lLy+fYLBjN7mNNuAv/j94H2wlNTA1rYsnxbe1XjIOgbm3EJj/VXB7tjvdhPJwJl6KU1iKrdqJbTwar8SLYWJNOJM+hAn10PzMjospnYit2o49vJt2YXJbhbSGqDUHcIqH4gyf0a2LXPU258BanA/WZroMkX7hREP4FaCKSFbzfZ8WLSQlIiICQG5OmGBQHagysHh+/wtQCwsKmThxEpMnlzF06DCOHj1CdXUVBw58wPYd28jLzWX06LPSbmVh9W+IrXgcaB8Rto8A492XjnEITLoA96P/ggnm0ivcIGbETMzwMuzhrdj6w/Gh87WHcMefjynpuSHnJpSHM/oc2PYKtrGOtvlfO7IGTONRnAkXYiJFPVZTT3MObcLd/VamyxDpFzQHqogMaHm5EdxTXLFUREQkG7mOQ25OONNliPS+/pWdtgqHwwwfPpyLLrqY+7/0Ze785KcYMWIk1lpmzTqnw/G27hAtKxZirU/ypE3bskmpR8a35eTjXvrnmHAPdX0ehzPmfIK3/AC3dGx8sSrfh9W/6fHHNYPOIrjgXyEUITnvadvOtmH9xhr8A+vxd/yJfvsXCCBcmOkKRLKGUgURyXr5+TmZLkFERCTj9H4oA5Xtj6tIpXEch5kzz+bee/6cT3/qbiKRtLlKfQ9v/WI4ejCxITEcvcvR5xZ32pUw8uyeK/oEzOCJBO74L9zRM8EYYttWYFsaevxx7ZAZBM6+DuO4yUrif6wl/h+AxcZi+JtegF6oqafYSEGmSxDJGgpQRSTrRcJBAq5e7kREZOAKBlwi4Z6d31Ckr+qP8enRo3VUVlbQ3NzcbnsoFGLs2LG4rttuu22sgm2vYaPJ4227b+lMMIx70ecxgcx2pZuSSQSu/wbOsAnYqAc1O3v+MUO5ODOuxxSUkL6AVDpv92r8Q5t6vKYe082LgokMZJoASUQGhKLCPKqP1PXY4p4iIiJ9lTFQWNhL8xuK9EX96Oe/5uZmfvf4Y2zZEg/tjDFMmTKVq+ZfzciRo7q8na3cibd7deJa22JIrdcNiVXu4/uCc6/FlE7qmZM4RWbE2QQuvhtv2f9iG6q7bprtRs64i3BGzMSvfQ0SXafGGExyeS0LYCHmYd9+GDv6XIzpfw0ZNsMBuUg26X+vACIipyEQcBlU2PvzO4mIiGTaoKJ8AmndaiLS93iexzPPPMXWrZspLCyisLAIx3HYsmUTj/zsJ6xc9XYXt7T46/6A9X3Sw9PWQemtXQQWk1uIc+U/9vDZnBpn1i0E730OZ/xlvfOAxsWd/pG2q8kLlvhzlbIhtmkZ1JX3Tl3dTXOginQbBagiMmCEQgEKC9SBIyIiA0dRQS6hoAadycDWX+ZAbWhooPzQQUKhEAsWfJzbb/skty64jXPnzAXg+ecXU19f3+F2tqkOf8MriUWQuj7XeJelgztjPgT7WGOBccDp5V/0lF2FyclL2WA7vWxjHnbXn3qtrO6kOVBFuo8CVBEZUHIiIUoGFWBMbwwOEhERyQzHMZQUFxCJhDJdikjG9ZP8lGAwiOu6tLS08Kc33yAYCjJ79hw+9rGPM2XKVJqamqisrOxwO7tnBX5TA22hX9vPuQbTuri8wYATwJl8Va+cT19nwkU4QybS9nyZtsvWtF11ILb+BazXkpE6z4RVB6pIt9Gvo0VkwAkGXQaXFHCk9hixmJfpckRERLpVIOBSXJSP4+iXhSL9SSQS4UMXX8ri555h+45tbP/vbRQUFJKXl0t1dTV5eXmMGDGy/Y18D3/tE4lh+hCPSZNznQKmbU5PYwymZBSmaFjvnlgf5k6+CG/ve/ErtvVLyvX4BVNfA/UVUDS6dws8U5oDVaTbKEAVkQHJdRwGFxfQ2NTCsYYmPM/PdEkiIiJnxHUd8nIj5KjrVKTfmjXrbHJz81i7djU7dm6ntvYI9fV1DBkyhCs/chWRSPtAzDbX4R3Y0XrdpHyNH9D6BQu4w6ZA8ZgePov+w4ydB+Z/E/Mb2C5mQDDYxhrskf0YBagiA5YCVBEZ0HIiIXIiIZqbozQ2tdASjfabYV4iIiLGQCgUJCccIhwOZrocETlDxhgmTZrEuHHjiMViNDU14nke+fkFhEIdfzlijh0Grzllywl+kM0rwYTyjn/MAGJzSzGOi/VSRqUZ2uZ9MAAWv+Eo1B6E1O5eERlQFKCKiADhcLD1g2c0GqMlGiMW8/E8D8/z8ZWqiohIhjnG4LoOrusQCLiEggGCWiBKJCsFAgECgQCRSOS4x9ma3eC1xOc3jW/p/DgS86FG+tjiURlmgnkYNxGgJp+6ztaSijVha8vB93t/sasz0XQ00xWIZA39xCUikiaoD6QiIiIiWcOYvrmQVCwWo6LyEPl5+RQWFp3enRzZh40202XnaWuuasAxmMLi03ucLGXdEDiJtbVN4ou1iS7U1AOJD+P3Y5h+FKCaZgWoIt3FyXQBIiIiIiIiIj2mj464Pnasnl/+8hc8/8JzNDc3s2TJizz//LOndB9+XQ14sbYNpvULqRsNYEwAwqVnWHWWMYbW58vGw9NOo2hrsY114PevBWhNU12mSxDJGmqxEhERERERkawVX5e+77WgWmtpaDjGzp072Lx5E9u2byPaEmXatF0djnVdl1GjRuM4KT1Q1sfGmjDGYm0yBGz90uG6tT7YaE+dTv/kRcH6kPgb0hqnpj2FBqCput8FqMSaT3yMiJwUBagiIiIiIiKSvfpoB2o4HGHSpMls3ryJxxc+1rr9Jw8/1OHYvLxcvvJ3DxAOp62qbv2UkLRj52l8RHo8DTTWh8bqbj2Hfi/WiPXjHbymw7h9EtvjbFNDImztRzwFqCLdRQGqiIiIiIiIZK0+mp8SiUS47tobKCwsYvv2bRw9Wou1ltzc3A7HdrYtPjEnbfN1GpuW/6VeN/GrdUe6+Sz6uZZj2FgnXaXpWaoBPL9vTqZ7HKapNtMliGQNBagiIiIiIiKStYzpvLMw04wxDBkylFtuXkBzczNPPf0Hmpub+PSnPney94BxXbCmNT9NDVHbDUnHxv80N3T7efRnpnx1ayhqjcUcbyoE62GxfTaQ74zmQBXpPgpQRURERERERDIoFApx/XU3tg63PxkWg3WCKd2S7TtOTYfQ2GIbqrEtxzChvG6pu7/z97yfuGQSQaptW4gr/ekzTl/M4Y+v+WimKxDJGs6JDxERERERERHpn0w/aBk0xpCfn09BQcEp3cbJK8Q6biddkZ3P5elXbofa/WdSalbxDm5p31PamqOm9u8m9rsOxulfEYppUoAq0l36179+ERERERERkVNgnH6QoJ6uotGYQJjkKvLHa5C0FmzNfjhysJeK6+NiTdia8kSnro0vIpXSgBq/0taVaiL58S7UfsRU7ch0CSJZo3/96xcRERERERE5BU4WB6imcAQ4wfhljrNgVnJqz2gL/oE1vVFan2c/eBfb0n5O2A4BtIXW4fyRYozbv2ZBdKp2ZroEkayhAFVERERERESyVn8Ywn+6zKBR4IQ620P7ODWZoFr8954G6/dCdX2bt+3NtqH6KX9JOnbxxreYSAEYt7fKO3O+h6nZnekqRLKGAlQRERERERHJalkbooYLcfLyUzZ0FpymLJAEeDWH8Nct7L0a+yKvBVu+te26BWtSnjmb9hfGcXDyisHpPwGqqTsIvpfpMkSyhgJUERERERERyWr9fR5Uay379++jurqq/XY3jJlyaeqWlD8pUk/fWmIv/Sc0Hemhavs+e+B9/KrU7kzbNlwf4nOfpq4tFQhCfmm/mgPVaPi+SLfqP//6RURERERERE6D049bUOvq6nh16RIeX/hb1qxd3W6fMQZ35kfbrySf0C5CTeuo9OuP4q36bQ9U2/dZ38M/sB7qDie3ACQWk0p0K6dk0BYwOYXx6RL60d8j57AWkBLpTv1rBmQRERERERGRU9SPGgfbqa6u4pGfPUxNTTUA5eXlWGsxqUFeyQQCkTBeczOJuK9tNfl2UrorAX/jCzgzr8UMGt/DZ9G32MZa/A3PYmPReCBqE0lpa3Bq2nefWgs5xVA0KhPlnjZTrQBVpDspQBUREREREZGs1tc7UK21VFUdZu17a9i3dy85ublMnDiJxYufJhqNUlxcwsQJk7j88g+3D08BE4zgnHsr3rLfJDYkQtREC2Wyv9Ikr1nAGLzyHZj3FxO47P5eOsu+wRxYg39ge/yKTenTta1fEh27KftyiyGvtJcq7B5OlQJUke6kAFVERERERESyWl+fA7WhoYE/PrWIXbt2YhOh3saN64nFYpRNmcr8q65m2NDh7Ny1g+aWZkaOaN8NacrmY95ZGO+qbA0C4yFga3CKSc1Vsb6Ht/xR3NEzMRM+3Etnmll+Sx2xl/4NvJa0PWmBaRp3ysWYYG6P1tbdzJEPMl2CSFbppwMZRERERERERE6OMX17+sqammp27txBIBDgxhtu5p4v3sfw4SMAGFxaymyJzYUAACAASURBVKaNG/jXH3yXX/ziEZYseZloNNru9k7pJNyxc9Lu1WIx7edHtYa2If4G23iM6G+/DLV7e/YE+wj7+o/wK/dgsYm/EMk/Scnr7cNUZ9LlffsvUBpTsRFTuz/TZYhkFXWgisiAc3jNkzz4u92UxyBnZBn33nMjMwszXZWIiIiI9CTHNXixrrsMM8k4BmMMZ8+azcyZM6mqqqJ08BD279/HsmV/aj2usLCo8xwvpxjOmgu73gXfpy0ATD/f1OvxO/KjLUSf+T8EbvoXTOGIbjyrvsUeeI/YhpcSV2idC7ZVa25q221wR06G4v41T6y7++1MlyCSdRSgisjAsv2PfPuJGJ/6xl9zfiHUrnmSb/7gj3zpe7dQlunaRERERKTHuI6Dh5fpMjpVkF/AoEHF7Ni5nZrfV1NZUUH9sXoAQqEQY84ay+TJUxg1ajSlpUMJBoPt78Bxcadcjr96Ef7RirR7T58PteMCU/7ud4m9+h8Ebvg2JpjT3aeXcba5Du+tR7C1lSkbU49ILiaVujF+2b3g0xg31AtVdh9n74pMlyCSdRSgisiAsmXlbibcch/nF8Zf/orm3MztK/+HZduhbFKGixMRERGRHuO4fXcIdk5OLlOmlPH228s5cqQGgNLSUmbPnss5Z59DQUEhgUAAx+l6Fj4zYgbO6Mn4Gw+1bQPa5kNtY+MD+BPZqsHGonjvP4/jN+B+7L/AZNdsf3bFw3ibXwXr0fl8pynXE88JWJyCQZiJ/Wx+WGtx96oDVaS7KUAVERERERGRrJecB9X2wVH8wWCQKZOnUFFRzsiRo5gx/WxGjx5NIND1R/bGxkZyclK6RU0A94qv4G1fhW1p6vQ2idg0MQ1A2pPhe0TffxX4W5yrHsAUDKVjr2r/Ylsa8dc9SeyNn2E9P7m184ONiS/glciVcRzcmTdicot7qdruYSo3QdPRTJchknWy69dKIiInUDZvHDv/uIi3qmNAjMMrF/H4nnFcfJLdp2t+/kO++Ur6sKj1/PjvHub5Q53eRERERET6iL7chTp5chmf/tTd3HD9TYwbN67L8LS+vp5ly95i8eJnqKho/wOoKZ1M4IJPYozptMey3UD+LpLk2KaleM/9M7Zq15mcTuZFm/DXLCT26o+wnkcyGe30rE3rbpLZspM/GGfSJeD0r74zzX8q0jP61yuBiMiZmnQL3/n0s/z7Dx7kFzEIDC3jS1+/UfOfioiIiAwAfXke1EAgcNyOU4Bt27bx8pIXKC8/iO/7DB8+nCFDhmKSK0sZB+e8O2HjS1D1QeJWJuVrUse5PluvRVuIbX4dv3wrgY99B2fMRWdyWhnjvfVjYst/i21p6LCvw1ywrU9BIkm1FjNsCoya0+N1djfNfyrSMxSgisiAUzT1Rr7zgxt76N6reee3T/LzVUeJ4TK47Fz++t7LGEGMvW8s5MHFBzkag8KyeXzl3ssYQQXP/+BX7Jw5j+jKlWwYew1/wYssKpjHlB2reaPCi4e8f3UjM3OgdvOz/PiJ7eyq8SCQy4ybb+bLF4+EQy/zzf9bzezrj7HkuRpigWIW3HMZtYuf5ZW98fv48t/eSFkQOLqZXz30Am9UeBAo5LK77+TTU/N66PkQERER6Tv6cgdqV2KxGIcPH+att95k9ZpVWGvJy8tj4sTJlJVNbQtPE0zhSAJzPk7stYewsRY6XToqrQ0zPktqymJT1serOQCP/w3uFV/CmXkzJlLYU6fYbazvQc1evFf/L7GNr3fssrWJ6QsstM2FmgyfaTvecXHnfbJfnHM7mv9UpMcoQBWRASN6dDuvP7WM13dUU16X7DxwKRxaQtlFF3P7RZMoCh73Lk5s81Ie3jKCB354DxNoYu+a7fHHXvck/768hK98907GBGPsXfxz/vuVqXznyvjN1m5u4Ct/dR9fKslj/c9fpHxzNbf/1Zf5dGE1z//w5yxadjEzryyhaOT53P31GxkRBKqX8u3vvcmai28n/rvxg5SX3M1DPyxi5xM/4vsPLWXB177Mw8P28bvvLuTJlZfyDxc38/xDL3D06rt5eE4RHH2PH//gWdZ8L3kfIiIiItnLmPj6SNY/8bF9waFD5axdu5r33n+PI0dqCIfDTJkylXPPncukiZOx1rJnz27Gjh3XdiPj4Mz6KM6WpXj73k/ZbhOLI7VuSHy3ad+Tw9gt/rFa7Ev/gbv/PZw5H8c567w+O6TdxpqwG57Fe+e3eAc2dz3Zre1wIUX8OQmccy3OhEt7oswepflPRXpO33zlExHpZodXPs73nzjKzBuu4J6Pj2ZMTiSxp4mGD/az7I2l/P333uVTf3U7Hyo5gwcaeRZTGt/hd0+8wU3zZlI2ZyZBYP3a/TRW7Oc7f7+h7diZFcBQAGZc9mHKSiKtuwbPOZ+ZhQAlDC+BfXsPACU01LzH4w9tYUtFMzEACilvnfpqBPPmFAGQUxyGoeOYPQzgLMpGwYbGZqjewMoKj32//in3/Dp5u0ImHAKGncF5i4iIiPQTAdch6vftBPXYsWOseHs57767kqNHa/ET9YZCYc6bO4/Jk6dQXV3FkldeZufOHdz2iTuYMGFi6+1N4UgC134d/2efTlk8KVXqSvTJpaU62we2pZnY+8/j7lyJnXUNzofuxeSWdvcpnz5rsYc2EHv1P/H3vo9tPpaWjbY/V4vtZDqDtjDZKRlB4Kq/h0Cox0vvboENz2a6BJGspQBVRLLfBy/w73+E279xD+d3GIUTIXfUJOZ/chLz1jzON//7BUb847VMOM7dNdQ1t99w6CDluMzMAQrP56vfLWPnjvd458Un+fGeEr70rVvjx82+gYc/PTXt3uILUgUjkXZbg5HOXp6ref2J96maeRv/74azCB59g3/55y3tb3ecutsUsuAb93DdmQTFIiIiIv2UG3CIRvtugOr7Pm+/s5ylS5dgrWXIkKHMPfc81m9Yx/79+9i8ZRN79+7mzT+9QUtLC+FwmNWr320XoGIMZtS5BK/9KtGXHsRGmxIZYsdu03hnattWk3olGSz6Pt7RCry3foV5/1kCl96LmXQ5TuFICIR78unoWrQRW3cIf90ivLd/h22sjy+UlSi/LSRNbjCtV227/W2HmXAO7ofuhb4UEJ8sa3E3P5fpKkSylpPpAkREetrOldsZfMuNnYSn7RXNuZHbSzbz+vauj5k5ewRHV77JW9Xx/k+itbzz3BbKx0xidiFwaDtrqsNMmHoZd9w7n4uD+1i5B8pmjoDNq3k9cbto9Tu8dZzH6ZxLbiD+PQgcXLmFU14btWQSU4qPsuzV7dQCUMuWles5eKr3IyIiItJPGQOO03fnQnUch8mTpjB5chlXXDGfu+78NJdeejnXXXsD1lrefns5r7y6BM/zGD9+AtdffyPXX9/5/P5m1q24s67BuOm/nG9db76zW6XtTltkqq6G6PP/Rux3f0Hs1R/ib3sFmmo6HNdjmuvwt72K9+oPif36i0Rf+yl+Qx3W2kQNyT+pTOvm+Kmln3v8eKfsw7jTrurpM+gRzoH3MDV7M12GSNZSB6qIZL2cgjBbf/c/3PO7kzm6kAUFXe8NzrmNbzY+yS9++CC/aAJwGVw2gwfuvYwiINq0j9d/9Sz/XeMBLsPPm89XJkGQm3mg+il+8oMH+XUMAsUjmH9H2SmeSRGX3zGPdx76Lfe86jL++hnMZvcp3sdZ3PEX8/n5z5/l7//OIxZwOWv2pdwzm5NtXxURERHp99yAwW/ppcDvNIwcOYpbF3yCvLw8fN9n3br3WfraK0C8QzU3N5er5l/LtOnTKcgv6LCQVJKJFOBech+2fCvegU0pe1J6MG3bYkpdZKZpdwpYH79yN37lHpz3n8UMGoWZdBHurBsxxRPBcc/k9DuyFlu1DbvpBbwtr2FryrFNR8H3Ey2npvW4zp+J5DGd9p6CAbewBPeK+yF3cPfW3kvcTc9kugSRrGas7WpmZREREREREZEsZKGxMZbpKk6orq6OPz61iM2bN2KtJS8vj5kzZ3HtNTcQDp/80Hn/0Dqiv7wXGmoTnZqpIaJNmSE0+TV1iD/t80eIt/G2v1HrMc6wiQTKLsGMPQ9TPAkbygM3HO+CdVwwboeA1foexvpgfWysBbwoNtoANXvwdy/HbnkNv3JXfD7X1MfutP70wttLP9YYB5M/iOBnH8WUTur0+evzrCXn/10Axw5nuhKRfmvtHa8fd786UEVERERERGRgSQzj9/2+3U+0b98eNm3aQF5eHpMmTeH8eRcwduw4HOfUZuNzhs0ieMeDxJ7+Fray4yRQppNL7Q9IhJGpYWlnsaW1+OXbaSnfAeZRnJx8KBoBBcNwCodAThEmnAfBIkziHKz1IXYMmuuh8Rj22CFsbTnekYPQcAR8m9I3atp1nCYvta8/ZQGsTs4q/QxN4WACV3+1/4angLP3HYWnIj1MAaqIiIiIiIgMOH19GD9AWdk05s+/hlGjRjF2zDgiaQuPngoz6jwCV/8dsee+h3+kPK2bNL0rNSUpbReWpt8pWL9tfab0eNJvrIfGrXBwK35ynwHjuO3DTetj/fZzl6ZW1DHWTbl1u8zUdnLMcbghApfcjVPWP+c9TdLwfZGepwBVREREREREBpyA6xDFz3QZx+W6Lh+54spuuS/jOJjJVxK8toWmJ/4BE20GY9syUpJZZNu1thjVYJIdqClzpmLBONB6D7YtJG2745T4M/l4ntd6m+T/gQ6doSmX2ypqP5eASS2+w1wDqfUn50Y1JPtZjRsgdM39OPM+18mj9yNejMCWlzJdhUjWO7W+fxEREREREZFsYMBx+3FwdppM2XWE7/oxzrCJJCOB+DD41Bi1bYh82nSj8S/GpI+dby/lhm0XOw64P+maUxe4Ou7NO5v3tH1XqjEGp3Awweu+gjPvi6dVT1/i7liq4fsivUAdqCIy4GktPRERyTZdrcgtIu0Fgw7NnpfpMnqdM+5iAh/9Ft7z38P7YFPKcPm2Ts22vk2bFq7atgZUaxPRZucLNp1sOJl8zbI2NbpNv892E7CmXU/tPk3utqmltt7EyS0kcNVXMFOvSZ17oN8KLH8o0yWIDAgKUEVkwEkPTBWgiohItlOgKtI5xzH9YjGpnuCMnou563/hV1/AO7g9vtGQmA81dQh8fNi7Sc0zkyP1jUlJKDsfhG9S51BN/txtEj2vFoxJ3qltdw/W2NaZANpnp8lwN1Fj6uub7Ri4tgWy4OYXE7jrfzDDzz7eU9NvOHvexvlgbabLEBkQFKCKyICRDErTv6fvFxER6a/aurhsu+vp+0WkTSDo0NI88LpQAUzuEAJfeAJn+cN47z6JX1tOazdnMthMTn1qTVsnqk1LNTvMddq2q1PJ1yhomzc1pePU0u7hwaaEqzY9GDVtr3kpNVibDIEtJhDCLbsM98q/xZSMP9HT0m8E1X0q0msUoIpI1ussOD1RmJp+WxERkb6mqzA0ud2YeKjQ2XEKUkXauO7A7UIF4uHiRV/EjDkX//X/JrZzVXJPWkdnZ3OLmvbdp510gKbf2rTbb1Nz087ra93dxeuWtZ3saetqdXILcC77MwIzPwr5Q7t+oH7GlK/H2fVmpssQGTAUoIpIVksPS9P/JLen30ZERKQ/SQ1LU8PR5PXU7ccLVkUGqoHchQpAIIwz9iKcT19A4N1HaXnlIfzG+nYzopoOc4wmvqcuLNW6I9lJ2hZutgtOjW0ftrbel2nNZG2is7X9AlI20YHa2XwCJCZRjU8r4DgGZ0QZgZu/jxk69bSfmr4quOLhtMBaRHqSAlQRyVqdBabWWsorqiivqOZwdS3VNUcJR0KUH6rKdLkiIiJnZPiwEpqbopQUFzK4uJARQ0sYOqSkQ4iaHqaKSLwL1aQ3XA5ExoG5nyM4ci7eyl9jd72Nd6QyZX/KuHqb9vrRmq8mV26yKdFn+07W1qlQoeOTbpMLV9F2UHLKANvZ/SU3JfpUHQcGjyUw4yrc8+6EvOzpOk0y1btwNz+f6TJEBhRj1WolIlkoPTT1fR+A5avW09wcJScnzNDSYkoHD2JwcVGGqxUREekeVTW1VFYdofLwERoam4iEg8ybPRXHcVqD09TL6R2rIgNZLOYTbfEzXUafYWNNsHcl3vpn8da9iB9taZsDNaVj1Kb2qbZub+sETbnHTh7lRJOlHk/HKQCcgsG4c27BmX4dZti0eCCchYIv/COB1Y9lugyRrLL2jtePu18BqohkneTLmu/7reFpXX0Dz770FjOnTWTuOdk3hEdERKQz7763mQ2bd3LdlReQn5fbGp6mfgd1oookNTXG1IWazmuBw1uJLn0Qf9sKrBcjtT3U2mSnadrCUm2HdNjU3vEmQe1kX+umtjs24TCBWdfiXno/Nn84xs3iwbb1FeQ89GGINmW6EpGsogBVRAac1K7TZHj62rI1zL9sHkWF+ZkuT0REpFcdqa1jyRsrufyic1pD1PQgVQGqSJy6ULtm/RgcXIe/dhHe3rVw9BC2uR6bfLpah9onL5vWnNMkh/W37uvsEVJfh2z7A03H40w4F1M4HGfcubjz7sSUlqXMw5q91H0q0jMUoIrIgJI+bN/3fX73hyXccv3lCk9FRGTAqjlSxzMvvsmtN17eGqCmBqkKUUXaNDd5+L4+JnfJ+tjaPdgP1uPvW43d8y5e5W6IRRPZZkrw2dmcpWmb2nLV1C7Wjs+/BYzrYopH4Y6bhznrXJwx50DROIzjdusp9lXOwXWEH10A/gBe8EykhyhAFZEBJT08Xb5qPfl5uRq2LyIiA97KtZs4dqyBebOn4rpupyGqiIDvW5qbFFCdkLVYrxla6qFqD/7O1/G3voZ/aDc2Gaba9DC0Yzia2pgavx6fS9XYRNdqIIA7bALO+Atg8odxSydjQ/mYUIS01tTs5nuEH12Ac3BdpisRyUonClCzeGIQERlo0heOOlRZTXNLlMsvVngqIiIyb/Y0Xnx1BRWHaxg+dDDQ9t6ZpBBVBBzHEAg4xGIayn9cxmACEQhEILcU96y5uJd9GRoq8cs3YQ9uwFZsxx4txzYeg1gzNhbD4uPgY30LjgMkfoHjBjHBMCaSh1M0HAZPxBlZhhkxC3KHtRuePxBfqQKrfqnwVCSDFKCKSNZJfhg8eKiKnEgk0+WIiIj0GTk5ESoqaxhaWtw6B6q1VsGpSJpgSAHqaTEO5A3DmTgMJn44vs1rxjY3YKJ12KZ6bMwDvxljfawTBBOAgIsJ50O4EBOMgBseEPOZnrSGaoJv/memqxAZ0BSgikhWstZSVVPLhLGjMl2KiIhInzG0tJidu/e3G7EhIp0LhVxaWjSU/4y5YUxuGCjGFLXvHlVEenJCr/wrNNdnugyRAc3JdAEiIt0p+WHQGENV9VFKBw/KdEkiIiJ9xpDBg6g6crTd+6WCVJHOuQGD4yjik8xydi/HXfdEpssQGfAUoIpIVkj/8Of7PuFwiMHFRRmsSkREpG8ZXFJEJBxqfc9Mfe9UkCrSUSg8MFZ3lz4q1kLoxX/KdBUiggJUEclCyQ9/5RVVGa5ERESk7ymvqAbQMH6Rk2AMBIL62CyZEVj+EKZqR6bLEBEUoIqIiIiIiIh0KRh0NJRfep2zeznBP/1XpssQkQQFqCKSVdRFIyIicnLSh++LSNfCYVcrHknvqT9M+Km/ButnuhIRSVCAKiIiIiIywCgwFTlFJhGiivQ06xN++q/h2OFMVyIiKRSgikhW0gdDERGRE9P7pcjJcxyj+VClxwX+9F84u5dnugwRSaNXfxHJOvowKCIicvL0vily8jQfqvQk58D7mvdUpI9SgCoiIiIiIiJykkIayi89oekooT/er3lPRfooBagiMuCtf/RrPLq+w1Ye/dqjdNgsIiIiIgOaMQpRpfuFnv0q5sj+TJchIl1QgCoiIiIiIiJyClxX86FK9wm8+SDu1pczXYaIHEcg0wWIiPR9jWxZ9CMeX98IQE7ZAu67fSYFQMXyn/LoywdoBIIjr+ILX7yIoRVL+bdHa7hw4g6eX5XDR79yG02PPErNhRM58KctVDc2kjP7Lu5fUEYOULf+cX66aAt1AJRw6X33c8XQeGfsu0Ouo/G9FVQ0NlJyxX0s4GkeXVFBXV0OF37hy9w0MQhd1ZGR50pERERkYAgGHaxv8TzNIyynz133B4JvPpjpMkTkBBSgioicyIGXWVRxBV/9p/PigeeBA/HtOx7nNwev4sv/NJYg0Ljqpzy6fCb3TQQqt3Dgpvv5lwUFQAVLqWRH3Wf56gMLgD08/f2FrKj4KlcMhYKyBdz/T0GCABXP8f2nV3HJF8+LP0RlMQ888AA5rOfRr/1/PHfbP/PAAzmwZxHffmYVV9x/EQVd1XFRQQaeLBEREZGBIxR2aW7y8H2FqHLq3K1LCC3+eqbLEJGToABVROREhpQxpmIRC5fCJWUzGDNyJEFgx6oNVG7YwvdTJ0qdeQAmAsXncEVZaoBZzIzzkj2hY5kwspJ3K4Ch0HhgBQsXLWVPXZAgddTkXEVN4siJ58wmB4ChjBkyBMbEr5FTTE5jE41ARVd1UNbtT4WIiIiItBeOKESVU+cceI/QH/8S/FimSxGRk6AAVUQGvGAA6PBzSwwIxLtCg2Xc9cCXqT6wlw0rHuE3O8bw2a/eBMDI6/6G+9M7PSsOQCAn7f4CpG+J28PLj65gyBcf4LMjg1CxlH97tN3NTkqndYiIiIhIrwhHXJoaY1hlqHISTM0ewgs/D7HmTJciIidJs16LyIA34ZwZ7Fj6HAeiyS1RDjy3lB0zzmECQGM1FU05lIwt49IFt3FebAs7K2Di7BlU/OlNKpI3q9vBnorOHuFEAhQUJOYyXbWKylO8dffVISIiIiKnKxxRf5KchIYawr/7HDTUnPhYEekz9AovIgNecOad3Ff3GI9//9uJhZygYOxV3HfnTIJAtGYLz//mZfbE15AiZ+bt3D8UGLqA+y58lEe+/W2iAMGRXHrnGMZ23mrahbFcdftYfvSf32YpOYycOZQhp3oCZV3UEe+fFREREZFeYEzbcH6RTjXXE174eUzNnkxXIiKnyFirQQYi0v9Za7HW4vs+nufh+z4//c2z/OUXP5Hp0kRERPqU//rp7/nMJ67GdV1c18VxnNbvxhiMMZkuUaRf832rEFU6OlZF5LG7MJVbM12JiHRi7R2vH3e/hvCLiIiIiIiIdBPHMURyAuh3EZJkavYQ+eXHFZ6K9GMKUEVERERERES6kTEoRBUATOXWeHiqYfsi/ZoCVBEREREREZEeEMkJ4DhKUQcqZ8/bRH71CThWlelSROQMKUAVERERERER6SHhiIvjKkQdaJwdrxF+/LPQVHfig0Wkz1OAKiJZR4tfiIiInDy9b4r0vHDYxQ3o39pA4b63kPDv74FYS6ZLEZFuEsh0ASIiPUEfBkVERE5M75civScUcok5PtEWP9OlSE/xYgRf+1cCb/8s05WISDdTgCoiIiIiMsAoOBXJjEDAwXEMLc0e1ma6GulO5ugBQk/ch1O+PtOliEgPUIAqIlkl+YHQWsuIYYMzXI2IiEjfM3xoCdbadiGqAlWR3uM4hkhOgJZmD89TipoN3C0vEXru69BYm+lSRKSHKEAVkaxkjKGxqZmqmloGFxdluhwREZE+oaq6lqbmFgWmIn1AKOwSi2lIf7+mIfsiA4YCVBHJOsYYjDEMLi6isuqIAlQREZGEiqoaSooKWt8rk39EJDM0pL//MjV7CP3hLzVkX2SAcDJdgIhId0j/ABgPUAupPHwkg1WJiIj0LZWHaygpLmi9nv7eqTBVpPclh/S7rv799RfulpeIPHKjwlORAUQBqohkleSHP2stw4eW0NDYmOmSRERE+oxjDY0MH1LS7v1SwalI3xAKu4TCLvrn2HeZmj2EFn6R0JP3QcuxTJcjIr1IAaqIZCVjDMOGlBAOBVm1dlOmyxEREcm4d1ZvICcconTwIA3fF+mjXDfejRoI6qN6nxJrIfDWj4g8fA3u9lczXY2IZIBelUUk6yQ/EDqOwwXnTmfDll3U1NZluiwREZGMqa45yubtezj37Cmt75GO4yhEFemjgkGHSE4AR8P6M87Z/iqRh68h+Pp/QKwl0+WISIYoQBWRrNHZghjG/P/t3XmUlPWh5vFvbQ0NNCgKERRIxEmb0IkQ0YNc0Rg1Xk2G3EsyIYvGcaIZJ/HEzHjN4iScGZOb3Ew0LgfjnSiXENFciDJKDAYxoJgACtoYu2VRUBZBmqWBBrqhlnf+qG5soNmU7l8t3885Hqh6q4un6xzrfeup3xLjqktHMff5xTRut0SVJJWfbdt3Mu+vL/Hpi0fuL0/bnycdjSoVplgMujmtP5i26frdpl9PrHFN6DiSAkuGDiBJnaH9h8GqXj24aNQ5/GH283yk+kOcN/wjoeNJktQlFtcuY/nrb3H5xefSo7L7ISNPLU2lwpdIxEhUJkmnc2TSudBxSl9mH8kXfk3qrxMdcSppv1gURVHoEJJ0IkVRRBRF5HK5/X/PZrPkcjkWL11Oy9599KispP+pJ9PvlJM4pW+f0JElSTohtm7bQcPWRjZv2c6e5mYqu1UwvOYsYrEYiUSCeDxOIpE4YLkbi1SpeEQRZNI5MhmL1BMus5fkK78nufB+Yjs3hk4jqYst/dJzRzxugSqp5LS9rbUVqLlc/gKzrURt2NJIw5btbG3cwbbGnVRUVLBp87aQkSVJet9O69+XvXvT9D25N6ecVEX/U086YMOotvIU2F+cxuP5Fb0sUKUiE0E644jUE6KlieTLU0ktngy7t4ROIymQoxWoTuGXVHJisRhRFO3/MBiPx4miaP+HxdP6n0L/U0/ePzr14O+R/F5JklRs2p/7Dl7f9OAp+x2tFy6pyMTyG02lUnEy6Rxpi9Tjt6eR1Eu/Jbn436DFvRIkHZkFqqSS1NGHwbYite14+/K0oyJVkqRicnAh2r5AbX/bjaOkcD+k6gAAGT1JREFU0pJMxUmm4mRaR6R6SXtkscY1JF9+iGTtv8O+PaHjSCoSFqiSSlb7D5DtR5u2jUZtX5g6ClWSVKwOLkHb33bkqVQ+ksk4yWScXC4im4lcJ7W95h0kl80iUf//iK9bEjqNpCJkgSqppB08nb+jkaft/zyYRaokqVAdrgA93EjUjo5JKj3xeIx4RYxURZxsNiKbyZHNluE1bWYviZXPkKh/nMTq+ZBNh04kqYhZoEoqeR19SGy770ijUCVJKiZHG4na0WMklbZEIrZ/87i2Uam5XAlf80YR8bUvkqx/gsSyJ2HvrtCJJJUIC1RJZeNwRWr7dVElSSoFRypTJZWnRDJGItlapmYjctmIbLbI10yNImKbV5JY+wLxtS+QWPci7N4aOpWkEmSBKqns+CFSklTqPNdJOpL8yNQYKeIQQTZXPIVqbMuq1sJ0EYk1Cy1MJXUJC1RJZc8PmZIkSSpbsY4L1SgXkYsiohzBpv3H4zFicYjHYsT2NZG491Owe3OQLJLKmwWqJEmSJEnKay1USRw4yCCK2F+q5nL5YhUgIoLowMcd8enbP20MYrSu0Rxv3QArFiMWj3HIGIc3XrA8lRSMBaokSZIkSTqiWAxiiRhxAs3eWvdymH9XkoB46ACSJEmSJElHZIEqKSALVEmSJEmSVLiiHKxfGjqFpDJmgSpJkiRJkgrX1jch3RI6haQyZoEqSZIkSZIKl9P3JQVmgSpJkiRJkgrXutrQCSSVOQtUSZIkSZJUuNY6AlVSWBaokiRJkiSpMKVbYNPy0CkklTkLVEmSJEmSVJjWL4UoFzqFpDJngSpJkiRJkgrTmwtDJ5AkC1RJkiRJklSgLFAlFYBk6ACS1Lm28eKjTzJj8Wa2ZiBZ1Y/Rn/ss14zoGzqYJEmSpCPJ7IN1biAlKTwLVEklrIGn7nyI5/pfxjf/1zAGV8Ket+uZOnkyt2+7hgmX9g8dUJIkSdLhrHs5X6JKUmAWqJJKVrr2GWZWfZI7rzmHHq339Tj9HL5xS4a7f/gQN8w6zA92P4Mbvjee83sfeqh28p38qq79PQlOG3kJN3/5HE49sfE7WR333bKQM797A1d+IHQWSZIkqQOvPxs6gSQBFqiSStiKuo3UnPcVdvz5AW6eBePaysLKc/nOnece9uf2vDqN7/98GqkfjmdE5aHHT7vqGn7cNno1vY7HfjmdX80fxISLXBZAkiRJOmFWWqBKKgwWqJLK1o7aafzo0Sxjr0gwczaM/weY9nj+9jFLDWL0yN78adUGuGA3z02dw2PLG2nOQLJ/Nd/69mepqYQ9a+bw68l/o74Jkt1PZvQ147nm7J5sqX2Me/79Ld7JQPLkAXzphq9wyty7+TV/z71fPhuAtY/fz4/XDOOOmy+iD5Be/AjfnH8Gd9xyEekOfv7iDwCvTuOGWT0ZP3Qjjy2Esd+9geGrHuGOJzayM5PgQ2POItUpr6okSZJ0ArTshE3LQqeQJMACVVIJq64ZwH2LX+K6b9zAA5e2O9D8Enf/8Fnquw9g3Kdg5uwsV34Kpj0OV34KZs6Gq7/X8ejTQ6TXsWDJTgZdMBBSPRh21ecZfV0fUmSoe2gi0xY0UHNpkuce/Rvpz9zIA+f1JL2zjtqGBLCcGVM38uFv38KPh0D67VeoA2pGn03q3leo/fLZjGAdC+r2QOMbLN55EZf13sGCBRsZdtE4+myaw4+mbmP4/7iZz5+ezBfC9z7Oaf/8D1QDNLxF3afGcefnBtKj4U98/7HdjG7/2OehpjNeeEmSJOn9enMRRFHoFJIEWKBKKmGpEZcxdu5D3P5Qkpu/dA4DUpDe9AqTH3iWnVddwwOt0/CvbC1XD/7zcN6Z1W791GSCQcMv45sX9QW2sXru40yra2RnS+vxTANQw5lDujFz7pM8xbkMqzmb889KAv2pHpph5uNPMuCKYQwfeg4jUgDDOO/k6Sx4FUb0rmdx5Se4eugrPLd0G5cNr+Ovawdw2Te7s2X+W7wzuJrLTs+/lfcZMYzqqc9Su4Z8gVp1FmPPG0gPYMvydWw95LELT8CrLEmSJHWCN71WlVQ4LFAllbD+XHnLdZzy6JPc88Nn2JqBZFU/Rn/uOiaMeO/rlR6wBmp7y+fxQF1P/vP3vsbf9U6y4nd3c0drkVr9hZu4d9MbvFj3ClN//gSZMdcw4dL+XPzNmxi+ZjmLaxdyz+Q/Mui66/nG2YO4+ILeTFj4ErVVy+lz3te4eOAOHnuijtW8wZs153N+CrYcLWhlgmMZRCtJkiQVnNUWqJIKhwWqpBLXl/O/8DXO/0IX/FPJBJVkSKWS0FzHM3VZOAughdXL13PK0LP4u0vPYkTv33LzguXsuBTeeTXDmR+r4bIhNZyZmcjdtevh7LMYcF41g2YtZHL33nz+M32h97mMbnqCu2dnGH1NfuL9qTUf5LRZK3jm7dGt0/LrWdH9DL41BHj1wGinnj2IUw5+LHBmF7wskiRJ0nFx/VNJXSwej5HLdbxsSDwes0CVpBPmrMv5xohHuO+HdzK56oOMHdGbpU0Ae9lRO5+7Jz+R31yqagDjrjufPunNLFj4JHf/Zg8ZINn/g3zjv52Vf67e53Np9WJ+wwWM7g0wiNHDE/x58RmMPrv13/vA5dx89WPcc+89/KltE6lvt65/erDT/56bP/8Id9x7D3/KJDjtgg8yqPNfEUmSJOn4vf6s659K6lIVqRQte/cd9lgsinxXkiRJkiRJBeKxW6D296FTSCojm2+u5+1NHS+Ud/oHTiXexXkkSZIkSZIOzw2kJHWxXj0rOeO0U6nsVkE8Ficei1PZrYIzTjuVXj0rncIvSZIkSZIKxPb1+f8kqYv17FFJzx4db8XsCFRJkiRJklQYHH0qqQBZoEqSJEmSpMLw+vzQCSTpEBaokiRJkiQpvCiClXNDp5CkQ1igSpIkSZKk8NYvhZam0Ckk6RAWqJIkSZIkKbxls0MnkKQOWaBKkiRJkqTwXrNAlVSYLFAllb0oikJHkCTpffN8JqmobV8PW1aFTiFJHUqGDiBJXW1fOkM6nSGTyZLOZInHYqQz2dCxJEl6X1LJBLkoIpVMkEwmqKhIkkp6uS+pSKx8NnQCSTosr6gklZWmXc3kcjni8TgVFSl69uhOMpkIHUuSpBOi7cvBTCZLc/M+9sbT9OpZGTqWJB2d659KKmAWqJLKQjabo3H7LiorK6jq1TN0HEmSOkWydfRpm917WtiybSd9T6oiHo8FTCZJR9DSBKsXhE4hSYdlgSqp5GWzOXY07eGkk3qSTDjaVJJUPnr26E73bhVs37mLPlU9SSTcAkFSAXpzIWTToVNI0mF5BSWp5DVu30XvqkrLU0lSWUok4vTu1YPGHbtCR5Gkjr3u+qeSCpsFqqSS1rSrmcrKCstTSVJZSyYTVHavoGlXc+goknSgKILlc0KnkKQjskCVVLLS6Sy5KEfPHt1DR5EkKbiePboTRRHpdDZ0FEl61/qlsHNT6BSSdEQWqJJKVjqTIR7zbU6SpDaxWIx0JhM6hiS9y+n7koqAzYKkkpVOZ0mlnLovSVKbVDLhCFRJhcUCVVIRsECVVLIymQzJZDJ0DEmSCkYylSTjCFRJhWLnpvwUfkkqcBaokkpWPB4nmfBtTpKkNslEnHjcc6OkArF8Tn4TKUkqcF49SSpZ+9KOsJEk6WCeHyUVjGWzQyeQpGNigSpJkiRJkrrW3l2wekHoFJJ0TCxQJUmSJElS13rtKcimQ6eQpGNigSpJkiRJkrrW32aGTiBJx8wCVZIkSZIkdR2n70sqMhaokiRJkiSp66yc6/R9SUXFAlWSJEmSJHWd154OnUCSjosFqiRJkiRJ6hp7d+VHoEpSEUmGDiBJodVN+S6PrOpF93bviFU147lxXDWV4WIdv7op/GLzldx6Sf/QSSRJkqSOrZybL1ElqYhYoEoSUP3FCVxb03armaVTfsbDS3/E9cNTIWNJkiRJpcXp+5KKkAWqJB2ikoGDq2hsbAQqqZv2IDNWNOUP9R3DjTddQn+gecUMJk6roxmgsppxN46npqqZFTMmMq2uOf9M1eO4cXw1qx78MSvG3M74aoA0Sx/8n8wZ+k/7R4s2zPsFDydv5L+P6c6G56cwZd4G0kBq4CVce+0YBqbyI2Vf6vePpJf8gdXV1/LTsd2ZOWkSS7YlqawcyCeHpSiuIbOSJEkqK9m00/clFSULVEk6WHobK+qbGHx5vtysHncTE1L5kagNs37GzCUXcv3IzcyZ0cAlt05gZCXQtIENABvmMKPhEm6dMJL83RuAFMNHDWX6ojrGV9dAup4lm08m01hPwyX96c8GFi2qZNRNVbBiGv+6Yji3TrieKqBh3l3864yBTBg/FID61Rm+/4Of0jcFK6ZNoGHUrdw+sgrYxvMT/wWGXdn1r5ckSZJ0LFbOc/q+pKJkgSpJwIrpt3P7jLZbVQy5/Ea+Ug3QzIZF05kxbw1NqRQ0NVJ5eSPQj+rBDcyYPg8urGbY4IEMTAHdqxncMIP83cMYPHAgKYCaUZwzfRF11FBdv4SWC7/OlSsmsWjDJYxlCfX9LuSfqmDV0noGDx9HVWuS/iNH0feuetaQL1CHXTiGvimAVSytH8zwcW2P7MvwcwezqKWLXjBJkiTpeL08PXQCSXpPLFAliYPXQG1nzRymLOrH9T+4loGp/FT7KQCkqP7qD/jOtg2srV/EpIdXMfjaWxk7pJqv/uA7bNuwlvpFk3h41WCuvXUsQ6hm5LCH+UtdMy1LmjhnfH+GVfXjqSUbGEk9/UZeyTGttuq7tiRJkorR7q1O35dUtOKhA0hSwUtWUZUCaGDJks2tdzazraGFyr5DqB4zji+OzLBidQM0b6OhpZK+Q6oZM+6LjMysYHVD/ieGjhrJhmcnsahlFMOrIDV8FAPrZzCjfiCjWjerGjp8GGuXvkLriqs0rahnW/UwhhwSaijDh61l0aJtrbe3sfSltZ34IkiSJEnvQ/1TkM2ETiFJ74ljmSTpSIZczvghE7nr9nlQOZCa/v3y96cbWfHUw8xZk98sisoaxt/Un3TjQp56eA7v3j2em/q3PddIhjX9hYbL/2vrFP0aRp05nYe5nP2DX6vHcWPDFCbePmv/JlLXXzu0w2jVY7/OhikTmTCP1k2khnXGKyBJkiS9f6/ODJ1Akt6zWBRFUegQktQZNm3ezgf6nRQ6hiRJBcXzo6Qu17gOfnkhWD9IKlDNt60+4nGn8EuSJEmSpM5T+6jlqaSiZoEqSZIkSZI6RxTlC1RJKmIWqJIkSZIkqXOsX5qfwi9JRcwCVZIkSZIkdQ43j5JUAixQJUmSJEnSiZfNwCuPh04hSe+bBaokSZIkSTrxVs6F3VtDp5Ck980CVVJJiqKIVDIROoYkSQUnlUwQuRu2pK7w8vTQCSTphLBAlVSSYrEYuSgik8mGjiJJUsHIZLLkoohYLBY6iqRSt29PfgSqJJUAC1RJJSuVTJC2QJUkab90JusMDUldY8nv8mugSlIJsECVVLKSyYQjUCVJaieTyZJMJkPHkFTqoihfoEpSibBAlVSyKlJJsrlc6BiSJBWMXC5HKuUIVEmd7K0XoGFl6BSSdMJYoEoqWalUkkQ8zu49LaGjSJIU3K7dLSQScSpSjkCV1Mle/n3oBJJ0QlmgSippVb0qaW7Z51R+SVJZy2SytOzdR6+elaGjSCp1exqh7snQKSTphLJAlVTyTu7Ti5279liiSpLKUiabo2l3Myef1Ct0FEnlYOkMSDeHTiFJJ5QFqqSSl0jE6VPVk+07dzudX5JUVnbvaWH7jl30qepJIu6lv6Qu4PR9SSXIBZAklYVEIs6pfXvTtKuZ7Tt3k4jHSSYTpJIJkkk305AklYZMJks6kyWTyZLL5UgkEpzat3foWJLKxbpaeOe10Ckk6YSzQJVUVqp6VbJvX4Z0Jsu+fWl272khHouRdnq/JKnIpZIJclHU+uVgksruFX5JKKlrvTg1dAJJ6hQWqJLKTkVFkoqKJNANgCiKiMViYUNJkvQ+eT6TFJSbR0kqYS6EJKns+WFTklQKPJ9JCsrNoySVMAtUSZIkSZL0/rh5lKQSZoEqSZIkSZLeOzePklTiLFAlSZIkSdJ7t2BS6ASS1KksUCVJkiRJ0nuzYyPUzwqdQpI6lQWqJEmSJEl6b16YArlM6BSS1KksUCVJkiRJ0vFLN8PiR0KnkKROZ4EqSZIkSZKOX+1j0Lw9dApJ6nQWqJIkSZIk6fi9ODV0AknqEhaokiRJkiTp+KyrhXdeC51CkrqEBaokSZIkSTo+CyaFTiBJXcYCVZIkSZIkHbsdG6F+VugUktRlLFAlSZIkSdKxe2EK5DKhU0hSl7FAlSRJkiRJxybdDIsfCZ1CkrqUBaokSZIkSTo2tY9B8/bQKSSpS1mgSpIkSZKko4siWPBg6BSS1OUsUCVJkiRJ0tG9MR+2rA6dQpK6nAWqJEmSJEk6uvn3hU4gSUFYoEqSJEmSpCNbVwtvLgqdQpKCsECVJEmSJElHtmBS6ASSFIwFqiRJkiRJOrwtq6F+VugUkhSMBaokSZIkSTq8BQ9CLhM6hSQFY4EqSZIkSZI61rwDah8NnUKSgrJAlSRJkiRJHVv4b5BuCZ1CkoKyQJUkSZIkSYdKt+QLVEkqcxaokiRJkiTpULWP5qfwS1KZs0CVJEmSJEkHymXym0dJkixQJUmSJEnSQepnwZbVoVNIUkGwQJUkSZIkSe+KIph/f+gUklQwLFAlSZIkSdK7ls+BjfWhU0hSwbBAlSRJkiRJeVEEc+8KnUKSCkoydABJKmjramH1X2DrGtj5DuzYADs2wr7doZNJkkpdRU/oMwD6DITep8EpQ2DoGDhjeOhkkkqZo08l6RCxKIqi0CEkqaDUPQnL5sDrz8KextBpJEk6UK9+8OFL4MOfhJrPhk4jqZREEfzqKgtUSWWn+bYjb5pngSpJAFEO6v4Iz9wBW98MnUaSpGNzyofg8lth2GcgFgudRlKxW/Y0PHx96BSS1OUsUCXpaJY9DXN+AQ0rQieRJOm9Of3j8Onv5af4S9J74ehTSWXsaAWqm0hJKl+5LMy8Lf8tu+WpJKmYvf03mPxVePJH+fObJB0v1z6VpMOyQJVUnvY2wZRr4MWpoZNIknTiLJoCv70WWnaGTiKpmEQRzL0rdApJKlgWqJLKT+M6uH8srPpL6CSSJJ14b8yH//uPsG1N6CSSioWjTyXpiCxQJZWXvU3wm6/CllWhk0iS1Hk2vw6/udqRqJKOztGnknRUFqiSykeUg0duhK1vhU4iSVLn27YGpt2UP/9J0uG8Md/Rp5J0FBaoksrH0z+HVc+HTiFJUtd5/dn8+U+SDmfe3aETSFLBs0CVVB7WvQzP3x86hSRJXe/5+2HNi6FTSCpEr86EtS+FTiFJBc8CVVJ5mPW/QyeQJCmcOb8InUBSocll4el/CZ1CkoqCBaqk0vfabFhXGzqFJEnhvPVCfjq/JLVZ8jtoXB86hSQVBQtUSaUtl4U5/yd0CkmSwvvTP+fPi5KU2Qt//mXoFJJUNCxQJZW2JY/A5tdDp5AkKbxNK2DpY6FTSCoECybB7i2hU0hS0bBAlVTa3lwUOoEkSYXD86KkvbvguYmhU0hSUbFAlVS6oghWzgudQpKkwvHG8/nzo6Ty9dzEfIkqSTpmFqiSStf6Wi8OpRPl66/CT+Z2znNfMA1+sha+/l865/klvatpU/78KKk8Na7PT9+XJB2XZOgAktRpXpsdOoGkY7HsLtg1FXZZ6khd4rXZMOgToVNICmHuXfkNpCRJx8UCVVLp2lgfOoGkY7F9EWwPHUIqI54fpfK0aQW8MiN0CkkqShaokkrXrs2hE0jlY8wDcNEVUAnQApufhik3vVuMXjUNzrsAUkB6HSxbDx//KPzxY7DwTvjJf4KXB8MM4Oa1wGzIjIIBffI/v3Eq3HdbiN9MKj0tO0MnkBTCM7+AXDZ0CkkqSq6BKql0NVmgSl1ixG/hiitg10yY9i2Y/RycNBauvfPd46MvgF2z88fnvgYfueDIz9nvYmj5Q/7xr62DAVfDVZ3/q0hlwS8YpfKz9iVY9nToFJJUtByBKql0OcJG6hqfGAG80W7E6R9g0F/ho6PgpHbHJ91w0PHeh3/O5lqY1Dri9NVPwk8GwYCvAg937u8ilQO/YJTKz1O3h04gSUXNEaiSSleyW+gEUvlo3nzgOqYte4He8JHDHH9z/ZGfb1dHx/1/WjohPD9K5eXVmbDOjRol6f2wQJVUuqr6hU4glY/KfvnRpm26dwN2wrLDHP/QGV2XTdKBPD9K5SOzD2b/LHQKSSp6TuGXVLp69YMtq0OnkEpIN/jYfzzwrpZV8HItfOiTMP6nsGBhfv3T/zAINv8+P+q07fjXH4CnZ757nB0hfglJvSxQpbKx4EHY/nboFJJU9CxQJZWuqv6hE0glZhCMv+/Auzb/Hu75GvR6AC66GsZfDbTA5pkw5Zb8Y2q/BgOmwXlXwPgrIL0Oli2Ej3+0y38DSXh+lMrF7q3w3MTQKSSpJMSiKIpCh5CkTjH/Pnj656FTSOrIVU/B6H4wbSS8GjqMVGY+/T246FuhU0jqbDNvgxenhk4hSUWh+bYjz179/559M433pjTqAAAAAElFTkSuQmCC" height="600" width="800" />  </system-out>
</testsuite> <!-- testcases.LoginTest -->
